(2023-10-19T19:15:30.140890352) (2023-10-19T19:15:30.140911298) [Msg] Gazebo Sim Server v7.6.0
(2023-10-19T19:15:30.145566975) (2023-10-19T19:15:30.145587655) [Msg] Loading default world.
(2023-10-19T19:15:30.210459534) (2023-10-19T19:15:30.210471043) [Msg] Serving entity system service on [/entity/system/add]
(2023-10-19T19:15:30.210724196) (2023-10-19T19:15:30.210731042) [Msg] Loaded level [3]
(2023-10-19T19:15:30.210770640) (2023-10-19T19:15:30.210775532) [Msg] No systems loaded from SDF, loading defaults
(2023-10-19T19:15:30.210933893) (2023-10-19T19:15:30.210939849) [Dbg] [ServerConfig.cc:1062] Loaded (3) plugins from file [/home/bassam/.gz/sim/7/server.config]
(2023-10-19T19:15:30.329342646) (2023-10-19T19:15:30.329356463) [Dbg] [Physics.cc:880] Loaded [gz::physics::dartsim::Plugin] from library [/usr/lib/x86_64-linux-gnu/gz-physics-6/engine-plugins/libgz-physics-dartsim-plugin.so]
(2023-10-19T19:15:30.329416764) (2023-10-19T19:15:30.329424597) [Dbg] [SystemManager.cc:74] Loaded system [gz::sim::systems::Physics] for entity [1]
(2023-10-19T19:15:30.341893165) (2023-10-19T19:15:30.341907656) [Msg] Create service on [/world/default/create]
(2023-10-19T19:15:30.342306620) (2023-10-19T19:15:30.342316791) [Msg] Remove service on [/world/default/remove]
(2023-10-19T19:15:30.342662719) (2023-10-19T19:15:30.342672134) [Msg] Pose service on [/world/default/set_pose]
(2023-10-19T19:15:30.342951843) (2023-10-19T19:15:30.342961438) [Msg] Pose service on [/world/default/set_pose_vector]
(2023-10-19T19:15:30.343420102) (2023-10-19T19:15:30.343430042) [Msg] Light configuration service on [/world/default/light_config]
(2023-10-19T19:15:30.344033035) (2023-10-19T19:15:30.344043980) [Msg] Physics service on [/world/default/set_physics]
(2023-10-19T19:15:30.344498327) (2023-10-19T19:15:30.344508797) [Msg] SphericalCoordinates service on [/world/default/set_spherical_coordinates]
(2023-10-19T19:15:30.344745007) (2023-10-19T19:15:30.344754238) [Msg] Enable collision service on [/world/default/enable_collision]
(2023-10-19T19:15:30.344963943) (2023-10-19T19:15:30.344972775) [Msg] Disable collision service on [/world/default/disable_collision]
(2023-10-19T19:15:30.345475745) (2023-10-19T19:15:30.345485179) [Msg] Material service on [/world/default/visual_config]
(2023-10-19T19:15:30.345809089) (2023-10-19T19:15:30.345818579) [Msg] Material service on [/world/default/wheel_slip]
(2023-10-19T19:15:30.345859126) (2023-10-19T19:15:30.345866820) [Dbg] [SystemManager.cc:74] Loaded system [gz::sim::systems::UserCommands] for entity [1]
(2023-10-19T19:15:30.349552681) (2023-10-19T19:15:30.349567654) [Dbg] [SystemManager.cc:74] Loaded system [gz::sim::systems::SceneBroadcaster] for entity [1]
(2023-10-19T19:15:30.350922304) (2023-10-19T19:15:30.350935568) [Msg] Serving world controls on [/world/default/control], [/world/default/control/state] and [/world/default/playback/control]
(2023-10-19T19:15:30.351351735) (2023-10-19T19:15:30.351361744) [Msg] Serving GUI information on [/world/default/gui/info]
(2023-10-19T19:15:30.351388173) (2023-10-19T19:15:30.351395034) [Msg] World [default] initialized with [default_physics] physics profile.
(2023-10-19T19:15:30.351887110) (2023-10-19T19:15:30.351896876) [Msg] Serving world SDF generation service on [/world/default/generate_world_sdf]
(2023-10-19T19:15:30.352278625) (2023-10-19T19:15:30.352287703) [Msg] Serving world names on [/gazebo/worlds]
(2023-10-19T19:15:30.352514406) (2023-10-19T19:15:30.352524019) [Msg] Resource path add service on [/gazebo/resource_paths/add].
(2023-10-19T19:15:30.352760794) (2023-10-19T19:15:30.352770128) [Msg] Resource path get service on [/gazebo/resource_paths/get].
(2023-10-19T19:15:30.353004121) (2023-10-19T19:15:30.353012641) [Msg] Resource path resolve service on [/gazebo/resource_paths/resolve].
(2023-10-19T19:15:30.353225177) (2023-10-19T19:15:30.353233933) [Msg] Resource paths published on [/gazebo/resource_paths].
(2023-10-19T19:15:30.353586000) (2023-10-19T19:15:30.353595444) [Msg] Server control service on [/server_control].
(2023-10-19T19:15:31.849239979) (2023-10-19T19:15:31.849259558) [Msg] Found no publishers on /stats, adding root stats topic
(2023-10-19T19:15:31.849504426) (2023-10-19T19:15:31.849511676) [Msg] Found no publishers on /clock, adding root clock topic
(2023-10-19T19:15:31.849664992) (2023-10-19T19:15:31.849671322) [Dbg] [SimulationRunner.cc:503] Creating PostUpdate worker threads: 2
(2023-10-19T19:15:31.849694548) (2023-10-19T19:15:31.849699041) [Dbg] [SimulationRunner.cc:514] Creating postupdate worker thread (0)
(2023-10-19T19:15:31.850851785) (2023-10-19T19:15:31.850862680) [Msg] Serving scene information on [/world/default/scene/info]
(2023-10-19T19:15:31.850930291) (2023-10-19T19:15:31.850936048) [Msg] Serving graph information on [/world/default/scene/graph]
(2023-10-19T19:15:31.851088197) (2023-10-19T19:15:31.851105657) [Msg] Serving full state on [/world/default/state]
(2023-10-19T19:15:31.851203950) (2023-10-19T19:15:31.851212489) [Msg] Serving full state (async) on [/world/default/state_async]
(2023-10-19T19:15:31.851294021) (2023-10-19T19:15:31.851303495) [Msg] Publishing scene information on [/world/default/scene/info]
(2023-10-19T19:15:31.851415025) (2023-10-19T19:15:31.851423547) [Msg] Publishing entity deletions on [/world/default/scene/deletion]
(2023-10-19T19:15:31.851485827) (2023-10-19T19:15:31.851495901) [Msg] Publishing state changes on [/world/default/state]
(2023-10-19T19:15:31.851603091) (2023-10-19T19:15:31.851613192) [Msg] Publishing pose messages on [/world/default/pose/info]
(2023-10-19T19:15:31.851681549) (2023-10-19T19:15:31.851688478) [Msg] Publishing dynamic pose messages on [/world/default/dynamic_pose/info]
(2023-10-19T19:15:31.851824522) (2023-10-19T19:15:31.851830373) [Dbg] [EntityComponentManager.cc:1655] Updated state thread iterators: 3 threads processing around 1 entities each.
(2023-10-19T19:15:31.852185777) (2023-10-19T19:15:31.852196410) [Wrn] [Component.hh:144] Trying to serialize component with data type [N3sdf3v135WorldE], which doesn't have `operator<<`. Component will not be serialized.
(2023-10-19T19:15:53.624020342) (2023-10-19T19:15:53.624035891) [Dbg] [SignalHandler.cc:142] Received signal[2].
(2023-10-19T19:15:53.624060013) (2023-10-19T19:15:53.624064702) [Dbg] [ServerPrivate.cc:115] Server received signal[2]
(2023-10-19T19:15:53.624964031) (2023-10-19T19:15:53.624970649) [Dbg] [gz.cc:417] Shutting down gz-sim-server
(2023-10-19T19:15:53.627976064) (2023-10-19T19:15:53.627985151) [Dbg] [SimulationRunner.cc:530] Exiting postupdate worker thread (0)
