(2023-11-06T22:08:56.213201725) (2023-11-06T22:08:56.213220822) [Msg] Gazebo Sim Server v7.6.0
(2023-11-06T22:08:56.218384008) (2023-11-06T22:08:56.218399280) [Msg] Loading SDF world file[/home/bassam/PX4-Autopilot/Tools/simulation/gz/worlds/default.sdf].
(2023-11-06T22:08:56.427246693) (2023-11-06T22:08:56.427263800) [Msg] Serving entity system service on [/entity/system/add]
(2023-11-06T22:08:56.641483069) (2023-11-06T22:08:56.641508208) [Dbg] [Physics.cc:880] Loaded [gz::physics::dartsim::Plugin] from library [/usr/lib/x86_64-linux-gnu/gz-physics-6/engine-plugins/libgz-physics-dartsim-plugin.so]
(2023-11-06T22:08:56.641637100) (2023-11-06T22:08:56.641652776) [Dbg] [SystemManager.cc:74] Loaded system [gz::sim::systems::Physics] for entity [1]
(2023-11-06T22:08:56.649350248) (2023-11-06T22:08:56.649375033) [Msg] Create service on [/world/default/create]
(2023-11-06T22:08:56.750016710) (2023-11-06T22:08:56.750051894) [Msg] Remove service on [/world/default/remove]
(2023-11-06T22:08:56.750313902) (2023-11-06T22:08:56.750332038) [Msg] Pose service on [/world/default/set_pose]
(2023-11-06T22:08:56.750546368) (2023-11-06T22:08:56.750563135) [Msg] Pose service on [/world/default/set_pose_vector]
(2023-11-06T22:08:56.750954459) (2023-11-06T22:08:56.750974047) [Msg] Light configuration service on [/world/default/light_config]
(2023-11-06T22:08:56.751551565) (2023-11-06T22:08:56.751572985) [Msg] Physics service on [/world/default/set_physics]
(2023-11-06T22:08:56.751855376) (2023-11-06T22:08:56.751875156) [Msg] SphericalCoordinates service on [/world/default/set_spherical_coordinates]
(2023-11-06T22:08:56.752030213) (2023-11-06T22:08:56.752048202) [Msg] Enable collision service on [/world/default/enable_collision]
(2023-11-06T22:08:56.752171122) (2023-11-06T22:08:56.752188390) [Msg] Disable collision service on [/world/default/disable_collision]
(2023-11-06T22:08:56.752462497) (2023-11-06T22:08:56.752481017) [Msg] Material service on [/world/default/visual_config]
(2023-11-06T22:08:56.752679401) (2023-11-06T22:08:56.752697529) [Msg] Material service on [/world/default/wheel_slip]
(2023-11-06T22:08:56.752758716) (2023-11-06T22:08:56.752770383) [Dbg] [SystemManager.cc:74] Loaded system [gz::sim::systems::UserCommands] for entity [1]
(2023-11-06T22:08:56.754741210) (2023-11-06T22:08:56.754755654) [Dbg] [SystemManager.cc:74] Loaded system [gz::sim::systems::SceneBroadcaster] for entity [1]
(2023-11-06T22:08:56.756030427) (2023-11-06T22:08:56.756044695) [Dbg] [SystemManager.cc:74] Loaded system [gz::sim::systems::Contact] for entity [1]
(2023-11-06T22:08:56.757989418) (2023-11-06T22:08:56.758003842) [Dbg] [SystemManager.cc:74] Loaded system [gz::sim::systems::Imu] for entity [1]
(2023-11-06T22:08:56.759608589) (2023-11-06T22:08:56.759623093) [Dbg] [SystemManager.cc:74] Loaded system [gz::sim::systems::AirPressure] for entity [1]
(2023-11-06T22:08:56.761077061) (2023-11-06T22:08:56.761091653) [Msg] Listening to instantaneous wrench commands in [/world/default/wrench]
(2023-11-06T22:08:56.761198855) (2023-11-06T22:08:56.761215977) [Msg] Listening to persistent wrench commands in [/world/default/wrench/persistent]
(2023-11-06T22:08:56.761330369) (2023-11-06T22:08:56.761344346) [Msg] Listening to wrench clear commands in [/world/default/wrench/clear]
(2023-11-06T22:08:56.761380119) (2023-11-06T22:08:56.761388556) [Dbg] [SystemManager.cc:74] Loaded system [gz::sim::systems::ApplyLinkWrench] for entity [1]
(2023-11-06T22:08:56.773471159) (2023-11-06T22:08:56.773498123) [Dbg] [Sensors.cc:506] Configuring Sensors system
(2023-11-06T22:08:56.773688741) (2023-11-06T22:08:56.773706841) [Dbg] [Sensors.cc:425] SensorsPrivate::Run
(2023-11-06T22:08:56.773850348) (2023-11-06T22:08:56.773868569) [Dbg] [SystemManager.cc:74] Loaded system [gz::sim::systems::Sensors] for entity [1]
(2023-11-06T22:08:56.773968132) (2023-11-06T22:08:56.773994277) [Dbg] [Sensors.cc:402] SensorsPrivate::RenderThread started
(2023-11-06T22:08:56.774038905) (2023-11-06T22:08:56.774052633) [Dbg] [Sensors.cc:245] Waiting for init
(2023-11-06T22:08:56.780042995) (2023-11-06T22:08:56.780065797) [Wrn] [SystemLoader.cc:79] Trying to load deprecated plugin [ignition-gazebo-ackermann-steering-system]. Using [gz-sim-ackermann-steering-system] instead.
(2023-11-06T22:08:56.782626240) (2023-11-06T22:08:56.782646835) [Msg] AckermannSteering subscribing to twist messages on [/cmd_vel]
(2023-11-06T22:08:56.783687259) (2023-11-06T22:08:56.783707663) [Dbg] [SystemManager.cc:74] Loaded system [ignition::gazebo::systems::AckermannSteering] for entity [11]
(2023-11-06T22:08:56.783972995) (2023-11-06T22:08:56.783989713) [Msg] Loaded level [3]
(2023-11-06T22:08:56.787706534) (2023-11-06T22:08:56.787726398) [Msg] Serving world controls on [/world/default/control], [/world/default/control/state] and [/world/default/playback/control]
(2023-11-06T22:08:56.788217814) (2023-11-06T22:08:56.788236188) [Msg] Serving GUI information on [/world/default/gui/info]
(2023-11-06T22:08:56.788291905) (2023-11-06T22:08:56.788306059) [Msg] World [default] initialized with [default_physics] physics profile.
(2023-11-06T22:08:56.788654507) (2023-11-06T22:08:56.788671804) [Msg] Serving world SDF generation service on [/world/default/generate_world_sdf]
(2023-11-06T22:08:56.788943917) (2023-11-06T22:08:56.788961592) [Msg] Serving world names on [/gazebo/worlds]
(2023-11-06T22:08:56.789161723) (2023-11-06T22:08:56.789178899) [Msg] Resource path add service on [/gazebo/resource_paths/add].
(2023-11-06T22:08:56.789374096) (2023-11-06T22:08:56.789390664) [Msg] Resource path get service on [/gazebo/resource_paths/get].
(2023-11-06T22:08:56.789603291) (2023-11-06T22:08:56.789620381) [Msg] Resource path resolve service on [/gazebo/resource_paths/resolve].
(2023-11-06T22:08:56.789817786) (2023-11-06T22:08:56.789834650) [Msg] Resource paths published on [/gazebo/resource_paths].
(2023-11-06T22:08:56.790179891) (2023-11-06T22:08:56.790197957) [Msg] Server control service on [/server_control].
(2023-11-06T22:08:58.216603925) (2023-11-06T22:08:58.216625293) [Msg] Found no publishers on /stats, adding root stats topic
(2023-11-06T22:08:58.216975532) (2023-11-06T22:08:58.216995654) [Msg] Found no publishers on /clock, adding root clock topic
(2023-11-06T22:08:58.217415001) (2023-11-06T22:08:58.217433705) [Dbg] [SimulationRunner.cc:503] Creating PostUpdate worker threads: 7
(2023-11-06T22:08:58.217487560) (2023-11-06T22:08:58.217500954) [Dbg] [SimulationRunner.cc:514] Creating postupdate worker thread (0)
(2023-11-06T22:08:58.217705159) (2023-11-06T22:08:58.217722668) [Dbg] [SimulationRunner.cc:514] Creating postupdate worker thread (1)
(2023-11-06T22:08:58.217842793) (2023-11-06T22:08:58.217858902) [Dbg] [SimulationRunner.cc:514] Creating postupdate worker thread (2)
(2023-11-06T22:08:58.218002877) (2023-11-06T22:08:58.218020978) [Dbg] [SimulationRunner.cc:514] Creating postupdate worker thread (3)
(2023-11-06T22:08:58.218137802) (2023-11-06T22:08:58.218155430) [Dbg] [SimulationRunner.cc:514] Creating postupdate worker thread (4)
(2023-11-06T22:08:58.218267715) (2023-11-06T22:08:58.218314018) [Dbg] [SimulationRunner.cc:514] Creating postupdate worker thread (5)
(2023-11-06T22:08:58.580017832) (2023-11-06T22:08:58.580037398) [Wrn] [MulticopterMotorModel.cc:257] No robotNamespace set using entity name.
(2023-11-06T22:08:58.580082312) (2023-11-06T22:08:58.580091299) [Wrn] [MulticopterMotorModel.cc:295] <motorNumber> is depricated, please use <actuator_number>.
(2023-11-06T22:08:58.580158410) (2023-11-06T22:08:58.580167943) [Dbg] [MulticopterMotorModel.cc:386] Listening to topic: x500_depth_0/command/motor_speed
(2023-11-06T22:08:58.580604082) (2023-11-06T22:08:58.580623222) [Dbg] [SystemManager.cc:74] Loaded system [gz::sim::systems::MulticopterMotorModel] for entity [59]
(2023-11-06T22:08:58.581142615) (2023-11-06T22:08:58.581156055) [Wrn] [MulticopterMotorModel.cc:257] No robotNamespace set using entity name.
(2023-11-06T22:08:58.581181988) (2023-11-06T22:08:58.581190502) [Wrn] [MulticopterMotorModel.cc:295] <motorNumber> is depricated, please use <actuator_number>.
(2023-11-06T22:08:58.581248424) (2023-11-06T22:08:58.581257603) [Dbg] [MulticopterMotorModel.cc:386] Listening to topic: x500_depth_0/command/motor_speed
(2023-11-06T22:08:58.581520724) (2023-11-06T22:08:58.581549856) [Dbg] [SystemManager.cc:74] Loaded system [gz::sim::systems::MulticopterMotorModel] for entity [59]
(2023-11-06T22:08:58.581957905) (2023-11-06T22:08:58.581971281) [Wrn] [MulticopterMotorModel.cc:257] No robotNamespace set using entity name.
(2023-11-06T22:08:58.581996287) (2023-11-06T22:08:58.582005051) [Wrn] [MulticopterMotorModel.cc:295] <motorNumber> is depricated, please use <actuator_number>.
(2023-11-06T22:08:58.582070378) (2023-11-06T22:08:58.582081008) [Dbg] [MulticopterMotorModel.cc:386] Listening to topic: x500_depth_0/command/motor_speed
(2023-11-06T22:08:58.582390824) (2023-11-06T22:08:58.582403955) [Dbg] [SystemManager.cc:74] Loaded system [gz::sim::systems::MulticopterMotorModel] for entity [59]
(2023-11-06T22:08:58.582788968) (2023-11-06T22:08:58.582804205) [Wrn] [MulticopterMotorModel.cc:257] No robotNamespace set using entity name.
(2023-11-06T22:08:58.582829784) (2023-11-06T22:08:58.582838618) [Wrn] [MulticopterMotorModel.cc:295] <motorNumber> is depricated, please use <actuator_number>.
(2023-11-06T22:08:58.582898758) (2023-11-06T22:08:58.582911292) [Dbg] [MulticopterMotorModel.cc:386] Listening to topic: x500_depth_0/command/motor_speed
(2023-11-06T22:08:58.583286434) (2023-11-06T22:08:58.583299083) [Dbg] [SystemManager.cc:74] Loaded system [gz::sim::systems::MulticopterMotorModel] for entity [59]
(2023-11-06T22:08:58.583720781) (2023-11-06T22:08:58.583731685) [Dbg] [UserCommands.cc:1263] Created entity [59] named [x500_depth_0]
(2023-11-06T22:08:58.602741730) (2023-11-06T22:08:58.602762876) [Dbg] [SimulationFeatures.cc:72] Simulation timestep set to: 0.004
(2023-11-06T22:08:58.604604692) (2023-11-06T22:08:58.604637473) [Dbg] [Sensors.cc:659] Initialization needed
(2023-11-06T22:08:58.604718480) (2023-11-06T22:08:58.604734280) [Dbg] [Sensors.cc:257] Initializing render context
(2023-11-06T22:08:58.604889812) (2023-11-06T22:08:58.604901776) [Msg] Loading plugin [gz-rendering-ogre2]
(2023-11-06T22:08:58.605477518) (2023-11-06T22:08:58.605499269) [Dbg] [ImuSensor.cc:149] IMU data for [x500_depth_0::base_link::imu_sensor] advertised on [world/default/model/x500_depth_0/link/base_link/sensor/imu_sensor/imu]
(2023-11-06T22:08:58.605631764) (2023-11-06T22:08:58.605654881) [Dbg] [AirPressureSensor.cc:126] Air pressure for [x500_depth_0::base_link::air_pressure_sensor] advertised on [world/default/model/x500_depth_0/link/base_link/sensor/air_pressure_sensor/air_pressure]
(2023-11-06T22:08:58.606897329) (2023-11-06T22:08:58.606920922) [Msg] Serving scene information on [/world/default/scene/info]
(2023-11-06T22:08:58.607089295) (2023-11-06T22:08:58.607110331) [Msg] Serving graph information on [/world/default/scene/graph]
(2023-11-06T22:08:58.607413815) (2023-11-06T22:08:58.607432268) [Msg] Serving full state on [/world/default/state]
(2023-11-06T22:08:58.607572394) (2023-11-06T22:08:58.607589593) [Msg] Serving full state (async) on [/world/default/state_async]
(2023-11-06T22:08:58.607751925) (2023-11-06T22:08:58.607769967) [Msg] Publishing scene information on [/world/default/scene/info]
(2023-11-06T22:08:58.607980341) (2023-11-06T22:08:58.607994958) [Msg] Publishing entity deletions on [/world/default/scene/deletion]
(2023-11-06T22:08:58.608124923) (2023-11-06T22:08:58.608140738) [Msg] Publishing state changes on [/world/default/state]
(2023-11-06T22:08:58.608295221) (2023-11-06T22:08:58.608313205) [Msg] Publishing pose messages on [/world/default/pose/info]
(2023-11-06T22:08:58.608497243) (2023-11-06T22:08:58.608515006) [Msg] Publishing dynamic pose messages on [/world/default/dynamic_pose/info]
(2023-11-06T22:08:58.609447048) (2023-11-06T22:08:58.609462435) [Dbg] [EntityComponentManager.cc:1655] Updated state thread iterators: 8 threads processing around 13 entities each.
(2023-11-06T22:08:58.625908460) (2023-11-06T22:08:58.625935724) [Wrn] [Model.hh:69] Skipping serialization / deserialization for models with //pose/@relative_to attribute.
(2023-11-06T22:08:58.626324602) (2023-11-06T22:08:58.626349056) [Wrn] [Component.hh:144] Trying to serialize component with data type [N3sdf3v135WorldE], which doesn't have `operator<<`. Component will not be serialized.
((((2023-11-06T22:08:58.630301095) ((2023-11-06T22:08:58.6303381362023-11-06T22:08:58.630365806) (2023-11-06T22:08:58.630398161) [Dbg] [SimulationRunner.cc:530] Exiting postupdate worker thread (2)
(2023-11-06T22:08:58.630543260) (2023-11-06T22:08:58.630573496) [Dbg] [SimulationRunner.cc:530] Exiting postupdate worker thread (5)
) 2023-11-06T22:08:58.630305635[Dbg] [SimulationRunner.cc:530] 2023-11-06T22:08:58.630261092) (2023-11-06T22:08:58.632146174) Exiting postupdate worker thread (1)
) () [Dbg] [SimulationRunner.cc:530] ([Dbg] [SimulationRunner.cc:530] (2023-11-06T22:08:58.632285715) Exiting postupdate worker thread (4)2023-11-06T22:08:58.632315091
) [Dbg] [SimulationRunner.cc:530] Exiting postupdate worker thread (0)[Dbg] [SimulationRunner.cc:530] Exiting postupdate worker thread (3)

(2023-11-06T22:08:58.632741758) (2023-11-06T22:08:58.632763116) [Dbg] [SimulationRunner.cc:503] Creating PostUpdate worker threads: 7
(2023-11-06T22:08:58.632820931) (2023-11-06T22:08:58.632835865) [Dbg] [SimulationRunner.cc:514] Creating postupdate worker thread (0)
(2023-11-06T22:08:58.632926025) (2023-11-06T22:08:58.632942199) [Dbg] [SimulationRunner.cc:514] Creating postupdate worker thread (1)
(2023-11-06T22:08:58.633032648) (2023-11-06T22:08:58.633049756) [Dbg] [SimulationRunner.cc:514] Creating postupdate worker thread (2)
(2023-11-06T22:08:58.633126054) (2023-11-06T22:08:58.633142298) [Dbg] [SimulationRunner.cc:514] Creating postupdate worker thread (3)
(2023-11-06T22:08:58.633217609) (2023-11-06T22:08:58.633234264) [Dbg] [SimulationRunner.cc:514] Creating postupdate worker thread (4)
(2023-11-06T22:08:58.633360332) (2023-11-06T22:08:58.633377976) [Dbg] [SimulationRunner.cc:514] Creating postupdate worker thread (5)
(2023-11-06T22:08:59.94824383) (2023-11-06T22:08:59.94837076) [Dbg] [RenderUtil.cc:2720] Create scene [scene]
((2023-11-06T22:08:59.167918990) (2023-11-06T22:08:59.1678931702023-11-06T22:08:59.1679511972023-11-06T22:08:59.1678931702023-11-06T22:08:59.167951197) [Dbg] [Sensors.cc:659] ) (2023-11-06T22:08:59.168009891) Initialization needed
Rendering Thread initialized
(2023-11-06T22:08:59.175822277) (2023-11-06T22:08:59.175844960) [Wrn] [FuelClient.cc:1952] The fuel.ignitionrobotics.org URL is deprecrated. Pleasse change https://fuel.ignitionrobotics.org/1.0/openrobotics/models/prius hybrid/2/files/meshes/Hybrid.obj to https://fuel.gazebosim.org/1.0/openrobotics/models/prius hybrid/2/files/meshes/Hybrid.obj
(2023-11-06T22:08:59.176035261) (2023-11-06T22:08:59.176052692) [Wrn] [FuelClient.cc:1952] The fuel.ignitionrobotics.org URL is deprecrated. Pleasse change https://fuel.ignitionrobotics.org/1.0/openrobotics/models/prius hybrid/2/files/meshes/Hybrid.obj to https://fuel.gazebosim.org/1.0/openrobotics/models/prius hybrid/2/files/meshes/Hybrid.obj
(2023-11-06T22:08:59.181211707) (2023-11-06T22:08:59.181228459) [Wrn] [OBJLoader.cc:91] Both `d` and `Tr` parameters defined for "Hybrid". Use the value of `d` for dissolve (line 8 in .mtl.)
Both `d` and `Tr` parameters defined for "Wheels3". Use the value of `d` for dissolve (line 22 in .mtl.)
Both `d` and `Tr` parameters defined for "Hybrid_Interior". Use the value of `d` for dissolve (line 36 in .mtl.)
Both `d` and `Tr` parameters defined for "Windows". Use the value of `d` for dissolve (line 50 in .mtl.)

(2023-11-06T22:08:59.311103135) (2023-11-06T22:08:59.311117015) [Err] [SceneManager.cc:887] PBR material: currently only metal workflow is supported. Gazebo will try to render the material using metal workflow but without Roughness / Metalness settings.
(2023-11-06T22:09:02.158739814) (2023-11-06T22:09:02.158763819) [Dbg] [CameraSensor.cc:458] Camera images for [prius_hybrid::chassis::back_camera_sensor] advertised on [back_camera]
(2023-11-06T22:09:02.159002707) (2023-11-06T22:09:02.159021572) [Dbg] [CameraSensor.cc:786] Camera info for [prius_hybrid::chassis::back_camera_sensor] advertised on [/camera_info]
(2023-11-06T22:09:02.159218449) (2023-11-06T22:09:02.159230147) [Wrn] [Ogre2Camera.cc:412] Ogre2Camera::SetVisibilityMask: Mask bits c0000000 are set but will be ignored as they conflict with the reserved bits used internally by the ogre2 backend.
(2023-11-06T22:09:02.159751899) (2023-11-06T22:09:02.159769469) [Dbg] [CameraSensor.cc:458] Camera images for [prius_hybrid::chassis::front_camera_sensor] advertised on [front_camera]
(2023-11-06T22:09:02.159890382) (2023-11-06T22:09:02.159907951) [Dbg] [CameraSensor.cc:786] Camera info for [prius_hybrid::chassis::front_camera_sensor] advertised on [/camera_info]
(2023-11-06T22:09:02.159984481) (2023-11-06T22:09:02.159994736) [Wrn] [Ogre2Camera.cc:412] Ogre2Camera::SetVisibilityMask: Mask bits c0000000 are set but will be ignored as they conflict with the reserved bits used internally by the ogre2 backend.
(2023-11-06T22:09:02.160363208) (2023-11-06T22:09:02.160381127) [Dbg] [CameraSensor.cc:458] Camera images for [prius_hybrid::chassis::left_camera_sensor] advertised on [left_camera]
(2023-11-06T22:09:02.160500681) (2023-11-06T22:09:02.160518631) [Dbg] [CameraSensor.cc:786] Camera info for [prius_hybrid::chassis::left_camera_sensor] advertised on [/camera_info]
(2023-11-06T22:09:02.160595042) (2023-11-06T22:09:02.160604891) [Wrn] [Ogre2Camera.cc:412] Ogre2Camera::SetVisibilityMask: Mask bits c0000000 are set but will be ignored as they conflict with the reserved bits used internally by the ogre2 backend.
(2023-11-06T22:09:02.160944776) (2023-11-06T22:09:02.160961249) [Dbg] [CameraSensor.cc:458] Camera images for [prius_hybrid::chassis::right_camera_sensor] advertised on [right_camera]
(2023-11-06T22:09:02.161077824) (2023-11-06T22:09:02.161095976) [Dbg] [CameraSensor.cc:786] Camera info for [prius_hybrid::chassis::right_camera_sensor] advertised on [/camera_info]
(2023-11-06T22:09:02.161171072) (2023-11-06T22:09:02.161181020) [Wrn] [Ogre2Camera.cc:412] Ogre2Camera::SetVisibilityMask: Mask bits c0000000 are set but will be ignored as they conflict with the reserved bits used internally by the ogre2 backend.
(2023-11-06T22:09:02.161521751) (2023-11-06T22:09:02.161553193) [Dbg] [CameraSensor.cc:458] Camera images for [x500_depth_0::OakD-Lite/base_link::IMX214] advertised on [camera]
(2023-11-06T22:09:02.161677588) (2023-11-06T22:09:02.161694618) [Dbg] [CameraSensor.cc:786] Camera info for [x500_depth_0::OakD-Lite/base_link::IMX214] advertised on [/camera_info]
(2023-11-06T22:09:02.161780215) (2023-11-06T22:09:02.161790715) [Wrn] [Ogre2Camera.cc:412] Ogre2Camera::SetVisibilityMask: Mask bits c0000000 are set but will be ignored as they conflict with the reserved bits used internally by the ogre2 backend.
(2023-11-06T22:09:02.162167454) (2023-11-06T22:09:02.162180359) [Dbg] [DepthCameraSensor.cc:282] Depth images for [x500_depth_0::OakD-Lite/base_link::StereoOV7251] advertised on [depth_camera]
(2023-11-06T22:09:02.162312660) (2023-11-06T22:09:02.162330422) [Dbg] [CameraSensor.cc:786] Camera info for [x500_depth_0::OakD-Lite/base_link::StereoOV7251] advertised on [/camera_info]
(2023-11-06T22:09:02.162554440) (2023-11-06T22:09:02.162572813) [Dbg] [DepthCameraSensor.cc:299] Points for [x500_depth_0::OakD-Lite/base_link::StereoOV7251] advertised on [depth_camera/points]
(2023-11-06T22:09:24.929418909) (2023-11-06T22:09:24.929545567) [Dbg] [SignalHandler.cc:142] Received signal[2].
(2023-11-06T22:09:24.929589904) (2023-11-06T22:09:24.929602319) [Dbg] [ServerPrivate.cc:115] Server received signal[2]
(2023-11-06T22:09:24.929638132) (2023-11-06T22:09:24.929650502) [Dbg] [Sensors.cc:433] SensorsPrivate::Stop
(2023-11-06T22:09:25.207178134) (2023-11-06T22:09:25.207198043) [Dbg] [Sensors.cc:419] SensorsPrivate::RenderThread stopped
(2023-11-06T22:09:25.215313443) (2023-11-06T22:09:25.215338436) [Dbg] [gz.cc:417] Shutting down gz-sim-server
(((2023-11-06T22:09:25.220678012) (2023-11-06T22:09:25.220705655) [Dbg] [SimulationRunner.cc:530] Exiting postupdate worker thread (3)
(2023-11-06T22:09:25.220688050) (2023-11-06T22:09:25.220812004) 2023-11-06T22:09:25.2207761422023-11-06T22:09:25.220776142[Dbg] [SimulationRunner.cc:530] Exiting postupdate worker thread ((2023-11-06T22:09:25.220912424) (2023-11-06T22:09:25.220938755) 2023-11-06T22:09:25.220872334) () (2023-11-06T22:09:25.220992918) 2023-11-06T22:09:25.220917561) (2023-11-06T22:09:25.220975986) 12023-11-06T22:09:25.221031565)) 
[Dbg] [SimulationRunner.cc:530] Exiting postupdate worker thread ([Dbg] [SimulationRunner.cc:530] 5))[Dbg] [SimulationRunner.cc:530] Exiting postupdate worker thread ([Dbg] [SimulationRunner.cc:530] 0Exiting postupdate worker thread (4)
[Dbg] [SimulationRunner.cc:530] 0)[Dbg] [SimulationRunner.cc:530] 0Exiting postupdate worker thread (2)
(2023-11-06T22:09:25.269203244) (2023-11-06T22:09:25.269229494) [Dbg] [Sensors.cc:433] SensorsPrivate::Stop
