(2023-10-28T14:24:58.451126327) (2023-10-28T14:24:58.451145218) [Msg] Gazebo Sim Server v7.6.0
(2023-10-28T14:24:58.457069685) (2023-10-28T14:24:58.457086136) [Msg] Loading SDF world file[/home/bassam/PX4-Autopilot/Tools/simulation/gz/worlds/default.sdf].
(2023-10-28T14:24:58.634420426) (2023-10-28T14:24:58.634444909) [Msg] Serving entity system service on [/entity/system/add]
(2023-10-28T14:24:58.878855141) (2023-10-28T14:24:58.878883794) [Dbg] [Physics.cc:880] Loaded [gz::physics::dartsim::Plugin] from library [/usr/lib/x86_64-linux-gnu/gz-physics-6/engine-plugins/libgz-physics-dartsim-plugin.so]
(2023-10-28T14:24:58.879013550) (2023-10-28T14:24:58.879030191) [Dbg] [SystemManager.cc:74] Loaded system [gz::sim::systems::Physics] for entity [1]
(2023-10-28T14:24:58.983404604) (2023-10-28T14:24:58.983431671) [Msg] Create service on [/world/default/create]
(2023-10-28T14:24:58.983740869) (2023-10-28T14:24:58.983760013) [Msg] Remove service on [/world/default/remove]
(2023-10-28T14:24:58.984004012) (2023-10-28T14:24:58.984021716) [Msg] Pose service on [/world/default/set_pose]
(2023-10-28T14:24:58.984256518) (2023-10-28T14:24:58.984275488) [Msg] Pose service on [/world/default/set_pose_vector]
(2023-10-28T14:24:58.984644983) (2023-10-28T14:24:58.984664208) [Msg] Light configuration service on [/world/default/light_config]
(2023-10-28T14:24:58.985066903) (2023-10-28T14:24:58.985085412) [Msg] Physics service on [/world/default/set_physics]
(2023-10-28T14:24:58.985345600) (2023-10-28T14:24:58.985365070) [Msg] SphericalCoordinates service on [/world/default/set_spherical_coordinates]
(2023-10-28T14:24:58.985487473) (2023-10-28T14:24:58.985504182) [Msg] Enable collision service on [/world/default/enable_collision]
(2023-10-28T14:24:58.985626931) (2023-10-28T14:24:58.985644873) [Msg] Disable collision service on [/world/default/disable_collision]
(2023-10-28T14:24:58.985906298) (2023-10-28T14:24:58.985923911) [Msg] Material service on [/world/default/visual_config]
(2023-10-28T14:24:58.986116540) (2023-10-28T14:24:58.986147762) [Msg] Material service on [/world/default/wheel_slip]
(2023-10-28T14:24:58.986203354) (2023-10-28T14:24:58.986211766) [Dbg] [SystemManager.cc:74] Loaded system [gz::sim::systems::UserCommands] for entity [1]
(2023-10-28T14:24:58.988194714) (2023-10-28T14:24:58.988208771) [Dbg] [SystemManager.cc:74] Loaded system [gz::sim::systems::SceneBroadcaster] for entity [1]
(2023-10-28T14:24:58.989555389) (2023-10-28T14:24:58.989569071) [Dbg] [SystemManager.cc:74] Loaded system [gz::sim::systems::Contact] for entity [1]
(2023-10-28T14:24:58.991533568) (2023-10-28T14:24:58.991548062) [Dbg] [SystemManager.cc:74] Loaded system [gz::sim::systems::Imu] for entity [1]
(2023-10-28T14:24:58.993252328) (2023-10-28T14:24:58.993266582) [Dbg] [SystemManager.cc:74] Loaded system [gz::sim::systems::AirPressure] for entity [1]
(2023-10-28T14:24:58.994787810) (2023-10-28T14:24:58.994802781) [Msg] Listening to instantaneous wrench commands in [/world/default/wrench]
(2023-10-28T14:24:58.994896967) (2023-10-28T14:24:58.994908233) [Msg] Listening to persistent wrench commands in [/world/default/wrench/persistent]
(2023-10-28T14:24:58.994992587) (2023-10-28T14:24:58.995002622) [Msg] Listening to wrench clear commands in [/world/default/wrench/clear]
(2023-10-28T14:24:58.995036909) (2023-10-28T14:24:58.995045155) [Dbg] [SystemManager.cc:74] Loaded system [gz::sim::systems::ApplyLinkWrench] for entity [1]
(2023-10-28T14:24:59.4419724) (2023-10-28T14:24:59.4442332) [Dbg] [Sensors.cc:506] Configuring Sensors system
(2023-10-28T14:24:59.4573139) (2023-10-28T14:24:59.4583780) [Dbg] [Sensors.cc:425] SensorsPrivate::Run
(2023-10-28T14:24:59.4680722) (2023-10-28T14:24:59.4691675) [Dbg] [SystemManager.cc:74] Loaded system [gz::sim::systems::Sensors] for entity [1]
(2023-10-28T14:24:59.4778760) (2023-10-28T14:24:59.4798537) [Dbg] [Sensors.cc:402] SensorsPrivate::RenderThread started
(2023-10-28T14:24:59.4825551) (2023-10-28T14:24:59.4833837) [Dbg] [Sensors.cc:245] Waiting for init
(2023-10-28T14:24:59.9312746) (2023-10-28T14:24:59.9340322) [Wrn] [SystemLoader.cc:79] Trying to load deprecated plugin [ignition-gazebo-ackermann-steering-system]. Using [gz-sim-ackermann-steering-system] instead.
(2023-10-28T14:24:59.12035743) (2023-10-28T14:24:59.12054591) [Msg] AckermannSteering subscribing to twist messages on [/cmd_vel]
(2023-10-28T14:24:59.12402201) (2023-10-28T14:24:59.12415203) [Dbg] [SystemManager.cc:74] Loaded system [ignition::gazebo::systems::AckermannSteering] for entity [8]
(2023-10-28T14:24:59.12631620) (2023-10-28T14:24:59.12643289) [Msg] Loaded level [3]
(2023-10-28T14:24:59.15084949) (2023-10-28T14:24:59.15104420) [Msg] Serving world controls on [/world/default/control], [/world/default/control/state] and [/world/default/playback/control]
(2023-10-28T14:24:59.15511199) (2023-10-28T14:24:59.15529271) [Msg] Serving GUI information on [/world/default/gui/info]
(2023-10-28T14:24:59.15575628) (2023-10-28T14:24:59.15588301) [Msg] World [default] initialized with [default_physics] physics profile.
(2023-10-28T14:24:59.15890843) (2023-10-28T14:24:59.15909221) [Msg] Serving world SDF generation service on [/world/default/generate_world_sdf]
(2023-10-28T14:24:59.16124755) (2023-10-28T14:24:59.16145823) [Msg] Serving world names on [/gazebo/worlds]
(2023-10-28T14:24:59.16277701) (2023-10-28T14:24:59.16293566) [Msg] Resource path add service on [/gazebo/resource_paths/add].
(2023-10-28T14:24:59.16425288) (2023-10-28T14:24:59.16439871) [Msg] Resource path get service on [/gazebo/resource_paths/get].
(2023-10-28T14:24:59.16568304) (2023-10-28T14:24:59.16582772) [Msg] Resource path resolve service on [/gazebo/resource_paths/resolve].
(2023-10-28T14:24:59.16719442) (2023-10-28T14:24:59.16735121) [Msg] Resource paths published on [/gazebo/resource_paths].
(2023-10-28T14:24:59.16946209) (2023-10-28T14:24:59.16961887) [Msg] Server control service on [/server_control].
(2023-10-28T14:25:00.454550492) (2023-10-28T14:25:00.454577425) [Msg] Found no publishers on /stats, adding root stats topic
(2023-10-28T14:25:00.454921689) (2023-10-28T14:25:00.454963370) [Msg] Found no publishers on /clock, adding root clock topic
(2023-10-28T14:25:00.455371846) (2023-10-28T14:25:00.455389655) [Dbg] [SimulationRunner.cc:503] Creating PostUpdate worker threads: 7
(2023-10-28T14:25:00.455441432) (2023-10-28T14:25:00.455456616) [Dbg] [SimulationRunner.cc:514] Creating postupdate worker thread (0)
(2023-10-28T14:25:00.455649860) (2023-10-28T14:25:00.455666851) [Dbg] [SimulationRunner.cc:514] Creating postupdate worker thread (1)
(2023-10-28T14:25:00.455785360) (2023-10-28T14:25:00.455800897) [Dbg] [SimulationRunner.cc:514] Creating postupdate worker thread (2)
(2023-10-28T14:25:00.455948154) (2023-10-28T14:25:00.455967577) [Dbg] [SimulationRunner.cc:514] Creating postupdate worker thread (3)
(2023-10-28T14:25:00.456114243) (2023-10-28T14:25:00.456135360) [Dbg] [SimulationRunner.cc:514] Creating postupdate worker thread (4)
(2023-10-28T14:25:00.456246432) (2023-10-28T14:25:00.456263861) [Dbg] [SimulationRunner.cc:514] Creating postupdate worker thread (5)
(2023-10-28T14:25:00.803339279) (2023-10-28T14:25:00.803359513) [Wrn] [MulticopterMotorModel.cc:257] No robotNamespace set using entity name.
(2023-10-28T14:25:00.803404805) (2023-10-28T14:25:00.803414270) [Wrn] [MulticopterMotorModel.cc:295] <motorNumber> is depricated, please use <actuator_number>.
(2023-10-28T14:25:00.803481700) (2023-10-28T14:25:00.803491164) [Dbg] [MulticopterMotorModel.cc:386] Listening to topic: x500_depth_0/command/motor_speed
(2023-10-28T14:25:00.803939086) (2023-10-28T14:25:00.803959194) [Dbg] [SystemManager.cc:74] Loaded system [gz::sim::systems::MulticopterMotorModel] for entity [56]
(2023-10-28T14:25:00.804363355) (2023-10-28T14:25:00.804375495) [Wrn] [MulticopterMotorModel.cc:257] No robotNamespace set using entity name.
(2023-10-28T14:25:00.804400720) (2023-10-28T14:25:00.804409145) [Wrn] [MulticopterMotorModel.cc:295] <motorNumber> is depricated, please use <actuator_number>.
(2023-10-28T14:25:00.804466827) (2023-10-28T14:25:00.804475809) [Dbg] [MulticopterMotorModel.cc:386] Listening to topic: x500_depth_0/command/motor_speed
(2023-10-28T14:25:00.804741909) (2023-10-28T14:25:00.804760799) [Dbg] [SystemManager.cc:74] Loaded system [gz::sim::systems::MulticopterMotorModel] for entity [56]
(2023-10-28T14:25:00.805154113) (2023-10-28T14:25:00.805166712) [Wrn] [MulticopterMotorModel.cc:257] No robotNamespace set using entity name.
(2023-10-28T14:25:00.805191442) (2023-10-28T14:25:00.805200458) [Wrn] [MulticopterMotorModel.cc:295] <motorNumber> is depricated, please use <actuator_number>.
(2023-10-28T14:25:00.805257588) (2023-10-28T14:25:00.805266576) [Dbg] [MulticopterMotorModel.cc:386] Listening to topic: x500_depth_0/command/motor_speed
(2023-10-28T14:25:00.805718502) (2023-10-28T14:25:00.805731882) [Dbg] [SystemManager.cc:74] Loaded system [gz::sim::systems::MulticopterMotorModel] for entity [56]
(2023-10-28T14:25:00.806105532) (2023-10-28T14:25:00.806117501) [Wrn] [MulticopterMotorModel.cc:257] No robotNamespace set using entity name.
(2023-10-28T14:25:00.806158807) (2023-10-28T14:25:00.806168169) [Wrn] [MulticopterMotorModel.cc:295] <motorNumber> is depricated, please use <actuator_number>.
(2023-10-28T14:25:00.806225573) (2023-10-28T14:25:00.806234210) [Dbg] [MulticopterMotorModel.cc:386] Listening to topic: x500_depth_0/command/motor_speed
(2023-10-28T14:25:00.806594653) (2023-10-28T14:25:00.806613721) [Dbg] [SystemManager.cc:74] Loaded system [gz::sim::systems::MulticopterMotorModel] for entity [56]
(2023-10-28T14:25:00.807058912) (2023-10-28T14:25:00.807071457) [Dbg] [UserCommands.cc:1263] Created entity [56] named [x500_depth_0]
(2023-10-28T14:25:00.828521153) (2023-10-28T14:25:00.828540793) [Dbg] [SimulationFeatures.cc:72] Simulation timestep set to: 0.004
(2023-10-28T14:25:00.830323077) (2023-10-28T14:25:00.830355168) [Dbg] [Sensors.cc:659] Initialization needed
(2023-10-28T14:25:00.830428012) (2023-10-28T14:25:00.830442912) [Dbg] [Sensors.cc:257] Initializing render context
(2023-10-28T14:25:00.830600801) (2023-10-28T14:25:00.830611799) [Msg] Loading plugin [gz-rendering-ogre2]
(2023-10-28T14:25:00.831276107) (2023-10-28T14:25:00.831297928) [Dbg] [AirPressureSensor.cc:126] Air pressure for [x500_depth_0::base_link::air_pressure_sensor] advertised on [world/default/model/x500_depth_0/link/base_link/sensor/air_pressure_sensor/air_pressure]
(2023-10-28T14:25:00.831698731) (2023-10-28T14:25:00.831718441) [Dbg] [ImuSensor.cc:149] IMU data for [x500_depth_0::base_link::imu_sensor] advertised on [world/default/model/x500_depth_0/link/base_link/sensor/imu_sensor/imu]
(2023-10-28T14:25:00.833039900) (2023-10-28T14:25:00.833064460) [Msg] Serving scene information on [/world/default/scene/info]
(2023-10-28T14:25:00.833280488) (2023-10-28T14:25:00.833298891) [Msg] Serving graph information on [/world/default/scene/graph]
(2023-10-28T14:25:00.833714394) (2023-10-28T14:25:00.833734653) [Msg] Serving full state on [/world/default/state]
(2023-10-28T14:25:00.833903865) (2023-10-28T14:25:00.833925484) [Msg] Serving full state (async) on [/world/default/state_async]
(2023-10-28T14:25:00.834106362) (2023-10-28T14:25:00.834137224) [Msg] Publishing scene information on [/world/default/scene/info]
(2023-10-28T14:25:00.834358559) (2023-10-28T14:25:00.834380402) [Msg] Publishing entity deletions on [/world/default/scene/deletion]
(2023-10-28T14:25:00.834542512) (2023-10-28T14:25:00.834560693) [Msg] Publishing state changes on [/world/default/state]
(2023-10-28T14:25:00.834745560) (2023-10-28T14:25:00.834763495) [Msg] Publishing pose messages on [/world/default/pose/info]
(2023-10-28T14:25:00.834931799) (2023-10-28T14:25:00.834949741) [Msg] Publishing dynamic pose messages on [/world/default/dynamic_pose/info]
(2023-10-28T14:25:00.836392697) (2023-10-28T14:25:00.836418535) [Dbg] [EntityComponentManager.cc:1655] Updated state thread iterators: 8 threads processing around 13 entities each.
(2023-10-28T14:25:00.850141347) (2023-10-28T14:25:00.850170405) [Dbg] [SignalHandler.cc:142] Received signal[2].
(2023-10-28T14:25:00.850223663) (2023-10-28T14:25:00.850237342) [Dbg] [ServerPrivate.cc:115] Server received signal[2]
(2023-10-28T14:25:00.850280139) (2023-10-28T14:25:00.850313284) [Dbg] [Sensors.cc:433] SensorsPrivate::Stop
(2023-10-28T14:25:00.860757531) (2023-10-28T14:25:00.860785101) [Wrn] [Component.hh:144] Trying to serialize component with data type [N3sdf3v135WorldE], which doesn't have `operator<<`. Component will not be serialized.
(2023-10-28T14:25:00.861044460) (2023-10-28T14:25:00.861065079) [Wrn] [Model.hh:69] Skipping serialization / deserialization for models with //pose/@relative_to attribute.
(2023-10-28T14:25:01.363469618) (2023-10-28T14:25:01.363482665) [Dbg] [RenderUtil.cc:2720] Create scene [scene]
(2023-10-28T14:25:01.442695628) (2023-10-28T14:25:01.442712511) [Dbg] [Sensors.cc:277] Rendering Thread initialized
(2023-10-28T14:25:01.455682500) (2023-10-28T14:25:01.455701324) [Dbg] [Sensors.cc:419] SensorsPrivate::RenderThread stopped
(2023-10-28T14:25:01.461511617) (2023-10-28T14:25:01.461529021) [Dbg] [gz.cc:417] Shutting down gz-sim-server
((2023-10-28T14:25:01.466156173) (2023-10-28T14:25:01.466185164((2023-10-28T14:25:01.466219679) () 2023-10-28T14:25:01.466235963) (2023-10-28T14:25:01.466265654) [Dbg] [SimulationRunner.cc:530] Exiting postupdate worker thread (3)
) [Dbg] [SimulationRunner.cc:530] Exiting postupdate worker thread (2)) (2023-10-28T14:25:01.466370601) 2023-10-28T14:25:01.466409761) (2023-10-28T14:25:01.466435965) 
[Dbg] [SimulationRunner.cc:530] 2023-10-28T14:25:01.466501008) (Exiting postupdate worker thread (4)
) [Dbg] [SimulationRunner.cc:530] [Dbg] [SimulationRunner.cc:530] [Dbg] [SimulationRunner.cc:530] Exiting postupdate worker thread (5)[Dbg] [SimulationRunner.cc:530] 
[Dbg] [SimulationRunner.cc:530] 
Exiting postupdate worker thread (1)
Exiting postupdate worker thread (0)
(2023-10-28T14:25:01.512053111) (2023-10-28T14:25:01.512072613) [Dbg] [Sensors.cc:433] SensorsPrivate::Stop
