(2023-10-11T23:27:48.472018252) (2023-10-11T23:27:48.472045668) [Msg] Gazebo Sim Server v7.6.0
(2023-10-11T23:27:48.476478586) (2023-10-11T23:27:48.476497945) [Msg] Loading SDF world file[/home/bassam/gz_ws/src/ardupilot_gazebo/worlds/iris_runway.sdf].
(2023-10-11T23:27:48.679694247) (2023-10-11T23:27:48.679706284) [Msg] Serving entity system service on [/entity/system/add]
(2023-10-11T23:27:48.781648355) (2023-10-11T23:27:48.781662435) [Dbg] [Physics.cc:880] Loaded [gz::physics::dartsim::Plugin] from library [/usr/lib/x86_64-linux-gnu/gz-physics-6/engine-plugins/libgz-physics-dartsim-plugin.so]
(2023-10-11T23:27:48.781773200) (2023-10-11T23:27:48.781781715) [Dbg] [SystemManager.cc:74] Loaded system [gz::sim::systems::Physics] for entity [1]
(2023-10-11T23:27:48.789047909) (2023-10-11T23:27:48.789061110) [Dbg] [Sensors.cc:506] Configuring Sensors system
(2023-10-11T23:27:48.789183371) (2023-10-11T23:27:48.789192074) [Dbg] [Sensors.cc:425] SensorsPrivate::Run
(2023-10-11T23:27:48.789298053) (2023-10-11T23:27:48.789306670) [Dbg] [SystemManager.cc:74] Loaded system [gz::sim::systems::Sensors] for entity [1]
(2023-10-11T23:27:48.791225562) (2023-10-11T23:27:48.791236220) [Msg] Create service on [/world/iris_runway/create]
(2023-10-11T23:27:48.791450499) (2023-10-11T23:27:48.791460418) [Msg] Remove service on [/world/iris_runway/remove]
(2023-10-11T23:27:48.791661656) (2023-10-11T23:27:48.791689904) [Msg] Pose service on [/world/iris_runway/set_pose]
(2023-10-11T23:27:48.791871952) (2023-10-11T23:27:48.791881080) [Msg] Pose service on [/world/iris_runway/set_pose_vector]
(2023-10-11T23:27:48.792152122) (2023-10-11T23:27:48.792162182) [Msg] Light configuration service on [/world/iris_runway/light_config]
(2023-10-11T23:27:48.792501369) (2023-10-11T23:27:48.792511338) [Msg] Physics service on [/world/iris_runway/set_physics]
(2023-10-11T23:27:48.792751963) (2023-10-11T23:27:48.792761774) [Msg] SphericalCoordinates service on [/world/iris_runway/set_spherical_coordinates]
(2023-10-11T23:27:48.792917514) (2023-10-11T23:27:48.792926927) [Msg] Enable collision service on [/world/iris_runway/enable_collision]
(2023-10-11T23:27:48.793092641) (2023-10-11T23:27:48.793101683) [Msg] Disable collision service on [/world/iris_runway/disable_collision]
(2023-10-11T23:27:48.793387028) (2023-10-11T23:27:48.793396447) [Msg] Material service on [/world/iris_runway/visual_config]
(2023-10-11T23:27:48.793594761) (2023-10-11T23:27:48.793603854) [Msg] Material service on [/world/iris_runway/wheel_slip]
(2023-10-11T23:27:48.793660577) (2023-10-11T23:27:48.793667304) [Dbg] [SystemManager.cc:74] Loaded system [gz::sim::systems::UserCommands] for entity [1]
(2023-10-11T23:27:48.795303866) (2023-10-11T23:27:48.795315860) [Dbg] [SystemManager.cc:74] Loaded system [gz::sim::systems::SceneBroadcaster] for entity [1]
(2023-10-11T23:27:48.797118338) (2023-10-11T23:27:48.797129824) [Dbg] [SystemManager.cc:74] Loaded system [gz::sim::systems::Imu] for entity [1]
(2023-10-11T23:27:48.797325714) (2023-10-11T23:27:48.797340494) [Dbg] [Sensors.cc:402] SensorsPrivate::RenderThread started
(2023-10-11T23:27:48.797378335) (2023-10-11T23:27:48.797386379) [Dbg] [Sensors.cc:245] Waiting for init
(2023-10-11T23:27:48.798457865) (2023-10-11T23:27:48.798468261) [Dbg] [SystemManager.cc:74] Loaded system [gz::sim::systems::NavSat] for entity [1]
(2023-10-11T23:27:48.807975612) (2023-10-11T23:27:48.807992949) [Dbg] [SystemManager.cc:74] Loaded system [gz::sim::systems::JointStatePublisher] for entity [15]
(2023-10-11T23:27:48.809185598) (2023-10-11T23:27:48.809196137) [Dbg] [SystemManager.cc:74] Loaded system [gz::sim::systems::LiftDrag] for entity [15]
(2023-10-11T23:27:48.809599723) (2023-10-11T23:27:48.809610937) [Dbg] [SystemManager.cc:74] Loaded system [gz::sim::systems::LiftDrag] for entity [15]
(2023-10-11T23:27:48.810094482) (2023-10-11T23:27:48.810105719) [Dbg] [SystemManager.cc:74] Loaded system [gz::sim::systems::LiftDrag] for entity [15]
(2023-10-11T23:27:48.810446028) (2023-10-11T23:27:48.810455095) [Dbg] [SystemManager.cc:74] Loaded system [gz::sim::systems::LiftDrag] for entity [15]
(2023-10-11T23:27:48.810770746) (2023-10-11T23:27:48.810780030) [Dbg] [SystemManager.cc:74] Loaded system [gz::sim::systems::LiftDrag] for entity [15]
(2023-10-11T23:27:48.811060246) (2023-10-11T23:27:48.811068543) [Dbg] [SystemManager.cc:74] Loaded system [gz::sim::systems::LiftDrag] for entity [15]
(2023-10-11T23:27:48.811446262) (2023-10-11T23:27:48.811455894) [Dbg] [SystemManager.cc:74] Loaded system [gz::sim::systems::LiftDrag] for entity [15]
(2023-10-11T23:27:48.811807180) (2023-10-11T23:27:48.811817128) [Dbg] [SystemManager.cc:74] Loaded system [gz::sim::systems::LiftDrag] for entity [15]
(2023-10-11T23:27:48.813113344) (2023-10-11T23:27:48.813124060) [Msg] ApplyJointForce subscribing to Double messages on [/model/iris_with_ardupilot/joint/iris_with_standoffs::rotor_0_joint/cmd_force]
(2023-10-11T23:27:48.813186861) (2023-10-11T23:27:48.813195509) [Dbg] [SystemManager.cc:74] Loaded system [gz::sim::systems::ApplyJointForce] for entity [15]
(2023-10-11T23:27:48.813582551) (2023-10-11T23:27:48.813592524) [Msg] ApplyJointForce subscribing to Double messages on [/model/iris_with_ardupilot/joint/iris_with_standoffs::rotor_1_joint/cmd_force]
(2023-10-11T23:27:48.813698145) (2023-10-11T23:27:48.813706670) [Dbg] [SystemManager.cc:74] Loaded system [gz::sim::systems::ApplyJointForce] for entity [15]
(2023-10-11T23:27:48.814094424) (2023-10-11T23:27:48.814103850) [Msg] ApplyJointForce subscribing to Double messages on [/model/iris_with_ardupilot/joint/iris_with_standoffs::rotor_2_joint/cmd_force]
(2023-10-11T23:27:48.814156497) (2023-10-11T23:27:48.814164304) [Dbg] [SystemManager.cc:74] Loaded system [gz::sim::systems::ApplyJointForce] for entity [15]
(2023-10-11T23:27:48.814521301) (2023-10-11T23:27:48.814530979) [Msg] ApplyJointForce subscribing to Double messages on [/model/iris_with_ardupilot/joint/iris_with_standoffs::rotor_3_joint/cmd_force]
(2023-10-11T23:27:48.814583741) (2023-10-11T23:27:48.814591665) [Dbg] [SystemManager.cc:74] Loaded system [gz::sim::systems::ApplyJointForce] for entity [15]
(2023-10-11T23:27:48.817753909) [iris_with_ardupilot] flight dynamics model @ 127.0.0.1:9002
(2023-10-11T23:27:48.817791679) [iris_with_ardupilot] ArduPilot ready to fly. The force will be with you
(2023-10-11T23:27:48.817839274) (2023-10-11T23:27:48.817846923) [Dbg] [SystemManager.cc:74] Loaded system [ArduPilotPlugin] for entity [15]
(2023-10-11T23:27:48.818677899) (2023-10-11T23:27:48.818687268) [Msg] Loaded level [3]
(2023-10-11T23:27:48.823419900) (2023-10-11T23:27:48.823430838) [Msg] Serving world controls on [/world/iris_runway/control], [/world/iris_runway/control/state] and [/world/iris_runway/playback/control]
(2023-10-11T23:27:48.823655422) (2023-10-11T23:27:48.823664526) [Msg] Serving GUI information on [/world/iris_runway/gui/info]
(2023-10-11T23:27:48.823718810) (2023-10-11T23:27:48.823726447) [Msg] World [iris_runway] initialized with [1ms] physics profile.
(2023-10-11T23:27:48.823974133) (2023-10-11T23:27:48.823984723) [Msg] Serving world SDF generation service on [/world/iris_runway/generate_world_sdf]
(2023-10-11T23:27:48.824207868) (2023-10-11T23:27:48.824217108) [Msg] Serving world names on [/gazebo/worlds]
(2023-10-11T23:27:48.824372506) (2023-10-11T23:27:48.824381484) [Msg] Resource path add service on [/gazebo/resource_paths/add].
(2023-10-11T23:27:48.824538770) (2023-10-11T23:27:48.824547955) [Msg] Resource path get service on [/gazebo/resource_paths/get].
(2023-10-11T23:27:48.824698755) (2023-10-11T23:27:48.824707810) [Msg] Resource path resolve service on [/gazebo/resource_paths/resolve].
(2023-10-11T23:27:48.824863624) (2023-10-11T23:27:48.824872750) [Msg] Resource paths published on [/gazebo/resource_paths].
(2023-10-11T23:27:48.825069391) (2023-10-11T23:27:48.825078598) [Msg] Server control service on [/server_control].
(2023-10-11T23:27:50.369690738) (2023-10-11T23:27:50.369735357) [Msg] Found no publishers on /stats, adding root stats topic
(2023-10-11T23:27:50.370455430) (2023-10-11T23:27:50.370480931) [Msg] Found no publishers on /clock, adding root clock topic
(2023-10-11T23:27:50.371266830) (2023-10-11T23:27:50.371315810) [Dbg] [SimulationRunner.cc:503] Creating PostUpdate worker threads: 7
(2023-10-11T23:27:50.371463613) (2023-10-11T23:27:50.371494108) [Dbg] [SimulationRunner.cc:514] Creating postupdate worker thread (0)
(2023-10-11T23:27:50.371831336) (2023-10-11T23:27:50.371862697) [Dbg] [SimulationRunner.cc:514] Creating postupdate worker thread (1)
(2023-10-11T23:27:50.372186317) (2023-10-11T23:27:50.372224502) [Dbg] [SimulationRunner.cc:514] Creating postupdate worker thread (2)
(2023-10-11T23:27:50.372450763) (2023-10-11T23:27:50.372475642) [Dbg] [SimulationRunner.cc:514] Creating postupdate worker thread (3)
(2023-10-11T23:27:50.372715578) (2023-10-11T23:27:50.372747315) [Dbg] [SimulationRunner.cc:514] Creating postupdate worker thread (4)
(2023-10-11T23:27:50.372988236) (2023-10-11T23:27:50.373019294) [Dbg] [SimulationRunner.cc:514] Creating postupdate worker thread (5)
(2023-10-11T23:27:50.375016538) (2023-10-11T23:27:50.375042190) [Msg] Found IMU sensor with name [iris_with_standoffs::imu_link::imu_sensor]
(2023-10-11T23:27:50.375175350) (2023-10-11T23:27:50.375193258) [Dbg] [ArduPilotPlugin.cc:1154] Computed IMU topic to be: world/iris_runway/model/iris_with_ardupilot/model/iris_with_standoffs/link/imu_link/sensor/imu_sensor/imu
(2023-10-11T23:27:50.394671162) (2023-10-11T23:27:50.394719881) [Dbg] [ImuSensor.cc:149] IMU data for [iris_with_ardupilot::iris_with_standoffs::imu_link::imu_sensor] advertised on [world/iris_runway/model/iris_with_ardupilot/model/iris_with_standoffs/link/imu_link/sensor/imu_sensor/imu]
(2023-10-11T23:27:50.395500711) (2023-10-11T23:27:50.395538978) [Msg] Serving scene information on [/world/iris_runway/scene/info]
(2023-10-11T23:27:50.395933503) (2023-10-11T23:27:50.395966142) [Msg] Serving graph information on [/world/iris_runway/scene/graph]
(2023-10-11T23:27:50.396474283) (2023-10-11T23:27:50.396498228) [Msg] Serving full state on [/world/iris_runway/state]
(2023-10-11T23:27:50.396725873) (2023-10-11T23:27:50.396758404) [Msg] Serving full state (async) on [/world/iris_runway/state_async]
(2023-10-11T23:27:50.397000679) (2023-10-11T23:27:50.397031442) [Msg] Publishing scene information on [/world/iris_runway/scene/info]
(2023-10-11T23:27:50.397351013) (2023-10-11T23:27:50.397373545) [Msg] Publishing entity deletions on [/world/iris_runway/scene/deletion]
(2023-10-11T23:27:50.397585744) (2023-10-11T23:27:50.397608028) [Msg] Publishing state changes on [/world/iris_runway/state]
(2023-10-11T23:27:50.397853736) (2023-10-11T23:27:50.397874908) [Msg] Publishing pose messages on [/world/iris_runway/pose/info]
(2023-10-11T23:27:50.398089488) (2023-10-11T23:27:50.398111206) [Msg] Publishing dynamic pose messages on [/world/iris_runway/dynamic_pose/info]
(2023-10-11T23:27:50.398868115) (2023-10-11T23:27:50.398892629) [Dbg] [EntityComponentManager.cc:1655] Updated state thread iterators: 8 threads processing around 6 entities each.
(2023-10-11T23:27:50.400067258) (2023-10-11T23:27:50.400112491) [Wrn] [Model.hh:69] Skipping serialization / deserialization for models with //pose/@relative_to attribute.
(2023-10-11T23:27:50.401454226) (2023-10-11T23:27:50.401500644) [Wrn] [Component.hh:144] Trying to serialize component with data type [N3sdf3v135WorldE], which doesn't have `operator<<`. Component will not be serialized.
(2023-10-11T23:27:50.404890710) (2023-10-11T23:27:50.404938040) [Wrn] [ArduPilotPlugin.cc:1436] [iris_with_ardupilot] Drained n packets: 1
(2023-10-11T23:27:50.405274195) [iris_with_ardupilot] Connected to ArduPilot controller @ 127.0.0.1:34218
(2023-10-11T23:27:50.405358041) (2023-10-11T23:27:50.405384231) [Wrn] [ArduPilotPlugin.cc:1583] ArduPilot controller has reset
(2023-10-11T23:27:50.407133061) (2023-10-11T23:27:50.407161944) [Wrn] [Component.hh:144] Trying to serialize component with data type [St6vectorIdSaIdEE], which doesn't have `operator<<`. Component will not be serialized.
(2023-10-11T23:29:25.857696535) (2023-10-11T23:29:25.857725804) [Wrn] [ArduPilotPlugin.cc:1583] ArduPilot controller has reset
(2023-10-11T23:30:53.770731208) (2023-10-11T23:30:53.770768072) [Wrn] [ArduPilotPlugin.cc:1583] ArduPilot controller has reset
(2023-10-11T23:32:11.686932937) (2023-10-11T23:32:11.686987605) [Wrn] [ArduPilotPlugin.cc:1583] ArduPilot controller has reset
(2023-10-11T23:33:29.86269271) (2023-10-11T23:33:29.86303160) [Wrn] [ArduPilotPlugin.cc:1583] ArduPilot controller has reset
(2023-10-11T23:34:48.432769365) (2023-10-11T23:34:48.432789128) [Wrn] [ArduPilotPlugin.cc:1583] ArduPilot controller has reset
(2023-10-11T23:36:06.31100542) (2023-10-11T23:36:06.31132212) [Wrn] [ArduPilotPlugin.cc:1583] ArduPilot controller has reset
(2023-10-11T23:37:15.438691037) (2023-10-11T23:37:15.438701430) [Wrn] [ArduPilotPlugin.cc:1583] ArduPilot controller has reset
(2023-10-11T23:38:22.625995740) (2023-10-11T23:38:22.626007137) [Wrn] [ArduPilotPlugin.cc:1583] ArduPilot controller has reset
(2023-10-11T23:39:29.825490449) (2023-10-11T23:39:29.825501602) [Wrn] [ArduPilotPlugin.cc:1583] ArduPilot controller has reset
(2023-10-11T23:40:39.930959729) (2023-10-11T23:40:39.930984803) [Wrn] [ArduPilotPlugin.cc:1583] ArduPilot controller has reset
(2023-10-11T23:40:57.965051396) (2023-10-11T23:40:57.965086755) [Dbg] [SignalHandler.cc:142] Received signal[2].
(2023-10-11T23:40:57.965140328) (2023-10-11T23:40:57.965149168) [Dbg] [ServerPrivate.cc:115] Server received signal[2]
(2023-10-11T23:40:57.965178059) (2023-10-11T23:40:57.965182901) [Dbg] [Sensors.cc:433] SensorsPrivate::Stop
(2023-10-11T23:40:57.965265645) (2023-10-11T23:40:57.965274701) [Dbg] [Sensors.cc:277] Rendering Thread initialized
(2023-10-11T23:40:57.965322523) (2023-10-11T23:40:57.965327876) [Dbg] [Sensors.cc:419] SensorsPrivate::RenderThread stopped
(2023-10-11T23:40:57.965425493) (2023-10-11T23:40:57.965434170) [Dbg] [SignalHandler.cc:142] Received signal[2].
(2023-10-11T23:40:57.965458897) (2023-10-11T23:40:57.965463927) [Dbg] [ArduPilotPlugin.cc:370] Plugin received signal[2]
(2023-10-11T23:40:57.965495643) (2023-10-11T23:40:57.965500744) [Dbg] [gz.cc:417] Shutting down gz-sim-server
((2023-10-11T23:40:57.9707333712023-10-11T23:40:57.970753318(() () 2023-10-11T23:40:57.970798962() ) ) (((2023-10-11T23:40:57.970842766) (2023-10-11T23:40:57.970862166) 2023-10-11T23:40:57.970884718) [Dbg] [SimulationRunner.cc:530] 2023-10-11T23:40:57.9708468802023-10-11T23:40:57.970846880) (Exiting postupdate worker thread (2023-10-11T23:40:57.970932462) 2023-10-11T23:40:57.970938483) Exiting postupdate worker thread (41[Dbg] [SimulationRunner.cc:530] 4)
[Dbg] [SimulationRunner.cc:530] Exiting postupdate worker thread (2)
Exiting postupdate worker thread (
5)
0)
Exiting postupdate worker thread (3)
(2023-10-11T23:40:57.988242018) (2023-10-11T23:40:57.988255100) [Dbg] [Sensors.cc:433] SensorsPrivate::Stop
