(2023-10-20T01:47:31.398377541) (2023-10-20T01:47:31.398396279) [Msg] Gazebo Sim Server v7.6.0
(2023-10-20T01:47:31.404450910) (2023-10-20T01:47:31.404466901) [Msg] Loading SDF world file[/home/bassam/PX4-Autopilot/Tools/simulation/gz/worlds/default.sdf].
(2023-10-20T01:47:31.582945105) (2023-10-20T01:47:31.582963554) [Msg] Serving entity system service on [/entity/system/add]
(2023-10-20T01:47:31.816069249) (2023-10-20T01:47:31.816094987) [Dbg] [Physics.cc:880] Loaded [gz::physics::dartsim::Plugin] from library [/usr/lib/x86_64-linux-gnu/gz-physics-6/engine-plugins/libgz-physics-dartsim-plugin.so]
(2023-10-20T01:47:31.816249677) (2023-10-20T01:47:31.816265160) [Dbg] [SystemManager.cc:74] Loaded system [gz::sim::systems::Physics] for entity [1]
(2023-10-20T01:47:31.933276187) (2023-10-20T01:47:31.933296218) [Msg] Create service on [/world/default/create]
(2023-10-20T01:47:31.933503359) (2023-10-20T01:47:31.933520680) [Msg] Remove service on [/world/default/remove]
(2023-10-20T01:47:31.933740481) (2023-10-20T01:47:31.933759274) [Msg] Pose service on [/world/default/set_pose]
(2023-10-20T01:47:31.933944468) (2023-10-20T01:47:31.933962457) [Msg] Pose service on [/world/default/set_pose_vector]
(2023-10-20T01:47:31.934258570) (2023-10-20T01:47:31.934278220) [Msg] Light configuration service on [/world/default/light_config]
(2023-10-20T01:47:31.934642197) (2023-10-20T01:47:31.934657801) [Msg] Physics service on [/world/default/set_physics]
(2023-10-20T01:47:31.934903241) (2023-10-20T01:47:31.934920661) [Msg] SphericalCoordinates service on [/world/default/set_spherical_coordinates]
(2023-10-20T01:47:31.935031609) (2023-10-20T01:47:31.935049499) [Msg] Enable collision service on [/world/default/enable_collision]
(2023-10-20T01:47:31.935154588) (2023-10-20T01:47:31.935171619) [Msg] Disable collision service on [/world/default/disable_collision]
(2023-10-20T01:47:31.935458986) (2023-10-20T01:47:31.935478139) [Msg] Material service on [/world/default/visual_config]
(2023-10-20T01:47:31.935652100) (2023-10-20T01:47:31.935675924) [Msg] Material service on [/world/default/wheel_slip]
(2023-10-20T01:47:31.935738397) (2023-10-20T01:47:31.935748772) [Dbg] [SystemManager.cc:74] Loaded system [gz::sim::systems::UserCommands] for entity [1]
(2023-10-20T01:47:31.937821895) (2023-10-20T01:47:31.937840662) [Dbg] [SystemManager.cc:74] Loaded system [gz::sim::systems::SceneBroadcaster] for entity [1]
(2023-10-20T01:47:31.939171949) (2023-10-20T01:47:31.939185748) [Dbg] [SystemManager.cc:74] Loaded system [gz::sim::systems::Contact] for entity [1]
(2023-10-20T01:47:31.941123216) (2023-10-20T01:47:31.941137431) [Dbg] [SystemManager.cc:74] Loaded system [gz::sim::systems::Imu] for entity [1]
(2023-10-20T01:47:31.942738034) (2023-10-20T01:47:31.942757669) [Dbg] [SystemManager.cc:74] Loaded system [gz::sim::systems::AirPressure] for entity [1]
(2023-10-20T01:47:31.944243448) (2023-10-20T01:47:31.944257989) [Msg] Listening to instantaneous wrench commands in [/world/default/wrench]
(2023-10-20T01:47:31.944372483) (2023-10-20T01:47:31.944383554) [Msg] Listening to persistent wrench commands in [/world/default/wrench/persistent]
(2023-10-20T01:47:31.944465138) (2023-10-20T01:47:31.944475517) [Msg] Listening to wrench clear commands in [/world/default/wrench/clear]
(2023-10-20T01:47:31.944510499) (2023-10-20T01:47:31.944518785) [Dbg] [SystemManager.cc:74] Loaded system [gz::sim::systems::ApplyLinkWrench] for entity [1]
(2023-10-20T01:47:31.953780231) (2023-10-20T01:47:31.953798756) [Dbg] [Sensors.cc:506] Configuring Sensors system
(2023-10-20T01:47:31.953915953) (2023-10-20T01:47:31.953926154) [Dbg] [Sensors.cc:425] SensorsPrivate::Run
(2023-10-20T01:47:31.954023844) (2023-10-20T01:47:31.954034427) [Dbg] [SystemManager.cc:74] Loaded system [gz::sim::systems::Sensors] for entity [1]
(2023-10-20T01:47:31.954103694) (2023-10-20T01:47:31.954124308) [Dbg] [Sensors.cc:402] SensorsPrivate::RenderThread started
(2023-10-20T01:47:31.954150956) (2023-10-20T01:47:31.954159625) [Dbg] [Sensors.cc:245] Waiting for init
(2023-10-20T01:47:31.957784949) (2023-10-20T01:47:31.957800866) [Wrn] [SystemLoader.cc:79] Trying to load deprecated plugin [ignition-gazebo-ackermann-steering-system]. Using [gz-sim-ackermann-steering-system] instead.
(2023-10-20T01:47:31.959745871) (2023-10-20T01:47:31.959762480) [Msg] AckermannSteering subscribing to twist messages on [/cmd_vel]
(2023-10-20T01:47:31.960099316) (2023-10-20T01:47:31.960112493) [Dbg] [SystemManager.cc:74] Loaded system [ignition::gazebo::systems::AckermannSteering] for entity [8]
(2023-10-20T01:47:31.960322690) (2023-10-20T01:47:31.960334430) [Msg] Loaded level [3]
(2023-10-20T01:47:31.962675637) (2023-10-20T01:47:31.962690076) [Msg] Serving world controls on [/world/default/control], [/world/default/control/state] and [/world/default/playback/control]
(2023-10-20T01:47:31.962984607) (2023-10-20T01:47:31.963003842) [Msg] Serving GUI information on [/world/default/gui/info]
(2023-10-20T01:47:31.963037710) (2023-10-20T01:47:31.963066533) [Msg] World [default] initialized with [default_physics] physics profile.
(2023-10-20T01:47:31.963281674) (2023-10-20T01:47:31.963300015) [Msg] Serving world SDF generation service on [/world/default/generate_world_sdf]
(2023-10-20T01:47:31.963471409) (2023-10-20T01:47:31.963489520) [Msg] Serving world names on [/gazebo/worlds]
(2023-10-20T01:47:31.963618421) (2023-10-20T01:47:31.963636081) [Msg] Resource path add service on [/gazebo/resource_paths/add].
(2023-10-20T01:47:31.963772252) (2023-10-20T01:47:31.963787883) [Msg] Resource path get service on [/gazebo/resource_paths/get].
(2023-10-20T01:47:31.963923331) (2023-10-20T01:47:31.963940093) [Msg] Resource path resolve service on [/gazebo/resource_paths/resolve].
(2023-10-20T01:47:31.964052030) (2023-10-20T01:47:31.964063593) [Msg] Resource paths published on [/gazebo/resource_paths].
(2023-10-20T01:47:31.964220562) (2023-10-20T01:47:31.964247491) [Msg] Server control service on [/server_control].
(2023-10-20T01:47:33.402152179) (2023-10-20T01:47:33.402169020) [Msg] Found no publishers on /stats, adding root stats topic
(2023-10-20T01:47:33.402513162) (2023-10-20T01:47:33.402526583) [Msg] Found no publishers on /clock, adding root clock topic
(2023-10-20T01:47:33.402924046) (2023-10-20T01:47:33.402943587) [Dbg] [SimulationRunner.cc:503] Creating PostUpdate worker threads: 7
(2023-10-20T01:47:33.402996813) (2023-10-20T01:47:33.403011515) [Dbg] [SimulationRunner.cc:514] Creating postupdate worker thread (0)
(2023-10-20T01:47:33.403150372) (2023-10-20T01:47:33.403167392) [Dbg] [SimulationRunner.cc:514] Creating postupdate worker thread (1)
(2023-10-20T01:47:33.403277152) (2023-10-20T01:47:33.403293508) [Dbg] [SimulationRunner.cc:514] Creating postupdate worker thread (2)
(2023-10-20T01:47:33.403516527) (2023-10-20T01:47:33.403533897) [Dbg] [SimulationRunner.cc:514] Creating postupdate worker thread (3)
(2023-10-20T01:47:33.403641388) (2023-10-20T01:47:33.403658005) [Dbg] [SimulationRunner.cc:514] Creating postupdate worker thread (4)
(2023-10-20T01:47:33.403781623) (2023-10-20T01:47:33.403798735) [Dbg] [SimulationRunner.cc:514] Creating postupdate worker thread (5)
(2023-10-20T01:47:33.707911728) (2023-10-20T01:47:33.707930728) [Wrn] [MulticopterMotorModel.cc:257] No robotNamespace set using entity name.
(2023-10-20T01:47:33.707976234) (2023-10-20T01:47:33.707985859) [Wrn] [MulticopterMotorModel.cc:295] <motorNumber> is depricated, please use <actuator_number>.
(2023-10-20T01:47:33.708055372) (2023-10-20T01:47:33.708065081) [Dbg] [MulticopterMotorModel.cc:386] Listening to topic: x500_depth_0/command/motor_speed
(2023-10-20T01:47:33.708451308) (2023-10-20T01:47:33.708464383) [Dbg] [SystemManager.cc:74] Loaded system [gz::sim::systems::MulticopterMotorModel] for entity [57]
(2023-10-20T01:47:33.708901220) (2023-10-20T01:47:33.708914026) [Wrn] [MulticopterMotorModel.cc:257] No robotNamespace set using entity name.
(2023-10-20T01:47:33.708948838) (2023-10-20T01:47:33.708957969) [Wrn] [MulticopterMotorModel.cc:295] <motorNumber> is depricated, please use <actuator_number>.
(2023-10-20T01:47:33.709016759) (2023-10-20T01:47:33.709025857) [Dbg] [MulticopterMotorModel.cc:386] Listening to topic: x500_depth_0/command/motor_speed
(2023-10-20T01:47:33.709398808) (2023-10-20T01:47:33.709417169) [Dbg] [SystemManager.cc:74] Loaded system [gz::sim::systems::MulticopterMotorModel] for entity [57]
(2023-10-20T01:47:33.709844378) (2023-10-20T01:47:33.709856814) [Wrn] [MulticopterMotorModel.cc:257] No robotNamespace set using entity name.
(2023-10-20T01:47:33.709882136) (2023-10-20T01:47:33.709890596) [Wrn] [MulticopterMotorModel.cc:295] <motorNumber> is depricated, please use <actuator_number>.
(2023-10-20T01:47:33.709947283) (2023-10-20T01:47:33.709956217) [Dbg] [MulticopterMotorModel.cc:386] Listening to topic: x500_depth_0/command/motor_speed
(2023-10-20T01:47:33.710182838) (2023-10-20T01:47:33.710194979) [Dbg] [SystemManager.cc:74] Loaded system [gz::sim::systems::MulticopterMotorModel] for entity [57]
(2023-10-20T01:47:33.710567221) (2023-10-20T01:47:33.710579449) [Wrn] [MulticopterMotorModel.cc:257] No robotNamespace set using entity name.
(2023-10-20T01:47:33.710604593) (2023-10-20T01:47:33.710613249) [Wrn] [MulticopterMotorModel.cc:295] <motorNumber> is depricated, please use <actuator_number>.
(2023-10-20T01:47:33.710669428) (2023-10-20T01:47:33.710678653) [Dbg] [MulticopterMotorModel.cc:386] Listening to topic: x500_depth_0/command/motor_speed
(2023-10-20T01:47:33.710936215) (2023-10-20T01:47:33.710948566) [Dbg] [SystemManager.cc:74] Loaded system [gz::sim::systems::MulticopterMotorModel] for entity [57]
(2023-10-20T01:47:33.711396182) (2023-10-20T01:47:33.711406897) [Dbg] [UserCommands.cc:1263] Created entity [57] named [x500_depth_0]
(2023-10-20T01:47:33.730408947) (2023-10-20T01:47:33.730428970) [Dbg] [SimulationFeatures.cc:72] Simulation timestep set to: 0.004
(2023-10-20T01:47:33.732302019) (2023-10-20T01:47:33.732336197) [Dbg] [Sensors.cc:659] Initialization needed
(2023-10-20T01:47:33.732543157) (2023-10-20T01:47:33.732568136) [Dbg] [Sensors.cc:257] Initializing render context
(2023-10-20T01:47:33.732750982) (2023-10-20T01:47:33.732767408) [Msg] Loading plugin [gz-rendering-ogre2]
(2023-10-20T01:47:33.733208748) (2023-10-20T01:47:33.733229816) [Dbg] [AirPressureSensor.cc:126] Air pressure for [x500_depth_0::base_link::air_pressure_sensor] advertised on [world/default/model/x500_depth_0/link/base_link/sensor/air_pressure_sensor/air_pressure]
(2023-10-20T01:47:33.733353102) (2023-10-20T01:47:33.733378315) [Dbg] [ImuSensor.cc:149] IMU data for [x500_depth_0::base_link::imu_sensor] advertised on [world/default/model/x500_depth_0/link/base_link/sensor/imu_sensor/imu]
(2023-10-20T01:47:33.734251886) (2023-10-20T01:47:33.734268093) [Msg] Serving scene information on [/world/default/scene/info]
(2023-10-20T01:47:33.734400594) (2023-10-20T01:47:33.734418417) [Msg] Serving graph information on [/world/default/scene/graph]
(2023-10-20T01:47:33.734717490) (2023-10-20T01:47:33.734736043) [Msg] Serving full state on [/world/default/state]
(2023-10-20T01:47:33.734855023) (2023-10-20T01:47:33.734872009) [Msg] Serving full state (async) on [/world/default/state_async]
(2023-10-20T01:47:33.734997544) (2023-10-20T01:47:33.735014810) [Msg] Publishing scene information on [/world/default/scene/info]
(2023-10-20T01:47:33.735196175) (2023-10-20T01:47:33.735207977) [Msg] Publishing entity deletions on [/world/default/scene/deletion]
(2023-10-20T01:47:33.735304772) (2023-10-20T01:47:33.735316478) [Msg] Publishing state changes on [/world/default/state]
(2023-10-20T01:47:33.735446776) (2023-10-20T01:47:33.735457827) [Msg] Publishing pose messages on [/world/default/pose/info]
(2023-10-20T01:47:33.735581114) (2023-10-20T01:47:33.735592280) [Msg] Publishing dynamic pose messages on [/world/default/dynamic_pose/info]
(2023-10-20T01:47:33.736634658) (2023-10-20T01:47:33.736656570) [Dbg] [EntityComponentManager.cc:1655] Updated state thread iterators: 8 threads processing around 13 entities each.
(2023-10-20T01:47:33.754629067) (2023-10-20T01:47:33.754647228) [Wrn] [Component.hh:144] Trying to serialize component with data type [N3sdf3v135WorldE], which doesn't have `operator<<`. Component will not be serialized.
(2023-10-20T01:47:33.754898145) (2023-10-20T01:47:33.754916230) [Wrn] [Model.hh:69] Skipping serialization / deserialization for models with //pose/@relative_to attribute.
(2023-10-20T01:47:33.759207822) ((2023-10-20T01:47:33.759236753((2023-10-20T01:47:33.759300857) (2023-10-20T01:47:33.7592852302023-10-20T01:47:33.7593206662023-10-20T01:47:33.7592852302023-10-20T01:47:33.759320666(2023-10-20T01:47:33.7592628652023-10-20T01:47:33.7592852302023-10-20T01:47:33.759320666(2023-10-20T01:47:33.759262865) () ) ) 2023-10-20T01:47:33.759442390) (2023-10-20T01:47:33.759471194) 2023-10-20T01:47:33.759376123) (2023-10-20T01:47:33.759523300[Dbg] [SimulationRunner.cc:530] 2023-10-20T01:47:33.759552457[Dbg] [SimulationRunner.cc:530] 2023-10-20T01:47:33.759552457) ) (2023-10-20T01:47:33.759585812) Exiting postupdate worker thread (3)[Dbg] [SimulationRunner.cc:530] [Dbg] [SimulationRunner.cc:530] Exiting postupdate worker thread (5)

Exiting postupdate worker thread ([Dbg] [SimulationRunner.cc:530] [Dbg] [SimulationRunner.cc:530] Exiting postupdate worker thread (2)
1)

Exiting postupdate worker thread ([Dbg] [SimulationRunner.cc:530] Exiting postupdate worker thread (0)

Exiting postupdate worker thread ([Dbg] [SimulationRunner.cc:530] Exiting postupdate worker thread (4)
(2023-10-20T01:47:33.760090959) (2023-10-20T01:47:33.760108417) [Dbg] [SimulationRunner.cc:503] Creating PostUpdate worker threads: 7
(2023-10-20T01:47:33.760156232) (2023-10-20T01:47:33.760169740) [Dbg] [SimulationRunner.cc:514] Creating postupdate worker thread (0)
(2023-10-20T01:47:33.760255453) (2023-10-20T01:47:33.760270532) [Dbg] [SimulationRunner.cc:514] Creating postupdate worker thread (1)
(2023-10-20T01:47:33.760353275) (2023-10-20T01:47:33.760368967) [Dbg] [SimulationRunner.cc:514] Creating postupdate worker thread (2)
(2023-10-20T01:47:33.760441928) (2023-10-20T01:47:33.760458799) [Dbg] [SimulationRunner.cc:514] Creating postupdate worker thread (3)
(2023-10-20T01:47:33.760532498) (2023-10-20T01:47:33.760548687) [Dbg] [SimulationRunner.cc:514] Creating postupdate worker thread (4)
(2023-10-20T01:47:33.760656813) (2023-10-20T01:47:33.760672968) [Dbg] [SimulationRunner.cc:514] Creating postupdate worker thread (5)
(2023-10-20T01:47:34.23388574) (2023-10-20T01:47:34.23400213) [Dbg] [RenderUtil.cc:2720] Create scene [scene]
(2023-10-20T01:47:34.74625623) (2023-10-20T01:47:34.74645187) [Dbg] [Sensors.cc:277] Rendering Thread initialized
(2023-10-20T01:47:34.74706264) (2023-10-20T01:47:34.74731055) [Dbg] [Sensors.cc:659] Initialization needed
(2023-10-20T01:47:34.80355744) (2023-10-20T01:47:34.80370392) [Wrn] [FuelClient.cc:1952] The fuel.ignitionrobotics.org URL is deprecrated. Pleasse change https://fuel.ignitionrobotics.org/1.0/openrobotics/models/prius hybrid/2/files/meshes/Hybrid.obj to https://fuel.gazebosim.org/1.0/openrobotics/models/prius hybrid/2/files/meshes/Hybrid.obj
(2023-10-20T01:47:34.80496728) (2023-10-20T01:47:34.80506924) [Wrn] [FuelClient.cc:1952] The fuel.ignitionrobotics.org URL is deprecrated. Pleasse change https://fuel.ignitionrobotics.org/1.0/openrobotics/models/prius hybrid/2/files/meshes/Hybrid.obj to https://fuel.gazebosim.org/1.0/openrobotics/models/prius hybrid/2/files/meshes/Hybrid.obj
(2023-10-20T01:47:34.84949077) (2023-10-20T01:47:34.84963350) [Wrn] [OBJLoader.cc:91] Both `d` and `Tr` parameters defined for "Hybrid". Use the value of `d` for dissolve (line 8 in .mtl.)
Both `d` and `Tr` parameters defined for "Wheels3". Use the value of `d` for dissolve (line 22 in .mtl.)
Both `d` and `Tr` parameters defined for "Hybrid_Interior". Use the value of `d` for dissolve (line 36 in .mtl.)
Both `d` and `Tr` parameters defined for "Windows". Use the value of `d` for dissolve (line 50 in .mtl.)

(2023-10-20T01:47:36.943836663) (2023-10-20T01:47:36.943858667) [Dbg] [CameraSensor.cc:458] Camera images for [prius_hybrid::chassis::back_camera_sensor] advertised on [back_camera]
(2023-10-20T01:47:36.944093749) (2023-10-20T01:47:36.944111669) [Dbg] [CameraSensor.cc:786] Camera info for [prius_hybrid::chassis::back_camera_sensor] advertised on [/camera_info]
(2023-10-20T01:47:36.944325926) (2023-10-20T01:47:36.944337174) [Wrn] [Ogre2Camera.cc:412] Ogre2Camera::SetVisibilityMask: Mask bits c0000000 are set but will be ignored as they conflict with the reserved bits used internally by the ogre2 backend.
(2023-10-20T01:47:36.944808077) (2023-10-20T01:47:36.944827627) [Dbg] [CameraSensor.cc:458] Camera images for [prius_hybrid::chassis::front_camera_sensor] advertised on [front_camera]
(2023-10-20T01:47:36.944936497) (2023-10-20T01:47:36.944954223) [Dbg] [CameraSensor.cc:786] Camera info for [prius_hybrid::chassis::front_camera_sensor] advertised on [/camera_info]
(2023-10-20T01:47:36.945026142) (2023-10-20T01:47:36.945037270) [Wrn] [Ogre2Camera.cc:412] Ogre2Camera::SetVisibilityMask: Mask bits c0000000 are set but will be ignored as they conflict with the reserved bits used internally by the ogre2 backend.
(2023-10-20T01:47:36.945311769) (2023-10-20T01:47:36.945330583) [Dbg] [CameraSensor.cc:458] Camera images for [prius_hybrid::chassis::left_camera_sensor] advertised on [left_camera]
(2023-10-20T01:47:36.945439460) (2023-10-20T01:47:36.945456621) [Dbg] [CameraSensor.cc:786] Camera info for [prius_hybrid::chassis::left_camera_sensor] advertised on [/camera_info]
(2023-10-20T01:47:36.945523972) (2023-10-20T01:47:36.945533605) [Wrn] [Ogre2Camera.cc:412] Ogre2Camera::SetVisibilityMask: Mask bits c0000000 are set but will be ignored as they conflict with the reserved bits used internally by the ogre2 backend.
(2023-10-20T01:47:36.945793934) (2023-10-20T01:47:36.945814143) [Dbg] [CameraSensor.cc:458] Camera images for [prius_hybrid::chassis::right_camera_sensor] advertised on [right_camera]
(2023-10-20T01:47:36.945920403) (2023-10-20T01:47:36.945937831) [Dbg] [CameraSensor.cc:786] Camera info for [prius_hybrid::chassis::right_camera_sensor] advertised on [/camera_info]
(2023-10-20T01:47:36.946002617) (2023-10-20T01:47:36.946012177) [Wrn] [Ogre2Camera.cc:412] Ogre2Camera::SetVisibilityMask: Mask bits c0000000 are set but will be ignored as they conflict with the reserved bits used internally by the ogre2 backend.
(2023-10-20T01:47:36.946326292) (2023-10-20T01:47:36.946345190) [Dbg] [CameraSensor.cc:458] Camera images for [x500_depth_0::OakD-Lite/base_link::IMX214] advertised on [camera]
(2023-10-20T01:47:36.946459111) (2023-10-20T01:47:36.946476119) [Dbg] [CameraSensor.cc:786] Camera info for [x500_depth_0::OakD-Lite/base_link::IMX214] advertised on [/camera_info]
(2023-10-20T01:47:36.946546522) (2023-10-20T01:47:36.946556543) [Wrn] [Ogre2Camera.cc:412] Ogre2Camera::SetVisibilityMask: Mask bits c0000000 are set but will be ignored as they conflict with the reserved bits used internally by the ogre2 backend.
(2023-10-20T01:47:36.946941886) (2023-10-20T01:47:36.946960966) [Dbg] [DepthCameraSensor.cc:282] Depth images for [x500_depth_0::OakD-Lite/base_link::StereoOV7251] advertised on [depth_camera]
(2023-10-20T01:47:36.947095959) (2023-10-20T01:47:36.947113619) [Dbg] [CameraSensor.cc:786] Camera info for [x500_depth_0::OakD-Lite/base_link::StereoOV7251] advertised on [/camera_info]
(2023-10-20T01:47:36.947331004) (2023-10-20T01:47:36.947349351) [Dbg] [DepthCameraSensor.cc:299] Points for [x500_depth_0::OakD-Lite/base_link::StereoOV7251] advertised on [depth_camera/points]
(2023-10-20T01:49:10.151908408) (2023-10-20T01:49:10.151940891) [Dbg] [SignalHandler.cc:142] Received signal[2].
(2023-10-20T01:49:10.151993997) (2023-10-20T01:49:10.152009230) [Dbg] [ServerPrivate.cc:115] Server received signal[2]
(2023-10-20T01:49:10.152060312) (2023-10-20T01:49:10.152073761) [Dbg] [Sensors.cc:433] SensorsPrivate::Stop
(2023-10-20T01:49:10.322537889) (2023-10-20T01:49:10.322557810) [Dbg] [Sensors.cc:419] SensorsPrivate::RenderThread stopped
(2023-10-20T01:49:10.324086927) (2023-10-20T01:49:10.324102937) [Dbg] [gz.cc:417] Shutting down gz-sim-server
(2023-10-20T01:49:10.330681958) (2023-10-20T01:49:10.330693631) (2023-10-20T01:49:10.330752644) [Dbg] [SimulationRunner.cc:530] Exiting postupdate worker thread (Exiting postupdate worker thread ((2023-10-20T01:49:10.331080080) (2023-10-20T01:49:10.331113183) 2023-10-20T01:49:10.330707410) (2023-10-20T01:49:10.331264887) (2023-10-20T01:49:10.331281510) (2023-10-20T01:49:10.331326848) (2023-10-20T01:49:10.331343213) (2023-10-20T01:49:10.331392043) (2023-10-20T01:49:10.331415549) )[Dbg] [SimulationRunner.cc:530] 
[Dbg] [SimulationRunner.cc:530] Exiting postupdate worker thread (4)
[Dbg] [SimulationRunner.cc:530] Exiting postupdate worker thread (0)
[Dbg] [SimulationRunner.cc:530] Exiting postupdate worker thread (2)
[Dbg] [SimulationRunner.cc:530] Exiting postupdate worker thread (3)
)[Dbg] [SimulationRunner.cc:530] Exiting postupdate worker thread (1)
(2023-10-20T01:49:10.374457554) (2023-10-20T01:49:10.374476236) [Dbg] [Sensors.cc:433] SensorsPrivate::Stop
