(2023-11-06T22:14:37.695839177) (2023-11-06T22:14:37.695879475) [Msg] Gazebo Sim Server v7.6.0
(2023-11-06T22:14:37.705443869) (2023-11-06T22:14:37.705496436) [Msg] Loading default world.
(2023-11-06T22:14:37.992280420) (2023-11-06T22:14:37.992334587) [Msg] Serving entity system service on [/entity/system/add]
(2023-11-06T22:14:37.993301604) (2023-11-06T22:14:37.993330603) [Msg] Loaded level [3]
(2023-11-06T22:14:37.993474041) (2023-11-06T22:14:37.993494270) [Msg] No systems loaded from SDF, loading defaults
(2023-11-06T22:14:37.994492219) (2023-11-06T22:14:37.994526979) [Dbg] [ServerConfig.cc:1062] Loaded (3) plugins from file [/home/bassam/.gz/sim/7/server.config]
(2023-11-06T22:14:38.458673446) (2023-11-06T22:14:38.458717959) [Dbg] [Physics.cc:880] Loaded [gz::physics::dartsim::Plugin] from library [/usr/lib/x86_64-linux-gnu/gz-physics-6/engine-plugins/libgz-physics-dartsim-plugin.so]
(2023-11-06T22:14:38.458935751) (2023-11-06T22:14:38.458963909) [Dbg] [SystemManager.cc:74] Loaded system [gz::sim::systems::Physics] for entity [1]
(2023-11-06T22:14:38.495720647) (2023-11-06T22:14:38.495778606) [Msg] Create service on [/world/default/create]
(2023-11-06T22:14:38.496408238) (2023-11-06T22:14:38.496451028) [Msg] Remove service on [/world/default/remove]
(2023-11-06T22:14:38.497023294) (2023-11-06T22:14:38.497065211) [Msg] Pose service on [/world/default/set_pose]
(2023-11-06T22:14:38.497518149) (2023-11-06T22:14:38.497602198) [Msg] Pose service on [/world/default/set_pose_vector]
(2023-11-06T22:14:38.498365778) (2023-11-06T22:14:38.498412804) [Msg] Light configuration service on [/world/default/light_config]
(2023-11-06T22:14:38.499389908) (2023-11-06T22:14:38.499429955) [Msg] Physics service on [/world/default/set_physics]
(2023-11-06T22:14:38.500417058) (2023-11-06T22:14:38.500459345) [Msg] SphericalCoordinates service on [/world/default/set_spherical_coordinates]
(2023-11-06T22:14:38.501358928) (2023-11-06T22:14:38.501403248) [Msg] Enable collision service on [/world/default/enable_collision]
(2023-11-06T22:14:38.502383057) (2023-11-06T22:14:38.502415065) [Msg] Disable collision service on [/world/default/disable_collision]
(2023-11-06T22:14:38.503259717) (2023-11-06T22:14:38.503288660) [Msg] Material service on [/world/default/visual_config]
(2023-11-06T22:14:38.503884926) (2023-11-06T22:14:38.503923163) [Msg] Material service on [/world/default/wheel_slip]
(2023-11-06T22:14:38.504059711) (2023-11-06T22:14:38.504089663) [Dbg] [SystemManager.cc:74] Loaded system [gz::sim::systems::UserCommands] for entity [1]
(2023-11-06T22:14:38.509696893) (2023-11-06T22:14:38.509751636) [Dbg] [SystemManager.cc:74] Loaded system [gz::sim::systems::SceneBroadcaster] for entity [1]
(2023-11-06T22:14:38.511721805) (2023-11-06T22:14:38.511769162) [Msg] Serving world controls on [/world/default/control], [/world/default/control/state] and [/world/default/playback/control]
(2023-11-06T22:14:38.512323799) (2023-11-06T22:14:38.512364768) [Msg] Serving GUI information on [/world/default/gui/info]
(2023-11-06T22:14:38.512468765) (2023-11-06T22:14:38.512499058) [Msg] World [default] initialized with [default_physics] physics profile.
(2023-11-06T22:14:38.513192134) (2023-11-06T22:14:38.513231898) [Msg] Serving world SDF generation service on [/world/default/generate_world_sdf]
(2023-11-06T22:14:38.513739370) (2023-11-06T22:14:38.513777127) [Msg] Serving world names on [/gazebo/worlds]
(2023-11-06T22:14:38.514059947) (2023-11-06T22:14:38.514098175) [Msg] Resource path add service on [/gazebo/resource_paths/add].
(2023-11-06T22:14:38.514669506) (2023-11-06T22:14:38.514709636) [Msg] Resource path get service on [/gazebo/resource_paths/get].
(2023-11-06T22:14:38.515236902) (2023-11-06T22:14:38.515274780) [Msg] Resource path resolve service on [/gazebo/resource_paths/resolve].
(2023-11-06T22:14:38.515817288) (2023-11-06T22:14:38.515854986) [Msg] Resource paths published on [/gazebo/resource_paths].
(2023-11-06T22:14:38.516652120) (2023-11-06T22:14:38.516694482) [Msg] Server control service on [/server_control].
(2023-11-06T22:14:38.517296001) (2023-11-06T22:14:38.517335812) [Wrn] [SimulationRunner.cc:676] Found additional publishers on /stats, using namespaced stats topic only
(2023-11-06T22:14:38.517467052) (2023-11-06T22:14:38.517501381) [Dbg] [SimulationRunner.cc:678] Publishers [Address, Message Type]:
(2023-11-06T22:14:38.517611595) (2023-11-06T22:14:38.517645610) [Dbg] [SimulationRunner.cc:683]   tcp://172.17.0.1:32997, gz.msgs.WorldStatistics
(2023-11-06T22:14:38.518422672) (2023-11-06T22:14:38.518466089) [Wrn] [SimulationRunner.cc:709] Found additional publishers on /clock, using namespaced clock topic only
(2023-11-06T22:14:38.518557224) (2023-11-06T22:14:38.518589268) [Dbg] [SimulationRunner.cc:711] Publishers [Address, Message Type]:
(2023-11-06T22:14:38.518645724) (2023-11-06T22:14:38.518676594) [Dbg] [SimulationRunner.cc:716]   tcp://172.17.0.1:32997, gz.msgs.Clock
(2023-11-06T22:14:38.519005718) (2023-11-06T22:14:38.519045119) [Dbg] [SimulationRunner.cc:503] Creating PostUpdate worker threads: 2
(2023-11-06T22:14:38.519143441) (2023-11-06T22:14:38.519175371) [Dbg] [SimulationRunner.cc:514] Creating postupdate worker thread (0)
(2023-11-06T22:14:38.523030331) (2023-11-06T22:14:38.523074273) [Msg] Serving scene information on [/world/default/scene/info]
(2023-11-06T22:14:38.523664308) (2023-11-06T22:14:38.523707700) [Msg] Serving graph information on [/world/default/scene/graph]
(2023-11-06T22:14:38.524291182) (2023-11-06T22:14:38.524331966) [Msg] Serving full state on [/world/default/state]
(2023-11-06T22:14:38.524583220) (2023-11-06T22:14:38.524619253) [Msg] Serving full state (async) on [/world/default/state_async]
(2023-11-06T22:14:38.525065968) (2023-11-06T22:14:38.525107739) [Msg] Publishing scene information on [/world/default/scene/info]
(2023-11-06T22:14:38.525683599) (2023-11-06T22:14:38.525710339) [Msg] Publishing entity deletions on [/world/default/scene/deletion]
(2023-11-06T22:14:38.526080929) (2023-11-06T22:14:38.526166459) [Msg] Publishing state changes on [/world/default/state]
(2023-11-06T22:14:38.526777775) (2023-11-06T22:14:38.526819770) [Msg] Publishing pose messages on [/world/default/pose/info]
(2023-11-06T22:14:38.527418323) (2023-11-06T22:14:38.527583884) [Msg] Publishing dynamic pose messages on [/world/default/dynamic_pose/info]
(2023-11-06T22:14:38.528640222) (2023-11-06T22:14:38.528681283) [Wrn] [Component.hh:144] Trying to serialize component with data type [N3sdf3v135WorldE], which doesn't have `operator<<`. Component will not be serialized.
(2023-11-06T22:14:52.645677091) (2023-11-06T22:14:52.645733694) [Dbg] [SignalHandler.cc:142] Received signal[2].
(2023-11-06T22:14:52.645822193) (2023-11-06T22:14:52.645855204) [Dbg] [ServerPrivate.cc:115] Server received signal[2]
(2023-11-06T22:14:52.646210379) (2023-11-06T22:14:52.646246904) [Dbg] [gz.cc:417] Shutting down gz-sim-server
(2023-11-06T22:14:52.655884404) (2023-11-06T22:14:52.655922602) [Dbg] [SimulationRunner.cc:530] Exiting postupdate worker thread (0)
