(2023-10-19T19:23:38.93475398) (2023-10-19T19:23:38.93503356) [Dbg] [Application.cc:96] Initializing application.
(2023-10-19T19:23:38.93566342) (2023-10-19T19:23:38.93571979) [Dbg] [Application.cc:128] Qt using OpenGL graphics interface
(2023-10-19T19:23:38.94913220) (2023-10-19T19:23:38.94920345) [GUI] [Dbg] [Application.cc:607] Create main window
(2023-10-19T19:23:44.411631199) (2023-10-19T19:23:44.411669919) [GUI] [Dbg] [SignalHandler.cc:142] Received signal[2].
(2023-10-19T19:23:44.411808696) (2023-10-19T19:23:44.411829379) [GUI] [Dbg] [Application.cc:173] Terminating application.
(2023-10-19T19:23:44.412883442) (2023-10-19T19:23:44.412913730) [GUI] [Wrn] [Application.cc:859] [QT] qrc:qml/Main.qml:52: TypeError: Cannot read property 'dialogOnExitText' of null
(2023-10-19T19:23:44.413028989) (2023-10-19T19:23:44.413048445) [GUI] [Wrn] [Application.cc:859] [QT] qrc:qml/Main.qml:54: TypeError: Cannot read property 'exitDialogShowCloseGui' of null
(2023-10-19T19:23:44.413130950) (2023-10-19T19:23:44.413152063) [GUI] [Wrn] [Application.cc:859] [QT] qrc:qml/Main.qml:53: TypeError: Cannot read property 'exitDialogShowShutdown' of null
(2023-10-19T19:23:44.413273716) (2023-10-19T19:23:44.413293441) [GUI] [Wrn] [Application.cc:859] [QT] qrc:qml/Main.qml:251: TypeError: Cannot read property 'showDrawer' of null
(2023-10-19T19:23:44.413378314) (2023-10-19T19:23:44.413397361) [GUI] [Wrn] [Application.cc:859] [QT] qrc:/qml/SideDrawer.qml:93: TypeError: Cannot read property 'showDefaultDrawerOpts' of null
(2023-10-19T19:23:44.413480891) (2023-10-19T19:23:44.413500527) [GUI] [Wrn] [Application.cc:859] [QT] qrc:/qml/GzSplit.qml:56: TypeError: Cannot read property 'pluginCount' of null
(2023-10-19T19:23:44.413590813) (2023-10-19T19:23:44.413609868) [GUI] [Wrn] [Application.cc:859] [QT] qrc:qml/Main.qml:41: TypeError: Cannot read property 'toolBarColorLight' of null
(2023-10-19T19:23:44.413688351) (2023-10-19T19:23:44.413706745) [GUI] [Wrn] [Application.cc:859] [QT] qrc:qml/Main.qml:42: TypeError: Cannot read property 'toolBarTextColorLight' of null
(2023-10-19T19:23:44.413786377) (2023-10-19T19:23:44.413804734) [GUI] [Wrn] [Application.cc:859] [QT] qrc:qml/Main.qml:43: TypeError: Cannot read property 'toolBarColorDark' of null
(2023-10-19T19:23:44.413881282) (2023-10-19T19:23:44.413899439) [GUI] [Wrn] [Application.cc:859] [QT] qrc:qml/Main.qml:44: TypeError: Cannot read property 'toolBarTextColorDark' of null
(2023-10-19T19:23:44.413976092) (2023-10-19T19:23:44.413994817) [GUI] [Wrn] [Application.cc:859] [QT] qrc:qml/Main.qml:45: TypeError: Cannot read property 'pluginToolBarColorLight' of null
(2023-10-19T19:23:44.414069716) (2023-10-19T19:23:44.414088903) [GUI] [Wrn] [Application.cc:859] [QT] qrc:qml/Main.qml:46: TypeError: Cannot read property 'pluginToolBarTextColorLight' of null
(2023-10-19T19:23:44.414197843) (2023-10-19T19:23:44.414217911) [GUI] [Wrn] [Application.cc:859] [QT] qrc:qml/Main.qml:47: TypeError: Cannot read property 'pluginToolBarColorDark' of null
(2023-10-19T19:23:44.414300717) (2023-10-19T19:23:44.414319215) [GUI] [Wrn] [Application.cc:859] [QT] qrc:qml/Main.qml:48: TypeError: Cannot read property 'pluginToolBarTextColorDark' of null
(2023-10-19T19:23:44.414395398) (2023-10-19T19:23:44.414413959) [GUI] [Wrn] [Application.cc:859] [QT] qrc:qml/Main.qml:50: TypeError: Cannot read property 'defaultExitAction' of null
(2023-10-19T19:23:44.414490538) (2023-10-19T19:23:44.414509320) [GUI] [Wrn] [Application.cc:859] [QT] qrc:qml/Main.qml:51: TypeError: Cannot read property 'showDialogOnExit' of null
(2023-10-19T19:23:44.414586030) (2023-10-19T19:23:44.414604844) [GUI] [Wrn] [Application.cc:859] [QT] qrc:qml/Main.qml:55: TypeError: Cannot read property 'exitDialogShutdownText' of null
(2023-10-19T19:23:44.414680748) (2023-10-19T19:23:44.414699318) [GUI] [Wrn] [Application.cc:859] [QT] qrc:qml/Main.qml:56: TypeError: Cannot read property 'exitDialogCloseGuiText' of null
(2023-10-19T19:23:44.414776789) (2023-10-19T19:23:44.414796198) [GUI] [Wrn] [Application.cc:859] [QT] qrc:qml/Main.qml:66: TypeError: Cannot read property 'toolBarColorLight' of null
(2023-10-19T19:23:44.414907987) (2023-10-19T19:23:44.414928310) [GUI] [Wrn] [Application.cc:859] [QT] qrc:qml/Main.qml:76: TypeError: Cannot read property 'toolBarTextColorLight' of null
(2023-10-19T19:23:44.415021998) (2023-10-19T19:23:44.415040975) [GUI] [Wrn] [Application.cc:859] [QT] qrc:/qml/PluginMenu.qml:126: TypeError: Cannot call method 'PluginListModel' of null
(2023-10-19T19:23:44.415135282) (2023-10-19T19:23:44.415153831) [GUI] [Wrn] [Application.cc:859] [QT] qrc:qml/Main.qml:219: TypeError: Cannot read property 'showPluginMenu' of null
(2023-10-19T19:23:44.415232010) (2023-10-19T19:23:44.415250784) [GUI] [Wrn] [Application.cc:859] [QT] qrc:qml/Main.qml:202: TypeError: Cannot read property 'showDrawer' of null
(2023-10-19T19:23:44.415328569) (2023-10-19T19:23:44.415347403) [GUI] [Wrn] [Application.cc:859] [QT] qrc:qml/Main.qml:188: TypeError: Cannot read property 'showDrawer' of null
