(2023-10-20T02:12:19.216970729) (2023-10-20T02:12:19.216989904) [Msg] Gazebo Sim Server v7.6.0
(2023-10-20T02:12:19.222809545) (2023-10-20T02:12:19.222825997) [Msg] Loading SDF world file[/home/bassam/PX4-Autopilot/Tools/simulation/gz/worlds/default.sdf].
(2023-10-20T02:12:19.398389274) (2023-10-20T02:12:19.398408594) [Msg] Serving entity system service on [/entity/system/add]
(2023-10-20T02:12:19.604049788) (2023-10-20T02:12:19.604074785) [Dbg] [Physics.cc:880] Loaded [gz::physics::dartsim::Plugin] from library [/usr/lib/x86_64-linux-gnu/gz-physics-6/engine-plugins/libgz-physics-dartsim-plugin.so]
(2023-10-20T02:12:19.604208383) (2023-10-20T02:12:19.604224325) [Dbg] [SystemManager.cc:74] Loaded system [gz::sim::systems::Physics] for entity [1]
(2023-10-20T02:12:19.716622325) (2023-10-20T02:12:19.716646311) [Msg] Create service on [/world/default/create]
(2023-10-20T02:12:19.716930473) (2023-10-20T02:12:19.716950291) [Msg] Remove service on [/world/default/remove]
(2023-10-20T02:12:19.717169462) (2023-10-20T02:12:19.717188504) [Msg] Pose service on [/world/default/set_pose]
(2023-10-20T02:12:19.717407534) (2023-10-20T02:12:19.717426180) [Msg] Pose service on [/world/default/set_pose_vector]
(2023-10-20T02:12:19.717776094) (2023-10-20T02:12:19.717795300) [Msg] Light configuration service on [/world/default/light_config]
(2023-10-20T02:12:19.718150287) (2023-10-20T02:12:19.718169310) [Msg] Physics service on [/world/default/set_physics]
(2023-10-20T02:12:19.718391219) (2023-10-20T02:12:19.718403682) [Msg] SphericalCoordinates service on [/world/default/set_spherical_coordinates]
(2023-10-20T02:12:19.718499870) (2023-10-20T02:12:19.718510525) [Msg] Enable collision service on [/world/default/enable_collision]
(2023-10-20T02:12:19.718596973) (2023-10-20T02:12:19.718607300) [Msg] Disable collision service on [/world/default/disable_collision]
(2023-10-20T02:12:19.718831186) (2023-10-20T02:12:19.718843066) [Msg] Material service on [/world/default/visual_config]
(2023-10-20T02:12:19.718996998) (2023-10-20T02:12:19.719008521) [Msg] Material service on [/world/default/wheel_slip]
(2023-10-20T02:12:19.719061270) (2023-10-20T02:12:19.719073462) [Dbg] [SystemManager.cc:74] Loaded system [gz::sim::systems::UserCommands] for entity [1]
(2023-10-20T02:12:19.721308257) (2023-10-20T02:12:19.721323020) [Dbg] [SystemManager.cc:74] Loaded system [gz::sim::systems::SceneBroadcaster] for entity [1]
(2023-10-20T02:12:19.722788467) (2023-10-20T02:12:19.722802941) [Dbg] [SystemManager.cc:74] Loaded system [gz::sim::systems::Contact] for entity [1]
(2023-10-20T02:12:19.724756544) (2023-10-20T02:12:19.724771214) [Dbg] [SystemManager.cc:74] Loaded system [gz::sim::systems::Imu] for entity [1]
(2023-10-20T02:12:19.726394615) (2023-10-20T02:12:19.726408997) [Dbg] [SystemManager.cc:74] Loaded system [gz::sim::systems::AirPressure] for entity [1]
(2023-10-20T02:12:19.727910722) (2023-10-20T02:12:19.727925978) [Msg] Listening to instantaneous wrench commands in [/world/default/wrench]
(2023-10-20T02:12:19.728031366) (2023-10-20T02:12:19.728046865) [Msg] Listening to persistent wrench commands in [/world/default/wrench/persistent]
(2023-10-20T02:12:19.728146126) (2023-10-20T02:12:19.728160874) [Msg] Listening to wrench clear commands in [/world/default/wrench/clear]
(2023-10-20T02:12:19.728196465) (2023-10-20T02:12:19.728205369) [Dbg] [SystemManager.cc:74] Loaded system [gz::sim::systems::ApplyLinkWrench] for entity [1]
(2023-10-20T02:12:19.736898240) (2023-10-20T02:12:19.736915780) [Dbg] [Sensors.cc:506] Configuring Sensors system
(2023-10-20T02:12:19.737026262) (2023-10-20T02:12:19.737036676) [Dbg] [Sensors.cc:425] SensorsPrivate::Run
(2023-10-20T02:12:19.737148984) (2023-10-20T02:12:19.737160800) [Dbg] [SystemManager.cc:74] Loaded system [gz::sim::systems::Sensors] for entity [1]
(2023-10-20T02:12:19.737215507) (2023-10-20T02:12:19.737235025) [Dbg] [Sensors.cc:402] SensorsPrivate::RenderThread started
(2023-10-20T02:12:19.737262687) (2023-10-20T02:12:19.737271120) [Dbg] [Sensors.cc:245] Waiting for init
(2023-10-20T02:12:19.740805897) (2023-10-20T02:12:19.740821497) [Wrn] [SystemLoader.cc:79] Trying to load deprecated plugin [ignition-gazebo-ackermann-steering-system]. Using [gz-sim-ackermann-steering-system] instead.
(2023-10-20T02:12:19.742626303) (2023-10-20T02:12:19.742642394) [Msg] AckermannSteering subscribing to twist messages on [/cmd_vel]
(2023-10-20T02:12:19.742964649) (2023-10-20T02:12:19.742978177) [Dbg] [SystemManager.cc:74] Loaded system [ignition::gazebo::systems::AckermannSteering] for entity [8]
(2023-10-20T02:12:19.743161596) (2023-10-20T02:12:19.743172318) [Msg] Loaded level [3]
(2023-10-20T02:12:19.745328639) (2023-10-20T02:12:19.745343590) [Msg] Serving world controls on [/world/default/control], [/world/default/control/state] and [/world/default/playback/control]
(2023-10-20T02:12:19.745677751) (2023-10-20T02:12:19.745690641) [Msg] Serving GUI information on [/world/default/gui/info]
(2023-10-20T02:12:19.745722622) (2023-10-20T02:12:19.745731510) [Msg] World [default] initialized with [default_physics] physics profile.
(2023-10-20T02:12:19.745947268) (2023-10-20T02:12:19.745963586) [Msg] Serving world SDF generation service on [/world/default/generate_world_sdf]
(2023-10-20T02:12:19.746122047) (2023-10-20T02:12:19.746133875) [Msg] Serving world names on [/gazebo/worlds]
(2023-10-20T02:12:19.746234857) (2023-10-20T02:12:19.746246158) [Msg] Resource path add service on [/gazebo/resource_paths/add].
(2023-10-20T02:12:19.746346270) (2023-10-20T02:12:19.746357888) [Msg] Resource path get service on [/gazebo/resource_paths/get].
(2023-10-20T02:12:19.746458510) (2023-10-20T02:12:19.746469353) [Msg] Resource path resolve service on [/gazebo/resource_paths/resolve].
(2023-10-20T02:12:19.746576505) (2023-10-20T02:12:19.746590308) [Msg] Resource paths published on [/gazebo/resource_paths].
(2023-10-20T02:12:19.746773190) (2023-10-20T02:12:19.746789075) [Msg] Server control service on [/server_control].
(2023-10-20T02:12:21.220659987) (2023-10-20T02:12:21.220679099) [Msg] Found no publishers on /stats, adding root stats topic
(2023-10-20T02:12:21.220953935) (2023-10-20T02:12:21.220966827) [Msg] Found no publishers on /clock, adding root clock topic
(2023-10-20T02:12:21.221263009) (2023-10-20T02:12:21.221275914) [Dbg] [SimulationRunner.cc:503] Creating PostUpdate worker threads: 7
(2023-10-20T02:12:21.221310935) (2023-10-20T02:12:21.221319247) [Dbg] [SimulationRunner.cc:514] Creating postupdate worker thread (0)
(2023-10-20T02:12:21.221465448) (2023-10-20T02:12:21.221477593) [Dbg] [SimulationRunner.cc:514] Creating postupdate worker thread (1)
(2023-10-20T02:12:21.221573645) (2023-10-20T02:12:21.221585609) [Dbg] [SimulationRunner.cc:514] Creating postupdate worker thread (2)
(2023-10-20T02:12:21.221678566) (2023-10-20T02:12:21.221690229) [Dbg] [SimulationRunner.cc:514] Creating postupdate worker thread (3)
(2023-10-20T02:12:21.221770757) (2023-10-20T02:12:21.221782313) [Dbg] [SimulationRunner.cc:514] Creating postupdate worker thread (4)
(2023-10-20T02:12:21.221865370) (2023-10-20T02:12:21.221876769) [Dbg] [SimulationRunner.cc:514] Creating postupdate worker thread (5)
(2023-10-20T02:12:21.543804024) (2023-10-20T02:12:21.543823667) [Wrn] [MulticopterMotorModel.cc:257] No robotNamespace set using entity name.
(2023-10-20T02:12:21.543870285) (2023-10-20T02:12:21.543880228) [Wrn] [MulticopterMotorModel.cc:295] <motorNumber> is depricated, please use <actuator_number>.
(2023-10-20T02:12:21.543949615) (2023-10-20T02:12:21.543959066) [Dbg] [MulticopterMotorModel.cc:386] Listening to topic: x500_depth_0/command/motor_speed
(2023-10-20T02:12:21.544444020) (2023-10-20T02:12:21.544458190) [Dbg] [SystemManager.cc:74] Loaded system [gz::sim::systems::MulticopterMotorModel] for entity [56]
(2023-10-20T02:12:21.544946992) (2023-10-20T02:12:21.544960003) [Wrn] [MulticopterMotorModel.cc:257] No robotNamespace set using entity name.
(2023-10-20T02:12:21.544985950) (2023-10-20T02:12:21.544994759) [Wrn] [MulticopterMotorModel.cc:295] <motorNumber> is depricated, please use <actuator_number>.
(2023-10-20T02:12:21.545053542) (2023-10-20T02:12:21.545062522) [Dbg] [MulticopterMotorModel.cc:386] Listening to topic: x500_depth_0/command/motor_speed
(2023-10-20T02:12:21.545318237) (2023-10-20T02:12:21.545337046) [Dbg] [SystemManager.cc:74] Loaded system [gz::sim::systems::MulticopterMotorModel] for entity [56]
(2023-10-20T02:12:21.545739135) (2023-10-20T02:12:21.545751479) [Wrn] [MulticopterMotorModel.cc:257] No robotNamespace set using entity name.
(2023-10-20T02:12:21.545776013) (2023-10-20T02:12:21.545784526) [Wrn] [MulticopterMotorModel.cc:295] <motorNumber> is depricated, please use <actuator_number>.
(2023-10-20T02:12:21.545840835) (2023-10-20T02:12:21.545849679) [Dbg] [MulticopterMotorModel.cc:386] Listening to topic: x500_depth_0/command/motor_speed
(2023-10-20T02:12:21.546127531) (2023-10-20T02:12:21.546140094) [Dbg] [SystemManager.cc:74] Loaded system [gz::sim::systems::MulticopterMotorModel] for entity [56]
(2023-10-20T02:12:21.546530339) (2023-10-20T02:12:21.546542983) [Wrn] [MulticopterMotorModel.cc:257] No robotNamespace set using entity name.
(2023-10-20T02:12:21.546568390) (2023-10-20T02:12:21.546577456) [Wrn] [MulticopterMotorModel.cc:295] <motorNumber> is depricated, please use <actuator_number>.
(2023-10-20T02:12:21.546634419) (2023-10-20T02:12:21.546643842) [Dbg] [MulticopterMotorModel.cc:386] Listening to topic: x500_depth_0/command/motor_speed
(2023-10-20T02:12:21.546961879) (2023-10-20T02:12:21.546992271) [Dbg] [SystemManager.cc:74] Loaded system [gz::sim::systems::MulticopterMotorModel] for entity [56]
(2023-10-20T02:12:21.547428667) (2023-10-20T02:12:21.547439989) [Dbg] [UserCommands.cc:1263] Created entity [56] named [x500_depth_0]
(2023-10-20T02:12:21.565269050) (2023-10-20T02:12:21.565287434) [Dbg] [SimulationFeatures.cc:72] Simulation timestep set to: 0.004
(2023-10-20T02:12:21.566988099) (2023-10-20T02:12:21.567013804) [Dbg] [Sensors.cc:659] Initialization needed
(2023-10-20T02:12:21.567076809) (2023-10-20T02:12:21.567100865) [Dbg] [Sensors.cc:257] Initializing render context
(2023-10-20T02:12:21.567280198) (2023-10-20T02:12:21.567298259) [Msg] Loading plugin [gz-rendering-ogre2]
(2023-10-20T02:12:21.567694006) (2023-10-20T02:12:21.567715781) [Dbg] [ImuSensor.cc:149] IMU data for [x500_depth_0::base_link::imu_sensor] advertised on [world/default/model/x500_depth_0/link/base_link/sensor/imu_sensor/imu]2023-10-20T02:12:21.567786186) (2023-10-20T02:12:21.567811025) 
[Dbg] [AirPressureSensor.cc:126] Air pressure for [x500_depth_0::base_link::air_pressure_sensor] advertised on [world/default/model/x500_depth_0/link/base_link/sensor/air_pressure_sensor/air_pressure]
(2023-10-20T02:12:21.568990558) (2023-10-20T02:12:21.569010645) [Msg] Serving scene information on [/world/default/scene/info]
(2023-10-20T02:12:21.569138977) (2023-10-20T02:12:21.569157651) [Msg] Serving graph information on [/world/default/scene/graph]
(2023-10-20T02:12:21.569452375) (2023-10-20T02:12:21.569470057) [Msg] Serving full state on [/world/default/state]
(2023-10-20T02:12:21.569584684) (2023-10-20T02:12:21.569613926) [Msg] Serving full state (async) on [/world/default/state_async]
(2023-10-20T02:12:21.569738984) (2023-10-20T02:12:21.569756846) [Msg] Publishing scene information on [/world/default/scene/info]
(2023-10-20T02:12:21.569916405) (2023-10-20T02:12:21.569933727) [Msg] Publishing entity deletions on [/world/default/scene/deletion]
(2023-10-20T02:12:21.570050033) (2023-10-20T02:12:21.570067549) [Msg] Publishing state changes on [/world/default/state]
(2023-10-20T02:12:21.570202354) (2023-10-20T02:12:21.570216433) [Msg] Publishing pose messages on [/world/default/pose/info]
(2023-10-20T02:12:21.570352556) (2023-10-20T02:12:21.570364955) [Msg] Publishing dynamic pose messages on [/world/default/dynamic_pose/info]
(2023-10-20T02:12:21.571306874) (2023-10-20T02:12:21.571323497) [Dbg] [EntityComponentManager.cc:1655] Updated state thread iterators: 8 threads processing around 13 entities each.
(2023-10-20T02:12:21.597164479) (2023-10-20T02:12:21.597185344) [Wrn] [Component.hh:144] Trying to serialize component with data type [N3sdf3v135WorldE], which doesn't have `operator<<`. Component will not be serialized.
(2023-10-20T02:12:21.597444426) (2023-10-20T02:12:21.597457847) [Wrn] [Model.hh:69] Skipping serialization / deserialization for models with //pose/@relative_to attribute.
((((2023-10-20T02:12:21.602068689) (((((2023-10-20T02:12:21.602078322) (2023-10-20T02:12:21.602123169) (2023-10-20T02:12:21.602124869) (2023-10-20T02:12:21.602264145) 2023-10-20T02:12:21.602142579) 2023-10-20T02:12:21.602132126) (2023-10-20T02:12:21.6021971092023-10-20T02:12:21.602197109) () ) 2023-10-20T02:12:21.602332933) 2023-10-20T02:12:21.602390907) [Dbg] [SimulationRunner.cc:530] Exiting postupdate worker thread (2[Dbg] [SimulationRunner.cc:530] 2023-10-20T02:12:21.602216872) Exiting postupdate worker thread (1)
[Dbg] [SimulationRunner.cc:530] Exiting postupdate worker thread ([Dbg] [SimulationRunner.cc:530] 4Exiting postupdate worker thread (Exiting postupdate worker thread (
)
[Dbg] [SimulationRunner.cc:530] Exiting postupdate worker thread (5)
0)
Exiting postupdate worker thread (3)
(2023-10-20T02:12:21.603109989) (2023-10-20T02:12:21.603128659) [Dbg] [SimulationRunner.cc:503] Creating PostUpdate worker threads: 7
(2023-10-20T02:12:21.603185895) (2023-10-20T02:12:21.603200178) [Dbg] [SimulationRunner.cc:514] Creating postupdate worker thread (0)
(2023-10-20T02:12:21.603323312) (2023-10-20T02:12:21.603337987) [Dbg] [SimulationRunner.cc:514] Creating postupdate worker thread (1)
(2023-10-20T02:12:21.603427510) (2023-10-20T02:12:21.603442113) [Dbg] [SimulationRunner.cc:514] Creating postupdate worker thread (2)
(2023-10-20T02:12:21.603539377) (2023-10-20T02:12:21.603555520) [Dbg] [SimulationRunner.cc:514] Creating postupdate worker thread (3)
(2023-10-20T02:12:21.603648659) (2023-10-20T02:12:21.603665185) [Dbg] [SimulationRunner.cc:514] Creating postupdate worker thread (4)
(2023-10-20T02:12:21.603799038) (2023-10-20T02:12:21.603815420) [Dbg] [SimulationRunner.cc:514] Creating postupdate worker thread (5)
(2023-10-20T02:12:21.881560538) (2023-10-20T02:12:21.881573023) [Dbg] [RenderUtil.cc:2720] Create scene [scene]
((2023-10-20T02:12:21.933947334) (2023-10-20T02:12:21.933973888) (2023-10-20T02:12:21.933989270) 2023-10-20T02:12:21.934008735) Rendering Thread initialized
Initialization needed
(2023-10-20T02:12:21.941164261) (2023-10-20T02:12:21.941178608) [Wrn] [FuelClient.cc:1952] The fuel.ignitionrobotics.org URL is deprecrated. Pleasse change https://fuel.ignitionrobotics.org/1.0/openrobotics/models/prius hybrid/2/files/meshes/Hybrid.obj to https://fuel.gazebosim.org/1.0/openrobotics/models/prius hybrid/2/files/meshes/Hybrid.obj
(2023-10-20T02:12:21.941294886) (2023-10-20T02:12:21.941305205) [Wrn] [FuelClient.cc:1952] The fuel.ignitionrobotics.org URL is deprecrated. Pleasse change https://fuel.ignitionrobotics.org/1.0/openrobotics/models/prius hybrid/2/files/meshes/Hybrid.obj to https://fuel.gazebosim.org/1.0/openrobotics/models/prius hybrid/2/files/meshes/Hybrid.obj
(2023-10-20T02:12:21.945798341) (2023-10-20T02:12:21.945813150) [Wrn] [OBJLoader.cc:91] Both `d` and `Tr` parameters defined for "Hybrid". Use the value of `d` for dissolve (line 8 in .mtl.)
Both `d` and `Tr` parameters defined for "Wheels3". Use the value of `d` for dissolve (line 22 in .mtl.)
Both `d` and `Tr` parameters defined for "Hybrid_Interior". Use the value of `d` for dissolve (line 36 in .mtl.)
Both `d` and `Tr` parameters defined for "Windows". Use the value of `d` for dissolve (line 50 in .mtl.)

(2023-10-20T02:12:24.857978704) (2023-10-20T02:12:24.858000717) [Dbg] [CameraSensor.cc:458] Camera images for [prius_hybrid::chassis::back_camera_sensor] advertised on [back_camera]
(2023-10-20T02:12:24.858244247) (2023-10-20T02:12:24.858263216) [Dbg] [CameraSensor.cc:786] Camera info for [prius_hybrid::chassis::back_camera_sensor] advertised on [/camera_info]
(2023-10-20T02:12:24.858462979) (2023-10-20T02:12:24.858473722) [Wrn] [Ogre2Camera.cc:412] Ogre2Camera::SetVisibilityMask: Mask bits c0000000 are set but will be ignored as they conflict with the reserved bits used internally by the ogre2 backend.
(2023-10-20T02:12:24.859017366) (2023-10-20T02:12:24.859037311) [Dbg] [CameraSensor.cc:458] Camera images for [prius_hybrid::chassis::front_camera_sensor] advertised on [front_camera]
(2023-10-20T02:12:24.859168137) (2023-10-20T02:12:24.859186970) [Dbg] [CameraSensor.cc:786] Camera info for [prius_hybrid::chassis::front_camera_sensor] advertised on [/camera_info]
(2023-10-20T02:12:24.859264400) (2023-10-20T02:12:24.859275341) [Wrn] [Ogre2Camera.cc:412] Ogre2Camera::SetVisibilityMask: Mask bits c0000000 are set but will be ignored as they conflict with the reserved bits used internally by the ogre2 backend.
(2023-10-20T02:12:24.859564765) (2023-10-20T02:12:24.859584356) [Dbg] [CameraSensor.cc:458] Camera images for [prius_hybrid::chassis::left_camera_sensor] advertised on [left_camera]
(2023-10-20T02:12:24.859698241) (2023-10-20T02:12:24.859716630) [Dbg] [CameraSensor.cc:786] Camera info for [prius_hybrid::chassis::left_camera_sensor] advertised on [/camera_info]
(2023-10-20T02:12:24.859789559) (2023-10-20T02:12:24.859799525) [Wrn] [Ogre2Camera.cc:412] Ogre2Camera::SetVisibilityMask: Mask bits c0000000 are set but will be ignored as they conflict with the reserved bits used internally by the ogre2 backend.
(2023-10-20T02:12:24.860044240) (2023-10-20T02:12:24.860063323) [Dbg] [CameraSensor.cc:458] Camera images for [prius_hybrid::chassis::right_camera_sensor] advertised on [right_camera]
(2023-10-20T02:12:24.860174709) (2023-10-20T02:12:24.860192541) [Dbg] [CameraSensor.cc:786] Camera info for [prius_hybrid::chassis::right_camera_sensor] advertised on [/camera_info]
(2023-10-20T02:12:24.860264671) (2023-10-20T02:12:24.860274910) [Wrn] [Ogre2Camera.cc:412] Ogre2Camera::SetVisibilityMask: Mask bits c0000000 are set but will be ignored as they conflict with the reserved bits used internally by the ogre2 backend.
(2023-10-20T02:12:24.860538007) (2023-10-20T02:12:24.860556642) [Dbg] [CameraSensor.cc:458] Camera images for [x500_depth_0::OakD-Lite/base_link::IMX214] advertised on [camera]
(2023-10-20T02:12:24.860677890) (2023-10-20T02:12:24.860695425) [Dbg] [CameraSensor.cc:786] Camera info for [x500_depth_0::OakD-Lite/base_link::IMX214] advertised on [/camera_info]
(2023-10-20T02:12:24.860775966) (2023-10-20T02:12:24.860786988) [Wrn] [Ogre2Camera.cc:412] Ogre2Camera::SetVisibilityMask: Mask bits c0000000 are set but will be ignored as they conflict with the reserved bits used internally by the ogre2 backend.
(2023-10-20T02:12:24.861185011) (2023-10-20T02:12:24.861203629) [Dbg] [DepthCameraSensor.cc:282] Depth images for [x500_depth_0::OakD-Lite/base_link::StereoOV7251] advertised on [depth_camera]
(2023-10-20T02:12:24.861341395) (2023-10-20T02:12:24.861359453) [Dbg] [CameraSensor.cc:786] Camera info for [x500_depth_0::OakD-Lite/base_link::StereoOV7251] advertised on [/camera_info]
(2023-10-20T02:12:24.861577627) (2023-10-20T02:12:24.861595797) [Dbg] [DepthCameraSensor.cc:299] Points for [x500_depth_0::OakD-Lite/base_link::StereoOV7251] advertised on [depth_camera/points]
(2023-10-20T02:13:11.688519674) (2023-10-20T02:13:11.688580125) [Dbg] [SignalHandler.cc:142] Received signal[2].
(2023-10-20T02:13:11.688640597) (2023-10-20T02:13:11.688655663) [Dbg] [ServerPrivate.cc:115] Server received signal[2]
(2023-10-20T02:13:11.688702543) (2023-10-20T02:13:11.688717006) [Dbg] [Sensors.cc:433] SensorsPrivate::Stop
(2023-10-20T02:13:11.872872015) (2023-10-20T02:13:11.872893720) [Dbg] [Sensors.cc:419] SensorsPrivate::RenderThread stopped
(2023-10-20T02:13:11.873176765) (2023-10-20T02:13:11.873192270) [Dbg] [gz.cc:417] Shutting down gz-sim-server
(2023-10-20T02:13:11.878081311) (2023-10-20T02:13:11.878124483) [Dbg] [SimulationRunner.cc:530] Exiting postupdate worker thread (5)
((2023-10-20T02:13:11.878196661) ((2023-10-20T02:13:11.8782246162023-10-20T02:13:11.878287506) (2023-10-20T02:13:11.878306716) [Dbg] [SimulationRunner.cc:530] ) Exiting postupdate worker thread (Exiting postupdate worker thread () (2023-10-20T02:13:11.878412330) (2023-10-20T02:13:11.878470772) 2023-10-20T02:13:11.878406046) 2023-10-20T02:13:11.878421064) (12023-10-20T02:13:11.878553915) )
[Dbg] [SimulationRunner.cc:530] [Dbg] [SimulationRunner.cc:530] [Dbg] [SimulationRunner.cc:530] Exiting postupdate worker thread ([Dbg] [SimulationRunner.cc:530] [Dbg] [SimulationRunner.cc:530] Exiting postupdate worker thread (0)
3)
Exiting postupdate worker thread (4[Dbg] [SimulationRunner.cc:530] [Dbg] [SimulationRunner.cc:530] Exiting postupdate worker thread (2)
)
(2023-10-20T02:13:11.924337583) (2023-10-20T02:13:11.924363832) [Dbg] [Sensors.cc:433] SensorsPrivate::Stop
