(2023-11-06T19:09:12.648045530) (2023-11-06T19:09:12.648064427) [Msg] Gazebo Sim Server v7.6.0
(2023-11-06T19:09:12.652960271) (2023-11-06T19:09:12.652975416) [Msg] Loading SDF world file[/home/bassam/PX4-Autopilot/Tools/simulation/gz/worlds/default.sdf].
(2023-11-06T19:09:12.824466485) (2023-11-06T19:09:12.824488409) [Msg] Serving entity system service on [/entity/system/add]
(2023-11-06T19:09:13.2439773) (2023-11-06T19:09:13.2465189) [Dbg] [Physics.cc:880] Loaded [gz::physics::dartsim::Plugin] from library [/usr/lib/x86_64-linux-gnu/gz-physics-6/engine-plugins/libgz-physics-dartsim-plugin.so]
(2023-11-06T19:09:13.2581283) (2023-11-06T19:09:13.2596827) [Dbg] [SystemManager.cc:74] Loaded system [gz::sim::systems::Physics] for entity [1]
(2023-11-06T19:09:13.106928162) (2023-11-06T19:09:13.106949332) [Msg] Create service on [/world/default/create]
(2023-11-06T19:09:13.107221152) (2023-11-06T19:09:13.107240609) [Msg] Remove service on [/world/default/remove]
(2023-11-06T19:09:13.107438281) (2023-11-06T19:09:13.107457676) [Msg] Pose service on [/world/default/set_pose]
(2023-11-06T19:09:13.107671827) (2023-11-06T19:09:13.107691855) [Msg] Pose service on [/world/default/set_pose_vector]
(2023-11-06T19:09:13.108024789) (2023-11-06T19:09:13.108042726) [Msg] Light configuration service on [/world/default/light_config]
(2023-11-06T19:09:13.108373803) (2023-11-06T19:09:13.108386357) [Msg] Physics service on [/world/default/set_physics]
(2023-11-06T19:09:13.108613398) (2023-11-06T19:09:13.108630927) [Msg] SphericalCoordinates service on [/world/default/set_spherical_coordinates]
(2023-11-06T19:09:13.108740534) (2023-11-06T19:09:13.108755830) [Msg] Enable collision service on [/world/default/enable_collision]
(2023-11-06T19:09:13.108863577) (2023-11-06T19:09:13.108880814) [Msg] Disable collision service on [/world/default/disable_collision]
(2023-11-06T19:09:13.109142839) (2023-11-06T19:09:13.109154476) [Msg] Material service on [/world/default/visual_config]
(2023-11-06T19:09:13.109329140) (2023-11-06T19:09:13.109341059) [Msg] Material service on [/world/default/wheel_slip]
(2023-11-06T19:09:13.109389272) (2023-11-06T19:09:13.109397895) [Dbg] [SystemManager.cc:74] Loaded system [gz::sim::systems::UserCommands] for entity [1]
(2023-11-06T19:09:13.111665015) (2023-11-06T19:09:13.111681140) [Dbg] [SystemManager.cc:74] Loaded system [gz::sim::systems::SceneBroadcaster] for entity [1]
(2023-11-06T19:09:13.113043587) (2023-11-06T19:09:13.113063618) [Dbg] [SystemManager.cc:74] Loaded system [gz::sim::systems::Contact] for entity [1]
(2023-11-06T19:09:13.115065976) (2023-11-06T19:09:13.115080388) [Dbg] [SystemManager.cc:74] Loaded system [gz::sim::systems::Imu] for entity [1]
(2023-11-06T19:09:13.116716254) (2023-11-06T19:09:13.116730508) [Dbg] [SystemManager.cc:74] Loaded system [gz::sim::systems::AirPressure] for entity [1]
(2023-11-06T19:09:13.118231891) (2023-11-06T19:09:13.118248921) [Msg] Listening to instantaneous wrench commands in [/world/default/wrench]
(2023-11-06T19:09:13.118361043) (2023-11-06T19:09:13.118379403) [Msg] Listening to persistent wrench commands in [/world/default/wrench/persistent]
(2023-11-06T19:09:13.118496978) (2023-11-06T19:09:13.118514312) [Msg] Listening to wrench clear commands in [/world/default/wrench/clear]
(2023-11-06T19:09:13.118550870) (2023-11-06T19:09:13.118559645) [Dbg] [SystemManager.cc:74] Loaded system [gz::sim::systems::ApplyLinkWrench] for entity [1]
(2023-11-06T19:09:13.128082777) (2023-11-06T19:09:13.128102083) [Dbg] [Sensors.cc:506] Configuring Sensors system
(2023-11-06T19:09:13.128216133) (2023-11-06T19:09:13.128227111) [Dbg] [Sensors.cc:425] SensorsPrivate::Run
(2023-11-06T19:09:13.128322947) (2023-11-06T19:09:13.128334126) [Dbg] [SystemManager.cc:74] Loaded system [gz::sim::systems::Sensors] for entity [1]
(2023-11-06T19:09:13.128555816) (2023-11-06T19:09:13.128577914) [Dbg] [Sensors.cc:402] SensorsPrivate::RenderThread started
(2023-11-06T19:09:13.128605541) (2023-11-06T19:09:13.128614235) [Dbg] [Sensors.cc:245] Waiting for init
(2023-11-06T19:09:13.132085813) (2023-11-06T19:09:13.132102004) [Wrn] [SystemLoader.cc:79] Trying to load deprecated plugin [ignition-gazebo-ackermann-steering-system]. Using [gz-sim-ackermann-steering-system] instead.
(2023-11-06T19:09:13.134060568) (2023-11-06T19:09:13.134077208) [Msg] AckermannSteering subscribing to twist messages on [/cmd_vel]
(2023-11-06T19:09:13.134447765) (2023-11-06T19:09:13.134461231) [Dbg] [SystemManager.cc:74] Loaded system [ignition::gazebo::systems::AckermannSteering] for entity [8]
(2023-11-06T19:09:13.134690272) (2023-11-06T19:09:13.134703335) [Msg] Loaded level [3]
(2023-11-06T19:09:13.137142732) (2023-11-06T19:09:13.137165798) [Msg] Serving world controls on [/world/default/control], [/world/default/control/state] and [/world/default/playback/control]
(2023-11-06T19:09:13.137602655) (2023-11-06T19:09:13.137616932) [Msg] Serving GUI information on [/world/default/gui/info]
(2023-11-06T19:09:13.137650265) (2023-11-06T19:09:13.137658418) [Msg] World [default] initialized with [default_physics] physics profile.
(2023-11-06T19:09:13.137948164) (2023-11-06T19:09:13.137960822) [Msg] Serving world SDF generation service on [/world/default/generate_world_sdf]
(2023-11-06T19:09:13.138130948) (2023-11-06T19:09:13.138142888) [Msg] Serving world names on [/gazebo/worlds]
(2023-11-06T19:09:13.138244889) (2023-11-06T19:09:13.138256270) [Msg] Resource path add service on [/gazebo/resource_paths/add].
(2023-11-06T19:09:13.138363768) (2023-11-06T19:09:13.138377659) [Msg] Resource path get service on [/gazebo/resource_paths/get].
(2023-11-06T19:09:13.138476013) (2023-11-06T19:09:13.138489489) [Msg] Resource path resolve service on [/gazebo/resource_paths/resolve].
(2023-11-06T19:09:13.138606071) (2023-11-06T19:09:13.138624254) [Msg] Resource paths published on [/gazebo/resource_paths].
(2023-11-06T19:09:13.138793691) (2023-11-06T19:09:13.138805716) [Msg] Server control service on [/server_control].
(2023-11-06T19:09:14.651327979) (2023-11-06T19:09:14.651347413) [Msg] Found no publishers on /stats, adding root stats topic
(2023-11-06T19:09:14.651639555) (2023-11-06T19:09:14.651657470) [Msg] Found no publishers on /clock, adding root clock topic
(2023-11-06T19:09:14.651972357) (2023-11-06T19:09:14.651991094) [Dbg] [SimulationRunner.cc:503] Creating PostUpdate worker threads: 7
(2023-11-06T19:09:14.652027282) (2023-11-06T19:09:14.652035935) [Dbg] [SimulationRunner.cc:514] Creating postupdate worker thread (0)
(2023-11-06T19:09:14.652168586) (2023-11-06T19:09:14.652185917) [Dbg] [SimulationRunner.cc:514] Creating postupdate worker thread (1)
(2023-11-06T19:09:14.652289605) (2023-11-06T19:09:14.652301248) [Dbg] [SimulationRunner.cc:514] Creating postupdate worker thread (2)
(2023-11-06T19:09:14.652384770) (2023-11-06T19:09:14.652400668) [Dbg] [SimulationRunner.cc:514] Creating postupdate worker thread (3)
(2023-11-06T19:09:14.652505078) (2023-11-06T19:09:14.652521277) [Dbg] [SimulationRunner.cc:514] Creating postupdate worker thread (4)
(2023-11-06T19:09:14.652619695) (2023-11-06T19:09:14.652636094) [Dbg] [SimulationRunner.cc:514] Creating postupdate worker thread (5)
(2023-11-06T19:09:14.979962679) (2023-11-06T19:09:14.979989415) [Wrn] [MulticopterMotorModel.cc:257] No robotNamespace set using entity name.
(2023-11-06T19:09:14.980058607) (2023-11-06T19:09:14.980075578) [Wrn] [MulticopterMotorModel.cc:295] <motorNumber> is depricated, please use <actuator_number>.
(2023-11-06T19:09:14.980192795) (2023-11-06T19:09:14.980210054) [Dbg] [MulticopterMotorModel.cc:386] Listening to topic: x500_depth_0/command/motor_speed
(2023-11-06T19:09:14.980799999) (2023-11-06T19:09:14.980816415) [Dbg] [SystemManager.cc:74] Loaded system [gz::sim::systems::MulticopterMotorModel] for entity [56]
(2023-11-06T19:09:14.981294616) (2023-11-06T19:09:14.981307174) [Wrn] [MulticopterMotorModel.cc:257] No robotNamespace set using entity name.
(2023-11-06T19:09:14.981332998) (2023-11-06T19:09:14.981341798) [Wrn] [MulticopterMotorModel.cc:295] <motorNumber> is depricated, please use <actuator_number>.
(2023-11-06T19:09:14.981400620) (2023-11-06T19:09:14.981410153) [Dbg] [MulticopterMotorModel.cc:386] Listening to topic: x500_depth_0/command/motor_speed
(2023-11-06T19:09:14.981851132) (2023-11-06T19:09:14.981871899) [Dbg] [SystemManager.cc:74] Loaded system [gz::sim::systems::MulticopterMotorModel] for entity [56]
(2023-11-06T19:09:14.982264425) (2023-11-06T19:09:14.982276862) [Wrn] [MulticopterMotorModel.cc:257] No robotNamespace set using entity name.
(2023-11-06T19:09:14.982302468) (2023-11-06T19:09:14.982311132) [Wrn] [MulticopterMotorModel.cc:295] <motorNumber> is depricated, please use <actuator_number>.
(2023-11-06T19:09:14.982369029) (2023-11-06T19:09:14.982378602) [Dbg] [MulticopterMotorModel.cc:386] Listening to topic: x500_depth_0/command/motor_speed
(2023-11-06T19:09:14.982679182) (2023-11-06T19:09:14.982698248) [Dbg] [SystemManager.cc:74] Loaded system [gz::sim::systems::MulticopterMotorModel] for entity [56]
(2023-11-06T19:09:14.983263211) (2023-11-06T19:09:14.983275885) [Wrn] [MulticopterMotorModel.cc:257] No robotNamespace set using entity name.
(2023-11-06T19:09:14.983300889) (2023-11-06T19:09:14.983309750) [Wrn] [MulticopterMotorModel.cc:295] <motorNumber> is depricated, please use <actuator_number>.
(2023-11-06T19:09:14.983366657) (2023-11-06T19:09:14.983380568) [Dbg] [MulticopterMotorModel.cc:386] Listening to topic: x500_depth_0/command/motor_speed
(2023-11-06T19:09:14.984051374) (2023-11-06T19:09:14.984070102) [Dbg] [SystemManager.cc:74] Loaded system [gz::sim::systems::MulticopterMotorModel] for entity [56]
(2023-11-06T19:09:14.984740394) (2023-11-06T19:09:14.984755255) [Dbg] [UserCommands.cc:1263] Created entity [56] named [x500_depth_0]
(2023-11-06T19:09:15.10982114) (2023-11-06T19:09:15.11000586) [Dbg] [SimulationFeatures.cc:72] Simulation timestep set to: 0.004
(2023-11-06T19:09:15.12875669) (2023-11-06T19:09:15.12912292) [Dbg] [Sensors.cc:659] Initialization needed
(2023-11-06T19:09:15.12998760) (2023-11-06T19:09:15.13022627) [Dbg] [Sensors.cc:257] Initializing render context
(2023-11-06T19:09:15.13218145) (2023-11-06T19:09:15.13237483) [Msg] Loading plugin [gz-rendering-ogre2]
(2023-11-06T19:09:15.13938537) (2023-11-06T19:09:15.13960773) [Dbg] [ImuSensor.cc:149] IMU data for [x500_depth_0::base_link::imu_sensor] advertised on [world/default/model/x500_depth_0/link/base_link/sensor/imu_sensor/imu]
2023-11-06T19:09:15.14060981) (2023-11-06T19:09:15.14094903) [Dbg] [AirPressureSensor.cc:126] Air pressure for [x500_depth_0::base_link::air_pressure_sensor] advertised on [world/default/model/x500_depth_0/link/base_link/sensor/air_pressure_sensor/air_pressure]
(2023-11-06T19:09:15.15702900) (2023-11-06T19:09:15.15726983) [Msg] Serving scene information on [/world/default/scene/info]
(2023-11-06T19:09:15.15924786) (2023-11-06T19:09:15.15944161) [Msg] Serving graph information on [/world/default/scene/graph]
(2023-11-06T19:09:15.16365731) (2023-11-06T19:09:15.16385867) [Msg] Serving full state on [/world/default/state]
(2023-11-06T19:09:15.16559746) (2023-11-06T19:09:15.16578947) [Msg] Serving full state (async) on [/world/default/state_async]
(2023-11-06T19:09:15.16754265) (2023-11-06T19:09:15.16774736) [Msg] Publishing scene information on [/world/default/scene/info]
(2023-11-06T19:09:15.17039787) (2023-11-06T19:09:15.17059447) [Msg] Publishing entity deletions on [/world/default/scene/deletion]
(2023-11-06T19:09:15.17262467) (2023-11-06T19:09:15.17281098) [Msg] Publishing state changes on [/world/default/state]
(2023-11-06T19:09:15.17428661) (2023-11-06T19:09:15.17445924) [Msg] Publishing pose messages on [/world/default/pose/info]
(2023-11-06T19:09:15.17614276) (2023-11-06T19:09:15.17632913) [Msg] Publishing dynamic pose messages on [/world/default/dynamic_pose/info]
(2023-11-06T19:09:15.19284337) (2023-11-06T19:09:15.19307598) [Dbg] [EntityComponentManager.cc:1655] Updated state thread iterators: 8 threads processing around 13 entities each.
(2023-11-06T19:09:15.45107438) (2023-11-06T19:09:15.45139836) [Wrn] [Component.hh:144] Trying to serialize component with data type [N3sdf3v135WorldE], which doesn't have `operator<<`. Component will not be serialized.
(2023-11-06T19:09:15.45378423) (2023-11-06T19:09:15.45409077) [Wrn] [Model.hh:69] Skipping serialization / deserialization for models with //pose/@relative_to attribute.
(((((2023-11-06T19:09:15.498056742023-11-06T19:09:15.49757546) 2023-11-06T19:09:15.49757546) 2023-11-06T19:09:15.497818042023-11-06T19:09:15.497255352023-11-06T19:09:15.49857477) (((() ((2023-11-06T19:09:15.49916146) ) 2023-11-06T19:09:15.49923197) ((([Dbg] [SimulationRunner.cc:530] Exiting postupdate worker thread (Exiting postupdate worker thread (2023-11-06T19:09:15.499676092023-11-06T19:09:15.499911902023-11-06T19:09:15.49977518) ) 4)
) [Dbg] [SimulationRunner.cc:530] Exiting postupdate worker thread ([Dbg] [SimulationRunner.cc:530] 0[Dbg] [SimulationRunner.cc:530] 0Exiting postupdate worker thread (3)
[Dbg] [SimulationRunner.cc:530] Exiting postupdate worker thread (5[Dbg] [SimulationRunner.cc:530] 3Exiting postupdate worker thread (1)
Exiting postupdate worker thread (2)


)
(2023-11-06T19:09:15.51083097) (2023-11-06T19:09:15.51107197) [Dbg] [SimulationRunner.cc:503] Creating PostUpdate worker threads: 7
(2023-11-06T19:09:15.51154222) (2023-11-06T19:09:15.51166981) [Dbg] [SimulationRunner.cc:514] Creating postupdate worker thread (0)
(2023-11-06T19:09:15.53152404) (2023-11-06T19:09:15.53181268) [Dbg] [SimulationRunner.cc:514] Creating postupdate worker thread (1)
(2023-11-06T19:09:15.53272601) (2023-11-06T19:09:15.53294709) [Dbg] [SimulationRunner.cc:514] Creating postupdate worker thread (2)
(2023-11-06T19:09:15.53390041) (2023-11-06T19:09:15.53411846) [Dbg] [SimulationRunner.cc:514] Creating postupdate worker thread (3)
(2023-11-06T19:09:15.53495688) (2023-11-06T19:09:15.53512360) [Dbg] [SimulationRunner.cc:514] Creating postupdate worker thread (4)
(2023-11-06T19:09:15.53628856) (2023-11-06T19:09:15.53647656) [Dbg] [SimulationRunner.cc:514] Creating postupdate worker thread (5)
(2023-11-06T19:09:15.457332691) (2023-11-06T19:09:15.457345920) [Dbg] [RenderUtil.cc:2720] Create scene [scene]
((2023-11-06T19:09:15.528369271) () (2023-11-06T19:09:15.528408761) 2023-11-06T19:09:15.528417270) [Dbg] [Sensors.cc:277] Rendering Thread initialized[Dbg] [Sensors.cc:659] Initialization needed
[Dbg] [Sensors.cc:659] 
(2023-11-06T19:09:15.534299201) (2023-11-06T19:09:15.534314427) [Wrn] [FuelClient.cc:1952] The fuel.ignitionrobotics.org URL is deprecrated. Pleasse change https://fuel.ignitionrobotics.org/1.0/openrobotics/models/prius hybrid/2/files/meshes/Hybrid.obj to https://fuel.gazebosim.org/1.0/openrobotics/models/prius hybrid/2/files/meshes/Hybrid.obj
(2023-11-06T19:09:15.534430317) (2023-11-06T19:09:15.534440726) [Wrn] [FuelClient.cc:1952] The fuel.ignitionrobotics.org URL is deprecrated. Pleasse change https://fuel.ignitionrobotics.org/1.0/openrobotics/models/prius hybrid/2/files/meshes/Hybrid.obj to https://fuel.gazebosim.org/1.0/openrobotics/models/prius hybrid/2/files/meshes/Hybrid.obj
(2023-11-06T19:09:15.538905864) (2023-11-06T19:09:15.538919980) [Wrn] [OBJLoader.cc:91] Both `d` and `Tr` parameters defined for "Hybrid". Use the value of `d` for dissolve (line 8 in .mtl.)
Both `d` and `Tr` parameters defined for "Wheels3". Use the value of `d` for dissolve (line 22 in .mtl.)
Both `d` and `Tr` parameters defined for "Hybrid_Interior". Use the value of `d` for dissolve (line 36 in .mtl.)
Both `d` and `Tr` parameters defined for "Windows". Use the value of `d` for dissolve (line 50 in .mtl.)

(2023-11-06T19:09:15.653487538) (2023-11-06T19:09:15.653501490) [Err] [SceneManager.cc:887] PBR material: currently only metal workflow is supported. Gazebo will try to render the material using metal workflow but without Roughness / Metalness settings.
(2023-11-06T19:09:18.486898632) (2023-11-06T19:09:18.486918245) [Dbg] [CameraSensor.cc:458] Camera images for [prius_hybrid::chassis::back_camera_sensor] advertised on [back_camera]
(2023-11-06T19:09:18.487161473) (2023-11-06T19:09:18.487181259) [Dbg] [CameraSensor.cc:786] Camera info for [prius_hybrid::chassis::back_camera_sensor] advertised on [/camera_info]
(2023-11-06T19:09:18.487413320) (2023-11-06T19:09:18.487425581) [Wrn] [Ogre2Camera.cc:412] Ogre2Camera::SetVisibilityMask: Mask bits c0000000 are set but will be ignored as they conflict with the reserved bits used internally by the ogre2 backend.
(2023-11-06T19:09:18.487940077) (2023-11-06T19:09:18.487959556) [Dbg] [CameraSensor.cc:458] Camera images for [prius_hybrid::chassis::front_camera_sensor] advertised on [front_camera]
(2023-11-06T19:09:18.488075363) (2023-11-06T19:09:18.488093498) [Dbg] [CameraSensor.cc:786] Camera info for [prius_hybrid::chassis::front_camera_sensor] advertised on [/camera_info]
(2023-11-06T19:09:18.488177027) (2023-11-06T19:09:18.488187634) [Wrn] [Ogre2Camera.cc:412] Ogre2Camera::SetVisibilityMask: Mask bits c0000000 are set but will be ignored as they conflict with the reserved bits used internally by the ogre2 backend.
(2023-11-06T19:09:18.488496135) (2023-11-06T19:09:18.488514924) [Dbg] [CameraSensor.cc:458] Camera images for [prius_hybrid::chassis::left_camera_sensor] advertised on [left_camera]
(2023-11-06T19:09:18.488627049) (2023-11-06T19:09:18.488644672) [Dbg] [CameraSensor.cc:786] Camera info for [prius_hybrid::chassis::left_camera_sensor] advertised on [/camera_info]
(2023-11-06T19:09:18.488725858) (2023-11-06T19:09:18.488736838) [Wrn] [Ogre2Camera.cc:412] Ogre2Camera::SetVisibilityMask: Mask bits c0000000 are set but will be ignored as they conflict with the reserved bits used internally by the ogre2 backend.
(2023-11-06T19:09:18.489008936) (2023-11-06T19:09:18.489021810) [Dbg] [CameraSensor.cc:458] Camera images for [prius_hybrid::chassis::right_camera_sensor] advertised on [right_camera]
(2023-11-06T19:09:18.489112919) (2023-11-06T19:09:18.489124592) [Dbg] [CameraSensor.cc:786] Camera info for [prius_hybrid::chassis::right_camera_sensor] advertised on [/camera_info]
(2023-11-06T19:09:18.489188496) (2023-11-06T19:09:18.489198993) [Wrn] [Ogre2Camera.cc:412] Ogre2Camera::SetVisibilityMask: Mask bits c0000000 are set but will be ignored as they conflict with the reserved bits used internally by the ogre2 backend.
(2023-11-06T19:09:18.489484289) (2023-11-06T19:09:18.489496851) [Dbg] [CameraSensor.cc:458] Camera images for [x500_depth_0::OakD-Lite/base_link::IMX214] advertised on [camera]
(2023-11-06T19:09:18.489598466) (2023-11-06T19:09:18.489609739) [Dbg] [CameraSensor.cc:786] Camera info for [x500_depth_0::OakD-Lite/base_link::IMX214] advertised on [/camera_info]
(2023-11-06T19:09:18.489680674) (2023-11-06T19:09:18.489690579) [Wrn] [Ogre2Camera.cc:412] Ogre2Camera::SetVisibilityMask: Mask bits c0000000 are set but will be ignored as they conflict with the reserved bits used internally by the ogre2 backend.
(2023-11-06T19:09:18.490122044) (2023-11-06T19:09:18.490139471) [Dbg] [DepthCameraSensor.cc:282] Depth images for [x500_depth_0::OakD-Lite/base_link::StereoOV7251] advertised on [depth_camera]
(2023-11-06T19:09:18.490270191) (2023-11-06T19:09:18.490288479) [Dbg] [CameraSensor.cc:786] Camera info for [x500_depth_0::OakD-Lite/base_link::StereoOV7251] advertised on [/camera_info]
(2023-11-06T19:09:18.490507403) (2023-11-06T19:09:18.490525318) [Dbg] [DepthCameraSensor.cc:299] Points for [x500_depth_0::OakD-Lite/base_link::StereoOV7251] advertised on [depth_camera/points]
(2023-11-06T19:09:18.510659636) (2023-11-06T19:09:18.510677639) [Dbg] [CameraSensor.cc:583] Enabling camera sensor: 'x500_depth_0::OakD-Lite/base_link::IMX214' data generation.
(2023-11-06T19:49:44.420647904) (2023-11-06T19:49:44.420678962) [Dbg] [SignalHandler.cc:142] Received signal[2].
(2023-11-06T19:49:44.420715391) (2023-11-06T19:49:44.420724089) [Dbg] [ServerPrivate.cc:115] Server received signal[2]
(2023-11-06T19:49:44.420752243) (2023-11-06T19:49:44.420760398) [Dbg] [Sensors.cc:433] SensorsPrivate::Stop
(2023-11-06T19:49:44.477990919) (2023-11-06T19:49:44.478010743) [Dbg] [Sensors.cc:419] SensorsPrivate::RenderThread stopped
(2023-11-06T19:49:44.486416481) (2023-11-06T19:49:44.486436922) [Dbg] [gz.cc:417] Shutting down gz-sim-server
((2023-11-06T19:49:44.490989712) (2023-11-06T19:49:44.491014805) [Dbg] [SimulationRunner.cc:530] Exiting postupdate worker thread (2023-11-06T19:49:44.4908067310)
() ) 2023-11-06T19:49:44.490814902) () (2023-11-06T19:49:44.4911703622023-11-06T19:49:44.491191065) ) ) (([Dbg] [SimulationRunner.cc:530] Exiting postupdate worker thread () ((2023-11-06T19:49:44.491271837) 3)) 
[Dbg] [SimulationRunner.cc:530] Exiting postupdate worker thread (1)
2023-11-06T19:49:44.491339423) (2023-11-06T19:49:44.491412513) [Dbg] [SimulationRunner.cc:530] [Dbg] [SimulationRunner.cc:530] Exiting postupdate worker thread ([Dbg] [SimulationRunner.cc:530] Exiting postupdate worker thread (5)
[Dbg] [SimulationRunner.cc:530] Exiting postupdate worker thread (4)
[Dbg] [SimulationRunner.cc:530] Exiting postupdate worker thread (Exiting postupdate worker thread (2)
(2023-11-06T19:49:44.531103731) (2023-11-06T19:49:44.531124142) [Dbg] [Sensors.cc:433] SensorsPrivate::Stop
