(2023-11-06T22:13:57.733256017) (2023-11-06T22:13:57.733296363) [Msg] Gazebo Sim Server v7.6.0
(2023-11-06T22:13:57.746613439) (2023-11-06T22:13:57.746662063) [Msg] Loading SDF world file[/home/bassam/PX4-Autopilot/Tools/simulation/gz/worlds/default.sdf].
(2023-11-06T22:13:58.119159481) (2023-11-06T22:13:58.119206597) [Msg] Serving entity system service on [/entity/system/add]
(2023-11-06T22:13:58.549348508) (2023-11-06T22:13:58.549389280) [Dbg] [Physics.cc:880] Loaded [gz::physics::dartsim::Plugin] from library [/usr/lib/x86_64-linux-gnu/gz-physics-6/engine-plugins/libgz-physics-dartsim-plugin.so]
(2023-11-06T22:13:58.549572203) (2023-11-06T22:13:58.549591983) [Dbg] [SystemManager.cc:74] Loaded system [gz::sim::systems::Physics] for entity [1]
(2023-11-06T22:13:58.553637067) (2023-11-06T22:13:58.553661887) [Msg] Create service on [/world/default/create]
(2023-11-06T22:13:58.554036127) (2023-11-06T22:13:58.554062640) [Msg] Remove service on [/world/default/remove]
(2023-11-06T22:13:58.554412135) (2023-11-06T22:13:58.554441680) [Msg] Pose service on [/world/default/set_pose]
(2023-11-06T22:13:58.554733410) (2023-11-06T22:13:58.554755029) [Msg] Pose service on [/world/default/set_pose_vector]
(2023-11-06T22:13:58.555196325) (2023-11-06T22:13:58.555219745) [Msg] Light configuration service on [/world/default/light_config]
(2023-11-06T22:13:58.555782891) (2023-11-06T22:13:58.555817659) [Msg] Physics service on [/world/default/set_physics]
(2023-11-06T22:13:58.556274245) (2023-11-06T22:13:58.556308229) [Msg] SphericalCoordinates service on [/world/default/set_spherical_coordinates]
(2023-11-06T22:13:58.556541297) (2023-11-06T22:13:58.556563470) [Msg] Enable collision service on [/world/default/enable_collision]
(2023-11-06T22:13:58.556731673) (2023-11-06T22:13:58.556761026) [Msg] Disable collision service on [/world/default/disable_collision]
(2023-11-06T22:13:58.557287573) (2023-11-06T22:13:58.557320322) [Msg] Material service on [/world/default/visual_config]
(2023-11-06T22:13:58.557718430) (2023-11-06T22:13:58.557752418) [Msg] Material service on [/world/default/wheel_slip]
(2023-11-06T22:13:58.557857566) (2023-11-06T22:13:58.557885541) [Dbg] [SystemManager.cc:74] Loaded system [gz::sim::systems::UserCommands] for entity [1]
(2023-11-06T22:13:58.562839756) (2023-11-06T22:13:58.562886125) [Dbg] [SystemManager.cc:74] Loaded system [gz::sim::systems::SceneBroadcaster] for entity [1]
(2023-11-06T22:13:58.565955031) (2023-11-06T22:13:58.565983840) [Dbg] [SystemManager.cc:74] Loaded system [gz::sim::systems::Contact] for entity [1]
(2023-11-06T22:13:58.570819024) (2023-11-06T22:13:58.570851245) [Dbg] [SystemManager.cc:74] Loaded system [gz::sim::systems::Imu] for entity [1]
(2023-11-06T22:13:58.575116531) (2023-11-06T22:13:58.575156798) [Dbg] [SystemManager.cc:74] Loaded system [gz::sim::systems::AirPressure] for entity [1]
(2023-11-06T22:13:58.661186671) (2023-11-06T22:13:58.661228446) [Msg] Listening to instantaneous wrench commands in [/world/default/wrench]
(2023-11-06T22:13:58.661477543) (2023-11-06T22:13:58.661507471) [Msg] Listening to persistent wrench commands in [/world/default/wrench/persistent]
(2023-11-06T22:13:58.661749413) (2023-11-06T22:13:58.661778343) [Msg] Listening to wrench clear commands in [/world/default/wrench/clear]
(2023-11-06T22:13:58.661879681) (2023-11-06T22:13:58.661902945) [Dbg] [SystemManager.cc:74] Loaded system [gz::sim::systems::ApplyLinkWrench] for entity [1]
(2023-11-06T22:13:58.682433173) (2023-11-06T22:13:58.682467945) [Dbg] [Sensors.cc:506] Configuring Sensors system
(2023-11-06T22:13:58.682710160) (2023-11-06T22:13:58.682736290) [Dbg] [Sensors.cc:425] SensorsPrivate::Run
(2023-11-06T22:13:58.682947783) (2023-11-06T22:13:58.682975279) [Dbg] [SystemManager.cc:74] Loaded system [gz::sim::systems::Sensors] for entity [1]
2023-11-06T22:13:58.683095342) (2023-11-06T22:13:58.683147192) [Dbg] [Sensors.cc:402] SensorsPrivate::RenderThread started
(2023-11-06T22:13:58.683199129) (2023-11-06T22:13:58.683213585) [Dbg] [Sensors.cc:245] Waiting for init
(2023-11-06T22:13:58.692138110) (2023-11-06T22:13:58.692171197) [Wrn] [SystemLoader.cc:79] Trying to load deprecated plugin [ignition-gazebo-ackermann-steering-system]. Using [gz-sim-ackermann-steering-system] instead.
(2023-11-06T22:13:58.696113404) (2023-11-06T22:13:58.696144398) [Msg] AckermannSteering subscribing to twist messages on [/cmd_vel]
(2023-11-06T22:13:58.696713026) (2023-11-06T22:13:58.696741321) [Dbg] [SystemManager.cc:74] Loaded system [ignition::gazebo::systems::AckermannSteering] for entity [8]
(2023-11-06T22:13:58.697133890) (2023-11-06T22:13:58.697158371) [Msg] Loaded level [3]
(2023-11-06T22:13:58.702366644) (2023-11-06T22:13:58.702396945) [Msg] Serving world controls on [/world/default/control], [/world/default/control/state] and [/world/default/playback/control]
(2023-11-06T22:13:58.703038880) (2023-11-06T22:13:58.703066731) [Msg] Serving GUI information on [/world/default/gui/info]
(2023-11-06T22:13:58.703150118) (2023-11-06T22:13:58.703170966) [Msg] World [default] initialized with [default_physics] physics profile.
(2023-11-06T22:13:58.703595489) (2023-11-06T22:13:58.703622605) [Msg] Serving world SDF generation service on [/world/default/generate_world_sdf]
(2023-11-06T22:13:58.703935402) (2023-11-06T22:13:58.703961662) [Msg] Serving world names on [/gazebo/worlds]
(2023-11-06T22:13:58.704166997) (2023-11-06T22:13:58.704192335) [Msg] Resource path add service on [/gazebo/resource_paths/add].
(2023-11-06T22:13:58.704391031) (2023-11-06T22:13:58.704414185) [Msg] Resource path get service on [/gazebo/resource_paths/get].
(2023-11-06T22:13:58.704615587) (2023-11-06T22:13:58.704642020) [Msg] Resource path resolve service on [/gazebo/resource_paths/resolve].
(2023-11-06T22:13:58.704828817) (2023-11-06T22:13:58.704854610) [Msg] Resource paths published on [/gazebo/resource_paths].
(2023-11-06T22:13:58.705202081) (2023-11-06T22:13:58.705228434) [Msg] Server control service on [/server_control].
(2023-11-06T22:13:59.824751793) (2023-11-06T22:13:59.824787887) [Msg] Found no publishers on /stats, adding root stats topic
(2023-11-06T22:13:59.825438647) (2023-11-06T22:13:59.825472492) [Msg] Found no publishers on /clock, adding root clock topic
(2023-11-06T22:13:59.826157519) (2023-11-06T22:13:59.826191273) [Dbg] [SimulationRunner.cc:503] Creating PostUpdate worker threads: 7
(2023-11-06T22:13:59.826279169) (2023-11-06T22:13:59.826305226) [Dbg] [SimulationRunner.cc:514] Creating postupdate worker thread (0)
(2023-11-06T22:13:59.826567285) (2023-11-06T22:13:59.826597765) [Dbg] [SimulationRunner.cc:514] Creating postupdate worker thread (1)
(2023-11-06T22:13:59.826895310) (2023-11-06T22:13:59.826924378) [Dbg] [SimulationRunner.cc:514] Creating postupdate worker thread (2)
(2023-11-06T22:13:59.827138428) (2023-11-06T22:13:59.827168593) [Dbg] [SimulationRunner.cc:514] Creating postupdate worker thread (3)
(2023-11-06T22:13:59.827420059) (2023-11-06T22:13:59.827448570) [Dbg] [SimulationRunner.cc:514] Creating postupdate worker thread (4)
(2023-11-06T22:13:59.827685459) (2023-11-06T22:13:59.827715122) [Dbg] [SimulationRunner.cc:514] Creating postupdate worker thread (5)
(2023-11-06T22:13:59.851116927) (2023-11-06T22:13:59.851162150) [Dbg] [SimulationFeatures.cc:72] Simulation timestep set to: 0.004
(2023-11-06T22:13:59.854090943) (2023-11-06T22:13:59.854146217) [Dbg] [Sensors.cc:659] Initialization needed
(2023-11-06T22:13:59.854325088) (2023-11-06T22:13:59.854356010) [Dbg] [Sensors.cc:257] Initializing render context
(2023-11-06T22:13:59.854662817) (2023-11-06T22:13:59.854686296) [Msg] Loading plugin [gz-rendering-ogre2]
(2023-11-06T22:13:59.934499299) (2023-11-06T22:13:59.934526636) [Msg] Serving scene information on [/world/default/scene/info]
(2023-11-06T22:13:59.934726890) (2023-11-06T22:13:59.934752015) [Msg] Serving graph information on [/world/default/scene/graph]
(2023-11-06T22:13:59.935082434) (2023-11-06T22:13:59.935125731) [Msg] Serving full state on [/world/default/state]
(2023-11-06T22:13:59.935316481) (2023-11-06T22:13:59.935342937) [Msg] Serving full state (async) on [/world/default/state_async]
(2023-11-06T22:13:59.935623697) (2023-11-06T22:13:59.935648094) [Msg] Publishing scene information on [/world/default/scene/info]
(2023-11-06T22:13:59.935953277) (2023-11-06T22:13:59.935972608) [Msg] Publishing entity deletions on [/world/default/scene/deletion]
(2023-11-06T22:13:59.936161617) (2023-11-06T22:13:59.936188987) [Msg] Publishing state changes on [/world/default/state]
(2023-11-06T22:13:59.936435051) (2023-11-06T22:13:59.936463090) [Msg] Publishing pose messages on [/world/default/pose/info]
(2023-11-06T22:13:59.936644339) (2023-11-06T22:13:59.936671143) [Msg] Publishing dynamic pose messages on [/world/default/dynamic_pose/info]
(2023-11-06T22:13:59.937215052) (2023-11-06T22:13:59.937232424) [Dbg] [EntityComponentManager.cc:1655] Updated state thread iterators: 8 threads processing around 7 entities each.
((((2023-11-06T22:13:59.938778271) (2023-11-06T22:13:59.9388943022023-11-06T22:13:59.9387660732023-11-06T22:13:59.9388943022023-11-06T22:13:59.938766073) () [Wrn] [Model.hh:69] ) with //pose/@relative_to attribute.
[Wrn] [Model.hh:69] Skipping serialization / deserialization for models with //pose/@relative_to attribute.
(2023-11-06T22:13:59.939263035) (2023-11-06T22:13:59.939295444) [Wrn] [Component.hh:144] Trying to serialize component with data type [N3sdf3v135WorldE], which doesn't have `operator<<`. Component will not be serialized.
(2023-11-06T22:14:00.842477137) (2023-11-06T22:14:00.842495093) [Dbg] [RenderUtil.cc:2720] Create scene [scene]
(2023-11-06T22:14:00.954607068) (2023-11-06T22:14:00.954641808) [Dbg] [Sensors.cc:659] Initialization needed
(2023-11-06T22:14:00.959356423) (2023-11-06T22:14:00.959385791) [Dbg] [Sensors.cc:277] Rendering Thread initialized
(2023-11-06T22:14:00.965706846) (2023-11-06T22:14:00.965734865) [Wrn] [FuelClient.cc:1952] The fuel.ignitionrobotics.org URL is deprecrated. Pleasse change https://fuel.ignitionrobotics.org/1.0/openrobotics/models/prius hybrid/2/files/meshes/Hybrid.obj to https://fuel.gazebosim.org/1.0/openrobotics/models/prius hybrid/2/files/meshes/Hybrid.obj
(2023-11-06T22:14:00.966003219) (2023-11-06T22:14:00.966025995) [Wrn] [FuelClient.cc:1952] The fuel.ignitionrobotics.org URL is deprecrated. Pleasse change https://fuel.ignitionrobotics.org/1.0/openrobotics/models/prius hybrid/2/files/meshes/Hybrid.obj to https://fuel.gazebosim.org/1.0/openrobotics/models/prius hybrid/2/files/meshes/Hybrid.obj
(2023-11-06T22:14:00.977565509) (2023-11-06T22:14:00.977593262) [Wrn] [OBJLoader.cc:91] Both `d` and `Tr` parameters defined for "Hybrid". Use the value of `d` for dissolve (line 8 in .mtl.)
Both `d` and `Tr` parameters defined for "Wheels3". Use the value of `d` for dissolve (line 22 in .mtl.)
Both `d` and `Tr` parameters defined for "Hybrid_Interior". Use the value of `d` for dissolve (line 36 in .mtl.)
Both `d` and `Tr` parameters defined for "Windows". Use the value of `d` for dissolve (line 50 in .mtl.)

(2023-11-06T22:14:01.168942674) (2023-11-06T22:14:01.168974992) [Err] [SceneManager.cc:887] PBR material: currently only metal workflow is supported. Gazebo will try to render the material using metal workflow but without Roughness / Metalness settings.
(2023-11-06T22:14:01.234794480) (2023-11-06T22:14:01.234824416) [Dbg] [CameraSensor.cc:458] Camera images for [prius_hybrid::chassis::back_camera_sensor] advertised on [back_camera]
(2023-11-06T22:14:01.235347751) (2023-11-06T22:14:01.235386197) [Dbg] [CameraSensor.cc:786] Camera info for [prius_hybrid::chassis::back_camera_sensor] advertised on [/camera_info]
(2023-11-06T22:14:01.235770834) (2023-11-06T22:14:01.235791645) [Wrn] [Ogre2Camera.cc:412] Ogre2Camera::SetVisibilityMask: Mask bits c0000000 are set but will be ignored as they conflict with the reserved bits used internally by the ogre2 backend.
(2023-11-06T22:14:01.236651594) (2023-11-06T22:14:01.236674431) [Dbg] [CameraSensor.cc:458] Camera images for [prius_hybrid::chassis::front_camera_sensor] advertised on [front_camera]
(2023-11-06T22:14:01.236850329) (2023-11-06T22:14:01.236879413) [Dbg] [CameraSensor.cc:786] Camera info for [prius_hybrid::chassis::front_camera_sensor] advertised on [/camera_info]
(2023-11-06T22:14:01.237025404) (2023-11-06T22:14:01.237042675) [Wrn] [Ogre2Camera.cc:412] Ogre2Camera::SetVisibilityMask: Mask bits c0000000 are set but will be ignored as they conflict with the reserved bits used internally by the ogre2 backend.
(2023-11-06T22:14:01.237648517) (2023-11-06T22:14:01.237669519) [Dbg] [CameraSensor.cc:458] Camera images for [prius_hybrid::chassis::left_camera_sensor] advertised on [left_camera]
(2023-11-06T22:14:01.237832518) (2023-11-06T22:14:01.237850468) [Dbg] [CameraSensor.cc:786] Camera info for [prius_hybrid::chassis::left_camera_sensor] advertised on [/camera_info]
(2023-11-06T22:14:01.237962089) (2023-11-06T22:14:01.237978602) [Wrn] [Ogre2Camera.cc:412] Ogre2Camera::SetVisibilityMask: Mask bits c0000000 are set but will be ignored as they conflict with the reserved bits used internally by the ogre2 backend.
(2023-11-06T22:14:01.238532136) (2023-11-06T22:14:01.238560051) [Dbg] [CameraSensor.cc:458] Camera images for [prius_hybrid::chassis::right_camera_sensor] advertised on [right_camera]
(2023-11-06T22:14:01.238791932) (2023-11-06T22:14:01.238822983) [Dbg] [CameraSensor.cc:786] Camera info for [prius_hybrid::chassis::right_camera_sensor] advertised on [/camera_info]
(2023-11-06T22:14:01.238945561) (2023-11-06T22:14:01.238963285) [Wrn] [Ogre2Camera.cc:412] Ogre2Camera::SetVisibilityMask: Mask bits c0000000 are set but will be ignored as they conflict with the reserved bits used internally by the ogre2 backend.
(2023-11-06T22:14:25.916535841) (2023-11-06T22:14:25.916572906) [Wrn] [MulticopterMotorModel.cc:257] No robotNamespace set using entity name.
(2023-11-06T22:14:25.916664600) (2023-11-06T22:14:25.916683390) [Wrn] [MulticopterMotorModel.cc:295] <motorNumber> is depricated, please use <actuator_number>.
(2023-11-06T22:14:25.916819537) (2023-11-06T22:14:25.916838582) [Dbg] [MulticopterMotorModel.cc:386] Listening to topic: x500_depth_0/command/motor_speed
(2023-11-06T22:14:25.917508746) (2023-11-06T22:14:25.917560234) [Dbg] [SystemManager.cc:74] Loaded system [gz::sim::systems::MulticopterMotorModel] for entity [56]
(2023-11-06T22:14:25.918378473) (2023-11-06T22:14:25.918416093) [Wrn] [MulticopterMotorModel.cc:257] No robotNamespace set using entity name.
(2023-11-06T22:14:25.918472373) (2023-11-06T22:14:25.918489919) [Wrn] [MulticopterMotorModel.cc:295] <motorNumber> is depricated, please use <actuator_number>.
(2023-11-06T22:14:25.918608374) (2023-11-06T22:14:25.918627348) [Dbg] [MulticopterMotorModel.cc:386] Listening to topic: x500_depth_0/command/motor_speed
(2023-11-06T22:14:25.919009732) (2023-11-06T22:14:25.919034908) [Dbg] [SystemManager.cc:74] Loaded system [gz::sim::systems::MulticopterMotorModel] for entity [56]
(2023-11-06T22:14:25.919790313) (2023-11-06T22:14:25.919814627) [Wrn] [MulticopterMotorModel.cc:257] No robotNamespace set using entity name.
(2023-11-06T22:14:25.919865603) (2023-11-06T22:14:25.919882169) [Wrn] [MulticopterMotorModel.cc:295] <motorNumber> is depricated, please use <actuator_number>.
(2023-11-06T22:14:25.919999414) (2023-11-06T22:14:25.920017948) [Dbg] [MulticopterMotorModel.cc:386] Listening to topic: x500_depth_0/command/motor_speed
(2023-11-06T22:14:25.920412086) (2023-11-06T22:14:25.920437044) [Dbg] [SystemManager.cc:74] Loaded system [gz::sim::systems::MulticopterMotorModel] for entity [56]
(2023-11-06T22:14:25.921449013) (2023-11-06T22:14:25.921474400) [Wrn] [MulticopterMotorModel.cc:257] No robotNamespace set using entity name.
(2023-11-06T22:14:25.921525085) (2023-11-06T22:14:25.921578546) [Wrn] [MulticopterMotorModel.cc:295] <motorNumber> is depricated, please use <actuator_number>.
(2023-11-06T22:14:25.921724368) (2023-11-06T22:14:25.921746068) [Dbg] [MulticopterMotorModel.cc:386] Listening to topic: x500_depth_0/command/motor_speed
(2023-11-06T22:14:25.922218520) (2023-11-06T22:14:25.922242657) [Dbg] [SystemManager.cc:74] Loaded system [gz::sim::systems::MulticopterMotorModel] for entity [56]
(2023-11-06T22:14:25.923095191) (2023-11-06T22:14:25.923120592) [Dbg] [UserCommands.cc:1263] Created entity [56] named [x500_depth_0]
(2023-11-06T22:14:25.946166267) (2023-11-06T22:14:25.946244309) [Dbg] [ImuSensor.cc:149] IMU data for [x500_depth_0::base_link::imu_sensor] advertised on [world/default/model/x500_depth_0/link/base_link/sensor/imu_sensor/imu]
(2023-11-06T22:14:25.946420672) (2023-11-06T22:14:25.946490247) [Dbg] [AirPressureSensor.cc:126] Air pressure for [x500_depth_0::base_link::air_pressure_sensor] advertised on [world/default/model/x500_depth_0/link/base_link/sensor/air_pressure_sensor/air_pressure]
((((2023-11-06T22:14:25.947787178) ) (2023-11-06T22:14:25.947814908) (2023-11-06T22:14:25.947930654) [Dbg] [SimulationRunner.cc:530] Exiting postupdate worker thread ((2023-11-06T22:14:25.947878030) (2023-11-06T22:14:25.948091499) 2023-11-06T22:14:25.9479579752023-11-06T22:14:25.947957975) (2023-11-06T22:14:25.948007696) ) (2023-11-06T22:14:25.9481933672023-11-06T22:14:25.9481933672023-11-06T22:14:25.948367626) ) ) (Exiting postupdate worker thread ([Dbg] [SimulationRunner.cc:530] [Dbg] [SimulationRunner.cc:530] 2023-11-06T22:14:25.948488263Exiting postupdate worker thread () ) 3)

Exiting postupdate worker thread (4)
[Dbg] [SimulationRunner.cc:530] Exiting postupdate worker thread (1)

5)
)
[Dbg] [SimulationRunner.cc:530] Exiting postupdate worker thread (0)
(2023-11-06T22:14:25.949371158) (2023-11-06T22:14:25.949408595) [Dbg] [SimulationRunner.cc:503] Creating PostUpdate worker threads: 7
(2023-11-06T22:14:25.949475999) (2023-11-06T22:14:25.949493953) [Dbg] [SimulationRunner.cc:514] Creating postupdate worker thread (0)
(2023-11-06T22:14:25.949649724) (2023-11-06T22:14:25.949672622) [Dbg] [SimulationRunner.cc:514] Creating postupdate worker thread (1)
(2023-11-06T22:14:25.949766201) (2023-11-06T22:14:25.949784537) [Dbg] [SimulationRunner.cc:514] Creating postupdate worker thread (2)
(2023-11-06T22:14:25.949889421) (2023-11-06T22:14:25.949908628) [Dbg] [SimulationRunner.cc:514] Creating postupdate worker thread (3)
(2023-11-06T22:14:25.950000897) (2023-11-06T22:14:25.950019821) [Dbg] [SimulationRunner.cc:514] Creating postupdate worker thread (4)
(2023-11-06T22:14:25.950197338) (2023-11-06T22:14:25.950219209) [Dbg] [SimulationRunner.cc:514] Creating postupdate worker thread (5)
(2023-11-06T22:14:29.373607165) (2023-11-06T22:14:29.373627964) [Dbg] [CameraSensor.cc:458] Camera images for [x500_depth_0::OakD-Lite/base_link::IMX214] advertised on [camera]
(2023-11-06T22:14:29.373764384) (2023-11-06T22:14:29.373779171) [Dbg] [CameraSensor.cc:786] Camera info for [x500_depth_0::OakD-Lite/base_link::IMX214] advertised on [/camera_info]
(2023-11-06T22:14:29.373892660) (2023-11-06T22:14:29.373905624) [Wrn] [Ogre2Camera.cc:412] Ogre2Camera::SetVisibilityMask: Mask bits c0000000 are set but will be ignored as they conflict with the reserved bits used internally by the ogre2 backend.
(2023-11-06T22:14:29.374452542) (2023-11-06T22:14:29.374471030) [Dbg] [DepthCameraSensor.cc:282] Depth images for [x500_depth_0::OakD-Lite/base_link::StereoOV7251] advertised on [depth_camera]
(2023-11-06T22:14:29.374630078) (2023-11-06T22:14:29.374646155) [Dbg] [CameraSensor.cc:786] Camera info for [x500_depth_0::OakD-Lite/base_link::StereoOV7251] advertised on [/camera_info]
(2023-11-06T22:14:29.374988157) (2023-11-06T22:14:29.375008720) [Dbg] [DepthCameraSensor.cc:299] Points for [x500_depth_0::OakD-Lite/base_link::StereoOV7251] advertised on [depth_camera/points]
(2023-11-06T22:14:38.499250568) (2023-11-06T22:14:38.499308683) [Dbg] [EntityComponentManager.cc:1655] Updated state thread iterators: 8 threads processing around 13 entities each.
(2023-11-06T22:15:09.551666630) (2023-11-06T22:15:09.551703429) [Wrn] [UserCommands.cc:1167] Entity named [x500_depth_0] already exists and [allow_renaming] is false. Entity not spawned.
(2023-11-06T22:17:11.666719505) (2023-11-06T22:17:11.666748113) [Dbg] [UserCommands.cc:1263] Created entity [99] named [ChessBoard]
(2023-11-06T22:17:11.678181109) (2023-11-06T22:17:11.678211649) [Dbg] [SDFFeatures.cc:328] Mesh construction from an SDF has not been implemented yet for dartsim. Use AttachMeshShapeFeature to use mesh shapes.
(2023-11-06T22:17:11.678256996) (2023-11-06T22:17:11.678293212) [Err] [SDFFeatures.cc:843] The geometry element of collision [collision] couldn't be created
(2023-11-06T22:17:25.266096381) (2023-11-06T22:17:25.266121878) [Dbg] [UserCommands.cc:1263] Created entity [103] named [ChessBoard_0]
(2023-11-06T22:17:25.279188572) (2023-11-06T22:17:25.279217739) [Dbg] [SDFFeatures.cc:328] Mesh construction from an SDF has not been implemented yet for dartsim. Use AttachMeshShapeFeature to use mesh shapes.
(2023-11-06T22:17:25.279264460) (2023-11-06T22:17:25.279283941) [Err] [SDFFeatures.cc:843] The geometry element of collision [collision] couldn't be created
(2023-11-06T22:17:35.455667156) (2023-11-06T22:17:35.455698450) [Dbg] [UserCommands.cc:1263] Created entity [107] named [ChessBoard_1]
(2023-11-06T22:17:35.466605648) (2023-11-06T22:17:35.466635541) [Dbg] [SDFFeatures.cc:328] Mesh construction from an SDF has not been implemented yet for dartsim. Use AttachMeshShapeFeature to use mesh shapes.
(2023-11-06T22:17:35.466681771) (2023-11-06T22:17:35.466695260) [Err] [SDFFeatures.cc:843] The geometry element of collision [collision] couldn't be created
(2023-11-06T22:17:41.457326350) (2023-11-06T22:17:41.457354675) [Dbg] [UserCommands.cc:1263] Created entity [111] named [ChessBoard_2]
(2023-11-06T22:17:41.468756819) (2023-11-06T22:17:41.468801167) [Dbg] [SDFFeatures.cc:328] Mesh construction from an SDF has not been implemented yet for dartsim. Use AttachMeshShapeFeature to use mesh shapes.
(2023-11-06T22:17:41.468870589) (2023-11-06T22:17:41.468896423) [Err] [SDFFeatures.cc:843] The geometry element of collision [collision] couldn't be created
(2023-11-06T22:17:44.182570828) (2023-11-06T22:17:44.182610284) [Dbg] [UserCommands.cc:1263] Created entity [115] named [ChessBoard_3]
(2023-11-06T22:17:44.195511461) (2023-11-06T22:17:44.195574108) [Dbg] [SDFFeatures.cc:328] Mesh construction from an SDF has not been implemented yet for dartsim. Use AttachMeshShapeFeature to use mesh shapes.
(2023-11-06T22:17:44.195645357) (2023-11-06T22:17:44.195669111) [Err] [SDFFeatures.cc:843] The geometry element of collision [collision] couldn't be created
(2023-11-06T22:17:51.504668094) (2023-11-06T22:17:51.504697920) [Dbg] [UserCommands.cc:1263] Created entity [119] named [TennisBall]
(2023-11-06T22:17:51.516156129) (2023-11-06T22:17:51.516184048) [Dbg] [SDFFeatures.cc:328] Mesh construction from an SDF has not been implemented yet for dartsim. Use AttachMeshShapeFeature to use mesh shapes.
(2023-11-06T22:17:51.516226603) (2023-11-06T22:17:51.516240040) [Err] [SDFFeatures.cc:843] The geometry element of collision [collision] couldn't be created
(2023-11-06T22:32:48.834727222) (2023-11-06T22:32:48.834830878) [Dbg] [UserCommands.cc:1263] Created entity [123] named [rug_ivory_2m]
(2023-11-06T22:33:24.50638900) (2023-11-06T22:33:24.50777688) [Dbg] [UserCommands.cc:1263] Created entity [126] named [rug_ivory_2m_0]
(2023-11-06T22:36:28.455271691) (2023-11-06T22:36:28.455391106) [Dbg] [UserCommands.cc:1263] Created entity [129] named [cardboard_box]
