(2023-10-11T23:41:17.464245136) (2023-10-11T23:41:17.464274834) [Msg] Gazebo Sim Server v7.6.0
(2023-10-11T23:41:17.472102175) (2023-10-11T23:41:17.472140381) [Msg] Loading SDF world file[/home/bassam/gz_ws/src/ardupilot_gazebo/worlds/zephyr_runway.sdf].
(2023-10-11T23:41:17.684831292) (2023-10-11T23:41:17.684844678) [Msg] Serving entity system service on [/entity/system/add]
(2023-10-11T23:41:17.788717858) (2023-10-11T23:41:17.788732811) [Dbg] [Physics.cc:880] Loaded [gz::physics::dartsim::Plugin] from library [/usr/lib/x86_64-linux-gnu/gz-physics-6/engine-plugins/libgz-physics-dartsim-plugin.so]
(2023-10-11T23:41:17.788906291) (2023-10-11T23:41:17.788915490) [Dbg] [SystemManager.cc:74] Loaded system [gz::sim::systems::Physics] for entity [1]
(2023-10-11T23:41:17.791095671) (2023-10-11T23:41:17.791106998) [Msg] Create service on [/world/zephyr_runway/create]
(2023-10-11T23:41:17.791375671) (2023-10-11T23:41:17.791385052) [Msg] Remove service on [/world/zephyr_runway/remove]
(2023-10-11T23:41:17.791618565) (2023-10-11T23:41:17.791627872) [Msg] Pose service on [/world/zephyr_runway/set_pose]
(2023-10-11T23:41:17.791846364) (2023-10-11T23:41:17.791855663) [Msg] Pose service on [/world/zephyr_runway/set_pose_vector]
(2023-10-11T23:41:17.792144573) (2023-10-11T23:41:17.792154112) [Msg] Light configuration service on [/world/zephyr_runway/light_config]
(2023-10-11T23:41:17.792513667) (2023-10-11T23:41:17.792522380) [Msg] Physics service on [/world/zephyr_runway/set_physics]
(2023-10-11T23:41:17.792788892) (2023-10-11T23:41:17.792798517) [Msg] SphericalCoordinates service on [/world/zephyr_runway/set_spherical_coordinates]
(2023-10-11T23:41:17.792988461) (2023-10-11T23:41:17.792997670) [Msg] Enable collision service on [/world/zephyr_runway/enable_collision]
(2023-10-11T23:41:17.793175287) (2023-10-11T23:41:17.793184429) [Msg] Disable collision service on [/world/zephyr_runway/disable_collision]
(2023-10-11T23:41:17.793476011) (2023-10-11T23:41:17.793485580) [Msg] Material service on [/world/zephyr_runway/visual_config]
(2023-10-11T23:41:17.793717366) (2023-10-11T23:41:17.793726833) [Msg] Material service on [/world/zephyr_runway/wheel_slip]
(2023-10-11T23:41:17.793813991) (2023-10-11T23:41:17.793822228) [Dbg] [SystemManager.cc:74] Loaded system [gz::sim::systems::UserCommands] for entity [1]
(2023-10-11T23:41:17.795360089) (2023-10-11T23:41:17.795370757) [Dbg] [SystemManager.cc:74] Loaded system [gz::sim::systems::SceneBroadcaster] for entity [1]
(2023-10-11T23:41:17.796986012) (2023-10-11T23:41:17.796996185) [Dbg] [SystemManager.cc:74] Loaded system [gz::sim::systems::Imu] for entity [1]
(2023-10-11T23:41:17.798195762) (2023-10-11T23:41:17.798206484) [Dbg] [SystemManager.cc:74] Loaded system [gz::sim::systems::NavSat] for entity [1]
(2023-10-11T23:41:17.807454433) (2023-10-11T23:41:17.807468813) [Dbg] [SystemManager.cc:74] Loaded system [gz::sim::systems::JointStatePublisher] for entity [15]
(2023-10-11T23:41:17.808613789) (2023-10-11T23:41:17.808624288) [Dbg] [SystemManager.cc:74] Loaded system [gz::sim::systems::LiftDrag] for entity [15]
(2023-10-11T23:41:17.808919446) (2023-10-11T23:41:17.808929040) [Dbg] [SystemManager.cc:74] Loaded system [gz::sim::systems::LiftDrag] for entity [15]
(2023-10-11T23:41:17.809248181) (2023-10-11T23:41:17.809258088) [Dbg] [SystemManager.cc:74] Loaded system [gz::sim::systems::LiftDrag] for entity [15]
(2023-10-11T23:41:17.809553912) (2023-10-11T23:41:17.809563116) [Dbg] [SystemManager.cc:74] Loaded system [gz::sim::systems::LiftDrag] for entity [15]
(2023-10-11T23:41:17.809849853) (2023-10-11T23:41:17.809858771) [Dbg] [SystemManager.cc:74] Loaded system [gz::sim::systems::LiftDrag] for entity [15]
(2023-10-11T23:41:17.810144369) (2023-10-11T23:41:17.810153712) [Dbg] [SystemManager.cc:74] Loaded system [gz::sim::systems::LiftDrag] for entity [15]
(2023-10-11T23:41:17.810441426) (2023-10-11T23:41:17.810450574) [Dbg] [SystemManager.cc:74] Loaded system [gz::sim::systems::LiftDrag] for entity [15]
(2023-10-11T23:41:17.811741034) (2023-10-11T23:41:17.811751087) [Msg] ApplyJointForce subscribing to Double messages on [/model/zephyr_with_ardupilot/joint/zephyr::propeller_joint/cmd_force]
(2023-10-11T23:41:17.811821133) (2023-10-11T23:41:17.811829582) [Dbg] [SystemManager.cc:74] Loaded system [gz::sim::systems::ApplyJointForce] for entity [15]
(2023-10-11T23:41:17.812208944) (2023-10-11T23:41:17.812218986) [Msg] ApplyJointForce subscribing to Double messages on [/model/zephyr_with_ardupilot/joint/zephyr::flap_left_joint/cmd_force]
(2023-10-11T23:41:17.812274497) (2023-10-11T23:41:17.812282477) [Dbg] [SystemManager.cc:74] Loaded system [gz::sim::systems::ApplyJointForce] for entity [15]
(2023-10-11T23:41:17.812654171) (2023-10-11T23:41:17.812663950) [Msg] ApplyJointForce subscribing to Double messages on [/model/zephyr_with_ardupilot/joint/zephyr::flap_right_joint/cmd_force]
(2023-10-11T23:41:17.812717354) (2023-10-11T23:41:17.812725437) [Dbg] [SystemManager.cc:74] Loaded system [gz::sim::systems::ApplyJointForce] for entity [15]
(2023-10-11T23:41:17.816164103) [zephyr_with_ardupilot] flight dynamics model @ 127.0.0.1:9002
(2023-10-11T23:41:17.816205545) [zephyr_with_ardupilot] ArduPilot ready to fly. The force will be with you
(2023-10-11T23:41:17.816302744) (2023-10-11T23:41:17.816310723) [Dbg] [SystemManager.cc:74] Loaded system [ArduPilotPlugin] for entity [15]
(2023-10-11T23:41:17.817083195) (2023-10-11T23:41:17.817091693) [Msg] Loaded level [3]
(2023-10-11T23:41:17.821107468) (2023-10-11T23:41:17.821119101) [Msg] Serving world controls on [/world/zephyr_runway/control], [/world/zephyr_runway/control/state] and [/world/zephyr_runway/playback/control]
(2023-10-11T23:41:17.821343376) (2023-10-11T23:41:17.821352753) [Msg] Serving GUI information on [/world/zephyr_runway/gui/info]
(2023-10-11T23:41:17.821406164) (2023-10-11T23:41:17.821413760) [Msg] World [zephyr_runway] initialized with [1ms] physics profile.
(2023-10-11T23:41:17.821672519) (2023-10-11T23:41:17.821682480) [Msg] Serving world SDF generation service on [/world/zephyr_runway/generate_world_sdf]
(2023-10-11T23:41:17.821906983) (2023-10-11T23:41:17.821917166) [Msg] Serving world names on [/gazebo/worlds]
(2023-10-11T23:41:17.822078361) (2023-10-11T23:41:17.822087597) [Msg] Resource path add service on [/gazebo/resource_paths/add].
(2023-10-11T23:41:17.822250124) (2023-10-11T23:41:17.822259308) [Msg] Resource path get service on [/gazebo/resource_paths/get].
(2023-10-11T23:41:17.822415707) (2023-10-11T23:41:17.822424868) [Msg] Resource path resolve service on [/gazebo/resource_paths/resolve].
(2023-10-11T23:41:17.822586839) (2023-10-11T23:41:17.822596351) [Msg] Resource paths published on [/gazebo/resource_paths].
(2023-10-11T23:41:17.822803499) (2023-10-11T23:41:17.822812397) [Msg] Server control service on [/server_control].
(2023-10-11T23:41:19.361277971) (2023-10-11T23:41:19.361290762) [Msg] Found no publishers on /stats, adding root stats topic
(2023-10-11T23:41:19.361472745) (2023-10-11T23:41:19.361480140) [Msg] Found no publishers on /clock, adding root clock topic
(2023-10-11T23:41:19.361731959) (2023-10-11T23:41:19.361742485) [Dbg] [SimulationRunner.cc:503] Creating PostUpdate worker threads: 6
(2023-10-11T23:41:19.361773978) (2023-10-11T23:41:19.361779242) [Dbg] [SimulationRunner.cc:514] Creating postupdate worker thread (0)
(2023-10-11T23:41:19.361866943) (2023-10-11T23:41:19.361873072) [Dbg] [SimulationRunner.cc:514] Creating postupdate worker thread (1)
(2023-10-11T23:41:19.361939014) (2023-10-11T23:41:19.361945317) [Dbg] [SimulationRunner.cc:514] Creating postupdate worker thread (2)
(2023-10-11T23:41:19.362014835) (2023-10-11T23:41:19.362021518) [Dbg] [SimulationRunner.cc:514] Creating postupdate worker thread (3)
(2023-10-11T23:41:19.362092150) (2023-10-11T23:41:19.362098726) [Dbg] [SimulationRunner.cc:514] Creating postupdate worker thread (4)
(2023-10-11T23:41:19.362522660) (2023-10-11T23:41:19.362529530) [Msg] Found IMU sensor with name [zephyr::imu_link::imu_sensor]
(2023-10-11T23:41:19.362578747) (2023-10-11T23:41:19.362585330) [Dbg] [ArduPilotPlugin.cc:1154] Computed IMU topic to be: world/zephyr_runway/model/zephyr_with_ardupilot/model/zephyr/link/imu_link/sensor/imu_sensor/imu
(2023-10-11T23:41:19.364864616) (2023-10-11T23:41:19.364873898) [Dbg] [SDFFeatures.cc:328] Mesh construction from an SDF has not been implemented yet for dartsim. Use AttachMeshShapeFeature to use mesh shapes.
(2023-10-11T23:41:19.364900689) (2023-10-11T23:41:19.364907911) [Err] [SDFFeatures.cc:843] The geometry element of collision [body_collision] couldn't be created
(2023-10-11T23:41:19.375747325) (2023-10-11T23:41:19.375759317) [Msg] Serving scene information on [(/world/zephyr_runway2023-10-11T23:41:19.375783748) (/2023-10-11T23:41:19.375799282/2023-10-11T23:41:19.375799282) scene/info][Dbg] [ImuSensor.cc:149] ][Dbg] [ImuSensor.cc:149] 
IMU data for [zephyr_with_ardupilot::zephyr::imu_link::imu_sensor] advertised on [world/zephyr_runway/model/zephyr_with_ardupilot/model/zephyr/link/imu_link/sensor/imu_sensor/imu]
(2023-10-11T23:41:19.375884535) (2023-10-11T23:41:19.375892031) [Msg] Serving graph information on [/world/zephyr_runway/scene/graph]
(2023-10-11T23:41:19.376028486) (2023-10-11T23:41:19.376034928) [Msg] Serving full state on [/world/zephyr_runway/state]
(2023-10-11T23:41:19.376102543) (2023-10-11T23:41:19.376109004) [Msg] Serving full state (async) on [/world/zephyr_runway/state_async]
(2023-10-11T23:41:19.376175085) (2023-10-11T23:41:19.376183302) [Msg] Publishing scene information on [/world/zephyr_runway/scene/info]
(2023-10-11T23:41:19.376274706) (2023-10-11T23:41:19.376282621) [Msg] Publishing entity deletions on [/world/zephyr_runway/scene/deletion]
(2023-10-11T23:41:19.376351519) (2023-10-11T23:41:19.376357688) [Msg] Publishing state changes on [/world/zephyr_runway/state]
(2023-10-11T23:41:19.376416167) (2023-10-11T23:41:19.376421952) [Msg] Publishing pose messages on [/world/zephyr_runway/pose/info]
(2023-10-11T23:41:19.376490490) (2023-10-11T23:41:19.376496533) [Msg] Publishing dynamic pose messages on [/world/zephyr_runway/dynamic_pose/info]
(2023-10-11T23:41:19.376689217) (2023-10-11T23:41:19.376695699) [Dbg] [EntityComponentManager.cc:1655] Updated state thread iterators: 8 threads processing around 6 entities each.
(2023-10-11T23:41:19.377075725) (2023-10-11T23:41:19.377086152) [Wrn] [Model.hh:69] Skipping serialization / deserialization for models (with //pose/@relative_to attribute.
2023-10-11T23:41:19.377127532) (2023-10-11T23:41:19.377147507) [Wrn] [Component.hh:144] Trying to serialize component with data type [N3sdf3v135WorldE], which doesn't have `operator<<`. Component will not be serialized.
(2023-10-11T23:41:19.378228284) [zephyr_with_ardupilot] Connected to ArduPilot controller @ 127.0.0.1:34218
(2023-10-11T23:41:19.378258721) (2023-10-11T23:41:19.378266860) [Wrn] [ArduPilotPlugin.cc:1583] ArduPilot controller has reset
(2023-10-11T23:41:19.379071082) (2023-10-11T23:41:19.379081195) [Wrn] [Component.hh:144] Trying to serialize component with data type [St6vectorIdSaIdEE], which doesn't have `operator<<`. Component will not be serialized.
(2023-10-11T23:41:51.809126439) (2023-10-11T23:41:51.809144236) [Dbg] [SignalHandler.cc:142] Received signal[2].
(2023-10-11T23:41:51.809195783) (2023-10-11T23:41:51.809205295) [Dbg] [ServerPrivate.cc:115] Server received signal[2]
(2023-10-11T23:41:51.809249093) (2023-10-11T23:41:51.809258305) [Dbg] [SignalHandler.cc:142] Received signal[2].
(2023-10-11T23:41:51.809292357) (2023-10-11T23:41:51.809300986) [Dbg] [ArduPilotPlugin.cc:370] Plugin received signal[2]
(2023-10-11T23:41:51.815050014) (2023-10-11T23:41:51.815075767) [Dbg] [gz.cc:417] Shutting down gz-sim-server
(2023-10-11T23:41:51.824932797) (2023-10-11T23:41:51.824952978) [Dbg] [SimulationRunner.cc:530] Exiting postupdate worker thread (3)
(2023-10-11T23:41:51.825021658) (2023-10-11T23:41:51.825031640) (2023-10-11T23:41:51.825051549) (2023-10-11T23:41:51.825061164) 2023-10-11T23:41:51.825073793) (2023-10-11T23:41:51.825101321) (2023-10-11T23:41:51.825140450) (2023-10-11T23:41:51.825160740) Exiting postupdate worker thread (0)
[Dbg] [SimulationRunner.cc:530] Exiting postupdate worker thread (22[Dbg] [SimulationRunner.cc:530] Exiting postupdate worker thread (1)
)
Exiting postupdate worker thread (4)
