(2023-10-16T22:13:37.286700169) (2023-10-16T22:13:37.286711100) [Msg] Gazebo Sim Server v7.6.0
(2023-10-16T22:13:37.290151376) (2023-10-16T22:13:37.290159477) [Msg] Loading SDF world file[/home/bassam/px4/PX4-Autopilot/Tools/simulation/gz/worlds/default.sdf].
(2023-10-16T22:13:37.350783094) (2023-10-16T22:13:37.350795573) [Msg] Serving entity system service on [/entity/system/add]
(2023-10-16T22:13:37.447086436) (2023-10-16T22:13:37.447099631) [Dbg] [Physics.cc:880] Loaded [gz::physics::dartsim::Plugin] from library [/usr/lib/x86_64-linux-gnu/gz-physics-6/engine-plugins/libgz-physics-dartsim-plugin.so]
(2023-10-16T22:13:37.447165814) (2023-10-16T22:13:37.447173807) [Dbg] [SystemManager.cc:74] Loaded system [gz::sim::systems::Physics] for entity [1]
(2023-10-16T22:13:37.558492353) (2023-10-16T22:13:37.601667773) [Msg] Create service on [/world/default/create]
(2023-10-16T22:13:37.601915355) (2023-10-16T22:13:37.601925657) [Msg] Remove service on [/world/default/remove]
(2023-10-16T22:13:37.602023540) (2023-10-16T22:13:37.602033257) [Msg] Pose service on [/world/default/set_pose]
(2023-10-16T22:13:37.602131447) (2023-10-16T22:13:37.602140790) [Msg] Pose service on [/world/default/set_pose_vector]
(2023-10-16T22:13:37.602271736) (2023-10-16T22:13:37.602281448) [Msg] Light configuration service on [/world/default/light_config]
(2023-10-16T22:13:37.602462226) (2023-10-16T22:13:37.602472244) [Msg] Physics service on [/world/default/set_physics]
(2023-10-16T22:13:37.602591247) (2023-10-16T22:13:37.602601223) [Msg] SphericalCoordinates service on [/world/default/set_spherical_coordinates]
(2023-10-16T22:13:37.602660849) (2023-10-16T22:13:37.602670328) [Msg] Enable collision service on [/world/default/enable_collision]
(2023-10-16T22:13:37.602728464) (2023-10-16T22:13:37.602737501) [Msg] Disable collision service on [/world/default/disable_collision]
(2023-10-16T22:13:37.602867978) (2023-10-16T22:13:37.602877320) [Msg] Material service on [/world/default/visual_config]
(2023-10-16T22:13:37.602969781) (2023-10-16T22:13:37.602979320) [Msg] Material service on [/world/default/wheel_slip]
(2023-10-16T22:13:37.603010577) (2023-10-16T22:13:37.603015224) [Dbg] [SystemManager.cc:74] Loaded system [gz::sim::systems::UserCommands] for entity [1]
(2023-10-16T22:13:37.604274790) (2023-10-16T22:13:37.604284128) [Dbg] [SystemManager.cc:74] Loaded system [gz::sim::systems::SceneBroadcaster] for entity [1]
(2023-10-16T22:13:37.605086272) (2023-10-16T22:13:37.605094311) [Dbg] [SystemManager.cc:74] Loaded system [gz::sim::systems::Contact] for entity [1]
(2023-10-16T22:13:37.606205882) (2023-10-16T22:13:37.606213950) [Dbg] [SystemManager.cc:74] Loaded system [gz::sim::systems::Imu] for entity [1]
(2023-10-16T22:13:37.607137094) (2023-10-16T22:13:37.607144824) [Dbg] [SystemManager.cc:74] Loaded system [gz::sim::systems::AirPressure] for entity [1]
(2023-10-16T22:13:37.608045646) (2023-10-16T22:13:37.608053383) [Msg] Listening to instantaneous wrench commands in [/world/default/wrench]
(2023-10-16T22:13:37.608108904) (2023-10-16T22:13:37.608117856) [Msg] Listening to persistent wrench commands in [/world/default/wrench/persistent]
(2023-10-16T22:13:37.608168217) (2023-10-16T22:13:37.608176969) [Msg] Listening to wrench clear commands in [/world/default/wrench/clear]
(2023-10-16T22:13:37.608195995) (2023-10-16T22:13:37.608200716) [Dbg] [SystemManager.cc:74] Loaded system [gz::sim::systems::ApplyLinkWrench] for entity [1]
(2023-10-16T22:13:37.613146570) (2023-10-16T22:13:37.613156789) [Dbg] [Sensors.cc:506] Configuring Sensors system
(2023-10-16T22:13:37.613219938) (2023-10-16T22:13:37.613225300) [Dbg] [Sensors.cc:425] SensorsPrivate::Run
(2023-10-16T22:13:37.613280790) (2023-10-16T22:13:37.613286221) [Dbg] [SystemManager.cc:74] Loaded system [gz::sim::systems::Sensors] for entity [1]
(2023-10-16T22:13:37.613315836) (2023-10-16T22:13:37.613326446) [Dbg] [Sensors.cc:402] SensorsPrivate::RenderThread started
(2023-10-16T22:13:37.613340792) (2023-10-16T22:13:37.613345417) [Dbg] [Sensors.cc:245] Waiting for init
(2023-10-16T22:13:37.614334428) (2023-10-16T22:13:37.614341916) [Msg] Loaded level [3]
(2023-10-16T22:13:37.615046342) (2023-10-16T22:13:37.615056730) [Msg] Serving world controls on [/world/default/control], [/world/default/control/state] and [/world/default/playback/control]
(2023-10-16T22:13:37.615222711) (2023-10-16T22:13:37.615233037) [Msg] Serving GUI information on [/world/default/gui/info]
(2023-10-16T22:13:37.615256066) (2023-10-16T22:13:37.615261070) [Msg] World [default] initialized with [default_physics] physics profile.
(2023-10-16T22:13:37.615376082) (2023-10-16T22:13:37.615385907) [Msg] Serving world SDF generation service on [/world/default/generate_world_sdf]
(2023-10-16T22:13:37.615475759) (2023-10-16T22:13:37.615485473) [Msg] Serving world names on [/gazebo/worlds]
(2023-10-16T22:13:37.615546958) (2023-10-16T22:13:37.615556085) [Msg] Resource path add service on [/gazebo/resource_paths/add].
(2023-10-16T22:13:37.615614643) (2023-10-16T22:13:37.615623529) [Msg] Resource path get service on [/gazebo/resource_paths/get].
(2023-10-16T22:13:37.615683893) (2023-10-16T22:13:37.615693186) [Msg] Resource path resolve service on [/gazebo/resource_paths/resolve].
(2023-10-16T22:13:37.615757375) (2023-10-16T22:13:37.615766774) [Msg] Resource paths published on [/gazebo/resource_paths].
(2023-10-16T22:13:37.615858309) (2023-10-16T22:13:37.615867295) [Msg] Server control service on [/server_control].
(2023-10-16T22:13:39.289233166) (2023-10-16T22:13:39.289251940) [Msg] Found no publishers on /stats, adding root stats topic
(2023-10-16T22:13:39.289492842) (2023-10-16T22:13:39.289505479) [Msg] Found no publishers on /clock, adding root clock topic
(2023-10-16T22:13:39.289732927) (2023-10-16T22:13:39.289743285) [Dbg] [SimulationRunner.cc:503] Creating PostUpdate worker threads: 6
(2023-10-16T22:13:39.289783576) (2023-10-16T22:13:39.289791874) [Dbg] [SimulationRunner.cc:514] Creating postupdate worker thread (0)
(2023-10-16T22:13:39.289895210) (2023-10-16T22:13:39.289904281) [Dbg] [SimulationRunner.cc:514] Creating postupdate worker thread (1)
(2023-10-16T22:13:39.289968203) (2023-10-16T22:13:39.289978325) [Dbg] [SimulationRunner.cc:514] Creating postupdate worker thread (2)
(2023-10-16T22:13:39.290052499) (2023-10-16T22:13:39.290061795) [Dbg] [SimulationRunner.cc:514] Creating postupdate worker thread (3)
(2023-10-16T22:13:39.290154717) (2023-10-16T22:13:39.290165122) [Dbg] [SimulationRunner.cc:514] Creating postupdate worker thread (4)
(2023-10-16T22:13:39.445876368) (2023-10-16T22:13:39.445892278) [Msg] Downloading model [https://fuel.gazebosim.org/rudislaboratories/models/oakd-lite]
(2023-10-16T22:13:40.781487652) (2023-10-16T22:13:40.781497855) [Dbg] [FuelClient.cc:1976] Downloading from a referral link [https://gz-fuel-resources-production.s3.amazonaws.com/RudisLaboratories/6c0189e0-fe5a-4f9d-92cf-10f4b799196a/.zips/1.zip?X-Amz-Algorithm=AWS4-HMAC-SHA256&X-Amz-Credential=AKIAS5OHIRKDBY6VUUFF%2F20231016%2Fus-east-1%2Fs3%2Faws4_request&X-Amz-Date=20231016T164340Z&X-Amz-Expires=3600&X-Amz-SignedHeaders=host&X-Amz-Signature=0c0d431b8ba8ac0272f9120f1bd1c2989d911878498bbf20adbb21a6330950c3]
(2023-10-16T22:13:46.144945187) (2023-10-16T22:13:46.144960444) [Dbg] [Zip.cc:180] Created file [/home/bassam/.gz/fuel/fuel.gazebosim.org/rudislaboratories/models/oakd-lite/1/meshes/OakDLite.dae]
(2023-10-16T22:13:46.145390219) (2023-10-16T22:13:46.145406244) [Dbg] [Zip.cc:180] Created file [/home/bassam/.gz/fuel/fuel.gazebosim.org/rudislaboratories/models/oakd-lite/1/model.config]
(2023-10-16T22:13:46.145534735) (2023-10-16T22:13:46.145540920) [Dbg] [Zip.cc:180] Created file [/home/bassam/.gz/fuel/fuel.gazebosim.org/rudislaboratories/models/oakd-lite/1/model.sdf]
(2023-10-16T22:13:46.145780147) (2023-10-16T22:13:46.145786683) [Dbg] [Zip.cc:180] Created file [/home/bassam/.gz/fuel/fuel.gazebosim.org/rudislaboratories/models/oakd-lite/1/thumbnails/1.png]
(2023-10-16T22:13:46.145920495) (2023-10-16T22:13:46.145926861) [Dbg] [Zip.cc:180] Created file [/home/bassam/.gz/fuel/fuel.gazebosim.org/rudislaboratories/models/oakd-lite/1/thumbnails/2.png]
(2023-10-16T22:13:46.146080489) (2023-10-16T22:13:46.146086883) [Dbg] [Zip.cc:180] Created file [/home/bassam/.gz/fuel/fuel.gazebosim.org/rudislaboratories/models/oakd-lite/1/thumbnails/3.png]
(2023-10-16T22:13:46.146205212) (2023-10-16T22:13:46.146211825) [Dbg] [Zip.cc:180] Created file [/home/bassam/.gz/fuel/fuel.gazebosim.org/rudislaboratories/models/oakd-lite/1/thumbnails/4.png]
(2023-10-16T22:13:46.146303008) (2023-10-16T22:13:46.146308958) [Dbg] [Zip.cc:180] Created file [/home/bassam/.gz/fuel/fuel.gazebosim.org/rudislaboratories/models/oakd-lite/1/thumbnails/5.png]
(2023-10-16T22:13:46.146433773) (2023-10-16T22:13:46.146439432) [Dbg] [LocalCache.cc:604] Model [oakd-lite] loading resource from another model, named [OakD-Lite]. On Blueprint (gz-fuel-tools 3) and Citadel (gz-fuel-tools 4), [OakD-Lite] is ignored. From Dome (gz-fuel-tools 5), [oakd-lite] will be used. If [OakD-Lite] is not a model belonging to owner [rudislaboratories], fix your SDF file!
(2023-10-16T22:13:46.179319491) (2023-10-16T22:13:46.179332068) [Wrn] [MulticopterMotorModel.cc:257] No robotNamespace set using entity name.
(2023-10-16T22:13:46.179391211) (2023-10-16T22:13:46.179396864) [Wrn] [MulticopterMotorModel.cc:295] <motorNumber> is depricated, please use <actuator_number>.
(2023-10-16T22:13:46.179439402) (2023-10-16T22:13:46.179444550) [Dbg] [MulticopterMotorModel.cc:386] Listening to topic: x500_depth_0/command/motor_speed
(2023-10-16T22:13:46.179723594) (2023-10-16T22:13:46.179730652) [Dbg] [SystemManager.cc:74] Loaded system [gz::sim::systems::MulticopterMotorModel] for entity [10]
(2023-10-16T22:13:46.179994013) (2023-10-16T22:13:46.180000803) [Wrn] [MulticopterMotorModel.cc:257] No robotNamespace set using entity name.
(2023-10-16T22:13:46.180014844) (2023-10-16T22:13:46.180019810) [Wrn] [MulticopterMotorModel.cc:295] <motorNumber> is depricated, please use <actuator_number>.
(2023-10-16T22:13:46.180051771) (2023-10-16T22:13:46.180056925) [Dbg] [MulticopterMotorModel.cc:386] Listening to topic: x500_depth_0/command/motor_speed
(2023-10-16T22:13:46.180155415) (2023-10-16T22:13:46.180162167) [Dbg] [SystemManager.cc:74] Loaded system [gz::sim::systems::MulticopterMotorModel] for entity [10]
(2023-10-16T22:13:46.180368427) (2023-10-16T22:13:46.180375020) [Wrn] [MulticopterMotorModel.cc:257] No robotNamespace set using entity name.
(2023-10-16T22:13:46.180388611) (2023-10-16T22:13:46.180393564) [Wrn] [MulticopterMotorModel.cc:295] <motorNumber> is depricated, please use <actuator_number>.
(2023-10-16T22:13:46.180424218) (2023-10-16T22:13:46.180429350) [Dbg] [MulticopterMotorModel.cc:386] Listening to topic: x500_depth_0/command/motor_speed
(2023-10-16T22:13:46.180542047) (2023-10-16T22:13:46.180548709) [Dbg] [SystemManager.cc:74] Loaded system [gz::sim::systems::MulticopterMotorModel] for entity [10]
(2023-10-16T22:13:46.180740332) (2023-10-16T22:13:46.180746598) [Wrn] [MulticopterMotorModel.cc:257] No robotNamespace set using entity name.
(2023-10-16T22:13:46.180760069) (2023-10-16T22:13:46.180765022) [Wrn] [MulticopterMotorModel.cc:295] <motorNumber> is depricated, please use <actuator_number>.
(2023-10-16T22:13:46.180795781) (2023-10-16T22:13:46.180800918) [Dbg] [MulticopterMotorModel.cc:386] Listening to topic: x500_depth_0/command/motor_speed
(2023-10-16T22:13:46.180920847) (2023-10-16T22:13:46.180927521) [Dbg] [SystemManager.cc:74] Loaded system [gz::sim::systems::MulticopterMotorModel] for entity [10]
(2023-10-16T22:13:46.181189114) (2023-10-16T22:13:46.181195248) [Dbg] [UserCommands.cc:1263] Created entity [10] named [x500_depth_0]
(2023-10-16T22:13:46.189005367) (2023-10-16T22:13:46.189024543) [Dbg] [SimulationFeatures.cc:72] Simulation timestep set to: 0.004
(2023-10-16T22:13:46.189868212) (2023-10-16T22:13:46.189887804) [Dbg] [Sensors.cc:659] Initialization needed
(2023-10-16T22:13:46.189938398) (2023-10-16T22:13:46.189949869) [Dbg] [Sensors.cc:257] Initializing render context
(2023-10-16T22:13:46.190101714) (2023-10-16T22:13:46.190111833) [Msg] Loading plugin [gz-rendering-ogre2]
(2023-10-16T22:13:46.190628336) (2023-10-16T22:13:46.190641326) [Dbg] [AirPressureSensor.cc:126] Air pressure for [x500_depth_0::base_link::air_pressure_sensor] advertised on [world/default/model/x500_depth_0/link/base_link/sensor/air_pressure_sensor/air_pressure]
(2023-10-16T22:13:46.190789060) (2023-10-16T22:13:46.190801233) [Dbg] [ImuSensor.cc:149] IMU data for [x500_depth_0::base_link::imu_sensor] advertised on [world/default/model/x500_depth_0/link/base_link/sensor/imu_sensor/imu]
(2023-10-16T22:13:46.191019824) (2023-10-16T22:13:46.191030853) [Msg] Serving scene information on [/world/default/scene/info]
(2023-10-16T22:13:46.191139256) (2023-10-16T22:13:46.191149225) [Msg] Serving graph information on [/world/default/scene/graph]
(2023-10-16T22:13:46.191355973) (2023-10-16T22:13:46.191367340) [Msg] Serving full state on [/world/default/state]
(2023-10-16T22:13:46.191463199) (2023-10-16T22:13:46.191474745) [Msg] Serving full state (async) on [/world/default/state_async]
(2023-10-16T22:13:46.191639461) (2023-10-16T22:13:46.191648884) [Msg] Publishing scene information on [/world/default/scene/info]
(2023-10-16T22:13:46.191744651) (2023-10-16T22:13:46.191751130) [Msg] Publishing entity deletions on [/world/default/scene/deletion]
(2023-10-16T22:13:46.191796459) (2023-10-16T22:13:46.191804432) [Msg] Publishing state changes on [/world/default/state]
(2023-10-16T22:13:46.191891677) (2023-10-16T22:13:46.191901551) [Msg] Publishing pose messages on [/world/default/pose/info]
(2023-10-16T22:13:46.191959804) (2023-10-16T22:13:46.191966240) [Msg] Publishing dynamic pose messages on [/world/default/dynamic_pose/info]
(2023-10-16T22:13:46.192347297) (2023-10-16T22:13:46.192355464) [Dbg] [EntityComponentManager.cc:1655] Updated state thread iterators: 8 threads processing around 7 entities each.
(2023-10-16T22:13:46.203412276) (2023-10-16T22:13:46.203431358) [Wrn] [Component.hh:144] Trying to serialize component with data type [N3sdf3v135WorldE], which doesn't have `operator<<`. Component will not be serialized.
(2023-10-16T22:13:46.203469968) (2023-10-16T22:13:46.203488070) [Wrn] [Model.hh:69] Skipping serialization / deserialization for models with //pose/@relative_to attribute.
((((((() ) 2023-10-16T22:13:46.205252318) (2023-10-16T22:13:46.205276651) (([Dbg] [SimulationRunner.cc:530] 2023-10-16T22:13:46.205293151) Exiting postupdate worker thread () (2023-10-16T22:13:46.205326947) 2023-10-16T22:13:46.205330746) (2023-10-16T22:13:46.205351886) 2)

[Dbg] [SimulationRunner.cc:530] 2023-10-16T22:13:46.205390572) (Exiting postupdate worker thread (2023-10-16T22:13:46.2054098623)

Exiting postupdate worker thread (00)
[Dbg] [SimulationRunner.cc:530] Exiting postupdate worker thread (1)
[Dbg] [SimulationRunner.cc:530] Exiting postupdate worker thread (4)
(2023-10-16T22:13:46.205970981) (2023-10-16T22:13:46.205981926) [Dbg] [SimulationRunner.cc:503] Creating PostUpdate worker threads: 6
(2023-10-16T22:13:46.206016466) (2023-10-16T22:13:46.206024547) [Dbg] [SimulationRunner.cc:514] Creating postupdate worker thread (0)
(2023-10-16T22:13:46.207363531) (2023-10-16T22:13:46.207382362) [Dbg] [SimulationRunner.cc:514] Creating postupdate worker thread (1)
(2023-10-16T22:13:46.207425351) (2023-10-16T22:13:46.207433905) [Dbg] [SimulationRunner.cc:514] Creating postupdate worker thread (2)
(2023-10-16T22:13:46.207483147) (2023-10-16T22:13:46.207491778) [Dbg] [SimulationRunner.cc:514] Creating postupdate worker thread (3)
(2023-10-16T22:13:46.207555351) (2023-10-16T22:13:46.207563668) [Dbg] [SimulationRunner.cc:514] Creating postupdate worker thread (4)
(2023-10-16T22:13:46.356402082) (2023-10-16T22:13:46.356408815) [Dbg] [RenderUtil.cc:2720] Create scene [scene]
(2023-10-16T22:13:46.388162602) (2023-10-16T22:13:46.388178785) [Dbg] [Sensors.cc:277] Rendering Thread initialized
(2023-10-16T22:13:46.388207398) (2023-10-16T22:13:46.388224714) [Dbg] [Sensors.cc:659] Initialization needed
(2023-10-16T22:13:47.873426926) (2023-10-16T22:13:47.873440090) [Dbg] [CameraSensor.cc:458] Camera images for [x500_depth_0::OakD-Lite/base_link::IMX214] advertised on [camera]
(2023-10-16T22:13:47.873563170) (2023-10-16T22:13:47.873572670) [Dbg] [CameraSensor.cc:786] Camera info for [x500_depth_0::OakD-Lite/base_link::IMX214] advertised on [/camera_info]
(2023-10-16T22:13:47.873687804) (2023-10-16T22:13:47.873693485) [Wrn] [Ogre2Camera.cc:412] Ogre2Camera::SetVisibilityMask: Mask bits c0000000 are set but will be ignored as they conflict with the reserved bits used internally by the ogre2 backend.
(2023-10-16T22:13:47.873933593) (2023-10-16T22:13:47.873943184) [Dbg] [DepthCameraSensor.cc:282] Depth images for [x500_depth_0::OakD-Lite/base_link::StereoOV7251] advertised on [depth_camera]
(2023-10-16T22:13:47.874011559) (2023-10-16T22:13:47.874020363) [Dbg] [CameraSensor.cc:786] Camera info for [x500_depth_0::OakD-Lite/base_link::StereoOV7251] advertised on [/camera_info]
(2023-10-16T22:13:47.874141219) (2023-10-16T22:13:47.874150562) [Dbg] [DepthCameraSensor.cc:299] Points for [x500_depth_0::OakD-Lite/base_link::StereoOV7251] advertised on [depth_camera/points]
(2023-10-16T22:29:11.467346495) (2023-10-16T22:29:11.467412618) [Dbg] [SignalHandler.cc:142] Received signal[2].
(2023-10-16T22:29:11.467553829) (2023-10-16T22:29:11.467594450) [Dbg] [ServerPrivate.cc:115] Server received signal[2]
(2023-10-16T22:29:11.467713198) (2023-10-16T22:29:11.467751951) [Dbg] [Sensors.cc:433] SensorsPrivate::Stop
(2023-10-16T22:29:11.687670718) (2023-10-16T22:29:11.687707837) [Dbg] [Sensors.cc:419] SensorsPrivate::RenderThread stopped
(2023-10-16T22:29:11.692068681) (2023-10-16T22:29:11.692120924) [Dbg] [gz.cc:417] Shutting down gz-sim-server
(((((2023-10-16T22:29:11.701891931) ((2023-10-16T22:29:11.701958039(2023-10-16T22:29:11.701958039((2023-10-16T22:29:11.7020391452023-10-16T22:29:11.7020391452023-10-16T22:29:11.702077170) [Dbg] [SimulationRunner.cc:530] Exiting postupdate worker thread (2)
) [Dbg] [SimulationRunner.cc:530] Exiting postupdate worker thread (02023-10-16T22:29:11.702026962) (2023-10-16T22:29:11.702183073) (2023-10-16T22:29:11.702518332) 2023-10-16T22:29:11.702518332) )
) [Dbg] [SimulationRunner.cc:530] 11[Dbg] [SimulationRunner.cc:530] Exiting postupdate worker thread (3)
[Dbg] [SimulationRunner.cc:530] Exiting postupdate worker thread (4)
)
(2023-10-16T22:29:11.765986572) (2023-10-16T22:29:11.766049035) [Dbg] [Sensors.cc:433] SensorsPrivate::Stop
