(2023-10-16T21:38:27.588971755) (2023-10-16T21:38:27.588986979) [Msg] Gazebo Sim Server v7.6.0
(2023-10-16T21:38:27.594402167) (2023-10-16T21:38:27.594417018) [Msg] Loading SDF world file[/home/bassam/ros2_ws/install/ardupilot_gz_gazebo/share/ardupilot_gz_gazebo/worlds/iris_runway.sdf].
(2023-10-16T21:38:27.880191279) (2023-10-16T21:38:27.880203571) [Msg] Serving entity system service on [/entity/system/add]
(2023-10-16T21:38:27.991352662) (2023-10-16T21:38:27.991367015) [Dbg] [Physics.cc:880] Loaded [gz::physics::dartsim::Plugin] from library [/usr/lib/x86_64-linux-gnu/gz-physics-6/engine-plugins/libgz-physics-dartsim-plugin.so]
(2023-10-16T21:38:27.991445108) (2023-10-16T21:38:27.991453271) [Dbg] [SystemManager.cc:74] Loaded system [gz::sim::systems::Physics] for entity [1]
(2023-10-16T21:38:27.998923163) (2023-10-16T21:38:27.998936796) [Dbg] [Sensors.cc:506] Configuring Sensors system
(2023-10-16T21:38:27.999033240) (2023-10-16T21:38:27.999041767) [Dbg] [Sensors.cc:425] SensorsPrivate::Run
(2023-10-16T21:38:27.999121752) (2023-10-16T21:38:27.999130485) [Dbg] [SystemManager.cc:74] Loaded system [gz::sim::systems::Sensors] for entity [1]
(2023-10-16T21:38:28.1372884) (2023-10-16T21:38:28.1385904) [Msg] Create service on [/world/map/create]
(2023-10-16T21:38:28.1666355) (2023-10-16T21:38:28.1676643) [Msg] Remove service on [/world/map/remove]
(2023-10-16T21:38:28.1885407) (2023-10-16T21:38:28.1895293) [Msg] Pose service on [/world/map/set_pose]
(2023-10-16T21:38:28.2115596) (2023-10-16T21:38:28.2124886) [Msg] Pose service on [/world/map/set_pose_vector]
(2023-10-16T21:38:28.2390328) (2023-10-16T21:38:28.2400067) [Msg] Light configuration service on [/world/map/light_config]
(2023-10-16T21:38:28.2799188) (2023-10-16T21:38:28.2809507) [Msg] Physics service on [/world/map/set_physics]
(2023-10-16T21:38:28.3056323) (2023-10-16T21:38:28.3066364) [Msg] SphericalCoordinates service on [/world/map/set_spherical_coordinates]
(2023-10-16T21:38:28.3899383) (2023-10-16T21:38:28.3953155) [Msg] Enable collision service on [/world/map/enable_collision]
(2023-10-16T21:38:28.4111423) (2023-10-16T21:38:28.4125497) [Dbg] [Sensors.cc:402] ((2023-10-16T21:38:28.4151525) (2023-10-16T21:38:28.4163486) [Msg] Disable collision service on [SensorsPrivate::RenderThread started
(2023-10-16T21:38:28.42047622023-10-16T21:38:28.4204762) (/world/map/disable_collision2023-10-16T21:38:28.4224204/world/map/disable_collision2023-10-16T21:38:28.4224204) ]
Waiting for init
(2023-10-16T21:38:28.4497099) (2023-10-16T21:38:28.4507558) [Msg] Material service on [/world/map/visual_config]
(2023-10-16T21:38:28.4737804) (2023-10-16T21:38:28.4747937) [Msg] Material service on [/world/map/wheel_slip]
(2023-10-16T21:38:28.4798565) (2023-10-16T21:38:28.4806712) [Dbg] [SystemManager.cc:74] Loaded system [gz::sim::systems::UserCommands] for entity [1]
(2023-10-16T21:38:28.6559642) (2023-10-16T21:38:28.6573242) [Dbg] [SystemManager.cc:74] Loaded system [gz::sim::systems::SceneBroadcaster] for entity [1]
(2023-10-16T21:38:28.8119480) (2023-10-16T21:38:28.8133109) [Dbg] [SystemManager.cc:74] Loaded system [gz::sim::systems::AirPressure] for entity [1]
(2023-10-16T21:38:28.9690368) (2023-10-16T21:38:28.9705355) [Dbg] [SystemManager.cc:74] Loaded system [gz::sim::systems::AirSpeed] for entity [1]
(2023-10-16T21:38:28.11190549) (2023-10-16T21:38:28.11204454) [Dbg] [SystemManager.cc:74] Loaded system [gz::sim::systems::Altimeter] for entity [1]
(2023-10-16T21:38:28.12786923) (2023-10-16T21:38:28.12802105) [Dbg] [SystemManager.cc:74] Loaded system [gz::sim::systems::Imu] for entity [1]
(2023-10-16T21:38:28.14430968) (2023-10-16T21:38:28.14444803) [Dbg] [SystemManager.cc:74] Loaded system [gz::sim::systems::Magnetometer] for entity [1]
(2023-10-16T21:38:28.15873436) (2023-10-16T21:38:28.15885514) [Dbg] [SystemManager.cc:74] Loaded system [gz::sim::systems::NavSat] for entity [1]
(2023-10-16T21:38:28.27217543) (2023-10-16T21:38:28.27229141) [Dbg] [SystemManager.cc:74] Loaded system [gz::sim::systems::JointStatePublisher] for entity [9]
(2023-10-16T21:38:28.28263741) (2023-10-16T21:38:28.28275360) [Msg] OdometryPublisher publishing odometry on [/model/iris/odometry]
(2023-10-16T21:38:28.28467436) (2023-10-16T21:38:28.28478177) [Msg] OdometryPublisher publishing odometry with covariance on [/model/iris/odometry_with_covariance]
(2023-10-16T21:38:28.28616295) (2023-10-16T21:38:28.28626364) [Msg] OdometryPublisher publishing Pose_V (TF) on [/model/iris/pose]
(2023-10-16T21:38:28.28663826) (2023-10-16T21:38:28.28672375) [Dbg] [SystemManager.cc:74] Loaded system [gz::sim::systems::OdometryPublisher] for entity [9]
(2023-10-16T21:38:28.29634390) (2023-10-16T21:38:28.29642093) [Dbg] [SystemManager.cc:74] Loaded system [gz::sim::systems::LiftDrag] for entity [9]
(2023-10-16T21:38:28.29874566) (2023-10-16T21:38:28.29881308) [Dbg] [SystemManager.cc:74] Loaded system [gz::sim::systems::LiftDrag] for entity [9]
(2023-10-16T21:38:28.30104157) (2023-10-16T21:38:28.30114593) [Dbg] [SystemManager.cc:74] Loaded system [gz::sim::systems::LiftDrag] for entity [9]
(2023-10-16T21:38:28.30578301) (2023-10-16T21:38:28.30588519) [Dbg] [SystemManager.cc:74] Loaded system [gz::sim::systems::LiftDrag] for entity [9]
(2023-10-16T21:38:28.30989396) (2023-10-16T21:38:28.30999140) [Dbg] [SystemManager.cc:74] Loaded system [gz::sim::systems::LiftDrag] for entity [9]
(2023-10-16T21:38:28.31353142) (2023-10-16T21:38:28.31363111) [Dbg] [SystemManager.cc:74] Loaded system [gz::sim::systems::LiftDrag] for entity [9]
(2023-10-16T21:38:28.31710106) (2023-10-16T21:38:28.31719832) [Dbg] [SystemManager.cc:74] Loaded system [gz::sim::systems::LiftDrag] for entity [9]
(2023-10-16T21:38:28.32068645) (2023-10-16T21:38:28.32078255) [Dbg] [SystemManager.cc:74] Loaded system [gz::sim::systems::LiftDrag] for entity [9]
(2023-10-16T21:38:28.33648377) (2023-10-16T21:38:28.33661819) [Msg] ApplyJointForce subscribing to Double messages on [/model/iris/joint/rotor_0_joint/cmd_force]
(2023-10-16T21:38:28.33708317) (2023-10-16T21:38:28.33727626) [Dbg] [SystemManager.cc:74] Loaded system [gz::sim::systems::ApplyJointForce] for entity [9]
(2023-10-16T21:38:28.34244884) (2023-10-16T21:38:28.34255466) [Msg] ApplyJointForce subscribing to Double messages on [/model/iris/joint/rotor_1_joint/cmd_force]
(2023-10-16T21:38:28.34294815) (2023-10-16T21:38:28.34302806) [Dbg] [SystemManager.cc:74] Loaded system [gz::sim::systems::ApplyJointForce] for entity [9]
(2023-10-16T21:38:28.34800446) (2023-10-16T21:38:28.34811185) [Msg] ApplyJointForce subscribing to Double messages on [/model/iris/joint/rotor_2_joint/cmd_force]
(2023-10-16T21:38:28.34850217) (2023-10-16T21:38:28.34858111) [Dbg] [SystemManager.cc:74] Loaded system [gz::sim::systems::ApplyJointForce] for entity [9]
(2023-10-16T21:38:28.35346380) (2023-10-16T21:38:28.35357300) [Msg] ApplyJointForce subscribing to Double messages on [/model/iris/joint/rotor_3_joint/cmd_force]
(2023-10-16T21:38:28.35396924) (2023-10-16T21:38:28.35405025) [Dbg] [SystemManager.cc:74] Loaded system [gz::sim::systems::ApplyJointForce] for entity [9]
(2023-10-16T21:38:28.36882645) (2023-10-16T21:38:28.36894441) [Msg] JointPositionController subscribing to Double messages on [/gimbal/cmd_roll]
(2023-10-16T21:38:28.36935105) (2023-10-16T21:38:28.36943050) [Dbg] [JointPositionController.cc:302] [JointPositionController] system parameters:
(2023-10-16T21:38:28.36966004) (2023-10-16T21:38:28.36973518) [Dbg] [JointPositionController.cc:303] p_gain: [2]
(2023-10-16T21:38:28.37016325) (2023-10-16T21:38:28.37023838) [Dbg] [JointPositionController.cc:304] i_gain: [0.1]
(2023-10-16T21:38:28.37055227) (2023-10-16T21:38:28.37062847) [Dbg] [JointPositionController.cc:305] d_gain: [0.01]
(2023-10-16T21:38:28.37093700) (2023-10-16T21:38:28.37101250) [Dbg] [JointPositionController.cc:306] i_max: [1]
(2023-10-16T21:38:28.37131658) (2023-10-16T21:38:28.37139073) [Dbg] [JointPositionController.cc:307] i_min: [-1]
(2023-10-16T21:38:28.37169264) (2023-10-16T21:38:28.37176803) [Dbg] [JointPositionController.cc:308] cmd_max: [1000]
(2023-10-16T21:38:28.37207887) (2023-10-16T21:38:28.37215304) [Dbg] [JointPositionController.cc:309] cmd_min: [-1000]
(2023-10-16T21:38:28.37245929) (2023-10-16T21:38:28.37265623) [Dbg] [JointPositionController.cc:310] cmd_offset: [0]
(2023-10-16T21:38:28.37301668) (2023-10-16T21:38:28.37309180) [Dbg] [JointPositionController.cc:311] Topic: [/gimbal/cmd_roll]
(2023-10-16T21:38:28.37338794) (2023-10-16T21:38:28.37346250) [Dbg] [JointPositionController.cc:312] initial_position: [0]
(2023-10-16T21:38:28.37382317) (2023-10-16T21:38:28.37390048) [Dbg] [SystemManager.cc:74] Loaded system [gz::sim::systems::JointPositionController] for entity [9]
(2023-10-16T21:38:28.37975929) (2023-10-16T21:38:28.37986848) [Msg] JointPositionController subscribing to Double messages on [/gimbal/cmd_tilt]
(2023-10-16T21:38:28.38020894) (2023-10-16T21:38:28.38028625) [Dbg] [JointPositionController.cc:302] [JointPositionController] system parameters:
(2023-10-16T21:38:28.38051765) (2023-10-16T21:38:28.38059292) [Dbg] [JointPositionController.cc:303] p_gain: [2]
(2023-10-16T21:38:28.38109163) (2023-10-16T21:38:28.38116315) [Dbg] [JointPositionController.cc:304] i_gain: [0.1]
(2023-10-16T21:38:28.38145804) (2023-10-16T21:38:28.38153042) [Dbg] [JointPositionController.cc:305] d_gain: [0.01]
(2023-10-16T21:38:28.38181714) (2023-10-16T21:38:28.38189453) [Dbg] [JointPositionController.cc:306] i_max: [1]
(2023-10-16T21:38:28.38220005) (2023-10-16T21:38:28.38227625) [Dbg] [JointPositionController.cc:307] i_min: [-1]
(2023-10-16T21:38:28.38257822) (2023-10-16T21:38:28.38265206) [Dbg] [JointPositionController.cc:308] cmd_max: [1000]
(2023-10-16T21:38:28.38295692) (2023-10-16T21:38:28.38303025) [Dbg] [JointPositionController.cc:309] cmd_min: [-1000]
(2023-10-16T21:38:28.38333324) (2023-10-16T21:38:28.38340952) [Dbg] [JointPositionController.cc:310] cmd_offset: [0]
(2023-10-16T21:38:28.38370774) (2023-10-16T21:38:28.38378146) [Dbg] [JointPositionController.cc:311] Topic: [/gimbal/cmd_tilt]
(2023-10-16T21:38:28.38407597) (2023-10-16T21:38:28.38415159) [Dbg] [JointPositionController.cc:312] initial_position: [0]
(2023-10-16T21:38:28.38450169) (2023-10-16T21:38:28.38457855) [Dbg] [SystemManager.cc:74] Loaded system [gz::sim::systems::JointPositionController] for entity [9]
(2023-10-16T21:38:28.39910921) (2023-10-16T21:38:28.39922053) [Msg] LinearBatteryPlugin configured. Battery name: lipo_3500mAh
(2023-10-16T21:38:28.39957371) (2023-10-16T21:38:28.39965119) [Dbg] [LinearBatteryPlugin.cc:405] Battery initial voltage: 12.6
(2023-10-16T21:38:28.40318238) (2023-10-16T21:38:28.40328619) [Dbg] [SystemManager.cc:74] Loaded system [gz::sim::systems::LinearBatteryPlugin] for entity [9]
(2023-10-16T21:38:28.48135915) (2023-10-16T21:38:28.48151145) [Msg] [iris] Advertising on /gimbal/cmd_roll.
(2023-10-16T21:38:28.49192178) (2023-10-16T21:38:28.49206122) [Msg] [iris] Advertising on /gimbal/cmd_tilt.
(2023-10-16T21:38:28.49724963) [iris] flight dynamics model @ 127.0.0.1:9002
(2023-10-16T21:38:28.49922872) [iris] ArduPilot ready to fly. The force will be with you
(2023-10-16T21:38:28.49990114) (2023-10-16T21:38:28.50213293) [Dbg] [SystemManager.cc:74] Loaded system [ArduPilotPlugin] for entity [9]
(2023-10-16T21:38:28.52900791) (2023-10-16T21:38:28.52916862) [Msg] Loaded level [3]
(2023-10-16T21:38:28.59899658) (2023-10-16T21:38:28.59915240) [Msg] Serving world controls on [/world/map/control], [/world/map/control/state] and [/world/map/playback/control]
(2023-10-16T21:38:28.60195144) (2023-10-16T21:38:28.60205528) [Msg] Serving GUI information on [/world/map/gui/info]
(2023-10-16T21:38:28.60245467) (2023-10-16T21:38:28.60252963) [Msg] World [map] initialized with [1ms] physics profile.
(2023-10-16T21:38:28.60560664) (2023-10-16T21:38:28.60570654) [Msg] Serving world SDF generation service on [/world/map/generate_world_sdf]
(2023-10-16T21:38:28.60810167) (2023-10-16T21:38:28.60819756) [Msg] Serving world names on [/gazebo/worlds]
(2023-10-16T21:38:28.61013363) (2023-10-16T21:38:28.61022867) [Msg] Resource path add service on [/gazebo/resource_paths/add].
(2023-10-16T21:38:28.61219573) (2023-10-16T21:38:28.61229019) [Msg] Resource path get service on [/gazebo/resource_paths/get].
(2023-10-16T21:38:28.61418833) (2023-10-16T21:38:28.61438358) [Msg] Resource path resolve service on [/gazebo/resource_paths/resolve].
(2023-10-16T21:38:28.61726350) (2023-10-16T21:38:28.61736910) [Msg] Resource paths published on [/gazebo/resource_paths].
(2023-10-16T21:38:28.62002689) (2023-10-16T21:38:28.62013015) [Msg] Server control service on [/server_control].
(2023-10-16T21:38:29.596756756) (2023-10-16T21:38:29.596773534) [Msg] Found no publishers on /stats, adding root stats topic
(2023-10-16T21:38:29.596982290) (2023-10-16T21:38:29.596990253) [Msg] Found no publishers on /clock, adding root clock topic
(2023-10-16T21:38:29.597266696) (2023-10-16T21:38:29.597274220) [Dbg] [SimulationRunner.cc:503] Creating PostUpdate worker threads: 13
(2023-10-16T21:38:29.597301429) (2023-10-16T21:38:29.597306408) [Dbg] [SimulationRunner.cc:514] Creating postupdate worker thread (0)
(2023-10-16T21:38:29.597388184) (2023-10-16T21:38:29.597395068) [Dbg] [SimulationRunner.cc:514] Creating postupdate worker thread (1)
(2023-10-16T21:38:29.597442930) (2023-10-16T21:38:29.597448801) [Dbg] [SimulationRunner.cc:514] Creating postupdate worker thread (2)
(2023-10-16T21:38:29.597498746) (2023-10-16T21:38:29.597507466) [Dbg] [SimulationRunner.cc:514] Creating postupdate worker thread (3)
(2023-10-16T21:38:29.597572871) (2023-10-16T21:38:29.597579576) [Dbg] [SimulationRunner.cc:514] Creating postupdate worker thread (4)
(2023-10-16T21:38:29.597623035) (2023-10-16T21:38:29.597628806) [Dbg] [SimulationRunner.cc:514] Creating postupdate worker thread (5)
(2023-10-16T21:38:29.597674309) (2023-10-16T21:38:29.597680347) [Dbg] [SimulationRunner.cc:514] Creating postupdate worker thread (6)
(2023-10-16T21:38:29.597724351) (2023-10-16T21:38:29.597730401) [Dbg] [SimulationRunner.cc:514] Creating postupdate worker thread (7)
(2023-10-16T21:38:29.597775520) (2023-10-16T21:38:29.597781730) [Dbg] [SimulationRunner.cc:514] Creating postupdate worker thread (8)
(2023-10-16T21:38:29.597829831) (2023-10-16T21:38:29.597835892) [Dbg] [SimulationRunner.cc:514] Creating postupdate worker thread (9)
(2023-10-16T21:38:29.597877152) (2023-10-16T21:38:29.597883079) [Dbg] [SimulationRunner.cc:514] Creating postupdate worker thread (10)
(2023-10-16T21:38:29.597926604) (2023-10-16T21:38:29.597932332) [Dbg] [SimulationRunner.cc:514] Creating postupdate worker thread (11)
(2023-10-16T21:38:29.598951985) (2023-10-16T21:38:29.598959974) [Dbg] [JointPositionController.cc:361] Identified joint [roll_joint] as Entity [53]
(2023-10-16T21:38:29.598997435) (2023-10-16T21:38:29.599002652) [Dbg] [JointPositionController.cc:361] Identified joint [tilt_joint] as Entity [54]
(2023-10-16T21:38:29.599081387) (2023-10-16T21:38:29.599087161) [Msg] Found IMU sensor with name [imu_link::imu_sensor]
(2023-10-16T21:38:29.599117879) (2023-10-16T21:38:29.599122964) [Dbg] [ArduPilotPlugin.cc:1154] Computed IMU topic to be: world/map/model/iris/link/imu_link/sensor/imu_sensor/imu
(2023-10-16T21:38:29.603807373) (2023-10-16T21:38:29.603823037) [Dbg] [SDFFeatures.cc:328] Mesh construction from an SDF has not been implemented yet for dartsim. Use AttachMeshShapeFeature to use mesh shapes.
(2023-10-16T21:38:29.603851277) (2023-10-16T21:38:29.603856270) [Err] [SDFFeatures.cc:843] The geometry element of collision [roll_col] couldn't be created
(2023-10-16T21:38:29.604006411) (2023-10-16T21:38:29.604013086) [Dbg] [SDFFeatures.cc:328] Mesh construction from an SDF has not been implemented yet for dartsim. Use AttachMeshShapeFeature to use mesh shapes.
(2023-10-16T21:38:29.604030494) (2023-10-16T21:38:29.604035300) [Err] [SDFFeatures.cc:843] The geometry element of collision [tilt_col] couldn't be created
(2023-10-16T21:38:30.40956669) (2023-10-16T21:38:30.40985649) [Dbg] [Sensors.cc:659] Initialization needed
(2023-10-16T21:38:30.41110882) (2023-10-16T21:38:30.41124565) [Dbg] [Sensors.cc:257] Initializing render context
(2023-10-16T21:38:30.41300031) (2023-10-16T21:38:30.41309651) [Msg] Loading plugin [gz-rendering-ogre2]
(2023-10-16T21:38:30.41764306) (2023-10-16T21:38:30.41776356) [Dbg] [AirSpeedSensor.cc:125] Air speed for [iris::base_link::air_speed_sensor] advertised on [world/map/model/iris/link/base_link/sensor/air_speed_sensor/air_speed]
(2023-10-16T21:38:30.42057410) (2023-10-16T21:38:30.42068398) [Msg] Serving scene information on [/world/map/scene/info]
(2023-10-16T21:38:30.42232948) (2023-10-16T21:38:30.42243075) [Dbg] [ImuSensor.cc:149] IMU data for [iris::imu_link::imu_sensor] advertised on [world/map/model/iris/link/imu_link/sensor/imu_sensor/imu]
(2023-10-16T21:38:30.42514536) (2023-10-16T21:38:30.42526772) [Msg] Serving graph information on [/world/map/scene/graph]
(2023-10-16T21:38:30.42623001) (2023-10-16T21:38:30.42632267) [Dbg] [AirPressureSensor.cc:126] Air pressure for [(2023-10-16T21:38:30.42662513) iris::base_link::air_pressure_sensor] advertised on [world/map/model/iris/link/base_link/sensor/air_pressure_sensor/air_pressure]
((2023-10-16T21:38:30.42734212) [Dbg] [AltimeterSensor.cc:114] Altimeter data for [2023-10-16T21:38:30.42766877) (2023-10-16T21:38:30.42790240) iris::base_link::altimeter_sensor] advertised on [] advertised on [[Dbg] [MagnetometerSensor.cc:117] world/map/model/iris/link/base_link/sensor/altimeter_sensor/altimeter]] advertised on [world/map/model/iris/link/base_link/sensor/magnetometer_sensor/magnetometer]
(2023-10-16T21:38:30.42912191) (2023-10-16T21:38:30.42922209) [Msg] Serving full state on [/world/map/state]
(2023-10-16T21:38:30.43022780) (2023-10-16T21:38:30.43031472) [Msg] Serving full state (async) on [/world/map/state_async]
(2023-10-16T21:38:30.43130256) (2023-10-16T21:38:30.43138708) [Msg] Publishing scene information on [/world/map/scene/info]
(2023-10-16T21:38:30.43262951) (2023-10-16T21:38:30.43272658) [Msg] Publishing entity deletions on [/world/map/scene/deletion]
(2023-10-16T21:38:30.43357234) (2023-10-16T21:38:30.43365845) [Msg] Publishing state changes on [/world/map/state]
(2023-10-16T21:38:30.43449563) (2023-10-16T21:38:30.43458378) [Msg] Publishing pose messages on [/world/map/pose/info]
(2023-10-16T21:38:30.43555568) (2023-10-16T21:38:30.43565497) [Msg] Publishing dynamic pose messages on [/world/map/dynamic_pose/info]
(2023-10-16T21:38:30.43995842) (2023-10-16T21:38:30.44008359) [Dbg] [EntityComponentManager.cc:1655] Updated state thread iterators: 8 threads processing around 8 entities each.
(2023-10-16T21:38:30.55192968) (2023-10-16T21:38:30.55205888) [Wrn] [Component.hh:144] Trying to serialize component with data type [St6vectorIdSaIdEE], which doesn't have `operator<<`. Component will not be serialized.
(2023-10-16T21:38:30.55335567) (2023-10-16T21:38:30.55346849) [Wrn] [Model.hh:69] Skipping serialization / deserialization for models with //pose/@relative_to attribute.
(2023-10-16T21:38:30.55626186) (2023-10-16T21:38:30.55659923) [Wrn] [Component.hh:144] Trying to serialize component with data type [N3sdf3v135WorldE], which doesn't have `operator<<`. Component will not be serialized.
(2023-10-16T21:38:30.57438663) [iris] Connected to ArduPilot controller @ 127.0.0.1:38992
(2023-10-16T21:38:30.57473116) (2023-10-16T21:38:30.57478254) [Wrn] [ArduPilotPlugin.cc:1583] ArduPilot controller has reset
(2023-10-16T21:38:30.58254632) (2023-10-16T21:38:30.58265570) [Dbg] [LinearBatteryPlugin.cc:574] [Battery Plugin] Battery drain: 0 minutes passed.
(2023-10-16T21:38:30.216653759) (2023-10-16T21:38:30.216660837) [Dbg] [RenderUtil.cc:2720] Create scene [scene]
(2023-10-16T21:38:30.248512347) (2023-10-16T21:38:30.248525994) [Dbg] [Sensors.cc:277] Rendering Thread initialized
(2023-10-16T21:38:30.248566420) (2023-10-16T21:38:30.248574599) [Dbg] [Sensors.cc:659] Initialization needed
(2023-10-16T21:38:32.30465035) (2023-10-16T21:38:32.30480906) [Dbg] [CameraSensor.cc:458] Camera images for [iris::tilt_link::camera] advertised on [world/map/model/iris/link/tilt_link/sensor/camera/image]
(2023-10-16T21:38:32.30671184) (2023-10-16T21:38:32.30681476) [Dbg] [CameraSensor.cc:786] Camera info for [iris::tilt_link::camera] advertised on [/world/map/model/iris/link/tilt_link/sensor/camera/camera_info]
(2023-10-16T21:38:32.31081890) (2023-10-16T21:38:32.31088825) [Wrn] [Ogre2Camera.cc:412] Ogre2Camera::SetVisibilityMask: Mask bits c0000000 are set but will be ignored as they conflict with the reserved bits used internally by the ogre2 backend.
(2023-10-16T21:38:32.138312740) (2023-10-16T21:38:32.138322716) [Dbg] [CameraSensor.cc:583] Enabling camera sensor: 'iris::tilt_link::camera' data generation.
(2023-10-16T21:38:32.275045266) (2023-10-16T21:38:32.275068779) [Wrn] [ArduPilotPlugin.cc:1436] [iris] Drained n packets: 1
(2023-10-16T21:41:20.651346799) (2023-10-16T21:41:20.651402295) [Dbg] [SignalHandler.cc:142] Received signal[2].
(2023-10-16T21:41:20.651501213) (2023-10-16T21:41:20.651517701) [Dbg] [ServerPrivate.cc:115] Server received signal[2]
(2023-10-16T21:41:20.651596777) (2023-10-16T21:41:20.651615547) [Dbg] [Sensors.cc:433] SensorsPrivate::Stop
(2023-10-16T21:41:20.840336592) (2023-10-16T21:41:20.840368166) [Dbg] [Sensors.cc:419] SensorsPrivate::RenderThread stopped
(2023-10-16T21:41:20.840684533) (2023-10-16T21:41:20.840705571) [Dbg] [SignalHandler.cc:142] Received signal[2].
(2023-10-16T21:41:20.840937086) (2023-10-16T21:41:20.840951603) [Dbg] [ArduPilotPlugin.cc:370] Plugin received signal[2]
(2023-10-16T21:41:20.841029839) (2023-10-16T21:41:20.841041694) [Dbg] [gz.cc:417] Shutting down gz-sim-server
(((2023-10-16T21:41:20.8526194492023-10-16T21:41:20.852619449(2023-10-16T21:41:20.852619449((2023-10-16T21:41:20.852619449(((2023-10-16T21:41:20.852778166) (2023-10-16T21:41:20.8528067532023-10-16T21:41:20.8528088892023-10-16T21:41:20.8528088892023-10-16T21:41:20.852815559) (2023-10-16T21:41:20.852849090) 2023-10-16T21:41:20.852626997) (2023-10-16T21:41:20.852883079) 2023-10-16T21:41:20.852900261) (2023-10-16T21:41:20.852934105) ) () (2023-10-16T21:41:20.852999563) ) 2023-10-16T21:41:20.852913847) 2023-10-16T21:41:20.852592671) (2023-10-16T21:41:20.8530034312023-10-16T21:41:20.853144256) 2023-10-16T21:41:20.853160678) ) 2023-10-16T21:41:20.852982093) 2023-10-16T21:41:20.853172203) ) ((2023-10-16T21:41:20.853234685) (2023-10-16T21:41:20.853254125) 2023-10-16T21:41:20.853225221) 2023-10-16T21:41:20.853214486) ) (2023-10-16T21:41:20.853326265) Exiting postupdate worker thread (4)
[Dbg] [SimulationRunner.cc:530] Exiting postupdate worker thread (2)
[Dbg] [SimulationRunner.cc:530] Exiting postupdate worker thread (Exiting postupdate worker thread (Exiting postupdate worker thread ([Dbg] [SimulationRunner.cc:530] Exiting postupdate worker thread (0)
Exiting postupdate worker thread (6)
Exiting postupdate worker thread (Exiting postupdate worker thread (Exiting postupdate worker thread (Exiting postupdate worker thread (3Exiting postupdate worker thread (7)
Exiting postupdate worker thread (Exiting postupdate worker thread (10)
1Exiting postupdate worker thread (8)
)
5)
Exiting postupdate worker thread (39)
)
)
(2023-10-16T21:41:20.884493444) (2023-10-16T21:41:20.884510955) [Dbg] [Sensors.cc:433] SensorsPrivate::Stop
