(2023-10-26T11:08:19.531210906) (2023-10-26T11:08:19.531250946) [Msg] Gazebo Sim Server v7.6.0
(2023-10-26T11:08:19.545786658) (2023-10-26T11:08:19.545837233) [Msg] Loading SDF world file[/home/bassam/PX4-Autopilot/Tools/simulation/gz/worlds/default.sdf].
(2023-10-26T11:08:19.903207728) (2023-10-26T11:08:19.903245209) [Msg] Serving entity system service on [/entity/system/add]
(2023-10-26T11:08:20.353161619) (2023-10-26T11:08:20.353200255) [Dbg] [Physics.cc:880] Loaded [gz::physics::dartsim::Plugin] from library [/usr/lib/x86_64-linux-gnu/gz-physics-6/engine-plugins/libgz-physics-dartsim-plugin.so]
(2023-10-26T11:08:20.353362753) (2023-10-26T11:08:20.353383373) [Dbg] [SystemManager.cc:74] Loaded system [gz::sim::systems::Physics] for entity [1]
(2023-10-26T11:08:20.360412028) (2023-10-26T11:08:20.360444530) [Msg] Create service on [/world/default/create]
(2023-10-26T11:08:20.360820630) (2023-10-26T11:08:20.360845581) [Msg] Remove service on [/world/default/remove]
(2023-10-26T11:08:20.361169391) (2023-10-26T11:08:20.361193941) [Msg] Pose service on [/world/default/set_pose]
(2023-10-26T11:08:20.361570764) (2023-10-26T11:08:20.361596000) [Msg] Pose service on [/world/default/set_pose_vector]
(2023-10-26T11:08:20.362048585) (2023-10-26T11:08:20.362073456) [Msg] Light configuration service on [/world/default/light_config]
(2023-10-26T11:08:20.362724135) (2023-10-26T11:08:20.362749064) [Msg] Physics service on [/world/default/set_physics]
(2023-10-26T11:08:20.363166741) (2023-10-26T11:08:20.363190696) [Msg] SphericalCoordinates service on [/world/default/set_spherical_coordinates]
(2023-10-26T11:08:20.363388585) (2023-10-26T11:08:20.363410437) [Msg] Enable collision service on [/world/default/enable_collision]
(2023-10-26T11:08:20.363589491) (2023-10-26T11:08:20.363611555) [Msg] Disable collision service on [/world/default/disable_collision]
(2023-10-26T11:08:20.364093189) (2023-10-26T11:08:20.364116852) [Msg] Material service on [/world/default/visual_config]
(2023-10-26T11:08:20.364475581) (2023-10-26T11:08:20.364511737) [Msg] Material service on [/world/default/wheel_slip]
(2023-10-26T11:08:20.364642560) (2023-10-26T11:08:20.364663452) [Dbg] [SystemManager.cc:74] Loaded system [gz::sim::systems::UserCommands] for entity [1]
(2023-10-26T11:08:20.370619500) (2023-10-26T11:08:20.370652589) [Dbg] [SystemManager.cc:74] Loaded system [gz::sim::systems::SceneBroadcaster] for entity [1]
(2023-10-26T11:08:20.374601940) (2023-10-26T11:08:20.374643785) [Dbg] [SystemManager.cc:74] Loaded system [gz::sim::systems::Contact] for entity [1]
(2023-10-26T11:08:20.381809506) (2023-10-26T11:08:20.381843141) [Dbg] [SystemManager.cc:74] Loaded system [gz::sim::systems::Imu] for entity [1]
(2023-10-26T11:08:20.386495754) (2023-10-26T11:08:20.386526319) [Dbg] [SystemManager.cc:74] Loaded system [gz::sim::systems::AirPressure] for entity [1]
(2023-10-26T11:08:20.390403409) (2023-10-26T11:08:20.390434112) [Msg] Listening to instantaneous wrench commands in [/world/default/wrench]
(2023-10-26T11:08:20.390653240) (2023-10-26T11:08:20.390689630) [Msg] Listening to persistent wrench commands in [/world/default/wrench/persistent]
(2023-10-26T11:08:20.390902764) (2023-10-26T11:08:20.390933084) [Msg] Listening to wrench clear commands in [/world/default/wrench/clear]
(2023-10-26T11:08:20.391006111) (2023-10-26T11:08:20.391022862) [Dbg] [SystemManager.cc:74] Loaded system [gz::sim::systems::ApplyLinkWrench] for entity [1]
(2023-10-26T11:08:20.420495356) (2023-10-26T11:08:20.420530913) [Dbg] [Sensors.cc:506] Configuring Sensors system
(2023-10-26T11:08:20.420843180) (2023-10-26T11:08:20.420877475) [Dbg] [Sensors.cc:425] SensorsPrivate::Run
(2023-10-26T11:08:20.421091572) (2023-10-26T11:08:20.421113511) [Dbg] [SystemManager.cc:74] Loaded system [gz::sim::systems::Sensors] for entity [1]
(2023-10-26T11:08:20.421288519) (2023-10-26T11:08:20.421328960) [Dbg] [Sensors.cc:402] SensorsPrivate::RenderThread started
(2023-10-26T11:08:20.421404160) (2023-10-26T11:08:20.421421925) [Dbg] [Sensors.cc:245] Waiting for init
(2023-10-26T11:08:20.428429064) (2023-10-26T11:08:20.428459704) [Wrn] [SystemLoader.cc:79] Trying to load deprecated plugin [ignition-gazebo-ackermann-steering-system]. Using [gz-sim-ackermann-steering-system] instead.
(2023-10-26T11:08:20.433905084) (2023-10-26T11:08:20.433939894) [Msg] AckermannSteering subscribing to twist messages on [/cmd_vel]
(2023-10-26T11:08:20.434643489) (2023-10-26T11:08:20.434670527) [Dbg] [SystemManager.cc:74] Loaded system [ignition::gazebo::systems::AckermannSteering] for entity [8]
(2023-10-26T11:08:20.435047873) (2023-10-26T11:08:20.435069697) [Msg] Loaded level [3]
(2023-10-26T11:08:20.439632236) (2023-10-26T11:08:20.439659721) [Msg] Serving world controls on [/world/default/control], [/world/default/control/state] and [/world/default/playback/control]
(2023-10-26T11:08:20.440241886) (2023-10-26T11:08:20.440266387) [Msg] Serving GUI information on [/world/default/gui/info]
(2023-10-26T11:08:20.440331371) (2023-10-26T11:08:20.440347939) [Msg] World [default] initialized with [default_physics] physics profile.
(2023-10-26T11:08:20.440746616) (2023-10-26T11:08:20.440770139) [Msg] Serving world SDF generation service on [/world/default/generate_world_sdf]
(2023-10-26T11:08:20.441082763) (2023-10-26T11:08:20.441106420) [Msg] Serving world names on [/gazebo/worlds]
(2023-10-26T11:08:20.441307258) (2023-10-26T11:08:20.441328442) [Msg] Resource path add service on [/gazebo/resource_paths/add].
(2023-10-26T11:08:20.441633548) (2023-10-26T11:08:20.441659881) [Msg] Resource path get service on [/gazebo/resource_paths/get].
(2023-10-26T11:08:20.441878936) (2023-10-26T11:08:20.441901257) [Msg] Resource path resolve service on [/gazebo/resource_paths/resolve].
(2023-10-26T11:08:20.442084147) (2023-10-26T11:08:20.442105659) [Msg] Resource paths published on [/gazebo/resource_paths].
(2023-10-26T11:08:20.442420427) (2023-10-26T11:08:20.442443755) [Msg] Server control service on [/server_control].
(2023-10-26T11:08:21.538525627) (2023-10-26T11:08:21.538551511) [Msg] Found no publishers on /stats, adding root stats topic
(2023-10-26T11:08:21.538961666) (2023-10-26T11:08:21.538980611) [Msg] Found no publishers on /clock, adding root clock topic
(2023-10-26T11:08:21.539445011) (2023-10-26T11:08:21.539463572) [Dbg] [SimulationRunner.cc:503] Creating PostUpdate worker threads: 7
(2023-10-26T11:08:21.539531183) (2023-10-26T11:08:21.539545594) [Dbg] [SimulationRunner.cc:514] Creating postupdate worker thread (0)
(2023-10-26T11:08:21.539700854) (2023-10-26T11:08:21.539733763) [Dbg] [SimulationRunner.cc:514] Creating postupdate worker thread (1)
(2023-10-26T11:08:21.539916274) (2023-10-26T11:08:21.539941677) [Dbg] [SimulationRunner.cc:514] Creating postupdate worker thread (2)
(2023-10-26T11:08:21.540110356) (2023-10-26T11:08:21.540128825) [Dbg] [SimulationRunner.cc:514] Creating postupdate worker thread (3)
(2023-10-26T11:08:21.540349205) (2023-10-26T11:08:21.540368612) [Dbg] [SimulationRunner.cc:514] Creating postupdate worker thread (4)
(2023-10-26T11:08:21.540569172) (2023-10-26T11:08:21.540597196) [Dbg] [SimulationRunner.cc:514] Creating postupdate worker thread (5)
(2023-10-26T11:08:21.563484435) (2023-10-26T11:08:21.563513407) [Dbg] [SimulationFeatures.cc:72] Simulation timestep set to: 0.004
(2023-10-26T11:08:21.566083970) (2023-10-26T11:08:21.566127378) [Dbg] [Sensors.cc:659] Initialization needed
(2023-10-26T11:08:21.566255259) (2023-10-26T11:08:21.566277396) [Dbg] [Sensors.cc:257] Initializing render context
(2023-10-26T11:08:21.566493980) (2023-10-26T11:08:21.566511101) [Msg] Loading plugin [gz-rendering-ogre2]
(2023-10-26T11:08:21.567803867) (2023-10-26T11:08:21.567839661) [Msg] Serving scene information on [/world/default/scene/info]
(2023-10-26T11:08:21.568132683) (2023-10-26T11:08:21.568153266) [Msg] Serving graph information on [/world/default/scene/graph]
(2023-10-26T11:08:21.568512159) (2023-10-26T11:08:21.568532816) [Msg] Serving full state on [/world/default/state]
(2023-10-26T11:08:21.568696267) (2023-10-26T11:08:21.568715325) [Msg] Serving full state (async) on [/world/default/state_async]
(2023-10-26T11:08:21.568933745) (2023-10-26T11:08:21.568953104) [Msg] Publishing scene information on [/world/default/scene/info]
(2023-10-26T11:08:21.569279546) (2023-10-26T11:08:21.569301881) [Msg] Publishing entity deletions on [/world/default/scene/deletion]
(2023-10-26T11:08:21.569510642) (2023-10-26T11:08:21.569534708) [Msg] Publishing state changes on [/world/default/state]
(2023-10-26T11:08:21.569777928) (2023-10-26T11:08:21.569799138) [Msg] Publishing pose messages on [/world/default/pose/info]
(2023-10-26T11:08:21.569966178) (2023-10-26T11:08:21.569985377) [Msg] Publishing dynamic pose messages on [/world/default/dynamic_pose/info]
(2023-10-26T11:08:21.570951806) (2023-10-26T11:08:21.570979471) [Dbg] [EntityComponentManager.cc:1655] Updated state thread iterators: 8 threads processing around 7 entities each.
(2023-10-26T11:08:21.616700864) (2023-10-26T11:08:21.616752321) [Wrn] [Model.hh:69] Skipping serialization / deserialization for models with //pose/@relative_to attribute.
(2023-10-26T11:08:21.616915145) (2023-10-26T11:08:21.616943248) [Wrn] [Component.hh:144] Trying to serialize component with data type [N3sdf3v135WorldE], which doesn't have `operator<<`. Component will not be serialized.
(2023-10-26T11:08:22.303794182) (2023-10-26T11:08:22.303813853) [Dbg] [RenderUtil.cc:2720] Create scene [scene]
((2023-10-26T11:08:22.417818831) (2023-10-26T11:08:22.417863252) 2023-10-26T11:08:22.417783000) (2023-10-26T11:08:22.417914226) [Dbg] [Sensors.cc:659] Initialization needed
[Dbg] [Sensors.cc:277] Rendering Thread initialized
(2023-10-26T11:08:22.427080964) (2023-10-26T11:08:22.427105079) [Wrn] [FuelClient.cc:1952] The fuel.ignitionrobotics.org URL is deprecrated. Pleasse change https://fuel.ignitionrobotics.org/1.0/openrobotics/models/prius hybrid/2/files/meshes/Hybrid.obj to https://fuel.gazebosim.org/1.0/openrobotics/models/prius hybrid/2/files/meshes/Hybrid.obj
(2023-10-26T11:08:22.427310209) (2023-10-26T11:08:22.427326879) [Wrn] [FuelClient.cc:1952] The fuel.ignitionrobotics.org URL is deprecrated. Pleasse change https://fuel.ignitionrobotics.org/1.0/openrobotics/models/prius hybrid/2/files/meshes/Hybrid.obj to https://fuel.gazebosim.org/1.0/openrobotics/models/prius hybrid/2/files/meshes/Hybrid.obj
(2023-10-26T11:08:22.440498175) (2023-10-26T11:08:22.440523360) [Wrn] [OBJLoader.cc:91] Both `d` and `Tr` parameters defined for "Hybrid". Use the value of `d` for dissolve (line 8 in .mtl.)
Both `d` and `Tr` parameters defined for "Wheels3". Use the value of `d` for dissolve (line 22 in .mtl.)
Both `d` and `Tr` parameters defined for "Hybrid_Interior". Use the value of `d` for dissolve (line 36 in .mtl.)
Both `d` and `Tr` parameters defined for "Windows". Use the value of `d` for dissolve (line 50 in .mtl.)

(2023-10-26T11:08:22.665560765) (2023-10-26T11:08:22.665582745) [Dbg] [CameraSensor.cc:458] Camera images for [prius_hybrid::chassis::back_camera_sensor] advertised on [back_camera]
(2023-10-26T11:08:22.665883577) (2023-10-26T11:08:22.665900596) [Dbg] [CameraSensor.cc:786] Camera info for [prius_hybrid::chassis::back_camera_sensor] advertised on [/camera_info]
(2023-10-26T11:08:22.666138571) (2023-10-26T11:08:22.666154302) [Wrn] [Ogre2Camera.cc:412] Ogre2Camera::SetVisibilityMask: Mask bits c0000000 are set but will be ignored as they conflict with the reserved bits used internally by the ogre2 backend.
(2023-10-26T11:08:22.666780768) (2023-10-26T11:08:22.666798452) [Dbg] [CameraSensor.cc:458] Camera images for [prius_hybrid::chassis::front_camera_sensor] advertised on [front_camera]
(2023-10-26T11:08:22.666927750) (2023-10-26T11:08:22.666960779) [Dbg] [CameraSensor.cc:786] Camera info for [prius_hybrid::chassis::front_camera_sensor] advertised on [/camera_info]
(2023-10-26T11:08:22.667065039) (2023-10-26T11:08:22.667080722) [Wrn] [Ogre2Camera.cc:412] Ogre2Camera::SetVisibilityMask: Mask bits c0000000 are set but will be ignored as they conflict with the reserved bits used internally by the ogre2 backend.
(2023-10-26T11:08:22.667522963) (2023-10-26T11:08:22.667541490) [Dbg] [CameraSensor.cc:458] Camera images for [prius_hybrid::chassis::left_camera_sensor] advertised on [left_camera]
(2023-10-26T11:08:22.667698915) (2023-10-26T11:08:22.667715877) [Dbg] [CameraSensor.cc:786] Camera info for [prius_hybrid::chassis::left_camera_sensor] advertised on [/camera_info]
(2023-10-26T11:08:22.667811881) (2023-10-26T11:08:22.667826477) [Wrn] [Ogre2Camera.cc:412] Ogre2Camera::SetVisibilityMask: Mask bits c0000000 are set but will be ignored as they conflict with the reserved bits used internally by the ogre2 backend.
(2023-10-26T11:08:22.668194701) (2023-10-26T11:08:22.668211849) [Dbg] [CameraSensor.cc:458] Camera images for [prius_hybrid::chassis::right_camera_sensor] advertised on [right_camera]
(2023-10-26T11:08:22.668332570) (2023-10-26T11:08:22.668348223) [Dbg] [CameraSensor.cc:786] Camera info for [prius_hybrid::chassis::right_camera_sensor] advertised on [/camera_info]
(2023-10-26T11:08:22.668434199) (2023-10-26T11:08:22.668447558) [Wrn] [Ogre2Camera.cc:412] Ogre2Camera::SetVisibilityMask: Mask bits c0000000 are set but will be ignored as they conflict with the reserved bits used internally by the ogre2 backend.
(2023-10-26T11:09:09.688050025) (2023-10-26T11:09:09.688084408) [Wrn] [MulticopterMotorModel.cc:257] No robotNamespace set using entity name.
(2023-10-26T11:09:09.688168009) (2023-10-26T11:09:09.688185921) [Wrn] [MulticopterMotorModel.cc:295] <motorNumber> is depricated, please use <actuator_number>.
(2023-10-26T11:09:09.688308247) (2023-10-26T11:09:09.688326799) [Dbg] [MulticopterMotorModel.cc:386] Listening to topic: x500_depth_0/command/motor_speed
(2023-10-26T11:09:09.688989907) (2023-10-26T11:09:09.689015880) [Dbg] [SystemManager.cc:74] Loaded system [gz::sim::systems::MulticopterMotorModel] for entity [56]
(2023-10-26T11:09:09.689856376) (2023-10-26T11:09:09.689883132) [Wrn] [MulticopterMotorModel.cc:257] No robotNamespace set using entity name.
(2023-10-26T11:09:09.689936405) (2023-10-26T11:09:09.689954162) [Wrn] [MulticopterMotorModel.cc:295] <motorNumber> is depricated, please use <actuator_number>.
(2023-10-26T11:09:09.690073391) (2023-10-26T11:09:09.690092148) [Dbg] [MulticopterMotorModel.cc:386] Listening to topic: x500_depth_0/command/motor_speed
(2023-10-26T11:09:09.690588751) (2023-10-26T11:09:09.690620968) [Dbg] [SystemManager.cc:74] Loaded system [gz::sim::systems::MulticopterMotorModel] for entity [56]
(2023-10-26T11:09:09.691333352) (2023-10-26T11:09:09.691356912) [Wrn] [MulticopterMotorModel.cc:257] No robotNamespace set using entity name.
(2023-10-26T11:09:09.691403153) (2023-10-26T11:09:09.691419123) [Wrn] [MulticopterMotorModel.cc:295] <motorNumber> is depricated, please use <actuator_number>.
(2023-10-26T11:09:09.691522817) (2023-10-26T11:09:09.691539810) [Dbg] [MulticopterMotorModel.cc:386] Listening to topic: x500_depth_0/command/motor_speed
(2023-10-26T11:09:09.692074586) (2023-10-26T11:09:09.692108015) [Dbg] [SystemManager.cc:74] Loaded system [gz::sim::systems::MulticopterMotorModel] for entity [56]
(2023-10-26T11:09:09.692835907) (2023-10-26T11:09:09.692859263) [Wrn] [MulticopterMotorModel.cc:257] No robotNamespace set using entity name.
(2023-10-26T11:09:09.692904488) (2023-10-26T11:09:09.692920354) [Wrn] [MulticopterMotorModel.cc:295] <motorNumber> is depricated, please use <actuator_number>.
(2023-10-26T11:09:09.693024596) (2023-10-26T11:09:09.693041827) [Dbg] [MulticopterMotorModel.cc:386] Listening to topic: x500_depth_0/command/motor_speed
(2023-10-26T11:09:09.693730441) (2023-10-26T11:09:09.693769180) [Dbg] [SystemManager.cc:74] Loaded system [gz::sim::systems::MulticopterMotorModel] for entity [56]
(2023-10-26T11:09:09.694674307) (2023-10-26T11:09:09.694697808) [Dbg] [UserCommands.cc:1263] Created entity [56] named [x500_depth_0]
(2023-10-26T11:09:09.720432048) (2023-10-26T11:09:09.720485524) [Dbg] [ImuSensor.cc:149] IMU data for [x500_depth_0::base_link::imu_sensor] advertised on [world/default/model/x500_depth_0/link/base_link/sensor/imu_sensor/imu]
(2023-10-26T11:09:09.721403270) (2023-10-26T11:09:09.721452857) [Dbg] [AirPressureSensor.cc:126] Air pressure for [x500_depth_0::base_link::air_pressure_sensor] advertised on [world/default/model/x500_depth_0/link/base_link/sensor/air_pressure_sensor/air_pressure]
((((2023-10-26T11:09:09.7310628922023-10-26T11:09:09.7311097412023-10-26T11:09:09.7310628922023-10-26T11:09:09.731109741) () (2023-10-26T11:09:09.7310442522023-10-26T11:09:09.731311033) [Dbg] [SimulationRunner.cc:530] ) ) ) ) (() (2023-10-26T11:09:09.731525961Exiting postupdate worker thread (2023-10-26T11:09:09.731525961Exiting postupdate worker thread (2023-10-26T11:09:09.731525961Exiting postupdate worker thread ((4) 2023-10-26T11:09:09.731642239))2023-10-26T11:09:09.731601257) (2023-10-26T11:09:09.731747083) 
) ) (2023-10-26T11:09:09.731871797) [Dbg] [SimulationRunner.cc:530] Exiting postupdate worker thread (3)
[Dbg] [SimulationRunner.cc:530] Exiting postupdate worker thread (2)
Exiting postupdate worker thread (5)
[Dbg] [SimulationRunner.cc:530] Exiting postupdate worker thread (0)

Exiting postupdate worker thread (1)
(2023-10-26T11:09:09.732793175) (2023-10-26T11:09:09.732834223) [Dbg] [SimulationRunner.cc:503] Creating PostUpdate worker threads: 7
(2023-10-26T11:09:09.732938108) (2023-10-26T11:09:09.732963568) [Dbg] [SimulationRunner.cc:514] Creating postupdate worker thread (0)
(2023-10-26T11:09:09.733103604) (2023-10-26T11:09:09.733125631) [Dbg] [SimulationRunner.cc:514] Creating postupdate worker thread (1)
(2023-10-26T11:09:09.733217559) (2023-10-26T11:09:09.733236265) [Dbg] [SimulationRunner.cc:514] Creating postupdate worker thread (2)
(2023-10-26T11:09:09.733342746) (2023-10-26T11:09:09.733362164) [Dbg] [SimulationRunner.cc:514] Creating postupdate worker thread (3)
(2023-10-26T11:09:09.733505780) (2023-10-26T11:09:09.733545118) [Dbg] [SimulationRunner.cc:514] Creating postupdate worker thread (4)
(2023-10-26T11:09:09.733720391) (2023-10-26T11:09:09.733741458) [Dbg] [SimulationRunner.cc:514] Creating postupdate worker thread (5)
(2023-10-26T11:09:14.360852205) (2023-10-26T11:09:14.360874693) [Dbg] [CameraSensor.cc:458] Camera images for [x500_depth_0::OakD-Lite/base_link::IMX214] advertised on [camera]
(2023-10-26T11:09:14.361047659) (2023-10-26T11:09:14.361072026) [Dbg] [CameraSensor.cc:786] Camera info for [x500_depth_0::OakD-Lite/base_link::IMX214] advertised on [/camera_info]
(2023-10-26T11:09:14.361201024) (2023-10-26T11:09:14.361215197) [Wrn] [Ogre2Camera.cc:412] Ogre2Camera::SetVisibilityMask: Mask bits c0000000 are set but will be ignored as they conflict with the reserved bits used internally by the ogre2 backend.
(2023-10-26T11:09:14.361801056) (2023-10-26T11:09:14.361818579) [Dbg] [DepthCameraSensor.cc:282] Depth images for [x500_depth_0::OakD-Lite/base_link::StereoOV7251] advertised on [depth_camera]
(2023-10-26T11:09:14.362000856) (2023-10-26T11:09:14.362024017) [Dbg] [CameraSensor.cc:786] Camera info for [x500_depth_0::OakD-Lite/base_link::StereoOV7251] advertised on [/camera_info]
(2023-10-26T11:09:14.362344539) (2023-10-26T11:09:14.362365882) [Dbg] [DepthCameraSensor.cc:299] Points for [x500_depth_0::OakD-Lite/base_link::StereoOV7251] advertised on [depth_camera/points]
(2023-10-26T11:09:23.533073663) (2023-10-26T11:09:23.533110020) [Wrn] [UserCommands.cc:1167] Entity named [x500_depth_0] already exists and [allow_renaming] is false. Entity not spawned.
(2023-10-26T11:09:47.485411226) (2023-10-26T11:09:47.485464407) [Dbg] [EntityComponentManager.cc:1655] Updated state thread iterators: 8 threads processing around 13 entities each.
(2023-10-26T11:11:20.651429890) (2023-10-26T11:11:20.651480154) [Dbg] [CameraSensor.cc:583] Enabling camera sensor: 'x500_depth_0::OakD-Lite/base_link::IMX214' data generation.
(2023-10-26T11:46:24.643078522) (2023-10-26T11:46:24.643103551) [Wrn] [UserCommands.cc:1167] Entity named [x500_depth_0] already exists and [allow_renaming] is false. Entity not spawned.
(2023-10-26T11:46:49.850135300) (2023-10-26T11:46:49.850154818) [Wrn] [UserCommands.cc:1167] Entity named [x500_depth_0] already exists and [allow_renaming] is false. Entity not spawned.
(2023-10-26T11:47:42.932983368) (2023-10-26T11:47:42.933001671) [Wrn] [UserCommands.cc:1167] Entity named [x500_depth_0] already exists and [allow_renaming] is false. Entity not spawned.
(2023-10-26T11:49:09.666690296) (2023-10-26T11:49:09.666710933) [Dbg] [SignalHandler.cc:142] Received signal[15].
(2023-10-26T11:49:09.666750559) (2023-10-26T11:49:09.666759091) [Dbg] [ServerPrivate.cc:115] Server received signal[15]
(2023-10-26T11:49:09.666786219) (2023-10-26T11:49:09.666794390) [Dbg] [Sensors.cc:433] SensorsPrivate::Stop
(2023-10-26T11:49:09.711788729) (2023-10-26T11:49:09.711807167) [Dbg] [Sensors.cc:419] SensorsPrivate::RenderThread stopped
(2023-10-26T11:49:09.719115519) (2023-10-26T11:49:09.719133300) [Dbg] [gz.cc:417] Shutting down gz-sim-server
(2023-10-26T11:49:09.723844755) (2023-10-26T11:49:09.723862075) [Dbg] [SimulationRunner.cc:530] Exiting postupdate worker thread (1)
(2023-10-26T11:49:09.723911632) ) (2023-10-26T11:49:09.723958534) ) (2023-10-26T11:49:09.724003208) ((2023-10-26T11:49:09.724047826) (2023-10-26T11:49:09.724061977) [Dbg] [SimulationRunner.cc:530] Exiting postupdate worker thread ((32023-10-26T11:49:09.724019447) (2023-10-26T11:49:09.724136703) )
2023-10-26T11:49:09.724093861) (([Dbg] [SimulationRunner.cc:530] Exiting postupdate worker thread (42023-10-26T11:49:09.724250620)

) [Dbg] [SimulationRunner.cc:530] Exiting postupdate worker thread (2)
2023-10-26T11:49:09.724272986) [Dbg] [SimulationRunner.cc:530] Exiting postupdate worker thread (0)[Dbg] [SimulationRunner.cc:530]  Exiting postupdate worker thread (5)
(2023-10-26T11:49:09.764066847) (2023-10-26T11:49:09.764086036) [Dbg] [Sensors.cc:433] SensorsPrivate::Stop
