(2023-10-20T17:48:42.788303854) (2023-10-20T17:48:42.788314203) [Msg] Gazebo Sim Server v7.6.0
(2023-10-20T17:48:42.792369316) (2023-10-20T17:48:42.792377232) [Msg] Loading SDF world file[/home/bassam/PX4-Autopilot/Tools/simulation/gz/worlds/default.sdf].
(2023-10-20T17:48:42.889910843) (2023-10-20T17:48:42.889919634) [Msg] Serving entity system service on [/entity/system/add]
(2023-10-20T17:48:43.94395457) (2023-10-20T17:48:43.94411286) [Dbg] [Physics.cc:880] Loaded [gz::physics::dartsim::Plugin] from library [/usr/lib/x86_64-linux-gnu/gz-physics-6/engine-plugins/libgz-physics-dartsim-plugin.so]
(2023-10-20T17:48:43.94478709) (2023-10-20T17:48:43.94486776) [Dbg] [SystemManager.cc:74] Loaded system [gz::sim::systems::Physics] for entity [1]
(2023-10-20T17:48:43.98323107) (2023-10-20T17:48:43.98335933) [Msg] Create service on [/world/default/create]
(2023-10-20T17:48:43.198775961) (2023-10-20T17:48:43.198794134) [Msg] Remove service on [/world/default/remove]
(2023-10-20T17:48:43.198925064) (2023-10-20T17:48:43.198934950) [Msg] Pose service on [/world/default/set_pose]
(2023-10-20T17:48:43.199042707) (2023-10-20T17:48:43.199052162) [Msg] Pose service on [/world/default/set_pose_vector]
(2023-10-20T17:48:43.199220796) (2023-10-20T17:48:43.199230397) [Msg] Light configuration service on [/world/default/light_config]
(2023-10-20T17:48:43.199472848) (2023-10-20T17:48:43.199482571) [Msg] Physics service on [/world/default/set_physics]
(2023-10-20T17:48:43.199630940) (2023-10-20T17:48:43.199640307) [Msg] SphericalCoordinates service on [/world/default/set_spherical_coordinates]
(2023-10-20T17:48:43.199704951) (2023-10-20T17:48:43.199713394) [Msg] Enable collision service on [/world/default/enable_collision]
(2023-10-20T17:48:43.199776064) (2023-10-20T17:48:43.199784371) [Msg] Disable collision service on [/world/default/disable_collision]
(2023-10-20T17:48:43.199963322) (2023-10-20T17:48:43.199972633) [Msg] Material service on [/world/default/visual_config]
(2023-10-20T17:48:43.200083553) (2023-10-20T17:48:43.200092741) [Msg] Material service on [/world/default/wheel_slip]
(2023-10-20T17:48:43.200146355) (2023-10-20T17:48:43.200154878) [Dbg] [SystemManager.cc:74] Loaded system [gz::sim::systems::UserCommands] for entity [1]
(2023-10-20T17:48:43.203485977) (2023-10-20T17:48:43.203497532) [Dbg] [SystemManager.cc:74] Loaded system [gz::sim::systems::SceneBroadcaster] for entity [1]
(2023-10-20T17:48:43.205179190) (2023-10-20T17:48:43.205190146) [Dbg] [SystemManager.cc:74] Loaded system [gz::sim::systems::Contact] for entity [1]
(2023-10-20T17:48:43.208698750) (2023-10-20T17:48:43.208710389) [Dbg] [SystemManager.cc:74] Loaded system [gz::sim::systems::Imu] for entity [1]
(2023-10-20T17:48:43.210655306) (2023-10-20T17:48:43.210664301) [Dbg] [SystemManager.cc:74] Loaded system [gz::sim::systems::AirPressure] for entity [1]
(2023-10-20T17:48:43.212027867) (2023-10-20T17:48:43.212035917) [Msg] Listening to instantaneous wrench commands in [/world/default/wrench]
(2023-10-20T17:48:43.212081523) (2023-10-20T17:48:43.212087361) [Msg] Listening to persistent wrench commands in [/world/default/wrench/persistent]
(2023-10-20T17:48:43.212125541) (2023-10-20T17:48:43.212140390) [Msg] Listening to wrench clear commands in [/world/default/wrench/clear]
(2023-10-20T17:48:43.212162056) (2023-10-20T17:48:43.212166677) [Dbg] [SystemManager.cc:74] Loaded system [gz::sim::systems::ApplyLinkWrench] for entity [1]
(2023-10-20T17:48:43.226458408) (2023-10-20T17:48:43.226470723) [Dbg] [Sensors.cc:506] Configuring Sensors system
(2023-10-20T17:48:43.226596054) (2023-10-20T17:48:43.226605754) [Dbg] [Sensors.cc:425] SensorsPrivate::Run
(2023-10-20T17:48:43.226681622) (2023-10-20T17:48:43.226695178) [Dbg] [SystemManager.cc:74] Loaded system [gz::sim::systems::Sensors] for entity [1]
2023-10-20T17:48:43.226717521) (2023-10-20T17:48:43.226750488) [Dbg] [Sensors.cc:402] SensorsPrivate::RenderThread started
(2023-10-20T17:48:43.226770414) (2023-10-20T17:48:43.226775066) [Dbg] [Sensors.cc:245] Waiting for init
(2023-10-20T17:48:43.229756280) (2023-10-20T17:48:43.229770723) [Wrn] [SystemLoader.cc:79] Trying to load deprecated plugin [ignition-gazebo-ackermann-steering-system]. Using [gz-sim-ackermann-steering-system] instead.
(2023-10-20T17:48:43.231982265) (2023-10-20T17:48:43.231994824) [Msg] AckermannSteering subscribing to twist messages on [/cmd_vel]
(2023-10-20T17:48:43.232231008) (2023-10-20T17:48:43.232241694) [Dbg] [SystemManager.cc:74] Loaded system [ignition::gazebo::systems::AckermannSteering] for entity [8]
(2023-10-20T17:48:43.232420166) (2023-10-20T17:48:43.232430456) [Msg] Loaded level [3]
(2023-10-20T17:48:43.234331809) (2023-10-20T17:48:43.234345685) [Msg] Serving world controls on [/world/default/control], [/world/default/control/state] and [/world/default/playback/control]
(2023-10-20T17:48:43.234575850) (2023-10-20T17:48:43.234586720) [Msg] Serving GUI information on [/world/default/gui/info]
(2023-10-20T17:48:43.234613628) (2023-10-20T17:48:43.234621235) [Msg] World [default] initialized with [default_physics] physics profile.
(2023-10-20T17:48:43.234772206) (2023-10-20T17:48:43.234782513) [Msg] Serving world SDF generation service on [/world/default/generate_world_sdf]
(2023-10-20T17:48:43.234889387) (2023-10-20T17:48:43.234898408) [Msg] Serving world names on [/gazebo/worlds]
(2023-10-20T17:48:43.234965658) (2023-10-20T17:48:43.234975556) [Msg] Resource path add service on [/gazebo/resource_paths/add].
(2023-10-20T17:48:43.235044581) (2023-10-20T17:48:43.235053135) [Msg] Resource path get service on [/gazebo/resource_paths/get].
(2023-10-20T17:48:43.235123064) (2023-10-20T17:48:43.235131503) [Msg] Resource path resolve service on [/gazebo/resource_paths/resolve].
(2023-10-20T17:48:43.235205246) (2023-10-20T17:48:43.235213791) [Msg] Resource paths published on [/gazebo/resource_paths].
(2023-10-20T17:48:43.235363040) (2023-10-20T17:48:43.235371744) [Msg] Server control service on [/server_control].
(2023-10-20T17:48:44.791146609) (2023-10-20T17:48:44.791156541) [Msg] Found no publishers on /stats, adding root stats topic
(2023-10-20T17:48:44.791315443) (2023-10-20T17:48:44.791323747) [Msg] Found no publishers on /clock, adding root clock topic
(2023-10-20T17:48:44.791486541) (2023-10-20T17:48:44.791492908) [Dbg] [SimulationRunner.cc:503] Creating PostUpdate worker threads: 7
(2023-10-20T17:48:44.791512095) (2023-10-20T17:48:44.791518709) [Dbg] [SimulationRunner.cc:514] Creating postupdate worker thread (0)
(2023-10-20T17:48:44.791602253) (2023-10-20T17:48:44.791609308) [Dbg] [SimulationRunner.cc:514] Creating postupdate worker thread (1)
(2023-10-20T17:48:44.791659562) (2023-10-20T17:48:44.791667549) [Dbg] [SimulationRunner.cc:514] Creating postupdate worker thread (2)
(2023-10-20T17:48:44.791722337) (2023-10-20T17:48:44.791727978) [Dbg] [SimulationRunner.cc:514] Creating postupdate worker thread (3)
(2023-10-20T17:48:44.791767747) (2023-10-20T17:48:44.791772843) [Dbg] [SimulationRunner.cc:514] Creating postupdate worker thread (4)
(2023-10-20T17:48:44.791813069) (2023-10-20T17:48:44.791818051) [Dbg] [SimulationRunner.cc:514] Creating postupdate worker thread (5)
(2023-10-20T17:48:44.959791908) (2023-10-20T17:48:44.959802180) [Wrn] [MulticopterMotorModel.cc:257] No robotNamespace set using entity name.
(2023-10-20T17:48:44.959826295) (2023-10-20T17:48:44.959831241) [Wrn] [MulticopterMotorModel.cc:295] <motorNumber> is depricated, please use <actuator_number>.
(2023-10-20T17:48:44.959871260) (2023-10-20T17:48:44.959876649) [Dbg] [MulticopterMotorModel.cc:386] Listening to topic: x500_depth_0/command/motor_speed
(2023-10-20T17:48:44.960120875) (2023-10-20T17:48:44.960129123) [Dbg] [SystemManager.cc:74] Loaded system [gz::sim::systems::MulticopterMotorModel] for entity [56]
(2023-10-20T17:48:44.960343186) (2023-10-20T17:48:44.960349730) [Wrn] [MulticopterMotorModel.cc:257] No robotNamespace set using entity name.
(2023-10-20T17:48:44.960362718) (2023-10-20T17:48:44.960367398) [Wrn] [MulticopterMotorModel.cc:295] <motorNumber> is depricated, please use <actuator_number>.
(2023-10-20T17:48:44.960397850) (2023-10-20T17:48:44.960402850) [Dbg] [MulticopterMotorModel.cc:386] Listening to topic: x500_depth_0/command/motor_speed
(2023-10-20T17:48:44.960509632) (2023-10-20T17:48:44.960515816) [Dbg] [SystemManager.cc:74] Loaded system [gz::sim::systems::MulticopterMotorModel] for entity [56]
(2023-10-20T17:48:44.960702599) (2023-10-20T17:48:44.960709017) [Wrn] [MulticopterMotorModel.cc:257] No robotNamespace set using entity name.
(2023-10-20T17:48:44.960722009) (2023-10-20T17:48:44.960726661) [Wrn] [MulticopterMotorModel.cc:295] <motorNumber> is depricated, please use <actuator_number>.
(2023-10-20T17:48:44.960756101) (2023-10-20T17:48:44.960761101) [Dbg] [MulticopterMotorModel.cc:386] Listening to topic: x500_depth_0/command/motor_speed
(2023-10-20T17:48:44.960877353) (2023-10-20T17:48:44.960883460) [Dbg] [SystemManager.cc:74] Loaded system [gz::sim::systems::MulticopterMotorModel] for entity [56]
(2023-10-20T17:48:44.961067607) (2023-10-20T17:48:44.961073955) [Wrn] [MulticopterMotorModel.cc:257] No robotNamespace set using entity name.
(2023-10-20T17:48:44.961087099) (2023-10-20T17:48:44.961091644) [Wrn] [MulticopterMotorModel.cc:295] <motorNumber> is depricated, please use <actuator_number>.
(2023-10-20T17:48:44.961121549) (2023-10-20T17:48:44.961126354) [Dbg] [MulticopterMotorModel.cc:386] Listening to topic: x500_depth_0/command/motor_speed
(2023-10-20T17:48:44.961259182) (2023-10-20T17:48:44.961265301) [Dbg] [SystemManager.cc:74] Loaded system [gz::sim::systems::MulticopterMotorModel] for entity [56]
(2023-10-20T17:48:44.961479702) (2023-10-20T17:48:44.961485446) [Dbg] [UserCommands.cc:1263] Created entity [56] named [x500_depth_0]
(2023-10-20T17:48:44.978952756) (2023-10-20T17:48:44.978963908) [Dbg] [SimulationFeatures.cc:72] Simulation timestep set to: 0.004
(2023-10-20T17:48:44.980201625) (2023-10-20T17:48:44.980220415) [Dbg] [Sensors.cc:659] Initialization needed
(2023-10-20T17:48:44.980261285) (2023-10-20T17:48:44.980269890) [Dbg] [Sensors.cc:257] Initializing render context
(2023-10-20T17:48:44.980373802) (2023-10-20T17:48:44.980379891) [Msg] Loading plugin [gz-rendering-ogre2]
(2023-10-20T17:48:44.980611516) (2023-10-20T17:48:44.980619268) [Dbg] [ImuSensor.cc:149] IMU data for [x500_depth_0::base_link::imu_sensor] advertised on [world/default/model/x500_depth_0/link/base_link/sensor/imu_sensor/imu]
(2023-10-20T17:48:44.980663380) (2023-10-20T17:48:44.980675387) [Dbg] [AirPressureSensor.cc:126] Air pressure for [x500_depth_0::base_link::air_pressure_sensor] advertised on [world/default/model/x500_depth_0/link/base_link/sensor/air_pressure_sensor/air_pressure]
(2023-10-20T17:48:44.981285891) (2023-10-20T17:48:44.981295000) [Msg] Serving scene information on [/world/default/scene/info]
(2023-10-20T17:48:44.981351219) (2023-10-20T17:48:44.981357405) [Msg] Serving graph information on [/world/default/scene/graph]
(2023-10-20T17:48:44.981498678) (2023-10-20T17:48:44.981505170) [Msg] Serving full state on [/world/default/state]
(2023-10-20T17:48:44.981552816) (2023-10-20T17:48:44.981558733) [Msg] Serving full state (async) on [/world/default/state_async]
(2023-10-20T17:48:44.981608852) (2023-10-20T17:48:44.981617643) [Msg] Publishing scene information on [/world/default/scene/info]
(2023-10-20T17:48:44.981688105) (2023-10-20T17:48:44.981694545) [Msg] Publishing entity deletions on [/world/default/scene/deletion]
(2023-10-20T17:48:44.981738432) (2023-10-20T17:48:44.981743959) [Msg] Publishing state changes on [/world/default/state]
(2023-10-20T17:48:44.981797929) (2023-10-20T17:48:44.981804713) [Msg] Publishing pose messages on [/world/default/pose/info]
(2023-10-20T17:48:44.981869048) (2023-10-20T17:48:44.981875291) [Msg] Publishing dynamic pose messages on [/world/default/dynamic_pose/info]
(2023-10-20T17:48:44.982337150) (2023-10-20T17:48:44.982344737) [Dbg] [EntityComponentManager.cc:1655] Updated state thread iterators: 8 threads processing around 13 entities each.
(2023-10-20T17:48:44.991847177) (2023-10-20T17:48:44.991861928) [Wrn] [Component.hh:144] Trying to serialize component with data type [N3sdf3v135WorldE], which doesn't have `operator<<`. Component will not be serialized.
(2023-10-20T17:48:44.992007735) (2023-10-20T17:48:44.992017735) [Wrn] [Model.hh:69] Skipping serialization / deserialization for models with //pose/@relative_to attribute.
(((((((2023-10-20T17:48:44.993646079) ((2023-10-20T17:48:44.9936765002023-10-20T17:48:44.9936608922023-10-20T17:48:44.9936765002023-10-20T17:48:44.9936608922023-10-20T17:48:44.9936765002023-10-20T17:48:44.993660892) ) 2023-10-20T17:48:44.993688103[Dbg] [SimulationRunner.cc:530] [Dbg] [SimulationRunner.cc:530] ) ) ((2023-10-20T17:48:44.993728615Exiting postupdate worker thread (1(((() ) 2023-10-20T17:48:44.9937707122023-10-20T17:48:44.993764963) ) 2023-10-20T17:48:44.993737065) ) ) [Dbg] [SimulationRunner.cc:530] Exiting postupdate worker thread (4)
[Dbg] [SimulationRunner.cc:530] Exiting postupdate worker thread ()[Dbg] [SimulationRunner.cc:530] 
Exiting postupdate worker thread (3)
[Dbg] [SimulationRunner.cc:530] Exiting postupdate worker thread (Exiting postupdate worker thread (5)
Exiting postupdate worker thread (2)
[Dbg] [SimulationRunner.cc:530] Exiting postupdate worker thread (0)
(2023-10-20T17:48:44.994037570) (2023-10-20T17:48:44.994044532) [Dbg] [SimulationRunner.cc:503] Creating PostUpdate worker threads: 7
(2023-10-20T17:48:44.994061791) (2023-10-20T17:48:44.994066211) [Dbg] [SimulationRunner.cc:514] Creating postupdate worker thread (0)
(2023-10-20T17:48:44.994869035) (2023-10-20T17:48:44.994877396) [Dbg] [SimulationRunner.cc:514] Creating postupdate worker thread (1)
(2023-10-20T17:48:44.994908217) (2023-10-20T17:48:44.994916156) [Dbg] [SimulationRunner.cc:514] Creating postupdate worker thread (2)
(2023-10-20T17:48:44.994948689) (2023-10-20T17:48:44.994956461) [Dbg] [SimulationRunner.cc:514] Creating postupdate worker thread (3)
(2023-10-20T17:48:44.994986144) (2023-10-20T17:48:44.994994362) [Dbg] [SimulationRunner.cc:514] Creating postupdate worker thread (4)
(2023-10-20T17:48:44.995040315) (2023-10-20T17:48:44.995050218) [Dbg] [SimulationRunner.cc:514] Creating postupdate worker thread (5)
(2023-10-20T17:48:45.233469483) (2023-10-20T17:48:45.233475316) [Dbg] [RenderUtil.cc:2720] Create scene [scene]
((2023-10-20T17:48:45.278686180) (2023-10-20T17:48:45.278696699) (2023-10-20T17:48:45.278715664) 2023-10-20T17:48:45.278708724) [Dbg] [Sensors.cc:659] Initialization needed
[Dbg] [Sensors.cc:277] Rendering Thread initialized
(2023-10-20T17:48:45.282112331) (2023-10-20T17:48:45.282119884) [Wrn] [FuelClient.cc:1952] The fuel.ignitionrobotics.org URL is deprecrated. Pleasse change https://fuel.ignitionrobotics.org/1.0/openrobotics/models/prius hybrid/2/files/meshes/Hybrid.obj to https://fuel.gazebosim.org/1.0/openrobotics/models/prius hybrid/2/files/meshes/Hybrid.obj
(2023-10-20T17:48:45.282184117) (2023-10-20T17:48:45.282189322) [Wrn] [FuelClient.cc:1952] The fuel.ignitionrobotics.org URL is deprecrated. Pleasse change https://fuel.ignitionrobotics.org/1.0/openrobotics/models/prius hybrid/2/files/meshes/Hybrid.obj to https://fuel.gazebosim.org/1.0/openrobotics/models/prius hybrid/2/files/meshes/Hybrid.obj
(2023-10-20T17:48:45.285616252) (2023-10-20T17:48:45.285624435) [Wrn] [OBJLoader.cc:91] Both `d` and `Tr` parameters defined for "Hybrid". Use the value of `d` for dissolve (line 8 in .mtl.)
Both `d` and `Tr` parameters defined for "Wheels3". Use the value of `d` for dissolve (line 22 in .mtl.)
Both `d` and `Tr` parameters defined for "Hybrid_Interior". Use the value of `d` for dissolve (line 36 in .mtl.)
Both `d` and `Tr` parameters defined for "Windows". Use the value of `d` for dissolve (line 50 in .mtl.)

(2023-10-20T17:48:46.830348008) (2023-10-20T17:48:46.830357216) [Dbg] [CameraSensor.cc:458] Camera images for [prius_hybrid::chassis::back_camera_sensor] advertised on [back_camera]
(2023-10-20T17:48:46.830504002) (2023-10-20T17:48:46.830513010) [Dbg] [CameraSensor.cc:786] Camera info for [prius_hybrid::chassis::back_camera_sensor] advertised on [/camera_info]
(2023-10-20T17:48:46.830617914) (2023-10-20T17:48:46.830623780) [Wrn] [Ogre2Camera.cc:412] Ogre2Camera::SetVisibilityMask: Mask bits c0000000 are set but will be ignored as they conflict with the reserved bits used internally by the ogre2 backend.
(2023-10-20T17:48:46.830859306) (2023-10-20T17:48:46.830869512) [Dbg] [CameraSensor.cc:458] Camera images for [prius_hybrid::chassis::front_camera_sensor] advertised on [front_camera]
(2023-10-20T17:48:46.830919143) (2023-10-20T17:48:46.830928277) [Dbg] [CameraSensor.cc:786] Camera info for [prius_hybrid::chassis::front_camera_sensor] advertised on [/camera_info]
(2023-10-20T17:48:46.830965833) (2023-10-20T17:48:46.830970996) [Wrn] [Ogre2Camera.cc:412] Ogre2Camera::SetVisibilityMask: Mask bits c0000000 are set but will be ignored as they conflict with the reserved bits used internally by the ogre2 backend.
(2023-10-20T17:48:46.831106862) (2023-10-20T17:48:46.831116243) [Dbg] [CameraSensor.cc:458] Camera images for [prius_hybrid::chassis::left_camera_sensor] advertised on [left_camera]
(2023-10-20T17:48:46.831164716) (2023-10-20T17:48:46.831174026) [Dbg] [CameraSensor.cc:786] Camera info for [prius_hybrid::chassis::left_camera_sensor] advertised on [/camera_info]
(2023-10-20T17:48:46.831208876) (2023-10-20T17:48:46.831213868) [Wrn] [Ogre2Camera.cc:412] Ogre2Camera::SetVisibilityMask: Mask bits c0000000 are set but will be ignored as they conflict with the reserved bits used internally by the ogre2 backend.
(2023-10-20T17:48:46.831339626) (2023-10-20T17:48:46.831349005) [Dbg] [CameraSensor.cc:458] Camera images for [prius_hybrid::chassis::right_camera_sensor] advertised on [right_camera]
(2023-10-20T17:48:46.831396439) (2023-10-20T17:48:46.831405378) [Dbg] [CameraSensor.cc:786] Camera info for [prius_hybrid::chassis::right_camera_sensor] advertised on [/camera_info]
(2023-10-20T17:48:46.831439480) (2023-10-20T17:48:46.831444653) [Wrn] [Ogre2Camera.cc:412] Ogre2Camera::SetVisibilityMask: Mask bits c0000000 are set but will be ignored as they conflict with the reserved bits used internally by the ogre2 backend.
(2023-10-20T17:48:46.831563422) (2023-10-20T17:48:46.831572553) [Dbg] [CameraSensor.cc:458] Camera images for [x500_depth_0::OakD-Lite/base_link::IMX214] advertised on [camera]
(2023-10-20T17:48:46.831624325) (2023-10-20T17:48:46.831632858) [Dbg] [CameraSensor.cc:786] Camera info for [x500_depth_0::OakD-Lite/base_link::IMX214] advertised on [/camera_info]
(2023-10-20T17:48:46.831670047) (2023-10-20T17:48:46.831675076) [Wrn] [Ogre2Camera.cc:412] Ogre2Camera::SetVisibilityMask: Mask bits c0000000 are set but will be ignored as they conflict with the reserved bits used internally by the ogre2 backend.
(2023-10-20T17:48:46.831838694) (2023-10-20T17:48:46.831846908) [Dbg] [DepthCameraSensor.cc:282] Depth images for [x500_depth_0::OakD-Lite/base_link::StereoOV7251] advertised on [depth_camera]
(2023-10-20T17:48:46.831906866) (2023-10-20T17:48:46.831915724) [Dbg] [CameraSensor.cc:786] Camera info for [x500_depth_0::OakD-Lite/base_link::StereoOV7251] advertised on [/camera_info]
(2023-10-20T17:48:46.832020073) (2023-10-20T17:48:46.832027937) [Dbg] [DepthCameraSensor.cc:299] Points for [x500_depth_0::OakD-Lite/base_link::StereoOV7251] advertised on [depth_camera/points]
(2023-10-20T17:49:25.752699328) (2023-10-20T17:49:25.752720879) [Dbg] [CameraSensor.cc:583] Enabling camera sensor: 'prius_hybrid::chassis::back_camera_sensor' data generation.
(2023-10-20T17:49:37.416336166) (2023-10-20T17:49:37.416348824) [Dbg] [CameraSensor.cc:583] Enabling camera sensor: 'x500_depth_0::OakD-Lite/base_link::IMX214' data generation.
(2023-10-20T18:25:38.331886583) (2023-10-20T18:25:38.331917552) [Dbg] [SignalHandler.cc:142] Received signal[2].
(2023-10-20T18:25:38.331974496) (2023-10-20T18:25:38.331989729) [Dbg] [ServerPrivate.cc:115] Server received signal[2]
(2023-10-20T18:25:38.332059770) (2023-10-20T18:25:38.332074633) [Dbg] [Sensors.cc:433] SensorsPrivate::Stop
(2023-10-20T18:25:38.380076585) (2023-10-20T18:25:38.380097161) [Dbg] [Sensors.cc:419] SensorsPrivate::RenderThread stopped
(2023-10-20T18:25:38.385545745) (2023-10-20T18:25:38.385563019) [Dbg] [gz.cc:417] Shutting down gz-sim-server
(((((((((((((2023-10-20T18:25:38.390518690) (2023-10-20T18:25:38.390535937) ) 2023-10-20T18:25:38.390496748) (2023-10-20T18:25:38.3906020202023-10-20T18:25:38.3905784092023-10-20T18:25:38.3906073372023-10-20T18:25:38.390607337) 2023-10-20T18:25:38.390607337) (2023-10-20T18:25:38.390649413) (Exiting postupdate worker thread (32023-10-20T18:25:38.390654756)) ((
2023-10-20T18:25:38.390749021) ) () 2023-10-20T18:25:38.390785820) Exiting postupdate worker thread (2)
[Dbg] [SimulationRunner.cc:530] Exiting postupdate worker thread (4)
[Dbg] [SimulationRunner.cc:530] Exiting postupdate worker thread ([Dbg] [SimulationRunner.cc:530] 0[Dbg] [SimulationRunner.cc:530] 0[Dbg] [SimulationRunner.cc:530] Exiting postupdate worker thread (5)
Exiting postupdate worker thread (1)
)
(2023-10-20T18:25:38.431319687) (2023-10-20T18:25:38.431338359) [Dbg] [Sensors.cc:433] SensorsPrivate::Stop
