(2023-10-16T22:11:51.23618628) (2023-10-16T22:11:51.23628098) [Msg] Gazebo Sim Server v7.6.0
(2023-10-16T22:11:51.27049156) (2023-10-16T22:11:51.27058107) [Msg] Loading SDF world file[/home/bassam/px4/PX4-Autopilot/Tools/simulation/gz/worlds/default.sdf].
(2023-10-16T22:11:51.88344810) (2023-10-16T22:11:51.88355976) [Msg] Serving entity system service on [/entity/system/add]
(2023-10-16T22:11:51.185392606) (2023-10-16T22:11:51.185404999) [Dbg] [Physics.cc:880] Loaded [gz::physics::dartsim::Plugin] from library [/usr/lib/x86_64-linux-gnu/gz-physics-6/engine-plugins/libgz-physics-dartsim-plugin.so]
(2023-10-16T22:11:51.185470301) (2023-10-16T22:11:51.185478013) [Dbg] [SystemManager.cc:74] Loaded system [gz::sim::systems::Physics] for entity [1]
(2023-10-16T22:11:51.187368892) (2023-10-16T22:11:51.187379235) [Msg] Create service on [/world/default/create]
(2023-10-16T22:11:51.187544375) (2023-10-16T22:11:51.187553821) [Msg] Remove service on [/world/default/remove]
(2023-10-16T22:11:51.187704617) (2023-10-16T22:11:51.187713620) [Msg] Pose service on [/world/default/set_pose]
(2023-10-16T22:11:51.187839818) (2023-10-16T22:11:51.187848324) [Msg] Pose service on [/world/default/set_pose_vector]
(2023-10-16T22:11:51.188038047) (2023-10-16T22:11:51.188046948) [Msg] Light configuration service on [/world/default/light_config]
(2023-10-16T22:11:51.188783088) (2023-10-16T22:11:51.188793601) [Msg] Physics service on [/world/default/set_physics]
(2023-10-16T22:11:51.288959758) (2023-10-16T22:11:51.288976150) [Msg] SphericalCoordinates service on [/world/default/set_spherical_coordinates]
(2023-10-16T22:11:51.289043844) (2023-10-16T22:11:51.289053241) [Msg] Enable collision service on [/world/default/enable_collision]
(2023-10-16T22:11:51.289165620) (2023-10-16T22:11:51.289175163) [Msg] Disable collision service on [/world/default/disable_collision]
(2023-10-16T22:11:51.289325459) (2023-10-16T22:11:51.289335446) [Msg] Material service on [/world/default/visual_config]
(2023-10-16T22:11:51.289436083) (2023-10-16T22:11:51.289445675) [Msg] Material service on [/world/default/wheel_slip]
(2023-10-16T22:11:51.289481920) (2023-10-16T22:11:51.289488111) [Dbg] [SystemManager.cc:74] Loaded system [gz::sim::systems::UserCommands] for entity [1]
(2023-10-16T22:11:51.290846340) (2023-10-16T22:11:51.290854628) [Dbg] [SystemManager.cc:74] Loaded system [gz::sim::systems::SceneBroadcaster] for entity [1]
(2023-10-16T22:11:51.291657406) (2023-10-16T22:11:51.291664507) [Dbg] [SystemManager.cc:74] Loaded system [gz::sim::systems::Contact] for entity [1]
(2023-10-16T22:11:51.292831430) (2023-10-16T22:11:51.292842890) [Dbg] [SystemManager.cc:74] Loaded system [gz::sim::systems::Imu] for entity [1]
(2023-10-16T22:11:51.293741972) (2023-10-16T22:11:51.293749383) [Dbg] [SystemManager.cc:74] Loaded system [gz::sim::systems::AirPressure] for entity [1]
(2023-10-16T22:11:51.294600479) (2023-10-16T22:11:51.294608067) [Msg] Listening to instantaneous wrench commands in [/world/default/wrench]
(2023-10-16T22:11:51.294724007) (2023-10-16T22:11:51.294732295) [Msg] Listening to persistent wrench commands in [/world/default/wrench/persistent]
(2023-10-16T22:11:51.294787812) (2023-10-16T22:11:51.294795152) [Msg] Listening to wrench clear commands in [/world/default/wrench/clear]
(2023-10-16T22:11:51.294814202) (2023-10-16T22:11:51.294818828) [Dbg] [SystemManager.cc:74] Loaded system [gz::sim::systems::ApplyLinkWrench] for entity [1]
(2023-10-16T22:11:51.299817774) (2023-10-16T22:11:51.299827788) [Dbg] [Sensors.cc:506] Configuring Sensors system
(2023-10-16T22:11:51.299892713) (2023-10-16T22:11:51.299900377) [Dbg] [Sensors.cc:425] SensorsPrivate::Run
(2023-10-16T22:11:51.299959404) (2023-10-16T22:11:51.299965081) [Dbg] [SystemManager.cc:74] Loaded system [gz::sim::systems::Sensors] for entity [1]
(2023-10-16T22:11:51.300030618) (2023-10-16T22:11:51.300041035) [Dbg] [Sensors.cc:402] SensorsPrivate::RenderThread started
(2023-10-16T22:11:51.300055251) (2023-10-16T22:11:51.300059740) [Dbg] [Sensors.cc:245] Waiting for init
(2023-10-16T22:11:51.300894557) (2023-10-16T22:11:51.300901742) [Msg] Loaded level [3]
(2023-10-16T22:11:51.301540014) (2023-10-16T22:11:51.301550012) [Msg] Serving world controls on [/world/default/control], [/world/default/control/state] and [/world/default/playback/control]
(2023-10-16T22:11:51.301699813) (2023-10-16T22:11:51.301753670) [Msg] Serving GUI information on [/world/default/gui/info]
(2023-10-16T22:11:51.301772642) (2023-10-16T22:11:51.301777033) [Msg] World [default] initialized with [default_physics] physics profile.
(2023-10-16T22:11:51.301889499) (2023-10-16T22:11:51.301898962) [Msg] Serving world SDF generation service on [/world/default/generate_world_sdf]
(2023-10-16T22:11:51.301988100) (2023-10-16T22:11:51.301997407) [Msg] Serving world names on [/gazebo/worlds]
(2023-10-16T22:11:51.302052812) (2023-10-16T22:11:51.302060963) [Msg] Resource path add service on [/gazebo/resource_paths/add].
(2023-10-16T22:11:51.302126873) (2023-10-16T22:11:51.302135137) [Msg] Resource path get service on [/gazebo/resource_paths/get].
(2023-10-16T22:11:51.302190573) (2023-10-16T22:11:51.302199357) [Msg] Resource path resolve service on [/gazebo/resource_paths/resolve].
(2023-10-16T22:11:51.302266337) (2023-10-16T22:11:51.302275663) [Msg] Resource paths published on [/gazebo/resource_paths].
(2023-10-16T22:11:51.302367435) (2023-10-16T22:11:51.302376214) [Msg] Server control service on [/server_control].
(2023-10-16T22:11:53.25983103) (2023-10-16T22:11:53.25998409) [Msg] Found no publishers on /stats, adding root stats topic
(2023-10-16T22:11:53.26204341) (2023-10-16T22:11:53.26215316) [Msg] Found no publishers on /clock, adding root clock topic
(2023-10-16T22:11:53.26428681) (2023-10-16T22:11:53.26438942) [Dbg] [SimulationRunner.cc:503] Creating PostUpdate worker threads: 6
(2023-10-16T22:11:53.26470694) (2023-10-16T22:11:53.26478628) [Dbg] [SimulationRunner.cc:514] Creating postupdate worker thread (0)
(2023-10-16T22:11:53.26566389) (2023-10-16T22:11:53.26575538) [Dbg] [SimulationRunner.cc:514] Creating postupdate worker thread (1)
(2023-10-16T22:11:53.26629158) (2023-10-16T22:11:53.26638163) [Dbg] [SimulationRunner.cc:514] Creating postupdate worker thread (2)
(2023-10-16T22:11:53.26697526) (2023-10-16T22:11:53.26706291) [Dbg] [SimulationRunner.cc:514] Creating postupdate worker thread (3)
(2023-10-16T22:11:53.26771123) (2023-10-16T22:11:53.26780208) [Dbg] [SimulationRunner.cc:514] Creating postupdate worker thread (4)
(2023-10-16T22:11:53.181858448) (2023-10-16T22:11:53.181869653) [Wrn] [MulticopterMotorModel.cc:257] No robotNamespace set using entity name.
(2023-10-16T22:11:53.181895960) (2023-10-16T22:11:53.181901356) [Wrn] [MulticopterMotorModel.cc:295] <motorNumber> is depricated, please use <actuator_number>.
(2023-10-16T22:11:53.181940476) (2023-10-16T22:11:53.181945888) [Dbg] [MulticopterMotorModel.cc:386] Listening to topic: x500_vision_0/command/motor_speed
(2023-10-16T22:11:53.182173437) (2023-10-16T22:11:53.182181746) [Dbg] [SystemManager.cc:74] Loaded system [gz::sim::systems::MulticopterMotorModel] for entity [10]
(2023-10-16T22:11:53.182402334) (2023-10-16T22:11:53.182410071) [Wrn] [MulticopterMotorModel.cc:257] No robotNamespace set using entity name.
(2023-10-16T22:11:53.182424482) (2023-10-16T22:11:53.182429377) [Wrn] [MulticopterMotorModel.cc:295] <motorNumber> is depricated, please use <actuator_number>.
(2023-10-16T22:11:53.182460733) (2023-10-16T22:11:53.182465656) [Dbg] [MulticopterMotorModel.cc:386] Listening to topic: x500_vision_0/command/motor_speed
(2023-10-16T22:11:53.182566519) (2023-10-16T22:11:53.182572923) [Dbg] [SystemManager.cc:74] Loaded system [gz::sim::systems::MulticopterMotorModel] for entity [10]
(2023-10-16T22:11:53.182770586) (2023-10-16T22:11:53.182777088) [Wrn] [MulticopterMotorModel.cc:257] No robotNamespace set using entity name.
(2023-10-16T22:11:53.182790455) (2023-10-16T22:11:53.182795061) [Wrn] [MulticopterMotorModel.cc:295] <motorNumber> is depricated, please use <actuator_number>.
(2023-10-16T22:11:53.182828099) (2023-10-16T22:11:53.182835557) [Dbg] [MulticopterMotorModel.cc:386] Listening to topic: x500_vision_0/command/motor_speed
(2023-10-16T22:11:53.182967335) (2023-10-16T22:11:53.182976271) [Dbg] [SystemManager.cc:74] Loaded system [gz::sim::systems::MulticopterMotorModel] for entity [10]
(2023-10-16T22:11:53.183170875) (2023-10-16T22:11:53.183177252) [Wrn] [MulticopterMotorModel.cc:257] No robotNamespace set using entity name.
(2023-10-16T22:11:53.183194416) (2023-10-16T22:11:53.183199430) [Wrn] [MulticopterMotorModel.cc:295] <motorNumber> is depricated, please use <actuator_number>.
(2023-10-16T22:11:53.183230165) (2023-10-16T22:11:53.183234952) [Dbg] [MulticopterMotorModel.cc:386] Listening to topic: x500_vision_0/command/motor_speed
(2023-10-16T22:11:53.183355202) (2023-10-16T22:11:53.183361341) [Dbg] [SystemManager.cc:74] Loaded system [gz::sim::systems::MulticopterMotorModel] for entity [10]
(2023-10-16T22:11:53.184115886) (2023-10-16T22:11:53.184123240) [Dbg] [OdometryPublisher.cc:151] OdometryPublisher system plugin missing <odom_frame>, defaults to "x500_vision_0/odom"
(2023-10-16T22:11:53.184144084) (2023-10-16T22:11:53.184148863) [Dbg] [OdometryPublisher.cc:181] OdometryPublisher system plugin missing <robot_base_frame>, defaults to "x500_vision_0/base_footprint"
(2023-10-16T22:11:53.184255916) (2023-10-16T22:11:53.184262786) [Msg] OdometryPublisher publishing odometry on [/model/x500_vision_0/odometry]
(2023-10-16T22:11:53.184346280) (2023-10-16T22:11:53.184352436) [Msg] OdometryPublisher publishing odometry with covariance on [/model/x500_vision_0/odometry_with_covariance]
(2023-10-16T22:11:53.184408133) (2023-10-16T22:11:53.184413944) [Msg] OdometryPublisher publishing Pose_V (TF) on [/model/x500_vision_0/pose]
(2023-10-16T22:11:53.184431541) (2023-10-16T22:11:53.184436151) [Dbg] [SystemManager.cc:74] Loaded system [gz::sim::systems::OdometryPublisher] for entity [10]
(2023-10-16T22:11:53.184803967) (2023-10-16T22:11:53.184810725) [Dbg] [UserCommands.cc:1263] Created entity [10] named [x500_vision_0]
(2023-10-16T22:11:53.194816654) (2023-10-16T22:11:53.194827791) [Dbg] [SimulationFeatures.cc:72] Simulation timestep set to: 0.004
(2023-10-16T22:11:53.195828802) (2023-10-16T22:11:53.195837045) [Dbg] [AirPressureSensor.cc:126] Air pressure for [x500_vision_0::base_link::air_pressure_sensor] advertised on [world/default/model/x500_vision_0/link/base_link/sensor/air_pressure_sensor/air_pressure]
(2023-10-16T22:11:53.195944411) (2023-10-16T22:11:53.195953680) [Dbg] [ImuSensor.cc:149] IMU data for [x500_vision_0::base_link::imu_sensor] advertised on [world/default/model/x500_vision_0/link/base_link/sensor/imu_sensor/imu]
(2023-10-16T22:11:53.196072914) (2023-10-16T22:11:53.196085254) [Msg] Serving scene information on [/world/default/scene/info]
(2023-10-16T22:11:53.196165633) (2023-10-16T22:11:53.196171815) [Msg] Serving graph information on [/world/default/scene/graph]
(2023-10-16T22:11:53.196308590) (2023-10-16T22:11:53.196315240) [Msg] Serving full state on [/world/default/state]
(2023-10-16T22:11:53.196369196) (2023-10-16T22:11:53.196375297) [Msg] Serving full state (async) on [/world/default/state_async]
(2023-10-16T22:11:53.196438714) (2023-10-16T22:11:53.196446277) [Msg] Publishing scene information on [/world/default/scene/info]
(2023-10-16T22:11:53.196530384) (2023-10-16T22:11:53.196536609) [Msg] Publishing entity deletions on [/world/default/scene/deletion]
(2023-10-16T22:11:53.196591192) (2023-10-16T22:11:53.196599295) [Msg] Publishing state changes on [/world/default/state]
(2023-10-16T22:11:53.196683513) (2023-10-16T22:11:53.196689571) [Msg] Publishing pose messages on [/world/default/pose/info]
(2023-10-16T22:11:53.196747153) (2023-10-16T22:11:53.196756026) [Msg] Publishing dynamic pose messages on [/world/default/dynamic_pose/info]
(2023-10-16T22:11:53.197049708) (2023-10-16T22:11:53.197056901) [Dbg] [EntityComponentManager.cc:1655] Updated state thread iterators: 8 threads processing around 6 entities each.
(2023-10-16T22:11:53.197447806) (2023-10-16T22:11:53.197456130) [Wrn] [Model.hh:69] Skipping serialization / deserialization for models with //pose/@relative_to attribute.
(2023-10-16T22:11:53.197494392) (2023-10-16T22:11:53.197506352) [Wrn] [Component.hh:144] Trying to serialize component with data type [N3sdf3v135WorldE], which doesn't have `operator<<`. Component will not be serialized.
((2023-10-16T22:11:53.198534968) (((2023-10-16T22:11:53.198551200) (2023-10-16T22:11:53.198578278) (([Dbg] [SimulationRunner.cc:530] 2023-10-16T22:11:53.198558949Exiting postupdate worker thread (3)
2023-10-16T22:11:53.1986115882023-10-16T22:11:53.1986212182023-10-16T22:11:53.198621218) (2023-10-16T22:11:53.198581986) (2023-10-16T22:11:53.198656683) 2023-10-16T22:11:53.198656683) 2023-10-16T22:11:53.198656683) 2023-10-16T22:11:53.198646233) ) [Dbg] [SimulationRunner.cc:530] Exiting postupdate worker thread (0)
Exiting postupdate worker thread (4)
) (2023-10-16T22:11:53.198721846) Exiting postupdate worker thread (2)

[Dbg] [SimulationRunner.cc:530] Exiting postupdate worker thread (1)
(2023-10-16T22:11:53.198879040) (2023-10-16T22:11:53.198885837) [Dbg] [SimulationRunner.cc:503] Creating PostUpdate worker threads: 7
(2023-10-16T22:11:53.198908325) (2023-10-16T22:11:53.198915718) [Dbg] [SimulationRunner.cc:514] Creating postupdate worker thread (0)
(2023-10-16T22:11:53.198959428) (2023-10-16T22:11:53.198965743) [Dbg] [SimulationRunner.cc:514] Creating postupdate worker thread (1)
(2023-10-16T22:11:53.198990765) (2023-10-16T22:11:53.198995849) [Dbg] [SimulationRunner.cc:514] Creating postupdate worker thread (2)
(2023-10-16T22:11:53.199026567) (2023-10-16T22:11:53.199031902) [Dbg] [SimulationRunner.cc:514] Creating postupdate worker thread (3)
(2023-10-16T22:11:53.199055374) (2023-10-16T22:11:53.199060481) [Dbg] [SimulationRunner.cc:514] Creating postupdate worker thread (4)
(2023-10-16T22:11:53.199105151) (2023-10-16T22:11:53.199110936) [Dbg] [SimulationRunner.cc:514] Creating postupdate worker thread (5)
(2023-10-16T22:13:32.429147563) (2023-10-16T22:13:32.429172032) [Dbg] [SignalHandler.cc:142] Received signal[2].
(2023-10-16T22:13:32.429202980) (2023-10-16T22:13:32.429210329) [Dbg] [ServerPrivate.cc:115] Server received signal[2]
(2023-10-16T22:13:32.429236531) (2023-10-16T22:13:32.429242590) [Dbg] [Sensors.cc:433] SensorsPrivate::Stop
(2023-10-16T22:13:32.429304841) (2023-10-16T22:13:32.429316476) [Dbg] [Sensors.cc:277] Rendering Thread initialized
(2023-10-16T22:13:32.429351127) (2023-10-16T22:13:32.429357799) [Dbg] [Sensors.cc:419] SensorsPrivate::RenderThread stopped
(2023-10-16T22:13:32.432531606) (2023-10-16T22:13:32.432547458) [Dbg] [gz.cc:417] Shutting down gz-sim-server
(((((2023-10-16T22:13:32.436856300) (2023-10-16T22:13:32.436836060) (2023-10-16T22:13:32.436879844) ((2023-10-16T22:13:32.437248057) ) 2023-10-16T22:13:32.436829987) (2023-10-16T22:13:32.437300771) [Dbg] [SimulationRunner.cc:530] 2023-10-16T22:13:32.436896201) Exiting postupdate worker thread ([Dbg] [SimulationRunner.cc:530] 02023-10-16T22:13:32.437382442)
) (2023-10-16T22:13:32.437456503) Exiting postupdate worker thread (2023-10-16T22:13:32.437504477) (2023-10-16T22:13:32.437567056) 2)
[Dbg] [SimulationRunner.cc:530] Exiting postupdate worker thread (1)
3)
Exiting postupdate worker thread (4)
Exiting postupdate worker thread (5)
(2023-10-16T22:13:32.478421919) (2023-10-16T22:13:32.478437338) [Dbg] [Sensors.cc:433] SensorsPrivate::Stop
