(2023-10-19T19:24:16.346548662) (2023-10-19T19:24:16.346558474) [Msg] Gazebo Sim Server v7.6.0
(2023-10-19T19:24:16.348252369) (2023-10-19T19:24:16.348259443) [Msg] Loading default world.
(2023-10-19T19:24:16.495053452) (2023-10-19T19:24:16.495070838) [Msg] Serving entity system service on [/entity/system/add]
(2023-10-19T19:24:16.595492365) (2023-10-19T19:24:16.595509835) [Msg] Loaded level [3]
(2023-10-19T19:24:16.595583850) (2023-10-19T19:24:16.595593070) [Msg] No systems loaded from SDF, loading defaults
(2023-10-19T19:24:16.595842840) (2023-10-19T19:24:16.595850191) [Dbg] [ServerConfig.cc:1062] Loaded (3) plugins from file [/home/bassam/.gz/sim/7/server.config]
(2023-10-19T19:24:16.724718703) (2023-10-19T19:24:16.724733008) [Dbg] [Physics.cc:880] Loaded [gz::physics::dartsim::Plugin] from library [/usr/lib/x86_64-linux-gnu/gz-physics-6/engine-plugins/libgz-physics-dartsim-plugin.so]
(2023-10-19T19:24:16.724796441) (2023-10-19T19:24:16.724804557) [Dbg] [SystemManager.cc:74] Loaded system [gz::sim::systems::Physics] for entity [1]
(2023-10-19T19:24:16.797643203) (2023-10-19T19:24:16.797659628) [Msg] Create service on [/world/default/create]
(2023-10-19T19:24:16.797809221) (2023-10-19T19:24:16.797819133) [Msg] Remove service on [/world/default/remove]
(2023-10-19T19:24:16.797955185) (2023-10-19T19:24:16.797964653) [Msg] Pose service on [/world/default/set_pose]
(2023-10-19T19:24:16.798074125) (2023-10-19T19:24:16.798083424) [Msg] Pose service on [/world/default/set_pose_vector]
(2023-10-19T19:24:16.798267029) (2023-10-19T19:24:16.798276492) [Msg] Light configuration service on [/world/default/light_config]
(2023-10-19T19:24:16.798512497) (2023-10-19T19:24:16.798522177) [Msg] Physics service on [/world/default/set_physics]
(2023-10-19T19:24:16.798694327) (2023-10-19T19:24:16.798704093) [Msg] SphericalCoordinates service on [/world/default/set_spherical_coordinates]
(2023-10-19T19:24:16.798781122) (2023-10-19T19:24:16.798789918) [Msg] Enable collision service on [/world/default/enable_collision]
(2023-10-19T19:24:16.798868856) (2023-10-19T19:24:16.798877954) [Msg] Disable collision service on [/world/default/disable_collision]
(2023-10-19T19:24:16.799075508) (2023-10-19T19:24:16.799084931) [Msg] Material service on [/world/default/visual_config]
(2023-10-19T19:24:16.799211666) (2023-10-19T19:24:16.799220457) [Msg] Material service on [/world/default/wheel_slip]
(2023-10-19T19:24:16.799259046) (2023-10-19T19:24:16.799266501) [Dbg] [SystemManager.cc:74] Loaded system [gz::sim::systems::UserCommands] for entity [1]
(2023-10-19T19:24:16.800872738) (2023-10-19T19:24:16.800883131) [Dbg] [SystemManager.cc:74] Loaded system [gz::sim::systems::SceneBroadcaster] for entity [1]
(2023-10-19T19:24:16.801272401) (2023-10-19T19:24:16.801282671) [Msg] Serving world controls on [/world/default/control], [/world/default/control/state] and [/world/default/playback/control]
(2023-10-19T19:24:16.801410665) (2023-10-19T19:24:16.801420147) [Msg] Serving GUI information on [/world/default/gui/info]
(2023-10-19T19:24:16.801448072) (2023-10-19T19:24:16.801455634) [Msg] World [default] initialized with [default_physics] physics profile.
(2023-10-19T19:24:16.801623148) (2023-10-19T19:24:16.801632307) [Msg] Serving world SDF generation service on [/world/default/generate_world_sdf]
(2023-10-19T19:24:16.801753766) (2023-10-19T19:24:16.801763045) [Msg] Serving world names on [/gazebo/worlds]
(2023-10-19T19:24:16.801841038) (2023-10-19T19:24:16.801849799) [Msg] Resource path add service on [/gazebo/resource_paths/add].
(2023-10-19T19:24:16.801931563) (2023-10-19T19:24:16.801940568) [Msg] Resource path get service on [/gazebo/resource_paths/get].
(2023-10-19T19:24:16.802026443) (2023-10-19T19:24:16.802035114) [Msg] Resource path resolve service on [/gazebo/resource_paths/resolve].
(2023-10-19T19:24:16.802114147) (2023-10-19T19:24:16.802123051) [Msg] Resource paths published on [/gazebo/resource_paths].
(2023-10-19T19:24:16.802247920) (2023-10-19T19:24:16.802257415) [Msg] Server control service on [/server_control].
(2023-10-19T19:24:18.57030678) (2023-10-19T19:24:18.57041800) [Wrn] [SimulationRunner.cc:676] Found additional publishers on /stats, using namespaced stats topic only
(2023-10-19T19:24:18.57069777) (2023-10-19T19:24:18.57073985) [Dbg] [SimulationRunner.cc:678] Publishers [Address, Message Type]:
(2023-10-19T19:24:18.57082570) (2023-10-19T19:24:18.57086401) [Dbg] [SimulationRunner.cc:683]   tcp://172.28.242.145:34027, gz.msgs.WorldStatistics
(2023-10-19T19:24:18.57227583) (2023-10-19T19:24:18.57235382) [Wrn] [SimulationRunner.cc:709] Found additional publishers on /clock, using namespaced clock topic only
(2023-10-19T19:24:18.57249442) (2023-10-19T19:24:18.57253377) [Dbg] [SimulationRunner.cc:711] Publishers [Address, Message Type]:
(2023-10-19T19:24:18.57260588) (2023-10-19T19:24:18.57264438) [Dbg] [SimulationRunner.cc:716]   tcp://172.28.242.145:34027, gz.msgs.Clock
(2023-10-19T19:24:18.57353729) (2023-10-19T19:24:18.57361681) [Dbg] [SimulationRunner.cc:503] Creating PostUpdate worker threads: 2
(2023-10-19T19:24:18.57383837) (2023-10-19T19:24:18.57390967) [Dbg] [SimulationRunner.cc:514] Creating postupdate worker thread (0)
(2023-10-19T19:24:18.58249681) (2023-10-19T19:24:18.58260897) [Msg] Serving scene information on [/world/default/scene/info]
(2023-10-19T19:24:18.58348301) (2023-10-19T19:24:18.58357107) [Msg] Serving graph information on [/world/default/scene/graph]
(2023-10-19T19:24:18.58504610) (2023-10-19T19:24:18.58515102) [Msg] Serving full state on [/world/default/state]
(2023-10-19T19:24:18.58576615) (2023-10-19T19:24:18.58585082) [Msg] Serving full state (async) on [/world/default/state_async]
(2023-10-19T19:24:18.58649493) (2023-10-19T19:24:18.58657740) [Msg] Publishing scene information on [/world/default/scene/info]
(2023-10-19T19:24:18.58733368) (2023-10-19T19:24:18.58741820) [Msg] Publishing entity deletions on [/world/default/scene/deletion]
(2023-10-19T19:24:18.58791922) (2023-10-19T19:24:18.58803167) [Msg] Publishing state changes on [/world/default/state]
(2023-10-19T19:24:18.58881913) (2023-10-19T19:24:18.58890424) [Msg] Publishing pose messages on [/world/default/pose/info]
(2023-10-19T19:24:18.58957941) (2023-10-19T19:24:18.58963702) [Msg] Publishing dynamic pose messages on [/world/default/dynamic_pose/info]
(2023-10-19T19:24:18.59096625) (2023-10-19T19:24:18.59101766) [Wrn] [Component.hh:144] Trying to serialize component with data type [N3sdf3v135WorldE], which doesn't have `operator<<`. Component will not be serialized.
(2023-10-19T19:24:27.119058210) (2023-10-19T19:24:27.119071584) [Dbg] [SignalHandler.cc:142] Received signal[2].
(2023-10-19T19:24:27.119090900) (2023-10-19T19:24:27.119095608) [Dbg] [ServerPrivate.cc:115] Server received signal[2]
(2023-10-19T19:24:27.119397254) (2023-10-19T19:24:27.119405837) [Dbg] [gz.cc:417] Shutting down gz-sim-server
(2023-10-19T19:24:27.122234211) (2023-10-19T19:24:27.122248486) [Dbg] [SimulationRunner.cc:530] Exiting postupdate worker thread (0)
