(2023-10-16T22:51:26.846515909) (2023-10-16T22:51:26.846530059) [Msg] Gazebo Sim Server v7.6.0
(2023-10-16T22:51:26.851432639) (2023-10-16T22:51:26.851447287) [Msg] Loading SDF world file[/home/bassam/ros2_ws/install/ardupilot_gz_gazebo/share/ardupilot_gz_gazebo/worlds/iris_runway.sdf].
(2023-10-16T22:51:27.154053613) (2023-10-16T22:51:27.154064434) [Msg] Serving entity system service on [/entity/system/add]
(2023-10-16T22:51:27.280800099) (2023-10-16T22:51:27.280814047) [Dbg] [Physics.cc:880] Loaded [gz::physics::dartsim::Plugin] from library [/usr/lib/x86_64-linux-gnu/gz-physics-6/engine-plugins/libgz-physics-dartsim-plugin.so]
(2023-10-16T22:51:27.280890188) (2023-10-16T22:51:27.280898305) [Dbg] [SystemManager.cc:74] Loaded system [gz::sim::systems::Physics] for entity [1]
(2023-10-16T22:51:27.288418919) (2023-10-16T22:51:27.288432820) [Dbg] [Sensors.cc:506] Configuring Sensors system
(2023-10-16T22:51:27.288528151) (2023-10-16T22:51:27.288536712) [Dbg] [Sensors.cc:425] SensorsPrivate::Run
(2023-10-16T22:51:27.288627418) (2023-10-16T22:51:27.288636149) [Dbg] [SystemManager.cc:74] Loaded system [gz::sim::systems::Sensors] for entity [1]
(2023-10-16T22:51:27.291260835) (2023-10-16T22:51:27.291279989) [Msg] Create service on [/world/map/create]
(2023-10-16T22:51:27.291824865) (2023-10-16T22:51:27.291838621) [Msg] Remove service on [/world/map/remove]
(2023-10-16T22:51:27.292289064) (2023-10-16T22:51:27.292301226) [Msg] Pose service on [/world/map/set_pose]
(2023-10-16T22:51:27.292654164) (2023-10-16T22:51:27.292667042) [Msg] Pose service on [/world/map/set_pose_vector]
(2023-10-16T22:51:27.293099878) (2023-10-16T22:51:27.293110403) [Msg] Light configuration service on [/world/map/light_config]
(2023-10-16T22:51:27.293857139) (2023-10-16T22:51:27.293869242) [Msg] Physics service on [/world/map/set_physics]
(2023-10-16T22:51:27.294318077) (2023-10-16T22:51:27.294329440) [Msg] SphericalCoordinates service on [/world/map/set_spherical_coordinates]
(2023-10-16T22:51:27.294609422) (2023-10-16T22:51:27.294622253) [Msg] Enable collision service on [/world/map/enable_collision]
(2023-10-16T22:51:27.294943009) (2023-10-16T22:51:27.294953058) [Msg] Disable collision service on [/world/map/disable_collision]
(2023-10-16T22:51:27.295321663) (2023-10-16T22:51:27.295331659) [Msg] Material service on [/world/map/visual_config]
(2023-10-16T22:51:27.296513217) (2023-10-16T22:51:27.296523333) [Msg] Material service on [/world/map/wheel_slip]
(2023-10-16T22:51:27.296574932) (2023-10-16T22:51:27.296582864) [Dbg] [SystemManager.cc:74] Loaded system [gz::sim::systems::UserCommands] for entity [1]
(2023-10-16T22:51:27.298231564) (2023-10-16T22:51:27.298242599) [Dbg] [SystemManager.cc:74] Loaded system [gz::sim::systems::SceneBroadcaster] for entity [1]
(2023-10-16T22:51:27.298388346) (2023-10-16T22:51:27.298403366) [Dbg] [Sensors.cc:402] SensorsPrivate::RenderThread started
(2023-10-16T22:51:27.298435771) (2023-10-16T22:51:27.298443879) [Dbg] [Sensors.cc:245] Waiting for init
(2023-10-16T22:51:27.299701098) (2023-10-16T22:51:27.299712035) [Dbg] [SystemManager.cc:74] Loaded system [gz::sim::systems::AirPressure] for entity [1]
(2023-10-16T22:51:27.301044188) (2023-10-16T22:51:27.301054418) [Dbg] [SystemManager.cc:74] Loaded system [gz::sim::systems::AirSpeed] for entity [1]
(2023-10-16T22:51:27.302395023) (2023-10-16T22:51:27.302405668) [Dbg] [SystemManager.cc:74] Loaded system [gz::sim::systems::Altimeter] for entity [1]
(2023-10-16T22:51:27.303781015) (2023-10-16T22:51:27.303791640) [Dbg] [SystemManager.cc:74] Loaded system [gz::sim::systems::Imu] for entity [1]
(2023-10-16T22:51:27.305168795) (2023-10-16T22:51:27.305179628) [Dbg] [SystemManager.cc:74] Loaded system [gz::sim::systems::Magnetometer] for entity [1]
(2023-10-16T22:51:27.306552871) (2023-10-16T22:51:27.306564037) [Dbg] [SystemManager.cc:74] Loaded system [gz::sim::systems::NavSat] for entity [1]
(2023-10-16T22:51:27.320063947) (2023-10-16T22:51:27.320078224) [Dbg] [SystemManager.cc:74] Loaded system [gz::sim::systems::JointStatePublisher] for entity [9]
(2023-10-16T22:51:27.321670449) (2023-10-16T22:51:27.321691965) [Msg] OdometryPublisher publishing odometry on [/model/iris/odometry]
(2023-10-16T22:51:27.321992333) (2023-10-16T22:51:27.322002544) [Msg] OdometryPublisher publishing odometry with covariance on [/model/iris/odometry_with_covariance]
(2023-10-16T22:51:27.322272761) (2023-10-16T22:51:27.322282525) [Msg] OdometryPublisher publishing Pose_V (TF) on [/model/iris/pose]
(2023-10-16T22:51:27.322322292) (2023-10-16T22:51:27.322329940) [Dbg] [SystemManager.cc:74] Loaded system [gz::sim::systems::OdometryPublisher] for entity [9]
(2023-10-16T22:51:27.323767152) (2023-10-16T22:51:27.323780276) [Dbg] [SystemManager.cc:74] Loaded system [gz::sim::systems::LiftDrag] for entity [9]
(2023-10-16T22:51:27.324318919) (2023-10-16T22:51:27.324330211) [Dbg] [SystemManager.cc:74] Loaded system [gz::sim::systems::LiftDrag] for entity [9]
(2023-10-16T22:51:27.324737719) (2023-10-16T22:51:27.324747214) [Dbg] [SystemManager.cc:74] Loaded system [gz::sim::systems::LiftDrag] for entity [9]
(2023-10-16T22:51:27.325171002) (2023-10-16T22:51:27.325181691) [Dbg] [SystemManager.cc:74] Loaded system [gz::sim::systems::LiftDrag] for entity [9]
(2023-10-16T22:51:27.325684204) (2023-10-16T22:51:27.325695069) [Dbg] [SystemManager.cc:74] Loaded system [gz::sim::systems::LiftDrag] for entity [9]
(2023-10-16T22:51:27.326258811) (2023-10-16T22:51:27.326272118) [Dbg] [SystemManager.cc:74] Loaded system [gz::sim::systems::LiftDrag] for entity [9]
(2023-10-16T22:51:27.326737351) (2023-10-16T22:51:27.326775307) [Dbg] [SystemManager.cc:74] Loaded system [gz::sim::systems::LiftDrag] for entity [9]
(2023-10-16T22:51:27.327169889) (2023-10-16T22:51:27.327179414) [Dbg] [SystemManager.cc:74] Loaded system [gz::sim::systems::LiftDrag] for entity [9]
(2023-10-16T22:51:27.328768844) (2023-10-16T22:51:27.328782492) [Msg] ApplyJointForce subscribing to Double messages on [/model/iris/joint/rotor_0_joint/cmd_force]
(2023-10-16T22:51:27.328830212) (2023-10-16T22:51:27.328838411) [Dbg] [SystemManager.cc:74] Loaded system [gz::sim::systems::ApplyJointForce] for entity [9]
(2023-10-16T22:51:27.329432755) (2023-10-16T22:51:27.329443594) [Msg] ApplyJointForce subscribing to Double messages on [/model/iris/joint/rotor_1_joint/cmd_force]
(2023-10-16T22:51:27.329483471) (2023-10-16T22:51:27.329491461) [Dbg] [SystemManager.cc:74] Loaded system [gz::sim::systems::ApplyJointForce] for entity [9]
(2023-10-16T22:51:27.330042842) (2023-10-16T22:51:27.330053443) [Msg] ApplyJointForce subscribing to Double messages on [/model/iris/joint/rotor_2_joint/cmd_force]
(2023-10-16T22:51:27.330093675) (2023-10-16T22:51:27.330101399) [Dbg] [SystemManager.cc:74] Loaded system [gz::sim::systems::ApplyJointForce] for entity [9]
(2023-10-16T22:51:27.330672256) (2023-10-16T22:51:27.330684550) [Msg] ApplyJointForce subscribing to Double messages on [/model/iris/joint/rotor_3_joint/cmd_force]
(2023-10-16T22:51:27.330726528) (2023-10-16T22:51:27.330734559) [Dbg] [SystemManager.cc:74] Loaded system [gz::sim::systems::ApplyJointForce] for entity [9]
(2023-10-16T22:51:27.332796199) (2023-10-16T22:51:27.332808729) [Msg] JointPositionController subscribing to Double messages on [/gimbal/cmd_roll]
(2023-10-16T22:51:27.332855825) (2023-10-16T22:51:27.332863728) [Dbg] [JointPositionController.cc:302] [JointPositionController] system parameters:
(2023-10-16T22:51:27.332886469) (2023-10-16T22:51:27.332894045) [Dbg] [JointPositionController.cc:303] p_gain: [2]
(2023-10-16T22:51:27.332933292) (2023-10-16T22:51:27.332940740) [Dbg] [JointPositionController.cc:304] i_gain: [0.1]
(2023-10-16T22:51:27.332971806) (2023-10-16T22:51:27.332979318) [Dbg] [JointPositionController.cc:305] d_gain: [0.01]
(2023-10-16T22:51:27.333009505) (2023-10-16T22:51:27.333016774) [Dbg] [JointPositionController.cc:306] i_max: [1]
(2023-10-16T22:51:27.333046542) (2023-10-16T22:51:27.333053844) [Dbg] [JointPositionController.cc:307] i_min: [-1]
(2023-10-16T22:51:27.333083670) (2023-10-16T22:51:27.333091450) [Dbg] [JointPositionController.cc:308] cmd_max: [1000]
(2023-10-16T22:51:27.333119363) (2023-10-16T22:51:27.333126204) [Dbg] [JointPositionController.cc:309] cmd_min: [-1000]
(2023-10-16T22:51:27.333166277) (2023-10-16T22:51:27.333173955) [Dbg] [JointPositionController.cc:310] cmd_offset: [0]
(2023-10-16T22:51:27.333211524) (2023-10-16T22:51:27.333219050) [Dbg] [JointPositionController.cc:311] Topic: [/gimbal/cmd_roll]
(2023-10-16T22:51:27.333248231) (2023-10-16T22:51:27.333255589) [Dbg] [JointPositionController.cc:312] initial_position: [0]
(2023-10-16T22:51:27.333290533) (2023-10-16T22:51:27.333298160) [Dbg] [SystemManager.cc:74] Loaded system [gz::sim::systems::JointPositionController] for entity [9]
(2023-10-16T22:51:27.334337707) (2023-10-16T22:51:27.334349330) [Msg] JointPositionController subscribing to Double messages on [/gimbal/cmd_tilt]
(2023-10-16T22:51:27.334384543) (2023-10-16T22:51:27.334392000) [Dbg] [JointPositionController.cc:302] [JointPositionController] system parameters:
(2023-10-16T22:51:27.334415020) (2023-10-16T22:51:27.334422376) [Dbg] [JointPositionController.cc:303] p_gain: [2]
(2023-10-16T22:51:27.334454734) (2023-10-16T22:51:27.334462446) [Dbg] [JointPositionController.cc:304] i_gain: [0.1]
(2023-10-16T22:51:27.334493038) (2023-10-16T22:51:27.334500789) [Dbg] [JointPositionController.cc:305] d_gain: [0.01]
(2023-10-16T22:51:27.334531671) (2023-10-16T22:51:27.334539190) [Dbg] [JointPositionController.cc:306] i_max: [1]
(2023-10-16T22:51:27.334569249) (2023-10-16T22:51:27.334577176) [Dbg] [JointPositionController.cc:307] i_min: [-1]
(2023-10-16T22:51:27.334607318) (2023-10-16T22:51:27.334614578) [Dbg] [JointPositionController.cc:308] cmd_max: [1000]
(2023-10-16T22:51:27.334645380) (2023-10-16T22:51:27.334652993) [Dbg] [JointPositionController.cc:309] cmd_min: [-1000]
(2023-10-16T22:51:27.334683531) (2023-10-16T22:51:27.334691056) [Dbg] [JointPositionController.cc:310] cmd_offset: [0]
(2023-10-16T22:51:27.334721246) (2023-10-16T22:51:27.334728500) [Dbg] [JointPositionController.cc:311] Topic: [/gimbal/cmd_tilt]
(2023-10-16T22:51:27.334765561) (2023-10-16T22:51:27.334773186) [Dbg] [JointPositionController.cc:312] initial_position: [0]
(2023-10-16T22:51:27.334809600) (2023-10-16T22:51:27.334817109) [Dbg] [SystemManager.cc:74] Loaded system [gz::sim::systems::JointPositionController] for entity [9]
(2023-10-16T22:51:27.336342968) (2023-10-16T22:51:27.336355371) [Msg] LinearBatteryPlugin configured. Battery name: lipo_3500mAh
(2023-10-16T22:51:27.336391687) (2023-10-16T22:51:27.336399594) [Dbg] [LinearBatteryPlugin.cc:405] Battery initial voltage: 12.6
(2023-10-16T22:51:27.336826923) (2023-10-16T22:51:27.336837221) [Dbg] [SystemManager.cc:74] Loaded system [gz::sim::systems::LinearBatteryPlugin] for entity [9]
(2023-10-16T22:51:27.344685709) (2023-10-16T22:51:27.344700932) [Msg] [iris] Advertising on /gimbal/cmd_roll.
(2023-10-16T22:51:27.345430010) (2023-10-16T22:51:27.345441358) [Msg] [iris] Advertising on /gimbal/cmd_tilt.
(2023-10-16T22:51:27.348517538) [iris] flight dynamics model @ 127.0.0.1:9002
(2023-10-16T22:51:27.348797339) [iris] ArduPilot ready to fly. The force will be with you
(2023-10-16T22:51:27.349318374) (2023-10-16T22:51:27.349326950) [Dbg] [SystemManager.cc:74] Loaded system [ArduPilotPlugin] for entity [9]
(2023-10-16T22:51:27.350994091) (2023-10-16T22:51:27.351006912) [Msg] Loaded level [3]
(2023-10-16T22:51:27.448752735) (2023-10-16T22:51:27.448769635) [Msg] Serving world controls on [/world/map/control], [/world/map/control/state] and [/world/map/playback/control]
(2023-10-16T22:51:27.448958278) (2023-10-16T22:51:27.448968470) [Msg] Serving GUI information on [/world/map/gui/info]
(2023-10-16T22:51:27.449010247) (2023-10-16T22:51:27.449017834) [Msg] World [map] initialized with [1ms] physics profile.
(2023-10-16T22:51:27.449253964) (2023-10-16T22:51:27.449265856) [Msg] Serving world SDF generation service on [/world/map/generate_world_sdf]
(2023-10-16T22:51:27.449378939) (2023-10-16T22:51:27.449385200) [Msg] Serving world names on [/gazebo/worlds]
(2023-10-16T22:51:27.449443897) (2023-10-16T22:51:27.449449654) [Msg] Resource path add service on [/gazebo/resource_paths/add].
(2023-10-16T22:51:27.449542839) (2023-10-16T22:51:27.449564985) [Msg] Resource path get service on [/gazebo/resource_paths/get].
(2023-10-16T22:51:27.449652832) (2023-10-16T22:51:27.449662926) [Msg] Resource path resolve service on [/gazebo/resource_paths/resolve].
(2023-10-16T22:51:27.449769593) (2023-10-16T22:51:27.449777839) [Msg] Resource paths published on [/gazebo/resource_paths].
(2023-10-16T22:51:27.449985681) (2023-10-16T22:51:27.449996935) [Msg] Server control service on [/server_control].
(2023-10-16T22:51:28.849742019) (2023-10-16T22:51:28.849753307) [Wrn] [SimulationRunner.cc:676] Found additional publishers on /stats, using namespaced stats topic only
(2023-10-16T22:51:28.849785278) (2023-10-16T22:51:28.849790184) [Dbg] [SimulationRunner.cc:678] Publishers [Address, Message Type]:
(2023-10-16T22:51:28.849800549) (2023-10-16T22:51:28.849804956) [Dbg] [SimulationRunner.cc:683]   tcp://172.28.247.77:37185, gz.msgs.WorldStatistics
(2023-10-16T22:51:28.849938181) (2023-10-16T22:51:28.849944543) [Wrn] [SimulationRunner.cc:709] Found additional publishers on /clock, using namespaced clock topic only
(2023-10-16T22:51:28.849964693) (2023-10-16T22:51:28.849969217) [Dbg] [SimulationRunner.cc:711] Publishers [Address, Message Type]:
(2023-10-16T22:51:28.849979127) (2023-10-16T22:51:28.849983571) [Dbg] [SimulationRunner.cc:716]   tcp://172.28.247.77:37185, gz.msgs.Clock
(2023-10-16T22:51:28.850227120) (2023-10-16T22:51:28.850233335) [Dbg] [SimulationRunner.cc:503] Creating PostUpdate worker threads: 13
(2023-10-16T22:51:28.850260948) (2023-10-16T22:51:28.850265218) [Dbg] [SimulationRunner.cc:514] Creating postupdate worker thread (0)
(2023-10-16T22:51:28.850351322) (2023-10-16T22:51:28.850360800) [Dbg] [SimulationRunner.cc:514] Creating postupdate worker thread (1)
(2023-10-16T22:51:28.850428865) (2023-10-16T22:51:28.850437774) [Dbg] [SimulationRunner.cc:514] Creating postupdate worker thread (2)
(2023-10-16T22:51:28.850503932) (2023-10-16T22:51:28.850513544) [Dbg] [SimulationRunner.cc:514] Creating postupdate worker thread (3)
(2023-10-16T22:51:28.850582311) (2023-10-16T22:51:28.850591592) [Dbg] [SimulationRunner.cc:514] Creating postupdate worker thread (4)
(2023-10-16T22:51:28.850656658) (2023-10-16T22:51:28.850665676) [Dbg] [SimulationRunner.cc:514] Creating postupdate worker thread (5)
(2023-10-16T22:51:28.850735409) (2023-10-16T22:51:28.850755590) [Dbg] [SimulationRunner.cc:514] Creating postupdate worker thread (6)
(2023-10-16T22:51:28.850822261) (2023-10-16T22:51:28.850828317) [Dbg] [SimulationRunner.cc:514] Creating postupdate worker thread (7)
(2023-10-16T22:51:28.850870925) (2023-10-16T22:51:28.850879080) [Dbg] [SimulationRunner.cc:514] Creating postupdate worker thread (8)
(2023-10-16T22:51:28.850938373) (2023-10-16T22:51:28.850947480) [Dbg] [SimulationRunner.cc:514] Creating postupdate worker thread (9)
(2023-10-16T22:51:28.851002535) (2023-10-16T22:51:28.851011495) [Dbg] [SimulationRunner.cc:514] Creating postupdate worker thread (10)
(2023-10-16T22:51:28.851064987) (2023-10-16T22:51:28.851073972) [Dbg] [SimulationRunner.cc:514] Creating postupdate worker thread (11)
(2023-10-16T22:51:28.852054458) (2023-10-16T22:51:28.852061548) [Dbg] [JointPositionController.cc:361] Identified joint [roll_joint] as Entity [53]
(2023-10-16T22:51:28.852096761) (2023-10-16T22:51:28.852101470) [Dbg] [JointPositionController.cc:361] Identified joint [tilt_joint] as Entity [54]
(2023-10-16T22:51:28.852177410) (2023-10-16T22:51:28.852182777) [Msg] Found IMU sensor with name [imu_link::imu_sensor]
(2023-10-16T22:51:28.852212506) (2023-10-16T22:51:28.852217128) [Dbg] [ArduPilotPlugin.cc:1154] Computed IMU topic to be: world/map/model/iris/link/imu_link/sensor/imu_sensor/imu
(2023-10-16T22:51:28.856776397) (2023-10-16T22:51:28.856792305) [Dbg] [SDFFeatures.cc:328] Mesh construction from an SDF has not been implemented yet for dartsim. Use AttachMeshShapeFeature to use mesh shapes.
(2023-10-16T22:51:28.856816789) (2023-10-16T22:51:28.856821450) [Err] [SDFFeatures.cc:843] The geometry element of collision [roll_col] couldn't be created
(2023-10-16T22:51:28.856907876) (2023-10-16T22:51:28.856929977) [Dbg] [SDFFeatures.cc:328] Mesh construction from an SDF has not been implemented yet for dartsim. Use AttachMeshShapeFeature to use mesh shapes.
(2023-10-16T22:51:28.856944343) (2023-10-16T22:51:28.856948799) [Err] [SDFFeatures.cc:843] The geometry element of collision [tilt_col] couldn't be created
(2023-10-16T22:51:29.298434318) (2023-10-16T22:51:29.298459234) [Dbg] [Sensors.cc:659] Initialization needed
(2023-10-16T22:51:29.298556129) (2023-10-16T22:51:29.298565276) [Dbg] [Sensors.cc:257] Initializing render context
(2023-10-16T22:51:29.298726662) (2023-10-16T22:51:29.298734271) [Msg] Loading plugin [gz-rendering-ogre2]
(2023-10-16T22:51:29.299509953) (2023-10-16T22:51:29.299525644) [Dbg] [AirSpeedSensor.cc:125] (2023-10-16T22:51:29.299548586) (2023-10-16T22:51:29.299559968) Air speed for [[Dbg] [AltimeterSensor.cc:114] Altimeter data for [iris::base_link::altimeter_sensor] advertised on [world/map/model/iris/link/base_link/sensor/altimeter_sensor/altimeterworld/map/model/iris/link/base_link/sensor/altimeter_sensor/altimeteriris::base_link::air_speed_sensor] advertised on [world/map/model/iris/link/base_link/sensor/air_speed_sensor/air_speed]2023-10-16T22:51:29.299635772) (2023-10-16T22:51:29.299657395) 
]
(2023-10-16T22:51:29.299758037) (2023-10-16T22:51:29.299767652) [Dbg] [AirPressureSensor.cc:126] [Dbg] [AirPressureSensor.cc:126] [Dbg] [MagnetometerSensor.cc:117] Magnetometer data for [iris::base_link::magnetometer_sensor] advertised on [world/map/model/iris/link/base_link/sensor/magnetometer_sensor/magnetometer]
Air pressure for [iris::base_link::air_pressure_sensor] advertised on [world/map/model/iris/link/base_link/sensor/air_pressure_sensor/air_pressure]
(2023-10-16T22:51:29.299917838) (2023-10-16T22:51:29.299928950) [Dbg] [ImuSensor.cc:149] IMU data for [iris::imu_link::imu_sensor] advertised on [world/map/model/iris/link/imu_link/sensor/imu_sensor/imu]
(2023-10-16T22:51:29.300229879) (2023-10-16T22:51:29.300240766) [Msg] Serving scene information on [/world/map/scene/info]
(2023-10-16T22:51:29.300362369) (2023-10-16T22:51:29.300372170) [Msg] Serving graph information on [/world/map/scene/graph]
(2023-10-16T22:51:29.300563110) (2023-10-16T22:51:29.300572945) [Msg] Serving full state on [/world/map/state]
(2023-10-16T22:51:29.300651626) (2023-10-16T22:51:29.300661412) [Msg] Serving full state (async) on [/world/map/state_async]
(2023-10-16T22:51:29.300733161) (2023-10-16T22:51:29.300740709) [Msg] Publishing scene information on [/world/map/scene/info]
(2023-10-16T22:51:29.300822413) (2023-10-16T22:51:29.300828903) [Msg] Publishing entity deletions on [/world/map/scene/deletion]
(2023-10-16T22:51:29.300886538) (2023-10-16T22:51:29.300894093) [Msg] Publishing state changes on [/world/map/state]
(2023-10-16T22:51:29.300977802) (2023-10-16T22:51:29.300987422) [Msg] Publishing pose messages on [/world/map/pose/info]
(2023-10-16T22:51:29.301068595) (2023-10-16T22:51:29.301076773) [Msg] Publishing dynamic pose messages on [/world/map/dynamic_pose/info]
(2023-10-16T22:51:29.301666917) (2023-10-16T22:51:29.301674299) [Wrn] [Component.hh:144] Trying to serialize component with data type [St6vectorIdSaIdEE], which doesn't have `operator<<`. Component will not be serialized.
(2023-10-16T22:51:29.302164358) (2023-10-16T22:51:29.302171194) [Wrn] [Model.hh:69] Skipping serialization / deserialization for models with //pose/@relative_to attribute.
(2023-10-16T22:51:29.302401977) (2023-10-16T22:51:29.302408555) [Wrn] [Component.hh:144] Trying to serialize component with data type [N3sdf3v135WorldE], which doesn't have `operator<<`. Component will not be serialized.
(2023-10-16T22:51:29.303307855) [iris] Connected to ArduPilot controller @ 127.0.0.1:44802
(2023-10-16T22:51:29.303328233) (2023-10-16T22:51:29.303332934) [Wrn] [ArduPilotPlugin.cc:1583] ArduPilot controller has reset
(2023-10-16T22:51:29.303816134) (2023-10-16T22:51:29.303823529) [Dbg] [LinearBatteryPlugin.cc:574] [Battery Plugin] Battery drain: 0 minutes passed.
(2023-10-16T22:51:29.491703595) (2023-10-16T22:51:29.491711247) [Dbg] [RenderUtil.cc:2720] Create scene [scene]
(2023-10-16T22:51:29.527634426) (2023-10-16T22:51:29.527636497) (2023-10-16T22:51:29.527668452) 2023-10-16T22:51:29.527655458) [Dbg] [Sensors.cc:659] Rendering Thread initialized

(2023-10-16T22:51:31.341712002) (2023-10-16T22:51:31.341728649) [Dbg] [CameraSensor.cc:458] Camera images for [iris::tilt_link::camera] advertised on [world/map/model/iris/link/tilt_link/sensor/camera/image]
(2023-10-16T22:51:31.341893005) (2023-10-16T22:51:31.341899994) [Dbg] [CameraSensor.cc:786] Camera info for [iris::tilt_link::camera] advertised on [/world/map/model/iris/link/tilt_link/sensor/camera/camera_info]
(2023-10-16T22:51:31.342229948) (2023-10-16T22:51:31.342236339) [Wrn] [Ogre2Camera.cc:412] Ogre2Camera::SetVisibilityMask: Mask bits c0000000 are set but will be ignored as they conflict with the reserved bits used internally by the ogre2 backend.
(2023-10-16T22:51:31.459589439) (2023-10-16T22:51:31.459642649) [Dbg] [CameraSensor.cc:583] Enabling camera sensor: 'iris::tilt_link::camera' data generation.
(2023-10-16T22:51:31.629157071) (2023-10-16T22:51:31.629177636) [Wrn] [ArduPilotPlugin.cc:1436] [iris] Drained n packets: 1
(2023-10-16T22:52:34.292179292) (2023-10-16T22:52:34.292201306) [Dbg] [SignalHandler.cc:142] Received signal[2].
(2023-10-16T22:52:34.292255180) (2023-10-16T22:52:34.292264878) [Dbg] [ServerPrivate.cc:115] Server received signal[2]
(2023-10-16T22:52:34.292307488) (2023-10-16T22:52:34.292317027) [Dbg] [Sensors.cc:433] SensorsPrivate::Stop
(2023-10-16T22:52:34.393450977) (2023-10-16T22:52:34.393479166) [Dbg] [Sensors.cc:419] SensorsPrivate::RenderThread stopped
(2023-10-16T22:52:34.393711149) (2023-10-16T22:52:34.393726996) [Dbg] [SignalHandler.cc:142] Received signal[2].
(2023-10-16T22:52:34.393976793) (2023-10-16T22:52:34.393987860) [Dbg] [ArduPilotPlugin.cc:370] Plugin received signal[2]
(2023-10-16T22:52:34.394062838) (2023-10-16T22:52:34.394073138) [Dbg] [gz.cc:417] Shutting down gz-sim-server
(2023-10-16T22:52:34.409744179) (2023-10-16T22:52:34.409771303) [Dbg] [SimulationRunner.cc:530] Exiting postupdate worker thread (7)
(2023-10-16T22:52:34.409892344) (2023-10-16T22:52:34.409904424) [Dbg] [SimulationRunner.cc:530] Exiting postupdate worker thread (2)
(2023-10-16T22:52:34.409983425) (2023-10-16T22:52:34.410005441) [Dbg] [SimulationRunner.cc:530] Exiting postupdate worker thread (3)
(2023-10-16T22:52:34.410074840) (2023-10-16T22:52:34.410095818) [Dbg] [SimulationRunner.cc:530] Exiting postupdate worker thread (10)
(((2023-10-16T22:52:34.410191898) (2023-10-16T22:52:34.410205274) [Dbg] [SimulationRunner.cc:530] Exiting postupdate worker thread (1)
(2023-10-16T22:52:34.410282544) (2023-10-16T22:52:34.410295120) [Dbg] [SimulationRunner.cc:530] Exiting postupdate worker thread (6)
2023-10-16T22:52:34.410363898) (2023-10-16T22:52:34.410377871) [Dbg] [SimulationRunner.cc:530] Exiting postupdate worker thread (4)
(2023-10-16T22:52:34.410448093) (2023-10-16T22:52:34.410460307) [Dbg] [SimulationRunner.cc:530] Exiting postupdate worker thread (0)
(2023-10-16T22:52:34.410799454) (2023-10-16T22:52:34.410813625) [Dbg] [SimulationRunner.cc:530] Exiting postupdate worker thread (5)
(2023-10-16T22:52:34.410901103) (2023-10-16T22:52:34.410916260) [Dbg] [SimulationRunner.cc:530] Exiting postupdate worker thread (11)
(2023-10-16T22:52:34.410996825) (2023-10-16T22:52:34.411012763) (2023-10-16T22:52:34.411031306) (2023-10-16T22:52:34.411050940) [Dbg] [SimulationRunner.cc:530] Exiting postupdate worker thread (9)
[Dbg] [SimulationRunner.cc:530] Exiting postupdate worker thread (8)
(2023-10-16T22:52:34.439207626) (2023-10-16T22:52:34.439229997) [Dbg] [SignalHandler.cc:142] Received signal[2].
(2023-10-16T22:52:34.439355869) (2023-10-16T22:52:34.439371624) [Dbg] [ArduPilotPlugin.cc:370] Plugin received signal[2]
(2023-10-16T22:52:34.463203431) (2023-10-16T22:52:34.463224546) [Dbg] [Sensors.cc:433] SensorsPrivate::Stop
