(2023-11-01T07:58:14.834734446) (2023-11-01T07:58:14.834742810) [Msg] Gazebo Sim Server v7.6.0
(2023-11-01T07:58:14.836737352) (2023-11-01T07:58:14.836744818) [Msg] Loading default world.
(2023-11-01T07:58:14.917681028) (2023-11-01T07:58:14.917690547) [Msg] Serving entity system service on [/entity/system/add]
(2023-11-01T07:58:14.917941612) (2023-11-01T07:58:14.917948169) [Msg] Loaded level [3]
(2023-11-01T07:58:14.917987330) (2023-11-01T07:58:14.917992380) [Msg] No systems loaded from SDF, loading defaults
(2023-11-01T07:58:14.918349744) (2023-11-01T07:58:14.918356280) [Dbg] [ServerConfig.cc:1062] Loaded (3) plugins from file [/home/bassam/.gz/sim/7/server.config]
(2023-11-01T07:58:15.28017324) (2023-11-01T07:58:15.28031980) [Dbg] [Physics.cc:880] Loaded [gz::physics::dartsim::Plugin] from library [/usr/lib/x86_64-linux-gnu/gz-physics-6/engine-plugins/libgz-physics-dartsim-plugin.so]
(2023-11-01T07:58:15.28091956) (2023-11-01T07:58:15.28099931) [Dbg] [SystemManager.cc:74] Loaded system [gz::sim::systems::Physics] for entity [1]
(2023-11-01T07:58:15.30498063) (2023-11-01T07:58:15.30513874) [Msg] Create service on [/world/default/create]
(2023-11-01T07:58:15.30854621) (2023-11-01T07:58:15.30866925) [Msg] Remove service on [/world/default/remove]
(2023-11-01T07:58:15.31186302) (2023-11-01T07:58:15.31198229) [Msg] Pose service on [/world/default/set_pose]
(2023-11-01T07:58:15.31483446) (2023-11-01T07:58:15.31494955) [Msg] Pose service on [/world/default/set_pose_vector]
(2023-11-01T07:58:15.31893865) (2023-11-01T07:58:15.31905424) [Msg] Light configuration service on [/world/default/light_config]
(2023-11-01T07:58:15.32432417) (2023-11-01T07:58:15.32442593) [Msg] Physics service on [/world/default/set_physics]
(2023-11-01T07:58:15.32770706) (2023-11-01T07:58:15.32780857) [Msg] SphericalCoordinates service on [/world/default/set_spherical_coordinates]
(2023-11-01T07:58:15.32994112) (2023-11-01T07:58:15.33002680) [Msg] Enable collision service on [/world/default/enable_collision]
(2023-11-01T07:58:15.33221107) (2023-11-01T07:58:15.33231031) [Msg] Disable collision service on [/world/default/disable_collision]
(2023-11-01T07:58:15.33594844) (2023-11-01T07:58:15.33605334) [Msg] Material service on [/world/default/visual_config]
(2023-11-01T07:58:15.33917350) (2023-11-01T07:58:15.33942412) [Msg] Material service on [/world/default/wheel_slip]
(2023-11-01T07:58:15.33990617) (2023-11-01T07:58:15.34000691) [Dbg] [SystemManager.cc:74] Loaded system [gz::sim::systems::UserCommands] for entity [1]
(2023-11-01T07:58:15.36635254) (2023-11-01T07:58:15.36651020) [Dbg] [SystemManager.cc:74] Loaded system [gz::sim::systems::SceneBroadcaster] for entity [1]
(2023-11-01T07:58:15.37684113) (2023-11-01T07:58:15.37698005) [Msg] Serving world controls on [/world/default/control], [/world/default/control/state] and [/world/default/playback/control]
(2023-11-01T07:58:15.38088965) (2023-11-01T07:58:15.38101957) [Msg] Serving GUI information on [/world/default/gui/info]
(2023-11-01T07:58:15.38139143) (2023-11-01T07:58:15.38148477) [Msg] World [default] initialized with [default_physics] physics profile.
(2023-11-01T07:58:15.38594116) (2023-11-01T07:58:15.38606666) [Msg] Serving world SDF generation service on [/world/default/generate_world_sdf]
(2023-11-01T07:58:15.38946127) (2023-11-01T07:58:15.38958383) [Msg] Serving world names on [/gazebo/worlds]
(2023-11-01T07:58:15.39237006) (2023-11-01T07:58:15.39249199) [Msg] Resource path add service on [/gazebo/resource_paths/add].
(2023-11-01T07:58:15.39550460) (2023-11-01T07:58:15.39562487) [Msg] Resource path get service on [/gazebo/resource_paths/get].
(2023-11-01T07:58:15.39836226) (2023-11-01T07:58:15.39848101) [Msg] Resource path resolve service on [/gazebo/resource_paths/resolve].
(2023-11-01T07:58:15.40544203) (2023-11-01T07:58:15.40557120) [Msg] Resource paths published on [/gazebo/resource_paths].
(2023-11-01T07:58:15.40951137) (2023-11-01T07:58:15.40963747) [Msg] Server control service on [/server_control].
(2023-11-01T07:58:15.41287992) (2023-11-01T07:58:15.41300383) [Wrn] [SimulationRunner.cc:676] Found additional publishers on /stats, using namespaced stats topic only
(2023-11-01T07:58:15.41343385) (2023-11-01T07:58:15.41353218) [Dbg] [SimulationRunner.cc:678] Publishers [Address, Message Type]:
(2023-11-01T07:58:15.41371523) (2023-11-01T07:58:15.41380946) [Dbg] [SimulationRunner.cc:683]   tcp://172.17.0.1:34505, gz.msgs.WorldStatistics
(2023-11-01T07:58:15.41869026) (2023-11-01T07:58:15.41882290) [Wrn] [SimulationRunner.cc:709] Found additional publishers on /clock, using namespaced clock topic only
(2023-11-01T07:58:15.41910850) (2023-11-01T07:58:15.41921389) [Dbg] [SimulationRunner.cc:711] Publishers [Address, Message Type]:
(2023-11-01T07:58:15.41940363) (2023-11-01T07:58:15.41949599) [Dbg] [SimulationRunner.cc:716]   tcp://172.17.0.1:34505, gz.msgs.Clock
(2023-11-01T07:58:15.42133080) (2023-11-01T07:58:15.42145635) [Dbg] [SimulationRunner.cc:503] Creating PostUpdate worker threads: 2
(2023-11-01T07:58:15.42178137) (2023-11-01T07:58:15.42187810) [Dbg] [SimulationRunner.cc:514] Creating postupdate worker thread (0)
(2023-11-01T07:58:15.51200901) (2023-11-01T07:58:15.51216411) [Msg] Serving scene information on [/world/default/scene/info]
(2023-11-01T07:58:15.51495237) (2023-11-01T07:58:15.51504542) [Msg] Serving graph information on [/world/default/scene/graph]
(2023-11-01T07:58:15.51899452) (2023-11-01T07:58:15.51909050) [Msg] Serving full state on [/world/default/state]
(2023-11-01T07:58:15.52137375) (2023-11-01T07:58:15.52146513) [Msg] Serving full state (async) on [/world/default/state_async]
(2023-11-01T07:58:15.52243163) (2023-11-01T07:58:15.52251845) [Msg] Publishing scene information on [/world/default/scene/info]
(2023-11-01T07:58:15.52357425) (2023-11-01T07:58:15.52366286) [Msg] Publishing entity deletions on [/world/default/scene/deletion]
(2023-11-01T07:58:15.52448691) (2023-11-01T07:58:15.52457830) [Msg] Publishing state changes on [/world/default/state]
(2023-11-01T07:58:15.52545632) (2023-11-01T07:58:15.52554799) [Msg] Publishing pose messages on [/world/default/pose/info]
(2023-11-01T07:58:15.52629908) (2023-11-01T07:58:15.52639328) [Msg] Publishing dynamic pose messages on [/world/default/dynamic_pose/info]
(2023-11-01T07:58:15.282457483) (2023-11-01T07:58:15.282474396) [Dbg] [EntityComponentManager.cc:1655] Updated state thread iterators: 3 threads processing around 1 entities each.
(2023-11-01T07:58:15.282842333) (2023-11-01T07:58:15.282854841) [Wrn] [Component.hh:144] Trying to serialize component with data type [N3sdf3v135WorldE], which doesn't have `operator<<`. Component will not be serialized.
(2023-11-01T07:58:35.523148730) (2023-11-01T07:58:35.523162307) [Dbg] [UserCommands.cc:1263] Created entity [4] named [box]
(2023-11-01T07:58:35.528633430) (2023-11-01T07:58:35.528644131) [Wrn] [Model.hh:69] Skipping serialization / deserialization for models with //pose/@relative_to attribute.
(2023-11-01T07:58:39.296933531) (2023-11-01T07:58:39.296953777) [Dbg] [SignalHandler.cc:142] Received signal[2].
(2023-11-01T07:58:39.296983388) (2023-11-01T07:58:39.296992978) [Dbg] [ServerPrivate.cc:115] Server received signal[2]
(2023-11-01T07:58:39.297564788) (2023-11-01T07:58:39.297579447) [Dbg] [gz.cc:417] Shutting down gz-sim-server
(2023-11-01T07:58:39.301582932) (2023-11-01T07:58:39.301601595) [Dbg] [SimulationRunner.cc:530] Exiting postupdate worker thread (0)
