(2023-10-18T21:04:26.1136047) (2023-10-18T21:04:26.1149599) [Msg] Gazebo Sim Server v7.6.0
(2023-10-18T21:04:26.6414142) (2023-10-18T21:04:26.6425538) [Msg] Loading SDF world file[/home/bassam/ros2_ws/install/ardupilot_gz_gazebo/share/ardupilot_gz_gazebo/worlds/iris_runway.sdf].
(2023-10-18T21:04:26.286692261) (2023-10-18T21:04:26.286703746) [Msg] Serving entity system service on [/entity/system/add]
(2023-10-18T21:04:26.450165502) (2023-10-18T21:04:26.450179004) [Dbg] [Physics.cc:880] Loaded [gz::physics::dartsim::Plugin] from library [/usr/lib/x86_64-linux-gnu/gz-physics-6/engine-plugins/libgz-physics-dartsim-plugin.so]
(2023-10-18T21:04:26.450267065) (2023-10-18T21:04:26.450275252) [Dbg] [SystemManager.cc:74] Loaded system [gz::sim::systems::Physics] for entity [1]
(2023-10-18T21:04:26.473276036) (2023-10-18T21:04:26.473290393) [Dbg] [Sensors.cc:506] Configuring Sensors system
(2023-10-18T21:04:26.473402016) (2023-10-18T21:04:26.473410320) [Dbg] [Sensors.cc:425] SensorsPrivate::Run
(2023-10-18T21:04:26.473496456) (2023-10-18T21:04:26.473505064) [Dbg] [SystemManager.cc:74] Loaded system [gz::sim::systems::Sensors] for entity [1]
(2023-10-18T21:04:26.477543221) (2023-10-18T21:04:26.477560400) [Dbg] [Sensors.cc:402] SensorsPrivate::RenderThread started
(2023-10-18T21:04:26.477591171) (2023-10-18T21:04:26.477598665) [Dbg] [Sensors.cc:245] Waiting for init
(2023-10-18T21:04:26.481453341) (2023-10-18T21:04:26.481466459) [Msg] Create service on [/world/map/create]
(2023-10-18T21:04:26.481809909) (2023-10-18T21:04:26.481820382) [Msg] Remove service on [/world/map/remove]
(2023-10-18T21:04:26.482107774) (2023-10-18T21:04:26.482117785) [Msg] Pose service on [/world/map/set_pose]
(2023-10-18T21:04:26.482418111) (2023-10-18T21:04:26.482427416) [Msg] Pose service on [/world/map/set_pose_vector]
(2023-10-18T21:04:26.482745816) (2023-10-18T21:04:26.482766399) [Msg] Light configuration service on [/world/map/light_config]
(2023-10-18T21:04:26.483418103) (2023-10-18T21:04:26.483428631) [Msg] Physics service on [/world/map/set_physics]
(2023-10-18T21:04:26.483986407) (2023-10-18T21:04:26.483996665) [Msg] SphericalCoordinates service on [/world/map/set_spherical_coordinates]
(2023-10-18T21:04:26.484220414) (2023-10-18T21:04:26.484229697) [Msg] Enable collision service on [/world/map/enable_collision]
(2023-10-18T21:04:26.484674570) (2023-10-18T21:04:26.484684747) [Msg] Disable collision service on [/world/map/disable_collision]
(2023-10-18T21:04:26.486458332) (2023-10-18T21:04:26.486469068) [Msg] Material service on [/world/map/visual_config]
(2023-10-18T21:04:26.487014683) (2023-10-18T21:04:26.487025694) [Msg] Material service on [/world/map/wheel_slip]
(2023-10-18T21:04:26.487092562) (2023-10-18T21:04:26.487099901) [Dbg] [SystemManager.cc:74] Loaded system [gz::sim::systems::UserCommands] for entity [1]
(2023-10-18T21:04:26.493214873) (2023-10-18T21:04:26.493229254) [Dbg] [SystemManager.cc:74] Loaded system [gz::sim::systems::SceneBroadcaster] for entity [1]
(2023-10-18T21:04:26.494769738) (2023-10-18T21:04:26.494780597) [Dbg] [SystemManager.cc:74] Loaded system [gz::sim::systems::AirPressure] for entity [1]
(2023-10-18T21:04:26.496068104) (2023-10-18T21:04:26.496078699) [Dbg] [SystemManager.cc:74] Loaded system [gz::sim::systems::AirSpeed] for entity [1]
(2023-10-18T21:04:26.500001094) (2023-10-18T21:04:26.500016207) [Dbg] [SystemManager.cc:74] Loaded system [gz::sim::systems::Altimeter] for entity [1]
(2023-10-18T21:04:26.504552030) (2023-10-18T21:04:26.504566038) [Dbg] [SystemManager.cc:74] Loaded system [gz::sim::systems::Imu] for entity [1]
(2023-10-18T21:04:26.505958212) (2023-10-18T21:04:26.505968360) [Dbg] [SystemManager.cc:74] Loaded system [gz::sim::systems::Magnetometer] for entity [1]
(2023-10-18T21:04:26.507223851) (2023-10-18T21:04:26.507234343) [Dbg] [SystemManager.cc:74] Loaded system [gz::sim::systems::NavSat] for entity [1]
(2023-10-18T21:04:26.529060032) (2023-10-18T21:04:26.529070977) [Dbg] [SystemManager.cc:74] Loaded system [gz::sim::systems::JointStatePublisher] for entity [9]
(2023-10-18T21:04:26.530113759) (2023-10-18T21:04:26.530122245) [Msg] OdometryPublisher publishing odometry on [/model/iris/odometry]
(2023-10-18T21:04:26.530310407) (2023-10-18T21:04:26.530317975) [Msg] OdometryPublisher publishing odometry with covariance on [/model/iris/odometry_with_covariance]
(2023-10-18T21:04:26.530458281) (2023-10-18T21:04:26.530468300) [Msg] OdometryPublisher publishing Pose_V (TF) on [/model/iris/pose]
(2023-10-18T21:04:26.530504310) (2023-10-18T21:04:26.530511284) [Dbg] [SystemManager.cc:74] Loaded system [gz::sim::systems::OdometryPublisher] for entity [9]
(2023-10-18T21:04:26.531988034) (2023-10-18T21:04:26.532001671) [Dbg] [SystemManager.cc:74] Loaded system [gz::sim::systems::LiftDrag] for entity [9]
(2023-10-18T21:04:26.532393216) (2023-10-18T21:04:26.532401092) [Dbg] [SystemManager.cc:74] Loaded system [gz::sim::systems::LiftDrag] for entity [9]
(2023-10-18T21:04:26.532680677) (2023-10-18T21:04:26.532687249) [Dbg] [SystemManager.cc:74] Loaded system [gz::sim::systems::LiftDrag] for entity [9]
(2023-10-18T21:04:26.532929070) (2023-10-18T21:04:26.532935380) [Dbg] [SystemManager.cc:74] Loaded system [gz::sim::systems::LiftDrag] for entity [9]
(2023-10-18T21:04:26.533177311) (2023-10-18T21:04:26.533183611) [Dbg] [SystemManager.cc:74] Loaded system [gz::sim::systems::LiftDrag] for entity [9]
(2023-10-18T21:04:26.533401117) (2023-10-18T21:04:26.533407362) [Dbg] [SystemManager.cc:74] Loaded system [gz::sim::systems::LiftDrag] for entity [9]
(2023-10-18T21:04:26.533612822) (2023-10-18T21:04:26.533618953) [Dbg] [SystemManager.cc:74] Loaded system [gz::sim::systems::LiftDrag] for entity [9]
(2023-10-18T21:04:26.533841778) (2023-10-18T21:04:26.533848094) [Dbg] [SystemManager.cc:74] Loaded system [gz::sim::systems::LiftDrag] for entity [9]
(2023-10-18T21:04:26.534873953) (2023-10-18T21:04:26.534883610) [Msg] ApplyJointForce subscribing to Double messages on [/model/iris/joint/rotor_0_joint/cmd_force]
(2023-10-18T21:04:26.534914222) (2023-10-18T21:04:26.534918803) [Dbg] [SystemManager.cc:74] Loaded system [gz::sim::systems::ApplyJointForce] for entity [9]
(2023-10-18T21:04:26.535214327) (2023-10-18T21:04:26.535223228) [Msg] ApplyJointForce subscribing to Double messages on [/model/iris/joint/rotor_1_joint/cmd_force]
(2023-10-18T21:04:26.535247665) (2023-10-18T21:04:26.535252433) [Dbg] [SystemManager.cc:74] Loaded system [gz::sim::systems::ApplyJointForce] for entity [9]
(2023-10-18T21:04:26.535529993) (2023-10-18T21:04:26.535539417) [Msg] ApplyJointForce subscribing to Double messages on [/model/iris/joint/rotor_2_joint/cmd_force]
(2023-10-18T21:04:26.535563121) (2023-10-18T21:04:26.535567789) [Dbg] [SystemManager.cc:74] Loaded system [gz::sim::systems::ApplyJointForce] for entity [9]
(2023-10-18T21:04:26.535862356) (2023-10-18T21:04:26.535873128) [Msg] ApplyJointForce subscribing to Double messages on [/model/iris/joint/rotor_3_joint/cmd_force]
(2023-10-18T21:04:26.535897212) (2023-10-18T21:04:26.535901907) [Dbg] [SystemManager.cc:74] Loaded system [gz::sim::systems::ApplyJointForce] for entity [9]
(2023-10-18T21:04:26.537551242) (2023-10-18T21:04:26.537567270) [Msg] JointPositionController subscribing to Double messages on [/gimbal/cmd_roll]
(2023-10-18T21:04:26.537599913) (2023-10-18T21:04:26.537604459) [Dbg] [JointPositionController.cc:302] [JointPositionController] system parameters:
(2023-10-18T21:04:26.537618171) (2023-10-18T21:04:26.537622365) [Dbg] [JointPositionController.cc:303] p_gain: [2]
(2023-10-18T21:04:26.537652256) (2023-10-18T21:04:26.537656831) [Dbg] [JointPositionController.cc:304] i_gain: [0.1]
(2023-10-18T21:04:26.537674774) (2023-10-18T21:04:26.537678980) [Dbg] [JointPositionController.cc:305] d_gain: [0.01]
(2023-10-18T21:04:26.537696870) (2023-10-18T21:04:26.537701146) [Dbg] [JointPositionController.cc:306] i_max: [1]
(2023-10-18T21:04:26.537718550) (2023-10-18T21:04:26.537723413) [Dbg] [JointPositionController.cc:307] i_min: [-1]
(2023-10-18T21:04:26.537740193) (2023-10-18T21:04:26.537744392) [Dbg] [JointPositionController.cc:308] cmd_max: [1000]
(2023-10-18T21:04:26.537762008) (2023-10-18T21:04:26.537766696) [Dbg] [JointPositionController.cc:309] cmd_min: [-1000]
(2023-10-18T21:04:26.537816601) (2023-10-18T21:04:26.537821621) [Dbg] [JointPositionController.cc:310] cmd_offset: [0]
(2023-10-18T21:04:26.537861176) (2023-10-18T21:04:26.537867988) [Dbg] [JointPositionController.cc:311] Topic: [/gimbal/cmd_roll]
(2023-10-18T21:04:26.537893540) (2023-10-18T21:04:26.537900286) [Dbg] [JointPositionController.cc:312] initial_position: [0]
(2023-10-18T21:04:26.538043841) (2023-10-18T21:04:26.538053077) [Dbg] [SystemManager.cc:74] Loaded system [gz::sim::systems::JointPositionController] for entity [9]
(2023-10-18T21:04:26.539204875) (2023-10-18T21:04:26.539221191) [Msg] JointPositionController subscribing to Double messages on [/gimbal/cmd_tilt]
(2023-10-18T21:04:26.539261033) (2023-10-18T21:04:26.539270120) [Dbg] [JointPositionController.cc:302] [JointPositionController] system parameters:
(2023-10-18T21:04:26.539294636) (2023-10-18T21:04:26.539302031) [Dbg] [JointPositionController.cc:303] p_gain: [2]
(2023-10-18T21:04:26.539377594) (2023-10-18T21:04:26.539386926) [Dbg] [JointPositionController.cc:304] i_gain: [0.1]
(2023-10-18T21:04:26.539421397) (2023-10-18T21:04:26.539429737) [Dbg] [JointPositionController.cc:305] d_gain: [0.01]
(2023-10-18T21:04:26.539462323) (2023-10-18T21:04:26.539470160) [Dbg] [JointPositionController.cc:306] i_max: [1]
(2023-10-18T21:04:26.539501488) (2023-10-18T21:04:26.539509655) [Dbg] [JointPositionController.cc:307] i_min: [-1]
(2023-10-18T21:04:26.539541763) (2023-10-18T21:04:26.539549392) [Dbg] [JointPositionController.cc:308] cmd_max: [1000]
(2023-10-18T21:04:26.539588413) (2023-10-18T21:04:26.539600548) [Dbg] [JointPositionController.cc:309] cmd_min: [-1000]
(2023-10-18T21:04:26.539632326) (2023-10-18T21:04:26.539640301) [Dbg] [JointPositionController.cc:310] cmd_offset: [0]
(2023-10-18T21:04:26.539671500) (2023-10-18T21:04:26.539679252) [Dbg] [JointPositionController.cc:311] Topic: [/gimbal/cmd_tilt]
(2023-10-18T21:04:26.539710328) (2023-10-18T21:04:26.539718504) [Dbg] [JointPositionController.cc:312] initial_position: [0]
(2023-10-18T21:04:26.539774178) (2023-10-18T21:04:26.539783353) [Dbg] [SystemManager.cc:74] Loaded system [gz::sim::systems::JointPositionController] for entity [9]
(2023-10-18T21:04:26.541326228) (2023-10-18T21:04:26.541342700) [Msg] LinearBatteryPlugin configured. Battery name: lipo_3500mAh
(2023-10-18T21:04:26.541382507) (2023-10-18T21:04:26.541390451) [Dbg] [LinearBatteryPlugin.cc:405] Battery initial voltage: 12.6
(2023-10-18T21:04:26.541926912) (2023-10-18T21:04:26.541940849) [Dbg] [SystemManager.cc:74] Loaded system [gz::sim::systems::LinearBatteryPlugin] for entity [9]
(2023-10-18T21:04:26.550613847) (2023-10-18T21:04:26.550643846) [Msg] [iris] Advertising on /gimbal/cmd_roll.
(2023-10-18T21:04:26.551081704) (2023-10-18T21:04:26.551089818) [Msg] [iris] Advertising on /gimbal/cmd_tilt.
(2023-10-18T21:04:26.551610289) [iris] flight dynamics model @ 127.0.0.1:9002
(2023-10-18T21:04:26.551832424) [iris] ArduPilot ready to fly. The force will be with you
(2023-10-18T21:04:26.551905813) (2023-10-18T21:04:26.551910637) [Dbg] [SystemManager.cc:74] Loaded system [ArduPilotPlugin] for entity [9]
(2023-10-18T21:04:26.553374466) (2023-10-18T21:04:26.553384234) [Msg] Loaded level [3]
(2023-10-18T21:04:26.557066810) (2023-10-18T21:04:26.557080821) [Msg] Serving world controls on [/world/map/control], [/world/map/control/state] and [/world/map/playback/control]
(2023-10-18T21:04:26.557218904) (2023-10-18T21:04:26.557228939) [Msg] Serving GUI information on [/world/map/gui/info]
(2023-10-18T21:04:26.557254773) (2023-10-18T21:04:26.557259181) [Msg] World [map] initialized with [1ms] physics profile.
(2023-10-18T21:04:26.557402189) (2023-10-18T21:04:26.557412106) [Msg] Serving world SDF generation service on [/world/map/generate_world_sdf]
(2023-10-18T21:04:26.557526025) (2023-10-18T21:04:26.557536506) [Msg] Serving world names on [/gazebo/worlds]
(2023-10-18T21:04:26.557647552) (2023-10-18T21:04:26.557657173) [Msg] Resource path add service on [/gazebo/resource_paths/add].
(2023-10-18T21:04:26.557726799) (2023-10-18T21:04:26.557746498) [Msg] Resource path get service on [/gazebo/resource_paths/get].
(2023-10-18T21:04:26.557811094) (2023-10-18T21:04:26.557820615) [Msg] Resource path resolve service on [/gazebo/resource_paths/resolve].
(2023-10-18T21:04:26.557897119) (2023-10-18T21:04:26.557906283) [Msg] Resource paths published on [/gazebo/resource_paths].
(2023-10-18T21:04:26.558051613) (2023-10-18T21:04:26.558061156) [Msg] Server control service on [/server_control].
(2023-10-18T21:04:28.10219881) (2023-10-18T21:04:28.10257659) [Wrn] [SimulationRunner.cc:676] Found additional publishers on /stats, using namespaced stats topic only
(2023-10-18T21:04:28.10318040) (2023-10-18T21:04:28.10327601) [Dbg] [SimulationRunner.cc:678] Publishers [Address, Message Type]:
(2023-10-18T21:04:28.10347549) (2023-10-18T21:04:28.10355865) [Dbg] [SimulationRunner.cc:683]   tcp://172.28.247.27:38569, gz.msgs.WorldStatistics
(2023-10-18T21:04:28.10582849) (2023-10-18T21:04:28.10593670) [Wrn] [SimulationRunner.cc:709] Found additional publishers on /clock, using namespaced clock topic only
(2023-10-18T21:04:28.10654466) (2023-10-18T21:04:28.10663038) [Dbg] [SimulationRunner.cc:711] Publishers [Address, Message Type]:
(2023-10-18T21:04:28.10681869) (2023-10-18T21:04:28.10689891) [Dbg] [SimulationRunner.cc:716]   tcp://172.28.247.27:38569, gz.msgs.Clock
(2023-10-18T21:04:28.11003011) (2023-10-18T21:04:28.11011514) [Dbg] [SimulationRunner.cc:503] Creating PostUpdate worker threads: 13
(2023-10-18T21:04:28.11036796) (2023-10-18T21:04:28.11041565) [Dbg] [SimulationRunner.cc:514] Creating postupdate worker thread (0)
(2023-10-18T21:04:28.11138128) (2023-10-18T21:04:28.11144245) [Dbg] [SimulationRunner.cc:514] Creating postupdate worker thread (1)
(2023-10-18T21:04:28.11213722) (2023-10-18T21:04:28.11219884) [Dbg] [SimulationRunner.cc:514] Creating postupdate worker thread (2)
(2023-10-18T21:04:28.11349826) (2023-10-18T21:04:28.11356120) [Dbg] [SimulationRunner.cc:514] Creating postupdate worker thread (3)
(2023-10-18T21:04:28.11402420) (2023-10-18T21:04:28.11430894) [Dbg] [SimulationRunner.cc:514] Creating postupdate worker thread (4)
(2023-10-18T21:04:28.11490787) (2023-10-18T21:04:28.11496557) [Dbg] [SimulationRunner.cc:514] Creating postupdate worker thread (5)
(2023-10-18T21:04:28.11541991) (2023-10-18T21:04:28.11547706) [Dbg] [SimulationRunner.cc:514] Creating postupdate worker thread (6)
(2023-10-18T21:04:28.11599847) (2023-10-18T21:04:28.11605405) [Dbg] [SimulationRunner.cc:514] Creating postupdate worker thread (7)
(2023-10-18T21:04:28.11647499) (2023-10-18T21:04:28.11653010) [Dbg] [SimulationRunner.cc:514] Creating postupdate worker thread (8)
(2023-10-18T21:04:28.11693705) (2023-10-18T21:04:28.11699237) [Dbg] [SimulationRunner.cc:514] Creating postupdate worker thread (9)
(2023-10-18T21:04:28.11741770) (2023-10-18T21:04:28.11747349) [Dbg] [SimulationRunner.cc:514] Creating postupdate worker thread (10)
(2023-10-18T21:04:28.11808535) (2023-10-18T21:04:28.11814779) [Dbg] [SimulationRunner.cc:514] Creating postupdate worker thread (11)
(2023-10-18T21:04:28.12850939) (2023-10-18T21:04:28.12858889) [Dbg] [JointPositionController.cc:361] Identified joint [roll_joint] as Entity [53]
(2023-10-18T21:04:28.12895055) (2023-10-18T21:04:28.12899988) [Dbg] [JointPositionController.cc:361] Identified joint [tilt_joint] as Entity [54]
(2023-10-18T21:04:28.12974394) (2023-10-18T21:04:28.12980016) [Msg] Found IMU sensor with name [imu_link::imu_sensor]
(2023-10-18T21:04:28.13009736) (2023-10-18T21:04:28.13014539) [Dbg] [ArduPilotPlugin.cc:1154] Computed IMU topic to be: world/map/model/iris/link/imu_link/sensor/imu_sensor/imu
(2023-10-18T21:04:28.17803491) (2023-10-18T21:04:28.17815334) [Dbg] [SDFFeatures.cc:328] Mesh construction from an SDF has not been implemented yet for dartsim. Use AttachMeshShapeFeature to use mesh shapes.
(2023-10-18T21:04:28.17836290) (2023-10-18T21:04:28.17843564) [Err] [SDFFeatures.cc:843] The geometry element of collision [roll_col] couldn't be created
(2023-10-18T21:04:28.17964786) (2023-10-18T21:04:28.17974508) [Dbg] [SDFFeatures.cc:328] Mesh construction from an SDF has not been implemented yet for dartsim. Use AttachMeshShapeFeature to use mesh shapes.
(2023-10-18T21:04:28.18008222) (2023-10-18T21:04:28.18013023) [Err] [SDFFeatures.cc:843] The geometry element of collision [tilt_col] couldn't be created
(2023-10-18T21:04:28.460591949) (2023-10-18T21:04:28.460619960) [Dbg] [Sensors.cc:659] Initialization needed
(2023-10-18T21:04:28.460681688) (2023-10-18T21:04:28.460692824) [Dbg] [Sensors.cc:257] Initializing render context
(2023-10-18T21:04:28.460848372) (2023-10-18T21:04:28.460857500) [Msg] Loading plugin [gz-rendering-ogre2]
(2023-10-18T21:04:28.461413757) (2023-10-18T21:04:28.461425728) [Dbg] [AirSpeedSensor.cc:125] Air speed for [iris::base_link::air_speed_sensor] advertised on [world/map/model/iris/link/base_link/sensor/air_speed_sensor/air_speed]
(2023-10-18T21:04:28.461536157) (2023-10-18T21:04:28.461548106) [Msg] Serving scene information on [/world/map/scene/info](2023-10-18T21:04:28.461592590) (2023-10-18T21:04:28.461606231) [Dbg] [MagnetometerSensor.cc:117] Magnetometer data for [iris::base_link::magnetometer_sensor] advertised on [world/map/model/iris/link/base_link/sensor/magnetometer_sensor/magnetometer]
(2023-10-18T21:04:28.461772996) (2023-10-18T21:04:28.461784156) [Msg] Serving graph information on [/world/map/scene/graph]
(2023-10-18T21:04:28.461852731) (2023-10-18T21:04:28.461864171) [Dbg] [ImuSensor.cc:149] IMU data for [iris::imu_link::imu_sensor] advertised on [world/map/model/iris/link/imu_link/sensor/imu_sensor/imu]
(2023-10-18T21:04:28.462034019) (2023-10-18T21:04:28.462045372) [Msg] ((2023-10-18T21:04:28.462061169) ) /world/map/state]
(2023-10-18T21:04:28.462106568) [Dbg] [AirPressureSensor.cc:126] Air pressure for [iris::base_link::air_pressure_sensor] advertised on [world/map/model/iris/link/base_link/sensor/air_pressure_sensor/air_pressure]
(2023-10-18T21:04:28.462166988) (2023-10-18T21:04:28.462176414) [Msg] Serving full state (async) on [/world/map/state_async]
(2023-10-18T21:04:28.462653587) (2023-10-18T21:04:28.462662808) [Msg] Publishing scene information on [/world/map/scene/info]
((2023-10-18T21:04:28.462786093) (2023-10-18T21:04:28.462797578) [Dbg] [AltimeterSensor.cc:114] Altimeter data for [2023-10-18T21:04:28.462775524) iris::base_link::altimeter_sensor(2023-10-18T21:04:28.462826753) [Msg] Publishing entity deletions on [/world/map/scene/deletion]
] advertised on [world/map/model/iris/link/base_link/sensor/altimeter_sensor/altimeter]
(2023-10-18T21:04:28.462921174) (2023-10-18T21:04:28.462930600) [Msg] Publishing state changes on [/world/map/state]
(2023-10-18T21:04:28.463100118) (2023-10-18T21:04:28.463113127) [Msg] Publishing pose messages on [/world/map/pose/info]
(2023-10-18T21:04:28.463233717) (2023-10-18T21:04:28.463245896) [Msg] Publishing dynamic pose messages on [/world/map/dynamic_pose/info]
(2023-10-18T21:04:28.463883697) (2023-10-18T21:04:28.463892835) [Wrn] [Component.hh:144] Trying to serialize component with data type [St6vectorIdSaIdEE], which doesn't have `operator<<`. Component will not be serialized.
(2023-10-18T21:04:28.464552567) (2023-10-18T21:04:28.464561356) [Wrn] [Model.hh:69] Skipping serialization / deserialization for models with //pose/@relative_to attribute.
(2023-10-18T21:04:28.464862169) (2023-10-18T21:04:28.464870942) [Wrn] [Component.hh:144] Trying to serialize component with data type [N3sdf3v135WorldE], which doesn't have `operator<<`. Component will not be serialized.
(2023-10-18T21:04:28.466367325) (2023-10-18T21:04:28.466387153) [Wrn] [ArduPilotPlugin.cc:1436] [iris] Drained n packets: 29
(2023-10-18T21:04:28.466516190) [iris] Connected to ArduPilot controller @ 127.0.0.1:42859
(2023-10-18T21:04:28.466547699) (2023-10-18T21:04:28.466556648) [Wrn] [ArduPilotPlugin.cc:1583] ArduPilot controller has reset
(2023-10-18T21:04:28.467384112) (2023-10-18T21:04:28.467400876) [Dbg] [LinearBatteryPlugin.cc:574] [Battery Plugin] Battery drain: 0 minutes passed.
(2023-10-18T21:04:28.655498118) (2023-10-18T21:04:28.655504986) [Dbg] [RenderUtil.cc:2720] Create scene [scene]
((2023-10-18T21:04:28.691442592) (2023-10-18T21:04:28.691460254) 2023-10-18T21:04:28.691423663) ([Dbg] [Sensors.cc:659] 2023-10-18T21:04:28.691482849) Initialization needed
[Dbg] [Sensors.cc:277] Rendering Thread initialized
(2023-10-18T21:04:28.692662777) (2023-10-18T21:04:28.692672837) [Wrn] [ArduPilotPlugin.cc:1436] [iris] Drained n packets: 4
(2023-10-18T21:04:28.692725705) (2023-10-18T21:04:28.692734535) [Wrn] [ArduPilotPlugin.cc:1604] Missed 5 input frames
(2023-10-18T21:04:30.461868973) (2023-10-18T21:04:30.461887626) [Dbg] [CameraSensor.cc:458] Camera images for [iris::tilt_link::camera] advertised on [world/map/model/iris/link/tilt_link/sensor/camera/image]
(2023-10-18T21:04:30.462082863) (2023-10-18T21:04:30.462093771) [Dbg] [CameraSensor.cc:786] Camera info for [iris::tilt_link::camera] advertised on [/world/map/model/iris/link/tilt_link/sensor/camera/camera_info]
(2023-10-18T21:04:30.462694084) (2023-10-18T21:04:30.462711170) [Wrn] [Ogre2Camera.cc:412] Ogre2Camera::SetVisibilityMask: Mask bits c0000000 are set but will be ignored as they conflict with the reserved bits used internally by the ogre2 backend.
(2023-10-18T21:04:30.572306009) (2023-10-18T21:04:30.572348660) [Dbg] [CameraSensor.cc:583] Enabling camera sensor: 'iris::tilt_link::camera' data generation.
(2023-10-18T21:04:30.738700547) (2023-10-18T21:04:30.738719675) [Wrn] [ArduPilotPlugin.cc:1436] [iris] Drained n packets: 33
(2023-10-18T21:04:30.738783900) (2023-10-18T21:04:30.738793604) [Wrn] [ArduPilotPlugin.cc:1604] Missed 34 input frames
(2023-10-18T21:04:30.753901096) (2023-10-18T21:04:30.753924139) [Wrn] [ArduPilotPlugin.cc:1436] [iris] Drained n packets: 1
(2023-10-18T21:04:30.753992010) (2023-10-18T21:04:30.753999057) [Wrn] [ArduPilotPlugin.cc:1604] Missed 2 input frames
(2023-10-18T21:04:30.814385054) (2023-10-18T21:04:30.814402654) [Wrn] [ArduPilotPlugin.cc:1436] [iris] Drained n packets: 1
(2023-10-18T21:04:30.814470021) (2023-10-18T21:04:30.814478806) [Wrn] [ArduPilotPlugin.cc:1604] Missed 2 input frames
(2023-10-18T21:04:30.933443439) (2023-10-18T21:04:30.933460462) [Wrn] [ArduPilotPlugin.cc:1436] [iris] Drained n packets: 1
(2023-10-18T21:04:30.933519715) (2023-10-18T21:04:30.933525827) [Wrn] [ArduPilotPlugin.cc:1604] Missed 2 input frames
(2023-10-18T21:04:30.935821075) (2023-10-18T21:04:30.935847083) [Wrn] [ArduPilotPlugin.cc:1436] [iris] Drained n packets: 1
(2023-10-18T21:04:30.935947478) (2023-10-18T21:04:30.935956107) [Wrn] [ArduPilotPlugin.cc:1604] Missed 2 input frames
(2023-10-18T21:04:30.996197414) (2023-10-18T21:04:30.996209479) [Wrn] [ArduPilotPlugin.cc:1436] [iris] Drained n packets: 1
(2023-10-18T21:04:30.996252048) (2023-10-18T21:04:30.996257464) [Wrn] [ArduPilotPlugin.cc:1604] Missed 2 input frames
(2023-10-18T21:04:31.137893270) (2023-10-18T21:04:31.137935288) [Wrn] [ArduPilotPlugin.cc:1436] [iris] Drained n packets: 2
(2023-10-18T21:04:31.138027489) (2023-10-18T21:04:31.138034514) [Wrn] [ArduPilotPlugin.cc:1604] Missed 3 input frames
(2023-10-18T21:04:31.179037922) (2023-10-18T21:04:31.179053065) [Wrn] [ArduPilotPlugin.cc:1436] [iris] Drained n packets: 1
(2023-10-18T21:04:31.179100050) (2023-10-18T21:04:31.179106428) [Wrn] [ArduPilotPlugin.cc:1604] Missed 2 input frames
(2023-10-18T21:04:31.238671978) (2023-10-18T21:04:31.238683891) [Wrn] [ArduPilotPlugin.cc:1436] [iris] Drained n packets: 1
(2023-10-18T21:04:31.238728299) (2023-10-18T21:04:31.238733796) [Wrn] [ArduPilotPlugin.cc:1604] Missed 2 input frames
(2023-10-18T21:04:31.299980082) (2023-10-18T21:04:31.300004969) [Wrn] [ArduPilotPlugin.cc:1436] [iris] Drained n packets: 1
(2023-10-18T21:04:31.300073782) (2023-10-18T21:04:31.300080290) [Wrn] [ArduPilotPlugin.cc:1604] Missed 2 input frames
(2023-10-18T21:04:31.360161495) (2023-10-18T21:04:31.360185467) [Wrn] [ArduPilotPlugin.cc:1436] [iris] Drained n packets: 1
(2023-10-18T21:04:31.360258556) (2023-10-18T21:04:31.360268821) [Wrn] [ArduPilotPlugin.cc:1604] Missed 2 input frames
(2023-10-18T21:04:31.447811377) (2023-10-18T21:04:31.447832699) [Wrn] [ArduPilotPlugin.cc:1436] [iris] Drained n packets: 1
(2023-10-18T21:04:31.447953921) (2023-10-18T21:04:31.447961547) [Wrn] [ArduPilotPlugin.cc:1604] Missed 2 input frames
(2023-10-18T21:04:31.481009587) (2023-10-18T21:04:31.481028829) [Wrn] [ArduPilotPlugin.cc:1436] [iris] Drained n packets: 1
(2023-10-18T21:04:31.481110998) (2023-10-18T21:04:31.481119823) [Wrn] [ArduPilotPlugin.cc:1604] Missed 2 input frames
(2023-10-18T21:04:31.541172784) (2023-10-18T21:04:31.541183528) [Wrn] [ArduPilotPlugin.cc:1436] [iris] Drained n packets: 1
(2023-10-18T21:04:31.541220770) (2023-10-18T21:04:31.541226028) [Wrn] [ArduPilotPlugin.cc:1604] Missed 2 input frames
(2023-10-18T21:04:31.602073617) (2023-10-18T21:04:31.602086146) [Wrn] [ArduPilotPlugin.cc:1436] [iris] Drained n packets: 1
(2023-10-18T21:04:31.602136496) (2023-10-18T21:04:31.602142840) [Wrn] [ArduPilotPlugin.cc:1604] Missed 2 input frames
(2023-10-18T21:04:31.662637976) (2023-10-18T21:04:31.662657987) [Wrn] [ArduPilotPlugin.cc:1436] [iris] Drained n packets: 1
(2023-10-18T21:04:31.662724797) (2023-10-18T21:04:31.662732914) [Wrn] [ArduPilotPlugin.cc:1604] Missed 2 input frames
(2023-10-18T21:04:31.734620138) (2023-10-18T21:04:31.734646029) [Wrn] [ArduPilotPlugin.cc:1436] [iris] Drained n packets: 1
(2023-10-18T21:04:31.734710413) (2023-10-18T21:04:31.734718171) [Wrn] [ArduPilotPlugin.cc:1604] Missed 2 input frames
(2023-10-18T21:04:31.784022932) (2023-10-18T21:04:31.784037679) [Wrn] [ArduPilotPlugin.cc:1436] [iris] Drained n packets: 1
(2023-10-18T21:04:31.784093213) (2023-10-18T21:04:31.784099006) [Wrn] [ArduPilotPlugin.cc:1604] Missed 2 input frames
(2023-10-18T21:04:31.884970686) (2023-10-18T21:04:31.884995698) [Wrn] [ArduPilotPlugin.cc:1436] [iris] Drained n packets: 1
(2023-10-18T21:04:31.885110801) (2023-10-18T21:04:31.885121771) [Wrn] [ArduPilotPlugin.cc:1604] Missed 2 input frames
(2023-10-18T21:04:31.905757589) (2023-10-18T21:04:31.905775180) [Wrn] [ArduPilotPlugin.cc:1436] [iris] Drained n packets: 1
(2023-10-18T21:04:31.905847875) (2023-10-18T21:04:31.905859291) [Wrn] [ArduPilotPlugin.cc:1604] Missed 2 input frames
(2023-10-18T21:04:31.967114147) (2023-10-18T21:04:31.967133584) [Wrn] [ArduPilotPlugin.cc:1436] [iris] Drained n packets: 1
(2023-10-18T21:04:31.967201347) (2023-10-18T21:04:31.967211877) [Wrn] [ArduPilotPlugin.cc:1604] Missed 2 input frames
(2023-10-18T21:04:32.60617469) (2023-10-18T21:04:32.60633510) [Wrn] [ArduPilotPlugin.cc:1436] [iris] Drained n packets: 1
(2023-10-18T21:04:32.60691526) (2023-10-18T21:04:32.60697591) [Wrn] [ArduPilotPlugin.cc:1604] Missed 2 input frames
(2023-10-18T21:04:32.87855942) (2023-10-18T21:04:32.87876634) [Wrn] [ArduPilotPlugin.cc:1436] [iris] Drained n packets: 1
(2023-10-18T21:04:32.87934449) (2023-10-18T21:04:32.87941740) [Wrn] [ArduPilotPlugin.cc:1604] Missed 2 input frames
(2023-10-18T21:04:32.149804977) (2023-10-18T21:04:32.149843201) [Wrn] [ArduPilotPlugin.cc:1436] [iris] Drained n packets: 1
(2023-10-18T21:04:32.149912609) (2023-10-18T21:04:32.149921000) [Wrn] [ArduPilotPlugin.cc:1604] Missed 2 input frames
(2023-10-18T21:04:32.231590949) (2023-10-18T21:04:32.231637465) [Wrn] [ArduPilotPlugin.cc:1436] [iris] Drained n packets: 1
(2023-10-18T21:04:32.231761429) (2023-10-18T21:04:32.231771411) [Wrn] [ArduPilotPlugin.cc:1604] Missed 2 input frames
(2023-10-18T21:04:32.268489048) (2023-10-18T21:04:32.268502950) [Wrn] [ArduPilotPlugin.cc:1436] [iris] Drained n packets: 1
(2023-10-18T21:04:32.268554389) (2023-10-18T21:04:32.268560926) [Wrn] [ArduPilotPlugin.cc:1604] Missed 2 input frames
(2023-10-18T21:04:32.329577182) (2023-10-18T21:04:32.329594048) [Wrn] [ArduPilotPlugin.cc:1436] [iris] Drained n packets: 1
(2023-10-18T21:04:32.329646945) (2023-10-18T21:04:32.329653197) [Wrn] [ArduPilotPlugin.cc:1604] Missed 2 input frames
(2023-10-18T21:04:32.392888130) (2023-10-18T21:04:32.392924586) [Wrn] [ArduPilotPlugin.cc:1436] [iris] Drained n packets: 1
(2023-10-18T21:04:32.393013145) (2023-10-18T21:04:32.393023719) [Wrn] [ArduPilotPlugin.cc:1604] Missed 2 input frames
(2023-10-18T21:04:32.450851592) (2023-10-18T21:04:32.450865655) [Wrn] [ArduPilotPlugin.cc:1436] [iris] Drained n packets: 1
(2023-10-18T21:04:32.450941636) (2023-10-18T21:04:32.450948166) [Wrn] [ArduPilotPlugin.cc:1604] Missed 2 input frames
(2023-10-18T21:04:32.522757254) (2023-10-18T21:04:32.522773351) [Wrn] [ArduPilotPlugin.cc:1436] [iris] Drained n packets: 1
(2023-10-18T21:04:32.522821722) (2023-10-18T21:04:32.522827413) [Wrn] [ArduPilotPlugin.cc:1604] Missed 2 input frames
(2023-10-18T21:04:32.572215344) (2023-10-18T21:04:32.572227614) [Wrn] [ArduPilotPlugin.cc:1436] [iris] Drained n packets: 1
(2023-10-18T21:04:32.572270087) (2023-10-18T21:04:32.572275856) [Wrn] [ArduPilotPlugin.cc:1604] Missed 2 input frames
(2023-10-18T21:04:32.667443121) (2023-10-18T21:04:32.667478203) [Wrn] [ArduPilotPlugin.cc:1436] [iris] Drained n packets: 1
(2023-10-18T21:04:32.667568462) (2023-10-18T21:04:32.667576203) [Wrn] [ArduPilotPlugin.cc:1604] Missed 2 input frames
(2023-10-18T21:04:32.692600031) (2023-10-18T21:04:32.692612189) [Wrn] [ArduPilotPlugin.cc:1436] [iris] Drained n packets: 1
(2023-10-18T21:04:32.692668919) (2023-10-18T21:04:32.692677880) [Wrn] [ArduPilotPlugin.cc:1604] Missed 2 input frames
(2023-10-18T21:04:32.753343442) (2023-10-18T21:04:32.753354848) [Wrn] [ArduPilotPlugin.cc:1436] [iris] Drained n packets: 1
(2023-10-18T21:04:32.753397297) (2023-10-18T21:04:32.753402760) [Wrn] [ArduPilotPlugin.cc:1604] Missed 2 input frames
(2023-10-18T21:04:32.816488825) (2023-10-18T21:04:32.816542039) [Wrn] [ArduPilotPlugin.cc:1436] [iris] Drained n packets: 1
(2023-10-18T21:04:32.816826080) (2023-10-18T21:04:32.816859797) [Wrn] [ArduPilotPlugin.cc:1604] Missed 2 input frames
(2023-10-18T21:04:32.880479599) (2023-10-18T21:04:32.880561097) [Wrn] [ArduPilotPlugin.cc:1436] [iris] Drained n packets: 1
(2023-10-18T21:04:32.880788190) (2023-10-18T21:04:32.880829995) [Wrn] [ArduPilotPlugin.cc:1604] Missed 2 input frames
(2023-10-18T21:04:32.936868442) (2023-10-18T21:04:32.936898013) [Wrn] [ArduPilotPlugin.cc:1436] [iris] Drained n packets: 1
(2023-10-18T21:04:32.937013117) (2023-10-18T21:04:32.937031498) [Wrn] [ArduPilotPlugin.cc:1604] Missed 2 input frames
(2023-10-18T21:04:32.997597824) (2023-10-18T21:04:32.997616748) [Wrn] [ArduPilotPlugin.cc:1436] [iris] Drained n packets: 1
(2023-10-18T21:04:32.997689046) (2023-10-18T21:04:32.997699726) [Wrn] [ArduPilotPlugin.cc:1604] Missed 2 input frames
(2023-10-18T21:04:33.58030641) (2023-10-18T21:04:33.58046001) [Wrn] [ArduPilotPlugin.cc:1436] [iris] Drained n packets: 1
(2023-10-18T21:04:33.58093601) (2023-10-18T21:04:33.58099845) [Wrn] [ArduPilotPlugin.cc:1604] Missed 2 input frames
(2023-10-18T21:04:33.120064953) (2023-10-18T21:04:33.120082111) [Wrn] [ArduPilotPlugin.cc:1436] [iris] Drained n packets: 1
(2023-10-18T21:04:33.120148001) (2023-10-18T21:04:33.120158101) [Wrn] [ArduPilotPlugin.cc:1604] Missed 2 input frames
(2023-10-18T21:04:33.180175007) (2023-10-18T21:04:33.180195729) [Wrn] [ArduPilotPlugin.cc:1436] [iris] Drained n packets: 1
(2023-10-18T21:04:33.180256946) (2023-10-18T21:04:33.180266863) [Wrn] [ArduPilotPlugin.cc:1604] Missed 2 input frames
(2023-10-18T21:04:33.239528483) (2023-10-18T21:04:33.239544417) [Wrn] [ArduPilotPlugin.cc:1436] [iris] Drained n packets: 1
(2023-10-18T21:04:33.239609026) (2023-10-18T21:04:33.239617563) [Wrn] [ArduPilotPlugin.cc:1604] Missed 2 input frames
(2023-10-18T21:04:33.334703667) (2023-10-18T21:04:33.334731444) [Wrn] [ArduPilotPlugin.cc:1436] [iris] Drained n packets: 1
(2023-10-18T21:04:33.334842980) (2023-10-18T21:04:33.334858206) [Wrn] [ArduPilotPlugin.cc:1604] Missed 2 input frames
(2023-10-18T21:04:33.361083936) (2023-10-18T21:04:33.361095980) [Wrn] [ArduPilotPlugin.cc:1436] [iris] Drained n packets: 1
(2023-10-18T21:04:33.361150954) (2023-10-18T21:04:33.361160012) [Wrn] [ArduPilotPlugin.cc:1604] Missed 2 input frames
(2023-10-18T21:04:33.421610619) (2023-10-18T21:04:33.421625155) [Wrn] [ArduPilotPlugin.cc:1436] [iris] Drained n packets: 1
(2023-10-18T21:04:33.421682896) (2023-10-18T21:04:33.421689302) [Wrn] [ArduPilotPlugin.cc:1604] Missed 2 input frames
(2023-10-18T21:04:33.483788611) (2023-10-18T21:04:33.483828956) [Wrn] [ArduPilotPlugin.cc:1436] [iris] Drained n packets: 1
(2023-10-18T21:04:33.483988070) (2023-10-18T21:04:33.483997182) [Wrn] [ArduPilotPlugin.cc:1604] Missed 2 input frames
(2023-10-18T21:04:33.542743306) (2023-10-18T21:04:33.542757464) [Wrn] [ArduPilotPlugin.cc:1436] [iris] Drained n packets: 1
(2023-10-18T21:04:33.542801590) (2023-10-18T21:04:33.542807388) [Wrn] [ArduPilotPlugin.cc:1604] Missed 2 input frames
(2023-10-18T21:04:33.636736837) (2023-10-18T21:04:33.636757641) [Wrn] [ArduPilotPlugin.cc:1436] [iris] Drained n packets: 1
(2023-10-18T21:04:33.636845561) (2023-10-18T21:04:33.636852597) [Wrn] [ArduPilotPlugin.cc:1604] Missed 2 input frames
(2023-10-18T21:04:33.664600688) (2023-10-18T21:04:33.664616589) [Wrn] [ArduPilotPlugin.cc:1436] [iris] Drained n packets: 1
(2023-10-18T21:04:33.664704483) (2023-10-18T21:04:33.664712354) [Wrn] [ArduPilotPlugin.cc:1604] Missed 2 input frames
(2023-10-18T21:04:33.724708601) (2023-10-18T21:04:33.724719864) [Wrn] [ArduPilotPlugin.cc:1436] [iris] Drained n packets: 1
(2023-10-18T21:04:33.724760656) (2023-10-18T21:04:33.724766102) [Wrn] [ArduPilotPlugin.cc:1604] Missed 2 input frames
(2023-10-18T21:04:33.787963797) (2023-10-18T21:04:33.787979595) [Wrn] [ArduPilotPlugin.cc:1436] [iris] Drained n packets: 1
(2023-10-18T21:04:33.788086410) (2023-10-18T21:04:33.788094566) [Wrn] [ArduPilotPlugin.cc:1604] Missed 2 input frames
(2023-10-18T21:04:33.845793744) (2023-10-18T21:04:33.845805543) [Wrn] [ArduPilotPlugin.cc:1436] [iris] Drained n packets: 1
(2023-10-18T21:04:33.845851941) (2023-10-18T21:04:33.845857758) [Wrn] [ArduPilotPlugin.cc:1604] Missed 2 input frames
(2023-10-18T21:04:33.929877205) (2023-10-18T21:04:33.929905536) [Wrn] [ArduPilotPlugin.cc:1436] [iris] Drained n packets: 1
(2023-10-18T21:04:33.930049365) (2023-10-18T21:04:33.930062000) [Wrn] [ArduPilotPlugin.cc:1604] Missed 2 input frames
(2023-10-18T21:04:33.966916935) (2023-10-18T21:04:33.966937403) [Wrn] [ArduPilotPlugin.cc:1436] [iris] Drained n packets: 1
(2023-10-18T21:04:33.967007274) (2023-10-18T21:04:33.967017685) [Wrn] [ArduPilotPlugin.cc:1604] Missed 2 input frames
(2023-10-18T21:04:34.27767482) (2023-10-18T21:04:34.27779587) [Wrn] [ArduPilotPlugin.cc:1436] [iris] Drained n packets: 1
(2023-10-18T21:04:34.27821380) (2023-10-18T21:04:34.27826863) [Wrn] [ArduPilotPlugin.cc:1604] Missed 2 input frames
(2023-10-18T21:04:34.88173293) (2023-10-18T21:04:34.88191293) [Wrn] [ArduPilotPlugin.cc:1436] [iris] Drained n packets: 1
(2023-10-18T21:04:34.88263763) (2023-10-18T21:04:34.88270718) [Wrn] [ArduPilotPlugin.cc:1604] Missed 2 input frames
(2023-10-18T21:04:34.149340018) (2023-10-18T21:04:34.149362394) [Wrn] [ArduPilotPlugin.cc:1436] [iris] Drained n packets: 1
(2023-10-18T21:04:34.149439492) (2023-10-18T21:04:34.149449664) [Wrn] [ArduPilotPlugin.cc:1604] Missed 2 input frames
(2023-10-18T21:04:34.239744475) (2023-10-18T21:04:34.239805001) [Wrn] [ArduPilotPlugin.cc:1436] [iris] Drained n packets: 1
(2023-10-18T21:04:34.239927602) (2023-10-18T21:04:34.239937714) [Wrn] [ArduPilotPlugin.cc:1604] Missed 2 input frames
(2023-10-18T21:04:34.269820526) (2023-10-18T21:04:34.269841087) [Wrn] [ArduPilotPlugin.cc:1436] [iris] Drained n packets: 1
(2023-10-18T21:04:34.269920347) (2023-10-18T21:04:34.269930404) [Wrn] [ArduPilotPlugin.cc:1604] Missed 2 input frames
(2023-10-18T21:04:34.330082313) (2023-10-18T21:04:34.330098638) [Wrn] [ArduPilotPlugin.cc:1436] [iris] Drained n packets: 1
(2023-10-18T21:04:34.330157268) (2023-10-18T21:04:34.330166142) [Wrn] [ArduPilotPlugin.cc:1604] Missed 2 input frames
(2023-10-18T21:04:34.393204472) (2023-10-18T21:04:34.393221112) [Wrn] [ArduPilotPlugin.cc:1436] [iris] Drained n packets: 1
(2023-10-18T21:04:34.393285421) (2023-10-18T21:04:34.393294732) [Wrn] [ArduPilotPlugin.cc:1604] Missed 2 input frames
(2023-10-18T21:04:34.452019858) (2023-10-18T21:04:34.452043964) [Wrn] [ArduPilotPlugin.cc:1436] [iris] Drained n packets: 1
(2023-10-18T21:04:34.452117712) (2023-10-18T21:04:34.452125483) [Wrn] [ArduPilotPlugin.cc:1604] Missed 2 input frames
(2023-10-18T21:04:34.540492234) (2023-10-18T21:04:34.540520017) [Wrn] [ArduPilotPlugin.cc:1436] [iris] Drained n packets: 1
(2023-10-18T21:04:34.540738265) (2023-10-18T21:04:34.540753976) [Wrn] [ArduPilotPlugin.cc:1604] Missed 2 input frames
(2023-10-18T21:04:34.571918512) (2023-10-18T21:04:34.571930820) [Wrn] [ArduPilotPlugin.cc:1436] [iris] Drained n packets: 1
(2023-10-18T21:04:34.571994828) (2023-10-18T21:04:34.572000829) [Wrn] [ArduPilotPlugin.cc:1604] Missed 2 input frames
(2023-10-18T21:04:34.632346794) (2023-10-18T21:04:34.632359214) [Wrn] [ArduPilotPlugin.cc:1436] [iris] Drained n packets: 1
(2023-10-18T21:04:34.632402531) (2023-10-18T21:04:34.632408114) [Wrn] [ArduPilotPlugin.cc:1604] Missed 2 input frames
(2023-10-18T21:04:34.693495480) (2023-10-18T21:04:34.693525745) [Wrn] [ArduPilotPlugin.cc:1436] [iris] Drained n packets: 1
(2023-10-18T21:04:34.693610554) (2023-10-18T21:04:34.693619724) [Wrn] [ArduPilotPlugin.cc:1604] Missed 2 input frames
(2023-10-18T21:04:34.755293079) (2023-10-18T21:04:34.755313578) [Wrn] [ArduPilotPlugin.cc:1436] [iris] Drained n packets: 1
(2023-10-18T21:04:34.755383858) (2023-10-18T21:04:34.755392805) [Wrn] [ArduPilotPlugin.cc:1604] Missed 2 input frames
(2023-10-18T21:04:34.838382840) (2023-10-18T21:04:34.838402836) [Wrn] [ArduPilotPlugin.cc:1436] [iris] Drained n packets: 1
(2023-10-18T21:04:34.838463708) (2023-10-18T21:04:34.838471638) [Wrn] [ArduPilotPlugin.cc:1604] Missed 2 input frames
(2023-10-18T21:04:34.876431199) (2023-10-18T21:04:34.876450261) [Wrn] [ArduPilotPlugin.cc:1436] [iris] Drained n packets: 1
(2023-10-18T21:04:34.876519077) (2023-10-18T21:04:34.876527288) [Wrn] [ArduPilotPlugin.cc:1604] Missed 2 input frames
(2023-10-18T21:04:34.937694589) (2023-10-18T21:04:34.937725982) [Wrn] [ArduPilotPlugin.cc:1436] [iris] Drained n packets: 1
(2023-10-18T21:04:34.937797663) (2023-10-18T21:04:34.937804646) [Wrn] [ArduPilotPlugin.cc:1604] Missed 2 input frames
(2023-10-18T21:04:34.998641941) (2023-10-18T21:04:34.998657221) [Wrn] [ArduPilotPlugin.cc:1436] [iris] Drained n packets: 1
(2023-10-18T21:04:34.998707960) (2023-10-18T21:04:34.998715045) [Wrn] [ArduPilotPlugin.cc:1604] Missed 2 input frames
(2023-10-18T21:04:35.58395742) (2023-10-18T21:04:35.58409294) [Wrn] [ArduPilotPlugin.cc:1436] [iris] Drained n packets: 1
(2023-10-18T21:04:35.58455944) (2023-10-18T21:04:35.58462282) [Wrn] [ArduPilotPlugin.cc:1604] Missed 2 input frames
(2023-10-18T21:04:35.134125297) (2023-10-18T21:04:35.134181507) [Wrn] [ArduPilotPlugin.cc:1436] [iris] Drained n packets: 1
(2023-10-18T21:04:35.134311821) (2023-10-18T21:04:35.134323255) [Wrn] [ArduPilotPlugin.cc:1604] Missed 2 input frames
(2023-10-18T21:04:35.178738139) (2023-10-18T21:04:35.178750756) [Wrn] [ArduPilotPlugin.cc:1436] [iris] Drained n packets: 1
(2023-10-18T21:04:35.178797328) (2023-10-18T21:04:35.178803426) [Wrn] [ArduPilotPlugin.cc:1604] Missed 2 input frames
(2023-10-18T21:04:35.239714597) (2023-10-18T21:04:35.239729786) [Wrn] [ArduPilotPlugin.cc:1436] [iris] Drained n packets: 1
(2023-10-18T21:04:35.239770518) (2023-10-18T21:04:35.239775840) [Wrn] [ArduPilotPlugin.cc:1604] Missed 2 input frames
(2023-10-18T21:04:35.300387647) (2023-10-18T21:04:35.300416652) [Wrn] [ArduPilotPlugin.cc:1436] [iris] Drained n packets: 1
(2023-10-18T21:04:35.300513642) (2023-10-18T21:04:35.300541689) [Wrn] [ArduPilotPlugin.cc:1604] Missed 2 input frames
(2023-10-18T21:04:35.360707527) (2023-10-18T21:04:35.360722742) [Wrn] [ArduPilotPlugin.cc:1436] [iris] Drained n packets: 1
(2023-10-18T21:04:35.360776230) (2023-10-18T21:04:35.360782201) [Wrn] [ArduPilotPlugin.cc:1604] Missed 2 input frames
(2023-10-18T21:04:35.421723333) (2023-10-18T21:04:35.421747034) [Wrn] [ArduPilotPlugin.cc:1436] [iris] Drained n packets: 1
(2023-10-18T21:04:35.421817288) (2023-10-18T21:04:35.421826856) [Wrn] [ArduPilotPlugin.cc:1604] Missed 2 input frames
(2023-10-18T21:04:35.481304661) (2023-10-18T21:04:35.481330944) [Wrn] [ArduPilotPlugin.cc:1436] [iris] Drained n packets: 1
(2023-10-18T21:04:35.481391492) (2023-10-18T21:04:35.481397208) [Wrn] [ArduPilotPlugin.cc:1604] Missed 2 input frames
(2023-10-18T21:04:35.555425925) (2023-10-18T21:04:35.555447496) [Wrn] [ArduPilotPlugin.cc:1436] [iris] Drained n packets: 1
(2023-10-18T21:04:35.555583178) (2023-10-18T21:04:35.555598649) [Wrn] [ArduPilotPlugin.cc:1604] Missed 2 input frames
(2023-10-18T21:04:35.603222120) (2023-10-18T21:04:35.603244072) [Wrn] [ArduPilotPlugin.cc:1436] [iris] Drained n packets: 1
(2023-10-18T21:04:35.603319147) (2023-10-18T21:04:35.603328885) [Wrn] [ArduPilotPlugin.cc:1604] Missed 2 input frames
(2023-10-18T21:04:35.663001627) (2023-10-18T21:04:35.663030158) [Wrn] [ArduPilotPlugin.cc:1436] [iris] Drained n packets: 1
(2023-10-18T21:04:35.663097660) (2023-10-18T21:04:35.663104309) [Wrn] [ArduPilotPlugin.cc:1604] Missed 2 input frames
(2023-10-18T21:04:35.724320626) (2023-10-18T21:04:35.724332773) [Wrn] [ArduPilotPlugin.cc:1436] [iris] Drained n packets: 1
(2023-10-18T21:04:35.724374716) (2023-10-18T21:04:35.724380471) [Wrn] [ArduPilotPlugin.cc:1604] Missed 2 input frames
(2023-10-18T21:04:35.784376234) (2023-10-18T21:04:35.784388315) [Wrn] [ArduPilotPlugin.cc:1436] [iris] Drained n packets: 1
(2023-10-18T21:04:35.784432133) (2023-10-18T21:04:35.784437614) [Wrn] [ArduPilotPlugin.cc:1604] Missed 2 input frames
(2023-10-18T21:04:35.845797017) (2023-10-18T21:04:35.845829359) [Wrn] [ArduPilotPlugin.cc:1436] [iris] Drained n packets: 1
(2023-10-18T21:04:35.845961933) (2023-10-18T21:04:35.845973599) [Wrn] [ArduPilotPlugin.cc:1604] Missed 2 input frames
(2023-10-18T21:04:35.906499109) (2023-10-18T21:04:35.906527684) [Wrn] [ArduPilotPlugin.cc:1436] [iris] Drained n packets: 1
(2023-10-18T21:04:35.906616741) (2023-10-18T21:04:35.906626757) [Wrn] [ArduPilotPlugin.cc:1604] Missed 2 input frames
(2023-10-18T21:04:35.989557765) (2023-10-18T21:04:35.989582524) [Wrn] [ArduPilotPlugin.cc:1436] [iris] Drained n packets: 1
(2023-10-18T21:04:35.989665744) (2023-10-18T21:04:35.989673080) [Wrn] [ArduPilotPlugin.cc:1604] Missed 2 input frames
(2023-10-18T21:04:36.27202601) (2023-10-18T21:04:36.27220195) [Wrn] [ArduPilotPlugin.cc:1436] [iris] Drained n packets: 1
(2023-10-18T21:04:36.27271135) (2023-10-18T21:04:36.27277372) [Wrn] [ArduPilotPlugin.cc:1604] Missed 2 input frames
(2023-10-18T21:04:36.87989728) (2023-10-18T21:04:36.88002163) [Wrn] [ArduPilotPlugin.cc:1436] [iris] Drained n packets: 1
(2023-10-18T21:04:36.88046984) (2023-10-18T21:04:36.88052528) [Wrn] [ArduPilotPlugin.cc:1604] Missed 2 input frames
(2023-10-18T21:04:36.147774889) (2023-10-18T21:04:36.147792999) [Wrn] [ArduPilotPlugin.cc:1436] [iris] Drained n packets: 1
(2023-10-18T21:04:36.147851896) (2023-10-18T21:04:36.147859754) [Wrn] [ArduPilotPlugin.cc:1604] Missed 2 input frames
(2023-10-18T21:04:36.208443628) (2023-10-18T21:04:36.208455457) [Wrn] [ArduPilotPlugin.cc:1436] [iris] Drained n packets: 1
(2023-10-18T21:04:36.208497017) (2023-10-18T21:04:36.208502655) [Wrn] [ArduPilotPlugin.cc:1604] Missed 2 input frames
(2023-10-18T21:04:36.270544950) (2023-10-18T21:04:36.270574192) [Wrn] [ArduPilotPlugin.cc:1436] [iris] Drained n packets: 1
(2023-10-18T21:04:36.270661641) (2023-10-18T21:04:36.270671015) [Wrn] [ArduPilotPlugin.cc:1604] Missed 2 input frames
(2023-10-18T21:04:36.329954034) (2023-10-18T21:04:36.329970699) [Wrn] [ArduPilotPlugin.cc:1436] [iris] Drained n packets: 1
(2023-10-18T21:04:36.330031965) (2023-10-18T21:04:36.330042337) [Wrn] [ArduPilotPlugin.cc:1604] Missed 2 input frames
(2023-10-18T21:04:36.403035749) (2023-10-18T21:04:36.403094095) [Wrn] [ArduPilotPlugin.cc:1436] [iris] Drained n packets: 1
(2023-10-18T21:04:36.403228714) (2023-10-18T21:04:36.403238287) [Wrn] [ArduPilotPlugin.cc:1604] Missed 2 input frames
(2023-10-18T21:04:36.451563447) (2023-10-18T21:04:36.451581438) [Wrn] [ArduPilotPlugin.cc:1436] [iris] Drained n packets: 1
(2023-10-18T21:04:36.451632077) (2023-10-18T21:04:36.451637734) [Wrn] [ArduPilotPlugin.cc:1604] Missed 2 input frames
(2023-10-18T21:04:36.550421951) (2023-10-18T21:04:36.550438259) [Wrn] [ArduPilotPlugin.cc:1436] [iris] Drained n packets: 1
(2023-10-18T21:04:36.550514771) (2023-10-18T21:04:36.550521743) [Wrn] [ArduPilotPlugin.cc:1604] Missed 2 input frames
(2023-10-18T21:04:36.572105294) (2023-10-18T21:04:36.572117388) [Wrn] [ArduPilotPlugin.cc:1436] [iris] Drained n packets: 1
(2023-10-18T21:04:36.572180485) (2023-10-18T21:04:36.572189122) [Wrn] [ArduPilotPlugin.cc:1604] Missed 2 input frames
(2023-10-18T21:04:36.632240021) (2023-10-18T21:04:36.632256896) [Wrn] [ArduPilotPlugin.cc:1436] [iris] Drained n packets: 1
(2023-10-18T21:04:36.632304934) (2023-10-18T21:04:36.632309995) [Wrn] [ArduPilotPlugin.cc:1604] Missed 2 input frames
(2023-10-18T21:04:36.693454454) (2023-10-18T21:04:36.693469349) [Wrn] [ArduPilotPlugin.cc:1436] [iris] Drained n packets: 1
(2023-10-18T21:04:36.693516161) (2023-10-18T21:04:36.693522222) [Wrn] [ArduPilotPlugin.cc:1604] Missed 2 input frames
(2023-10-18T21:04:36.753904147) (2023-10-18T21:04:36.753936751) [Wrn] [ArduPilotPlugin.cc:1436] [iris] Drained n packets: 1
(2023-10-18T21:04:36.754006608) (2023-10-18T21:04:36.754012975) [Wrn] [ArduPilotPlugin.cc:1604] Missed 2 input frames
(2023-10-18T21:04:36.830163583) (2023-10-18T21:04:36.830193810) [Wrn] [ArduPilotPlugin.cc:1436] [iris] Drained n packets: 1
(2023-10-18T21:04:36.830333149) (2023-10-18T21:04:36.830342320) [Wrn] [ArduPilotPlugin.cc:1604] Missed 2 input frames
(2023-10-18T21:04:36.874920795) (2023-10-18T21:04:36.874933837) [Wrn] [ArduPilotPlugin.cc:1436] [iris] Drained n packets: 1
(2023-10-18T21:04:36.874988577) (2023-10-18T21:04:36.874995399) [Wrn] [ArduPilotPlugin.cc:1604] Missed 2 input frames
(2023-10-18T21:04:36.935516984) (2023-10-18T21:04:36.935531017) [Wrn] [ArduPilotPlugin.cc:1436] [iris] Drained n packets: 1
(2023-10-18T21:04:36.935571227) (2023-10-18T21:04:36.935576753) [Wrn] [ArduPilotPlugin.cc:1604] Missed 2 input frames
(2023-10-18T21:04:36.995931443) (2023-10-18T21:04:36.995967396) [Wrn] [ArduPilotPlugin.cc:1436] [iris] Drained n packets: 1
(2023-10-18T21:04:36.996143678) (2023-10-18T21:04:36.996156075) [Wrn] [ArduPilotPlugin.cc:1604] Missed 2 input frames
(2023-10-18T21:04:37.56381180) (2023-10-18T21:04:37.56405320) [Wrn] [ArduPilotPlugin.cc:1436] [iris] Drained n packets: 1
(2023-10-18T21:04:37.56485435) (2023-10-18T21:04:37.56493511) [Wrn] [ArduPilotPlugin.cc:1604] Missed 2 input frames
(2023-10-18T21:04:37.130828435) (2023-10-18T21:04:37.130860258) [Wrn] [ArduPilotPlugin.cc:1436] [iris] Drained n packets: 1
(2023-10-18T21:04:37.130997876) (2023-10-18T21:04:37.131009386) [Wrn] [ArduPilotPlugin.cc:1604] Missed 2 input frames
(2023-10-18T21:04:37.177935597) (2023-10-18T21:04:37.177948818) [Wrn] [ArduPilotPlugin.cc:1436] [iris] Drained n packets: 1
(2023-10-18T21:04:37.178002500) (2023-10-18T21:04:37.178008505) [Wrn] [ArduPilotPlugin.cc:1604] Missed 2 input frames
(2023-10-18T21:04:37.272428125) (2023-10-18T21:04:37.272445759) [Wrn] [ArduPilotPlugin.cc:1436] [iris] Drained n packets: 1
(2023-10-18T21:04:37.272497488) (2023-10-18T21:04:37.272503392) [Wrn] [ArduPilotPlugin.cc:1604] Missed 2 input frames
(2023-10-18T21:04:37.299208734) (2023-10-18T21:04:37.299225982) [Wrn] [ArduPilotPlugin.cc:1436] [iris] Drained n packets: 1
(2023-10-18T21:04:37.299273156) (2023-10-18T21:04:37.299280774) [Wrn] [ArduPilotPlugin.cc:1604] Missed 2 input frames
(2023-10-18T21:04:37.358831172) (2023-10-18T21:04:37.358843359) [Wrn] [ArduPilotPlugin.cc:1436] [iris] Drained n packets: 1
(2023-10-18T21:04:37.358887810) (2023-10-18T21:04:37.358893663) [Wrn] [ArduPilotPlugin.cc:1604] Missed 2 input frames
(2023-10-18T21:04:37.419341856) (2023-10-18T21:04:37.419364473) [Wrn] [ArduPilotPlugin.cc:1436] [iris] Drained n packets: 1
(2023-10-18T21:04:37.419431824) (2023-10-18T21:04:37.419440460) [Wrn] [ArduPilotPlugin.cc:1604] Missed 2 input frames
(2023-10-18T21:04:37.483238266) (2023-10-18T21:04:37.483252480) [Wrn] [ArduPilotPlugin.cc:1436] [iris] Drained n packets: 1
(2023-10-18T21:04:37.483308922) (2023-10-18T21:04:37.483315644) [Wrn] [ArduPilotPlugin.cc:1604] Missed 2 input frames
(2023-10-18T21:04:37.552997739) (2023-10-18T21:04:37.553020853) [Wrn] [ArduPilotPlugin.cc:1436] [iris] Drained n packets: 1
(2023-10-18T21:04:37.553102440) (2023-10-18T21:04:37.553111911) [Wrn] [ArduPilotPlugin.cc:1604] Missed 2 input frames
(2023-10-18T21:04:37.602319766) (2023-10-18T21:04:37.602338864) [Wrn] [ArduPilotPlugin.cc:1436] [iris] Drained n packets: 1
(2023-10-18T21:04:37.602422170) (2023-10-18T21:04:37.602427992) [Wrn] [ArduPilotPlugin.cc:1604] Missed 2 input frames
(2023-10-18T21:04:37.695173762) (2023-10-18T21:04:37.695191808) [Wrn] [ArduPilotPlugin.cc:1436] [iris] Drained n packets: 1
(2023-10-18T21:04:37.695307235) (2023-10-18T21:04:37.695315610) [Wrn] [ArduPilotPlugin.cc:1604] Missed 2 input frames
(2023-10-18T21:04:37.722097302) (2023-10-18T21:04:37.722108862) [Wrn] [ArduPilotPlugin.cc:1436] [iris] Drained n packets: 1
(2023-10-18T21:04:37.722152764) (2023-10-18T21:04:37.722158614) [Wrn] [ArduPilotPlugin.cc:1604] Missed 2 input frames
(2023-10-18T21:04:37.782691263) (2023-10-18T21:04:37.782709106) [Wrn] [ArduPilotPlugin.cc:1436] [iris] Drained n packets: 1
(2023-10-18T21:04:37.782774032) (2023-10-18T21:04:37.782783170) [Wrn] [ArduPilotPlugin.cc:1604] Missed 2 input frames
(2023-10-18T21:04:37.843773020) (2023-10-18T21:04:37.843801569) [Wrn] [ArduPilotPlugin.cc:1436] [iris] Drained n packets: 1
(2023-10-18T21:04:37.843894286) (2023-10-18T21:04:37.843901300) [Wrn] [ArduPilotPlugin.cc:1604] Missed 2 input frames
(2023-10-18T21:04:37.903233585) (2023-10-18T21:04:37.903245770) [Wrn] [ArduPilotPlugin.cc:1436] [iris] Drained n packets: 1
(2023-10-18T21:04:37.903288421) (2023-10-18T21:04:37.903293938) [Wrn] [ArduPilotPlugin.cc:1604] Missed 2 input frames
(2023-10-18T21:04:37.985590597) (2023-10-18T21:04:37.985609780) [Wrn] [ArduPilotPlugin.cc:1436] [iris] Drained n packets: 1
(2023-10-18T21:04:37.985731688) (2023-10-18T21:04:37.985744453) [Wrn] [ArduPilotPlugin.cc:1604] Missed 2 input frames
(2023-10-18T21:04:38.26051463) (2023-10-18T21:04:38.26063612) [Wrn] [ArduPilotPlugin.cc:1436] [iris] Drained n packets: 1
(2023-10-18T21:04:38.26108230) (2023-10-18T21:04:38.26114493) [Wrn] [ArduPilotPlugin.cc:1604] Missed 2 input frames
(2023-10-18T21:04:38.84883418) (2023-10-18T21:04:38.84895412) [Wrn] [ArduPilotPlugin.cc:1436] [iris] Drained n packets: 1
(2023-10-18T21:04:38.84938726) (2023-10-18T21:04:38.84944138) [Wrn] [ArduPilotPlugin.cc:1604] Missed 2 input frames
(2023-10-18T21:04:38.148080053) (2023-10-18T21:04:38.148113382) [Wrn] [ArduPilotPlugin.cc:1436] [iris] Drained n packets: 1
(2023-10-18T21:04:38.148224593) (2023-10-18T21:04:38.148236157) [Wrn] [ArduPilotPlugin.cc:1604] Missed 2 input frames
(2023-10-18T21:04:38.206087312) (2023-10-18T21:04:38.206098616) [Wrn] [ArduPilotPlugin.cc:1436] [iris] Drained n packets: 1
(2023-10-18T21:04:38.206138567) (2023-10-18T21:04:38.206143860) [Wrn] [ArduPilotPlugin.cc:1604] Missed 2 input frames
(2023-10-18T21:04:38.269168926) (2023-10-18T21:04:38.269207356) [Wrn] [ArduPilotPlugin.cc:1436] [iris] Drained n packets: 1
(2023-10-18T21:04:38.269262958) (2023-10-18T21:04:38.269268933) [Wrn] [ArduPilotPlugin.cc:1604] Missed 2 input frames
(2023-10-18T21:04:38.327912832) (2023-10-18T21:04:38.327941725) [Wrn] [ArduPilotPlugin.cc:1436] [iris] Drained n packets: 1
(2023-10-18T21:04:38.328016295) (2023-10-18T21:04:38.328027411) [Wrn] [ArduPilotPlugin.cc:1604] Missed 2 input frames
(2023-10-18T21:04:38.388780491) (2023-10-18T21:04:38.388793787) [Wrn] [ArduPilotPlugin.cc:1436] [iris] Drained n packets: 1
(2023-10-18T21:04:38.388840790) (2023-10-18T21:04:38.388847437) [Wrn] [ArduPilotPlugin.cc:1604] Missed 2 input frames
(2023-10-18T21:04:38.457646362) (2023-10-18T21:04:38.457683959) [Wrn] [ArduPilotPlugin.cc:1436] [iris] Drained n packets: 1
(2023-10-18T21:04:38.457759374) (2023-10-18T21:04:38.457768903) [Wrn] [ArduPilotPlugin.cc:1604] Missed 2 input frames
(2023-10-18T21:04:38.509039071) (2023-10-18T21:04:38.509055704) [Wrn] [ArduPilotPlugin.cc:1436] [iris] Drained n packets: 1
(2023-10-18T21:04:38.509118147) (2023-10-18T21:04:38.509127129) [Wrn] [ArduPilotPlugin.cc:1604] Missed 2 input frames
(2023-10-18T21:04:38.582779373) (2023-10-18T21:04:38.582803510) [Wrn] [ArduPilotPlugin.cc:1436] [iris] Drained n packets: 1
(2023-10-18T21:04:38.582889089) (2023-10-18T21:04:38.582900337) [Wrn] [ArduPilotPlugin.cc:1604] Missed 2 input frames
(2023-10-18T21:04:38.631474674) (2023-10-18T21:04:38.631494164) [Wrn] [ArduPilotPlugin.cc:1436] [iris] Drained n packets: 1
(2023-10-18T21:04:38.631577455) (2023-10-18T21:04:38.631589114) [Wrn] [ArduPilotPlugin.cc:1604] Missed 2 input frames
(2023-10-18T21:04:38.691564782) (2023-10-18T21:04:38.691580532) [Wrn] [ArduPilotPlugin.cc:1436] [iris] Drained n packets: 1
(2023-10-18T21:04:38.691628229) (2023-10-18T21:04:38.691633702) [Wrn] [ArduPilotPlugin.cc:1604] Missed 2 input frames
(2023-10-18T21:04:38.754662136) (2023-10-18T21:04:38.754681254) [Wrn] [ArduPilotPlugin.cc:1436] [iris] Drained n packets: 1
(2023-10-18T21:04:38.754729216) (2023-10-18T21:04:38.754734936) [Wrn] [ArduPilotPlugin.cc:1604] Missed 2 input frames
(2023-10-18T21:04:38.812573147) (2023-10-18T21:04:38.812584212) [Wrn] [ArduPilotPlugin.cc:1436] [iris] Drained n packets: 1
(2023-10-18T21:04:38.812636024) (2023-10-18T21:04:38.812645252) [Wrn] [ArduPilotPlugin.cc:1604] Missed 2 input frames
(2023-10-18T21:04:38.873317242) (2023-10-18T21:04:38.873330397) [Wrn] [ArduPilotPlugin.cc:1436] [iris] Drained n packets: 1
(2023-10-18T21:04:38.873396618) (2023-10-18T21:04:38.873407421) [Wrn] [ArduPilotPlugin.cc:1604] Missed 2 input frames
(2023-10-18T21:04:38.934677765) (2023-10-18T21:04:38.934698328) [Wrn] [ArduPilotPlugin.cc:1436] [iris] Drained n packets: 1
(2023-10-18T21:04:38.934767280) (2023-10-18T21:04:38.934775074) [Wrn] [ArduPilotPlugin.cc:1604] Missed 2 input frames
(2023-10-18T21:04:38.998946659) (2023-10-18T21:04:38.998965008) [Wrn] [ArduPilotPlugin.cc:1436] [iris] Drained n packets: 1
(2023-10-18T21:04:38.999030432) (2023-10-18T21:04:38.999037020) [Wrn] [ArduPilotPlugin.cc:1604] Missed 2 input frames
(2023-10-18T21:04:39.54134766) (2023-10-18T21:04:39.54152925) [Wrn] [ArduPilotPlugin.cc:1436] [iris] Drained n packets: 1
(2023-10-18T21:04:39.54210105) (2023-10-18T21:04:39.54216361) [Wrn] [ArduPilotPlugin.cc:1604] Missed 2 input frames
(2023-10-18T21:04:39.137709008) (2023-10-18T21:04:39.137737903) [Wrn] [ArduPilotPlugin.cc:1436] [iris] Drained n packets: 1
(2023-10-18T21:04:39.137832037) (2023-10-18T21:04:39.137843345) [Wrn] [ArduPilotPlugin.cc:1604] Missed 2 input frames
(2023-10-18T21:04:39.176250492) (2023-10-18T21:04:39.176269481) [Wrn] [ArduPilotPlugin.cc:1436] [iris] Drained n packets: 1
(2023-10-18T21:04:39.176341038) (2023-10-18T21:04:39.176352262) [Wrn] [ArduPilotPlugin.cc:1604] Missed 2 input frames
(2023-10-18T21:04:39.236584938) (2023-10-18T21:04:39.236604986) [Wrn] [ArduPilotPlugin.cc:1436] [iris] Drained n packets: 1
(2023-10-18T21:04:39.236664706) (2023-10-18T21:04:39.236673315) [Wrn] [ArduPilotPlugin.cc:1604] Missed 2 input frames
(2023-10-18T21:04:39.296276847) (2023-10-18T21:04:39.296301862) [Wrn] [ArduPilotPlugin.cc:1436] [iris] Drained n packets: 1
(2023-10-18T21:04:39.296362624) (2023-10-18T21:04:39.296373108) [Wrn] [ArduPilotPlugin.cc:1604] Missed 2 input frames
(2023-10-18T21:04:39.357333069) (2023-10-18T21:04:39.357348305) [Wrn] [ArduPilotPlugin.cc:1436] [iris] Drained n packets: 1
(2023-10-18T21:04:39.357401568) (2023-10-18T21:04:39.357410224) [Wrn] [ArduPilotPlugin.cc:1604] Missed 2 input frames
(2023-10-18T21:04:39.427226993) (2023-10-18T21:04:39.427245273) [Wrn] [ArduPilotPlugin.cc:1436] [iris] Drained n packets: 1
(2023-10-18T21:04:39.427310260) (2023-10-18T21:04:39.427319260) [Wrn] [ArduPilotPlugin.cc:1604] Missed 2 input frames
(2023-10-18T21:04:39.478553461) (2023-10-18T21:04:39.478566860) [Wrn] [ArduPilotPlugin.cc:1436] [iris] Drained n packets: 1
(2023-10-18T21:04:39.478615070) (2023-10-18T21:04:39.478620875) [Wrn] [ArduPilotPlugin.cc:1604] Missed 2 input frames
(2023-10-18T21:04:39.573475852) (2023-10-18T21:04:39.573518345) [Wrn] [ArduPilotPlugin.cc:1436] [iris] Drained n packets: 1
(2023-10-18T21:04:39.573619587) (2023-10-18T21:04:39.573626293) [Wrn] [ArduPilotPlugin.cc:1604] Missed 2 input frames
(2023-10-18T21:04:39.602605349) (2023-10-18T21:04:39.602634237) [Wrn] [ArduPilotPlugin.cc:1436] [iris] Drained n packets: 1
(2023-10-18T21:04:39.602729381) (2023-10-18T21:04:39.602741025) [Wrn] [ArduPilotPlugin.cc:1604] Missed 2 input frames
(2023-10-18T21:04:39.660601271) (2023-10-18T21:04:39.660640458) [Wrn] [ArduPilotPlugin.cc:1436] [iris] Drained n packets: 1
(2023-10-18T21:04:39.660705148) (2023-10-18T21:04:39.660712646) [Wrn] [ArduPilotPlugin.cc:1604] Missed 2 input frames
(2023-10-18T21:04:39.741011729) (2023-10-18T21:04:39.741059572) [Wrn] [ArduPilotPlugin.cc:1436] [iris] Drained n packets: 1
(2023-10-18T21:04:39.741143573) (2023-10-18T21:04:39.741153821) [Wrn] [ArduPilotPlugin.cc:1604] Missed 2 input frames
(2023-10-18T21:04:39.783335879) (2023-10-18T21:04:39.783356857) [Wrn] [ArduPilotPlugin.cc:1436] [iris] Drained n packets: 1
(2023-10-18T21:04:39.783432892) (2023-10-18T21:04:39.783443413) [Wrn] [ArduPilotPlugin.cc:1604] Missed 2 input frames
(2023-10-18T21:04:39.842796654) (2023-10-18T21:04:39.842819561) [Wrn] [ArduPilotPlugin.cc:1436] [iris] Drained n packets: 1
(2023-10-18T21:04:39.842895322) (2023-10-18T21:04:39.842905312) [Wrn] [ArduPilotPlugin.cc:1604] Missed 2 input frames
(2023-10-18T21:04:39.904143933) (2023-10-18T21:04:39.904187925) [Wrn] [ArduPilotPlugin.cc:1436] [iris] Drained n packets: 1
(2023-10-18T21:04:39.904395402) (2023-10-18T21:04:39.904407725) [Wrn] [ArduPilotPlugin.cc:1604] Missed 2 input frames
(2023-10-18T21:04:39.963094074) (2023-10-18T21:04:39.963108996) [Wrn] [ArduPilotPlugin.cc:1436] [iris] Drained n packets: 1
(2023-10-18T21:04:39.963158939) (2023-10-18T21:04:39.963165496) [Wrn] [ArduPilotPlugin.cc:1604] Missed 2 input frames
(2023-10-18T21:04:40.24740717) (2023-10-18T21:04:40.24755751) [Wrn] [ArduPilotPlugin.cc:1436] [iris] Drained n packets: 1
(2023-10-18T21:04:40.24803547) (2023-10-18T21:04:40.24813717) [Wrn] [ArduPilotPlugin.cc:1604] Missed 2 input frames
(2023-10-18T21:04:40.85042463) (2023-10-18T21:04:40.85062092) [Wrn] [ArduPilotPlugin.cc:1436] [iris] Drained n packets: 1
(2023-10-18T21:04:40.85124167) (2023-10-18T21:04:40.85131336) [Wrn] [ArduPilotPlugin.cc:1604] Missed 2 input frames
(2023-10-18T21:04:40.146161781) (2023-10-18T21:04:40.146176694) [Wrn] [ArduPilotPlugin.cc:1436] [iris] Drained n packets: 1
(2023-10-18T21:04:40.146220018) (2023-10-18T21:04:40.146225778) [Wrn] [ArduPilotPlugin.cc:1604] Missed 2 input frames
(2023-10-18T21:04:40.210913072) (2023-10-18T21:04:40.210940407) [Wrn] [ArduPilotPlugin.cc:1436] [iris] Drained n packets: 1
(2023-10-18T21:04:40.211048961) (2023-10-18T21:04:40.211055661) [Wrn] [ArduPilotPlugin.cc:1604] Missed 2 input frames
(2023-10-18T21:04:40.267944618) (2023-10-18T21:04:40.267978056) [Wrn] [ArduPilotPlugin.cc:1436] [iris] Drained n packets: 1
(2023-10-18T21:04:40.268064566) (2023-10-18T21:04:40.268075730) [Wrn] [ArduPilotPlugin.cc:1604] Missed 2 input frames
(2023-10-18T21:04:40.365546004) (2023-10-18T21:04:40.365594298) [Wrn] [ArduPilotPlugin.cc:1436] [iris] Drained n packets: 1
(2023-10-18T21:04:40.365730270) (2023-10-18T21:04:40.365742560) [Wrn] [ArduPilotPlugin.cc:1604] Missed 2 input frames
(2023-10-18T21:04:40.391450880) (2023-10-18T21:04:40.391508977) [Wrn] [ArduPilotPlugin.cc:1436] [iris] Drained n packets: 1
(2023-10-18T21:04:40.391590287) (2023-10-18T21:04:40.391601517) [Wrn] [ArduPilotPlugin.cc:1604] Missed 2 input frames
(2023-10-18T21:04:40.451963589) (2023-10-18T21:04:40.451981358) [Wrn] [ArduPilotPlugin.cc:1436] [iris] Drained n packets: 1
(2023-10-18T21:04:40.452052264) (2023-10-18T21:04:40.452063020) [Wrn] [ArduPilotPlugin.cc:1604] Missed 2 input frames
(2023-10-18T21:04:40.517485798) (2023-10-18T21:04:40.517512374) [Wrn] [ArduPilotPlugin.cc:1436] [iris] Drained n packets: 1
(2023-10-18T21:04:40.517618580) (2023-10-18T21:04:40.517625781) [Wrn] [ArduPilotPlugin.cc:1604] Missed 2 input frames
(2023-10-18T21:04:40.559148697) (2023-10-18T21:04:40.559258580) [Dbg] [SignalHandler.cc:142] Received signal[2].
(2023-10-18T21:04:40.559336304) (2023-10-18T21:04:40.559347201) [Dbg] [ServerPrivate.cc:115] Server received signal[2]
(2023-10-18T21:04:40.559388223) (2023-10-18T21:04:40.559398517) [Dbg] [Sensors.cc:433] SensorsPrivate::Stop
(2023-10-18T21:04:40.663904714) (2023-10-18T21:04:40.663926278) [Dbg] [Sensors.cc:419] SensorsPrivate::RenderThread stopped
(2023-10-18T21:04:40.664238363) (2023-10-18T21:04:40.664253996) [Dbg] [SignalHandler.cc:142] Received signal[2].
(2023-10-18T21:04:40.664433606) (2023-10-18T21:04:40.664439457) [Dbg] [ArduPilotPlugin.cc:370] Plugin received signal[2]
(2023-10-18T21:04:40.665004079) (2023-10-18T21:04:40.665019241) [Dbg] [gz.cc:417] Shutting down gz-sim-server
(((((2023-10-18T21:04:40.673985072) ) () (((((2023-10-18T21:04:40.6740438492023-10-18T21:04:40.6740438492023-10-18T21:04:40.674040489) ) () (2023-10-18T21:04:40.673997369) [Dbg] [SimulationRunner.cc:530] (2023-10-18T21:04:40.674045433) (2023-10-18T21:04:40.674128436) 02023-10-18T21:04:40.6740756932023-10-18T21:04:40.67406105102023-10-18T21:04:40.6740756932023-10-18T21:04:40.67406105102023-10-18T21:04:40.6740756932023-10-18T21:04:40.6740610512023-10-18T21:04:40.674072977) ((2023-10-18T21:04:40.674093793(2023-10-18T21:04:40.674093793() () 2023-10-18T21:04:40.674112828) ) ) 2023-10-18T21:04:40.674218128) 2023-10-18T21:04:40.6742181282023-10-18T21:04:40.6741975632023-10-18T21:04:40.674053697() ) ) () ))[Dbg] [SimulationRunner.cc:530] ) (Exiting postupdate worker thread (1)
Exiting postupdate worker thread (Exiting postupdate worker thread ([Dbg] [SimulationRunner.cc:530] [Dbg] [SimulationRunner.cc:530] Exiting postupdate worker thread ([Dbg] [SimulationRunner.cc:530] [Dbg] [SimulationRunner.cc:530] [Dbg] [SimulationRunner.cc:530] Exiting postupdate worker thread (511Exiting postupdate worker thread (2)

Exiting postupdate worker thread (Exiting postupdate worker thread (52023-10-18T21:04:40.674233881) 2023-10-18T21:04:40.674257902) ) 2023-10-18T21:04:40.674296182) 2023-10-18T21:04:40.6742961822023-10-18T21:04:40.674449366) ) 8) )
2023-10-18T21:04:40.674501658) 
[Dbg] [SimulationRunner.cc:530] Exiting postupdate worker thread (4)
Exiting postupdate worker thread (7)
[Dbg] [SimulationRunner.cc:530] Exiting postupdate worker thread (3)
Exiting postupdate worker thread (10)
[Dbg] [SimulationRunner.cc:530] [Dbg] [SimulationRunner.cc:530] [Dbg] [SimulationRunner.cc:530] [Dbg] [SimulationRunner.cc:530] 6)
)Exiting postupdate worker thread (9)
)
(2023-10-18T21:04:40.706324206) (2023-10-18T21:04:40.706343950) [Dbg] [Sensors.cc:433] SensorsPrivate::Stop
