(2023-10-26T11:09:46.525334124) (2023-10-26T11:09:46.525379235) [Msg] Gazebo Sim Server v7.6.0
(2023-10-26T11:09:46.538813742) (2023-10-26T11:09:46.538899521) [Msg] Loading default world.
(2023-10-26T11:09:46.884157274) (2023-10-26T11:09:46.884202810) [Msg] Serving entity system service on [/entity/system/add]
(2023-10-26T11:09:46.885245581) (2023-10-26T11:09:46.885278962) [Msg] Loaded level [3]
(2023-10-26T11:09:46.885436516) (2023-10-26T11:09:46.885457515) [Msg] No systems loaded from SDF, loading defaults
(2023-10-26T11:09:46.886513542) (2023-10-26T11:09:46.886542492) [Dbg] [ServerConfig.cc:1062] Loaded (3) plugins from file [/home/bassam/.gz/sim/7/server.config]
(2023-10-26T11:09:47.468308679) (2023-10-26T11:09:47.468355586) [Dbg] [Physics.cc:880] Loaded [gz::physics::dartsim::Plugin] from library [/usr/lib/x86_64-linux-gnu/gz-physics-6/engine-plugins/libgz-physics-dartsim-plugin.so]
(2023-10-26T11:09:47.468508198) (2023-10-26T11:09:47.468527870) [Dbg] [SystemManager.cc:74] Loaded system [gz::sim::systems::Physics] for entity [1]
(2023-10-26T11:09:47.486057624) (2023-10-26T11:09:47.486098407) [Msg] Create service on [/world/default/create]
(2023-10-26T11:09:47.487290144) (2023-10-26T11:09:47.487332293) [Msg] Remove service on [/world/default/remove]
(2023-10-26T11:09:47.488488820) (2023-10-26T11:09:47.488532433) [Msg] Pose service on [/world/default/set_pose]
(2023-10-26T11:09:47.489467884) (2023-10-26T11:09:47.489536583) [Msg] Pose service on [/world/default/set_pose_vector]
(2023-10-26T11:09:47.490530247) (2023-10-26T11:09:47.490575534) [Msg] Light configuration service on [/world/default/light_config]
(2023-10-26T11:09:47.491930174) (2023-10-26T11:09:47.491974800) [Msg] Physics service on [/world/default/set_physics]
(2023-10-26T11:09:47.492769339) (2023-10-26T11:09:47.492810898) [Msg] SphericalCoordinates service on [/world/default/set_spherical_coordinates]
(2023-10-26T11:09:47.493237781) (2023-10-26T11:09:47.493277815) [Msg] Enable collision service on [/world/default/enable_collision]
(2023-10-26T11:09:47.493675186) (2023-10-26T11:09:47.493714902) [Msg] Disable collision service on [/world/default/disable_collision]
(2023-10-26T11:09:47.494917452) (2023-10-26T11:09:47.494969974) [Msg] Material service on [/world/default/visual_config]
(2023-10-26T11:09:47.495523584) (2023-10-26T11:09:47.495565714) [Msg] Material service on [/world/default/wheel_slip]
(2023-10-26T11:09:47.495697660) (2023-10-26T11:09:47.495729856) [Dbg] [SystemManager.cc:74] Loaded system [gz::sim::systems::UserCommands] for entity [1]
(2023-10-26T11:09:47.500581368) (2023-10-26T11:09:47.500632992) [Dbg] [SystemManager.cc:74] Loaded system [gz::sim::systems::SceneBroadcaster] for entity [1]
(2023-10-26T11:09:47.502682812) (2023-10-26T11:09:47.502728078) [Msg] Serving world controls on [/world/default/control], [/world/default/control/state] and [/world/default/playback/control]
(2023-10-26T11:09:47.503719666) (2023-10-26T11:09:47.503875839) [Msg] Serving GUI information on [/world/default/gui/info]
(2023-10-26T11:09:47.503970296) (2023-10-26T11:09:47.503991122) [Msg] World [default] initialized with [default_physics] physics profile.
(2023-10-26T11:09:47.504939657) (2023-10-26T11:09:47.504980665) [Msg] Serving world SDF generation service on [/world/default/generate_world_sdf]
(2023-10-26T11:09:47.506087144) (2023-10-26T11:09:47.506131218) [Msg] Serving world names on [/gazebo/worlds]
(2023-10-26T11:09:47.506471016) (2023-10-26T11:09:47.506506584) [Msg] Resource path add service on [/gazebo/resource_paths/add].
(2023-10-26T11:09:47.506845149) (2023-10-26T11:09:47.506880885) [Msg] Resource path get service on [/gazebo/resource_paths/get].
(2023-10-26T11:09:47.507343470) (2023-10-26T11:09:47.507382404) [Msg] Resource path resolve service on [/gazebo/resource_paths/resolve].
(2023-10-26T11:09:47.507957129) (2023-10-26T11:09:47.507996094) [Msg] Resource paths published on [/gazebo/resource_paths].
(2023-10-26T11:09:47.508820367) (2023-10-26T11:09:47.508861765) [Msg] Server control service on [/server_control].
(2023-10-26T11:09:47.510006776) (2023-10-26T11:09:47.510051822) [Wrn] [SimulationRunner.cc:676] Found additional publishers on /stats, using namespaced stats topic only
(2023-10-26T11:09:47.510183710) (2023-10-26T11:09:47.510218509) [Dbg] [SimulationRunner.cc:678] Publishers [Address, Message Type]:
(2023-10-26T11:09:47.510279103) (2023-10-26T11:09:47.510309632) [Dbg] [SimulationRunner.cc:683]   tcp://172.28.245.108:44875, gz.msgs.WorldStatistics
(2023-10-26T11:09:47.510846995) (2023-10-26T11:09:47.510883085) [Wrn] [SimulationRunner.cc:709] Found additional publishers on /clock, using namespaced clock topic only
(2023-10-26T11:09:47.510971313) (2023-10-26T11:09:47.510999818) [Dbg] [SimulationRunner.cc:711] Publishers [Address, Message Type]:
(2023-10-26T11:09:47.511053043) (2023-10-26T11:09:47.511080354) [Dbg] [SimulationRunner.cc:716]   tcp://172.28.245.108:44875, gz.msgs.Clock
(2023-10-26T11:09:47.511422398) (2023-10-26T11:09:47.511447210) [Dbg] [SimulationRunner.cc:503] Creating PostUpdate worker threads: 2
(2023-10-26T11:09:47.511507435) (2023-10-26T11:09:47.511524261) [Dbg] [SimulationRunner.cc:514] Creating postupdate worker thread (0)
(2023-10-26T11:09:47.514918558) (2023-10-26T11:09:47.515083699) [Msg] Serving scene information on [/world/default/scene/info]
(2023-10-26T11:09:47.515676775) (2023-10-26T11:09:47.515719353) [Msg] Serving graph information on [/world/default/scene/graph]
(2023-10-26T11:09:47.516271154) (2023-10-26T11:09:47.516320963) [Msg] Serving full state on [/world/default/state]
(2023-10-26T11:09:47.516580791) (2023-10-26T11:09:47.516617663) [Msg] Serving full state (async) on [/world/default/state_async]
(2023-10-26T11:09:47.516888872) (2023-10-26T11:09:47.516914250) [Msg] Publishing scene information on [/world/default/scene/info]
(2023-10-26T11:09:47.517290518) (2023-10-26T11:09:47.517326756) [Msg] Publishing entity deletions on [/world/default/scene/deletion]
(2023-10-26T11:09:47.517746007) (2023-10-26T11:09:47.517783013) [Msg] Publishing state changes on [/world/default/state]
(2023-10-26T11:09:47.518472417) (2023-10-26T11:09:47.518511711) [Msg] Publishing pose messages on [/world/default/pose/info]
(2023-10-26T11:09:47.518842820) (2023-10-26T11:09:47.518877429) [Msg] Publishing dynamic pose messages on [/world/default/dynamic_pose/info]
(2023-10-26T11:09:47.519713202) (2023-10-26T11:09:47.519753639) [Wrn] [Component.hh:144] Trying to serialize component with data type [N3sdf3v135WorldE], which doesn't have `operator<<`. Component will not be serialized.
(2023-10-26T11:46:23.929781037) (2023-10-26T11:46:23.929810192) [Dbg] [SignalHandler.cc:142] Received signal[2].
(2023-10-26T11:46:23.929854194) (2023-10-26T11:46:23.929864389) [Dbg] [ServerPrivate.cc:115] Server received signal[2]
(2023-10-26T11:46:23.930000553) (2023-10-26T11:46:23.930013136) [Dbg] [gz.cc:417] Shutting down gz-sim-server
(2023-10-26T11:46:23.936083188) (2023-10-26T11:46:23.936109359) [Dbg] [SimulationRunner.cc:530] Exiting postupdate worker thread (0)
