(2023-10-20T00:29:29.433671954) (2023-10-20T00:29:29.433682404) [Msg] Gazebo Sim Server v7.6.0
(2023-10-20T00:29:29.437098504) (2023-10-20T00:29:29.437107352) [Msg] Loading SDF world file[/home/bassam/PX4-Autopilot/Tools/simulation/gz/worlds/default.sdf].
(2023-10-20T00:29:29.498359639) (2023-10-20T00:29:29.498374742) [Msg] Serving entity system service on [/entity/system/add]
(2023-10-20T00:29:29.594779583) (2023-10-20T00:29:29.594792042) [Dbg] [Physics.cc:880] Loaded [gz::physics::dartsim::Plugin] from library [/usr/lib/x86_64-linux-gnu/gz-physics-6/engine-plugins/libgz-physics-dartsim-plugin.so]
(2023-10-20T00:29:29.594857797) (2023-10-20T00:29:29.594865629) [Dbg] [SystemManager.cc:74] Loaded system [gz::sim::systems::Physics] for entity [1]
(2023-10-20T00:29:29.596732380) (2023-10-20T00:29:29.596743254) [Msg] Create service on [/world/default/create]
(2023-10-20T00:29:29.596907260) (2023-10-20T00:29:29.596916620) [Msg] Remove service on [/world/default/remove]
(2023-10-20T00:29:29.597054979) (2023-10-20T00:29:29.597064008) [Msg] Pose service on [/world/default/set_pose]
(2023-10-20T00:29:29.597195047) (2023-10-20T00:29:29.597204108) [Msg] Pose service on [/world/default/set_pose_vector]
(2023-10-20T00:29:29.597399077) (2023-10-20T00:29:29.597408216) [Msg] Light configuration service on [/world/default/light_config]
(2023-10-20T00:29:29.597783881) (2023-10-20T00:29:29.597793397) [Msg] Physics service on [/world/default/set_physics]
(2023-10-20T00:29:29.597968320) (2023-10-20T00:29:29.597977413) [Msg] SphericalCoordinates service on [/world/default/set_spherical_coordinates]
(2023-10-20T00:29:29.598072781) (2023-10-20T00:29:29.598081321) [Msg] Enable collision service on [/world/default/enable_collision]
(2023-10-20T00:29:29.598176003) (2023-10-20T00:29:29.598184322) [Msg] Disable collision service on [/world/default/disable_collision]
(2023-10-20T00:29:29.598381051) (2023-10-20T00:29:29.598389811) [Msg] Material service on [/world/default/visual_config]
(2023-10-20T00:29:29.598616400) (2023-10-20T00:29:29.598625610) [Msg] Material service on [/world/default/wheel_slip]
(2023-10-20T00:29:29.598658013) (2023-10-20T00:29:29.598665323) [Dbg] [SystemManager.cc:74] Loaded system [gz::sim::systems::UserCommands] for entity [1]
(2023-10-20T00:29:29.600093705) (2023-10-20T00:29:29.600104636) [Dbg] [SystemManager.cc:74] Loaded system [gz::sim::systems::SceneBroadcaster] for entity [1]
(2023-10-20T00:29:29.601057139) (2023-10-20T00:29:29.601066905) [Dbg] [SystemManager.cc:74] Loaded system [gz::sim::systems::Contact] for entity [1]
(2023-10-20T00:29:29.602440039) (2023-10-20T00:29:29.602450119) [Dbg] [SystemManager.cc:74] Loaded system [gz::sim::systems::Imu] for entity [1]
(2023-10-20T00:29:29.603630333) (2023-10-20T00:29:29.603640975) [Dbg] [SystemManager.cc:74] Loaded system [gz::sim::systems::AirPressure] for entity [1]
(2023-10-20T00:29:29.698874607) (2023-10-20T00:29:29.698884539) [Msg] Listening to instantaneous wrench commands in [/world/default/wrench]
(2023-10-20T00:29:29.698941246) (2023-10-20T00:29:29.698949386) [Msg] Listening to persistent wrench commands in [/world/default/wrench/persistent]
(2023-10-20T00:29:29.699008601) (2023-10-20T00:29:29.699016319) [Msg] Listening to wrench clear commands in [/world/default/wrench/clear]
(2023-10-20T00:29:29.699047795) (2023-10-20T00:29:29.699055446) [Dbg] [SystemManager.cc:74] Loaded system [gz::sim::systems::ApplyLinkWrench] for entity [1]
(2023-10-20T00:29:29.703680697) (2023-10-20T00:29:29.703691687) [Dbg] [Sensors.cc:506] Configuring Sensors system
(2023-10-20T00:29:29.703751035) (2023-10-20T00:29:29.703756156) [Dbg] [Sensors.cc:425] SensorsPrivate::Run
(2023-10-20T00:29:29.703808080) (2023-10-20T00:29:29.703813394) [Dbg] [SystemManager.cc:74] Loaded system [gz::sim::systems::Sensors] for entity [1]
2023-10-20T00:29:29.703832936) (2023-10-20T00:29:29.703848261) [Dbg] [Sensors.cc:402] SensorsPrivate::RenderThread started
(2023-10-20T00:29:29.703862030) (2023-10-20T00:29:29.703866441) [Dbg] [Sensors.cc:245] Waiting for init
(2023-10-20T00:29:29.704695177) (2023-10-20T00:29:29.704702778) [Msg] Loaded level [3]
(2023-10-20T00:29:29.705327883) (2023-10-20T00:29:29.705338641) [Msg] Serving world controls on [/world/default/control], [/world/default/control/state] and [/world/default/playback/control]
(2023-10-20T00:29:29.705487705) (2023-10-20T00:29:29.705497491) [Msg] Serving GUI information on [/world/default/gui/info]
(2023-10-20T00:29:29.705518026) (2023-10-20T00:29:29.705522689) [Msg] World [default] initialized with [default_physics] physics profile.
(2023-10-20T00:29:29.705650785) (2023-10-20T00:29:29.705660355) [Msg] Serving world SDF generation service on [/world/default/generate_world_sdf]
(2023-10-20T00:29:29.705747288) (2023-10-20T00:29:29.705756818) [Msg] Serving world names on [/gazebo/worlds]
(2023-10-20T00:29:29.705815126) (2023-10-20T00:29:29.705824282) [Msg] Resource path add service on [/gazebo/resource_paths/add].
(2023-10-20T00:29:29.705880972) (2023-10-20T00:29:29.705890095) [Msg] Resource path get service on [/gazebo/resource_paths/get].
(2023-10-20T00:29:29.705949287) (2023-10-20T00:29:29.705957893) [Msg] Resource path resolve service on [/gazebo/resource_paths/resolve].
(2023-10-20T00:29:29.706016632) (2023-10-20T00:29:29.706023707) [Msg] Resource paths published on [/gazebo/resource_paths].
(2023-10-20T00:29:29.706108212) (2023-10-20T00:29:29.706117572) [Msg] Server control service on [/server_control].
(2023-10-20T00:29:31.436173497) (2023-10-20T00:29:31.436189764) [Msg] Found no publishers on /stats, adding root stats topic
(2023-10-20T00:29:31.436376765) (2023-10-20T00:29:31.436387237) [Msg] Found no publishers on /clock, adding root clock topic
(2023-10-20T00:29:31.436595066) (2023-10-20T00:29:31.436606232) [Dbg] [SimulationRunner.cc:503] Creating PostUpdate worker threads: 6
(2023-10-20T00:29:31.436641653) (2023-10-20T00:29:31.436649749) [Dbg] [SimulationRunner.cc:514] Creating postupdate worker thread (0)
(2023-10-20T00:29:31.436751288) (2023-10-20T00:29:31.436760891) [Dbg] [SimulationRunner.cc:514] Creating postupdate worker thread (1)
(2023-10-20T00:29:31.436841335) (2023-10-20T00:29:31.436849779) [Dbg] [SimulationRunner.cc:514] Creating postupdate worker thread (2)
(2023-10-20T00:29:31.436983754) (2023-10-20T00:29:31.436994029) [Dbg] [SimulationRunner.cc:514] Creating postupdate worker thread (3)
(2023-10-20T00:29:31.437062407) (2023-10-20T00:29:31.437072825) [Dbg] [SimulationRunner.cc:514] Creating postupdate worker thread (4)
(2023-10-20T00:29:31.614306654) (2023-10-20T00:29:31.614321202) [Wrn] [MulticopterMotorModel.cc:257] No robotNamespace set using entity name.
(2023-10-20T00:29:31.614348123) (2023-10-20T00:29:31.614353617) [Wrn] [MulticopterMotorModel.cc:295] <motorNumber> is depricated, please use <actuator_number>.
(2023-10-20T00:29:31.614395027) (2023-10-20T00:29:31.614400457) [Dbg] [MulticopterMotorModel.cc:386] Listening to topic: x500_depth_0/command/motor_speed
(2023-10-20T00:29:31.614826270) (2023-10-20T00:29:31.614836861) [Dbg] [SystemManager.cc:74] Loaded system [gz::sim::systems::MulticopterMotorModel] for entity [10]
(2023-10-20T00:29:31.615244652) (2023-10-20T00:29:31.615256059) [Wrn] [MulticopterMotorModel.cc:257] No robotNamespace set using entity name.
(2023-10-20T00:29:31.615279795) (2023-10-20T00:29:31.615287847) [Wrn] [MulticopterMotorModel.cc:295] <motorNumber> is depricated, please use <actuator_number>.
(2023-10-20T00:29:31.615341237) (2023-10-20T00:29:31.615350407) [Dbg] [MulticopterMotorModel.cc:386] Listening to topic: x500_depth_0/command/motor_speed
(2023-10-20T00:29:31.615532745) (2023-10-20T00:29:31.615543747) [Dbg] [SystemManager.cc:74] Loaded system [gz::sim::systems::MulticopterMotorModel] for entity [10]
(2023-10-20T00:29:31.615862322) (2023-10-20T00:29:31.615869543) [Wrn] [MulticopterMotorModel.cc:257] No robotNamespace set using entity name.
(2023-10-20T00:29:31.615883667) (2023-10-20T00:29:31.615888568) [Wrn] [MulticopterMotorModel.cc:295] <motorNumber> is depricated, please use <actuator_number>.
(2023-10-20T00:29:31.615920042) (2023-10-20T00:29:31.615925050) [Dbg] [MulticopterMotorModel.cc:386] Listening to topic: x500_depth_0/command/motor_speed
(2023-10-20T00:29:31.616146134) (2023-10-20T00:29:31.616156811) [Dbg] [SystemManager.cc:74] Loaded system [gz::sim::systems::MulticopterMotorModel] for entity [10]
(2023-10-20T00:29:31.616568013) (2023-10-20T00:29:31.616580058) [Wrn] [MulticopterMotorModel.cc:257] No robotNamespace set using entity name.
(2023-10-20T00:29:31.616595072) (2023-10-20T00:29:31.616600058) [Wrn] [MulticopterMotorModel.cc:295] <motorNumber> is depricated, please use <actuator_number>.
(2023-10-20T00:29:31.616635755) (2023-10-20T00:29:31.616643185) [Dbg] [MulticopterMotorModel.cc:386] Listening to topic: x500_depth_0/command/motor_speed
(2023-10-20T00:29:31.616913745) (2023-10-20T00:29:31.616924595) [Dbg] [SystemManager.cc:74] Loaded system [gz::sim::systems::MulticopterMotorModel] for entity [10]
(2023-10-20T00:29:31.617322577) (2023-10-20T00:29:31.617330597) [Dbg] [UserCommands.cc:1263] Created entity [10] named [x500_depth_0]
(2023-10-20T00:29:31.625930192) (2023-10-20T00:29:31.625941071) [Dbg] [SimulationFeatures.cc:72] Simulation timestep set to: 0.004
(2023-10-20T00:29:31.626493517) (2023-10-20T00:29:31.626512899) [Dbg] [Sensors.cc:659] Initialization needed
(2023-10-20T00:29:31.626670852) (2023-10-20T00:29:31.626681325) [Dbg] [Sensors.cc:257] Initializing render context
(2023-10-20T00:29:31.626770715) (2023-10-20T00:29:31.626777252) [Msg] Loading plugin [gz-rendering-ogre2]
(2023-10-20T00:29:31.626964342) (2023-10-20T00:29:31.626975439) [Dbg] [AirPressureSensor.cc:126] Air pressure for [x500_depth_0::base_link::air_pressure_sensor] advertised on [world/default/model/x500_depth_0/link/base_link/sensor/air_pressure_sensor/air_pressure]
(2023-10-20T00:29:31.627155782) (2023-10-20T00:29:31.627167371) [Msg] Serving scene information on [/world/default/scene/info]
(2023-10-20T00:29:31.627223772) (2023-10-20T00:29:31.627235131) [Dbg] [ImuSensor.cc:149] IMU data for [x500_depth_0::base_link::imu_sensor] advertised on [world/default/model/x500_depth_0/link/base_link/sensor/imu_sensor/imu](2023-10-20T00:29:31.627276030) (2023-10-20T00:29:31.627286105) [Msg] Serving graph information on [/world/default/scene/graph]

(2023-10-20T00:29:31.627453119) (2023-10-20T00:29:31.627462383) [Msg] Serving full state on [/world/default/state]
(2023-10-20T00:29:31.627568041) (2023-10-20T00:29:31.627577880) [Msg] Serving full state (async) on [/world/default/state_async]
(2023-10-20T00:29:31.627649106) (2023-10-20T00:29:31.627655828) [Msg] Publishing scene information on [/world/default/scene/info]
(2023-10-20T00:29:31.627741566) (2023-10-20T00:29:31.627748142) [Msg] Publishing entity deletions on [/world/default/scene/deletion]
(2023-10-20T00:29:31.627791529) (2023-10-20T00:29:31.627797933) [Msg] Publishing state changes on [/world/default/state]
(2023-10-20T00:29:31.627860096) (2023-10-20T00:29:31.627869286) [Msg] Publishing pose messages on [/world/default/pose/info]
(2023-10-20T00:29:31.627944070) (2023-10-20T00:29:31.627954423) [Msg] Publishing dynamic pose messages on [/world/default/dynamic_pose/info]
(2023-10-20T00:29:31.628304202) (2023-10-20T00:29:31.628311488) [Dbg] [EntityComponentManager.cc:1655] Updated state thread iterators: 8 threads processing around 7 entities each.
(2023-10-20T00:29:31.640132173) (2023-10-20T00:29:31.640170728) ([Wrn] [Component.hh:144] Trying to serialize component with data type [N3sdf3v135WorldE], which doesn't have `operator<<`. Component will not be serialized.
2023-10-20T00:29:31.640217280) (2023-10-20T00:29:31.640234024) [Wrn] [Model.hh:69] Skipping serialization / deserialization for models with //pose/@relative_to attribute.
(((((2023-10-20T00:29:31.641629913) (2023-10-20T00:29:31.641619112) 2023-10-20T00:29:31.641648256) 2023-10-20T00:29:31.641648532((2023-10-20T00:29:31.641648532((2023-10-20T00:29:31.641648532((2023-10-20T00:29:31.641643996) ) ) [Dbg] [SimulationRunner.cc:530] ) ([Dbg] [SimulationRunner.cc:530] [Dbg] [SimulationRunner.cc:530] ) 2023-10-20T00:29:31.641699744) Exiting postupdate worker thread (1)
(2023-10-20T00:29:31.641759272Exiting postupdate worker thread () 2)
Exiting postupdate worker thread (Exiting postupdate worker thread (4)
4Exiting postupdate worker thread (0)
[Dbg] [SimulationRunner.cc:530] Exiting postupdate worker thread (3)
(2023-10-20T00:29:31.642115126) (2023-10-20T00:29:31.642125752) [Dbg] [SimulationRunner.cc:503] Creating PostUpdate worker threads: 6
(2023-10-20T00:29:31.642153410) (2023-10-20T00:29:31.642161193) [Dbg] [SimulationRunner.cc:514] Creating postupdate worker thread (0)
(2023-10-20T00:29:31.642748985) (2023-10-20T00:29:31.642756068) [Dbg] [SimulationRunner.cc:514] Creating postupdate worker thread (1)
(2023-10-20T00:29:31.642784721) (2023-10-20T00:29:31.642790317) [Dbg] [SimulationRunner.cc:514] Creating postupdate worker thread (2)
(2023-10-20T00:29:31.642825058) (2023-10-20T00:29:31.642833472) [Dbg] [SimulationRunner.cc:514] Creating postupdate worker thread (3)
(2023-10-20T00:29:31.642869594) (2023-10-20T00:29:31.642878330) [Dbg] [SimulationRunner.cc:514] Creating postupdate worker thread (4)
(2023-10-20T00:29:31.788878784) (2023-10-20T00:29:31.788885710) [Dbg] [RenderUtil.cc:2720] Create scene [scene]
(2023-10-20T00:29:31.815738860) (2023-10-20T00:29:31.815749973) [Dbg] [Sensors.cc:277] Rendering Thread initialized
(2023-10-20T00:29:31.815776352) (2023-10-20T00:29:31.815792516) [Dbg] [Sensors.cc:659] Initialization needed
(2023-10-20T00:29:33.249473841) (2023-10-20T00:29:33.249482442) [Dbg] [CameraSensor.cc:458] Camera images for [x500_depth_0::OakD-Lite/base_link::IMX214] advertised on [camera]
(2023-10-20T00:29:33.249613571) (2023-10-20T00:29:33.249620171) [Dbg] [CameraSensor.cc:786] Camera info for [x500_depth_0::OakD-Lite/base_link::IMX214] advertised on [/camera_info]
(2023-10-20T00:29:33.249724454) (2023-10-20T00:29:33.249730191) [Wrn] [Ogre2Camera.cc:412] Ogre2Camera::SetVisibilityMask: Mask bits c0000000 are set but will be ignored as they conflict with the reserved bits used internally by the ogre2 backend.
(2023-10-20T00:29:33.249969245) (2023-10-20T00:29:33.249979043) [Dbg] [DepthCameraSensor.cc:282] Depth images for [x500_depth_0::OakD-Lite/base_link::StereoOV7251] advertised on [depth_camera]
(2023-10-20T00:29:33.250045215) (2023-10-20T00:29:33.250054709) [Dbg] [CameraSensor.cc:786] Camera info for [x500_depth_0::OakD-Lite/base_link::StereoOV7251] advertised on [/camera_info]
(2023-10-20T00:29:33.250160172) (2023-10-20T00:29:33.250168499) [Dbg] [DepthCameraSensor.cc:299] Points for [x500_depth_0::OakD-Lite/base_link::StereoOV7251] advertised on [depth_camera/points]
(2023-10-20T00:29:52.611028265) (2023-10-20T00:29:52.611083506) [Dbg] [SignalHandler.cc:142] Received signal[2].
(2023-10-20T00:29:52.611175572) (2023-10-20T00:29:52.611206998) [Dbg] [ServerPrivate.cc:115] Server received signal[2]
(2023-10-20T00:29:52.611291856) (2023-10-20T00:29:52.611322414) [Dbg] [Sensors.cc:433] SensorsPrivate::Stop
(2023-10-20T00:29:52.696296056) (2023-10-20T00:29:52.696309908) [Dbg] [Sensors.cc:419] SensorsPrivate::RenderThread stopped
(2023-10-20T00:29:52.696495480) (2023-10-20T00:29:52.696504345) [Dbg] [gz.cc:417] Shutting down gz-sim-server
(2023-10-20T00:29:52.699432760) (2023-10-20T00:29:52.699445075) ) (2023-10-20T00:29:52.699462714) (2023-10-20T00:29:52.699471575) [Dbg] [SimulationRunner.cc:530] Exiting postupdate worker thread (0)
[Dbg] [SimulationRunner.cc:530] Exiting postupdate worker thread (3)
2023-10-20T00:29:52.699555390) (2023-10-20T00:29:52.699568842) [Dbg] [SimulationRunner.cc:530] Exiting postupdate worker thread (1)
2023-10-20T00:29:52.6995955352023-10-20T00:29:52.699689715) () (2023-10-20T00:29:52.699715786) [Dbg] [SimulationRunner.cc:530] Exiting postupdate worker thread (2)
2023-10-20T00:29:52.699699171) [Dbg] [SimulationRunner.cc:530] Exiting postupdate worker thread (4)
(2023-10-20T00:29:52.713428266) (2023-10-20T00:29:52.713440347) [Dbg] [Sensors.cc:433] SensorsPrivate::Stop
