(2023-10-28T14:20:02.307628988) (2023-10-28T14:20:02.307647743) [Msg] Gazebo Sim Server v7.6.0
(2023-10-28T14:20:02.312609755) (2023-10-28T14:20:02.312625346) [Msg] Loading SDF world file[/home/bassam/PX4-Autopilot/Tools/simulation/gz/worlds/default.sdf].
(2023-10-28T14:20:02.493445040) (2023-10-28T14:20:02.493470112) [Msg] Serving entity system service on [/entity/system/add]
(2023-10-28T14:20:02.706536101) (2023-10-28T14:20:02.706560797) [Dbg] [Physics.cc:880] Loaded [gz::physics::dartsim::Plugin] from library [/usr/lib/x86_64-linux-gnu/gz-physics-6/engine-plugins/libgz-physics-dartsim-plugin.so]
(2023-10-28T14:20:02.706678548) (2023-10-28T14:20:02.706693862) [Dbg] [SystemManager.cc:74] Loaded system [gz::sim::systems::Physics] for entity [1]
(2023-10-28T14:20:02.817034963) (2023-10-28T14:20:02.817052809) [Msg] Create service on [/world/default/create]
(2023-10-28T14:20:02.817276093) (2023-10-28T14:20:02.817294724) [Msg] Remove service on [/world/default/remove]
(2023-10-28T14:20:02.817531394) (2023-10-28T14:20:02.817549968) [Msg] Pose service on [/world/default/set_pose]
(2023-10-28T14:20:02.817767633) (2023-10-28T14:20:02.817786279) [Msg] Pose service on [/world/default/set_pose_vector]
(2023-10-28T14:20:02.818141467) (2023-10-28T14:20:02.818162144) [Msg] Light configuration service on [/world/default/light_config]
(2023-10-28T14:20:02.818700296) (2023-10-28T14:20:02.818719390) [Msg] Physics service on [/world/default/set_physics]
(2023-10-28T14:20:02.819009543) (2023-10-28T14:20:02.819029102) [Msg] SphericalCoordinates service on [/world/default/set_spherical_coordinates]
(2023-10-28T14:20:02.819184419) (2023-10-28T14:20:02.819203145) [Msg] Enable collision service on [/world/default/enable_collision]
(2023-10-28T14:20:02.819344495) (2023-10-28T14:20:02.819362114) [Msg] Disable collision service on [/world/default/disable_collision]
(2023-10-28T14:20:02.819624194) (2023-10-28T14:20:02.819642787) [Msg] Material service on [/world/default/visual_config]
(2023-10-28T14:20:02.819831587) (2023-10-28T14:20:02.819849482) [Msg] Material service on [/world/default/wheel_slip]
(2023-10-28T14:20:02.819900717) (2023-10-28T14:20:02.819910249) [Dbg] [SystemManager.cc:74] Loaded system [gz::sim::systems::UserCommands] for entity [1]
(2023-10-28T14:20:02.821899838) (2023-10-28T14:20:02.821915021) [Dbg] [SystemManager.cc:74] Loaded system [gz::sim::systems::SceneBroadcaster] for entity [1]
(2023-10-28T14:20:02.823288566) (2023-10-28T14:20:02.823302377) [Dbg] [SystemManager.cc:74] Loaded system [gz::sim::systems::Contact] for entity [1]
(2023-10-28T14:20:02.825232036) (2023-10-28T14:20:02.825246261) [Dbg] [SystemManager.cc:74] Loaded system [gz::sim::systems::Imu] for entity [1]
(2023-10-28T14:20:02.826854322) (2023-10-28T14:20:02.826868548) [Dbg] [SystemManager.cc:74] Loaded system [gz::sim::systems::AirPressure] for entity [1]
(2023-10-28T14:20:02.828335529) (2023-10-28T14:20:02.828351785) [Msg] Listening to instantaneous wrench commands in [/world/default/wrench]
(2023-10-28T14:20:02.828466640) (2023-10-28T14:20:02.828481158) [Msg] Listening to persistent wrench commands in [/world/default/wrench/persistent]
(2023-10-28T14:20:02.828587638) (2023-10-28T14:20:02.828600807) [Msg] Listening to wrench clear commands in [/world/default/wrench/clear]
(2023-10-28T14:20:02.828637151) (2023-10-28T14:20:02.828645581) [Dbg] [SystemManager.cc:74] Loaded system [gz::sim::systems::ApplyLinkWrench] for entity [1]
(2023-10-28T14:20:02.837753082) (2023-10-28T14:20:02.837770733) [Dbg] [Sensors.cc:506] Configuring Sensors system
(2023-10-28T14:20:02.837892022) (2023-10-28T14:20:02.837902742) [Dbg] [Sensors.cc:425] SensorsPrivate::Run
(2023-10-28T14:20:02.838016767) (2023-10-28T14:20:02.838028684) [Dbg] [SystemManager.cc:74] Loaded system [gz::sim::systems::Sensors] for entity [1]
(2023-10-28T14:20:02.838094701) (2023-10-28T14:20:02.838115388) [Dbg] [Sensors.cc:402] SensorsPrivate::RenderThread started
(2023-10-28T14:20:02.838160840) (2023-10-28T14:20:02.838170750) [Dbg] [Sensors.cc:245] Waiting for init
(2023-10-28T14:20:02.841820863) (2023-10-28T14:20:02.841836484) [Wrn] [SystemLoader.cc:79] Trying to load deprecated plugin [ignition-gazebo-ackermann-steering-system]. Using [gz-sim-ackermann-steering-system] instead.
(2023-10-28T14:20:02.843688885) (2023-10-28T14:20:02.843704042) [Msg] AckermannSteering subscribing to twist messages on [/cmd_vel]
(2023-10-28T14:20:02.844068239) (2023-10-28T14:20:02.844081627) [Dbg] [SystemManager.cc:74] Loaded system [ignition::gazebo::systems::AckermannSteering] for entity [8]
(2023-10-28T14:20:02.844269571) (2023-10-28T14:20:02.844280230) [Msg] Loaded level [3]
(2023-10-28T14:20:02.846537872) (2023-10-28T14:20:02.846558530) [Msg] Serving world controls on [/world/default/control], [/world/default/control/state] and [/world/default/playback/control]
(2023-10-28T14:20:02.846861206) (2023-10-28T14:20:02.846880289) [Msg] Serving GUI information on [/world/default/gui/info]
(2023-10-28T14:20:02.846924314) (2023-10-28T14:20:02.846934046) [Msg] World [default] initialized with [default_physics] physics profile.
(2023-10-28T14:20:02.847161353) (2023-10-28T14:20:02.847179518) [Msg] Serving world SDF generation service on [/world/default/generate_world_sdf]
(2023-10-28T14:20:02.847364136) (2023-10-28T14:20:02.847376039) [Msg] Serving world names on [/gazebo/worlds]
(2023-10-28T14:20:02.847481063) (2023-10-28T14:20:02.847492219) [Msg] Resource path add service on [/gazebo/resource_paths/add].
(2023-10-28T14:20:02.847595610) (2023-10-28T14:20:02.847606452) [Msg] Resource path get service on [/gazebo/resource_paths/get].
(2023-10-28T14:20:02.847710096) (2023-10-28T14:20:02.847721304) [Msg] Resource path resolve service on [/gazebo/resource_paths/resolve].
(2023-10-28T14:20:02.847847029) (2023-10-28T14:20:02.847863178) [Msg] Resource paths published on [/gazebo/resource_paths].
(2023-10-28T14:20:02.848038042) (2023-10-28T14:20:02.848049793) [Msg] Server control service on [/server_control].
(2023-10-28T14:20:04.311371793) (2023-10-28T14:20:04.311399982) [Msg] Found no publishers on /stats, adding root stats topic
(2023-10-28T14:20:04.311777378) (2023-10-28T14:20:04.311798055) [Msg] Found no publishers on /clock, adding root clock topic
(2023-10-28T14:20:04.312211727) (2023-10-28T14:20:04.312232787) [Dbg] [SimulationRunner.cc:503] Creating PostUpdate worker threads: 7
(2023-10-28T14:20:04.312295075) (2023-10-28T14:20:04.312311083) [Dbg] [SimulationRunner.cc:514] Creating postupdate worker thread (0)
(2023-10-28T14:20:04.312484432) (2023-10-28T14:20:04.312501539) [Dbg] [SimulationRunner.cc:514] Creating postupdate worker thread (1)
(2023-10-28T14:20:04.312622025) (2023-10-28T14:20:04.312639875) [Dbg] [SimulationRunner.cc:514] Creating postupdate worker thread (2)
(2023-10-28T14:20:04.312769972) (2023-10-28T14:20:04.312787505) [Dbg] [SimulationRunner.cc:514] Creating postupdate worker thread (3)
(2023-10-28T14:20:04.312906083) (2023-10-28T14:20:04.312923872) [Dbg] [SimulationRunner.cc:514] Creating postupdate worker thread (4)
(2023-10-28T14:20:04.313044502) (2023-10-28T14:20:04.313062367) [Dbg] [SimulationRunner.cc:514] Creating postupdate worker thread (5)
(2023-10-28T14:20:04.681166245) (2023-10-28T14:20:04.681184429) [Wrn] [MulticopterMotorModel.cc:257] No robotNamespace set using entity name.
(2023-10-28T14:20:04.681230698) (2023-10-28T14:20:04.681240242) [Wrn] [MulticopterMotorModel.cc:295] <motorNumber> is depricated, please use <actuator_number>.
(2023-10-28T14:20:04.681307935) (2023-10-28T14:20:04.681317223) [Dbg] [MulticopterMotorModel.cc:386] Listening to topic: x500_depth_0/command/motor_speed
(2023-10-28T14:20:04.681952409) (2023-10-28T14:20:04.681966535) [Dbg] [SystemManager.cc:74] Loaded system [gz::sim::systems::MulticopterMotorModel] for entity [56]
(2023-10-28T14:20:04.682391700) (2023-10-28T14:20:04.682404632) [Wrn] [MulticopterMotorModel.cc:257] No robotNamespace set using entity name.
(2023-10-28T14:20:04.682430327) (2023-10-28T14:20:04.682438773) [Wrn] [MulticopterMotorModel.cc:295] <motorNumber> is depricated, please use <actuator_number>.
(2023-10-28T14:20:04.682496380) (2023-10-28T14:20:04.682505493) [Dbg] [MulticopterMotorModel.cc:386] Listening to topic: x500_depth_0/command/motor_speed
(2023-10-28T14:20:04.682780737) (2023-10-28T14:20:04.682799964) [Dbg] [SystemManager.cc:74] Loaded system [gz::sim::systems::MulticopterMotorModel] for entity [56]
(2023-10-28T14:20:04.683158345) (2023-10-28T14:20:04.683170022) [Wrn] [MulticopterMotorModel.cc:257] No robotNamespace set using entity name.
(2023-10-28T14:20:04.683194708) (2023-10-28T14:20:04.683203419) [Wrn] [MulticopterMotorModel.cc:295] <motorNumber> is depricated, please use <actuator_number>.
(2023-10-28T14:20:04.683264596) (2023-10-28T14:20:04.683279388) [Dbg] [MulticopterMotorModel.cc:386] Listening to topic: x500_depth_0/command/motor_speed
(2023-10-28T14:20:04.683586992) (2023-10-28T14:20:04.683606148) [Dbg] [SystemManager.cc:74] Loaded system [gz::sim::systems::MulticopterMotorModel] for entity [56]
(2023-10-28T14:20:04.683999645) (2023-10-28T14:20:04.684011996) [Wrn] [MulticopterMotorModel.cc:257] No robotNamespace set using entity name.
(2023-10-28T14:20:04.684036559) (2023-10-28T14:20:04.684045330) [Wrn] [MulticopterMotorModel.cc:295] <motorNumber> is depricated, please use <actuator_number>.
(2023-10-28T14:20:04.684101426) (2023-10-28T14:20:04.684110660) [Dbg] [MulticopterMotorModel.cc:386] Listening to topic: x500_depth_0/command/motor_speed
(2023-10-28T14:20:04.684462672) (2023-10-28T14:20:04.684475273) [Dbg] [SystemManager.cc:74] Loaded system [gz::sim::systems::MulticopterMotorModel] for entity [56]
(2023-10-28T14:20:04.684918633) (2023-10-28T14:20:04.684929877) [Dbg] [UserCommands.cc:1263] Created entity [56] named [x500_depth_0]
(2023-10-28T14:20:04.703850793) (2023-10-28T14:20:04.703873319) [Dbg] [SimulationFeatures.cc:72] Simulation timestep set to: 0.004
(2023-10-28T14:20:04.705816451) (2023-10-28T14:20:04.705849706) [Dbg] [Sensors.cc:659] Initialization needed
(2023-10-28T14:20:04.705930902) (2023-10-28T14:20:04.705947011) [Dbg] [Sensors.cc:257] Initializing render context
(2023-10-28T14:20:04.706152379) (2023-10-28T14:20:04.706170622) [Msg] Loading plugin [gz-rendering-ogre2]
(2023-10-28T14:20:04.706807834) (2023-10-28T14:20:04.706828992) [Dbg] [ImuSensor.cc:149] IMU data for [x500_depth_0::base_link::imu_sensor] advertised on [world/default/model/x500_depth_0/link/base_link/sensor/imu_sensor/imu]
(2023-10-28T14:20:04.707008516) (2023-10-28T14:20:04.707041316) [Dbg] [AirPressureSensor.cc:126] Air pressure for [x500_depth_0::base_link::air_pressure_sensor] advertised on [world/default/model/x500_depth_0/link/base_link/sensor/air_pressure_sensor/air_pressure]
(2023-10-28T14:20:04.708113882) (2023-10-28T14:20:04.708131311) [Msg] Serving scene information on [/world/default/scene/info]
(2023-10-28T14:20:04.708269954) (2023-10-28T14:20:04.708288827) [Msg] Serving graph information on [/world/default/scene/graph]
(2023-10-28T14:20:04.708543599) (2023-10-28T14:20:04.708564740) [Msg] Serving full state on [/world/default/state]
(2023-10-28T14:20:04.708695783) (2023-10-28T14:20:04.708713158) [Msg] Serving full state (async) on [/world/default/state_async]
(2023-10-28T14:20:04.708855226) (2023-10-28T14:20:04.708872465) [Msg] Publishing scene information on [/world/default/scene/info]
(2023-10-28T14:20:04.709065761) (2023-10-28T14:20:04.709086784) [Msg] Publishing entity deletions on [/world/default/scene/deletion]
(2023-10-28T14:20:04.709240702) (2023-10-28T14:20:04.709258718) [Msg] Publishing state changes on [/world/default/state]
(2023-10-28T14:20:04.709421311) (2023-10-28T14:20:04.709439219) [Msg] Publishing pose messages on [/world/default/pose/info]
(2023-10-28T14:20:04.709683733) (2023-10-28T14:20:04.709702934) [Msg] Publishing dynamic pose messages on [/world/default/dynamic_pose/info]
(2023-10-28T14:20:04.711473928) (2023-10-28T14:20:04.711502156) [Dbg] [EntityComponentManager.cc:1655] Updated state thread iterators: 8 threads processing around 13 entities each.
(2023-10-28T14:20:04.737529731) (2023-10-28T14:20:04.737552486) [Wrn] [Component.hh:144] Trying to serialize component with data type [N3sdf3v135WorldE], which doesn't have `operator<<`. Component will not be serialized.
(2023-10-28T14:20:04.737825051) (2023-10-28T14:20:04.737843878) [Wrn] [Model.hh:69] Skipping serialization / deserialization for models with //pose/@relative_to attribute.
((((2023-10-28T14:20:04.742763926) (2023-10-28T14:20:04.7427871922023-10-28T14:20:04.7428141522023-10-28T14:20:04.7427871922023-10-28T14:20:04.742814152) (2023-10-28T14:20:04.742855398) ([Dbg] [SimulationRunner.cc:530] 2023-10-28T14:20:04.742895533[Dbg] [SimulationRunner.cc:530] 2023-10-28T14:20:04.742895533) (2023-10-28T14:20:04.7429254142023-10-28T14:20:04.742925414(Exiting postupdate worker thread ((3(3) ) 2023-10-28T14:20:04.742989836) (2023-10-28T14:20:04.743020459) ) 2023-10-28T14:20:04.7429566882023-10-28T14:20:04.7429566882023-10-28T14:20:04.742956688(2023-10-28T14:20:04.743087430) 3[Dbg] [SimulationRunner.cc:530] 3[Dbg] [SimulationRunner.cc:530] [Dbg] [SimulationRunner.cc:530] ) (2023-10-28T14:20:04.743152885) Exiting postupdate worker thread (5)
[Dbg] [SimulationRunner.cc:530] Exiting postupdate worker thread (4)
)
[Dbg] [SimulationRunner.cc:530] Exiting postupdate worker thread (0)
[Dbg] [SimulationRunner.cc:530] Exiting postupdate worker thread (1)
Exiting postupdate worker thread (2)
(2023-10-28T14:20:04.743766756) (2023-10-28T14:20:04.743787719) [Dbg] [SimulationRunner.cc:503] Creating PostUpdate worker threads: 7
(2023-10-28T14:20:04.743843187) (2023-10-28T14:20:04.743865331) [Dbg] [SimulationRunner.cc:514] Creating postupdate worker thread (0)
(2023-10-28T14:20:04.745221211) (2023-10-28T14:20:04.745248564) [Dbg] [SimulationRunner.cc:514] Creating postupdate worker thread (1)
(2023-10-28T14:20:04.745351119) (2023-10-28T14:20:04.745369484) [Dbg] [SimulationRunner.cc:514] Creating postupdate worker thread (2)
(2023-10-28T14:20:04.745457130) (2023-10-28T14:20:04.745474041) [Dbg] [SimulationRunner.cc:514] Creating postupdate worker thread (3)
(2023-10-28T14:20:04.745557053) (2023-10-28T14:20:04.745574491) [Dbg] [SimulationRunner.cc:514] Creating postupdate worker thread (4)
(2023-10-28T14:20:04.745845454) (2023-10-28T14:20:04.745870559) [Dbg] [SimulationRunner.cc:514] Creating postupdate worker thread (5)
(2023-10-28T14:20:05.183978745) (2023-10-28T14:20:05.183991589) [Dbg] [RenderUtil.cc:2720] Create scene [scene]
((2023-10-28T14:20:05.256111832) () (2023-10-28T14:20:05.2561538552023-10-28T14:20:05.2561538552023-10-28T14:20:05.256162371) ) [Dbg] [Sensors.cc:659] Initialization needed
[Dbg] [Sensors.cc:277] Rendering Thread initialized
(2023-10-28T14:20:05.262364208) (2023-10-28T14:20:05.262379587) [Wrn] [FuelClient.cc:1952] The fuel.ignitionrobotics.org URL is deprecrated. Pleasse change https://fuel.ignitionrobotics.org/1.0/openrobotics/models/prius hybrid/2/files/meshes/Hybrid.obj to https://fuel.gazebosim.org/1.0/openrobotics/models/prius hybrid/2/files/meshes/Hybrid.obj
(2023-10-28T14:20:05.262530171) (2023-10-28T14:20:05.262541727) [Wrn] [FuelClient.cc:1952] The fuel.ignitionrobotics.org URL is deprecrated. Pleasse change https://fuel.ignitionrobotics.org/1.0/openrobotics/models/prius hybrid/2/files/meshes/Hybrid.obj to https://fuel.gazebosim.org/1.0/openrobotics/models/prius hybrid/2/files/meshes/Hybrid.obj
(2023-10-28T14:20:05.267061153) (2023-10-28T14:20:05.267076235) [Wrn] [OBJLoader.cc:91] Both `d` and `Tr` parameters defined for "Hybrid". Use the value of `d` for dissolve (line 8 in .mtl.)
Both `d` and `Tr` parameters defined for "Wheels3". Use the value of `d` for dissolve (line 22 in .mtl.)
Both `d` and `Tr` parameters defined for "Hybrid_Interior". Use the value of `d` for dissolve (line 36 in .mtl.)
Both `d` and `Tr` parameters defined for "Windows". Use the value of `d` for dissolve (line 50 in .mtl.)

(2023-10-28T14:20:05.388429235) (2023-10-28T14:20:05.388443193) [Err] [SceneManager.cc:887] PBR material: currently only metal workflow is supported. Gazebo will try to render the material using metal workflow but without Roughness / Metalness settings.
(2023-10-28T14:20:08.172626915) (2023-10-28T14:20:08.172653532) [Dbg] [CameraSensor.cc:458] Camera images for [prius_hybrid::chassis::back_camera_sensor] advertised on [back_camera]
(2023-10-28T14:20:08.173103514) (2023-10-28T14:20:08.173124089) [Dbg] [CameraSensor.cc:786] Camera info for [prius_hybrid::chassis::back_camera_sensor] advertised on [/camera_info]
(2023-10-28T14:20:08.173395166) (2023-10-28T14:20:08.173413704) [Wrn] [Ogre2Camera.cc:412] Ogre2Camera::SetVisibilityMask: Mask bits c0000000 are set but will be ignored as they conflict with the reserved bits used internally by the ogre2 backend.
(2023-10-28T14:20:08.174189843) (2023-10-28T14:20:08.174209314) [Dbg] [CameraSensor.cc:458] Camera images for [prius_hybrid::chassis::front_camera_sensor] advertised on [front_camera]
(2023-10-28T14:20:08.174368403) (2023-10-28T14:20:08.174386538) [Dbg] [CameraSensor.cc:786] Camera info for [prius_hybrid::chassis::front_camera_sensor] advertised on [/camera_info]
(2023-10-28T14:20:08.174494020) (2023-10-28T14:20:08.174510720) [Wrn] [Ogre2Camera.cc:412] Ogre2Camera::SetVisibilityMask: Mask bits c0000000 are set but will be ignored as they conflict with the reserved bits used internally by the ogre2 backend.
(2023-10-28T14:20:08.175093074) (2023-10-28T14:20:08.175114945) [Dbg] [CameraSensor.cc:458] Camera images for [prius_hybrid::chassis::left_camera_sensor] advertised on [left_camera]
(2023-10-28T14:20:08.175350088) (2023-10-28T14:20:08.175369391) [Dbg] [CameraSensor.cc:786] Camera info for [prius_hybrid::chassis::left_camera_sensor] advertised on [/camera_info]
(2023-10-28T14:20:08.175475334) (2023-10-28T14:20:08.175489496) [Wrn] [Ogre2Camera.cc:412] Ogre2Camera::SetVisibilityMask: Mask bits c0000000 are set but will be ignored as they conflict with the reserved bits used internally by the ogre2 backend.
(2023-10-28T14:20:08.175860809) (2023-10-28T14:20:08.175877680) [Dbg] [CameraSensor.cc:458] Camera images for [prius_hybrid::chassis::right_camera_sensor] advertised on [right_camera]
(2023-10-28T14:20:08.176099322) (2023-10-28T14:20:08.176117923) [Dbg] [CameraSensor.cc:786] Camera info for [prius_hybrid::chassis::right_camera_sensor] advertised on [/camera_info]
(2023-10-28T14:20:08.176228912) (2023-10-28T14:20:08.176247225) [Wrn] [Ogre2Camera.cc:412] Ogre2Camera::SetVisibilityMask: Mask bits c0000000 are set but will be ignored as they conflict with the reserved bits used internally by the ogre2 backend.
(2023-10-28T14:20:08.176650800) (2023-10-28T14:20:08.176669193) [Dbg] [CameraSensor.cc:458] Camera images for [x500_depth_0::OakD-Lite/base_link::IMX214] advertised on [camera]
(2023-10-28T14:20:08.176972210) (2023-10-28T14:20:08.176989116) [Dbg] [CameraSensor.cc:786] Camera info for [x500_depth_0::OakD-Lite/base_link::IMX214] advertised on [/camera_info]
(2023-10-28T14:20:08.177093828) (2023-10-28T14:20:08.177109061) [Wrn] [Ogre2Camera.cc:412] Ogre2Camera::SetVisibilityMask: Mask bits c0000000 are set but will be ignored as they conflict with the reserved bits used internally by the ogre2 backend.
(2023-10-28T14:20:08.177636307) (2023-10-28T14:20:08.177655637) [Dbg] [DepthCameraSensor.cc:282] Depth images for [x500_depth_0::OakD-Lite/base_link::StereoOV7251] advertised on [depth_camera]
(2023-10-28T14:20:08.177830768) (2023-10-28T14:20:08.177848097) [Dbg] [CameraSensor.cc:786] Camera info for [x500_depth_0::OakD-Lite/base_link::StereoOV7251] advertised on [/camera_info]
(2023-10-28T14:20:08.178180470) (2023-10-28T14:20:08.178199885) [Dbg] [DepthCameraSensor.cc:299] Points for [x500_depth_0::OakD-Lite/base_link::StereoOV7251] advertised on [depth_camera/points]
(2023-10-28T14:20:08.366918031) (2023-10-28T14:20:08.366936782) [Dbg] [CameraSensor.cc:583] Enabling camera sensor: 'x500_depth_0::OakD-Lite/base_link::IMX214' data generation.
(2023-10-28T14:24:50.422375005) (2023-10-28T14:24:50.422400450) [Dbg] [SignalHandler.cc:142] Received signal[2].
(2023-10-28T14:24:50.422444967) (2023-10-28T14:24:50.422458888) [Dbg] [ServerPrivate.cc:115] Server received signal[2]
(2023-10-28T14:24:50.422490568) (2023-10-28T14:24:50.422499373) [Dbg] [Sensors.cc:433] SensorsPrivate::Stop
(2023-10-28T14:24:50.535474339) (2023-10-28T14:24:50.535497316) [Dbg] [Sensors.cc:419] SensorsPrivate::RenderThread stopped
(2023-10-28T14:24:50.542963138) (2023-10-28T14:24:50.542989899) [Dbg] [gz.cc:417] Shutting down gz-sim-server
((2023-10-28T14:24:50.549664940) (2023-10-28T14:24:50.549696419() () ((2023-10-28T14:24:50.549747071) ((2023-10-28T14:24:50.5497573682023-10-28T14:24:50.5497573682023-10-28T14:24:50.549779541) () ) 2023-10-28T14:24:50.549827384) ) ((2023-10-28T14:24:50.549855121[Dbg] [SimulationRunner.cc:530] (2023-10-28T14:24:50.549855121[Dbg] [SimulationRunner.cc:530] Exiting postupdate worker thread (2)) (2023-10-28T14:24:50.549935936) 2023-10-28T14:24:50.549871058) ((2023-10-28T14:24:50.5499452062023-10-28T14:24:50.549991891) ) [Dbg] [SimulationRunner.cc:530] Exiting postupdate worker thread (1)

Exiting postupdate worker thread (Exiting postupdate worker thread (5)[Dbg] [SimulationRunner.cc:530] 3)
Exiting postupdate worker thread (5Exiting postupdate worker thread (4Exiting postupdate worker thread ()
Exiting postupdate worker thread ()
Exiting postupdate worker thread ()0)
(2023-10-28T14:24:50.594844180) (2023-10-28T14:24:50.594861900) [Dbg] [Sensors.cc:433] SensorsPrivate::Stop
