(2023-10-28T16:38:10.349250427) (2023-10-28T16:38:10.349267722) [Msg] Gazebo Sim Server v7.6.0
(2023-10-28T16:38:10.353848404) (2023-10-28T16:38:10.353865395) [Msg] Loading default world.
(2023-10-28T16:38:10.412083050) (2023-10-28T16:38:10.412097099) [Msg] Serving entity system service on [/entity/system/add]
(2023-10-28T16:38:10.412531676) (2023-10-28T16:38:10.412542801) [Msg] Loaded level [3]
(2023-10-28T16:38:10.412601052) (2023-10-28T16:38:10.412609259) [Msg] No systems loaded from SDF, loading defaults
(2023-10-28T16:38:10.412986751) (2023-10-28T16:38:10.412997138) [Dbg] [ServerConfig.cc:1062] Loaded (3) plugins from file [/home/bassam/.gz/sim/7/server.config]
(2023-10-28T16:38:10.528147020) (2023-10-28T16:38:10.528162294) [Dbg] [Physics.cc:880] Loaded [gz::physics::dartsim::Plugin] from library [/usr/lib/x86_64-linux-gnu/gz-physics-6/engine-plugins/libgz-physics-dartsim-plugin.so]
(2023-10-28T16:38:10.528225963) (2023-10-28T16:38:10.528234813) [Dbg] [SystemManager.cc:74] Loaded system [gz::sim::systems::Physics] for entity [1]
(2023-10-28T16:38:10.530530153) (2023-10-28T16:38:10.530542356) [Msg] Create service on [/world/default/create]
(2023-10-28T16:38:10.530818484) (2023-10-28T16:38:10.530829863) [Msg] Remove service on [/world/default/remove]
(2023-10-28T16:38:10.531079562) (2023-10-28T16:38:10.531090354) [Msg] Pose service on [/world/default/set_pose]
(2023-10-28T16:38:10.531324117) (2023-10-28T16:38:10.531334113) [Msg] Pose service on [/world/default/set_pose_vector]
(2023-10-28T16:38:10.531626248) (2023-10-28T16:38:10.531636428) [Msg] Light configuration service on [/world/default/light_config]
(2023-10-28T16:38:10.532026992) (2023-10-28T16:38:10.532036878) [Msg] Physics service on [/world/default/set_physics]
(2023-10-28T16:38:10.532307811) (2023-10-28T16:38:10.532317555) [Msg] SphericalCoordinates service on [/world/default/set_spherical_coordinates]
(2023-10-28T16:38:10.532501317) (2023-10-28T16:38:10.532510900) [Msg] Enable collision service on [/world/default/enable_collision]
(2023-10-28T16:38:10.532683508) (2023-10-28T16:38:10.532692886) [Msg] Disable collision service on [/world/default/disable_collision]
(2023-10-28T16:38:10.532987779) (2023-10-28T16:38:10.532997321) [Msg] Material service on [/world/default/visual_config]
(2023-10-28T16:38:10.533242089) (2023-10-28T16:38:10.533252211) [Msg] Material service on [/world/default/wheel_slip]
(2023-10-28T16:38:10.533285635) (2023-10-28T16:38:10.533294068) [Dbg] [SystemManager.cc:74] Loaded system [gz::sim::systems::UserCommands] for entity [1]
(2023-10-28T16:38:10.534812122) (2023-10-28T16:38:10.534826813) [Dbg] [SystemManager.cc:74] Loaded system [gz::sim::systems::SceneBroadcaster] for entity [1]
(2023-10-28T16:38:10.535575201) (2023-10-28T16:38:10.535586532) [Msg] Serving world controls on [/world/default/control], [/world/default/control/state] and [/world/default/playback/control]
(2023-10-28T16:38:10.535845077) (2023-10-28T16:38:10.535855315) [Msg] Serving GUI information on [/world/default/gui/info]
(2023-10-28T16:38:10.535884729) (2023-10-28T16:38:10.535892327) [Msg] World [default] initialized with [default_physics] physics profile.
(2023-10-28T16:38:10.536199025) (2023-10-28T16:38:10.536209656) [Msg] Serving world SDF generation service on [/world/default/generate_world_sdf]
(2023-10-28T16:38:10.536461137) (2023-10-28T16:38:10.536471562) [Msg] Serving world names on [/gazebo/worlds]
(2023-10-28T16:38:10.536674656) (2023-10-28T16:38:10.536685323) [Msg] Resource path add service on [/gazebo/resource_paths/add].
(2023-10-28T16:38:10.536890450) (2023-10-28T16:38:10.536900128) [Msg] Resource path get service on [/gazebo/resource_paths/get].
(2023-10-28T16:38:10.537076688) (2023-10-28T16:38:10.537086289) [Msg] Resource path resolve service on [/gazebo/resource_paths/resolve].
(2023-10-28T16:38:10.537795035) (2023-10-28T16:38:10.537805619) [Msg] Resource paths published on [/gazebo/resource_paths].
(2023-10-28T16:38:10.538056855) (2023-10-28T16:38:10.538066430) [Msg] Server control service on [/server_control].
(2023-10-28T16:38:10.538278947) (2023-10-28T16:38:10.538288162) [Wrn] [SimulationRunner.cc:676] Found additional publishers on /stats, using namespaced stats topic only
(2023-10-28T16:38:10.538322527) (2023-10-28T16:38:10.538329972) [Dbg] [SimulationRunner.cc:678] Publishers [Address, Message Type]:
(2023-10-28T16:38:10.538344656) (2023-10-28T16:38:10.538351794) [Dbg] [SimulationRunner.cc:683]   tcp://172.28.244.235:35905, gz.msgs.WorldStatistics
(2023-10-28T16:38:10.538541322) (2023-10-28T16:38:10.538550296) [Wrn] [SimulationRunner.cc:709] Found additional publishers on /clock, using namespaced clock topic only
(2023-10-28T16:38:10.538573440) (2023-10-28T16:38:10.538580634) [Dbg] [SimulationRunner.cc:711] Publishers [Address, Message Type]:
(2023-10-28T16:38:10.538595007) (2023-10-28T16:38:10.538602181) [Dbg] [SimulationRunner.cc:716]   tcp://172.28.244.235:35905, gz.msgs.Clock
(2023-10-28T16:38:10.538678906) (2023-10-28T16:38:10.538686610) [Dbg] [SimulationRunner.cc:503] Creating PostUpdate worker threads: 2
(2023-10-28T16:38:10.538711745) (2023-10-28T16:38:10.538719092) [Dbg] [SimulationRunner.cc:514] Creating postupdate worker thread (0)
(2023-10-28T16:38:10.539823584) (2023-10-28T16:38:10.539833422) [Msg] Serving scene information on [/world/default/scene/info]
(2023-10-28T16:38:10.540062747) (2023-10-28T16:38:10.540073064) [Msg] Serving graph information on [/world/default/scene/graph]
(2023-10-28T16:38:10.540366703) (2023-10-28T16:38:10.540377592) [Msg] Serving full state on [/world/default/state]
(2023-10-28T16:38:10.540574579) (2023-10-28T16:38:10.540584476) [Msg] Serving full state (async) on [/world/default/state_async]
(2023-10-28T16:38:10.540739470) (2023-10-28T16:38:10.540749675) [Msg] Publishing scene information on [/world/default/scene/info]
(2023-10-28T16:38:10.540924963) (2023-10-28T16:38:10.540934757) [Msg] Publishing entity deletions on [/world/default/scene/deletion]
(2023-10-28T16:38:10.541066032) (2023-10-28T16:38:10.541074580) [Msg] Publishing state changes on [/world/default/state]
(2023-10-28T16:38:10.541216220) (2023-10-28T16:38:10.541225474) [Msg] Publishing pose messages on [/world/default/pose/info]
(2023-10-28T16:38:10.541364552) (2023-10-28T16:38:10.541375269) [Msg] Publishing dynamic pose messages on [/world/default/dynamic_pose/info]
(2023-10-28T16:38:31.797454971) (2023-10-28T16:38:31.797469508) [Dbg] [SignalHandler.cc:142] Received signal[2].
(2023-10-28T16:38:31.797489789) (2023-10-28T16:38:31.797494597) [Dbg] [ServerPrivate.cc:115] Server received signal[2]
(2023-10-28T16:38:31.797801344) (2023-10-28T16:38:31.797807267) [Dbg] [gz.cc:417] Shutting down gz-sim-server
(2023-10-28T16:38:31.800721598) (2023-10-28T16:38:31.800733192) [Dbg] [SimulationRunner.cc:530] Exiting postupdate worker thread (0)
