(2023-11-04T16:42:47.303351709) (2023-11-04T16:42:47.303382766) [Msg] Gazebo Sim Server v7.6.0
(2023-11-04T16:42:47.309847090) (2023-11-04T16:42:47.309862766) [Msg] Loading default world.
(2023-11-04T16:42:47.451882043) (2023-11-04T16:42:47.451900386) [Msg] Serving entity system service on [/entity/system/add]
(2023-11-04T16:42:47.453305080) (2023-11-04T16:42:47.453319361) [Msg] Loaded level [3]
(2023-11-04T16:42:47.453420979) (2023-11-04T16:42:47.453438676) [Msg] No systems loaded from SDF, loading defaults
(2023-11-04T16:42:47.454191476) (2023-11-04T16:42:47.454212133) [Dbg] [ServerConfig.cc:1062] Loaded (3) plugins from file [/home/bassam/.gz/sim/7/server.config]
(2023-11-04T16:42:48.342050504) (2023-11-04T16:42:48.342083630) [Dbg] [Physics.cc:880] Loaded [gz::physics::dartsim::Plugin] from library [/usr/lib/x86_64-linux-gnu/gz-physics-6/engine-plugins/libgz-physics-dartsim-plugin.so]
(2023-11-04T16:42:48.342194726) (2023-11-04T16:42:48.342210108) [Dbg] [SystemManager.cc:74] Loaded system [gz::sim::systems::Physics] for entity [1]
(2023-11-04T16:42:48.347710081) (2023-11-04T16:42:48.347737684) [Msg] Create service on [/world/default/create]
(2023-11-04T16:42:48.348076560) (2023-11-04T16:42:48.348096724) [Msg] Remove service on [/world/default/remove]
(2023-11-04T16:42:48.348292586) (2023-11-04T16:42:48.348311870) [Msg] Pose service on [/world/default/set_pose]
(2023-11-04T16:42:48.348478487) (2023-11-04T16:42:48.348498086) [Msg] Pose service on [/world/default/set_pose_vector]
(2023-11-04T16:42:48.348758412) (2023-11-04T16:42:48.348776737) [Msg] Light configuration service on [/world/default/light_config]
(2023-11-04T16:42:48.349126337) (2023-11-04T16:42:48.349145205) [Msg] Physics service on [/world/default/set_physics]
(2023-11-04T16:42:48.349376945) (2023-11-04T16:42:48.349395618) [Msg] SphericalCoordinates service on [/world/default/set_spherical_coordinates]
(2023-11-04T16:42:48.349515190) (2023-11-04T16:42:48.349532868) [Msg] Enable collision service on [/world/default/enable_collision]
(2023-11-04T16:42:48.349653766) (2023-11-04T16:42:48.349671668) [Msg] Disable collision service on [/world/default/disable_collision]
(2023-11-04T16:42:48.350126576) (2023-11-04T16:42:48.350146761) [Msg] Material service on [/world/default/visual_config]
(2023-11-04T16:42:48.350475543) (2023-11-04T16:42:48.350493819) [Msg] Material service on [/world/default/wheel_slip]
(2023-11-04T16:42:48.350563368) (2023-11-04T16:42:48.350578029) [Dbg] [SystemManager.cc:74] Loaded system [gz::sim::systems::UserCommands] for entity [1]
(2023-11-04T16:42:48.353536504) (2023-11-04T16:42:48.353553120) [Dbg] [SystemManager.cc:74] Loaded system [gz::sim::systems::SceneBroadcaster] for entity [1]
(2023-11-04T16:42:48.354305370) (2023-11-04T16:42:48.354326978) [Msg] Serving world controls on [/world/default/control], [/world/default/control/state] and [/world/default/playback/control]
(2023-11-04T16:42:48.354611699) (2023-11-04T16:42:48.354625071) [Msg] Serving GUI information on [/world/default/gui/info]
(2023-11-04T16:42:48.354658438) (2023-11-04T16:42:48.354666760) [Msg] World [default] initialized with [default_physics] physics profile.
(2023-11-04T16:42:48.355157682) (2023-11-04T16:42:48.355176847) [Msg] Serving world SDF generation service on [/world/default/generate_world_sdf]
(2023-11-04T16:42:48.355505383) (2023-11-04T16:42:48.355525128) [Msg] Serving world names on [/gazebo/worlds]
(2023-11-04T16:42:48.355758014) (2023-11-04T16:42:48.355776823) [Msg] Resource path add service on [/gazebo/resource_paths/add].
(2023-11-04T16:42:48.356066473) (2023-11-04T16:42:48.356081111) [Msg] Resource path get service on [/gazebo/resource_paths/get].
(2023-11-04T16:42:48.356320046) (2023-11-04T16:42:48.356332129) [Msg] Resource path resolve service on [/gazebo/resource_paths/resolve].
(2023-11-04T16:42:48.356627093) (2023-11-04T16:42:48.356649808) [Msg] Resource paths published on [/gazebo/resource_paths].
(2023-11-04T16:42:48.356997834) (2023-11-04T16:42:48.357017879) [Msg] Server control service on [/server_control].
(2023-11-04T16:42:48.357420118) (2023-11-04T16:42:48.357439342) [Wrn] [SimulationRunner.cc:676] Found additional publishers on /stats, using namespaced stats topic only
(2023-11-04T16:42:48.357491062) (2023-11-04T16:42:48.357500998) [Dbg] [SimulationRunner.cc:678] Publishers [Address, Message Type]:
(2023-11-04T16:42:48.357517117) (2023-11-04T16:42:48.357525320) [Dbg] [SimulationRunner.cc:683]   tcp://172.17.0.1:41715, gz.msgs.WorldStatistics
(2023-11-04T16:42:48.357721526) (2023-11-04T16:42:48.357738211) [Wrn] [SimulationRunner.cc:709] Found additional publishers on /clock, using namespaced clock topic only
(2023-11-04T16:42:48.357840208) (2023-11-04T16:42:48.357850487) [Dbg] [SimulationRunner.cc:711] Publishers [Address, Message Type]:
(2023-11-04T16:42:48.357866326) (2023-11-04T16:42:48.357874493) [Dbg] [SimulationRunner.cc:716]   tcp://172.17.0.1:41715, gz.msgs.Clock
(2023-11-04T16:42:48.358060791) (2023-11-04T16:42:48.358078573) [Dbg] [SimulationRunner.cc:503] Creating PostUpdate worker threads: 2
(2023-11-04T16:42:48.358186364) (2023-11-04T16:42:48.358202056) [Dbg] [SimulationRunner.cc:514] Creating postupdate worker thread (0)
(2023-11-04T16:42:48.365296456) (2023-11-04T16:42:48.365322485) [Msg] Serving scene information on [/world/default/scene/info]
(2023-11-04T16:42:48.365467116) (2023-11-04T16:42:48.365485129) [Msg] Serving graph information on [/world/default/scene/graph]
(2023-11-04T16:42:48.365755682) (2023-11-04T16:42:48.365772872) [Msg] Serving full state on [/world/default/state]
(2023-11-04T16:42:48.365996363) (2023-11-04T16:42:48.366010121) [Msg] Serving full state (async) on [/world/default/state_async]
(2023-11-04T16:42:48.366146938) (2023-11-04T16:42:48.366164150) [Msg] Publishing scene information on [/world/default/scene/info]
(2023-11-04T16:42:48.366327797) (2023-11-04T16:42:48.366345613) [Msg] Publishing entity deletions on [/world/default/scene/deletion]
(2023-11-04T16:42:48.366475598) (2023-11-04T16:42:48.366492981) [Msg] Publishing state changes on [/world/default/state]
(2023-11-04T16:42:48.366638362) (2023-11-04T16:42:48.366654903) [Msg] Publishing pose messages on [/world/default/pose/info]
(2023-11-04T16:42:48.366801529) (2023-11-04T16:42:48.366818737) [Msg] Publishing dynamic pose messages on [/world/default/dynamic_pose/info]
(2023-11-04T16:42:48.367325861) (2023-11-04T16:42:48.367338390) [Wrn] [Component.hh:144] Trying to serialize component with data type [N3sdf3v135WorldE], which doesn't have `operator<<`. Component will not be serialized.
(2023-11-04T16:43:26.402866792) (2023-11-04T16:43:26.402935954) [Dbg] [SignalHandler.cc:142] Received signal[2].
(2023-11-04T16:43:26.402981562) (2023-11-04T16:43:26.402991585) [Dbg] [ServerPrivate.cc:115] Server received signal[2]
(2023-11-04T16:43:26.403599752) (2023-11-04T16:43:26.403620464) [Dbg] [gz.cc:417] Shutting down gz-sim-server
(2023-11-04T16:43:26.409516552) (2023-11-04T16:43:26.409536204) [Dbg] [SimulationRunner.cc:530] Exiting postupdate worker thread (0)
