(2023-10-16T20:48:00.176244848) (2023-10-16T20:48:00.176259967) [Msg] Gazebo Sim Server v7.6.0
(2023-10-16T20:48:00.185387833) (2023-10-16T20:48:00.185402851) [Msg] Loading SDF world file[/home/bassam/ros2_ws/install/ardupilot_gz_gazebo/share/ardupilot_gz_gazebo/worlds/iris_runway.sdf].
(2023-10-16T20:48:00.658149965) (2023-10-16T20:48:00.658170802) [Msg] Serving entity system service on [/entity/system/add]
(2023-10-16T20:48:00.829238280) (2023-10-16T20:48:00.829276833) [Dbg] [Physics.cc:880] Loaded [gz::physics::dartsim::Plugin] from library [/usr/lib/x86_64-linux-gnu/gz-physics-6/engine-plugins/libgz-physics-dartsim-plugin.so]
(2023-10-16T20:48:00.829462885) (2023-10-16T20:48:00.829477538) [Dbg] [SystemManager.cc:74] Loaded system [gz::sim::systems::Physics] for entity [1]
(2023-10-16T20:48:00.853656681) (2023-10-16T20:48:00.853672078) [Dbg] [Sensors.cc:506] Configuring Sensors system
(2023-10-16T20:48:00.853779785) (2023-10-16T20:48:00.853788958) [Dbg] [Sensors.cc:425] SensorsPrivate::Run
(2023-10-16T20:48:00.853883168) (2023-10-16T20:48:00.853892173) [Dbg] [SystemManager.cc:74] Loaded system [gz::sim::systems::Sensors] for entity [1]
(2023-10-16T20:48:00.858044922) (2023-10-16T20:48:00.858075055) [Dbg] [Sensors.cc:402] SensorsPrivate::RenderThread started
(2023-10-16T20:48:00.858136421) (2023-10-16T20:48:00.858146374) [Dbg] [Sensors.cc:245] Waiting for init
(2023-10-16T20:48:00.863343658) (2023-10-16T20:48:00.863365912) [Msg] Create service on [/world/map/create]
(2023-10-16T20:48:00.863668264) (2023-10-16T20:48:00.863679201) [Msg] Remove service on [/world/map/remove]
(2023-10-16T20:48:00.863899213) (2023-10-16T20:48:00.863909573) [Msg] Pose service on [/world/map/set_pose]
(2023-10-16T20:48:00.864197744) (2023-10-16T20:48:00.864207981) [Msg] Pose service on [/world/map/set_pose_vector]
(2023-10-16T20:48:00.864693831) (2023-10-16T20:48:00.864706825) [Msg] Light configuration service on [/world/map/light_config]
(2023-10-16T20:48:00.865541619) (2023-10-16T20:48:00.865558121) [Msg] Physics service on [/world/map/set_physics]
(2023-10-16T20:48:00.866631038) (2023-10-16T20:48:00.866648205) [Msg] SphericalCoordinates service on [/world/map/set_spherical_coordinates]
(2023-10-16T20:48:00.867204652) (2023-10-16T20:48:00.867215571) [Msg] Enable collision service on [/world/map/enable_collision]
(2023-10-16T20:48:00.867645960) (2023-10-16T20:48:00.867657658) [Msg] Disable collision service on [/world/map/disable_collision]
(2023-10-16T20:48:00.868730110) (2023-10-16T20:48:00.868776414) [Msg] Material service on [/world/map/visual_config]
(2023-10-16T20:48:00.870616267) (2023-10-16T20:48:00.870629645) [Msg] Material service on [/world/map/wheel_slip]
(2023-10-16T20:48:00.870687981) (2023-10-16T20:48:00.870883951) [Dbg] [SystemManager.cc:74] Loaded system [gz::sim::systems::UserCommands] for entity [1]
(2023-10-16T20:48:00.874090291) (2023-10-16T20:48:00.874106319) [Dbg] [SystemManager.cc:74] Loaded system [gz::sim::systems::SceneBroadcaster] for entity [1]
(2023-10-16T20:48:00.879029749) (2023-10-16T20:48:00.879061619) [Dbg] [SystemManager.cc:74] Loaded system [gz::sim::systems::AirPressure] for entity [1]
(2023-10-16T20:48:00.883214584) (2023-10-16T20:48:00.883231917) [Dbg] [SystemManager.cc:74] Loaded system [gz::sim::systems::AirSpeed] for entity [1]
(2023-10-16T20:48:00.887643668) (2023-10-16T20:48:00.887658577) [Dbg] [SystemManager.cc:74] Loaded system [gz::sim::systems::Altimeter] for entity [1]
(2023-10-16T20:48:00.892715710) (2023-10-16T20:48:00.892732383) [Dbg] [SystemManager.cc:74] Loaded system [gz::sim::systems::Imu] for entity [1]
(2023-10-16T20:48:00.898963612) (2023-10-16T20:48:00.898991318) [Dbg] [SystemManager.cc:74] Loaded system [gz::sim::systems::Magnetometer] for entity [1]
(2023-10-16T20:48:00.901681108) (2023-10-16T20:48:00.901696602) [Dbg] [SystemManager.cc:74] Loaded system [gz::sim::systems::NavSat] for entity [1]
(2023-10-16T20:48:00.915401326) (2023-10-16T20:48:00.915416364) [Dbg] [SystemManager.cc:74] Loaded system [gz::sim::systems::JointStatePublisher] for entity [9]
(2023-10-16T20:48:00.918241864) (2023-10-16T20:48:00.918270836) [Msg] OdometryPublisher publishing odometry on [/model/iris/odometry]
(2023-10-16T20:48:00.918587922) (2023-10-16T20:48:00.918595879) [Msg] OdometryPublisher publishing odometry with covariance on [/model/iris/odometry_with_covariance]
(2023-10-16T20:48:00.918800975) (2023-10-16T20:48:00.918810305) [Msg] OdometryPublisher publishing Pose_V (TF) on [/model/iris/pose]
(2023-10-16T20:48:00.918843687) (2023-10-16T20:48:00.918848377) [Dbg] [SystemManager.cc:74] Loaded system [gz::sim::systems::OdometryPublisher] for entity [9]
(2023-10-16T20:48:00.922876196) (2023-10-16T20:48:00.922894279) [Dbg] [SystemManager.cc:74] Loaded system [gz::sim::systems::LiftDrag] for entity [9]
(2023-10-16T20:48:00.923247652) (2023-10-16T20:48:00.923255521) [Dbg] [SystemManager.cc:74] Loaded system [gz::sim::systems::LiftDrag] for entity [9]
(2023-10-16T20:48:00.923518376) (2023-10-16T20:48:00.923525641) [Dbg] [SystemManager.cc:74] Loaded system [gz::sim::systems::LiftDrag] for entity [9]
(2023-10-16T20:48:00.923763792) (2023-10-16T20:48:00.923770565) [Dbg] [SystemManager.cc:74] Loaded system [gz::sim::systems::LiftDrag] for entity [9]
(2023-10-16T20:48:00.924039850) (2023-10-16T20:48:00.924046436) [Dbg] [SystemManager.cc:74] Loaded system [gz::sim::systems::LiftDrag] for entity [9]
(2023-10-16T20:48:00.924287130) (2023-10-16T20:48:00.924293914) [Dbg] [SystemManager.cc:74] Loaded system [gz::sim::systems::LiftDrag] for entity [9]
(2023-10-16T20:48:00.924540201) (2023-10-16T20:48:00.924546907) [Dbg] [SystemManager.cc:74] Loaded system [gz::sim::systems::LiftDrag] for entity [9]
(2023-10-16T20:48:00.924839385) (2023-10-16T20:48:00.924869146) [Dbg] [SystemManager.cc:74] Loaded system [gz::sim::systems::LiftDrag] for entity [9]
(2023-10-16T20:48:00.927896397) (2023-10-16T20:48:00.927907661) [Msg] ApplyJointForce subscribing to Double messages on [/model/iris/joint/rotor_0_joint/cmd_force]
(2023-10-16T20:48:00.928000106) (2023-10-16T20:48:00.928008420) [Dbg] [SystemManager.cc:74] Loaded system [gz::sim::systems::ApplyJointForce] for entity [9]
(2023-10-16T20:48:00.929313925) (2023-10-16T20:48:00.929348953) [Msg] ApplyJointForce subscribing to Double messages on [/model/iris/joint/rotor_1_joint/cmd_force]
(2023-10-16T20:48:00.929412194) (2023-10-16T20:48:00.929418362) [Dbg] [SystemManager.cc:74] Loaded system [gz::sim::systems::ApplyJointForce] for entity [9]
(2023-10-16T20:48:00.930331682) (2023-10-16T20:48:00.930349532) [Msg] ApplyJointForce subscribing to Double messages on [/model/iris/joint/rotor_2_joint/cmd_force]
(2023-10-16T20:48:00.930389789) (2023-10-16T20:48:00.930394839) [Dbg] [SystemManager.cc:74] Loaded system [gz::sim::systems::ApplyJointForce] for entity [9]
(2023-10-16T20:48:00.931337009) (2023-10-16T20:48:00.931367470) [Msg] ApplyJointForce subscribing to Double messages on [/model/iris/joint/rotor_3_joint/cmd_force]
(2023-10-16T20:48:00.931442722) (2023-10-16T20:48:00.931459663) [Dbg] [SystemManager.cc:74] Loaded system [gz::sim::systems::ApplyJointForce] for entity [9]
(2023-10-16T20:48:00.934678002) (2023-10-16T20:48:00.934694460) [Msg] JointPositionController subscribing to Double messages on [/gimbal/cmd_roll]
(2023-10-16T20:48:00.934733796) (2023-10-16T20:48:00.934739368) [Dbg] [JointPositionController.cc:302] [JointPositionController] system parameters:
(2023-10-16T20:48:00.934754252) (2023-10-16T20:48:00.934758916) [Dbg] [JointPositionController.cc:303] p_gain: [2]
(2023-10-16T20:48:00.934790129) (2023-10-16T20:48:00.934794764) [Dbg] [JointPositionController.cc:304] i_gain: [0.1]
(2023-10-16T20:48:00.934814209) (2023-10-16T20:48:00.934818823) [Dbg] [JointPositionController.cc:305] d_gain: [0.01]
(2023-10-16T20:48:00.934838484) (2023-10-16T20:48:00.934843038) [Dbg] [JointPositionController.cc:306] i_max: [1]
(2023-10-16T20:48:00.934861640) (2023-10-16T20:48:00.934866180) [Dbg] [JointPositionController.cc:307] i_min: [-1]
(2023-10-16T20:48:00.934884693) (2023-10-16T20:48:00.934889465) [Dbg] [JointPositionController.cc:308] cmd_max: [1000]
(2023-10-16T20:48:00.934910304) (2023-10-16T20:48:00.934914770) [Dbg] [JointPositionController.cc:309] cmd_min: [-1000]
(2023-10-16T20:48:00.934968281) (2023-10-16T20:48:00.934974019) [Dbg] [JointPositionController.cc:310] cmd_offset: [0]
(2023-10-16T20:48:00.935013455) (2023-10-16T20:48:00.935022066) [Dbg] [JointPositionController.cc:311] Topic: [/gimbal/cmd_roll]
(2023-10-16T20:48:00.935049220) (2023-10-16T20:48:00.935057570) [Dbg] [JointPositionController.cc:312] initial_position: [0]
(2023-10-16T20:48:00.935112160) (2023-10-16T20:48:00.935139683) [Dbg] [SystemManager.cc:74] Loaded system [gz::sim::systems::JointPositionController] for entity [9]
(2023-10-16T20:48:00.936232526) (2023-10-16T20:48:00.936262230) [Msg] JointPositionController subscribing to Double messages on [/gimbal/cmd_tilt]
(2023-10-16T20:48:00.936326020) (2023-10-16T20:48:00.936336151) [Dbg] [JointPositionController.cc:302] [JointPositionController] system parameters:
(2023-10-16T20:48:00.936365174) (2023-10-16T20:48:00.936374423) [Dbg] [JointPositionController.cc:303] p_gain: [2]
(2023-10-16T20:48:00.936416053) (2023-10-16T20:48:00.936425508) [Dbg] [JointPositionController.cc:304] i_gain: [0.1]
(2023-10-16T20:48:00.936463672) (2023-10-16T20:48:00.936473213) [Dbg] [JointPositionController.cc:305] d_gain: [0.01]
(2023-10-16T20:48:00.936511804) (2023-10-16T20:48:00.936521672) [Dbg] [JointPositionController.cc:306] i_max: [1]
(2023-10-16T20:48:00.936559440) (2023-10-16T20:48:00.936568463) [Dbg] [JointPositionController.cc:307] i_min: [-1]
(2023-10-16T20:48:00.936603926) (2023-10-16T20:48:00.936612935) [Dbg] [JointPositionController.cc:308] cmd_max: [1000]
(2023-10-16T20:48:00.936649326) (2023-10-16T20:48:00.936659339) [Dbg] [JointPositionController.cc:309] cmd_min: [-1000]
(2023-10-16T20:48:00.936696846) (2023-10-16T20:48:00.936706158) [Dbg] [JointPositionController.cc:310] cmd_offset: [0]
(2023-10-16T20:48:00.936742758) (2023-10-16T20:48:00.936751967) [Dbg] [JointPositionController.cc:311] Topic: [/gimbal/cmd_tilt]
(2023-10-16T20:48:00.936786704) (2023-10-16T20:48:00.936795803) [Dbg] [JointPositionController.cc:312] initial_position: [0]
(2023-10-16T20:48:00.936867005) (2023-10-16T20:48:00.936880376) [Dbg] [SystemManager.cc:74] Loaded system [gz::sim::systems::JointPositionController] for entity [9]
(2023-10-16T20:48:00.939859484) (2023-10-16T20:48:00.939878517) [Msg] LinearBatteryPlugin configured. Battery name: lipo_3500mAh
(2023-10-16T20:48:00.939919044) (2023-10-16T20:48:00.939924706) [Dbg] [LinearBatteryPlugin.cc:405] Battery initial voltage: 12.6
(2023-10-16T20:48:00.940252339) (2023-10-16T20:48:00.940260555) [Dbg] [SystemManager.cc:74] Loaded system [gz::sim::systems::LinearBatteryPlugin] for entity [9]
(2023-10-16T20:48:00.948765335) (2023-10-16T20:48:00.948781759) [Msg] [iris] Advertising on /gimbal/cmd_roll.
(2023-10-16T20:48:00.949065174) (2023-10-16T20:48:00.949073173) [Msg] [iris] Advertising on /gimbal/cmd_tilt.
(2023-10-16T20:48:00.949359044) [iris] flight dynamics model @ 127.0.0.1:9002
(2023-10-16T20:48:00.949547927) [iris] ArduPilot ready to fly. The force will be with you
(2023-10-16T20:48:00.949616851) (2023-10-16T20:48:00.949625383) [Dbg] [SystemManager.cc:74] Loaded system [ArduPilotPlugin] for entity [9]
(2023-10-16T20:48:00.951139268) (2023-10-16T20:48:00.951151817) [Msg] Loaded level [3]
(2023-10-16T20:48:00.958944764) (2023-10-16T20:48:00.958975448) [Msg] Serving world controls on [/world/map/control], [/world/map/control/state] and [/world/map/playback/control]
(2023-10-16T20:48:00.959489390) (2023-10-16T20:48:00.959508010) [Msg] Serving GUI information on [/world/map/gui/info]
(2023-10-16T20:48:00.959554086) (2023-10-16T20:48:00.959562832) [Msg] World [map] initialized with [1ms] physics profile.
(2023-10-16T20:48:00.959898253) (2023-10-16T20:48:00.959909916) [Msg] Serving world SDF generation service on [/world/map/generate_world_sdf]
(2023-10-16T20:48:00.960074597) (2023-10-16T20:48:00.960085132) [Msg] Serving world names on [/gazebo/worlds]
(2023-10-16T20:48:00.960186915) (2023-10-16T20:48:00.960196900) [Msg] Resource path add service on [/gazebo/resource_paths/add].
(2023-10-16T20:48:00.960288982) (2023-10-16T20:48:00.960322182) [Msg] Resource path get service on [/gazebo/resource_paths/get].
(2023-10-16T20:48:00.960416315) (2023-10-16T20:48:00.960425338) [Msg] Resource path resolve service on [/gazebo/resource_paths/resolve].
(2023-10-16T20:48:00.960572221) (2023-10-16T20:48:00.960581423) [Msg] Resource paths published on [/gazebo/resource_paths].
(2023-10-16T20:48:00.961752682) (2023-10-16T20:48:00.961773873) [Msg] Server control service on [/server_control].
(2023-10-16T20:48:02.185047671) (2023-10-16T20:48:02.185065427) [Wrn] [SimulationRunner.cc:676] Found additional publishers on /stats, using namespaced stats topic only
(2023-10-16T20:48:02.185142741) (2023-10-16T20:48:02.185152226) [Dbg] [SimulationRunner.cc:678] Publishers [Address, Message Type]:
(2023-10-16T20:48:02.185173981) (2023-10-16T20:48:02.185182307) [Dbg] [SimulationRunner.cc:683]   tcp://172.28.246.205:41729, gz.msgs.WorldStatistics
(2023-10-16T20:48:02.185481153) (2023-10-16T20:48:02.185493002) [Wrn] [SimulationRunner.cc:709] Found additional publishers on /clock, using namespaced clock topic only
(2023-10-16T20:48:02.185522598) (2023-10-16T20:48:02.185528613) [Dbg] [SimulationRunner.cc:711] Publishers [Address, Message Type]:
(2023-10-16T20:48:02.185542636) (2023-10-16T20:48:02.185548471) [Dbg] [SimulationRunner.cc:716]   tcp://172.28.246.205:41729, gz.msgs.Clock
(2023-10-16T20:48:02.185804558) (2023-10-16T20:48:02.185814646) [Dbg] [SimulationRunner.cc:503] Creating PostUpdate worker threads: 13
(2023-10-16T20:48:02.185855458) (2023-10-16T20:48:02.185861629) [Dbg] [SimulationRunner.cc:514] Creating postupdate worker thread (0)
(2023-10-16T20:48:02.185990093) (2023-10-16T20:48:02.186003260) [Dbg] [SimulationRunner.cc:514] Creating postupdate worker thread (1)
(2023-10-16T20:48:02.186113136) (2023-10-16T20:48:02.186143369) [Dbg] [SimulationRunner.cc:514] Creating postupdate worker thread (2)
(2023-10-16T20:48:02.186218380) (2023-10-16T20:48:02.186230905) [Dbg] [SimulationRunner.cc:514] Creating postupdate worker thread (3)
(2023-10-16T20:48:02.186322034) (2023-10-16T20:48:02.186331395) [Dbg] [SimulationRunner.cc:514] Creating postupdate worker thread (4)
(2023-10-16T20:48:02.186410640) (2023-10-16T20:48:02.186418784) [Dbg] [SimulationRunner.cc:514] Creating postupdate worker thread (5)
(2023-10-16T20:48:02.186491286) (2023-10-16T20:48:02.186499355) [Dbg] [SimulationRunner.cc:514] Creating postupdate worker thread (6)
(2023-10-16T20:48:02.186569557) (2023-10-16T20:48:02.186582177) [Dbg] [SimulationRunner.cc:514] Creating postupdate worker thread (7)
(2023-10-16T20:48:02.186668927) (2023-10-16T20:48:02.186678057) [Dbg] [SimulationRunner.cc:514] Creating postupdate worker thread (8)
(2023-10-16T20:48:02.186770917) (2023-10-16T20:48:02.186778972) [Dbg] [SimulationRunner.cc:514] Creating postupdate worker thread (9)
(2023-10-16T20:48:02.186837109) (2023-10-16T20:48:02.186845001) [Dbg] [SimulationRunner.cc:514] Creating postupdate worker thread (10)
(2023-10-16T20:48:02.186906447) (2023-10-16T20:48:02.186914543) [Dbg] [SimulationRunner.cc:514] Creating postupdate worker thread (11)
(2023-10-16T20:48:02.189542336) (2023-10-16T20:48:02.189557922) [Dbg] [JointPositionController.cc:361] Identified joint [roll_joint] as Entity [53]
(2023-10-16T20:48:02.189614722) (2023-10-16T20:48:02.189620871) [Dbg] [JointPositionController.cc:361] Identified joint [tilt_joint] as Entity [54]
(2023-10-16T20:48:02.189738697) (2023-10-16T20:48:02.189745734) [Msg] Found IMU sensor with name [imu_link::imu_sensor]
(2023-10-16T20:48:02.189790152) (2023-10-16T20:48:02.189796346) [Dbg] [ArduPilotPlugin.cc:1154] Computed IMU topic to be: world/map/model/iris/link/imu_link/sensor/imu_sensor/imu
(2023-10-16T20:48:02.202961669) (2023-10-16T20:48:02.202994941) [Dbg] [SDFFeatures.cc:328] Mesh construction from an SDF has not been implemented yet for dartsim. Use AttachMeshShapeFeature to use mesh shapes.
(2023-10-16T20:48:02.203054133) (2023-10-16T20:48:02.203061745) [Err] [SDFFeatures.cc:843] The geometry element of collision [roll_col] couldn't be created
(2023-10-16T20:48:02.203289812) (2023-10-16T20:48:02.203303006) [Dbg] [SDFFeatures.cc:328] Mesh construction from an SDF has not been implemented yet for dartsim. Use AttachMeshShapeFeature to use mesh shapes.
(2023-10-16T20:48:02.203334618) (2023-10-16T20:48:02.203343540) [Err] [SDFFeatures.cc:843] The geometry element of collision [tilt_col] couldn't be created
(2023-10-16T20:48:02.883827036) (2023-10-16T20:48:02.883853330) [Dbg] [Sensors.cc:659] Initialization needed
(2023-10-16T20:48:02.883928098) (2023-10-16T20:48:02.883939283) [Dbg] [Sensors.cc:257] Initializing render context
(2023-10-16T20:48:02.884096479) (2023-10-16T20:48:02.884106612) [Msg] Loading plugin [gz-rendering-ogre2]
(2023-10-16T20:48:02.884638295) (2023-10-16T20:48:02.884652233) [Dbg] [AirSpeedSensor.cc:125] Air speed for [iris::base_link::air_speed_sensor] advertised on [world/map/model/iris/link/base_link/sensor/air_speed_sensor/air_speed]
(2023-10-16T20:48:02.885163389) (2023-10-16T20:48:02.885181089) [Msg] Serving scene information on [/world/map/scene/info]
(2023-10-16T20:48:02.885312427) (2023-10-16T20:48:02.885327837) [Dbg] [AltimeterSensor.cc:114] Altimeter data for [iris::base_link::altimeter_sensor] advertised on [world/map/model/iris/link/base_link/sensor/altimeter_sensor/altimeter]
(2023-10-16T20:48:02.885557617) (2023-10-16T20:48:02.885575848) [Dbg] [MagnetometerSensor.cc:117] Magnetometer data for [iris::base_link::magnetometer_sensor] advertised on [world/map/model/iris/link/base_link/sensor/magnetometer_sensor/magnetometer]
(2023-10-16T20:48:02.885666337) (2023-10-16T20:48:02.885683135) [Msg] Serving graph information on [/world/map/scene/graph]
(2023-10-16T20:48:02.885832608) (2023-10-16T20:48:02.885848703) [Dbg] [ImuSensor.cc:149] IMU data for [iris::imu_link::imu_sensor] advertised on [world/map/model/iris/link/imu_link/sensor/imu_sensor/imu(]2023-10-16T20:48:02.885917079) (2023-10-16T20:48:02.885946913) 
[Dbg] [AirPressureSensor.cc:126] Air pressure for [iris::base_link::air_pressure_sensor] advertised on [world/map/model/iris/link/base_link/sensor/air_pressure_sensor/air_pressure]
(2023-10-16T20:48:02.886355008) (2023-10-16T20:48:02.886370085) [Msg] Serving full state on [/world/map/state]
(2023-10-16T20:48:02.886526998) (2023-10-16T20:48:02.886541565) [Msg] Serving full state (async) on [/world/map/state_async]
(2023-10-16T20:48:02.886693587) (2023-10-16T20:48:02.886707322) [Msg] Publishing scene information on [/world/map/scene/info]
(2023-10-16T20:48:02.887052712) (2023-10-16T20:48:02.887081745) [Msg] Publishing entity deletions on [/world/map/scene/deletion]
(2023-10-16T20:48:02.887224718) (2023-10-16T20:48:02.887238265) [Msg] Publishing state changes on [/world/map/state]
(2023-10-16T20:48:02.887365675) (2023-10-16T20:48:02.887377056) [Msg] Publishing pose messages on [/world/map/pose/info]
(2023-10-16T20:48:02.887582070) (2023-10-16T20:48:02.887598406) [Msg] Publishing dynamic pose messages on [/world/map/dynamic_pose/info]
(2023-10-16T20:48:02.888911135) [iris] Connected to ArduPilot controller @ 127.0.0.1:60120
(2023-10-16T20:48:02.888957561) (2023-10-16T20:48:02.888968323) [Wrn] [ArduPilotPlugin.cc:1583] ArduPilot controller has reset
(2023-10-16T20:48:02.889686864) (2023-10-16T20:48:02.889701382) [Dbg] [LinearBatteryPlugin.cc:574] [Battery Plugin] Battery drain: 0 minutes passed.
(2023-10-16T20:48:03.274339157) (2023-10-16T20:48:03.274349095) [Dbg] [RenderUtil.cc:2720] Create scene [scene]
(2023-10-16T20:48:03.355602816) (2023-10-16T20:48:03.355650434) [Dbg] [Sensors.cc:659] Initialization needed
(2023-10-16T20:48:03.355758534) (2023-10-16T20:48:03.355776266) [Dbg] [Sensors.cc:277] Rendering Thread initialized
(2023-10-16T20:48:06.812336032) (2023-10-16T20:48:06.812369519) [Dbg] [CameraSensor.cc:458] Camera images for [iris::tilt_link::camera] advertised on [world/map/model/iris/link/tilt_link/sensor/camera/image]
(2023-10-16T20:48:06.812993090) (2023-10-16T20:48:06.813011972) [Dbg] [CameraSensor.cc:786] Camera info for [iris::tilt_link::camera] advertised on [/world/map/model/iris/link/tilt_link/sensor/camera/camera_info]
(2023-10-16T20:48:06.814441092) (2023-10-16T20:48:06.814465169) [Wrn] [Ogre2Camera.cc:412] Ogre2Camera::SetVisibilityMask: Mask bits c0000000 are set but will be ignored as they conflict with the reserved bits used internally by the ogre2 backend.
(2023-10-16T20:48:06.986715189) (2023-10-16T20:48:06.986752823) [Dbg] [CameraSensor.cc:583] Enabling camera sensor: 'iris::tilt_link::camera' data generation.
(2023-10-16T20:48:07.270345622) (2023-10-16T20:48:07.270367814) [Wrn] [ArduPilotPlugin.cc:1436] [iris] Drained n packets: 3
(2023-10-16T20:50:16.252845086) (2023-10-16T20:50:16.252858058) [Dbg] [LinearBatteryPlugin.cc:574] [Battery Plugin] Battery drain: 1 minutes passed.
(2023-10-16T20:50:24.163498524) (2023-10-16T20:50:24.163508932) [Wrn] [ArduPilotPlugin.cc:1583] ArduPilot controller has reset
(2023-10-16T20:50:42.45962768) (2023-10-16T20:50:42.45974684) [Wrn] [ArduPilotPlugin.cc:1583] ArduPilot controller has reset
