(2023-11-06T18:20:23.252280050) (2023-11-06T18:20:23.252298939) [Msg] Gazebo Sim Server v7.6.0
(2023-11-06T18:20:23.257243815) (2023-11-06T18:20:23.257259121) [Msg] Loading SDF world file[/home/bassam/PX4-Autopilot/Tools/simulation/gz/worlds/default.sdf].
(2023-11-06T18:20:23.433756656) (2023-11-06T18:20:23.433784741) [Msg] Serving entity system service on [/entity/system/add]
(2023-11-06T18:20:23.632789627) (2023-11-06T18:20:23.632814646) [Dbg] [Physics.cc:880] Loaded [gz::physics::dartsim::Plugin] from library [/usr/lib/x86_64-linux-gnu/gz-physics-6/engine-plugins/libgz-physics-dartsim-plugin.so]
(2023-11-06T18:20:23.632932391) (2023-11-06T18:20:23.632947421) [Dbg] [SystemManager.cc:74] Loaded system [gz::sim::systems::Physics] for entity [1]
(2023-11-06T18:20:23.737214350) (2023-11-06T18:20:23.737235055) [Msg] Create service on [/world/default/create]
(2023-11-06T18:20:23.737534918) (2023-11-06T18:20:23.737555708) [Msg] Remove service on [/world/default/remove]
(2023-11-06T18:20:23.737822458) (2023-11-06T18:20:23.737841239) [Msg] Pose service on [/world/default/set_pose]
(2023-11-06T18:20:23.738068729) (2023-11-06T18:20:23.738086840) [Msg] Pose service on [/world/default/set_pose_vector]
(2023-11-06T18:20:23.738413697) (2023-11-06T18:20:23.738432436) [Msg] Light configuration service on [/world/default/light_config]
(2023-11-06T18:20:23.738852312) (2023-11-06T18:20:23.738865496) [Msg] Physics service on [/world/default/set_physics]
(2023-11-06T18:20:23.739092628) (2023-11-06T18:20:23.739104641) [Msg] SphericalCoordinates service on [/world/default/set_spherical_coordinates]
(2023-11-06T18:20:23.739210273) (2023-11-06T18:20:23.739221388) [Msg] Enable collision service on [/world/default/enable_collision]
(2023-11-06T18:20:23.739320408) (2023-11-06T18:20:23.739331676) [Msg] Disable collision service on [/world/default/disable_collision]
(2023-11-06T18:20:23.739583302) (2023-11-06T18:20:23.739595024) [Msg] Material service on [/world/default/visual_config]
(2023-11-06T18:20:23.739772642) (2023-11-06T18:20:23.739784388) [Msg] Material service on [/world/default/wheel_slip]
(2023-11-06T18:20:23.739830874) (2023-11-06T18:20:23.739840545) [Dbg] [SystemManager.cc:74] Loaded system [gz::sim::systems::UserCommands] for entity [1]
(2023-11-06T18:20:23.741989155) (2023-11-06T18:20:23.742004409) [Dbg] [SystemManager.cc:74] Loaded system [gz::sim::systems::SceneBroadcaster] for entity [1]
(2023-11-06T18:20:23.743453435) (2023-11-06T18:20:23.743468025) [Dbg] [SystemManager.cc:74] Loaded system [gz::sim::systems::Contact] for entity [1]
(2023-11-06T18:20:23.745461128) (2023-11-06T18:20:23.745476038) [Dbg] [SystemManager.cc:74] Loaded system [gz::sim::systems::Imu] for entity [1]
(2023-11-06T18:20:23.747155767) (2023-11-06T18:20:23.747171497) [Dbg] [SystemManager.cc:74] Loaded system [gz::sim::systems::AirPressure] for entity [1]
(2023-11-06T18:20:23.748782666) (2023-11-06T18:20:23.748800052) [Msg] Listening to instantaneous wrench commands in [/world/default/wrench]
(2023-11-06T18:20:23.748912073) (2023-11-06T18:20:23.748926199) [Msg] Listening to persistent wrench commands in [/world/default/wrench/persistent]
(2023-11-06T18:20:23.749025937) (2023-11-06T18:20:23.749043754) [Msg] Listening to wrench clear commands in [/world/default/wrench/clear]
(2023-11-06T18:20:23.749081539) (2023-11-06T18:20:23.749089797) [Dbg] [SystemManager.cc:74] Loaded system [gz::sim::systems::ApplyLinkWrench] for entity [1]
(2023-11-06T18:20:23.758249753) (2023-11-06T18:20:23.758267749) [Dbg] [Sensors.cc:506] Configuring Sensors system
(2023-11-06T18:20:23.758387806) (2023-11-06T18:20:23.758403704) [Dbg] [Sensors.cc:425] SensorsPrivate::Run
(2023-11-06T18:20:23.758522302) (2023-11-06T18:20:23.758533680) [Dbg] [SystemManager.cc:74] Loaded system [gz::sim::systems::Sensors] for entity [1]
(2023-11-06T18:20:23.758621745) (2023-11-06T18:20:23.758641345) [Dbg] [Sensors.cc:402] SensorsPrivate::RenderThread started
(2023-11-06T18:20:23.758668713) (2023-11-06T18:20:23.758677255) [Dbg] [Sensors.cc:245] Waiting for init
(2023-11-06T18:20:23.762338103) (2023-11-06T18:20:23.762355341) [Wrn] [SystemLoader.cc:79] Trying to load deprecated plugin [ignition-gazebo-ackermann-steering-system]. Using [gz-sim-ackermann-steering-system] instead.
(2023-11-06T18:20:23.764264463) (2023-11-06T18:20:23.764281475) [Msg] AckermannSteering subscribing to twist messages on [/cmd_vel]
(2023-11-06T18:20:23.764643877) (2023-11-06T18:20:23.764657260) [Dbg] [SystemManager.cc:74] Loaded system [ignition::gazebo::systems::AckermannSteering] for entity [8]
(2023-11-06T18:20:23.764856005) (2023-11-06T18:20:23.764872704) [Msg] Loaded level [3]
(2023-11-06T18:20:23.767259837) (2023-11-06T18:20:23.767277064) [Msg] Serving world controls on [/world/default/control], [/world/default/control/state] and [/world/default/playback/control]
(2023-11-06T18:20:23.767589120) (2023-11-06T18:20:23.767602503) [Msg] Serving GUI information on [/world/default/gui/info]
(2023-11-06T18:20:23.767635205) (2023-11-06T18:20:23.767643252) [Msg] World [default] initialized with [default_physics] physics profile.
(2023-11-06T18:20:23.767892904) (2023-11-06T18:20:23.767907180) [Msg] Serving world SDF generation service on [/world/default/generate_world_sdf]
(2023-11-06T18:20:23.768141625) (2023-11-06T18:20:23.768158816) [Msg] Serving world names on [/gazebo/worlds]
(2023-11-06T18:20:23.768278783) (2023-11-06T18:20:23.768289438) [Msg] Resource path add service on [/gazebo/resource_paths/add].
(2023-11-06T18:20:23.768383638) (2023-11-06T18:20:23.768394584) [Msg] Resource path get service on [/gazebo/resource_paths/get].
(2023-11-06T18:20:23.768483678) (2023-11-06T18:20:23.768494510) [Msg] Resource path resolve service on [/gazebo/resource_paths/resolve].
(2023-11-06T18:20:23.768606662) (2023-11-06T18:20:23.768624342) [Msg] Resource paths published on [/gazebo/resource_paths].
(2023-11-06T18:20:23.768805734) (2023-11-06T18:20:23.768817511) [Msg] Server control service on [/server_control].
(2023-11-06T18:20:25.255504406) (2023-11-06T18:20:25.255522883) [Msg] Found no publishers on /stats, adding root stats topic
(2023-11-06T18:20:25.255789118) (2023-11-06T18:20:25.255804770) [Msg] Found no publishers on /clock, adding root clock topic
(2023-11-06T18:20:25.256152820) (2023-11-06T18:20:25.256171626) [Dbg] [SimulationRunner.cc:503] Creating PostUpdate worker threads: 7
(2023-11-06T18:20:25.256224930) (2023-11-06T18:20:25.256240821) [Dbg] [SimulationRunner.cc:514] Creating postupdate worker thread (0)
(2023-11-06T18:20:25.256467952) (2023-11-06T18:20:25.256486021) [Dbg] [SimulationRunner.cc:514] Creating postupdate worker thread (1)
(2023-11-06T18:20:25.256648967) (2023-11-06T18:20:25.256667599) [Dbg] [SimulationRunner.cc:514] Creating postupdate worker thread (2)
(2023-11-06T18:20:25.256777274) (2023-11-06T18:20:25.256795181) [Dbg] [SimulationRunner.cc:514] Creating postupdate worker thread (3)
(2023-11-06T18:20:25.256907159) (2023-11-06T18:20:25.256924897) [Dbg] [SimulationRunner.cc:514] Creating postupdate worker thread (4)
(2023-11-06T18:20:25.257038507) (2023-11-06T18:20:25.257055956) [Dbg] [SimulationRunner.cc:514] Creating postupdate worker thread (5)
(2023-11-06T18:20:25.569136898) (2023-11-06T18:20:25.569155353) [Wrn] [MulticopterMotorModel.cc:257] No robotNamespace set using entity name.
(2023-11-06T18:20:25.569199443) (2023-11-06T18:20:25.569208920) [Wrn] [MulticopterMotorModel.cc:295] <motorNumber> is depricated, please use <actuator_number>.
(2023-11-06T18:20:25.569277660) (2023-11-06T18:20:25.569287448) [Dbg] [MulticopterMotorModel.cc:386] Listening to topic: x500_depth_0/command/motor_speed
(2023-11-06T18:20:25.569733518) (2023-11-06T18:20:25.569753628) [Dbg] [SystemManager.cc:74] Loaded system [gz::sim::systems::MulticopterMotorModel] for entity [56]
(2023-11-06T18:20:25.570157003) (2023-11-06T18:20:25.570170006) [Wrn] [MulticopterMotorModel.cc:257] No robotNamespace set using entity name.
(2023-11-06T18:20:25.570196031) (2023-11-06T18:20:25.570204902) [Wrn] [MulticopterMotorModel.cc:295] <motorNumber> is depricated, please use <actuator_number>.
(2023-11-06T18:20:25.570278450) (2023-11-06T18:20:25.570289252) [Dbg] [MulticopterMotorModel.cc:386] Listening to topic: x500_depth_0/command/motor_speed
(2023-11-06T18:20:25.570548030) (2023-11-06T18:20:25.570567708) [Dbg] [SystemManager.cc:74] Loaded system [gz::sim::systems::MulticopterMotorModel] for entity [56]
(2023-11-06T18:20:25.570943241) (2023-11-06T18:20:25.570955805) [Wrn] [MulticopterMotorModel.cc:257] No robotNamespace set using entity name.
(2023-11-06T18:20:25.570984849) (2023-11-06T18:20:25.570998655) [Wrn] [MulticopterMotorModel.cc:295] <motorNumber> is depricated, please use <actuator_number>.
(2023-11-06T18:20:25.571061474) (2023-11-06T18:20:25.571070899) [Dbg] [MulticopterMotorModel.cc:386] Listening to topic: x500_depth_0/command/motor_speed
(2023-11-06T18:20:25.571347098) (2023-11-06T18:20:25.571366616) [Dbg] [SystemManager.cc:74] Loaded system [gz::sim::systems::MulticopterMotorModel] for entity [56]
(2023-11-06T18:20:25.571739802) (2023-11-06T18:20:25.571752399) [Wrn] [MulticopterMotorModel.cc:257] No robotNamespace set using entity name.
(2023-11-06T18:20:25.571777764) (2023-11-06T18:20:25.571786697) [Wrn] [MulticopterMotorModel.cc:295] <motorNumber> is depricated, please use <actuator_number>.
(2023-11-06T18:20:25.571843555) (2023-11-06T18:20:25.571852903) [Dbg] [MulticopterMotorModel.cc:386] Listening to topic: x500_depth_0/command/motor_speed
(2023-11-06T18:20:25.572166097) (2023-11-06T18:20:25.572185881) [Dbg] [SystemManager.cc:74] Loaded system [gz::sim::systems::MulticopterMotorModel] for entity [56]
(2023-11-06T18:20:25.572595358) (2023-11-06T18:20:25.572607157) [Dbg] [UserCommands.cc:1263] Created entity [56] named [x500_depth_0]
(2023-11-06T18:20:25.590897017) (2023-11-06T18:20:25.590915466) [Dbg] [SimulationFeatures.cc:72] Simulation timestep set to: 0.004
(2023-11-06T18:20:25.592703471) (2023-11-06T18:20:25.592735812) [Dbg] [Sensors.cc:659] Initialization needed
(2023-11-06T18:20:25.592805568) (2023-11-06T18:20:25.592827197) [Dbg] [Sensors.cc:257] Initializing render context
(2023-11-06T18:20:25.593041580) (2023-11-06T18:20:25.593059727) [Msg] Loading plugin [gz-rendering-ogre2]
(2023-11-06T18:20:25.593660493) (2023-11-06T18:20:25.593686653) [Dbg] [ImuSensor.cc:149] IMU data for [x500_depth_0::base_link::imu_sensor] advertised on [world/default/model/x500_depth_0/link/base_link/sensor/imu_sensor/imu]
(2023-11-06T18:20:25.593844810) (2023-11-06T18:20:25.593866483) [Dbg] [AirPressureSensor.cc:126] Air pressure for [x500_depth_0::base_link::air_pressure_sensor] advertised on [world/default/model/x500_depth_0/link/base_link/sensor/air_pressure_sensor/air_pressure]
(2023-11-06T18:20:25.595370445) (2023-11-06T18:20:25.595394134) [Msg] Serving scene information on [/world/default/scene/info]
(2023-11-06T18:20:25.595530243) (2023-11-06T18:20:25.595548553) [Msg] Serving graph information on [/world/default/scene/graph]
(2023-11-06T18:20:25.595845629) (2023-11-06T18:20:25.595864637) [Msg] Serving full state on [/world/default/state]
(2023-11-06T18:20:25.595990554) (2023-11-06T18:20:25.596007040) [Msg] Serving full state (async) on [/world/default/state_async]
(2023-11-06T18:20:25.596166256) (2023-11-06T18:20:25.596178418) [Msg] Publishing scene information on [/world/default/scene/info]
(2023-11-06T18:20:25.596361747) (2023-11-06T18:20:25.596375413) [Msg] Publishing entity deletions on [/world/default/scene/deletion]
(2023-11-06T18:20:25.596523076) (2023-11-06T18:20:25.596536852) [Msg] Publishing state changes on [/world/default/state]
(2023-11-06T18:20:25.596666511) (2023-11-06T18:20:25.596684286) [Msg] Publishing pose messages on [/world/default/pose/info]
(2023-11-06T18:20:25.596856758) (2023-11-06T18:20:25.596874091) [Msg] Publishing dynamic pose messages on [/world/default/dynamic_pose/info]
(2023-11-06T18:20:25.597835752) (2023-11-06T18:20:25.597853242) [Dbg] [EntityComponentManager.cc:1655] Updated state thread iterators: 8 threads processing around 13 entities each.
(2023-11-06T18:20:25.619056870) (2023-11-06T18:20:25.619083942) [Wrn] [Component.hh:144] Trying to serialize component with data type [N3sdf3v135WorldE], which doesn't have `operator<<`. Component will not be serialized.
(2023-11-06T18:20:25.619600317) (2023-11-06T18:20:25.619621026) [Wrn] [Model.hh:69] Skipping serialization / deserialization for models with //pose/@relative_to attribute.
(((2023-11-06T18:20:25.625736725) (2023-11-06T18:20:25.625775578) [Dbg] [SimulationRunner.cc:530] Exiting postupdate worker thread (0)
(2023-11-06T18:20:25.625900002) (2023-11-06T18:20:25.625917769) [Dbg] [SimulationRunner.cc:530] Exiting postupdate worker thread (4)
2023-11-06T18:20:25.625969684) ((((((2023-11-06T18:20:25.626033883) 2023-11-06T18:20:25.626025362[Dbg] [SimulationRunner.cc:530] Exiting postupdate worker thread (3))2023-11-06T18:20:25.626118689) (

) (2023-11-06T18:20:25.6261817312023-11-06T18:20:25.6261817312023-11-06T18:20:25.6261817312023-11-06T18:20:25.626151963) 2023-11-06T18:20:25.626184074) () 2023-11-06T18:20:25.626255272) Exiting postupdate worker thread ([Dbg] [SimulationRunner.cc:530] Exiting postupdate worker thread (Exiting postupdate worker thread (2[Dbg] [SimulationRunner.cc:530] Exiting postupdate worker thread (1)
)
5)
(2023-11-06T18:20:25.626637459) (2023-11-06T18:20:25.626658071) [Dbg] [SimulationRunner.cc:503] Creating PostUpdate worker threads: 7
(2023-11-06T18:20:25.626712496) (2023-11-06T18:20:25.626727564) [Dbg] [SimulationRunner.cc:514] Creating postupdate worker thread (0)
(2023-11-06T18:20:25.626819732) (2023-11-06T18:20:25.626835719) [Dbg] [SimulationRunner.cc:514] Creating postupdate worker thread (1)
(2023-11-06T18:20:25.626913572) (2023-11-06T18:20:25.626930411) [Dbg] [SimulationRunner.cc:514] Creating postupdate worker thread (2)
(2023-11-06T18:20:25.627036189) (2023-11-06T18:20:25.627054042) [Dbg] [SimulationRunner.cc:514] Creating postupdate worker thread (3)
(2023-11-06T18:20:25.627137535) (2023-11-06T18:20:25.627155129) [Dbg] [SimulationRunner.cc:514] Creating postupdate worker thread (4)
(2023-11-06T18:20:25.627965157) (2023-11-06T18:20:25.627986672) [Dbg] [SimulationRunner.cc:514] Creating postupdate worker thread (5)
(2023-11-06T18:20:26.44169164) (2023-11-06T18:20:26.44182365) [Dbg] [RenderUtil.cc:2720] Create scene [scene]
((2023-11-06T18:20:26.115679871) (2023-11-06T18:20:26.115709496) () 2023-11-06T18:20:26.115759273[Dbg] [Sensors.cc:277] ) [Dbg] [Sensors.cc:659] Rendering Thread initialized
[Dbg] [Sensors.cc:659] Initialization needed
(2023-11-06T18:20:26.123611947) (2023-11-06T18:20:26.123627046) [Wrn] [FuelClient.cc:1952] The fuel.ignitionrobotics.org URL is deprecrated. Pleasse change https://fuel.ignitionrobotics.org/1.0/openrobotics/models/prius hybrid/2/files/meshes/Hybrid.obj to https://fuel.gazebosim.org/1.0/openrobotics/models/prius hybrid/2/files/meshes/Hybrid.obj
(2023-11-06T18:20:26.123742495) (2023-11-06T18:20:26.123753090) [Wrn] [FuelClient.cc:1952] The fuel.ignitionrobotics.org URL is deprecrated. Pleasse change https://fuel.ignitionrobotics.org/1.0/openrobotics/models/prius hybrid/2/files/meshes/Hybrid.obj to https://fuel.gazebosim.org/1.0/openrobotics/models/prius hybrid/2/files/meshes/Hybrid.obj
(2023-11-06T18:20:26.128246016) (2023-11-06T18:20:26.128260373) [Wrn] [OBJLoader.cc:91] Both `d` and `Tr` parameters defined for "Hybrid". Use the value of `d` for dissolve (line 8 in .mtl.)
Both `d` and `Tr` parameters defined for "Wheels3". Use the value of `d` for dissolve (line 22 in .mtl.)
Both `d` and `Tr` parameters defined for "Hybrid_Interior". Use the value of `d` for dissolve (line 36 in .mtl.)
Both `d` and `Tr` parameters defined for "Windows". Use the value of `d` for dissolve (line 50 in .mtl.)

(2023-11-06T18:20:26.326651017) (2023-11-06T18:20:26.326665063) [Err] [SceneManager.cc:887] PBR material: currently only metal workflow is supported. Gazebo will try to render the material using metal workflow but without Roughness / Metalness settings.
(2023-11-06T18:20:29.217780707) (2023-11-06T18:20:29.217806627) [Dbg] [CameraSensor.cc:458] Camera images for [prius_hybrid::chassis::back_camera_sensor] advertised on [back_camera]
(2023-11-06T18:20:29.218063358) (2023-11-06T18:20:29.218082876) [Dbg] [CameraSensor.cc:786] Camera info for [prius_hybrid::chassis::back_camera_sensor] advertised on [/camera_info]
(2023-11-06T18:20:29.218292110) (2023-11-06T18:20:29.218303805) [Wrn] [Ogre2Camera.cc:412] Ogre2Camera::SetVisibilityMask: Mask bits c0000000 are set but will be ignored as they conflict with the reserved bits used internally by the ogre2 backend.
(2023-11-06T18:20:29.218836978) (2023-11-06T18:20:29.218857884) [Dbg] [CameraSensor.cc:458] Camera images for [prius_hybrid::chassis::front_camera_sensor] advertised on [front_camera]
(2023-11-06T18:20:29.218975413) (2023-11-06T18:20:29.218993715) [Dbg] [CameraSensor.cc:786] Camera info for [prius_hybrid::chassis::front_camera_sensor] advertised on [/camera_info]
(2023-11-06T18:20:29.219077944) (2023-11-06T18:20:29.219088658) [Wrn] [Ogre2Camera.cc:412] Ogre2Camera::SetVisibilityMask: Mask bits c0000000 are set but will be ignored as they conflict with the reserved bits used internally by the ogre2 backend.
(2023-11-06T18:20:29.219450591) (2023-11-06T18:20:29.219470358) [Dbg] [CameraSensor.cc:458] Camera images for [prius_hybrid::chassis::left_camera_sensor] advertised on [left_camera]
(2023-11-06T18:20:29.219589198) (2023-11-06T18:20:29.219606778) [Dbg] [CameraSensor.cc:786] Camera info for [prius_hybrid::chassis::left_camera_sensor] advertised on [/camera_info]
(2023-11-06T18:20:29.219690891) (2023-11-06T18:20:29.219702081) [Wrn] [Ogre2Camera.cc:412] Ogre2Camera::SetVisibilityMask: Mask bits c0000000 are set but will be ignored as they conflict with the reserved bits used internally by the ogre2 backend.
(2023-11-06T18:20:29.220032479) (2023-11-06T18:20:29.220052425) [Dbg] [CameraSensor.cc:458] Camera images for [prius_hybrid::chassis::right_camera_sensor] advertised on [right_camera]
(2023-11-06T18:20:29.220166359) (2023-11-06T18:20:29.220184923) [Dbg] [CameraSensor.cc:786] Camera info for [prius_hybrid::chassis::right_camera_sensor] advertised on [/camera_info]
(2023-11-06T18:20:29.220259943) (2023-11-06T18:20:29.220270758) [Wrn] [Ogre2Camera.cc:412] Ogre2Camera::SetVisibilityMask: Mask bits c0000000 are set but will be ignored as they conflict with the reserved bits used internally by the ogre2 backend.
(2023-11-06T18:20:29.220532844) (2023-11-06T18:20:29.220551763) [Dbg] [CameraSensor.cc:458] Camera images for [x500_depth_0::OakD-Lite/base_link::IMX214] advertised on [camera]
(2023-11-06T18:20:29.220707072) (2023-11-06T18:20:29.220724578) [Dbg] [CameraSensor.cc:786] Camera info for [x500_depth_0::OakD-Lite/base_link::IMX214] advertised on [/camera_info]
(2023-11-06T18:20:29.220834851) (2023-11-06T18:20:29.220851367) [Wrn] [Ogre2Camera.cc:412] Ogre2Camera::SetVisibilityMask: Mask bits c0000000 are set but will be ignored as they conflict with the reserved bits used internally by the ogre2 backend.
(2023-11-06T18:20:29.221431692) (2023-11-06T18:20:29.221460219) [Dbg] [DepthCameraSensor.cc:282] Depth images for [x500_depth_0::OakD-Lite/base_link::StereoOV7251] advertised on [depth_camera]
(2023-11-06T18:20:29.221611468) (2023-11-06T18:20:29.221630405) [Dbg] [CameraSensor.cc:786] Camera info for [x500_depth_0::OakD-Lite/base_link::StereoOV7251] advertised on [/camera_info]
(2023-11-06T18:20:29.221883043) (2023-11-06T18:20:29.221901855) [Dbg] [DepthCameraSensor.cc:299] Points for [x500_depth_0::OakD-Lite/base_link::StereoOV7251] advertised on [depth_camera/points]
(2023-11-06T18:20:29.250589065) (2023-11-06T18:20:29.250607284) [Dbg] [CameraSensor.cc:583] Enabling camera sensor: 'x500_depth_0::OakD-Lite/base_link::IMX214' data generation.
(2023-11-06T18:26:08.884091772) (2023-11-06T18:26:08.884117101) [Dbg] [SignalHandler.cc:142] Received signal[2].
(2023-11-06T18:26:08.884167882) (2023-11-06T18:26:08.884184928) [Dbg] [ServerPrivate.cc:115] Server received signal[2]
(2023-11-06T18:26:08.884232085) (2023-11-06T18:26:08.884248817) [Dbg] [Sensors.cc:433] SensorsPrivate::Stop
(2023-11-06T18:26:09.4913879) (2023-11-06T18:26:09.4942170) [Dbg] [Sensors.cc:419] SensorsPrivate::RenderThread stopped
(2023-11-06T18:26:09.15108635) (2023-11-06T18:26:09.15136913) [Dbg] [gz.cc:417] Shutting down gz-sim-server
(((((((2023-11-06T18:26:09.20308171) (2023-11-06T18:26:09.20325710) [Dbg] [SimulationRunner.cc:530] Exiting postupdate worker thread ((2023-11-06T18:26:09.20353050) (2023-11-06T18:26:09.20396401) 2023-11-06T18:26:09.20283190) (2023-11-06T18:26:09.20428920) (3)2023-11-06T18:26:09.20491358) (2023-11-06T18:26:09.20552680) ) (2023-11-06T18:26:09.20791701) 
2023-11-06T18:26:09.20480493) ([Dbg] [SimulationRunner.cc:530] 2023-11-06T18:26:09.20875049Exiting postupdate worker thread (55) )
[Dbg] [SimulationRunner.cc:530] Exiting postupdate worker thread ([Dbg] [SimulationRunner.cc:530] 4)

Exiting postupdate worker thread (2)

Exiting postupdate worker thread (0)
Exiting postupdate worker thread (1)
(2023-11-06T18:26:09.92155013) (2023-11-06T18:26:09.92176550) [Dbg] [Sensors.cc:433] SensorsPrivate::Stop
