(2023-10-19T19:41:33.58293028) (2023-10-19T19:41:33.58299858) [Msg] Gazebo Sim Server v7.6.0
(2023-10-19T19:41:33.60244777) (2023-10-19T19:41:33.60252579) [Msg] Loading SDF world file[/home/bassam/sonoma/sonoma.sdf].
(2023-10-19T19:41:33.119430075) (2023-10-19T19:41:33.119451255) [Wrn] [FuelClient.cc:1952] The fuel.ignitionrobotics.org URL is deprecrated. Pleasse change https://fuel.ignitionrobotics.org/1.0/openrobotics/models/Sonoma Raceway to https://fuel.gazebosim.org/1.0/openrobotics/models/Sonoma Raceway
(2023-10-19T19:41:33.243850900) (2023-10-19T19:41:33.243860019) [Msg] Serving entity system service on [/entity/system/add]
(2023-10-19T19:41:33.244154062) (2023-10-19T19:41:33.244164948) [Wrn] [SystemLoader.cc:79] Trying to load deprecated plugin [ignition-gazebo-physics-system]. Using [gz-sim-physics-system] instead.
(2023-10-19T19:41:33.373522707) (2023-10-19T19:41:33.373592089) [Dbg] [Physics.cc:880] Loaded [gz::physics::dartsim::Plugin] from library [/usr/lib/x86_64-linux-gnu/gz-physics-6/engine-plugins/libgz-physics-dartsim-plugin.so]
(2023-10-19T19:41:33.373665240) (2023-10-19T19:41:33.373674064) [Dbg] [SystemManager.cc:74] Loaded system [ignition::gazebo::systems::Physics] for entity [1]
(2023-10-19T19:41:33.373709666) (2023-10-19T19:41:33.373717155) [Wrn] [SystemLoader.cc:79] Trying to load deprecated plugin [ignition-gazebo-sensors-system]. Using [gz-sim-sensors-system] instead.
(2023-10-19T19:41:33.393987660) (2023-10-19T19:41:33.394002100) [Dbg] [Sensors.cc:506] Configuring Sensors system
(2023-10-19T19:41:33.394174574) (2023-10-19T19:41:33.394184316) [Dbg] [Sensors.cc:425] SensorsPrivate::Run
(2023-10-19T19:41:33.394283955) (2023-10-19T19:41:33.394292696) [Dbg] [SystemManager.cc:74] Loaded system [ignition::gazebo::systems::Sensors] for entity [1]
(2023-10-19T19:41:33.394326399) (2023-10-19T19:41:33.394333945) [Wrn] [SystemLoader.cc:79] Trying to load deprecated plugin [ignition-gazebo-user-commands-system]. Using [gz-sim-user-commands-system] instead.
(2023-10-19T19:41:33.407500311) (2023-10-19T19:41:33.407518656) [Dbg] [Sensors.cc:402] SensorsPrivate::RenderThread started
(2023-10-19T19:41:33.407545306) (2023-10-19T19:41:33.407552588) [Dbg] [Sensors.cc:245] Waiting for init
(2023-10-19T19:41:33.445109091) (2023-10-19T19:41:33.445128100) [Msg] Create service on [/world/sonoma/create]
(2023-10-19T19:41:33.445306192) (2023-10-19T19:41:33.445316680) [Msg] Remove service on [/world/sonoma/remove]
(2023-10-19T19:41:33.445469548) (2023-10-19T19:41:33.445482077) [Msg] Pose service on [/world/sonoma/set_pose]
(2023-10-19T19:41:33.445608636) (2023-10-19T19:41:33.445618842) [Msg] Pose service on [/world/sonoma/set_pose_vector]
(2023-10-19T19:41:33.445826214) (2023-10-19T19:41:33.445836238) [Msg] Light configuration service on [/world/sonoma/light_config]
(2023-10-19T19:41:33.446102681) (2023-10-19T19:41:33.446113120) [Msg] Physics service on [/world/sonoma/set_physics]
(2023-10-19T19:41:33.446312495) (2023-10-19T19:41:33.446323008) [Msg] SphericalCoordinates service on [/world/sonoma/set_spherical_coordinates]
(2023-10-19T19:41:33.446419379) (2023-10-19T19:41:33.446429542) [Msg] Enable collision service on [/world/sonoma/enable_collision]
(2023-10-19T19:41:33.446510262) (2023-10-19T19:41:33.446519686) [Msg] Disable collision service on [/world/sonoma/disable_collision]
(2023-10-19T19:41:33.446749022) (2023-10-19T19:41:33.446759542) [Msg] Material service on [/world/sonoma/visual_config]
(2023-10-19T19:41:33.446901575) (2023-10-19T19:41:33.446911431) [Msg] Material service on [/world/sonoma/wheel_slip]
(2023-10-19T19:41:33.446957056) (2023-10-19T19:41:33.446965547) [Dbg] [SystemManager.cc:74] Loaded system [ignition::gazebo::systems::UserCommands] for entity [1]
(2023-10-19T19:41:33.447007176) (2023-10-19T19:41:33.447015459) [Wrn] [SystemLoader.cc:79] Trying to load deprecated plugin [ignition-gazebo-scene-broadcaster-system]. Using [gz-sim-scene-broadcaster-system] instead.
(2023-10-19T19:41:33.448700019) (2023-10-19T19:41:33.448713373) [Dbg] [SystemManager.cc:74] Loaded system [ignition::gazebo::systems::SceneBroadcaster] for entity [1]
(2023-10-19T19:41:33.452115578) (2023-10-19T19:41:33.452127812) [Wrn] [SystemLoader.cc:79] Trying to load deprecated plugin [ignition-gazebo-ackermann-steering-system]. Using [gz-sim-ackermann-steering-system] instead.
(2023-10-19T19:41:33.453936057) (2023-10-19T19:41:33.453948017) [Msg] AckermannSteering subscribing to twist messages on [/cmd_vel]
(2023-10-19T19:41:33.454311743) (2023-10-19T19:41:33.454323054) [Dbg] [SystemManager.cc:74] Loaded system [ignition::gazebo::systems::AckermannSteering] for entity [8]
(2023-10-19T19:41:33.454442945) (2023-10-19T19:41:33.454452212) [Msg] Loaded level [3]
(2023-10-19T19:41:33.456692878) (2023-10-19T19:41:33.456704618) [Msg] Serving world controls on [/world/sonoma/control], [/world/sonoma/control/state] and [/world/sonoma/playback/control]
(2023-10-19T19:41:33.457054982) (2023-10-19T19:41:33.457066125) [Msg] Serving GUI information on [/world/sonoma/gui/info]
(2023-10-19T19:41:33.457099955) (2023-10-19T19:41:33.457108165) [Msg] World [sonoma] initialized with [default_physics] physics profile.
(2023-10-19T19:41:33.457464970) (2023-10-19T19:41:33.457475597) [Msg] Serving world SDF generation service on [/world/sonoma/generate_world_sdf]
(2023-10-19T19:41:33.457671517) (2023-10-19T19:41:33.457681598) [Msg] Serving world names on [/gazebo/worlds]
(2023-10-19T19:41:33.457805890) (2023-10-19T19:41:33.457815523) [Msg] Resource path add service on [/gazebo/resource_paths/add].
(2023-10-19T19:41:33.457929316) (2023-10-19T19:41:33.457939813) [Msg] Resource path get service on [/gazebo/resource_paths/get].
(2023-10-19T19:41:33.458058098) (2023-10-19T19:41:33.458069941) [Msg] Resource path resolve service on [/gazebo/resource_paths/resolve].
(2023-10-19T19:41:33.458209398) (2023-10-19T19:41:33.458219297) [Msg] Resource paths published on [/gazebo/resource_paths].
(2023-10-19T19:41:33.458397691) (2023-10-19T19:41:33.458407897) [Msg] Server control service on [/server_control].
(2023-10-19T19:41:34.956332615) (2023-10-19T19:41:34.956354326) [Wrn] [SimulationRunner.cc:676] Found additional publishers on /stats, using namespaced stats topic only
(2023-10-19T19:41:34.956389868) (2023-10-19T19:41:34.956397759) [Dbg] [SimulationRunner.cc:678] Publishers [Address, Message Type]:
(2023-10-19T19:41:34.956412887) (2023-10-19T19:41:34.956420465) [Dbg] [SimulationRunner.cc:683]   tcp://172.28.242.145:35045, gz.msgs.WorldStatistics
(2023-10-19T19:41:34.956750905) (2023-10-19T19:41:34.956763607) [Wrn] [SimulationRunner.cc:709] Found additional publishers on /clock, using namespaced clock topic only
(2023-10-19T19:41:34.956789692) (2023-10-19T19:41:34.956798188) [Dbg] [SimulationRunner.cc:711] Publishers [Address, Message Type]:
(2023-10-19T19:41:34.956813742) (2023-10-19T19:41:34.956821403) [Dbg] [SimulationRunner.cc:716]   tcp://172.28.242.145:35045, gz.msgs.Clock
(2023-10-19T19:41:34.956993349) (2023-10-19T19:41:34.957002141) [Dbg] [SimulationRunner.cc:503] Creating PostUpdate worker threads: 4
(2023-10-19T19:41:34.957031148) (2023-10-19T19:41:34.957038834) [Dbg] [SimulationRunner.cc:514] Creating postupdate worker thread (0)
(2023-10-19T19:41:34.957195291) (2023-10-19T19:41:34.957204324) [Dbg] [SimulationRunner.cc:514] Creating postupdate worker thread (1)
(2023-10-19T19:41:34.957295143) (2023-10-19T19:41:34.957304175) [Dbg] [SimulationRunner.cc:514] Creating postupdate worker thread (2)
(2023-10-19T19:41:34.959044636) (2023-10-19T19:41:34.959066705) [Dbg] [SDFFeatures.cc:328] Mesh construction from an SDF has not been implemented yet for dartsim. Use AttachMeshShapeFeature to use mesh shapes.
(2023-10-19T19:41:34.959094652) (2023-10-19T19:41:34.959102410) [Err] [SDFFeatures.cc:843] The geometry element of collision [collision] couldn't be created
(2023-10-19T19:41:34.964291591) (2023-10-19T19:41:34.964302822) [Wrn] [FuelClient.cc:1952] The fuel.ignitionrobotics.org URL is deprecrated. Pleasse change https://fuel.ignitionrobotics.org/1.0/openrobotics/models/sonoma raceway/3/files/meshes/Raceway.obj to https://fuel.gazebosim.org/1.0/openrobotics/models/sonoma raceway/3/files/meshes/Raceway.obj
(2023-10-19T19:41:34.964380611) (2023-10-19T19:41:34.964386240) [Wrn] [FuelClient.cc:1952] The fuel.ignitionrobotics.org URL is deprecrated. Pleasse change https://fuel.ignitionrobotics.org/1.0/openrobotics/models/sonoma raceway/3/files/meshes/Raceway.obj to https://fuel.gazebosim.org/1.0/openrobotics/models/sonoma raceway/3/files/meshes/Raceway.obj
(2023-10-19T19:41:35.19540045) (2023-10-19T19:41:35.19559068) [Wrn] [OBJLoader.cc:91] Both `d` and `Tr` parameters defined for "Asphalt". Use the value of `d` for dissolve (line 8 in .mtl.)
Both `d` and `Tr` parameters defined for "Track". Use the value of `d` for dissolve (line 22 in .mtl.)
Both `d` and `Tr` parameters defined for "Grass". Use the value of `d` for dissolve (line 36 in .mtl.)
Both `d` and `Tr` parameters defined for "RumbleStrip_Barrier". Use the value of `d` for dissolve (line 50 in .mtl.)
Both `d` and `Tr` parameters defined for "Checker". Use the value of `d` for dissolve (line 64 in .mtl.)
Both `d` and `Tr` parameters defined for "Railing". Use the value of `d` for dissolve (line 78 in .mtl.)
Both `d` and `Tr` parameters defined for "Fence". Use the value of `d` for dissolve (line 92 in .mtl.)
Both `d` and `Tr` parameters defined for "Wall". Use the value of `d` for dissolve (line 107 in .mtl.)
Both `d` and `Tr` parameters defined for "Trim". Use the value of `d` for dissolve (line 121 in .mtl.)
Both `d` and `Tr` parameters defined for "Window". Use the value of `d` for dissolve (line 135 in .mtl.)
Both `d` and `Tr` parameters defined for "Roof". Use the value of `d` for dissolve (line 149 in .mtl.)
Both `d` and `Tr` parameters defined for "TireStack". Use the value of `d` for dissolve (line 163 in .mtl.)
Both `d` and `Tr` parameters defined for "Bridge". Use the value of `d` for dissolve (line 177 in .mtl.)
Both `d` and `Tr` parameters defined for "Concrete". Use the value of `d` for dissolve (line 191 in .mtl.)
Both `d` and `Tr` parameters defined for "Stands". Use the value of `d` for dissolve (line 205 in .mtl.)

(2023-10-19T19:41:35.41401283) (2023-10-19T19:41:35.41420467) [Dbg] [Sensors.cc:659] Initialization needed
(2023-10-19T19:41:35.41464617) (2023-10-19T19:41:35.41477305) [Dbg] [Sensors.cc:257] Initializing render context
(2023-10-19T19:41:35.41579625) (2023-10-19T19:41:35.41588915) [Msg] Loading plugin [gz-rendering-ogre2]
(2023-10-19T19:41:35.42271520) (2023-10-19T19:41:35.42288855) [Msg] Serving scene information on [/world/sonoma/scene/info]
(2023-10-19T19:41:35.42392942) (2023-10-19T19:41:35.42402854) [Msg] Serving graph information on [/world/sonoma/scene/graph]
(2023-10-19T19:41:35.42606127) (2023-10-19T19:41:35.42616797) [Msg] Serving full state on [/world/sonoma/state]
(2023-10-19T19:41:35.42707282) (2023-10-19T19:41:35.42717255) [Msg] Serving full state (async) on [/world/sonoma/state_async]
(2023-10-19T19:41:35.42882053) (2023-10-19T19:41:35.42893327) [Msg] Publishing scene information on [/world/sonoma/scene/info]
(2023-10-19T19:41:35.43087895) (2023-10-19T19:41:35.43097674) [Msg] Publishing entity deletions on [/world/sonoma/scene/deletion]
(2023-10-19T19:41:35.43193479) (2023-10-19T19:41:35.43202572) [Msg] Publishing state changes on [/world/sonoma/state]
(2023-10-19T19:41:35.43301100) (2023-10-19T19:41:35.43310654) [Msg] Publishing pose messages on [/world/sonoma/pose/info]
(2023-10-19T19:41:35.43395256) (2023-10-19T19:41:35.43404826) [Msg] Publishing dynamic pose messages on [/world/sonoma/dynamic_pose/info]
(2023-10-19T19:41:35.43699060) (2023-10-19T19:41:35.43710279) [Dbg] [EntityComponentManager.cc:1655] Updated state thread iterators: 8 threads processing around 7 entities each.
(2023-10-19T19:41:35.56298935) (2023-10-19T19:41:35.56341676) [Wrn] [Component.hh:144] Trying to serialize component with data type [N3sdf3v135WorldE], which doesn't have `operator<<`. Component will not be serialized.
(2023-10-19T19:41:35.56478717) (2023-10-19T19:41:35.56490693) [Wrn] [Model.hh:69] Skipping serialization / deserialization for models with //pose/@relative_to attribute.
(2023-10-19T19:41:35.227816207) (2023-10-19T19:41:35.227822906) [Dbg] [RenderUtil.cc:2720] Create scene [scene]
((2023-10-19T19:41:35.260302915) (2023-10-19T19:41:35.260328460) () 2023-10-19T19:41:35.260339605) Rendering Thread initialized
[Dbg] [Sensors.cc:659] Initialization needed
(2023-10-19T19:41:35.556000506) (2023-10-19T19:41:35.556008251) [Wrn] [FuelClient.cc:1952] The fuel.ignitionrobotics.org URL is deprecrated. Pleasse change https://fuel.ignitionrobotics.org/1.0/openrobotics/models/prius hybrid/2/files/meshes/Hybrid.obj to https://fuel.gazebosim.org/1.0/openrobotics/models/prius hybrid/2/files/meshes/Hybrid.obj
(2023-10-19T19:41:35.556068495) (2023-10-19T19:41:35.556073998) [Wrn] [FuelClient.cc:1952] The fuel.ignitionrobotics.org URL is deprecrated. Pleasse change https://fuel.ignitionrobotics.org/1.0/openrobotics/models/prius hybrid/2/files/meshes/Hybrid.obj to https://fuel.gazebosim.org/1.0/openrobotics/models/prius hybrid/2/files/meshes/Hybrid.obj
(2023-10-19T19:41:35.558409535) (2023-10-19T19:41:35.558420156) [Wrn] [OBJLoader.cc:91] Both `d` and `Tr` parameters defined for "Hybrid". Use the value of `d` for dissolve (line 8 in .mtl.)
Both `d` and `Tr` parameters defined for "Wheels3". Use the value of `d` for dissolve (line 22 in .mtl.)
Both `d` and `Tr` parameters defined for "Hybrid_Interior". Use the value of `d` for dissolve (line 36 in .mtl.)
Both `d` and `Tr` parameters defined for "Windows". Use the value of `d` for dissolve (line 50 in .mtl.)

(2023-10-19T19:41:35.651474552) (2023-10-19T19:41:35.651483386) [Dbg] [CameraSensor.cc:458] Camera images for [prius_hybrid::chassis::back_camera_sensor] advertised on [back_camera]
(2023-10-19T19:41:35.651613713) (2023-10-19T19:41:35.651620425) [Dbg] [CameraSensor.cc:786] Camera info for [prius_hybrid::chassis::back_camera_sensor] advertised on [/camera_info]
(2023-10-19T19:41:35.651736079) (2023-10-19T19:41:35.651742297) [Wrn] [Ogre2Camera.cc:412] Ogre2Camera::SetVisibilityMask: Mask bits c0000000 are set but will be ignored as they conflict with the reserved bits used internally by the ogre2 backend.
(2023-10-19T19:41:35.652029563) (2023-10-19T19:41:35.652038883) [Dbg] [CameraSensor.cc:458] Camera images for [prius_hybrid::chassis::front_camera_sensor] advertised on [front_camera]
(2023-10-19T19:41:35.652116547) (2023-10-19T19:41:35.652125987) [Dbg] [CameraSensor.cc:786] Camera info for [prius_hybrid::chassis::front_camera_sensor] advertised on [/camera_info]
(2023-10-19T19:41:35.652183198) (2023-10-19T19:41:35.652192569) [Wrn] [Ogre2Camera.cc:412] Ogre2Camera::SetVisibilityMask: Mask bits c0000000 are set but will be ignored as they conflict with the reserved bits used internally by the ogre2 backend.
(2023-10-19T19:41:35.652390425) (2023-10-19T19:41:35.652400289) [Dbg] [CameraSensor.cc:458] Camera images for [prius_hybrid::chassis::left_camera_sensor] advertised on [left_camera]
(2023-10-19T19:41:35.652460957) (2023-10-19T19:41:35.652470082) [Dbg] [CameraSensor.cc:786] Camera info for [prius_hybrid::chassis::left_camera_sensor] advertised on [/camera_info]
(2023-10-19T19:41:35.652508787) (2023-10-19T19:41:35.652514055) [Wrn] [Ogre2Camera.cc:412] Ogre2Camera::SetVisibilityMask: Mask bits c0000000 are set but will be ignored as they conflict with the reserved bits used internally by the ogre2 backend.
(2023-10-19T19:41:35.652696083) (2023-10-19T19:41:35.652705741) [Dbg] [CameraSensor.cc:458] Camera images for [prius_hybrid::chassis::right_camera_sensor] advertised on [right_camera]
(2023-10-19T19:41:35.652767279) (2023-10-19T19:41:35.652776392) [Dbg] [CameraSensor.cc:786] Camera info for [prius_hybrid::chassis::right_camera_sensor] advertised on [/camera_info]
(2023-10-19T19:41:35.652816555) (2023-10-19T19:41:35.652822096) [Wrn] [Ogre2Camera.cc:412] Ogre2Camera::SetVisibilityMask: Mask bits c0000000 are set but will be ignored as they conflict with the reserved bits used internally by the ogre2 backend.
(2023-10-19T19:41:35.677946241) (2023-10-19T19:41:35.677958014) [Dbg] [CameraSensor.cc:583] Enabling camera sensor: 'prius_hybrid::chassis::front_camera_sensor' data generation.
(2023-10-19T19:42:12.590475123) (2023-10-19T19:42:12.590498147) [Dbg] [SignalHandler.cc:142] Received signal[2].
(2023-10-19T19:42:12.590517631) (2023-10-19T19:42:12.590522388) [Dbg] [ServerPrivate.cc:115] Server received signal[2]
(2023-10-19T19:42:12.590538222) (2023-10-19T19:42:12.590542612) [Dbg] [Sensors.cc:433] SensorsPrivate::Stop
(2023-10-19T19:42:12.648442848) (2023-10-19T19:42:12.648455861) [Dbg] [Sensors.cc:419] SensorsPrivate::RenderThread stopped
(2023-10-19T19:42:12.649147562) (2023-10-19T19:42:12.649156616) [Dbg] [gz.cc:417] Shutting down gz-sim-server
(((2023-10-19T19:42:12.652151924) (2023-10-19T19:42:12.652262912) (2023-10-19T19:42:12.652272304) [Dbg] [SimulationRunner.cc:530] Exiting postupdate worker thread (0)
(2023-10-19T19:42:12.652299518) 2023-10-19T19:42:12.652301447) (2023-10-19T19:42:12.652317316) [Dbg] [SimulationRunner.cc:530] Exiting postupdate worker thread (2)
[Dbg] [SimulationRunner.cc:530] Exiting postupdate worker thread (1
)
(2023-10-19T19:42:12.681233425) (2023-10-19T19:42:12.681247626) [Dbg] [Sensors.cc:433] SensorsPrivate::Stop
