(2023-10-28T16:43:48.220354728) (2023-10-28T16:43:48.220364698) [Msg] Gazebo Sim Server v7.6.0
(2023-10-28T16:43:48.223209505) (2023-10-28T16:43:48.223218344) [Msg] Loading SDF world file[/home/bassam/PX4-Autopilot/Tools/simulation/gz/worlds/default.sdf].
(2023-10-28T16:43:48.321621025) (2023-10-28T16:43:48.321635251) [Msg] Serving entity system service on [/entity/system/add]
(2023-10-28T16:43:48.431894379) (2023-10-28T16:43:48.431913628) [Dbg] [Physics.cc:880] Loaded [gz::physics::dartsim::Plugin] from library [/usr/lib/x86_64-linux-gnu/gz-physics-6/engine-plugins/libgz-physics-dartsim-plugin.so]
(2023-10-28T16:43:48.432003276) (2023-10-28T16:43:48.432015194) [Dbg] [SystemManager.cc:74] Loaded system [gz::sim::systems::Physics] for entity [1]
(2023-10-28T16:43:48.535239945) (2023-10-28T16:43:48.535256300) [Msg] Create service on [/world/default/create]
(2023-10-28T16:43:48.535387523) (2023-10-28T16:43:48.535396370) [Msg] Remove service on [/world/default/remove]
(2023-10-28T16:43:48.535530490) (2023-10-28T16:43:48.535536939) [Msg] Pose service on [/world/default/set_pose]
(2023-10-28T16:43:48.535615253) (2023-10-28T16:43:48.535621010) [Msg] Pose service on [/world/default/set_pose_vector]
(2023-10-28T16:43:48.535766204) (2023-10-28T16:43:48.535775325) [Msg] Light configuration service on [/world/default/light_config]
(2023-10-28T16:43:48.535941914) (2023-10-28T16:43:48.535947796) [Msg] Physics service on [/world/default/set_physics]
(2023-10-28T16:43:48.536069025) (2023-10-28T16:43:48.536074657) [Msg] SphericalCoordinates service on [/world/default/set_spherical_coordinates]
(2023-10-28T16:43:48.536119602) (2023-10-28T16:43:48.536124708) [Msg] Enable collision service on [/world/default/enable_collision]
(2023-10-28T16:43:48.536167952) (2023-10-28T16:43:48.536173188) [Msg] Disable collision service on [/world/default/disable_collision]
(2023-10-28T16:43:48.536283611) (2023-10-28T16:43:48.536289072) [Msg] Material service on [/world/default/visual_config]
(2023-10-28T16:43:48.536372251) (2023-10-28T16:43:48.536377754) [Msg] Material service on [/world/default/wheel_slip]
(2023-10-28T16:43:48.536401252) (2023-10-28T16:43:48.536405441) [Dbg] [SystemManager.cc:74] Loaded system [gz::sim::systems::UserCommands] for entity [1]
(2023-10-28T16:43:48.537472125) (2023-10-28T16:43:48.537480149) [Dbg] [SystemManager.cc:74] Loaded system [gz::sim::systems::SceneBroadcaster] for entity [1]
(2023-10-28T16:43:48.538225309) (2023-10-28T16:43:48.538232751) [Dbg] [SystemManager.cc:74] Loaded system [gz::sim::systems::Contact] for entity [1]
(2023-10-28T16:43:48.539387765) (2023-10-28T16:43:48.539396206) [Dbg] [SystemManager.cc:74] Loaded system [gz::sim::systems::Imu] for entity [1]
(2023-10-28T16:43:48.540373988) (2023-10-28T16:43:48.540384220) [Dbg] [SystemManager.cc:74] Loaded system [gz::sim::systems::AirPressure] for entity [1]
(2023-10-28T16:43:48.541270273) (2023-10-28T16:43:48.541278206) [Msg] Listening to instantaneous wrench commands in [/world/default/wrench]
(2023-10-28T16:43:48.541334630) (2023-10-28T16:43:48.541343603) [Msg] Listening to persistent wrench commands in [/world/default/wrench/persistent]
(2023-10-28T16:43:48.541394939) (2023-10-28T16:43:48.541404184) [Msg] Listening to wrench clear commands in [/world/default/wrench/clear]
(2023-10-28T16:43:48.541423064) (2023-10-28T16:43:48.541427407) [Dbg] [SystemManager.cc:74] Loaded system [gz::sim::systems::ApplyLinkWrench] for entity [1]
(2023-10-28T16:43:48.546963387) (2023-10-28T16:43:48.546975390) [Dbg] [Sensors.cc:506] Configuring Sensors system
(2023-10-28T16:43:48.547066437) (2023-10-28T16:43:48.547073072) [Dbg] [Sensors.cc:425] SensorsPrivate::Run
(2023-10-28T16:43:48.547148239) (2023-10-28T16:43:48.547155115) [Dbg] [SystemManager.cc:74] Loaded system [gz::sim::systems::Sensors] for entity [1]
(2023-10-28T16:43:48.547193741) (2023-10-28T16:43:48.547206259) [Dbg] [Sensors.cc:402] SensorsPrivate::RenderThread started
(2023-10-28T16:43:48.547226161) (2023-10-28T16:43:48.547231774) [Dbg] [Sensors.cc:245] Waiting for init
(2023-10-28T16:43:48.549619085) (2023-10-28T16:43:48.549629399) [Wrn] [SystemLoader.cc:79] Trying to load deprecated plugin [ignition-gazebo-ackermann-steering-system]. Using [gz-sim-ackermann-steering-system] instead.
(2023-10-28T16:43:48.550843879) (2023-10-28T16:43:48.550854715) [Msg] AckermannSteering subscribing to twist messages on [/cmd_vel]
(2023-10-28T16:43:48.551111589) (2023-10-28T16:43:48.551122419) [Dbg] [SystemManager.cc:74] Loaded system [ignition::gazebo::systems::AckermannSteering] for entity [11]
(2023-10-28T16:43:48.551291463) (2023-10-28T16:43:48.551301530) [Msg] Loaded level [3]
(2023-10-28T16:43:48.553380947) (2023-10-28T16:43:48.553397433) [Msg] Serving world controls on [/world/default/control], [/world/default/control/state] and [/world/default/playback/control]
(2023-10-28T16:43:48.553683422) (2023-10-28T16:43:48.553695467) [Msg] Serving GUI information on [/world/default/gui/info]
(2023-10-28T16:43:48.553725478) (2023-10-28T16:43:48.553733585) [Msg] World [default] initialized with [default_physics] physics profile.
(2023-10-28T16:43:48.553917969) (2023-10-28T16:43:48.553929358) [Msg] Serving world SDF generation service on [/world/default/generate_world_sdf]
(2023-10-28T16:43:48.554070034) (2023-10-28T16:43:48.554082175) [Msg] Serving world names on [/gazebo/worlds]
(2023-10-28T16:43:48.554170465) (2023-10-28T16:43:48.554181558) [Msg] Resource path add service on [/gazebo/resource_paths/add].
(2023-10-28T16:43:48.554270433) (2023-10-28T16:43:48.554280849) [Msg] Resource path get service on [/gazebo/resource_paths/get].
(2023-10-28T16:43:48.554369472) (2023-10-28T16:43:48.554380410) [Msg] Resource path resolve service on [/gazebo/resource_paths/resolve].
(2023-10-28T16:43:48.554473147) (2023-10-28T16:43:48.554483965) [Msg] Resource paths published on [/gazebo/resource_paths].
(2023-10-28T16:43:48.554624219) (2023-10-28T16:43:48.554634871) [Msg] Server control service on [/server_control].
(2023-10-28T16:43:50.222121606) (2023-10-28T16:43:50.222135873) [Msg] Found no publishers on /stats, adding root stats topic
(2023-10-28T16:43:50.222283931) (2023-10-28T16:43:50.222293199) [Msg] Found no publishers on /clock, adding root clock topic
(2023-10-28T16:43:50.222480692) (2023-10-28T16:43:50.222487305) [Dbg] [SimulationRunner.cc:503] Creating PostUpdate worker threads: 7
(2023-10-28T16:43:50.222507378) (2023-10-28T16:43:50.222511792) [Dbg] [SimulationRunner.cc:514] Creating postupdate worker thread (0)
(2023-10-28T16:43:50.222572960) (2023-10-28T16:43:50.222578434) [Dbg] [SimulationRunner.cc:514] Creating postupdate worker thread (1)
(2023-10-28T16:43:50.222631188) (2023-10-28T16:43:50.222636590) [Dbg] [SimulationRunner.cc:514] Creating postupdate worker thread (2)
(2023-10-28T16:43:50.222689110) (2023-10-28T16:43:50.222694490) [Dbg] [SimulationRunner.cc:514] Creating postupdate worker thread (3)
(2023-10-28T16:43:50.222740145) (2023-10-28T16:43:50.222746789) [Dbg] [SimulationRunner.cc:514] Creating postupdate worker thread (4)
(2023-10-28T16:43:50.222787732) (2023-10-28T16:43:50.222793244) [Dbg] [SimulationRunner.cc:514] Creating postupdate worker thread (5)
(2023-10-28T16:43:50.397322609) (2023-10-28T16:43:50.397333359) [Wrn] [MulticopterMotorModel.cc:257] No robotNamespace set using entity name.
(2023-10-28T16:43:50.397357332) (2023-10-28T16:43:50.397362183) [Wrn] [MulticopterMotorModel.cc:295] <motorNumber> is depricated, please use <actuator_number>.
(2023-10-28T16:43:50.397398652) (2023-10-28T16:43:50.397403821) [Dbg] [MulticopterMotorModel.cc:386] Listening to topic: x500_depth_0/command/motor_speed
(2023-10-28T16:43:50.397670334) (2023-10-28T16:43:50.397677274) [Dbg] [SystemManager.cc:74] Loaded system [gz::sim::systems::MulticopterMotorModel] for entity [59]
(2023-10-28T16:43:50.397885311) (2023-10-28T16:43:50.397891450) [Wrn] [MulticopterMotorModel.cc:257] No robotNamespace set using entity name.
(2023-10-28T16:43:50.397904635) (2023-10-28T16:43:50.397909298) [Wrn] [MulticopterMotorModel.cc:295] <motorNumber> is depricated, please use <actuator_number>.
(2023-10-28T16:43:50.397939212) (2023-10-28T16:43:50.397944136) [Dbg] [MulticopterMotorModel.cc:386] Listening to topic: x500_depth_0/command/motor_speed
(2023-10-28T16:43:50.398078209) (2023-10-28T16:43:50.398084487) [Dbg] [SystemManager.cc:74] Loaded system [gz::sim::systems::MulticopterMotorModel] for entity [59]
(2023-10-28T16:43:50.398271748) (2023-10-28T16:43:50.398277958) [Wrn] [MulticopterMotorModel.cc:257] No robotNamespace set using entity name.
(2023-10-28T16:43:50.398291118) (2023-10-28T16:43:50.398295530) [Wrn] [MulticopterMotorModel.cc:295] <motorNumber> is depricated, please use <actuator_number>.
(2023-10-28T16:43:50.398331516) (2023-10-28T16:43:50.398336823) [Dbg] [MulticopterMotorModel.cc:386] Listening to topic: x500_depth_0/command/motor_speed
(2023-10-28T16:43:50.398471025) (2023-10-28T16:43:50.398480745) [Dbg] [SystemManager.cc:74] Loaded system [gz::sim::systems::MulticopterMotorModel] for entity [59]
(2023-10-28T16:43:50.398694634) (2023-10-28T16:43:50.398700904) [Wrn] [MulticopterMotorModel.cc:257] No robotNamespace set using entity name.
(2023-10-28T16:43:50.398714086) (2023-10-28T16:43:50.398718489) [Wrn] [MulticopterMotorModel.cc:295] <motorNumber> is depricated, please use <actuator_number>.
(2023-10-28T16:43:50.398748386) (2023-10-28T16:43:50.398753114) [Dbg] [MulticopterMotorModel.cc:386] Listening to topic: x500_depth_0/command/motor_speed
(2023-10-28T16:43:50.398925418) (2023-10-28T16:43:50.398931763) [Dbg] [SystemManager.cc:74] Loaded system [gz::sim::systems::MulticopterMotorModel] for entity [59]
(2023-10-28T16:43:50.399146665) (2023-10-28T16:43:50.399152209) [Dbg] [UserCommands.cc:1263] Created entity [59] named [x500_depth_0]
(2023-10-28T16:43:50.410291674) (2023-10-28T16:43:50.410308535) [Dbg] [SimulationFeatures.cc:72] Simulation timestep set to: 0.004
(2023-10-28T16:43:50.413436559) (2023-10-28T16:43:50.413455266) [Dbg] [Sensors.cc:659] Initialization needed
(2023-10-28T16:43:50.413501251) (2023-10-28T16:43:50.413512372) [Dbg] [Sensors.cc:257] Initializing render context
(2023-10-28T16:43:50.413610632) (2023-10-28T16:43:50.413616512) [Msg] Loading plugin [gz-rendering-ogre2]
(2023-10-28T16:43:50.413885759) (2023-10-28T16:43:50.413896420) [Dbg] [AirPressureSensor.cc:126] Air pressure for [x500_depth_0::base_link::air_pressure_sensor] advertised on [world/default/model/x500_depth_0/link/base_link/sensor/air_pressure_sensor/air_pressure]
(2023-10-28T16:43:50.413970125) (2023-10-28T16:43:50.413984256) [Dbg] [ImuSensor.cc:149] IMU data for [x500_depth_0::base_link::imu_sensor] advertised on [world/default/model/x500_depth_0/link/base_link/sensor/imu_sensor/imu]
(2023-10-28T16:43:50.414548275) (2023-10-28T16:43:50.414556519) [Msg] Serving scene information on [/world/default/scene/info]
(2023-10-28T16:43:50.414630759) (2023-10-28T16:43:50.414639688) [Msg] Serving graph information on [/world/default/scene/graph]
(2023-10-28T16:43:50.414798226) (2023-10-28T16:43:50.414808023) [Msg] Serving full state on [/world/default/state]
(2023-10-28T16:43:50.414869849) (2023-10-28T16:43:50.414878714) [Msg] Serving full state (async) on [/world/default/state_async]
(2023-10-28T16:43:50.414938458) (2023-10-28T16:43:50.414945197) [Msg] Publishing scene information on [/world/default/scene/info]
(2023-10-28T16:43:50.415030226) (2023-10-28T16:43:50.415036655) [Msg] Publishing entity deletions on [/world/default/scene/deletion]
(2023-10-28T16:43:50.415112051) (2023-10-28T16:43:50.415120147) [Msg] Publishing state changes on [/world/default/state]
(2023-10-28T16:43:50.415222735) (2023-10-28T16:43:50.415234715) [Msg] Publishing pose messages on [/world/default/pose/info]
(2023-10-28T16:43:50.415339181) (2023-10-28T16:43:50.415348882) [Msg] Publishing dynamic pose messages on [/world/default/dynamic_pose/info]
(2023-10-28T16:43:50.415902486) (2023-10-28T16:43:50.415911011) [Dbg] [EntityComponentManager.cc:1655] Updated state thread iterators: 8 threads processing around 13 entities each.
(2023-10-28T16:43:50.425272272) (2023-10-28T16:43:50.425286471) [Wrn] [Model.hh:69] Skipping serialization / deserialization for models with //pose/@relative_to attribute.
(2023-10-28T16:43:50.425486237) (2023-10-28T16:43:50.425497167) [Wrn] [Component.hh:144] Trying to serialize component with data type [N3sdf3v135WorldE], which doesn't have `operator<<`. Component will not be serialized.
((2023-10-28T16:43:50.428198279) ) ) ) 2023-10-28T16:43:50.4282477542023-10-28T16:43:50.4282477542023-10-28T16:43:50.4282535412023-10-28T16:43:50.4282477542023-10-28T16:43:50.428253541) (((2023-10-28T16:43:50.428284316) ((2023-10-28T16:43:50.428302839(2023-10-28T16:43:50.428302839((2023-10-28T16:43:50.428321397) [Dbg] [SimulationRunner.cc:530] 2023-10-28T16:43:50.428344218) Exiting postupdate worker thread (2023-10-28T16:43:50.42831753002023-10-28T16:43:50.4283175300) (2023-10-28T16:43:50.428367221) ) ) 2023-10-28T16:43:50.428406525) )
[Dbg] [SimulationRunner.cc:530] Exiting postupdate worker thread (4)
[Dbg] [SimulationRunner.cc:530] Exiting postupdate worker thread (22[Dbg] [SimulationRunner.cc:530] Exiting postupdate worker thread (2[Dbg] [SimulationRunner.cc:530] Exiting postupdate worker thread (1)
Exiting postupdate worker thread (5))x)x
3)
)x(2023-10-28T16:43:50.428774921) (2023-10-28T16:43:50.428783786) [Dbg] [SimulationRunner.cc:503] Creating PostUpdate worker threads: 7
(2023-10-28T16:43:50.428828863) (2023-10-28T16:43:50.428840659) [Dbg] [SimulationRunner.cc:514] Creating postupdate worker thread (0)
(2023-10-28T16:43:50.429535942) (2023-10-28T16:43:50.429548085) [Dbg] [SimulationRunner.cc:514] Creating postupdate worker thread (1)
(2023-10-28T16:43:50.429593566) (2023-10-28T16:43:50.429603862) [Dbg] [SimulationRunner.cc:514] Creating postupdate worker thread (2)
(2023-10-28T16:43:50.429647989) (2023-10-28T16:43:50.429657860) [Dbg] [SimulationRunner.cc:514] Creating postupdate worker thread (3)
(2023-10-28T16:43:50.429692185) (2023-10-28T16:43:50.429701563) [Dbg] [SimulationRunner.cc:514] Creating postupdate worker thread (4)
(2023-10-28T16:43:50.429762629) (2023-10-28T16:43:50.429773886) [Dbg] [SimulationRunner.cc:514] Creating postupdate worker thread (5)
(2023-10-28T16:43:50.674994002) (2023-10-28T16:43:50.675001466) [Dbg] [RenderUtil.cc:2720] Create scene [scene]
(() (2023-10-28T16:43:50.714723719) (2023-10-28T16:43:50.714728813) 2023-10-28T16:43:50.714745110) [Dbg] [Sensors.cc:277] Rendering Thread initialized
Initialization needed
(2023-10-28T16:43:50.719275904) (2023-10-28T16:43:50.719286648) [Wrn] [FuelClient.cc:1952] The fuel.ignitionrobotics.org URL is deprecrated. Pleasse change https://fuel.ignitionrobotics.org/1.0/openrobotics/models/prius hybrid/2/files/meshes/Hybrid.obj to https://fuel.gazebosim.org/1.0/openrobotics/models/prius hybrid/2/files/meshes/Hybrid.obj
(2023-10-28T16:43:50.719375371) (2023-10-28T16:43:50.719382395) [Wrn] [FuelClient.cc:1952] The fuel.ignitionrobotics.org URL is deprecrated. Pleasse change https://fuel.ignitionrobotics.org/1.0/openrobotics/models/prius hybrid/2/files/meshes/Hybrid.obj to https://fuel.gazebosim.org/1.0/openrobotics/models/prius hybrid/2/files/meshes/Hybrid.obj
(2023-10-28T16:43:50.722850559) (2023-10-28T16:43:50.722860244) [Wrn] [OBJLoader.cc:91] Both `d` and `Tr` parameters defined for "Hybrid". Use the value of `d` for dissolve (line 8 in .mtl.)
Both `d` and `Tr` parameters defined for "Wheels3". Use the value of `d` for dissolve (line 22 in .mtl.)
Both `d` and `Tr` parameters defined for "Hybrid_Interior". Use the value of `d` for dissolve (line 36 in .mtl.)
Both `d` and `Tr` parameters defined for "Windows". Use the value of `d` for dissolve (line 50 in .mtl.)

(2023-10-28T16:43:50.791500505) (2023-10-28T16:43:50.791507824) [Err] [SceneManager.cc:887] PBR material: currently only metal workflow is supported. Gazebo will try to render the material using metal workflow but without Roughness / Metalness settings.
(2023-10-28T16:43:52.293837657) (2023-10-28T16:43:52.293847320) [Dbg] [CameraSensor.cc:458] Camera images for [prius_hybrid::chassis::back_camera_sensor] advertised on [back_camera]
(2023-10-28T16:43:52.293969419) (2023-10-28T16:43:52.293976297) [Dbg] [CameraSensor.cc:786] Camera info for [prius_hybrid::chassis::back_camera_sensor] advertised on [/camera_info]
(2023-10-28T16:43:52.294085155) (2023-10-28T16:43:52.294100778) [Wrn] [Ogre2Camera.cc:412] Ogre2Camera::SetVisibilityMask: Mask bits c0000000 are set but will be ignored as they conflict with the reserved bits used internally by the ogre2 backend.
(2023-10-28T16:43:52.294357351) (2023-10-28T16:43:52.294367857) [Dbg] [CameraSensor.cc:458] Camera images for [prius_hybrid::chassis::front_camera_sensor] advertised on [front_camera]
(2023-10-28T16:43:52.294434178) (2023-10-28T16:43:52.294444023) [Dbg] [CameraSensor.cc:786] Camera info for [prius_hybrid::chassis::front_camera_sensor] advertised on [/camera_info]
(2023-10-28T16:43:52.294487547) (2023-10-28T16:43:52.294493183) [Wrn] [Ogre2Camera.cc:412] Ogre2Camera::SetVisibilityMask: Mask bits c0000000 are set but will be ignored as they conflict with the reserved bits used internally by the ogre2 backend.
(2023-10-28T16:43:52.294646148) (2023-10-28T16:43:52.294656487) [Dbg] [CameraSensor.cc:458] Camera images for [prius_hybrid::chassis::left_camera_sensor] advertised on [left_camera]
(2023-10-28T16:43:52.294719360) (2023-10-28T16:43:52.294729112) [Dbg] [CameraSensor.cc:786] Camera info for [prius_hybrid::chassis::left_camera_sensor] advertised on [/camera_info]
(2023-10-28T16:43:52.294770166) (2023-10-28T16:43:52.294775742) [Wrn] [Ogre2Camera.cc:412] Ogre2Camera::SetVisibilityMask: Mask bits c0000000 are set but will be ignored as they conflict with the reserved bits used internally by the ogre2 backend.
(2023-10-28T16:43:52.294910762) (2023-10-28T16:43:52.294920799) [Dbg] [CameraSensor.cc:458] Camera images for [prius_hybrid::chassis::right_camera_sensor] advertised on [right_camera]
(2023-10-28T16:43:52.294982482) (2023-10-28T16:43:52.294992334) [Dbg] [CameraSensor.cc:786] Camera info for [prius_hybrid::chassis::right_camera_sensor] advertised on [/camera_info]
(2023-10-28T16:43:52.295030167) (2023-10-28T16:43:52.295035633) [Wrn] [Ogre2Camera.cc:412] Ogre2Camera::SetVisibilityMask: Mask bits c0000000 are set but will be ignored as they conflict with the reserved bits used internally by the ogre2 backend.
(2023-10-28T16:43:52.295202518) (2023-10-28T16:43:52.295213856) [Dbg] [CameraSensor.cc:458] Camera images for [x500_depth_0::OakD-Lite/base_link::IMX214] advertised on [camera]
(2023-10-28T16:43:52.295285397) (2023-10-28T16:43:52.295295764) [Dbg] [CameraSensor.cc:786] Camera info for [x500_depth_0::OakD-Lite/base_link::IMX214] advertised on [/camera_info]
(2023-10-28T16:43:52.295343325) (2023-10-28T16:43:52.295349491) [Wrn] [Ogre2Camera.cc:412] Ogre2Camera::SetVisibilityMask: Mask bits c0000000 are set but will be ignored as they conflict with the reserved bits used internally by the ogre2 backend.
(2023-10-28T16:43:52.295583903) (2023-10-28T16:43:52.295594727) [Dbg] [DepthCameraSensor.cc:282] Depth images for [x500_depth_0::OakD-Lite/base_link::StereoOV7251] advertised on [depth_camera]
(2023-10-28T16:43:52.295671942) (2023-10-28T16:43:52.295682790) [Dbg] [CameraSensor.cc:786] Camera info for [x500_depth_0::OakD-Lite/base_link::StereoOV7251] advertised on [/camera_info]
(2023-10-28T16:43:52.295840516) (2023-10-28T16:43:52.295849425) [Dbg] [DepthCameraSensor.cc:299] Points for [x500_depth_0::OakD-Lite/base_link::StereoOV7251] advertised on [depth_camera/points]
(2023-10-28T16:44:14.924703468) (2023-10-28T16:44:14.924723949) [Dbg] [SignalHandler.cc:142] Received signal[2].
(2023-10-28T16:44:14.924758036) (2023-10-28T16:44:14.924768840) [Dbg] [ServerPrivate.cc:115] Server received signal[2]
(2023-10-28T16:44:14.924793772) (2023-10-28T16:44:14.924799886) [Dbg] [Sensors.cc:433] SensorsPrivate::Stop
(2023-10-28T16:44:14.965446022) (2023-10-28T16:44:14.965461435) [Dbg] [Sensors.cc:419] SensorsPrivate::RenderThread stopped
(2023-10-28T16:44:14.973410830) (2023-10-28T16:44:14.973423798) [Dbg] [gz.cc:417] Shutting down gz-sim-server
((2023-10-28T16:44:14.977074819) (((((((2023-10-28T16:44:14.9771230022023-10-28T16:44:14.9771230022023-10-28T16:44:14.9771230022023-10-28T16:44:14.977126304) (2023-10-28T16:44:14.977144399) [Dbg] [SimulationRunner.cc:530] Exiting postupdate worker thread (0)
) (2023-10-28T16:44:14.977199641) ) (2023-10-28T16:44:14.977338487) (2023-10-28T16:44:14.977354696) [Dbg] [SimulationRunner.cc:530] Exiting postupdate worker thread (3)
[Dbg] [SimulationRunner.cc:530] Exiting postupdate worker thread (4)
[Dbg] [SimulationRunner.cc:530] Exiting postupdate worker thread (5) () 2023-10-28T16:44:14.977467327) ()
2023-10-28T16:44:14.977489053) [Dbg] [SimulationRunner.cc:530] Exiting postupdate worker thread ([Dbg] [SimulationRunner.cc:530] 2Exiting postupdate worker thread (1)
)
(2023-10-28T16:44:15.12703371) (2023-10-28T16:44:15.12716612) [Dbg] [Sensors.cc:433] SensorsPrivate::Stop
