(2023-10-19T19:26:39.355864069) (2023-10-19T19:26:39.355881436) [Msg] Gazebo Sim Server v7.6.0
(2023-10-19T19:26:39.359155372) (2023-10-19T19:26:39.359171924) [Msg] Loading default world.
(2023-10-19T19:26:39.420774523) (2023-10-19T19:26:39.420784808) [Msg] Serving entity system service on [/entity/system/add]
(2023-10-19T19:26:39.421044446) (2023-10-19T19:26:39.421051163) [Msg] Loaded level [3]
(2023-10-19T19:26:39.421089689) (2023-10-19T19:26:39.421094751) [Msg] No systems loaded from SDF, loading defaults
(2023-10-19T19:26:39.421257991) (2023-10-19T19:26:39.421263660) [Dbg] [ServerConfig.cc:1062] Loaded (3) plugins from file [/home/bassam/.gz/sim/7/server.config]
(2023-10-19T19:26:39.523707884) (2023-10-19T19:26:39.523736135) [Dbg] [Physics.cc:880] Loaded [gz::physics::dartsim::Plugin] from library [/usr/lib/x86_64-linux-gnu/gz-physics-6/engine-plugins/libgz-physics-dartsim-plugin.so]
(2023-10-19T19:26:39.523798452) (2023-10-19T19:26:39.523806100) [Dbg] [SystemManager.cc:74] Loaded system [gz::sim::systems::Physics] for entity [1]
(2023-10-19T19:26:39.525741514) (2023-10-19T19:26:39.525751956) [Msg] Create service on [/world/default/create]
(2023-10-19T19:26:39.525937270) (2023-10-19T19:26:39.525946726) [Msg] Remove service on [/world/default/remove]
(2023-10-19T19:26:39.526095145) (2023-10-19T19:26:39.526103895) [Msg] Pose service on [/world/default/set_pose]
(2023-10-19T19:26:39.526231968) (2023-10-19T19:26:39.526241001) [Msg] Pose service on [/world/default/set_pose_vector]
(2023-10-19T19:26:39.526443230) (2023-10-19T19:26:39.526452163) [Msg] Light configuration service on [/world/default/light_config]
(2023-10-19T19:26:39.526711266) (2023-10-19T19:26:39.526720559) [Msg] Physics service on [/world/default/set_physics]
(2023-10-19T19:26:39.526916862) (2023-10-19T19:26:39.526925945) [Msg] SphericalCoordinates service on [/world/default/set_spherical_coordinates]
(2023-10-19T19:26:39.527028475) (2023-10-19T19:26:39.527037005) [Msg] Enable collision service on [/world/default/enable_collision]
(2023-10-19T19:26:39.527134470) (2023-10-19T19:26:39.527143019) [Msg] Disable collision service on [/world/default/disable_collision]
(2023-10-19T19:26:39.527371815) (2023-10-19T19:26:39.527380096) [Msg] Material service on [/world/default/visual_config]
(2023-10-19T19:26:39.527534670) (2023-10-19T19:26:39.527543723) [Msg] Material service on [/world/default/wheel_slip]
(2023-10-19T19:26:39.527576307) (2023-10-19T19:26:39.527583709) [Dbg] [SystemManager.cc:74] Loaded system [gz::sim::systems::UserCommands] for entity [1]
(2023-10-19T19:26:39.528966198) (2023-10-19T19:26:39.528976525) [Dbg] [SystemManager.cc:74] Loaded system [gz::sim::systems::SceneBroadcaster] for entity [1]
(2023-10-19T19:26:39.529430952) (2023-10-19T19:26:39.529441070) [Msg] Serving world controls on [/world/default/control], [/world/default/control/state] and [/world/default/playback/control]
(2023-10-19T19:26:39.529599316) (2023-10-19T19:26:39.529608871) [Msg] Serving GUI information on [/world/default/gui/info]
(2023-10-19T19:26:39.529638174) (2023-10-19T19:26:39.529645597) [Msg] World [default] initialized with [default_physics] physics profile.
(2023-10-19T19:26:39.529841944) (2023-10-19T19:26:39.529851502) [Msg] Serving world SDF generation service on [/world/default/generate_world_sdf]
(2023-10-19T19:26:39.530000571) (2023-10-19T19:26:39.530010008) [Msg] Serving world names on [/gazebo/worlds]
(2023-10-19T19:26:39.530127402) (2023-10-19T19:26:39.530136578) [Msg] Resource path add service on [/gazebo/resource_paths/add].
(2023-10-19T19:26:39.530252594) (2023-10-19T19:26:39.530261270) [Msg] Resource path get service on [/gazebo/resource_paths/get].
(2023-10-19T19:26:39.530361462) (2023-10-19T19:26:39.530370190) [Msg] Resource path resolve service on [/gazebo/resource_paths/resolve].
(2023-10-19T19:26:39.530475134) (2023-10-19T19:26:39.530484004) [Msg] Resource paths published on [/gazebo/resource_paths].
(2023-10-19T19:26:39.530631748) (2023-10-19T19:26:39.530640730) [Msg] Server control service on [/server_control].
(2023-10-19T19:26:41.75000479) (2023-10-19T19:26:41.75012408) [Msg] Found no publishers on /stats, adding root stats topic
(2023-10-19T19:26:41.75190189) (2023-10-19T19:26:41.75196940) [Msg] Found no publishers on /clock, adding root clock topic
(2023-10-19T19:26:41.75306188) (2023-10-19T19:26:41.75312939) [Dbg] [SimulationRunner.cc:503] Creating PostUpdate worker threads: 2
(2023-10-19T19:26:41.75334049) (2023-10-19T19:26:41.75338589) [Dbg] [SimulationRunner.cc:514] Creating postupdate worker thread (0)
(2023-10-19T19:26:41.76441915) (2023-10-19T19:26:41.76454009) [Msg] Serving scene information on [/world/default/scene/info]
(2023-10-19T19:26:41.76517651) (2023-10-19T19:26:41.76523782) [Msg] Serving graph information on [/world/default/scene/graph]
(2023-10-19T19:26:41.76657786) (2023-10-19T19:26:41.76664280) [Msg] Serving full state on [/world/default/state]
(2023-10-19T19:26:41.76716781) (2023-10-19T19:26:41.76722907) [Msg] Serving full state (async) on [/world/default/state_async]
(2023-10-19T19:26:41.76780365) (2023-10-19T19:26:41.76788908) [Msg] Publishing scene information on [/world/default/scene/info]
(2023-10-19T19:26:41.76866814) (2023-10-19T19:26:41.76873304) [Msg] Publishing entity deletions on [/world/default/scene/deletion]
(2023-10-19T19:26:41.76927179) (2023-10-19T19:26:41.76935322) [Msg] Publishing state changes on [/world/default/state]
(2023-10-19T19:26:41.77009841) (2023-10-19T19:26:41.77018873) [Msg] Publishing pose messages on [/world/default/pose/info]
(2023-10-19T19:26:41.77103991) (2023-10-19T19:26:41.77111073) [Msg] Publishing dynamic pose messages on [/world/default/dynamic_pose/info]
(2023-10-19T19:26:41.77197218) (2023-10-19T19:26:41.77203222) [Dbg] [EntityComponentManager.cc:1655] Updated state thread iterators: 3 threads processing around 1 entities each.
(2023-10-19T19:26:41.77476895) (2023-10-19T19:26:41.77485834) [Wrn] [Component.hh:144] Trying to serialize component with data type [N3sdf3v135WorldE], which doesn't have `operator<<`. Component will not be serialized.
(2023-10-19T19:28:09.70217008) (2023-10-19T19:28:09.70228603) [Dbg] [SignalHandler.cc:142] Received signal[2].
(2023-10-19T19:28:09.70247455) (2023-10-19T19:28:09.70252965) [Dbg] [ServerPrivate.cc:115] Server received signal[2]
(2023-10-19T19:28:09.70536382) (2023-10-19T19:28:09.70544874) [Dbg] [gz.cc:417] Shutting down gz-sim-server
(2023-10-19T19:28:09.73387716) (2023-10-19T19:28:09.73396319) [Dbg] [SimulationRunner.cc:530] Exiting postupdate worker thread (0)
