(2023-10-20T01:42:35.720401764) (2023-10-20T01:42:35.720420373) [Msg] Gazebo Sim Server v7.6.0
(2023-10-20T01:42:35.726423827) (2023-10-20T01:42:35.726439403) [Msg] Loading SDF world file[/home/bassam/PX4-Autopilot/Tools/simulation/gz/worlds/default.sdf].
(2023-10-20T01:42:35.904210761) (2023-10-20T01:42:35.904235951) [Msg] Serving entity system service on [/entity/system/add]
(2023-10-20T01:42:36.113064483) (2023-10-20T01:42:36.113089274) [Dbg] [Physics.cc:880] Loaded [gz::physics::dartsim::Plugin] from library [/usr/lib/x86_64-linux-gnu/gz-physics-6/engine-plugins/libgz-physics-dartsim-plugin.so]
(2023-10-20T01:42:36.113204878) (2023-10-20T01:42:36.113220305) [Dbg] [SystemManager.cc:74] Loaded system [gz::sim::systems::Physics] for entity [1]
(2023-10-20T01:42:36.221721417) (2023-10-20T01:42:36.221744886) [Msg] Create service on [/world/default/create]
(2023-10-20T01:42:36.222038455) (2023-10-20T01:42:36.222056951) [Msg] Remove service on [/world/default/remove]
(2023-10-20T01:42:36.222284830) (2023-10-20T01:42:36.222304328) [Msg] Pose service on [/world/default/set_pose]
(2023-10-20T01:42:36.222524551) (2023-10-20T01:42:36.222543647) [Msg] Pose service on [/world/default/set_pose_vector]
(2023-10-20T01:42:36.222874733) (2023-10-20T01:42:36.222894923) [Msg] Light configuration service on [/world/default/light_config]
(2023-10-20T01:42:36.223257227) (2023-10-20T01:42:36.223269710) [Msg] Physics service on [/world/default/set_physics]
(2023-10-20T01:42:36.223475791) (2023-10-20T01:42:36.223487533) [Msg] SphericalCoordinates service on [/world/default/set_spherical_coordinates]
(2023-10-20T01:42:36.223580694) (2023-10-20T01:42:36.223591858) [Msg] Enable collision service on [/world/default/enable_collision]
(2023-10-20T01:42:36.223678656) (2023-10-20T01:42:36.223688998) [Msg] Disable collision service on [/world/default/disable_collision]
(2023-10-20T01:42:36.223922503) (2023-10-20T01:42:36.223934415) [Msg] Material service on [/world/default/visual_config]
(2023-10-20T01:42:36.224092466) (2023-10-20T01:42:36.224103318) [Msg] Material service on [/world/default/wheel_slip]
(2023-10-20T01:42:36.224149775) (2023-10-20T01:42:36.224157969) [Dbg] [SystemManager.cc:74] Loaded system [gz::sim::systems::UserCommands] for entity [1]
(2023-10-20T01:42:36.226158597) (2023-10-20T01:42:36.226173575) [Dbg] [SystemManager.cc:74] Loaded system [gz::sim::systems::SceneBroadcaster] for entity [1]
(2023-10-20T01:42:36.227538678) (2023-10-20T01:42:36.227552287) [Dbg] [SystemManager.cc:74] Loaded system [gz::sim::systems::Contact] for entity [1]
(2023-10-20T01:42:36.229482189) (2023-10-20T01:42:36.229497018) [Dbg] [SystemManager.cc:74] Loaded system [gz::sim::systems::Imu] for entity [1]
(2023-10-20T01:42:36.231530284) (2023-10-20T01:42:36.231548360) [Dbg] [SystemManager.cc:74] Loaded system [gz::sim::systems::AirPressure] for entity [1]
(2023-10-20T01:42:36.233082090) (2023-10-20T01:42:36.233096805) [Msg] Listening to instantaneous wrench commands in [/world/default/wrench]
(2023-10-20T01:42:36.233186881) (2023-10-20T01:42:36.233198097) [Msg] Listening to persistent wrench commands in [/world/default/wrench/persistent]
(2023-10-20T01:42:36.233279460) (2023-10-20T01:42:36.233289862) [Msg] Listening to wrench clear commands in [/world/default/wrench/clear]
(2023-10-20T01:42:36.233324958) (2023-10-20T01:42:36.233333420) [Dbg] [SystemManager.cc:74] Loaded system [gz::sim::systems::ApplyLinkWrench] for entity [1]
(2023-10-20T01:42:36.242346414) (2023-10-20T01:42:36.242363157) [Dbg] [Sensors.cc:506] Configuring Sensors system
(2023-10-20T01:42:36.242477766) (2023-10-20T01:42:36.242487872) [Dbg] [Sensors.cc:425] SensorsPrivate::Run
(2023-10-20T01:42:36.242590555) (2023-10-20T01:42:36.242601183) [Dbg] [SystemManager.cc:74] Loaded system [gz::sim::systems::Sensors] for entity [1]
(2023-10-20T01:42:36.242691737) (2023-10-20T01:42:36.242711808) [Dbg] [Sensors.cc:402] SensorsPrivate::RenderThread started
(2023-10-20T01:42:36.242738899) (2023-10-20T01:42:36.242747473) [Dbg] [Sensors.cc:245] Waiting for init
(2023-10-20T01:42:36.246461667) (2023-10-20T01:42:36.246478469) [Wrn] [SystemLoader.cc:79] Trying to load deprecated plugin [ignition-gazebo-ackermann-steering-system]. Using [gz-sim-ackermann-steering-system] instead.
(2023-10-20T01:42:36.248465603) (2023-10-20T01:42:36.248481487) [Msg] AckermannSteering subscribing to twist messages on [/cmd_vel]
(2023-10-20T01:42:36.248804242) (2023-10-20T01:42:36.248816651) [Dbg] [SystemManager.cc:74] Loaded system [ignition::gazebo::systems::AckermannSteering] for entity [8]
(2023-10-20T01:42:36.249035066) (2023-10-20T01:42:36.249045883) [Msg] Loaded level [3]
(2023-10-20T01:42:36.251333739) (2023-10-20T01:42:36.251349063) [Msg] Serving world controls on [/world/default/control], [/world/default/control/state] and [/world/default/playback/control]
(2023-10-20T01:42:36.251660996) (2023-10-20T01:42:36.251673260) [Msg] Serving GUI information on [/world/default/gui/info]
(2023-10-20T01:42:36.251705378) (2023-10-20T01:42:36.251713847) [Msg] World [default] initialized with [default_physics] physics profile.
(2023-10-20T01:42:36.251908688) (2023-10-20T01:42:36.251919960) [Msg] Serving world SDF generation service on [/world/default/generate_world_sdf]
(2023-10-20T01:42:36.252079660) (2023-10-20T01:42:36.252091381) [Msg] Serving world names on [/gazebo/worlds]
(2023-10-20T01:42:36.252179530) (2023-10-20T01:42:36.252190850) [Msg] Resource path add service on [/gazebo/resource_paths/add].
(2023-10-20T01:42:36.252277985) (2023-10-20T01:42:36.252288122) [Msg] Resource path get service on [/gazebo/resource_paths/get].
(2023-10-20T01:42:36.252375029) (2023-10-20T01:42:36.252385066) [Msg] Resource path resolve service on [/gazebo/resource_paths/resolve].
(2023-10-20T01:42:36.252498204) (2023-10-20T01:42:36.252508183) [Msg] Resource paths published on [/gazebo/resource_paths].
(2023-10-20T01:42:36.252656422) (2023-10-20T01:42:36.252667477) [Msg] Server control service on [/server_control].
(2023-10-20T01:42:37.724396847) (2023-10-20T01:42:37.724415600) [Msg] Found no publishers on /stats, adding root stats topic
(2023-10-20T01:42:37.724666621) (2023-10-20T01:42:37.724680931) [Msg] Found no publishers on /clock, adding root clock topic
(2023-10-20T01:42:37.725062281) (2023-10-20T01:42:37.725080782) [Dbg] [SimulationRunner.cc:503] Creating PostUpdate worker threads: 7
(2023-10-20T01:42:37.725131799) (2023-10-20T01:42:37.725147440) [Dbg] [SimulationRunner.cc:514] Creating postupdate worker thread (0)
(2023-10-20T01:42:37.725302881) (2023-10-20T01:42:37.725321797) [Dbg] [SimulationRunner.cc:514] Creating postupdate worker thread (1)
(2023-10-20T01:42:37.725509951) (2023-10-20T01:42:37.725528163) [Dbg] [SimulationRunner.cc:514] Creating postupdate worker thread (2)
(2023-10-20T01:42:37.725653680) (2023-10-20T01:42:37.725670650) [Dbg] [SimulationRunner.cc:514] Creating postupdate worker thread (3)
(2023-10-20T01:42:37.725783701) (2023-10-20T01:42:37.725801577) [Dbg] [SimulationRunner.cc:514] Creating postupdate worker thread (4)
(2023-10-20T01:42:37.725917054) (2023-10-20T01:42:37.725934173) [Dbg] [SimulationRunner.cc:514] Creating postupdate worker thread (5)
(2023-10-20T01:42:38.27609074) (2023-10-20T01:42:38.27628805) [Wrn] [MulticopterMotorModel.cc:257] No robotNamespace set using entity name.
(2023-10-20T01:42:38.27674624) (2023-10-20T01:42:38.27684698) [Wrn] [MulticopterMotorModel.cc:295] <motorNumber> is depricated, please use <actuator_number>.
(2023-10-20T01:42:38.27760931) (2023-10-20T01:42:38.27771050) [Dbg] [MulticopterMotorModel.cc:386] Listening to topic: x500_depth_0/command/motor_speed
(2023-10-20T01:42:38.28168152) (2023-10-20T01:42:38.28180961) [Dbg] [SystemManager.cc:74] Loaded system [gz::sim::systems::MulticopterMotorModel] for entity [57]
(2023-10-20T01:42:38.28640921) (2023-10-20T01:42:38.28653288) [Wrn] [MulticopterMotorModel.cc:257] No robotNamespace set using entity name.
(2023-10-20T01:42:38.28679505) (2023-10-20T01:42:38.28693389) [Wrn] [MulticopterMotorModel.cc:295] <motorNumber> is depricated, please use <actuator_number>.
(2023-10-20T01:42:38.28754421) (2023-10-20T01:42:38.28763949) [Dbg] [MulticopterMotorModel.cc:386] Listening to topic: x500_depth_0/command/motor_speed
(2023-10-20T01:42:38.28996818) (2023-10-20T01:42:38.29014639) [Dbg] [SystemManager.cc:74] Loaded system [gz::sim::systems::MulticopterMotorModel] for entity [57]
(2023-10-20T01:42:38.29430465) (2023-10-20T01:42:38.29442370) [Wrn] [MulticopterMotorModel.cc:257] No robotNamespace set using entity name.
(2023-10-20T01:42:38.29473560) (2023-10-20T01:42:38.29482838) [Wrn] [MulticopterMotorModel.cc:295] <motorNumber> is depricated, please use <actuator_number>.
(2023-10-20T01:42:38.29540428) (2023-10-20T01:42:38.29549059) [Dbg] [MulticopterMotorModel.cc:386] Listening to topic: x500_depth_0/command/motor_speed
(2023-10-20T01:42:38.29822357) (2023-10-20T01:42:38.29834393) [Dbg] [SystemManager.cc:74] Loaded system [gz::sim::systems::MulticopterMotorModel] for entity [57]
(2023-10-20T01:42:38.30229298) (2023-10-20T01:42:38.30243747) [Wrn] [MulticopterMotorModel.cc:257] No robotNamespace set using entity name.
(2023-10-20T01:42:38.30274916) (2023-10-20T01:42:38.30283621) [Wrn] [MulticopterMotorModel.cc:295] <motorNumber> is depricated, please use <actuator_number>.
(2023-10-20T01:42:38.30339659) (2023-10-20T01:42:38.30350091) [Dbg] [MulticopterMotorModel.cc:386] Listening to topic: x500_depth_0/command/motor_speed
(2023-10-20T01:42:38.30635147) (2023-10-20T01:42:38.30647115) [Dbg] [SystemManager.cc:74] Loaded system [gz::sim::systems::MulticopterMotorModel] for entity [57]
(2023-10-20T01:42:38.31124995) (2023-10-20T01:42:38.31141949) [Dbg] [UserCommands.cc:1263] Created entity [57] named [x500_depth_0]
(2023-10-20T01:42:38.48986286) (2023-10-20T01:42:38.49005598) [Dbg] [SimulationFeatures.cc:72] Simulation timestep set to: 0.004
(2023-10-20T01:42:38.50771154) (2023-10-20T01:42:38.50795377) [Dbg] [Sensors.cc:659] Initialization needed
(2023-10-20T01:42:38.50863216) (2023-10-20T01:42:38.50876469) [Dbg] [Sensors.cc:257] Initializing render context
(2023-10-20T01:42:38.51019039) (2023-10-20T01:42:38.51029211) [Msg] Loading plugin [gz-rendering-ogre2]
(2023-10-20T01:42:38.51619038) (2023-10-20T01:42:38.51643196) [Dbg] [AirPressureSensor.cc:126] Air pressure for [x500_depth_0::base_link::air_pressure_sensor] advertised on [world/default/model/x500_depth_0/link/base_link/sensor/air_pressure_sensor/air_pressure]
(2023-10-20T01:42:38.51730053) (2023-10-20T01:42:38.51749356) [Dbg] [ImuSensor.cc:149] IMU data for [x500_depth_0::base_link::imu_sensor] advertised on [world/default/model/x500_depth_0/link/base_link/sensor/imu_sensor/imu]
(2023-10-20T01:42:38.53228853) (2023-10-20T01:42:38.53253602) [Msg] Serving scene information on [/world/default/scene/info]
(2023-10-20T01:42:38.53439903) (2023-10-20T01:42:38.53459984) [Msg] Serving graph information on [/world/default/scene/graph]
(2023-10-20T01:42:38.53899750) (2023-10-20T01:42:38.53921392) [Msg] Serving full state on [/world/default/state]
(2023-10-20T01:42:38.54084904) (2023-10-20T01:42:38.54103723) [Msg] Serving full state (async) on [/world/default/state_async]
(2023-10-20T01:42:38.54258649) (2023-10-20T01:42:38.54276442) [Msg] Publishing scene information on [/world/default/scene/info]
(2023-10-20T01:42:38.54486656) (2023-10-20T01:42:38.54505654) [Msg] Publishing entity deletions on [/world/default/scene/deletion]
(2023-10-20T01:42:38.54644976) (2023-10-20T01:42:38.54663358) [Msg] Publishing state changes on [/world/default/state]
(2023-10-20T01:42:38.54848780) (2023-10-20T01:42:38.54867045) [Msg] Publishing pose messages on [/world/default/pose/info]
(2023-10-20T01:42:38.55043685) (2023-10-20T01:42:38.55062279) [Msg] Publishing dynamic pose messages on [/world/default/dynamic_pose/info]
(2023-10-20T01:42:38.56442486) (2023-10-20T01:42:38.56465764) [Dbg] [EntityComponentManager.cc:1655] Updated state thread iterators: 8 threads processing around 13 entities each.
(2023-10-20T01:42:38.73573556) (2023-10-20T01:42:38.73606282) [Wrn] [Component.hh:144] Trying to serialize component with data type [N3sdf3v135WorldE], which doesn't have `operator<<`. Component will not be serialized.
(2023-10-20T01:42:38.73864672) (2023-10-20T01:42:38.73883080) [Wrn] [Model.hh:69] Skipping serialization / deserialization for models with //pose/@relative_to attribute.
((((2023-10-20T01:42:38.77223199((2023-10-20T01:42:38.77223199((2023-10-20T01:42:38.77254019) () (() (2023-10-20T01:42:38.77375326) ) 2023-10-20T01:42:38.77351783) 2023-10-20T01:42:38.773200902023-10-20T01:42:38.773200902023-10-20T01:42:38.77379189[Dbg] [SimulationRunner.cc:530] ) () ) ((Exiting postupdate worker thread (2023-10-20T01:42:38.77469255(Exiting postupdate worker thread (2023-10-20T01:42:38.77469255) ) 2023-10-20T01:42:38.77534544) ) (Exiting postupdate worker thread ([Dbg] [SimulationRunner.cc:530] 2023-10-20T01:42:38.77569870) Exiting postupdate worker thread (1)
5)
[Dbg] [SimulationRunner.cc:530] Exiting postupdate worker thread (4)
[Dbg] [SimulationRunner.cc:530] Exiting postupdate worker thread (2)
[Dbg] [SimulationRunner.cc:530] Exiting postupdate worker thread (3)
[Dbg] [SimulationRunner.cc:530] Exiting postupdate worker thread (0)
(2023-10-20T01:42:38.78129692) (2023-10-20T01:42:38.78152334) [Dbg] [SimulationRunner.cc:503] Creating PostUpdate worker threads: 7
(2023-10-20T01:42:38.78208529) (2023-10-20T01:42:38.78225208) [Dbg] [SimulationRunner.cc:514] Creating postupdate worker thread (0)
(2023-10-20T01:42:38.78586189) (2023-10-20T01:42:38.78604725) [Dbg] [SimulationRunner.cc:514] Creating postupdate worker thread (1)
(2023-10-20T01:42:38.78684950) (2023-10-20T01:42:38.78700176) [Dbg] [SimulationRunner.cc:514] Creating postupdate worker thread (2)
(2023-10-20T01:42:38.78785261) (2023-10-20T01:42:38.78801555) [Dbg] [SimulationRunner.cc:514] Creating postupdate worker thread (3)
(2023-10-20T01:42:38.78881559) (2023-10-20T01:42:38.78898269) [Dbg] [SimulationRunner.cc:514] Creating postupdate worker thread (4)
(2023-10-20T01:42:38.79025062) (2023-10-20T01:42:38.79043367) [Dbg] [SimulationRunner.cc:514] Creating postupdate worker thread (5)
(2023-10-20T01:42:38.339529409) (2023-10-20T01:42:38.339541727) [Dbg] [RenderUtil.cc:2720] Create scene [scene]
((2023-10-20T01:42:38.390531350) (2023-10-20T01:42:38.3905515362023-10-20T01:42:38.390579908) ([Dbg] [Sensors.cc:277] Rendering Thread initialized
2023-10-20T01:42:38.3906187722023-10-20T01:42:38.390618772) [Dbg] [Sensors.cc:659] [Dbg] [Sensors.cc:659] Initialization needed
(2023-10-20T01:42:38.396509995) (2023-10-20T01:42:38.396525223) [Wrn] [FuelClient.cc:1952] The fuel.ignitionrobotics.org URL is deprecrated. Pleasse change https://fuel.ignitionrobotics.org/1.0/openrobotics/models/prius hybrid/2/files/meshes/Hybrid.obj to https://fuel.gazebosim.org/1.0/openrobotics/models/prius hybrid/2/files/meshes/Hybrid.obj
(2023-10-20T01:42:38.396641786) (2023-10-20T01:42:38.396652205) [Wrn] [FuelClient.cc:1952] The fuel.ignitionrobotics.org URL is deprecrated. Pleasse change https://fuel.ignitionrobotics.org/1.0/openrobotics/models/prius hybrid/2/files/meshes/Hybrid.obj to https://fuel.gazebosim.org/1.0/openrobotics/models/prius hybrid/2/files/meshes/Hybrid.obj
(2023-10-20T01:42:38.401097705) (2023-10-20T01:42:38.401111766) [Wrn] [OBJLoader.cc:91] Both `d` and `Tr` parameters defined for "Hybrid". Use the value of `d` for dissolve (line 8 in .mtl.)
Both `d` and `Tr` parameters defined for "Wheels3". Use the value of `d` for dissolve (line 22 in .mtl.)
Both `d` and `Tr` parameters defined for "Hybrid_Interior". Use the value of `d` for dissolve (line 36 in .mtl.)
Both `d` and `Tr` parameters defined for "Windows". Use the value of `d` for dissolve (line 50 in .mtl.)

(2023-10-20T01:42:38.520885945) (2023-10-20T01:42:38.520899635) [Err] [SystemPaths.cc:534] File [/home/bassam/PX4-Autopilot/Tools/simulation/gz/worlds/materials/textures/7x7_1000-29.jpg] resolved to path [/home/bassam/PX4-Autopilot/Tools/simulation/gz/worlds/materials/textures/7x7_1000-29.jpg] but the path does not exist
(2023-10-20T01:42:38.521018211) (2023-10-20T01:42:38.521027668) [Err] [SceneManager.cc:914] Unable to find file [materials/textures/7x7_1000-29.jpg]
(2023-10-20T01:42:41.296764088) (2023-10-20T01:42:41.296787002) [Dbg] [CameraSensor.cc:458] Camera images for [prius_hybrid::chassis::back_camera_sensor] advertised on [back_camera]
(2023-10-20T01:42:41.297012364) (2023-10-20T01:42:41.297024282) [Dbg] [CameraSensor.cc:786] Camera info for [prius_hybrid::chassis::back_camera_sensor] advertised on [/camera_info]
(2023-10-20T01:42:41.297214501) (2023-10-20T01:42:41.297226054) [Wrn] [Ogre2Camera.cc:412] Ogre2Camera::SetVisibilityMask: Mask bits c0000000 are set but will be ignored as they conflict with the reserved bits used internally by the ogre2 backend.
(2023-10-20T01:42:41.297663547) (2023-10-20T01:42:41.297676234) [Dbg] [CameraSensor.cc:458] Camera images for [prius_hybrid::chassis::front_camera_sensor] advertised on [front_camera]
(2023-10-20T01:42:41.297746959) (2023-10-20T01:42:41.297756576) [Dbg] [CameraSensor.cc:786] Camera info for [prius_hybrid::chassis::front_camera_sensor] advertised on [/camera_info]
(2023-10-20T01:42:41.297822009) (2023-10-20T01:42:41.297831443) [Wrn] [Ogre2Camera.cc:412] Ogre2Camera::SetVisibilityMask: Mask bits c0000000 are set but will be ignored as they conflict with the reserved bits used internally by the ogre2 backend.
(2023-10-20T01:42:41.298052075) (2023-10-20T01:42:41.298063221) [Dbg] [CameraSensor.cc:458] Camera images for [prius_hybrid::chassis::left_camera_sensor] advertised on [left_camera]
(2023-10-20T01:42:41.298131242) (2023-10-20T01:42:41.298140672) [Dbg] [CameraSensor.cc:786] Camera info for [prius_hybrid::chassis::left_camera_sensor] advertised on [/camera_info]
(2023-10-20T01:42:41.298200793) (2023-10-20T01:42:41.298209960) [Wrn] [Ogre2Camera.cc:412] Ogre2Camera::SetVisibilityMask: Mask bits c0000000 are set but will be ignored as they conflict with the reserved bits used internally by the ogre2 backend.
(2023-10-20T01:42:41.298398587) (2023-10-20T01:42:41.298409614) [Dbg] [CameraSensor.cc:458] Camera images for [prius_hybrid::chassis::right_camera_sensor] advertised on [right_camera]
(2023-10-20T01:42:41.298476042) (2023-10-20T01:42:41.298485586) [Dbg] [CameraSensor.cc:786] Camera info for [prius_hybrid::chassis::right_camera_sensor] advertised on [/camera_info]
(2023-10-20T01:42:41.298543026) (2023-10-20T01:42:41.298552332) [Wrn] [Ogre2Camera.cc:412] Ogre2Camera::SetVisibilityMask: Mask bits c0000000 are set but will be ignored as they conflict with the reserved bits used internally by the ogre2 backend.
(2023-10-20T01:42:41.298740529) (2023-10-20T01:42:41.298751856) [Dbg] [CameraSensor.cc:458] Camera images for [x500_depth_0::OakD-Lite/base_link::IMX214] advertised on [camera]
(2023-10-20T01:42:41.298823913) (2023-10-20T01:42:41.298833909) [Dbg] [CameraSensor.cc:786] Camera info for [x500_depth_0::OakD-Lite/base_link::IMX214] advertised on [/camera_info]
(2023-10-20T01:42:41.298896679) (2023-10-20T01:42:41.298905769) [Wrn] [Ogre2Camera.cc:412] Ogre2Camera::SetVisibilityMask: Mask bits c0000000 are set but will be ignored as they conflict with the reserved bits used internally by the ogre2 backend.
(2023-10-20T01:42:41.299232726) (2023-10-20T01:42:41.299244052) [Dbg] [DepthCameraSensor.cc:282] Depth images for [x500_depth_0::OakD-Lite/base_link::StereoOV7251] advertised on [depth_camera]
(2023-10-20T01:42:41.299329367) (2023-10-20T01:42:41.299339310) [Dbg] [CameraSensor.cc:786] Camera info for [x500_depth_0::OakD-Lite/base_link::StereoOV7251] advertised on [/camera_info]
(2023-10-20T01:42:41.299509209) (2023-10-20T01:42:41.299519887) [Dbg] [DepthCameraSensor.cc:299] Points for [x500_depth_0::OakD-Lite/base_link::StereoOV7251] advertised on [depth_camera/points]
(2023-10-20T01:43:45.654578732) (2023-10-20T01:43:45.654609179) [Dbg] [SignalHandler.cc:142] Received signal[2].
(2023-10-20T01:43:45.654651522) (2023-10-20T01:43:45.654660688) [Dbg] [ServerPrivate.cc:115] Server received signal[2]
(2023-10-20T01:43:45.654702430) (2023-10-20T01:43:45.654714754) [Dbg] [Sensors.cc:433] SensorsPrivate::Stop
(2023-10-20T01:43:45.784615081) (2023-10-20T01:43:45.784635236) [Dbg] [Sensors.cc:419] SensorsPrivate::RenderThread stopped
(2023-10-20T01:43:45.787397861) (2023-10-20T01:43:45.787434558) [Dbg] [gz.cc:417] Shutting down gz-sim-server
(2023-10-20T01:43:45.792373075) (2023-10-20T01:43:45.792407185) (2023-10-20T01:43:45.792441189) (2023-10-20T01:43:45.792465883) ([Dbg] [SimulationRunner.cc:530] 2023-10-20T01:43:45.792522357) ((2023-10-20T01:43:45.7925439722023-10-20T01:43:45.792560168) (2023-10-20T01:43:45.792586322) ) 2023-10-20T01:43:45.792449765Exiting postupdate worker thread () Exiting postupdate worker thread () () ) (2023-10-20T01:43:45.792697958) 42023-10-20T01:43:45.79271506242023-10-20T01:43:45.792715062)
) [Dbg] [SimulationRunner.cc:530] Exiting postupdate worker thread (1))[Dbg] [SimulationRunner.cc:530] Exiting postupdate worker thread ([Dbg] [SimulationRunner.cc:530] Exiting postupdate worker thread (0)
[Dbg] [SimulationRunner.cc:530] Exiting postupdate worker thread (5)
[Dbg] [SimulationRunner.cc:530] Exiting postupdate worker thread (3)

2)
(2023-10-20T01:43:45.844041293) (2023-10-20T01:43:45.844059178) [Dbg] [Sensors.cc:433] SensorsPrivate::Stop
