(2023-10-12T19:05:29.385730368) (2023-10-12T19:05:29.385746781) [Msg] Gazebo Sim Server v7.6.0
(2023-10-12T19:05:29.391457010) (2023-10-12T19:05:29.391474406) [Msg] Loading SDF world file[/home/bassam/ros2_ws/install/ardupilot_gz_gazebo/share/ardupilot_gz_gazebo/worlds/iris_runway.sdf].
(2023-10-12T19:05:29.671971510) (2023-10-12T19:05:29.671982511) [Msg] Serving entity system service on [/entity/system/add]
(2023-10-12T19:05:29.880219209) (2023-10-12T19:05:29.880232729) [Dbg] [Physics.cc:880] Loaded [gz::physics::dartsim::Plugin] from library [/usr/lib/x86_64-linux-gnu/gz-physics-6/engine-plugins/libgz-physics-dartsim-plugin.so]
(2023-10-12T19:05:29.880304355) (2023-10-12T19:05:29.880311763) [Dbg] [SystemManager.cc:74] Loaded system [gz::sim::systems::Physics] for entity [1]
(2023-10-12T19:05:29.901589282) (2023-10-12T19:05:29.901602550) [Dbg] [Sensors.cc:506] Configuring Sensors system
(2023-10-12T19:05:29.901717052) (2023-10-12T19:05:29.901726428) [Dbg] [Sensors.cc:425] SensorsPrivate::Run
(2023-10-12T19:05:29.901818454) (2023-10-12T19:05:29.901830109) [Dbg] [SystemManager.cc:74] Loaded system [gz::sim::systems::Sensors] for entity [1]
(2023-10-12T19:05:29.902233743) (2023-10-12T19:05:29.902245663) [Dbg] [Sensors.cc:402] SensorsPrivate::RenderThread started
(2023-10-12T19:05:29.902403685) (2023-10-12T19:05:29.902412266) [Dbg] [Sensors.cc:245] Waiting for init
(2023-10-12T19:05:29.904938164) (2023-10-12T19:05:29.904948808) [Msg] Create service on [/world/map/create]
(2023-10-12T19:05:29.905270302) (2023-10-12T19:05:29.905285482) [Msg] Remove service on [/world/map/remove]
(2023-10-12T19:05:29.905552694) (2023-10-12T19:05:29.905562185) [Msg] Pose service on [/world/map/set_pose]
(2023-10-12T19:05:29.905846877) (2023-10-12T19:05:29.905856451) [Msg] Pose service on [/world/map/set_pose_vector]
(2023-10-12T19:05:29.906180119) (2023-10-12T19:05:29.906189583) [Msg] Light configuration service on [/world/map/light_config]
(2023-10-12T19:05:29.906708744) (2023-10-12T19:05:29.906718569) [Msg] Physics service on [/world/map/set_physics]
(2023-10-12T19:05:29.907066785) (2023-10-12T19:05:29.907077011) [Msg] SphericalCoordinates service on [/world/map/set_spherical_coordinates]
(2023-10-12T19:05:29.907347635) (2023-10-12T19:05:29.907357304) [Msg] Enable collision service on [/world/map/enable_collision]
(2023-10-12T19:05:29.907602817) (2023-10-12T19:05:29.907612470) [Msg] Disable collision service on [/world/map/disable_collision]
(2023-10-12T19:05:29.907986280) (2023-10-12T19:05:29.907996075) [Msg] Material service on [/world/map/visual_config]
(2023-10-12T19:05:29.908309947) (2023-10-12T19:05:29.908319366) [Msg] Material service on [/world/map/wheel_slip]
(2023-10-12T19:05:29.908808413) (2023-10-12T19:05:29.908818098) [Dbg] [SystemManager.cc:74] Loaded system [gz::sim::systems::UserCommands] for entity [1]
(2023-10-12T19:05:29.913662067) (2023-10-12T19:05:29.913676747) [Dbg] [SystemManager.cc:74] Loaded system [gz::sim::systems::SceneBroadcaster] for entity [1]
(2023-10-12T19:05:29.918376422) (2023-10-12T19:05:29.918391563) [Dbg] [SystemManager.cc:74] Loaded system [gz::sim::systems::AirPressure] for entity [1]
(2023-10-12T19:05:29.923229497) (2023-10-12T19:05:29.923446554) [Dbg] [SystemManager.cc:74] Loaded system [gz::sim::systems::AirSpeed] for entity [1]
(2023-10-12T19:05:29.926065633) (2023-10-12T19:05:29.926080846) [Dbg] [SystemManager.cc:74] Loaded system [gz::sim::systems::Altimeter] for entity [1]
(2023-10-12T19:05:29.928651108) (2023-10-12T19:05:29.928667390) [Dbg] [SystemManager.cc:74] Loaded system [gz::sim::systems::Imu] for entity [1]
(2023-10-12T19:05:29.931641511) (2023-10-12T19:05:29.931652329) [Dbg] [SystemManager.cc:74] Loaded system [gz::sim::systems::Magnetometer] for entity [1]
(2023-10-12T19:05:29.933710201) (2023-10-12T19:05:29.933723729) [Dbg] [SystemManager.cc:74] Loaded system [gz::sim::systems::NavSat] for entity [1]
(2023-10-12T19:05:29.943028062) (2023-10-12T19:05:29.943039644) [Dbg] [SystemManager.cc:74] Loaded system [gz::sim::systems::JointStatePublisher] for entity [9]
(2023-10-12T19:05:29.944548106) (2023-10-12T19:05:29.944564248) [Msg] OdometryPublisher publishing odometry on [/model/iris/odometry]
(2023-10-12T19:05:29.944658322) (2023-10-12T19:05:29.944664940) [Msg] OdometryPublisher publishing odometry with covariance on [/model/iris/odometry_with_covariance]
(2023-10-12T19:05:29.944732113) (2023-10-12T19:05:29.944737843) [Msg] OdometryPublisher publishing Pose_V (TF) on [/model/iris/pose]
(2023-10-12T19:05:29.944760773) (2023-10-12T19:05:29.944765309) [Dbg] [SystemManager.cc:74] Loaded system [gz::sim::systems::OdometryPublisher] for entity [9]
(2023-10-12T19:05:29.946301660) (2023-10-12T19:05:29.946310485) [Dbg] [SystemManager.cc:74] Loaded system [gz::sim::systems::LiftDrag] for entity [9]
(2023-10-12T19:05:29.946577214) (2023-10-12T19:05:29.946583531) [Dbg] [SystemManager.cc:74] Loaded system [gz::sim::systems::LiftDrag] for entity [9]
(2023-10-12T19:05:29.946809555) (2023-10-12T19:05:29.946815619) [Dbg] [SystemManager.cc:74] Loaded system [gz::sim::systems::LiftDrag] for entity [9]
(2023-10-12T19:05:29.947023801) (2023-10-12T19:05:29.947029817) [Dbg] [SystemManager.cc:74] Loaded system [gz::sim::systems::LiftDrag] for entity [9]
(2023-10-12T19:05:29.947266046) (2023-10-12T19:05:29.947272289) [Dbg] [SystemManager.cc:74] Loaded system [gz::sim::systems::LiftDrag] for entity [9]
(2023-10-12T19:05:29.947485673) (2023-10-12T19:05:29.947491689) [Dbg] [SystemManager.cc:74] Loaded system [gz::sim::systems::LiftDrag] for entity [9]
(2023-10-12T19:05:29.947701462) (2023-10-12T19:05:29.947707571) [Dbg] [SystemManager.cc:74] Loaded system [gz::sim::systems::LiftDrag] for entity [9]
(2023-10-12T19:05:29.947911392) (2023-10-12T19:05:29.947917417) [Dbg] [SystemManager.cc:74] Loaded system [gz::sim::systems::LiftDrag] for entity [9]
(2023-10-12T19:05:29.949347451) (2023-10-12T19:05:29.949355572) [Msg] ApplyJointForce subscribing to Double messages on [/model/iris/joint/rotor_0_joint/cmd_force]
(2023-10-12T19:05:29.949385290) (2023-10-12T19:05:29.949390045) [Dbg] [SystemManager.cc:74] Loaded system [gz::sim::systems::ApplyJointForce] for entity [9]
(2023-10-12T19:05:29.949652044) (2023-10-12T19:05:29.949658741) [Msg] ApplyJointForce subscribing to Double messages on [/model/iris/joint/rotor_1_joint/cmd_force]
(2023-10-12T19:05:29.949682762) (2023-10-12T19:05:29.949687460) [Dbg] [SystemManager.cc:74] Loaded system [gz::sim::systems::ApplyJointForce] for entity [9]
(2023-10-12T19:05:29.949929059) (2023-10-12T19:05:29.949935784) [Msg] ApplyJointForce subscribing to Double messages on [/model/iris/joint/rotor_2_joint/cmd_force]
(2023-10-12T19:05:29.949959470) (2023-10-12T19:05:29.949964103) [Dbg] [SystemManager.cc:74] Loaded system [gz::sim::systems::ApplyJointForce] for entity [9]
(2023-10-12T19:05:29.950215503) (2023-10-12T19:05:29.950222129) [Msg] ApplyJointForce subscribing to Double messages on [/model/iris/joint/rotor_3_joint/cmd_force]
(2023-10-12T19:05:29.950245423) (2023-10-12T19:05:29.950250026) [Dbg] [SystemManager.cc:74] Loaded system [gz::sim::systems::ApplyJointForce] for entity [9]
(2023-10-12T19:05:29.952255529) (2023-10-12T19:05:29.952265533) [Msg] JointPositionController subscribing to Double messages on [/gimbal/cmd_roll]
(2023-10-12T19:05:29.952292221) (2023-10-12T19:05:29.952296840) [Dbg] [JointPositionController.cc:302] [JointPositionController] system parameters:
(2023-10-12T19:05:29.952309930) (2023-10-12T19:05:29.952314298) [Dbg] [JointPositionController.cc:303] p_gain: [2]
(2023-10-12T19:05:29.952527515) (2023-10-12T19:05:29.952532833) [Dbg] [JointPositionController.cc:304] i_gain: [0.1]
(2023-10-12T19:05:29.952550840) (2023-10-12T19:05:29.952555148) [Dbg] [JointPositionController.cc:305] d_gain: [0.01]
(2023-10-12T19:05:29.952571974) (2023-10-12T19:05:29.952576198) [Dbg] [JointPositionController.cc:306] i_max: [1]
(2023-10-12T19:05:29.952592683) (2023-10-12T19:05:29.952598019) [Dbg] [JointPositionController.cc:307] i_min: [-1]
(2023-10-12T19:05:29.952616464) (2023-10-12T19:05:29.952620821) [Dbg] [JointPositionController.cc:308] cmd_max: [1000]
(2023-10-12T19:05:29.952638052) (2023-10-12T19:05:29.952642160) [Dbg] [JointPositionController.cc:309] cmd_min: [-1000]
(2023-10-12T19:05:29.952667048) (2023-10-12T19:05:29.952671514) [Dbg] [JointPositionController.cc:310] cmd_offset: [0]
(2023-10-12T19:05:29.952692756) (2023-10-12T19:05:29.952697055) [Dbg] [JointPositionController.cc:311] Topic: [/gimbal/cmd_roll]
(2023-10-12T19:05:29.952713408) (2023-10-12T19:05:29.952717513) [Dbg] [JointPositionController.cc:312] initial_position: [0]
(2023-10-12T19:05:29.952739103) (2023-10-12T19:05:29.952743623) [Dbg] [SystemManager.cc:74] Loaded system [gz::sim::systems::JointPositionController] for entity [9]
(2023-10-12T19:05:29.953196182) (2023-10-12T19:05:29.953206485) [Msg] JointPositionController subscribing to Double messages on [/gimbal/cmd_tilt]
(2023-10-12T19:05:29.953228409) (2023-10-12T19:05:29.953232750) [Dbg] [JointPositionController.cc:302] [JointPositionController] system parameters:
(2023-10-12T19:05:29.953245526) (2023-10-12T19:05:29.953249628) [Dbg] [JointPositionController.cc:303] p_gain: [2]
(2023-10-12T19:05:29.953269088) (2023-10-12T19:05:29.953274587) [Dbg] [JointPositionController.cc:304] i_gain: [0.1]
(2023-10-12T19:05:29.953294396) (2023-10-12T19:05:29.953298734) [Dbg] [JointPositionController.cc:305] d_gain: [0.01]
(2023-10-12T19:05:29.953315570) (2023-10-12T19:05:29.953319739) [Dbg] [JointPositionController.cc:306] i_max: [1]
(2023-10-12T19:05:29.953346669) (2023-10-12T19:05:29.953352960) [Dbg] [JointPositionController.cc:307] i_min: [-1]
(2023-10-12T19:05:29.953374635) (2023-10-12T19:05:29.953379464) [Dbg] [JointPositionController.cc:308] cmd_max: [1000]
(2023-10-12T19:05:29.953396628) (2023-10-12T19:05:29.953400945) [Dbg] [JointPositionController.cc:309] cmd_min: [-1000]
(2023-10-12T19:05:29.953421262) (2023-10-12T19:05:29.953425969) [Dbg] [JointPositionController.cc:310] cmd_offset: [0]
(2023-10-12T19:05:29.953442772) (2023-10-12T19:05:29.953447069) [Dbg] [JointPositionController.cc:311] Topic: [/gimbal/cmd_tilt]
(2023-10-12T19:05:29.953466387) (2023-10-12T19:05:29.953470843) [Dbg] [JointPositionController.cc:312] initial_position: [0]
(2023-10-12T19:05:29.953495047) (2023-10-12T19:05:29.953499788) [Dbg] [SystemManager.cc:74] Loaded system [gz::sim::systems::JointPositionController] for entity [9]
(2023-10-12T19:05:29.955533174) (2023-10-12T19:05:29.955545287) [Msg] LinearBatteryPlugin configured. Battery name: lipo_3500mAh
(2023-10-12T19:05:29.955569880) (2023-10-12T19:05:29.955574642) [Dbg] [LinearBatteryPlugin.cc:405] Battery initial voltage: 12.6
(2023-10-12T19:05:29.955773797) (2023-10-12T19:05:29.955782824) [Dbg] [SystemManager.cc:74] Loaded system [gz::sim::systems::LinearBatteryPlugin] for entity [9]
(2023-10-12T19:05:29.970131652) (2023-10-12T19:05:29.970153308) [Msg] [iris] Advertising on /gimbal/cmd_roll.
(2023-10-12T19:05:29.970497429) (2023-10-12T19:05:29.970504375) [Msg] [iris] Advertising on /gimbal/cmd_tilt.
(2023-10-12T19:05:29.970722507) [iris] flight dynamics model @ 127.0.0.1:9002
(2023-10-12T19:05:29.970880361) [iris] ArduPilot ready to fly. The force will be with you
(2023-10-12T19:05:29.970929034) (2023-10-12T19:05:29.970933628) [Dbg] [SystemManager.cc:74] Loaded system [ArduPilotPlugin] for entity [9]
(2023-10-12T19:05:29.972603330) (2023-10-12T19:05:29.972623508) [Msg] Loaded level [3]
(2023-10-12T19:05:29.977292219) (2023-10-12T19:05:29.977308921) [Msg] Serving world controls on [/world/map/control], [/world/map/control/state] and [/world/map/playback/control]
(2023-10-12T19:05:29.977431218) (2023-10-12T19:05:29.977437883) [Msg] Serving GUI information on [/world/map/gui/info]
(2023-10-12T19:05:29.977462339) (2023-10-12T19:05:29.977466941) [Msg] World [map] initialized with [1ms] physics profile.
(2023-10-12T19:05:29.977636046) (2023-10-12T19:05:29.977642763) [Msg] Serving world SDF generation service on [/world/map/generate_world_sdf]
(2023-10-12T19:05:29.977738642) (2023-10-12T19:05:29.977745321) [Msg] Serving world names on [/gazebo/worlds]
(2023-10-12T19:05:29.977804606) (2023-10-12T19:05:29.977810402) [Msg] Resource path add service on [/gazebo/resource_paths/add].
(2023-10-12T19:05:29.977871844) (2023-10-12T19:05:29.977894443) [Msg] Resource path get service on [/gazebo/resource_paths/get].
(2023-10-12T19:05:29.977976972) (2023-10-12T19:05:29.977983454) [Msg] Resource path resolve service on [/gazebo/resource_paths/resolve].
(2023-10-12T19:05:29.978059299) (2023-10-12T19:05:29.978065281) [Msg] Resource paths published on [/gazebo/resource_paths].
(2023-10-12T19:05:30.78424297) (2023-10-12T19:05:30.78440492) [Msg] Server control service on [/server_control].
(2023-10-12T19:05:31.390313166) (2023-10-12T19:05:31.390334060) [Msg] Found no publishers on /stats, adding root stats topic
(2023-10-12T19:05:31.390577375) (2023-10-12T19:05:31.390589207) [Msg] Found no publishers on /clock, adding root clock topic
(2023-10-12T19:05:31.390976791) (2023-10-12T19:05:31.390991340) [Dbg] [SimulationRunner.cc:503] Creating PostUpdate worker threads: 13
(2023-10-12T19:05:31.391034392) (2023-10-12T19:05:31.391042368) [Dbg] [SimulationRunner.cc:514] Creating postupdate worker thread (0)
(2023-10-12T19:05:31.391134224) (2023-10-12T19:05:31.391143990) [Dbg] [SimulationRunner.cc:514] Creating postupdate worker thread (1)
(2023-10-12T19:05:31.391215899) (2023-10-12T19:05:31.391225071) [Dbg] [SimulationRunner.cc:514] Creating postupdate worker thread (2)
(2023-10-12T19:05:31.391296912) (2023-10-12T19:05:31.391306219) [Dbg] [SimulationRunner.cc:514] Creating postupdate worker thread (3)
(2023-10-12T19:05:31.391374995) (2023-10-12T19:05:31.391389197) [Dbg] [SimulationRunner.cc:514] Creating postupdate worker thread (4)
(2023-10-12T19:05:31.391463394) (2023-10-12T19:05:31.391469356) [Dbg] [SimulationRunner.cc:514] Creating postupdate worker thread (5)
(2023-10-12T19:05:31.391507586) (2023-10-12T19:05:31.391512985) [Dbg] [SimulationRunner.cc:514] Creating postupdate worker thread (6)
(2023-10-12T19:05:31.391551156) (2023-10-12T19:05:31.391556441) [Dbg] [SimulationRunner.cc:514] Creating postupdate worker thread (7)
(2023-10-12T19:05:31.391596055) (2023-10-12T19:05:31.391601498) [Dbg] [SimulationRunner.cc:514] Creating postupdate worker thread (8)
(2023-10-12T19:05:31.391643506) (2023-10-12T19:05:31.391648950) [Dbg] [SimulationRunner.cc:514] Creating postupdate worker thread (9)
(2023-10-12T19:05:31.391687186) (2023-10-12T19:05:31.391692656) [Dbg] [SimulationRunner.cc:514] Creating postupdate worker thread (10)
(2023-10-12T19:05:31.391732508) (2023-10-12T19:05:31.391737917) [Dbg] [SimulationRunner.cc:514] Creating postupdate worker thread (11)
(2023-10-12T19:05:31.392792120) (2023-10-12T19:05:31.392800489) [Dbg] [JointPositionController.cc:361] Identified joint [roll_joint] as Entity [53]
(2023-10-12T19:05:31.392835687) (2023-10-12T19:05:31.392840544) [Dbg] [JointPositionController.cc:361] Identified joint [tilt_joint] as Entity [54]
(2023-10-12T19:05:31.392915032) (2023-10-12T19:05:31.392920369) [Msg] Found IMU sensor with name [imu_link::imu_sensor]
(2023-10-12T19:05:31.392951374) (2023-10-12T19:05:31.392956127) [Dbg] [ArduPilotPlugin.cc:1154] Computed IMU topic to be: world/map/model/iris/link/imu_link/sensor/imu_sensor/imu
(2023-10-12T19:05:31.403582100) (2023-10-12T19:05:31.403591026) [Dbg] [SDFFeatures.cc:328] Mesh construction from an SDF has not been implemented yet for dartsim. Use AttachMeshShapeFeature to use mesh shapes.
(2023-10-12T19:05:31.403611518) (2023-10-12T19:05:31.403616322) [Err] [SDFFeatures.cc:843] The geometry element of collision [roll_col] couldn't be created
(2023-10-12T19:05:31.403706920) (2023-10-12T19:05:31.403712991) [Dbg] [SDFFeatures.cc:328] Mesh construction from an SDF has not been implemented yet for dartsim. Use AttachMeshShapeFeature to use mesh shapes.
(2023-10-12T19:05:31.403726354) (2023-10-12T19:05:31.403730795) [Err] [SDFFeatures.cc:843] The geometry element of collision [tilt_col] couldn't be created
(2023-10-12T19:05:31.839268237) (2023-10-12T19:05:31.839312252) [Dbg] [Sensors.cc:659] Initialization needed
(2023-10-12T19:05:31.839378482) (2023-10-12T19:05:31.839390649) [Dbg] [Sensors.cc:257] Initializing render context
(2023-10-12T19:05:31.839613908) (2023-10-12T19:05:31.839622553) [Msg] Loading plugin [gz-rendering-ogre2]
(2023-10-12T19:05:31.840075838) (2023-10-12T19:05:31.840085913) [Dbg] [AirPressureSensor.cc:126] Air pressure for [iris::base_link::air_pressure_sensor] advertised on [world/map/model/iris/link/base_link/sensor/air_pressure_sensor/air_pressure) (]
(2023-10-12T19:05:31.840176617) (2023-10-12T19:05:31.840184937) [Dbg] [AltimeterSensor.cc:114] 2023-10-12T19:05:31.840151581) (2023-10-12T19:05:31.840231371) (2023-10-12T19:05:31.840241106) Altimeter data for [[Dbg] [MagnetometerSensor.cc:117] Magnetometer data for [[Dbg] [ImuSensor.cc:149] [Dbg] [ImuSensor.cc:149] iris::base_link::magnetometer_sensor] advertised on [world/map/model/iris/link/base_link/sensor/magnetometer_sensor/magnetometer]
IMU data for [iris::imu_link::imu_sensor] advertised on [world/map/model/iris/link/imu_link/sensor/imu_sensor/imu]
] advertised on [(world/map/model/iris/link/base_link/sensor/altimeter_sensor/altimeter]
2023-10-12T19:05:31.840394744) (2023-10-12T19:05:31.840410125) [Msg] Serving scene information on [/world/map/scene/info]
(2023-10-12T19:05:31.840537550) (2023-10-12T19:05:31.840547650) [Msg] Serving graph information on [/world/map/scene/graph]
(2023-10-12T19:05:31.840806462) (2023-10-12T19:05:31.840815131) [Msg] Serving full state on [/world/map/state]
(2023-10-12T19:05:31.840893425) (2023-10-12T19:05:31.840903821) [Dbg] [AirSpeedSensor.cc:125] Air speed for [iris::base_link::air_speed_sensor] advertised on [world/map/model/iris/link/base_link/sensor/air_speed_sensor/air_speed]
(2023-10-12T19:05:31.840960258) (2023-10-12T19:05:31.8409708592023-10-12T19:05:31.840970859) [Msg] Serving full state (async) on [/world/map/state_async]
(2023-10-12T19:05:31.841081343) (2023-10-12T19:05:31.841090655) [Msg] Publishing scene information on [/world/map/scene/info]
(2023-10-12T19:05:31.841212563) (2023-10-12T19:05:31.841218924) [Msg] Publishing entity deletions on [/world/map/scene/deletion]
(2023-10-12T19:05:31.841277924) (2023-10-12T19:05:31.841286929) [Msg] Publishing state changes on [/world/map/state]
(2023-10-12T19:05:31.841375363) (2023-10-12T19:05:31.841384072) [Msg] Publishing pose messages on [/world/map/pose/info]
(2023-10-12T19:05:31.841456458) (2023-10-12T19:05:31.841465475) [Msg] Publishing dynamic pose messages on [/world/map/dynamic_pose/info]
(2023-10-12T19:05:31.841737213) (2023-10-12T19:05:31.841743753) [Dbg] [EntityComponentManager.cc:1655] Updated state thread iterators: 8 threads processing around 8 entities each.
(2023-10-12T19:05:31.853807045) (2023-10-12T19:05:31.853823641) [Wrn] [Component.hh:144] (2023-10-12T19:05:31.853916798) (2023-10-12T19:05:31.853930578) ], which doesn't have `operator<<`. Component will not be serialized.

[Wrn] [Component.hh:144] (2023-10-12T19:05:31.854006829) (2023-10-12T19:05:31.854015882) Trying to serialize component with data type [St6vectorIdSaIdEE], which doesn't have `operator<<`. Component will not be serialized.
[Wrn] [Model.hh:69] Skipping serialization / deserialization for models with //pose/@relative_to attribute.(2023-10-12T19:05:31.854266068) (2023-10-12T19:05:31.854284573) [Wrn] [Component.hh:144] Trying to serialize component with data type [N3sdf3v135WorldE], which doesn't have `operator<<`. Component will not be serialized.
(2023-10-12T19:05:31.856113230) [iris] Connected to ArduPilot controller @ 127.0.0.1:32821
(2023-10-12T19:05:31.856155097) (2023-10-12T19:05:31.856160108) [Wrn] [ArduPilotPlugin.cc:1583] ArduPilot controller has reset
(2023-10-12T19:05:31.857081036) (2023-10-12T19:05:31.857110950) [Dbg] [LinearBatteryPlugin.cc:574] [Battery Plugin] Battery drain: 0 minutes passed.
(2023-10-12T19:05:32.16949308) (2023-10-12T19:05:32.16956193) [Dbg] [RenderUtil.cc:2720] Create scene [scene]
((2023-10-12T19:05:32.48998324) (2023-10-12T19:05:32.49024081) 2023-10-12T19:05:32.49011498[Dbg] [Sensors.cc:277] ) [Dbg] [Sensors.cc:277] ) (2023-10-12T19:05:32.490435712023-10-12T19:05:32.49043571Rendering Thread initialized) 
Rendering Thread initialized[Dbg] [Sensors.cc:659] Initialization needed
(2023-10-12T19:05:32.50328525) (2023-10-12T19:05:32.50337168) [Wrn] [ArduPilotPlugin.cc:1436] [iris] Drained n packets: 1
(2023-10-12T19:05:33.755542989) (2023-10-12T19:05:33.755557189) [Dbg] [CameraSensor.cc:458] Camera images for [iris::tilt_link::camera] advertised on [world/map/model/iris/link/tilt_link/sensor/camera/image]
(2023-10-12T19:05:33.755792588) (2023-10-12T19:05:33.755803871) [Dbg] [CameraSensor.cc:786] Camera info for [iris::tilt_link::camera] advertised on [/world/map/model/iris/link/tilt_link/sensor/camera/camera_info]
(2023-10-12T19:05:33.756339608) (2023-10-12T19:05:33.756350669) [Wrn] [Ogre2Camera.cc:412] Ogre2Camera::SetVisibilityMask: Mask bits c0000000 are set but will be ignored as they conflict with the reserved bits used internally by the ogre2 backend.
(2023-10-12T19:05:33.863429541) (2023-10-12T19:05:33.863441664) [Dbg] [CameraSensor.cc:583] Enabling camera sensor: 'iris::tilt_link::camera' data generation.
(2023-10-12T19:05:34.144243090) (2023-10-12T19:05:34.144268429) [Wrn] [ArduPilotPlugin.cc:1436] [iris] Drained n packets: 1
(2023-10-12T19:08:01.878525237) (2023-10-12T19:08:01.878546249) [Wrn] [ArduPilotPlugin.cc:1436] [iris] Drained n packets: 5
(2023-10-12T19:08:01.878654666) (2023-10-12T19:08:01.878668302) [Wrn] [ArduPilotPlugin.cc:1604] Missed 6 input frames
(2023-10-12T19:08:07.535817879) (2023-10-12T19:08:07.535875721) [Dbg] [LinearBatteryPlugin.cc:574] [Battery Plugin] Battery drain: 1 minutes passed.
(2023-10-12T19:08:22.766740443) (2023-10-12T19:08:22.766763673) [Wrn] [ArduPilotPlugin.cc:1583] ArduPilot controller has reset
(2023-10-12T19:08:40.390818419) (2023-10-12T19:08:40.390851644) [Dbg] [LinearBatteryPlugin.cc:710] Battery: lipo_3500mAh
(2023-10-12T19:08:40.390963003) (2023-10-12T19:08:40.390977923) [Dbg] [LinearBatteryPlugin.cc:711] PowerLoads().size(): 1
(2023-10-12T19:08:40.391035713) (2023-10-12T19:08:40.391051802) [Dbg] [LinearBatteryPlugin.cc:713] charging status: false
(2023-10-12T19:08:40.391112382) (2023-10-12T19:08:40.391127526) [Dbg] [LinearBatteryPlugin.cc:715] charging current: inf
(2023-10-12T19:08:40.391200617) (2023-10-12T19:08:40.391217880) [Dbg] [LinearBatteryPlugin.cc:716] voltage: 12.357
(2023-10-12T19:08:40.391282496) (2023-10-12T19:08:40.391296885) [Dbg] [LinearBatteryPlugin.cc:717] state of charge: 0.909999 (q 3.185)

(2023-10-12T19:10:39.990191967) (2023-10-12T19:10:39.990246551) [Dbg] [LinearBatteryPlugin.cc:574] [Battery Plugin] Battery drain: 2 minutes passed.
(2023-10-12T19:11:09.522609073) (2023-10-12T19:11:09.522628962) [Wrn] [ArduPilotPlugin.cc:1583] ArduPilot controller has reset
(2023-10-12T19:11:56.497543327) (2023-10-12T19:11:56.497570678) [Dbg] [LinearBatteryPlugin.cc:710] Battery: lipo_3500mAh
(2023-10-12T19:11:56.497640154) (2023-10-12T19:11:56.497655201) [Dbg] [LinearBatteryPlugin.cc:711] PowerLoads().size(): 1
(2023-10-12T19:11:56.497706205) (2023-10-12T19:11:56.497720603) [Dbg] [LinearBatteryPlugin.cc:713] charging status: false
(2023-10-12T19:11:56.497771236) (2023-10-12T19:11:56.497785369) [Dbg] [LinearBatteryPlugin.cc:715] charging current: inf
(2023-10-12T19:11:56.497840639) (2023-10-12T19:11:56.497854858) [Dbg] [LinearBatteryPlugin.cc:716] voltage: 12.087
(2023-10-12T19:11:56.497910978) (2023-10-12T19:11:56.497927107) [Dbg] [LinearBatteryPlugin.cc:717] state of charge: 0.81 (q 2.835)

(2023-10-12T19:12:51.25229793) (2023-10-12T19:12:51.25253614) [Dbg] [LinearBatteryPlugin.cc:574] [Battery Plugin] Battery drain: 3 minutes passed.
(2023-10-12T19:13:17.496426041) (2023-10-12T19:13:17.496445655) [Wrn] [ArduPilotPlugin.cc:1583] ArduPilot controller has reset
(2023-10-12T19:14:00.69959114) (2023-10-12T19:14:00.69985150) [Dbg] [LinearBatteryPlugin.cc:710] Battery: lipo_3500mAh
(2023-10-12T19:14:00.70050873) (2023-10-12T19:14:00.70065820) [Dbg] [LinearBatteryPlugin.cc:711] PowerLoads().size(): 1
(2023-10-12T19:14:00.70117034) (2023-10-12T19:14:00.70131486) [Dbg] [LinearBatteryPlugin.cc:713] charging status: false
(2023-10-12T19:14:00.70181923) (2023-10-12T19:14:00.70196540) [Dbg] [LinearBatteryPlugin.cc:715] charging current: inf
(2023-10-12T19:14:00.70250804) (2023-10-12T19:14:00.70264838) [Dbg] [LinearBatteryPlugin.cc:716] voltage: 11.817
(2023-10-12T19:14:00.70338064) (2023-10-12T19:14:00.70352985) [Dbg] [LinearBatteryPlugin.cc:717] state of charge: 0.71 (q 2.485)

(2023-10-12T19:14:24.498024571) (2023-10-12T19:14:24.498043108) [Dbg] [LinearBatteryPlugin.cc:574] [Battery Plugin] Battery drain: 4 minutes passed.
(2023-10-12T19:14:58.348307401) (2023-10-12T19:14:58.348332397) [Wrn] [ArduPilotPlugin.cc:1583] ArduPilot controller has reset
(2023-10-12T19:15:55.279631113) (2023-10-12T19:15:55.279649474) [Dbg] [LinearBatteryPlugin.cc:710] Battery: lipo_3500mAh
(2023-10-12T19:15:55.279690891) (2023-10-12T19:15:55.279699650) [Dbg] [LinearBatteryPlugin.cc:711] PowerLoads().size(): 1
(2023-10-12T19:15:55.279728284) (2023-10-12T19:15:55.279736420) [Dbg] [LinearBatteryPlugin.cc:713] charging status: false
(2023-10-12T19:15:55.279764895) (2023-10-12T19:15:55.279777658) [Dbg] [LinearBatteryPlugin.cc:715] charging current: inf
(2023-10-12T19:15:55.279815875) (2023-10-12T19:15:55.279824674) [Dbg] [LinearBatteryPlugin.cc:716] voltage: 11.547
(2023-10-12T19:15:55.279856237) (2023-10-12T19:15:55.279864402) [Dbg] [LinearBatteryPlugin.cc:717] state of charge: 0.61 (q 2.135)

(2023-10-12T19:15:59.31727225) (2023-10-12T19:15:59.31745882) [Dbg] [LinearBatteryPlugin.cc:574] [Battery Plugin] Battery drain: 5 minutes passed.
(2023-10-12T19:16:42.259762947) (2023-10-12T19:16:42.259781113) [Wrn] [ArduPilotPlugin.cc:1583] ArduPilot controller has reset
(2023-10-12T19:17:35.947023281) (2023-10-12T19:17:35.947041541) [Dbg] [LinearBatteryPlugin.cc:574] [Battery Plugin] Battery drain: 6 minutes passed.
(2023-10-12T19:17:52.187403729) (2023-10-12T19:17:52.187422050) [Dbg] [LinearBatteryPlugin.cc:710] Battery: lipo_3500mAh
(2023-10-12T19:17:52.187462911) (2023-10-12T19:17:52.187471465) [Dbg] [LinearBatteryPlugin.cc:711] PowerLoads().size(): 1
(2023-10-12T19:17:52.187500282) (2023-10-12T19:17:52.187508383) [Dbg] [LinearBatteryPlugin.cc:713] charging status: false
(2023-10-12T19:17:52.187536894) (2023-10-12T19:17:52.187545277) [Dbg] [LinearBatteryPlugin.cc:715] charging current: inf
(2023-10-12T19:17:52.187576712) (2023-10-12T19:17:52.187585032) [Dbg] [LinearBatteryPlugin.cc:716] voltage: 11.277
(2023-10-12T19:17:52.187616826) (2023-10-12T19:17:52.187624926) [Dbg] [LinearBatteryPlugin.cc:717] state of charge: 0.51 (q 1.785)

(2023-10-12T19:18:30.371921186) (2023-10-12T19:18:30.371956905) [Wrn] [ArduPilotPlugin.cc:1583] ArduPilot controller has reset
(2023-10-12T19:19:12.909304420) (2023-10-12T19:19:12.909322006) [Dbg] [LinearBatteryPlugin.cc:574] [Battery Plugin] Battery drain: 7 minutes passed.
(2023-10-12T19:19:44.170070771) (2023-10-12T19:19:44.170089370) [Dbg] [LinearBatteryPlugin.cc:710] Battery: lipo_3500mAh
(2023-10-12T19:19:44.170132438) (2023-10-12T19:19:44.170141646) [Dbg] [LinearBatteryPlugin.cc:711] PowerLoads().size(): 1
(2023-10-12T19:19:44.170170813) (2023-10-12T19:19:44.170178965) [Dbg] [LinearBatteryPlugin.cc:713] charging status: false
(2023-10-12T19:19:44.170207422) (2023-10-12T19:19:44.170215516) [Dbg] [LinearBatteryPlugin.cc:715] charging current: inf
(2023-10-12T19:19:44.170248067) (2023-10-12T19:19:44.170256457) [Dbg] [LinearBatteryPlugin.cc:716] voltage: 11.007
(2023-10-12T19:19:44.170288032) (2023-10-12T19:19:44.170296571) [Dbg] [LinearBatteryPlugin.cc:717] state of charge: 0.41 (q 1.435)

(2023-10-12T19:20:15.592489078) (2023-10-12T19:20:15.592514455) [Wrn] [ArduPilotPlugin.cc:1583] ArduPilot controller has reset
(2023-10-12T19:20:49.43361731) (2023-10-12T19:20:49.43379600) [Dbg] [LinearBatteryPlugin.cc:574] [Battery Plugin] Battery drain: 8 minutes passed.
(2023-10-12T19:21:32.246630644) (2023-10-12T19:21:32.246650594) [Dbg] [LinearBatteryPlugin.cc:710] Battery: lipo_3500mAh
(2023-10-12T19:21:32.246692451) (2023-10-12T19:21:32.246701374) [Dbg] [LinearBatteryPlugin.cc:711] PowerLoads().size(): 1
(2023-10-12T19:21:32.246730107) (2023-10-12T19:21:32.246738590) [Dbg] [LinearBatteryPlugin.cc:713] charging status: false
(2023-10-12T19:21:32.246766610) (2023-10-12T19:21:32.246774902) [Dbg] [LinearBatteryPlugin.cc:715] charging current: inf
(2023-10-12T19:21:32.246822981) (2023-10-12T19:21:32.246831465) [Dbg] [LinearBatteryPlugin.cc:716] voltage: 10.737
(2023-10-12T19:21:32.246863326) (2023-10-12T19:21:32.246871424) [Dbg] [LinearBatteryPlugin.cc:717] state of charge: 0.309999 (q 1.085)

(2023-10-12T19:21:56.506929730) (2023-10-12T19:21:56.506957749) [Wrn] [ArduPilotPlugin.cc:1583] ArduPilot controller has reset
(2023-10-12T19:22:20.464261766) (2023-10-12T19:22:20.464286344) [Dbg] [LinearBatteryPlugin.cc:574] [Battery Plugin] Battery drain: 9 minutes passed.
(2023-10-12T19:23:13.892930887) (2023-10-12T19:23:13.892955823) [Dbg] [LinearBatteryPlugin.cc:710] Battery: lipo_3500mAh
(2023-10-12T19:23:13.893014320) (2023-10-12T19:23:13.893028045) [Dbg] [LinearBatteryPlugin.cc:711] PowerLoads().size(): 1
(2023-10-12T19:23:13.893076580) (2023-10-12T19:23:13.893090863) [Dbg] [LinearBatteryPlugin.cc:713] charging status: false
(2023-10-12T19:23:13.893122516) (2023-10-12T19:23:13.893162058) [Dbg] [LinearBatteryPlugin.cc:715] charging current: inf
(2023-10-12T19:23:13.893217991) (2023-10-12T19:23:13.893231872) [Dbg] [LinearBatteryPlugin.cc:716] voltage: 10.467
(2023-10-12T19:23:13.893310196) (2023-10-12T19:23:13.893319982) [Dbg] [LinearBatteryPlugin.cc:717] state of charge: 0.209999 (q 0.734995)

(2023-10-12T19:23:36.30877712) (2023-10-12T19:23:36.30896112) [Wrn] [ArduPilotPlugin.cc:1583] ArduPilot controller has reset
(2023-10-12T19:23:51.395103892) (2023-10-12T19:23:51.395123457) [Dbg] [LinearBatteryPlugin.cc:574] [Battery Plugin] Battery drain: 10 minutes passed.
(2023-10-12T19:24:54.103629772) (2023-10-12T19:24:54.103657544) [Dbg] [LinearBatteryPlugin.cc:710] Battery: lipo_3500mAh
(2023-10-12T19:24:54.103754576) (2023-10-12T19:24:54.103766582) [Dbg] [LinearBatteryPlugin.cc:711] PowerLoads().size(): 1
(2023-10-12T19:24:54.103803839) (2023-10-12T19:24:54.103818522) [Dbg] [LinearBatteryPlugin.cc:713] charging status: false
(2023-10-12T19:24:54.103850692) (2023-10-12T19:24:54.103859188) [Dbg] [LinearBatteryPlugin.cc:715] charging current: inf
(2023-10-12T19:24:54.103897766) (2023-10-12T19:24:54.103906202) [Dbg] [LinearBatteryPlugin.cc:716] voltage: 10.197
(2023-10-12T19:24:54.103942268) (2023-10-12T19:24:54.103950575) [Dbg] [LinearBatteryPlugin.cc:717] state of charge: 0.11 (q 0.384999)

(2023-10-12T19:25:17.301563656) (2023-10-12T19:25:17.301581688) [Wrn] [ArduPilotPlugin.cc:1583] ArduPilot controller has reset
(2023-10-12T19:25:25.73835068) (2023-10-12T19:25:25.73899205) [Dbg] [LinearBatteryPlugin.cc:574] [Battery Plugin] Battery drain: 11 minutes passed.
(2023-10-12T19:27:08.836150950) (2023-10-12T19:27:08.836173086) [Dbg] [LinearBatteryPlugin.cc:710] Battery: lipo_3500mAh
(2023-10-12T19:27:08.836238797) (2023-10-12T19:27:08.836247898) [Dbg] [LinearBatteryPlugin.cc:711] PowerLoads().size(): 1
(2023-10-12T19:27:08.836277784) (2023-10-12T19:27:08.836285968) [Dbg] [LinearBatteryPlugin.cc:713] charging status: false
(2023-10-12T19:27:08.836331712) (2023-10-12T19:27:08.836345858) [Dbg] [LinearBatteryPlugin.cc:715] charging current: inf
(2023-10-12T19:27:08.836394368) (2023-10-12T19:27:08.836403597) [Dbg] [LinearBatteryPlugin.cc:716] voltage: 9.927
(2023-10-12T19:27:08.836436024) (2023-10-12T19:27:08.836444579) [Dbg] [LinearBatteryPlugin.cc:717] state of charge: 0.00999866 (q 0.0349953)

(2023-10-12T19:27:18.378143399) (2023-10-12T19:27:18.378169834) [Wrn] [LinearBatteryPlugin.cc:722] Model iris out of battery.
(2023-10-12T19:27:32.896891157) (2023-10-12T19:27:32.896916908) [Dbg] [LinearBatteryPlugin.cc:574] [Battery Plugin] Battery drain: 12 minutes passed.
(2023-10-12T19:27:34.370161143) (2023-10-12T19:27:34.370186258) [Wrn] [ArduPilotPlugin.cc:1583] ArduPilot controller has reset
(2023-10-12T19:29:00.816197628) (2023-10-12T19:29:00.816215315) [Dbg] [LinearBatteryPlugin.cc:574] [Battery Plugin] Battery drain: 13 minutes passed.
(2023-10-12T19:29:10.48701693) (2023-10-12T19:29:10.48723698) [Wrn] [ArduPilotPlugin.cc:1583] ArduPilot controller has reset
(2023-10-12T19:30:26.816466252) (2023-10-12T19:30:26.816484644) [Dbg] [LinearBatteryPlugin.cc:574] [Battery Plugin] Battery drain: 14 minutes passed.
(2023-10-12T19:30:43.946171786) (2023-10-12T19:30:43.946200653) [Wrn] [ArduPilotPlugin.cc:1583] ArduPilot controller has reset
(2023-10-12T19:31:52.786675189) (2023-10-12T19:31:52.786693979) [Dbg] [LinearBatteryPlugin.cc:574] [Battery Plugin] Battery drain: 15 minutes passed.
(2023-10-12T19:32:17.840880568) (2023-10-12T19:32:17.840906328) [Wrn] [ArduPilotPlugin.cc:1583] ArduPilot controller has reset
(2023-10-12T19:33:21.924854200) (2023-10-12T19:33:21.924877121) [Dbg] [LinearBatteryPlugin.cc:574] [Battery Plugin] Battery drain: 16 minutes passed.
(2023-10-12T19:33:56.112752249) (2023-10-12T19:33:56.112778153) [Wrn] [ArduPilotPlugin.cc:1583] ArduPilot controller has reset
(2023-10-12T19:35:24.194156419) (2023-10-12T19:35:24.194195407) [Dbg] [LinearBatteryPlugin.cc:574] [Battery Plugin] Battery drain: 17 minutes passed.
(2023-10-12T19:36:38.631642248) (2023-10-12T19:36:38.631677760) [Dbg] [SignalHandler.cc:142] Received signal[2].
(2023-10-12T19:36:38.631774841) (2023-10-12T19:36:38.631789859) [Dbg] [ServerPrivate.cc:115] Server received signal[2]
(2023-10-12T19:36:38.631857292) (2023-10-12T19:36:38.631871614) [Dbg] [Sensors.cc:433] SensorsPrivate::Stop
(2023-10-12T19:36:38.843574380) (2023-10-12T19:36:38.843600387) [Dbg] [Sensors.cc:419] SensorsPrivate::RenderThread stopped
(2023-10-12T19:36:38.844185223) (2023-10-12T19:36:38.844201010) [Dbg] [SignalHandler.cc:142] Received signal[2].
(2023-10-12T19:36:38.844384522) (2023-10-12T19:36:38.844394098) [Dbg] [ArduPilotPlugin.cc:370] Plugin received signal[2]
(2023-10-12T19:36:38.844475422) (2023-10-12T19:36:38.844499130) [Dbg] [SignalHandler.cc:142] Received signal[2].
(2023-10-12T19:36:38.844559762) (2023-10-12T19:36:38.844572482) [Dbg] [ServerPrivate.cc:115] Server received signal[2]
(2023-10-12T19:36:38.844620841) (2023-10-12T19:36:38.844632861) [Dbg] [SignalHandler.cc:142] Received signal[2].
(2023-10-12T19:36:38.844681124) (2023-10-12T19:36:38.844693215) [Dbg] [ArduPilotPlugin.cc:370] Plugin received signal[2]
(2023-10-12T19:36:38.846068333) (2023-10-12T19:36:38.846090400) [Dbg] [gz.cc:417] Shutting down gz-sim-server
((((((((((((((((2023-10-12T19:36:38.855037398) ((2023-10-12T19:36:38.8550673382023-10-12T19:36:38.855086598() ((((2023-10-12T19:36:38.855103418(((2023-10-12T19:36:38.855103418(((2023-10-12T19:36:38.8551034182023-10-12T19:36:38.855171196) (2023-10-12T19:36:38.8551969742023-10-12T19:36:38.8551969742023-10-12T19:36:38.8551997572023-10-12T19:36:38.8551969742023-10-12T19:36:38.8551997572023-10-12T19:36:38.855231288) () 2023-10-12T19:36:38.8551813952023-10-12T19:36:38.855260764) 2023-10-12T19:36:38.8551813952023-10-12T19:36:38.855260764) 2023-10-12T19:36:38.8551813952023-10-12T19:36:38.855260764() ) [Dbg] [SimulationRunner.cc:530] 2023-10-12T19:36:38.855328623) () 2023-10-12T19:36:38.855253912) ) 2023-10-12T19:36:38.855359236(() ) () 2023-10-12T19:36:38.855463094) Exiting postupdate worker thread () Exiting postupdate worker thread () () ) ) ) ) ) ((2023-10-12T19:36:38.855565884) ) (2023-10-12T19:36:38.8555995752023-10-12T19:36:38.8555995752023-10-12T19:36:38.855548531) ) ) Exiting postupdate worker thread ([Dbg] [SimulationRunner.cc:530] [Dbg] [SimulationRunner.cc:530] Exiting postupdate worker thread ([Dbg] [SimulationRunner.cc:530] Exiting postupdate worker thread ([Dbg] [SimulationRunner.cc:530] [Dbg] [SimulationRunner.cc:530] Exiting postupdate worker thread ([Dbg] [SimulationRunner.cc:530] [Dbg] [SimulationRunner.cc:530] Exiting postupdate worker thread ([Dbg] [SimulationRunner.cc:530] Exiting postupdate worker thread (9)
2)
[Dbg] [SimulationRunner.cc:530] Exiting postupdate worker thread (77Exiting postupdate worker thread (11)
)[Dbg] [SimulationRunner.cc:530] Exiting postupdate worker thread (Exiting postupdate worker thread (Exiting postupdate worker thread (0))[Dbg] [SimulationRunner.cc:530] Exiting postupdate worker thread (Exiting postupdate worker thread (Exiting postupdate worker thread (Exiting postupdate worker thread (83)
)
)
6)
3)
Exiting postupdate worker thread (10)3)

))
(2023-10-12T19:36:38.888034832) (2023-10-12T19:36:38.888067285) [Dbg] [Sensors.cc:433] SensorsPrivate::Stop
