(2023-10-17T07:26:24.63924256) (2023-10-17T07:26:24.63940046) [Msg] Gazebo Sim Server v7.6.0
(2023-10-17T07:26:24.69761488) (2023-10-17T07:26:24.69777560) [Msg] Loading SDF world file[/home/bassam/ros2_ws/install/ardupilot_gz_gazebo/share/ardupilot_gz_gazebo/worlds/iris_runway.sdf].
(2023-10-17T07:26:24.324681317) (2023-10-17T07:26:24.324694928) [Msg] Serving entity system service on [/entity/system/add]
(2023-10-17T07:26:24.548191531) (2023-10-17T07:26:24.548226454) [Dbg] [Physics.cc:880] Loaded [gz::physics::dartsim::Plugin] from library [/usr/lib/x86_64-linux-gnu/gz-physics-6/engine-plugins/libgz-physics-dartsim-plugin.so]
(2023-10-17T07:26:24.548314964) (2023-10-17T07:26:24.548324283) [Dbg] [SystemManager.cc:74] Loaded system [gz::sim::systems::Physics] for entity [1]
(2023-10-17T07:26:24.569015068) (2023-10-17T07:26:24.569030572) [Dbg] [Sensors.cc:506] Configuring Sensors system
(2023-10-17T07:26:24.569186384) (2023-10-17T07:26:24.569196231) [Dbg] [Sensors.cc:425] SensorsPrivate::Run
(2023-10-17T07:26:24.569284810) (2023-10-17T07:26:24.569294753) [Dbg] [SystemManager.cc:74] Loaded system [gz::sim::systems::Sensors] for entity [1]
(2023-10-17T07:26:24.570113579) (2023-10-17T07:26:24.570128906) [Dbg] [Sensors.cc:402] SensorsPrivate::RenderThread started
(2023-10-17T07:26:24.570170541) (2023-10-17T07:26:24.570180016) [Dbg] [Sensors.cc:245] Waiting for init
(2023-10-17T07:26:24.572858310) (2023-10-17T07:26:24.572872137) [Msg] Create service on [/world/map/create]
(2023-10-17T07:26:24.573136854) (2023-10-17T07:26:24.573148205) [Msg] Remove service on [/world/map/remove]
(2023-10-17T07:26:24.573521480) (2023-10-17T07:26:24.573532355) [Msg] Pose service on [/world/map/set_pose]
(2023-10-17T07:26:24.573990558) (2023-10-17T07:26:24.574005989) [Msg] Pose service on [/world/map/set_pose_vector]
(2023-10-17T07:26:24.575235097) (2023-10-17T07:26:24.575250403) [Msg] Light configuration service on [/world/map/light_config]
(2023-10-17T07:26:24.576602952) (2023-10-17T07:26:24.576630458) [Msg] Physics service on [/world/map/set_physics]
(2023-10-17T07:26:24.577626093) (2023-10-17T07:26:24.577649325) [Msg] SphericalCoordinates service on [/world/map/set_spherical_coordinates]
(2023-10-17T07:26:24.578130429) (2023-10-17T07:26:24.578141301) [Msg] Enable collision service on [/world/map/enable_collision]
(2023-10-17T07:26:24.578477425) (2023-10-17T07:26:24.578488249) [Msg] Disable collision service on [/world/map/disable_collision]
(2023-10-17T07:26:24.579244601) (2023-10-17T07:26:24.579257985) [Msg] Material service on [/world/map/visual_config]
(2023-10-17T07:26:24.579747792) (2023-10-17T07:26:24.579759183) [Msg] Material service on [/world/map/wheel_slip]
(2023-10-17T07:26:24.579828323) (2023-10-17T07:26:24.579837104) [Dbg] [SystemManager.cc:74] Loaded system [gz::sim::systems::UserCommands] for entity [1]
(2023-10-17T07:26:24.584390627) (2023-10-17T07:26:24.584408848) [Dbg] [SystemManager.cc:74] Loaded system [gz::sim::systems::SceneBroadcaster] for entity [1]
(2023-10-17T07:26:24.592034189) (2023-10-17T07:26:24.592051538) [Dbg] [SystemManager.cc:74] Loaded system [gz::sim::systems::AirPressure] for entity [1]
(2023-10-17T07:26:24.598556217) (2023-10-17T07:26:24.598573204) [Dbg] [SystemManager.cc:74] Loaded system [gz::sim::systems::AirSpeed] for entity [1]
(2023-10-17T07:26:24.603675486) (2023-10-17T07:26:24.603692454) [Dbg] [SystemManager.cc:74] Loaded system [gz::sim::systems::Altimeter] for entity [1]
(2023-10-17T07:26:24.606471322) (2023-10-17T07:26:24.606488185) [Dbg] [SystemManager.cc:74] Loaded system [gz::sim::systems::Imu] for entity [1]
(2023-10-17T07:26:24.609212485) (2023-10-17T07:26:24.609227815) [Dbg] [SystemManager.cc:74] Loaded system [gz::sim::systems::Magnetometer] for entity [1]
(2023-10-17T07:26:24.611832223) (2023-10-17T07:26:24.611847571) [Dbg] [SystemManager.cc:74] Loaded system [gz::sim::systems::NavSat] for entity [1]
(2023-10-17T07:26:24.629780328) (2023-10-17T07:26:24.629839929) [Dbg] [SystemManager.cc:74] Loaded system [gz::sim::systems::JointStatePublisher] for entity [9]
(2023-10-17T07:26:24.632309214) (2023-10-17T07:26:24.632340871) [Msg] OdometryPublisher publishing odometry on [/model/iris/odometry]
(2023-10-17T07:26:24.632501480) (2023-10-17T07:26:24.632511895) [Msg] OdometryPublisher publishing odometry with covariance on [/model/iris/odometry_with_covariance]
(2023-10-17T07:26:24.632619413) (2023-10-17T07:26:24.632629426) [Msg] OdometryPublisher publishing Pose_V (TF) on [/model/iris/pose]
(2023-10-17T07:26:24.632674208) (2023-10-17T07:26:24.632682501) [Dbg] [SystemManager.cc:74] Loaded system [gz::sim::systems::OdometryPublisher] for entity [9]
(2023-10-17T07:26:24.635500150) (2023-10-17T07:26:24.635516637) [Dbg] [SystemManager.cc:74] Loaded system [gz::sim::systems::LiftDrag] for entity [9]
(2023-10-17T07:26:24.635889575) (2023-10-17T07:26:24.635896897) [Dbg] [SystemManager.cc:74] Loaded system [gz::sim::systems::LiftDrag] for entity [9]
(2023-10-17T07:26:24.636147228) (2023-10-17T07:26:24.636153841) [Dbg] [SystemManager.cc:74] Loaded system [gz::sim::systems::LiftDrag] for entity [9]
(2023-10-17T07:26:24.636413119) (2023-10-17T07:26:24.636420023) [Dbg] [SystemManager.cc:74] Loaded system [gz::sim::systems::LiftDrag] for entity [9]
(2023-10-17T07:26:24.636766093) (2023-10-17T07:26:24.636773170) [Dbg] [SystemManager.cc:74] Loaded system [gz::sim::systems::LiftDrag] for entity [9]
(2023-10-17T07:26:24.637092362) (2023-10-17T07:26:24.637099233) [Dbg] [SystemManager.cc:74] Loaded system [gz::sim::systems::LiftDrag] for entity [9]
(2023-10-17T07:26:24.637366848) (2023-10-17T07:26:24.637373491) [Dbg] [SystemManager.cc:74] Loaded system [gz::sim::systems::LiftDrag] for entity [9]
(2023-10-17T07:26:24.637647176) (2023-10-17T07:26:24.637654231) [Dbg] [SystemManager.cc:74] Loaded system [gz::sim::systems::LiftDrag] for entity [9]
(2023-10-17T07:26:24.639473993) (2023-10-17T07:26:24.639487947) [Msg] ApplyJointForce subscribing to Double messages on [/model/iris/joint/rotor_0_joint/cmd_force]
(2023-10-17T07:26:24.639524312) (2023-10-17T07:26:24.639529787) [Dbg] [SystemManager.cc:74] Loaded system [gz::sim::systems::ApplyJointForce] for entity [9]
(2023-10-17T07:26:24.639817315) (2023-10-17T07:26:24.639824824) [Msg] ApplyJointForce subscribing to Double messages on [/model/iris/joint/rotor_1_joint/cmd_force]
(2023-10-17T07:26:24.639849831) (2023-10-17T07:26:24.639854711) [Dbg] [SystemManager.cc:74] Loaded system [gz::sim::systems::ApplyJointForce] for entity [9]
(2023-10-17T07:26:24.640109531) (2023-10-17T07:26:24.640116597) [Msg] ApplyJointForce subscribing to Double messages on [/model/iris/joint/rotor_2_joint/cmd_force]
(2023-10-17T07:26:24.640142218) (2023-10-17T07:26:24.640147190) [Dbg] [SystemManager.cc:74] Loaded system [gz::sim::systems::ApplyJointForce] for entity [9]
(2023-10-17T07:26:24.640394926) (2023-10-17T07:26:24.640402232) [Msg] ApplyJointForce subscribing to Double messages on [/model/iris/joint/rotor_3_joint/cmd_force]
(2023-10-17T07:26:24.640426813) (2023-10-17T07:26:24.640431682) [Dbg] [SystemManager.cc:74] Loaded system [gz::sim::systems::ApplyJointForce] for entity [9]
(2023-10-17T07:26:24.641946343) (2023-10-17T07:26:24.641954341) [Msg] JointPositionController subscribing to Double messages on [/gimbal/cmd_roll]
(2023-10-17T07:26:24.641980999) (2023-10-17T07:26:24.641985797) [Dbg] [JointPositionController.cc:302] [JointPositionController] system parameters:
(2023-10-17T07:26:24.641999455) (2023-10-17T07:26:24.642003898) [Dbg] [JointPositionController.cc:303] p_gain: [2]
(2023-10-17T07:26:24.642213744) (2023-10-17T07:26:24.642219448) [Dbg] [JointPositionController.cc:304] i_gain: [0.1]
(2023-10-17T07:26:24.642238662) (2023-10-17T07:26:24.642243139) [Dbg] [JointPositionController.cc:305] d_gain: [0.01]
(2023-10-17T07:26:24.642261416) (2023-10-17T07:26:24.642265948) [Dbg] [JointPositionController.cc:306] i_max: [1]
(2023-10-17T07:26:24.642283535) (2023-10-17T07:26:24.642287954) [Dbg] [JointPositionController.cc:307] i_min: [-1]
(2023-10-17T07:26:24.642305652) (2023-10-17T07:26:24.642310055) [Dbg] [JointPositionController.cc:308] cmd_max: [1000]
(2023-10-17T07:26:24.642328447) (2023-10-17T07:26:24.642333087) [Dbg] [JointPositionController.cc:309] cmd_min: [-1000]
(2023-10-17T07:26:24.642358349) (2023-10-17T07:26:24.642363071) [Dbg] [JointPositionController.cc:310] cmd_offset: [0]
(2023-10-17T07:26:24.642385514) (2023-10-17T07:26:24.642390066) [Dbg] [JointPositionController.cc:311] Topic: [/gimbal/cmd_roll]
(2023-10-17T07:26:24.642407346) (2023-10-17T07:26:24.642411803) [Dbg] [JointPositionController.cc:312] initial_position: [0]
(2023-10-17T07:26:24.642433506) (2023-10-17T07:26:24.642438011) [Dbg] [SystemManager.cc:74] Loaded system [gz::sim::systems::JointPositionController] for entity [9]
(2023-10-17T07:26:24.642708578) (2023-10-17T07:26:24.642716040) [Msg] JointPositionController subscribing to Double messages on [/gimbal/cmd_tilt]
(2023-10-17T07:26:24.642736983) (2023-10-17T07:26:24.642741529) [Dbg] [JointPositionController.cc:302] [JointPositionController] system parameters:
(2023-10-17T07:26:24.642754978) (2023-10-17T07:26:24.642759307) [Dbg] [JointPositionController.cc:303] p_gain: [2]
(2023-10-17T07:26:24.642778494) (2023-10-17T07:26:24.642783086) [Dbg] [JointPositionController.cc:304] i_gain: [0.1]
(2023-10-17T07:26:24.642801130) (2023-10-17T07:26:24.642805569) [Dbg] [JointPositionController.cc:305] d_gain: [0.01]
(2023-10-17T07:26:24.642823519) (2023-10-17T07:26:24.642827955) [Dbg] [JointPositionController.cc:306] i_max: [1]
(2023-10-17T07:26:24.642845641) (2023-10-17T07:26:24.642850240) [Dbg] [JointPositionController.cc:307] i_min: [-1]
(2023-10-17T07:26:24.642868004) (2023-10-17T07:26:24.642872371) [Dbg] [JointPositionController.cc:308] cmd_max: [1000]
(2023-10-17T07:26:24.642890564) (2023-10-17T07:26:24.642895100) [Dbg] [JointPositionController.cc:309] cmd_min: [-1000]
(2023-10-17T07:26:24.642913054) (2023-10-17T07:26:24.642917640) [Dbg] [JointPositionController.cc:310] cmd_offset: [0]
(2023-10-17T07:26:24.642935301) (2023-10-17T07:26:24.642939631) [Dbg] [JointPositionController.cc:311] Topic: [/gimbal/cmd_tilt]
(2023-10-17T07:26:24.642956829) (2023-10-17T07:26:24.642961367) [Dbg] [JointPositionController.cc:312] initial_position: [0]
(2023-10-17T07:26:24.642982252) (2023-10-17T07:26:24.642986935) [Dbg] [SystemManager.cc:74] Loaded system [gz::sim::systems::JointPositionController] for entity [9]
(2023-10-17T07:26:24.644481241) (2023-10-17T07:26:24.644489255) [Msg] LinearBatteryPlugin configured. Battery name: lipo_3500mAh
(2023-10-17T07:26:24.644512906) (2023-10-17T07:26:24.644517639) [Dbg] [LinearBatteryPlugin.cc:405] Battery initial voltage: 12.6
(2023-10-17T07:26:24.644666355) (2023-10-17T07:26:24.644672954) [Dbg] [SystemManager.cc:74] Loaded system [gz::sim::systems::LinearBatteryPlugin] for entity [9]
(2023-10-17T07:26:24.656997148) (2023-10-17T07:26:24.657008254) [Msg] [iris] Advertising on /gimbal/cmd_roll.
(2023-10-17T07:26:24.657212427) (2023-10-17T07:26:24.657219530) [Msg] [iris] Advertising on /gimbal/cmd_tilt.
(2023-10-17T07:26:24.657383882) [iris] flight dynamics model @ 127.0.0.1:9002
(2023-10-17T07:26:24.657493608) [iris] ArduPilot ready to fly. The force will be with you
(2023-10-17T07:26:24.657533478) (2023-10-17T07:26:24.657538658) [Dbg] [SystemManager.cc:74] Loaded system [ArduPilotPlugin] for entity [9]
(2023-10-17T07:26:24.658500709) (2023-10-17T07:26:24.658507644) [Msg] Loaded level [3]
(2023-10-17T07:26:24.661848719) (2023-10-17T07:26:24.661862093) [Msg] Serving world controls on [/world/map/control], [/world/map/control/state] and [/world/map/playback/control]
(2023-10-17T07:26:24.661974036) (2023-10-17T07:26:24.661984746) [Msg] Serving GUI information on [/world/map/gui/info]
(2023-10-17T07:26:24.662016313) (2023-10-17T07:26:24.662021449) [Msg] World [map] initialized with [1ms] physics profile.
(2023-10-17T07:26:24.662152425) (2023-10-17T07:26:24.662162424) [Msg] Serving world SDF generation service on [/world/map/generate_world_sdf]
(2023-10-17T07:26:24.662264086) (2023-10-17T07:26:24.662274211) [Msg] Serving world names on [/gazebo/worlds]
(2023-10-17T07:26:24.662344923) (2023-10-17T07:26:24.662354798) [Msg] Resource path add service on [/gazebo/resource_paths/add].
(2023-10-17T07:26:24.662423751) (2023-10-17T07:26:24.662442639) [Msg] Resource path get service on [/gazebo/resource_paths/get].
(2023-10-17T07:26:24.662539513) (2023-10-17T07:26:24.662549231) [Msg] Resource path resolve service on [/gazebo/resource_paths/resolve].
(2023-10-17T07:26:24.762907852) (2023-10-17T07:26:24.762932093) [Msg] Resource paths published on [/gazebo/resource_paths].
(2023-10-17T07:26:24.763310496) (2023-10-17T07:26:24.763321352) [Msg] Server control service on [/server_control].
(2023-10-17T07:26:26.67448807) (2023-10-17T07:26:26.67484448) [Msg] Found no publishers on /stats, adding root stats topic
(2023-10-17T07:26:26.67963117) (2023-10-17T07:26:26.67991887) [Msg] Found no publishers on /clock, adding root clock topic
(2023-10-17T07:26:26.68777892) (2023-10-17T07:26:26.68810886) [Dbg] [SimulationRunner.cc:503] Creating PostUpdate worker threads: 13
(2023-10-17T07:26:26.68897912) (2023-10-17T07:26:26.68911757) [Dbg] [SimulationRunner.cc:514] Creating postupdate worker thread (0)
(2023-10-17T07:26:26.69209021) (2023-10-17T07:26:26.69226321) [Dbg] [SimulationRunner.cc:514] Creating postupdate worker thread (1)
(2023-10-17T07:26:26.69331099) (2023-10-17T07:26:26.69343438) [Dbg] [SimulationRunner.cc:514] Creating postupdate worker thread (2)
(2023-10-17T07:26:26.69445529) (2023-10-17T07:26:26.69457502) [Dbg] [SimulationRunner.cc:514] Creating postupdate worker thread (3)
(2023-10-17T07:26:26.69551887) (2023-10-17T07:26:26.69564372) [Dbg] [SimulationRunner.cc:514] Creating postupdate worker thread (4)
(2023-10-17T07:26:26.69657525) (2023-10-17T07:26:26.69689289) [Dbg] [SimulationRunner.cc:514] Creating postupdate worker thread (5)
(2023-10-17T07:26:26.69777507) (2023-10-17T07:26:26.69789845) [Dbg] [SimulationRunner.cc:514] Creating postupdate worker thread (6)
(2023-10-17T07:26:26.69876459) (2023-10-17T07:26:26.69887837) [Dbg] [SimulationRunner.cc:514] Creating postupdate worker thread (7)
(2023-10-17T07:26:26.69990356) (2023-10-17T07:26:26.70003152) [Dbg] [SimulationRunner.cc:514] Creating postupdate worker thread (8)
(2023-10-17T07:26:26.70104472) (2023-10-17T07:26:26.70117443) [Dbg] [SimulationRunner.cc:514] Creating postupdate worker thread (9)
(2023-10-17T07:26:26.70207147) (2023-10-17T07:26:26.70220819) [Dbg] [SimulationRunner.cc:514] Creating postupdate worker thread (10)
(2023-10-17T07:26:26.70314846) (2023-10-17T07:26:26.70327599) [Dbg] [SimulationRunner.cc:514] Creating postupdate worker thread (11)
(2023-10-17T07:26:26.73190489) (2023-10-17T07:26:26.73210196) [Dbg] [JointPositionController.cc:361] Identified joint [roll_joint] as Entity [53]
(2023-10-17T07:26:26.73294036) (2023-10-17T07:26:26.73301855) [Dbg] [JointPositionController.cc:361] Identified joint [tilt_joint] as Entity [54]
(2023-10-17T07:26:26.73506934) (2023-10-17T07:26:26.73519415) [Msg] Found IMU sensor with name [imu_link::imu_sensor]
(2023-10-17T07:26:26.73598582) (2023-10-17T07:26:26.73610535) [Dbg] [ArduPilotPlugin.cc:1154] Computed IMU topic to be: world/map/model/iris/link/imu_link/sensor/imu_sensor/imu
(2023-10-17T07:26:26.85851339) (2023-10-17T07:26:26.85863692) [Dbg] [SDFFeatures.cc:328] Mesh construction from an SDF has not been implemented yet for dartsim. Use AttachMeshShapeFeature to use mesh shapes.
(2023-10-17T07:26:26.85883537) (2023-10-17T07:26:26.85888413) [Err] [SDFFeatures.cc:843] The geometry element of collision [roll_col] couldn't be created
(2023-10-17T07:26:26.85962853) (2023-10-17T07:26:26.85968879) [Dbg] [SDFFeatures.cc:328] Mesh construction from an SDF has not been implemented yet for dartsim. Use AttachMeshShapeFeature to use mesh shapes.
(2023-10-17T07:26:26.85982661) (2023-10-17T07:26:26.85987209) [Err] [SDFFeatures.cc:843] The geometry element of collision [tilt_col] couldn't be created
(2023-10-17T07:26:26.507092119) (2023-10-17T07:26:26.507112676) [Dbg] [Sensors.cc:659] Initialization needed
(2023-10-17T07:26:26.507169885) (2023-10-17T07:26:26.507181795) [Dbg] [Sensors.cc:257] Initializing render context
(2023-10-17T07:26:26.507290172) (2023-10-17T07:26:26.507299835) [Msg] Loading plugin [gz-rendering-ogre2]
(2023-10-17T07:26:26.507426311) (2023-10-17T07:26:26.507440694) [Dbg] [ImuSensor.cc:149] IMU data for [iris::imu_link::imu_sensor] advertised on [world/map/model/iris/link/imu_link/sensor/imu_sensor/imu]
(2023-10-17T07:26:26.507706421) (2023-10-17T07:26:26.507716809) [Dbg] [MagnetometerSensor.cc:117] Magnetometer data for [iris::base_link::magnetometer_sensor] advertised on [world/map/model/iris/link/base_link/sensor/magnetometer_sensor/magnetometer]
(2023-10-17T07:26:26.507950528) (2023-10-17T07:26:26.507963166) [Msg] Serving scene information on [/world/map/scene/info]
(2023-10-17T07:26:26.508005140) (2023-10-17T07:26:26.508018790) [Dbg] [AirPressureSensor.cc:126] Air pressure for [(iris::base_link::air_pressure_sensor] advertised on [world/map/model/iris/link/base_link/sensor/air_pressure_sensor/air_pressure]
2023-10-17T07:26:26.508080103) (2023-10-17T07:26:26.508092960) [Dbg] [AirSpeedSensor.cc:125] Air speed for [iris::base_link::air_speed_sensor] advertised on [world/map/model/iris/link/base_link/sensor/air_speed_sensor/air_speed]
(2023-10-17T07:26:26.508172566) (2023-10-17T07:26:26.508182213) [Msg] Serving graph information on [/world/map/scene/graph]
2023-10-17T07:26:26.508217138) (2023-10-17T07:26:26.508230299) [Dbg] [AltimeterSensor.cc:114] Altimeter data for [iris::base_link::altimeter_sensor] advertised on [world/map/model/iris/link/base_link/sensor/altimeter_sensor/altimeter]
(2023-10-17T07:26:26.508433486) (2023-10-17T07:26:26.508443739) [Msg] Serving full state on [/world/map/state]
(2023-10-17T07:26:26.508535299) (2023-10-17T07:26:26.508543865) [Msg] Serving full state (async) on [/world/map/state_async]
(2023-10-17T07:26:26.508632711) (2023-10-17T07:26:26.508640522) [Msg] Publishing scene information on [/world/map/scene/info]
(2023-10-17T07:26:26.508750786) (2023-10-17T07:26:26.508759748) [Msg] Publishing entity deletions on [/world/map/scene/deletion]
(2023-10-17T07:26:26.508852061) (2023-10-17T07:26:26.508862841) [Msg] Publishing state changes on [/world/map/state]
(2023-10-17T07:26:26.508953835) (2023-10-17T07:26:26.508961834) [Msg] Publishing pose messages on [/world/map/pose/info]
(2023-10-17T07:26:26.509099196) (2023-10-17T07:26:26.509109931) [Msg] Publishing dynamic pose messages on [/world/map/dynamic_pose/info]
(2023-10-17T07:26:26.509561753) (2023-10-17T07:26:26.509572881) [Dbg] [EntityComponentManager.cc:1655] Updated state thread iterators: 8 threads processing around 8 entities each.
(2023-10-17T07:26:26.523716897) (2023-10-17T07:26:26.523733448) [Wrn] [Component.hh:144] Trying to serialize component with data type [St6vectorIdSaIdEE], which doesn't have `operator<<`. Component will not be serialized.
(2023-10-17T07:26:26.523913098) (2023-10-17T07:26:26.523923879) [Wrn] [Model.hh:69] Skipping serialization / deserialization for models with //pose/@relative_to attribute.
(2023-10-17T07:26:26.524378263) (2023-10-17T07:26:26.524392127) [Wrn] [Component.hh:144] Trying to serialize component with data type [N3sdf3v135WorldE], which doesn't have `operator<<`. Component will not be serialized.
(2023-10-17T07:26:26.526506192) [iris] Connected to ArduPilot controller @ 127.0.0.1:52060
(2023-10-17T07:26:26.526557519) (2023-10-17T07:26:26.526570539) [Wrn] [ArduPilotPlugin.cc:1583] ArduPilot controller has reset
(2023-10-17T07:26:26.527505173) (2023-10-17T07:26:26.527522554) [Dbg] [LinearBatteryPlugin.cc:574] [Battery Plugin] Battery drain: 0 minutes passed.
(2023-10-17T07:26:26.696689958) (2023-10-17T07:26:26.696697044) [Dbg] [RenderUtil.cc:2720] Create scene [scene]
(2023-10-17T07:26:26.731409570) (2023-10-17T07:26:26.731421406) ([Dbg] [Sensors.cc:277] 2023-10-17T07:26:26.731435330) (2023-10-17T07:26:26.731452482) Rendering Thread initializedRendering Thread initialized[Dbg] [Sensors.cc:659] Initialization needed

(2023-10-17T07:26:28.559718768) (2023-10-17T07:26:28.559731831) [Dbg] [CameraSensor.cc:458] Camera images for [iris::tilt_link::camera] advertised on [world/map/model/iris/link/tilt_link/sensor/camera/image]
(2023-10-17T07:26:28.559870341) (2023-10-17T07:26:28.559876742) [Dbg] [CameraSensor.cc:786] Camera info for [iris::tilt_link::camera] advertised on [/world/map/model/iris/link/tilt_link/sensor/camera/camera_info]
(2023-10-17T07:26:28.560167544) (2023-10-17T07:26:28.560173554) [Wrn] [Ogre2Camera.cc:412] Ogre2Camera::SetVisibilityMask: Mask bits c0000000 are set but will be ignored as they conflict with the reserved bits used internally by the ogre2 backend.
(2023-10-17T07:26:28.685071449) (2023-10-17T07:26:28.685080843) [Dbg] [CameraSensor.cc:583] Enabling camera sensor: 'iris::tilt_link::camera' data generation.
(2023-10-17T07:26:28.856321512) (2023-10-17T07:26:28.856348013) [Wrn] [ArduPilotPlugin.cc:1436] [iris] Drained n packets: 1
(2023-10-17T07:26:28.858467186) (2023-10-17T07:26:28.858487787) [Wrn] [ArduPilotPlugin.cc:1436] [iris] Drained n packets: 1
(2023-10-17T07:29:08.319885784) (2023-10-17T07:29:08.319915055) [Dbg] [LinearBatteryPlugin.cc:574] [Battery Plugin] Battery drain: 1 minutes passed.
(2023-10-17T07:29:20.981553199) (2023-10-17T07:29:20.981576296) [Wrn] [ArduPilotPlugin.cc:1583] ArduPilot controller has reset
(2023-10-17T07:29:36.12760640) (2023-10-17T07:29:36.12806722) [Dbg] [LinearBatteryPlugin.cc:710] Battery: lipo_3500mAh
(2023-10-17T07:29:36.12919918) (2023-10-17T07:29:36.12930714) [Dbg] [LinearBatteryPlugin.cc:711] PowerLoads().size(): 1
(2023-10-17T07:29:36.12973809) (2023-10-17T07:29:36.12984043) [Dbg] [LinearBatteryPlugin.cc:713] charging status: false
(2023-10-17T07:29:36.13026657) (2023-10-17T07:29:36.13035238) [Dbg] [LinearBatteryPlugin.cc:715] charging current: inf
(2023-10-17T07:29:36.13094750) (2023-10-17T07:29:36.13103955) [Dbg] [LinearBatteryPlugin.cc:716] voltage: 12.357
(2023-10-17T07:29:36.13146160) (2023-10-17T07:29:36.13160924) [Dbg] [LinearBatteryPlugin.cc:717] state of charge: 0.909999 (q 3.185)

(2023-10-17T07:31:20.659304032) (2023-10-17T07:31:20.659322926) [Dbg] [LinearBatteryPlugin.cc:574] [Battery Plugin] Battery drain: 2 minutes passed.
(2023-10-17T07:31:46.68628269) (2023-10-17T07:31:46.68696471) [Wrn] [ArduPilotPlugin.cc:1583] ArduPilot controller has reset
(2023-10-17T07:32:25.979806153) (2023-10-17T07:32:25.979835503) [Dbg] [LinearBatteryPlugin.cc:710] Battery: lipo_3500mAh
(2023-10-17T07:32:25.979912321) (2023-10-17T07:32:25.979927580) [Dbg] [LinearBatteryPlugin.cc:711] PowerLoads().size(): 1
(2023-10-17T07:32:25.979959736) (2023-10-17T07:32:25.979968634) [Dbg] [LinearBatteryPlugin.cc:713] charging status: false
(2023-10-17T07:32:25.979998266) (2023-10-17T07:32:25.980007198) [Dbg] [LinearBatteryPlugin.cc:715] charging current: inf
(2023-10-17T07:32:25.980052017) (2023-10-17T07:32:25.980060470) [Dbg] [LinearBatteryPlugin.cc:716] voltage: 12.087
(2023-10-17T07:32:25.980093704) (2023-10-17T07:32:25.980102057) [Dbg] [LinearBatteryPlugin.cc:717] state of charge: 0.81 (q 2.835)

(2023-10-17T07:33:33.895766872) (2023-10-17T07:33:33.895801022) [Dbg] [LinearBatteryPlugin.cc:574] [Battery Plugin] Battery drain: 3 minutes passed.
(2023-10-17T07:34:10.195174692) (2023-10-17T07:34:10.195210907) [Wrn] [ArduPilotPlugin.cc:1583] ArduPilot controller has reset
(2023-10-17T07:35:10.162541669) (2023-10-17T07:35:10.162569226) [Dbg] [LinearBatteryPlugin.cc:710] Battery: lipo_3500mAh
(2023-10-17T07:35:10.162621452) (2023-10-17T07:35:10.162630478) [Dbg] [LinearBatteryPlugin.cc:711] PowerLoads().size(): 1
(2023-10-17T07:35:10.162661161) (2023-10-17T07:35:10.162669474) [Dbg] [LinearBatteryPlugin.cc:713] charging status: false
(2023-10-17T07:35:10.162698908) (2023-10-17T07:35:10.162707251) [Dbg] [LinearBatteryPlugin.cc:715] charging current: inf
(2023-10-17T07:35:10.162742117) (2023-10-17T07:35:10.162750982) [Dbg] [LinearBatteryPlugin.cc:716] voltage: 11.817
(2023-10-17T07:35:10.162785184) (2023-10-17T07:35:10.162793490) [Dbg] [LinearBatteryPlugin.cc:717] state of charge: 0.71 (q 2.485)

(2023-10-17T07:35:44.715434655) (2023-10-17T07:35:44.715471260) [Dbg] [LinearBatteryPlugin.cc:574] [Battery Plugin] Battery drain: 4 minutes passed.
(2023-10-17T07:36:33.162083117) (2023-10-17T07:36:33.162133302) [Wrn] [ArduPilotPlugin.cc:1583] ArduPilot controller has reset
(2023-10-17T07:37:54.855819092) (2023-10-17T07:37:54.855894950) [Dbg] [LinearBatteryPlugin.cc:710] Battery: lipo_3500mAh
(2023-10-17T07:37:54.855950555) (2023-10-17T07:37:54.855959757) [Dbg] [LinearBatteryPlugin.cc:711] PowerLoads().size(): 1
(2023-10-17T07:37:54.855988952) (2023-10-17T07:37:54.855997363) [Dbg] [LinearBatteryPlugin.cc:713] charging status: false
(2023-10-17T07:37:54.856028336) (2023-10-17T07:37:54.856037630) [Dbg] [LinearBatteryPlugin.cc:715] charging current: inf
(2023-10-17T07:37:54.856076853) (2023-10-17T07:37:54.856087745) [Dbg] [LinearBatteryPlugin.cc:716] voltage: 11.547
(2023-10-17T07:37:54.856123224) (2023-10-17T07:37:54.856131566) [Dbg] [LinearBatteryPlugin.cc:717] state of charge: 0.61 (q 2.135)

(2023-10-17T07:38:00.187901684) (2023-10-17T07:38:00.187923168) [Dbg] [LinearBatteryPlugin.cc:574] [Battery Plugin] Battery drain: 5 minutes passed.
(2023-10-17T07:39:12.554135531) (2023-10-17T07:39:12.554170615) [Wrn] [ArduPilotPlugin.cc:1583] ArduPilot controller has reset
(2023-10-17T07:40:23.449511981) (2023-10-17T07:40:23.449551566) [Dbg] [LinearBatteryPlugin.cc:574] [Battery Plugin] Battery drain: 6 minutes passed.
(2023-10-17T07:40:44.216065106) (2023-10-17T07:40:44.216106539) [Dbg] [LinearBatteryPlugin.cc:710] Battery: lipo_3500mAh
(2023-10-17T07:40:44.216254437) (2023-10-17T07:40:44.216272758) [Dbg] [LinearBatteryPlugin.cc:711] PowerLoads().size(): 1
(2023-10-17T07:40:44.216311884) (2023-10-17T07:40:44.216322688) [Dbg] [LinearBatteryPlugin.cc:713] charging status: false
(2023-10-17T07:40:44.216356856) (2023-10-17T07:40:44.216369511) [Dbg] [LinearBatteryPlugin.cc:715] charging current: inf
(2023-10-17T07:40:44.216432608) (2023-10-17T07:40:44.216449172) [Dbg] [LinearBatteryPlugin.cc:716] voltage: 11.277
(2023-10-17T07:40:44.216527593) (2023-10-17T07:40:44.216541501) [Dbg] [LinearBatteryPlugin.cc:717] state of charge: 0.51 (q 1.785)

(2023-10-17T07:41:35.195859266) (2023-10-17T07:41:35.195881819) [Wrn] [ArduPilotPlugin.cc:1583] ArduPilot controller has reset
(2023-10-17T07:42:33.601423705) (2023-10-17T07:42:33.601479062) [Dbg] [LinearBatteryPlugin.cc:574] [Battery Plugin] Battery drain: 7 minutes passed.
(2023-10-17T07:43:24.23756318) (2023-10-17T07:43:24.23822549) [Dbg] [LinearBatteryPlugin.cc:710] Battery: lipo_3500mAh
(2023-10-17T07:43:24.23886415) (2023-10-17T07:43:24.23896061) [Dbg] [LinearBatteryPlugin.cc:711] PowerLoads().size(): 1
(2023-10-17T07:43:24.23927893) (2023-10-17T07:43:24.23936706) [Dbg] [LinearBatteryPlugin.cc:713] charging status: false
(2023-10-17T07:43:24.23967178) (2023-10-17T07:43:24.23976086) [Dbg] [LinearBatteryPlugin.cc:715] charging current: inf
(2023-10-17T07:43:24.24014811) (2023-10-17T07:43:24.24023635) [Dbg] [LinearBatteryPlugin.cc:716] voltage: 11.007
(2023-10-17T07:43:24.24064524) (2023-10-17T07:43:24.24075698) [Dbg] [LinearBatteryPlugin.cc:717] state of charge: 0.41 (q 1.435)

(2023-10-17T07:44:10.622509583) (2023-10-17T07:44:10.622534940) [Wrn] [ArduPilotPlugin.cc:1583] ArduPilot controller has reset
(2023-10-17T07:44:51.335991664) (2023-10-17T07:44:51.336036104) [Dbg] [SignalHandler.cc:142] Received signal[2].
(2023-10-17T07:44:51.336114210) (2023-10-17T07:44:51.336132203) [Dbg] [ServerPrivate.cc:115] Server received signal[2]
(2023-10-17T07:44:51.336303677) (2023-10-17T07:44:51.336324814) [Dbg] [Sensors.cc:433] SensorsPrivate::Stop
(2023-10-17T07:44:51.436818588) (2023-10-17T07:44:51.436844216) [Dbg] [Sensors.cc:419] SensorsPrivate::RenderThread stopped
(2023-10-17T07:44:51.437325307) (2023-10-17T07:44:51.437350965) [Dbg] [SignalHandler.cc:142] Received signal[2].
(2023-10-17T07:44:51.437642533) (2023-10-17T07:44:51.437660030) [Dbg] [ArduPilotPlugin.cc:370] Plugin received signal[2]
(2023-10-17T07:44:51.437763559) (2023-10-17T07:44:51.437779030) [Dbg] [gz.cc:417] Shutting down gz-sim-server
(((2023-10-17T07:44:51.449279368) (2023-10-17T07:44:51.449307869) [Dbg] [SimulationRunner.cc:530] Exiting postupdate worker thread (1)
(2023-10-17T07:44:51.449446271) (2023-10-17T07:44:51.449462638) [Dbg] [SimulationRunner.cc:530] Exiting postupdate worker thread (8)
((2023-10-17T07:44:51.449556519) (2023-10-17T07:44:51.449602967) [Dbg] [SimulationRunner.cc:530] 2023-10-17T07:44:51.449615299) ) (2023-10-17T07:44:51.4496768532023-10-17T07:44:51.449676853((2023-10-17T07:44:51.449750090) (2023-10-17T07:44:51.449779757) (2023-10-17T07:44:51.449810789) ) ) ) 2023-10-17T07:44:51.449708734) 2023-10-17T07:44:51.449708734(2023-10-17T07:44:51.449862772) () ((2023-10-17T07:44:51.449928284((() ) 2023-10-17T07:44:51.449898361) 2023-10-17T07:44:51.449967210) ((2023-10-17T07:44:51.449930372) (2023-10-17T07:44:51.450021597) (2023-10-17T07:44:51.450056301) ) (2023-10-17T07:44:51.450087379) 2023-10-17T07:44:51.450031612) ) 2023-10-17T07:44:51.449918409) ) )
[Dbg] [SimulationRunner.cc:530] Exiting postupdate worker thread (2)
[Dbg] [SimulationRunner.cc:530] Exiting postupdate worker thread (7)
[Dbg] [SimulationRunner.cc:530] Exiting postupdate worker thread (3)
[Dbg] [SimulationRunner.cc:530] Exiting postupdate worker thread (9)
[Dbg] [SimulationRunner.cc:530] Exiting postupdate worker thread (10)
[Dbg] [SimulationRunner.cc:530] Exiting postupdate worker thread (5)
[Dbg] [SimulationRunner.cc:530] Exiting postupdate worker thread (4)
[Dbg] [SimulationRunner.cc:530] Exiting postupdate worker thread (6)
Exiting postupdate worker thread (0)
(2023-10-17T07:44:51.498833197) (2023-10-17T07:44:51.498852093) [Dbg] [Sensors.cc:433] SensorsPrivate::Stop
