(2023-10-19T17:34:55.301094554) (2023-10-19T17:34:55.301104502) [Msg] Gazebo Sim Server v7.6.0
(2023-10-19T17:34:55.304347192) (2023-10-19T17:34:55.304355900) [Msg] Loading SDF world file[/home/bassam/PX4-Autopilot/Tools/simulation/gz/worlds/default.sdf].
(2023-10-19T17:34:55.370234594) (2023-10-19T17:34:55.370245771) [Msg] Serving entity system service on [/entity/system/add]
(2023-10-19T17:34:55.557643882) (2023-10-19T17:34:55.557660835) [Dbg] [Physics.cc:880] Loaded [gz::physics::dartsim::Plugin] from library [/usr/lib/x86_64-linux-gnu/gz-physics-6/engine-plugins/libgz-physics-dartsim-plugin.so]
(2023-10-19T17:34:55.557727382) (2023-10-19T17:34:55.557735357) [Dbg] [SystemManager.cc:74] Loaded system [gz::sim::systems::Physics] for entity [1]
(2023-10-19T17:34:55.562910540) (2023-10-19T17:34:55.562921409) [Msg] Create service on [/world/default/create]
(2023-10-19T17:34:55.663274253) (2023-10-19T17:34:55.663291206) [Msg] Remove service on [/world/default/remove]
(2023-10-19T17:34:55.663420171) (2023-10-19T17:34:55.663429595) [Msg] Pose service on [/world/default/set_pose]
(2023-10-19T17:34:55.663542170) (2023-10-19T17:34:55.663552006) [Msg] Pose service on [/world/default/set_pose_vector]
(2023-10-19T17:34:55.663732147) (2023-10-19T17:34:55.663742661) [Msg] Light configuration service on [/world/default/light_config]
(2023-10-19T17:34:55.663969945) (2023-10-19T17:34:55.663979870) [Msg] Physics service on [/world/default/set_physics]
(2023-10-19T17:34:55.664128110) (2023-10-19T17:34:55.664138061) [Msg] SphericalCoordinates service on [/world/default/set_spherical_coordinates]
(2023-10-19T17:34:55.664204735) (2023-10-19T17:34:55.664213845) [Msg] Enable collision service on [/world/default/enable_collision]
(2023-10-19T17:34:55.664273059) (2023-10-19T17:34:55.664281947) [Msg] Disable collision service on [/world/default/disable_collision]
(2023-10-19T17:34:55.664415750) (2023-10-19T17:34:55.664425020) [Msg] Material service on [/world/default/visual_config]
(2023-10-19T17:34:55.664522434) (2023-10-19T17:34:55.664531751) [Msg] Material service on [/world/default/wheel_slip]
(2023-10-19T17:34:55.664561064) (2023-10-19T17:34:55.664565669) [Dbg] [SystemManager.cc:74] Loaded system [gz::sim::systems::UserCommands] for entity [1]
(2023-10-19T17:34:55.667003796) (2023-10-19T17:34:55.667017146) [Dbg] [SystemManager.cc:74] Loaded system [gz::sim::systems::SceneBroadcaster] for entity [1]
(2023-10-19T17:34:55.670402892) (2023-10-19T17:34:55.670412233) [Dbg] [SystemManager.cc:74] Loaded system [gz::sim::systems::Contact] for entity [1]
(2023-10-19T17:34:55.673343663) (2023-10-19T17:34:55.673353801) [Dbg] [SystemManager.cc:74] Loaded system [gz::sim::systems::Imu] for entity [1]
(2023-10-19T17:34:55.676224557) (2023-10-19T17:34:55.676241729) [Dbg] [SystemManager.cc:74] Loaded system [gz::sim::systems::AirPressure] for entity [1]
(2023-10-19T17:34:55.678250192) (2023-10-19T17:34:55.678264414) [Msg] Listening to instantaneous wrench commands in [/world/default/wrench]
(2023-10-19T17:34:55.678343291) (2023-10-19T17:34:55.678352460) [Msg] Listening to persistent wrench commands in [/world/default/wrench/persistent]
(2023-10-19T17:34:55.678432895) (2023-10-19T17:34:55.678440737) [Msg] Listening to wrench clear commands in [/world/default/wrench/clear]
(2023-10-19T17:34:55.678474521) (2023-10-19T17:34:55.678487520) [Dbg] [SystemManager.cc:74] Loaded system [gz::sim::systems::ApplyLinkWrench] for entity [1]
(2023-10-19T17:34:55.693545781) (2023-10-19T17:34:55.693562447) [Dbg] [Sensors.cc:506] Configuring Sensors system
(2023-10-19T17:34:55.693708836) (2023-10-19T17:34:55.693717311) [Dbg] [Sensors.cc:425] SensorsPrivate::Run
(2023-10-19T17:34:55.693804248) (2023-10-19T17:34:55.693813077) [Dbg] [SystemManager.cc:74] Loaded system [gz::sim::systems::Sensors] for entity [1]
2023-10-19T17:34:55.693859791) (2023-10-19T17:34:55.693877271) [Dbg] [Sensors.cc:402] SensorsPrivate::RenderThread started
(2023-10-19T17:34:55.693892426) (2023-10-19T17:34:55.693896942) [Dbg] [Sensors.cc:245] Waiting for init
(2023-10-19T17:34:55.695177501) (2023-10-19T17:34:55.695186736) [Msg] Loaded level [3]
(2023-10-19T17:34:55.695894350) (2023-10-19T17:34:55.695906029) [Msg] Serving world controls on [/world/default/control], [/world/default/control/state] and [/world/default/playback/control]
(2023-10-19T17:34:55.696132556) (2023-10-19T17:34:55.696142295) [Msg] Serving GUI information on [/world/default/gui/info]
(2023-10-19T17:34:55.696167767) (2023-10-19T17:34:55.696172775) [Msg] World [default] initialized with [default_physics] physics profile.
(2023-10-19T17:34:55.696330147) (2023-10-19T17:34:55.696339902) [Msg] Serving world SDF generation service on [/world/default/generate_world_sdf]
(2023-10-19T17:34:55.696434946) (2023-10-19T17:34:55.696444833) [Msg] Serving world names on [/gazebo/worlds]
(2023-10-19T17:34:55.696508955) (2023-10-19T17:34:55.696517895) [Msg] Resource path add service on [/gazebo/resource_paths/add].
(2023-10-19T17:34:55.696576765) (2023-10-19T17:34:55.696586175) [Msg] Resource path get service on [/gazebo/resource_paths/get].
(2023-10-19T17:34:55.696648839) (2023-10-19T17:34:55.696657694) [Msg] Resource path resolve service on [/gazebo/resource_paths/resolve].
(2023-10-19T17:34:55.696723601) (2023-10-19T17:34:55.696729358) [Msg] Resource paths published on [/gazebo/resource_paths].
(2023-10-19T17:34:55.696824985) (2023-10-19T17:34:55.696834295) [Msg] Server control service on [/server_control].
(2023-10-19T17:34:57.303471852) (2023-10-19T17:34:57.303509320) [Msg] Found no publishers on /stats, adding root stats topic
(2023-10-19T17:34:57.303875760) (2023-10-19T17:34:57.303891505) [Msg] Found no publishers on /clock, adding root clock topic
(2023-10-19T17:34:57.304322850) (2023-10-19T17:34:57.304334422) [Dbg] [SimulationRunner.cc:503] Creating PostUpdate worker threads: 6
(2023-10-19T17:34:57.304386059) (2023-10-19T17:34:57.304395781) [Dbg] [SimulationRunner.cc:514] Creating postupdate worker thread (0)
(2023-10-19T17:34:57.304575112) (2023-10-19T17:34:57.304587018) [Dbg] [SimulationRunner.cc:514] Creating postupdate worker thread (1)
(2023-10-19T17:34:57.304789662) (2023-10-19T17:34:57.304805586) [Dbg] [SimulationRunner.cc:514] Creating postupdate worker thread (2)
(2023-10-19T17:34:57.304905145) (2023-10-19T17:34:57.304917096) [Dbg] [SimulationRunner.cc:514] Creating postupdate worker thread (3)
(2023-10-19T17:34:57.305022700) (2023-10-19T17:34:57.305035053) [Dbg] [SimulationRunner.cc:514] Creating postupdate worker thread (4)
(2023-10-19T17:34:57.548148233) (2023-10-19T17:34:57.548177189) [Wrn] [MulticopterMotorModel.cc:257] No robotNamespace set using entity name.
(2023-10-19T17:34:57.548208773) (2023-10-19T17:34:57.548214288) [Wrn] [MulticopterMotorModel.cc:295] <motorNumber> is depricated, please use <actuator_number>.
(2023-10-19T17:34:57.548256591) (2023-10-19T17:34:57.548262096) [Dbg] [MulticopterMotorModel.cc:386] Listening to topic: x500_depth_0/command/motor_speed
(2023-10-19T17:34:57.548712244) (2023-10-19T17:34:57.548731628) [Dbg] [SystemManager.cc:74] Loaded system [gz::sim::systems::MulticopterMotorModel] for entity [10]
(2023-10-19T17:34:57.549406982) (2023-10-19T17:34:57.549421602) [Wrn] [MulticopterMotorModel.cc:257] No robotNamespace set using entity name.
(2023-10-19T17:34:57.549443982) (2023-10-19T17:34:57.549448999) [Wrn] [MulticopterMotorModel.cc:295] <motorNumber> is depricated, please use <actuator_number>.
(2023-10-19T17:34:57.549499948) (2023-10-19T17:34:57.549505342) [Dbg] [MulticopterMotorModel.cc:386] Listening to topic: x500_depth_0/command/motor_speed
(2023-10-19T17:34:57.549871714) (2023-10-19T17:34:57.549883533) [Dbg] [SystemManager.cc:74] Loaded system [gz::sim::systems::MulticopterMotorModel] for entity [10]
(2023-10-19T17:34:57.550285448) (2023-10-19T17:34:57.550293537) [Wrn] [MulticopterMotorModel.cc:257] No robotNamespace set using entity name.
(2023-10-19T17:34:57.550310942) (2023-10-19T17:34:57.550316311) [Wrn] [MulticopterMotorModel.cc:295] <motorNumber> is depricated, please use <actuator_number>.
(2023-10-19T17:34:57.550354791) (2023-10-19T17:34:57.550360051) [Dbg] [MulticopterMotorModel.cc:386] Listening to topic: x500_depth_0/command/motor_speed
(2023-10-19T17:34:57.550537476) (2023-10-19T17:34:57.550544426) [Dbg] [SystemManager.cc:74] Loaded system [gz::sim::systems::MulticopterMotorModel] for entity [10]
(2023-10-19T17:34:57.550818588) (2023-10-19T17:34:57.550825698) [Wrn] [MulticopterMotorModel.cc:257] No robotNamespace set using entity name.
(2023-10-19T17:34:57.550840676) (2023-10-19T17:34:57.550845707) [Wrn] [MulticopterMotorModel.cc:295] <motorNumber> is depricated, please use <actuator_number>.
(2023-10-19T17:34:57.550878619) (2023-10-19T17:34:57.550883790) [Dbg] [MulticopterMotorModel.cc:386] Listening to topic: x500_depth_0/command/motor_speed
(2023-10-19T17:34:57.551059806) (2023-10-19T17:34:57.551066624) [Dbg] [SystemManager.cc:74] Loaded system [gz::sim::systems::MulticopterMotorModel] for entity [10]
(2023-10-19T17:34:57.551340764) (2023-10-19T17:34:57.551346800) [Dbg] [UserCommands.cc:1263] Created entity [10] named [x500_depth_0]
(2023-10-19T17:34:57.562947378) (2023-10-19T17:34:57.562966415) [Dbg] [SimulationFeatures.cc:72] Simulation timestep set to: 0.004
(2023-10-19T17:34:57.564083563) (2023-10-19T17:34:57.564116915) [Dbg] [Sensors.cc:659] Initialization needed
(2023-10-19T17:34:57.564205460) (2023-10-19T17:34:57.564216147) [Dbg] [Sensors.cc:257] Initializing render context
(2023-10-19T17:34:57.564416665) (2023-10-19T17:34:57.564424506) [Msg] Loading plugin [gz-rendering-ogre2]
(2023-10-19T17:34:57.565575797) (2023-10-19T17:34:57.565619236) [Dbg] [AirPressureSensor.cc:126] Air pressure for [x500_depth_0::base_link::air_pressure_sensor] advertised on [world/default/model/x500_depth_0/link/base_link/sensor/air_pressure_sensor/air_pressure]
(2023-10-19T17:34:57.565896430) (2023-10-19T17:34:57.565909985) [Msg] (2023-10-19T17:34:57.565951468) (Serving scene information on [/world/default/scene/info) [Dbg] [ImuSensor.cc:149] 
x500_depth_0::base_link::imu_sensor] advertised on [world/default/model/x500_depth_0/link/base_link/sensor/imu_sensor/imu]
(2023-10-19T17:34:57.566100327) (2023-10-19T17:34:57.566111403) [Msg] Serving graph information on [/world/default/scene/graph]
(2023-10-19T17:34:57.566326786) (2023-10-19T17:34:57.566338935) [Msg] Serving full state on [/world/default/state]
(2023-10-19T17:34:57.566440058) (2023-10-19T17:34:57.566451209) [Msg] Serving full state (async) on [/world/default/state_async]
(2023-10-19T17:34:57.566570937) (2023-10-19T17:34:57.566582175) [Msg] Publishing scene information on [/world/default/scene/info]
(2023-10-19T17:34:57.566718075) (2023-10-19T17:34:57.566729227) [Msg] Publishing entity deletions on [/world/default/scene/deletion]
(2023-10-19T17:34:57.566831440) (2023-10-19T17:34:57.566843621) [Msg] Publishing state changes on [/world/default/state]
(2023-10-19T17:34:57.566944880) (2023-10-19T17:34:57.566955642) [Msg] Publishing pose messages on [/world/default/pose/info]
(2023-10-19T17:34:57.567049746) (2023-10-19T17:34:57.567061053) [Msg] Publishing dynamic pose messages on [/world/default/dynamic_pose/info]
(2023-10-19T17:34:57.567641400) (2023-10-19T17:34:57.567654278) [Dbg] [EntityComponentManager.cc:1655] Updated state thread iterators: 8 threads processing around 7 entities each.
((2023-10-19T17:34:57.581996081) (2023-10-19T17:34:57.582021155) 2023-10-19T17:34:57.582008304) ([Wrn] [Component.hh:144] Trying to serialize component with data type [2023-10-19T17:34:57.582039950) ) N3sdf3v135WorldE], which doesn't have `operator<<`. Component will not be serialized.
[Wrn] [Model.hh:69] Skipping serialization / deserialization for models with //pose/@relative_to attribute.
((2023-10-19T17:34:57.5841742742023-10-19T17:34:57.584174274(2023-10-19T17:34:57.584190907) ) ) 2023-10-19T17:34:57.584180541((2023-10-19T17:34:57.5842132362023-10-19T17:34:57.584213236) ) 2023-10-19T17:34:57.584223711) ) ((2023-10-19T17:34:57.584262323) 2023-10-19T17:34:57.584255745[Dbg] [SimulationRunner.cc:530] Exiting postupdate worker thread () (2023-10-19T17:34:57.584307855) 2023-10-19T17:34:57.584283709) (2023-10-19T17:34:57.584340302) ) 3)
[Dbg] [SimulationRunner.cc:530] Exiting postupdate worker thread (2)
[Dbg] [SimulationRunner.cc:530] Exiting postupdate worker thread (0)
[Dbg] [SimulationRunner.cc:530] Exiting postupdate worker thread (1)
[Dbg] [SimulationRunner.cc:530] Exiting postupdate worker thread (4)
(2023-10-19T17:34:57.584684109) (2023-10-19T17:34:57.584694944) [Dbg] [SimulationRunner.cc:503] Creating PostUpdate worker threads: 6
(2023-10-19T17:34:57.584724100) (2023-10-19T17:34:57.584732132) [Dbg] [SimulationRunner.cc:514] Creating postupdate worker thread (0)
(2023-10-19T17:34:57.585207501) (2023-10-19T17:34:57.585218287) [Dbg] [SimulationRunner.cc:514] Creating postupdate worker thread (1)
(2023-10-19T17:34:57.585261905) (2023-10-19T17:34:57.585270819) [Dbg] [SimulationRunner.cc:514] Creating postupdate worker thread (2)
(2023-10-19T17:34:57.585317330) (2023-10-19T17:34:57.585325390) [Dbg] [SimulationRunner.cc:514] Creating postupdate worker thread (3)
(2023-10-19T17:34:57.585357071) (2023-10-19T17:34:57.585363033) [Dbg] [SimulationRunner.cc:514] Creating postupdate worker thread (4)
(2023-10-19T17:34:57.747415595) (2023-10-19T17:34:57.747422894) [Dbg] [RenderUtil.cc:2720] Create scene [scene]
((2023-10-19T17:34:57.778291166) (2023-10-19T17:34:57.7783054632023-10-19T17:34:57.778313665) () [Dbg] [Sensors.cc:277] Rendering Thread initialized
2023-10-19T17:34:57.778325408) [Dbg] [Sensors.cc:659] Initialization needed
(2023-10-19T17:34:59.411965966) (2023-10-19T17:34:59.411980221) [Dbg] [CameraSensor.cc:458] Camera images for [x500_depth_0::OakD-Lite/base_link::IMX214] advertised on [camera]
(2023-10-19T17:34:59.412109331) (2023-10-19T17:34:59.412119405) [Dbg] [CameraSensor.cc:786] Camera info for [x500_depth_0::OakD-Lite/base_link::IMX214] advertised on [/camera_info]
(2023-10-19T17:34:59.412254200) (2023-10-19T17:34:59.412259606) [Wrn] [Ogre2Camera.cc:412] Ogre2Camera::SetVisibilityMask: Mask bits c0000000 are set but will be ignored as they conflict with the reserved bits used internally by the ogre2 backend.
(2023-10-19T17:34:59.412569300) (2023-10-19T17:34:59.412576904) [Dbg] [DepthCameraSensor.cc:282] Depth images for [x500_depth_0::OakD-Lite/base_link::StereoOV7251] advertised on [depth_camera]
(2023-10-19T17:34:59.412653111) (2023-10-19T17:34:59.412662261) [Dbg] [CameraSensor.cc:786] Camera info for [x500_depth_0::OakD-Lite/base_link::StereoOV7251] advertised on [/camera_info]
(2023-10-19T17:34:59.412779566) (2023-10-19T17:34:59.412788728) [Dbg] [DepthCameraSensor.cc:299] Points for [x500_depth_0::OakD-Lite/base_link::StereoOV7251] advertised on [depth_camera/points]
(2023-10-19T17:34:59.507828273) (2023-10-19T17:34:59.507857515) [Dbg] [CameraSensor.cc:583] Enabling camera sensor: 'x500_depth_0::OakD-Lite/base_link::IMX214' data generation.
(2023-10-19T17:44:03.643892037) (2023-10-19T17:44:03.643931018) [Dbg] [SignalHandler.cc:142] Received signal[2].
(2023-10-19T17:44:03.644476424) (2023-10-19T17:44:03.644499198) [Dbg] [ServerPrivate.cc:115] Server received signal[2]
(2023-10-19T17:44:03.644582618) (2023-10-19T17:44:03.644596397) [Dbg] [Sensors.cc:433] SensorsPrivate::Stop
(2023-10-19T17:44:03.736013139) (2023-10-19T17:44:03.736032301) [Dbg] [Sensors.cc:419] SensorsPrivate::RenderThread stopped
(2023-10-19T17:44:03.736808345) (2023-10-19T17:44:03.736827589) [Dbg] [gz.cc:417] Shutting down gz-sim-server
(((2023-10-19T17:44:03.7434055932023-10-19T17:44:03.743446803) (2023-10-19T17:44:03.743468105) ) ) (2023-10-19T17:44:03.743588188) ([Dbg] [SimulationRunner.cc:530] 2023-10-19T17:44:03.743650962) 2023-10-19T17:44:03.743425030) ((2023-10-19T17:44:03.743694282) 2023-10-19T17:44:03.743715308) (Exiting postupdate worker thread (2023-10-19T17:44:03.743748923) [Dbg] [SimulationRunner.cc:530] 1) [Dbg] [SimulationRunner.cc:530] 1)
[Dbg] [SimulationRunner.cc:530] Exiting postupdate worker thread (0)
[Dbg] [SimulationRunner.cc:530] Exiting postupdate worker thread (Exiting postupdate worker thread (Exiting postupdate worker thread (3)
)
Exiting postupdate worker thread (2)
(2023-10-19T17:44:03.768920192) (2023-10-19T17:44:03.768938520) [Dbg] [Sensors.cc:433] SensorsPrivate::Stop
