(2023-10-19T19:25:00.826011784) (2023-10-19T19:25:00.826018476) [Msg] Gazebo Sim Server v7.6.0
(2023-10-19T19:25:00.828125413) (2023-10-19T19:25:00.828134476) [Msg] Loading default world.
(2023-10-19T19:25:00.885954140) (2023-10-19T19:25:00.885963271) [Msg] Serving entity system service on [/entity/system/add]
(2023-10-19T19:25:00.886199637) (2023-10-19T19:25:00.886206276) [Msg] Loaded level [3]
(2023-10-19T19:25:00.886246632) (2023-10-19T19:25:00.886251595) [Msg] No systems loaded from SDF, loading defaults
(2023-10-19T19:25:00.886398008) (2023-10-19T19:25:00.886403857) [Dbg] [ServerConfig.cc:1062] Loaded (3) plugins from file [/home/bassam/.gz/sim/7/server.config]
(2023-10-19T19:25:00.991653456) (2023-10-19T19:25:00.991666053) [Dbg] [Physics.cc:880] Loaded [gz::physics::dartsim::Plugin] from library [/usr/lib/x86_64-linux-gnu/gz-physics-6/engine-plugins/libgz-physics-dartsim-plugin.so]
(2023-10-19T19:25:00.991727389) (2023-10-19T19:25:00.991735052) [Dbg] [SystemManager.cc:74] Loaded system [gz::sim::systems::Physics] for entity [1]
(2023-10-19T19:25:00.996455550) (2023-10-19T19:25:00.996466451) [Msg] Create service on [/world/default/create]
(2023-10-19T19:25:00.996802993) (2023-10-19T19:25:00.996812233) [Msg] Remove service on [/world/default/remove]
(2023-10-19T19:25:00.997094789) (2023-10-19T19:25:00.997103875) [Msg] Pose service on [/world/default/set_pose]
(2023-10-19T19:25:00.997366079) (2023-10-19T19:25:00.997375654) [Msg] Pose service on [/world/default/set_pose_vector]
(2023-10-19T19:25:00.997795462) (2023-10-19T19:25:00.997805132) [Msg] Light configuration service on [/world/default/light_config]
(2023-10-19T19:25:00.998365293) (2023-10-19T19:25:00.998374563) [Msg] Physics service on [/world/default/set_physics]
(2023-10-19T19:25:00.998733140) (2023-10-19T19:25:00.998742495) [Msg] SphericalCoordinates service on [/world/default/set_spherical_coordinates]
(2023-10-19T19:25:00.998926767) (2023-10-19T19:25:00.998935530) [Msg] Enable collision service on [/world/default/enable_collision]
(2023-10-19T19:25:00.999112437) (2023-10-19T19:25:00.999121186) [Msg] Disable collision service on [/world/default/disable_collision]
(2023-10-19T19:25:00.999767130) (2023-10-19T19:25:00.999777413) [Msg] Material service on [/world/default/visual_config]
(2023-10-19T19:25:01.116241) (2023-10-19T19:25:01.125962) [Msg] Material service on [/world/default/wheel_slip]
(2023-10-19T19:25:01.160126) (2023-10-19T19:25:01.167506) [Dbg] [SystemManager.cc:74] Loaded system [gz::sim::systems::UserCommands] for entity [1]
(2023-10-19T19:25:01.2190172) (2023-10-19T19:25:01.2202250) [Dbg] [SystemManager.cc:74] Loaded system [gz::sim::systems::SceneBroadcaster] for entity [1]
(2023-10-19T19:25:01.4375124) (2023-10-19T19:25:01.4384791) [Msg] Serving world controls on [/world/default/control], [/world/default/control/state] and [/world/default/playback/control]
(2023-10-19T19:25:01.4719866) (2023-10-19T19:25:01.4729092) [Msg] Serving GUI information on [/world/default/gui/info]
(2023-10-19T19:25:01.4757384) (2023-10-19T19:25:01.4765532) [Msg] World [default] initialized with [default_physics] physics profile.
(2023-10-19T19:25:01.5204265) (2023-10-19T19:25:01.5229223) [Msg] Serving world SDF generation service on [/world/default/generate_world_sdf]
(2023-10-19T19:25:01.5625251) (2023-10-19T19:25:01.5635041) [Msg] Serving world names on [/gazebo/worlds]
(2023-10-19T19:25:01.5933447) (2023-10-19T19:25:01.5943091) [Msg] Resource path add service on [/gazebo/resource_paths/add].
(2023-10-19T19:25:01.6243696) (2023-10-19T19:25:01.6253274) [Msg] Resource path get service on [/gazebo/resource_paths/get].
(2023-10-19T19:25:01.6548996) (2023-10-19T19:25:01.6557278) [Msg] Resource path resolve service on [/gazebo/resource_paths/resolve].
(2023-10-19T19:25:01.6977929) (2023-10-19T19:25:01.6986849) [Msg] Resource paths published on [/gazebo/resource_paths].
(2023-10-19T19:25:01.7378285) (2023-10-19T19:25:01.7387113) [Msg] Server control service on [/server_control].
(2023-10-19T19:25:02.531231535) (2023-10-19T19:25:02.531243675) [Wrn] [SimulationRunner.cc:676] Found additional publishers on /stats, using namespaced stats topic only
(2023-10-19T19:25:02.531275151) (2023-10-19T19:25:02.531279764) [Dbg] [SimulationRunner.cc:678] Publishers [Address, Message Type]:
(2023-10-19T19:25:02.531288309) (2023-10-19T19:25:02.531292380) [Dbg] [SimulationRunner.cc:683]   tcp://172.28.242.145:34027, gz.msgs.WorldStatistics
(2023-10-19T19:25:02.531439001) (2023-10-19T19:25:02.531446106) [Wrn] [SimulationRunner.cc:709] Found additional publishers on /clock, using namespaced clock topic only
(2023-10-19T19:25:02.531459719) (2023-10-19T19:25:02.531463880) [Dbg] [SimulationRunner.cc:711] Publishers [Address, Message Type]:
(2023-10-19T19:25:02.531471920) (2023-10-19T19:25:02.531475961) [Dbg] [SimulationRunner.cc:716]   tcp://172.28.242.145:34027, gz.msgs.Clock
(2023-10-19T19:25:02.531572645) (2023-10-19T19:25:02.531578424) [Dbg] [SimulationRunner.cc:503] Creating PostUpdate worker threads: 2
(2023-10-19T19:25:02.531594408) (2023-10-19T19:25:02.531598518) [Dbg] [SimulationRunner.cc:514] Creating postupdate worker thread (0)
(2023-10-19T19:25:02.532480471) (2023-10-19T19:25:02.532492492) [Msg] Serving scene information on [/world/default/scene/info]
(2023-10-19T19:25:02.532600590) (2023-10-19T19:25:02.532610239) [Msg] Serving graph information on [/world/default/scene/graph]
(2023-10-19T19:25:02.532784388) (2023-10-19T19:25:02.532791355) [Msg] Serving full state on [/world/default/state]
(2023-10-19T19:25:02.532850191) (2023-10-19T19:25:02.532857908) [Msg] Serving full state (async) on [/world/default/state_async]
(2023-10-19T19:25:02.532913745) (2023-10-19T19:25:02.532922514) [Msg] Publishing scene information on [/world/default/scene/info]
(2023-10-19T19:25:02.533002806) (2023-10-19T19:25:02.533008785) [Msg] Publishing entity deletions on [/world/default/scene/deletion]
(2023-10-19T19:25:02.533061213) (2023-10-19T19:25:02.533067616) [Msg] Publishing state changes on [/world/default/state]
(2023-10-19T19:25:02.533157781) (2023-10-19T19:25:02.533167101) [Msg] Publishing pose messages on [/world/default/pose/info]
(2023-10-19T19:25:02.533234783) (2023-10-19T19:25:02.533240560) [Msg] Publishing dynamic pose messages on [/world/default/dynamic_pose/info]
(2023-10-19T19:25:02.533378044) (2023-10-19T19:25:02.533383716) [Wrn] [Component.hh:144] Trying to serialize component with data type [N3sdf3v135WorldE], which doesn't have `operator<<`. Component will not be serialized.
(2023-10-19T19:25:09.119310094) (2023-10-19T19:25:09.119325487) [Dbg] [SignalHandler.cc:142] Received signal[2].
(2023-10-19T19:25:09.119346426) (2023-10-19T19:25:09.119351185) [Dbg] [ServerPrivate.cc:115] Server received signal[2]
(2023-10-19T19:25:09.120290870) (2023-10-19T19:25:09.120297686) [Dbg] [gz.cc:417] Shutting down gz-sim-server
(2023-10-19T19:25:09.123221670) (2023-10-19T19:25:09.123231298) [Dbg] [SimulationRunner.cc:530] Exiting postupdate worker thread (0)
