(2023-10-11T23:41:52.991606576) (2023-10-11T23:41:52.991628409) [Msg] Gazebo Sim Server v7.6.0
(2023-10-11T23:41:52.998008440) (2023-10-11T23:41:52.998035610) [Msg] Loading SDF world file[/home/bassam/gz_ws/src/ardupilot_gazebo/worlds/zephyr_runway.sdf].
(2023-10-11T23:41:53.963827219) (2023-10-11T23:41:53.963852201) [Msg] Serving entity system service on [/entity/system/add]
(2023-10-11T23:41:54.287146411) (2023-10-11T23:41:54.287168258) [Dbg] [Physics.cc:880] Loaded [gz::physics::dartsim::Plugin] from library [/usr/lib/x86_64-linux-gnu/gz-physics-6/engine-plugins/libgz-physics-dartsim-plugin.so]
(2023-10-11T23:41:54.287299039) (2023-10-11T23:41:54.287312056) [Dbg] [SystemManager.cc:74] Loaded system [gz::sim::systems::Physics] for entity [1]
(2023-10-11T23:41:54.305983322) (2023-10-11T23:41:54.306009273) [Msg] Create service on [/world/zephyr_runway/create]
(2023-10-11T23:41:54.306924472) (2023-10-11T23:41:54.306943938) [Msg] Remove service on [/world/zephyr_runway/remove]
(2023-10-11T23:41:54.314615433) (2023-10-11T23:41:54.314637573) [Msg] Pose service on [/world/zephyr_runway/set_pose]
(2023-10-11T23:41:54.315401816) (2023-10-11T23:41:54.315416874) [Msg] Pose service on [/world/zephyr_runway/set_pose_vector]
(2023-10-11T23:41:54.316195332) (2023-10-11T23:41:54.316209729) [Msg] Light configuration service on [/world/zephyr_runway/light_config]
(2023-10-11T23:41:54.317106730) (2023-10-11T23:41:54.317124664) [Msg] Physics service on [/world/zephyr_runway/set_physics]
(2023-10-11T23:41:54.317955535) (2023-10-11T23:41:54.317973626) [Msg] SphericalCoordinates service on [/world/zephyr_runway/set_spherical_coordinates]
(2023-10-11T23:41:54.318543000) (2023-10-11T23:41:54.318559811) [Msg] Enable collision service on [/world/zephyr_runway/enable_collision]
(2023-10-11T23:41:54.319040442) (2023-10-11T23:41:54.319055252) [Msg] Disable collision service on [/world/zephyr_runway/disable_collision]
(2023-10-11T23:41:54.319951975) (2023-10-11T23:41:54.319969555) [Msg] Material service on [/world/zephyr_runway/visual_config]
(2023-10-11T23:41:54.320719151) (2023-10-11T23:41:54.320735191) [Msg] Material service on [/world/zephyr_runway/wheel_slip]
(2023-10-11T23:41:54.321002557) (2023-10-11T23:41:54.321018256) [Dbg] [SystemManager.cc:74] Loaded system [gz::sim::systems::UserCommands] for entity [1]
(2023-10-11T23:41:54.323654269) (2023-10-11T23:41:54.323687953) [Dbg] [SystemManager.cc:74] Loaded system [gz::sim::systems::SceneBroadcaster] for entity [1]
(2023-10-11T23:41:54.328858606) (2023-10-11T23:41:54.328878455) [Dbg] [SystemManager.cc:74] Loaded system [gz::sim::systems::Imu] for entity [1]
(2023-10-11T23:41:54.333706573) (2023-10-11T23:41:54.333728812) [Dbg] [SystemManager.cc:74] Loaded system [gz::sim::systems::NavSat] for entity [1]
(2023-10-11T23:41:54.353515107) (2023-10-11T23:41:54.353536825) [Dbg] [SystemManager.cc:74] Loaded system [gz::sim::systems::JointStatePublisher] for entity [15]
(2023-10-11T23:41:54.355595009) (2023-10-11T23:41:54.355614106) [Dbg] [SystemManager.cc:74] Loaded system [gz::sim::systems::LiftDrag] for entity [15]
(2023-10-11T23:41:54.356236865) (2023-10-11T23:41:54.356253424) [Dbg] [SystemManager.cc:74] Loaded system [gz::sim::systems::LiftDrag] for entity [15]
(2023-10-11T23:41:54.356867628) (2023-10-11T23:41:54.356884212) [Dbg] [SystemManager.cc:74] Loaded system [gz::sim::systems::LiftDrag] for entity [15]
(2023-10-11T23:41:54.357451369) (2023-10-11T23:41:54.357467646) [Dbg] [SystemManager.cc:74] Loaded system [gz::sim::systems::LiftDrag] for entity [15]
(2023-10-11T23:41:54.358022394) (2023-10-11T23:41:54.358038707) [Dbg] [SystemManager.cc:74] Loaded system [gz::sim::systems::LiftDrag] for entity [15]
(2023-10-11T23:41:54.358588256) (2023-10-11T23:41:54.358604423) [Dbg] [SystemManager.cc:74] Loaded system [gz::sim::systems::LiftDrag] for entity [15]
(2023-10-11T23:41:54.359148339) (2023-10-11T23:41:54.359164461) [Dbg] [SystemManager.cc:74] Loaded system [gz::sim::systems::LiftDrag] for entity [15]
(2023-10-11T23:41:54.365258534) (2023-10-11T23:41:54.365278800) [Msg] ApplyJointForce subscribing to Double messages on [/model/zephyr_with_ardupilot/joint/zephyr::propeller_joint/cmd_force]
(2023-10-11T23:41:54.365394510) (2023-10-11T23:41:54.365408323) [Dbg] [SystemManager.cc:74] Loaded system [gz::sim::systems::ApplyJointForce] for entity [15]
(2023-10-11T23:41:54.366157381) (2023-10-11T23:41:54.366171692) [Msg] ApplyJointForce subscribing to Double messages on [/model/zephyr_with_ardupilot/joint/zephyr::flap_left_joint/cmd_force]
(2023-10-11T23:41:54.366240351) (2023-10-11T23:41:54.366252289) [Dbg] [SystemManager.cc:74] Loaded system [gz::sim::systems::ApplyJointForce] for entity [15]
(2023-10-11T23:41:54.366873502) (2023-10-11T23:41:54.366890132) [Msg] ApplyJointForce subscribing to Double messages on [/model/zephyr_with_ardupilot/joint/zephyr::flap_right_joint/cmd_force]
(2023-10-11T23:41:54.366961934) (2023-10-11T23:41:54.366974722) [Dbg] [SystemManager.cc:74] Loaded system [gz::sim::systems::ApplyJointForce] for entity [15]
(2023-10-11T23:41:54.373118418) [zephyr_with_ardupilot] flight dynamics model @ 127.0.0.1:9002
(2023-10-11T23:41:54.373185936) [zephyr_with_ardupilot] ArduPilot ready to fly. The force will be with you
(2023-10-11T23:41:54.373331906) (2023-10-11T23:41:54.373345855) [Dbg] [SystemManager.cc:74] Loaded system [ArduPilotPlugin] for entity [15]
(2023-10-11T23:41:54.374632290) (2023-10-11T23:41:54.374655030) [Msg] Loaded level [3]
(2023-10-11T23:41:54.381392279) (2023-10-11T23:41:54.381414684) [Msg] Serving world controls on [/world/zephyr_runway/control], [/world/zephyr_runway/control/state] and [/world/zephyr_runway/playback/control]
(2023-10-11T23:41:54.381749995) (2023-10-11T23:41:54.381767422) [Msg] Serving GUI information on [/world/zephyr_runway/gui/info]
(2023-10-11T23:41:54.381853629) (2023-10-11T23:41:54.381865457) [Msg] World [zephyr_runway] initialized with [1ms] physics profile.
(2023-10-11T23:41:54.382254906) (2023-10-11T23:41:54.382271230) [Msg] Serving world SDF generation service on [/world/zephyr_runway/generate_world_sdf]
(2023-10-11T23:41:54.382584002) (2023-10-11T23:41:54.382600010) [Msg] Serving world names on [/gazebo/worlds]
(2023-10-11T23:41:54.382903998) (2023-10-11T23:41:54.382919610) [Msg] Resource path add service on [/gazebo/resource_paths/add].
(2023-10-11T23:41:54.383192564) (2023-10-11T23:41:54.383206986) [Msg] Resource path get service on [/gazebo/resource_paths/get].
(2023-10-11T23:41:54.383461783) (2023-10-11T23:41:54.383476126) [Msg] Resource path resolve service on [/gazebo/resource_paths/resolve].
(2023-10-11T23:41:54.384214933) (2023-10-11T23:41:54.384230747) [Msg] Resource paths published on [/gazebo/resource_paths].
(2023-10-11T23:41:54.384648835) (2023-10-11T23:41:54.384663886) [Msg] Server control service on [/server_control].
(2023-10-11T23:41:54.884366411) (2023-10-11T23:41:54.884400789) [Msg] Found no publishers on /stats, adding root stats topic
(2023-10-11T23:41:54.884708377) (2023-10-11T23:41:54.884723676) [Msg] Found no publishers on /clock, adding root clock topic
(2023-10-11T23:41:54.885103588) (2023-10-11T23:41:54.885118763) [Dbg] [SimulationRunner.cc:503] Creating PostUpdate worker threads: 6
(2023-10-11T23:41:54.885177488) (2023-10-11T23:41:54.885189567) [Dbg] [SimulationRunner.cc:514] Creating postupdate worker thread (0)
(2023-10-11T23:41:54.885320484) (2023-10-11T23:41:54.885334037) [Dbg] [SimulationRunner.cc:514] Creating postupdate worker thread (1)
(2023-10-11T23:41:54.885462544) (2023-10-11T23:41:54.885475993) [Dbg] [SimulationRunner.cc:514] Creating postupdate worker thread (2)
(2023-10-11T23:41:54.885577692) (2023-10-11T23:41:54.885590281) [Dbg] [SimulationRunner.cc:514] Creating postupdate worker thread (3)
(2023-10-11T23:41:54.885690763) (2023-10-11T23:41:54.885703752) [Dbg] [SimulationRunner.cc:514] Creating postupdate worker thread (4)
(2023-10-11T23:41:54.886557526) (2023-10-11T23:41:54.886573323) [Msg] Found IMU sensor with name [zephyr::imu_link::imu_sensor]
(2023-10-11T23:41:54.886658750) (2023-10-11T23:41:54.886670880) [Dbg] [ArduPilotPlugin.cc:1154] Computed IMU topic to be: world/zephyr_runway/model/zephyr_with_ardupilot/model/zephyr/link/imu_link/sensor/imu_sensor/imu
(2023-10-11T23:41:54.891448926) (2023-10-11T23:41:54.891488924) [Dbg] [SDFFeatures.cc:328] Mesh construction from an SDF has not been implemented yet for dartsim. Use AttachMeshShapeFeature to use mesh shapes.
(2023-10-11T23:41:54.891746489) (2023-10-11T23:41:54.891762803) [Err] [SDFFeatures.cc:843] The geometry element of collision [body_collision] couldn't be created
(2023-10-11T23:41:54.921939736) (2023-10-11T23:41:54.921955441) [Msg] Serving scene information on [/world/zephyr_runway/scene/info]
(2023-10-11T23:41:54.922161051) (2023-10-11T23:41:54.922174079) [Dbg] [ImuSensor.cc:149] IMU data for [zephyr_with_ardupilot::zephyr::imu_link::imu_sensor] advertised on [world/zephyr_runway/model/zephyr_with_ardupilot/model/zephyr/link/imu_link/sensor/imu_sensor/imu]
(2023-10-11T23:41:54.922528834) (2023-10-11T23:41:54.922539791) [Msg] Serving graph information on [/world/zephyr_runway/scene/graph]
(2023-10-11T23:41:54.922717147) (2023-10-11T23:41:54.922726322) [Msg] Serving full state on [/world/zephyr_runway/state]
(2023-10-11T23:41:54.922821012) (2023-10-11T23:41:54.922830204) [Msg] Serving full state (async) on [/world/zephyr_runway/state_async]
(2023-10-11T23:41:54.922921502) (2023-10-11T23:41:54.922930651) [Msg] Publishing scene information on [/world/zephyr_runway/scene/info]
(2023-10-11T23:41:54.923051800) (2023-10-11T23:41:54.923060603) [Msg] Publishing entity deletions on [/world/zephyr_runway/scene/deletion]
(2023-10-11T23:41:54.923140087) (2023-10-11T23:41:54.923148966) [Msg] Publishing state changes on [/world/zephyr_runway/state]
(2023-10-11T23:41:54.923244416) (2023-10-11T23:41:54.923252967) [Msg] Publishing pose messages on [/world/zephyr_runway/pose/info]
(2023-10-11T23:41:54.923346430) (2023-10-11T23:41:54.923355622) [Msg] Publishing dynamic pose messages on [/world/zephyr_runway/dynamic_pose/info]
(2023-10-11T23:41:54.923648506) (2023-10-11T23:41:54.923659204) [Dbg] [EntityComponentManager.cc:1655] Updated state thread iterators: 8 threads processing around 6 entities each.
(2023-10-11T23:41:54.934767050) (2023-10-11T23:41:54.934782276) [Wrn] [Component.hh:144] (2023-10-11T23:41:54.934828664) (2023-10-11T23:41:54.934840300) Trying to serialize component with data type [N3sdf3v135WorldE], which doesn't have `operator<<`. Component will not be serialized.[Wrn] [Model.hh:69] 
Skipping serialization / deserialization for models with //pose/@relative_to attribute.
(2023-10-11T23:42:22.804021256) (2023-10-11T23:42:22.804031967) [Dbg] [SignalHandler.cc:142] Received signal[2].
(2023-10-11T23:42:22.804062044) (2023-10-11T23:42:22.804066887) [Dbg] [ServerPrivate.cc:115] Server received signal[2]
(2023-10-11T23:42:22.804090410) (2023-10-11T23:42:22.804095176) [Dbg] [SignalHandler.cc:142] Received signal[2].
(2023-10-11T23:42:22.804112434) (2023-10-11T23:42:22.804117070) [Dbg] [ArduPilotPlugin.cc:370] Plugin received signal[2]
(2023-10-11T23:42:22.804728962) (2023-10-11T23:42:22.804738126) [Dbg] [gz.cc:417] Shutting down gz-sim-server
((2023-10-11T23:42:22.811207740) ((2023-10-11T23:42:22.811251725) 2023-10-11T23:42:22.811218642) (2023-10-11T23:42:22.8112675252023-10-11T23:42:22.811267525[Dbg] [SimulationRunner.cc:530] (2023-10-11T23:42:22.8112810272023-10-11T23:42:22.811281027) ((2023-10-11T23:42:22.8113175292023-10-11T23:42:22.811321137) ) (2023-10-11T23:42:22.811863730) () 2023-10-11T23:42:22.811934823) 2023-10-11T23:42:22.811934823) [Dbg] [SimulationRunner.cc:530] Exiting postupdate worker thread ([Dbg] [SimulationRunner.cc:530] Exiting postupdate worker thread (1Exiting postupdate worker thread (Exiting postupdate worker thread (3Exiting postupdate worker thread ([Dbg] [SimulationRunner.cc:530] 4)
)
0)
1)
)
