(2023-10-27T18:55:52.735641265) (2023-10-27T18:55:52.735659730) [Msg] Gazebo Sim Server v7.6.0
(2023-10-27T18:55:52.742836057) (2023-10-27T18:55:52.742859900) [Msg] Loading SDF world file[/home/bassam/PX4-Autopilot/Tools/simulation/gz/worlds/default.sdf].
(2023-10-27T18:55:52.920754629) (2023-10-27T18:55:52.920774468) [Msg] Serving entity system service on [/entity/system/add]
(2023-10-27T18:55:53.127866374) (2023-10-27T18:55:53.127890995) [Dbg] [Physics.cc:880] Loaded [gz::physics::dartsim::Plugin] from library [/usr/lib/x86_64-linux-gnu/gz-physics-6/engine-plugins/libgz-physics-dartsim-plugin.so]
(2023-10-27T18:55:53.128007463) (2023-10-27T18:55:53.128021512) [Dbg] [SystemManager.cc:74] Loaded system [gz::sim::systems::Physics] for entity [1]
(2023-10-27T18:55:53.143880273) (2023-10-27T18:55:53.143902913) [Msg] Create service on [/world/default/create]
(2023-10-27T18:55:53.244434367) (2023-10-27T18:55:53.244460641) [Msg] Remove service on [/world/default/remove]
(2023-10-27T18:55:53.244698123) (2023-10-27T18:55:53.244718459) [Msg] Pose service on [/world/default/set_pose]
(2023-10-27T18:55:53.244944101) (2023-10-27T18:55:53.244963026) [Msg] Pose service on [/world/default/set_pose_vector]
(2023-10-27T18:55:53.245251395) (2023-10-27T18:55:53.245270746) [Msg] Light configuration service on [/world/default/light_config]
(2023-10-27T18:55:53.245656748) (2023-10-27T18:55:53.245676028) [Msg] Physics service on [/world/default/set_physics]
(2023-10-27T18:55:53.245929780) (2023-10-27T18:55:53.245948039) [Msg] SphericalCoordinates service on [/world/default/set_spherical_coordinates]
(2023-10-27T18:55:53.246112534) (2023-10-27T18:55:53.246131204) [Msg] Enable collision service on [/world/default/enable_collision]
(2023-10-27T18:55:53.246264700) (2023-10-27T18:55:53.246282168) [Msg] Disable collision service on [/world/default/disable_collision]
(2023-10-27T18:55:53.246553857) (2023-10-27T18:55:53.246572981) [Msg] Material service on [/world/default/visual_config]
(2023-10-27T18:55:53.246764201) (2023-10-27T18:55:53.246782569) [Msg] Material service on [/world/default/wheel_slip]
(2023-10-27T18:55:53.246834580) (2023-10-27T18:55:53.246843884) [Dbg] [SystemManager.cc:74] Loaded system [gz::sim::systems::UserCommands] for entity [1]
(2023-10-27T18:55:53.248823315) (2023-10-27T18:55:53.248837983) [Dbg] [SystemManager.cc:74] Loaded system [gz::sim::systems::SceneBroadcaster] for entity [1]
(2023-10-27T18:55:53.250293584) (2023-10-27T18:55:53.250313112) [Dbg] [SystemManager.cc:74] Loaded system [gz::sim::systems::Contact] for entity [1]
(2023-10-27T18:55:53.252785975) (2023-10-27T18:55:53.252801239) [Dbg] [SystemManager.cc:74] Loaded system [gz::sim::systems::Imu] for entity [1]
(2023-10-27T18:55:53.254503757) (2023-10-27T18:55:53.254517618) [Dbg] [SystemManager.cc:74] Loaded system [gz::sim::systems::AirPressure] for entity [1]
(2023-10-27T18:55:53.256066338) (2023-10-27T18:55:53.256080921) [Msg] Listening to instantaneous wrench commands in [/world/default/wrench]
(2023-10-27T18:55:53.256190566) (2023-10-27T18:55:53.256206353) [Msg] Listening to persistent wrench commands in [/world/default/wrench/persistent]
(2023-10-27T18:55:53.256308014) (2023-10-27T18:55:53.256319803) [Msg] Listening to wrench clear commands in [/world/default/wrench/clear]
(2023-10-27T18:55:53.256355528) (2023-10-27T18:55:53.256364448) [Dbg] [SystemManager.cc:74] Loaded system [gz::sim::systems::ApplyLinkWrench] for entity [1]
(2023-10-27T18:55:53.265489749) (2023-10-27T18:55:53.265511481) [Dbg] [Sensors.cc:506] Configuring Sensors system
(2023-10-27T18:55:53.265678294) (2023-10-27T18:55:53.265695658) [Dbg] [Sensors.cc:425] SensorsPrivate::Run
(2023-10-27T18:55:53.265841170) (2023-10-27T18:55:53.265859245) [Dbg] [SystemManager.cc:74] Loaded system [gz::sim::systems::Sensors] for entity [1]
(2023-10-27T18:55:53.265925460) (2023-10-27T18:55:53.265955498) [Dbg] [Sensors.cc:402] SensorsPrivate::RenderThread started
(2023-10-27T18:55:53.266004913) (2023-10-27T18:55:53.266015663) [Dbg] [Sensors.cc:245] Waiting for init
(2023-10-27T18:55:53.271320923) (2023-10-27T18:55:53.271346252) [Wrn] [SystemLoader.cc:79] Trying to load deprecated plugin [ignition-gazebo-ackermann-steering-system]. Using [gz-sim-ackermann-steering-system] instead.
(2023-10-27T18:55:53.274088567) (2023-10-27T18:55:53.274110715) [Msg] AckermannSteering subscribing to twist messages on [/cmd_vel]
(2023-10-27T18:55:53.274552651) (2023-10-27T18:55:53.274571864) [Dbg] [SystemManager.cc:74] Loaded system [ignition::gazebo::systems::AckermannSteering] for entity [8]
(2023-10-27T18:55:53.274853043) (2023-10-27T18:55:53.274870713) [Msg] Loaded level [3]
(2023-10-27T18:55:53.278033651) (2023-10-27T18:55:53.278065492) [Msg] Serving world controls on [/world/default/control], [/world/default/control/state] and [/world/default/playback/control]
(2023-10-27T18:55:53.278444534) (2023-10-27T18:55:53.278459199) [Msg] Serving GUI information on [/world/default/gui/info]
(2023-10-27T18:55:53.278506573) (2023-10-27T18:55:53.278519719) [Msg] World [default] initialized with [default_physics] physics profile.
(2023-10-27T18:55:53.278777722) (2023-10-27T18:55:53.278790089) [Msg] Serving world SDF generation service on [/world/default/generate_world_sdf]
(2023-10-27T18:55:53.278964719) (2023-10-27T18:55:53.278982965) [Msg] Serving world names on [/gazebo/worlds]
(2023-10-27T18:55:53.279127501) (2023-10-27T18:55:53.279143916) [Msg] Resource path add service on [/gazebo/resource_paths/add].
(2023-10-27T18:55:53.279254508) (2023-10-27T18:55:53.279270410) [Msg] Resource path get service on [/gazebo/resource_paths/get].
(2023-10-27T18:55:53.279381300) (2023-10-27T18:55:53.279396923) [Msg] Resource path resolve service on [/gazebo/resource_paths/resolve].
(2023-10-27T18:55:53.279514978) (2023-10-27T18:55:53.279532201) [Msg] Resource paths published on [/gazebo/resource_paths].
(2023-10-27T18:55:53.279705775) (2023-10-27T18:55:53.279723116) [Msg] Server control service on [/server_control].
(2023-10-27T18:55:54.738699818) (2023-10-27T18:55:54.738725113) [Msg] Found no publishers on /stats, adding root stats topic
(2023-10-27T18:55:54.739082634) (2023-10-27T18:55:54.739102054) [Msg] Found no publishers on /clock, adding root clock topic
(2023-10-27T18:55:54.739479318) (2023-10-27T18:55:54.739498831) [Dbg] [SimulationRunner.cc:503] Creating PostUpdate worker threads: 7
(2023-10-27T18:55:54.739552495) (2023-10-27T18:55:54.739567957) [Dbg] [SimulationRunner.cc:514] Creating postupdate worker thread (0)
(2023-10-27T18:55:54.739743687) (2023-10-27T18:55:54.739761661) [Dbg] [SimulationRunner.cc:514] Creating postupdate worker thread (1)
(2023-10-27T18:55:54.739884162) (2023-10-27T18:55:54.739901241) [Dbg] [SimulationRunner.cc:514] Creating postupdate worker thread (2)
(2023-10-27T18:55:54.740020844) (2023-10-27T18:55:54.740037140) [Dbg] [SimulationRunner.cc:514] Creating postupdate worker thread (3)
(2023-10-27T18:55:54.740168695) (2023-10-27T18:55:54.740184304) [Dbg] [SimulationRunner.cc:514] Creating postupdate worker thread (4)
(2023-10-27T18:55:54.740288503) (2023-10-27T18:55:54.740304444) [Dbg] [SimulationRunner.cc:514] Creating postupdate worker thread (5)
(2023-10-27T18:55:55.87767106) (2023-10-27T18:55:55.87786591) [Wrn] [MulticopterMotorModel.cc:257] No robotNamespace set using entity name.
(2023-10-27T18:55:55.87832294) (2023-10-27T18:55:55.87842473) [Wrn] [MulticopterMotorModel.cc:295] <motorNumber> is depricated, please use <actuator_number>.
(2023-10-27T18:55:55.87910648) (2023-10-27T18:55:55.87920651) [Dbg] [MulticopterMotorModel.cc:386] Listening to topic: x500_depth_0/command/motor_speed
(2023-10-27T18:55:55.88335325) (2023-10-27T18:55:55.88348135) [Dbg] [SystemManager.cc:74] Loaded system [gz::sim::systems::MulticopterMotorModel] for entity [56]
(2023-10-27T18:55:55.88803632) (2023-10-27T18:55:55.88820888) [Wrn] [MulticopterMotorModel.cc:257] No robotNamespace set using entity name.
(2023-10-27T18:55:55.88849412) (2023-10-27T18:55:55.88858516) [Wrn] [MulticopterMotorModel.cc:295] <motorNumber> is depricated, please use <actuator_number>.
(2023-10-27T18:55:55.88916165) (2023-10-27T18:55:55.88928908) [Dbg] [MulticopterMotorModel.cc:386] Listening to topic: x500_depth_0/command/motor_speed
(2023-10-27T18:55:55.89196377) (2023-10-27T18:55:55.89214300) [Dbg] [SystemManager.cc:74] Loaded system [gz::sim::systems::MulticopterMotorModel] for entity [56]
(2023-10-27T18:55:55.89598197) (2023-10-27T18:55:55.89610613) [Wrn] [MulticopterMotorModel.cc:257] No robotNamespace set using entity name.
(2023-10-27T18:55:55.89638459) (2023-10-27T18:55:55.89647288) [Wrn] [MulticopterMotorModel.cc:295] <motorNumber> is depricated, please use <actuator_number>.
(2023-10-27T18:55:55.89703760) (2023-10-27T18:55:55.89713138) [Dbg] [MulticopterMotorModel.cc:386] Listening to topic: x500_depth_0/command/motor_speed
(2023-10-27T18:55:55.90010678) (2023-10-27T18:55:55.90022820) [Dbg] [SystemManager.cc:74] Loaded system [gz::sim::systems::MulticopterMotorModel] for entity [56]
(2023-10-27T18:55:55.90425664) (2023-10-27T18:55:55.90438290) [Wrn] [MulticopterMotorModel.cc:257] No robotNamespace set using entity name.
(2023-10-27T18:55:55.90462992) (2023-10-27T18:55:55.90471906) [Wrn] [MulticopterMotorModel.cc:295] <motorNumber> is depricated, please use <actuator_number>.
(2023-10-27T18:55:55.90536048) (2023-10-27T18:55:55.90545814) [Dbg] [MulticopterMotorModel.cc:386] Listening to topic: x500_depth_0/command/motor_speed
(2023-10-27T18:55:55.90835604) (2023-10-27T18:55:55.90847518) [Dbg] [SystemManager.cc:74] Loaded system [gz::sim::systems::MulticopterMotorModel] for entity [56]
(2023-10-27T18:55:55.91474408) (2023-10-27T18:55:55.91487114) [Dbg] [UserCommands.cc:1263] Created entity [56] named [x500_depth_0]
(2023-10-27T18:55:55.117030611) (2023-10-27T18:55:55.117049279) [Dbg] [SimulationFeatures.cc:72] Simulation timestep set to: 0.004
(2023-10-27T18:55:55.118834694) (2023-10-27T18:55:55.118863669) [Dbg] [Sensors.cc:659] Initialization needed
(2023-10-27T18:55:55.118948630) (2023-10-27T18:55:55.118973458) [Dbg] [Sensors.cc:257] Initializing render context
(2023-10-27T18:55:55.119157697) (2023-10-27T18:55:55.119171998) [Msg] Loading plugin [gz-rendering-ogre2]
(2023-10-27T18:55:55.119673048) (2023-10-27T18:55:55.119692990) [Dbg] [AirPressureSensor.cc:126] Air pressure for [x500_depth_0::base_link::air_pressure_sensor] advertised on [world/default/model/x500_depth_0/link/base_link/sensor/air_pressure_sensor/air_pressure]
(2023-10-27T18:55:55.120107109) (2023-10-27T18:55:55.120127540) [Dbg] [ImuSensor.cc:149] IMU data for [x500_depth_0::base_link::imu_sensor] advertised on [world/default/model/x500_depth_0/link/base_link/sensor/imu_sensor/imu]
(2023-10-27T18:55:55.121933485) (2023-10-27T18:55:55.121958354) [Msg] Serving scene information on [/world/default/scene/info]
(2023-10-27T18:55:55.122151865) (2023-10-27T18:55:55.122168811) [Msg] Serving graph information on [/world/default/scene/graph]
(2023-10-27T18:55:55.122533343) (2023-10-27T18:55:55.122552687) [Msg] Serving full state on [/world/default/state]
(2023-10-27T18:55:55.122693545) (2023-10-27T18:55:55.122712195) [Msg] Serving full state (async) on [/world/default/state_async]
(2023-10-27T18:55:55.122847537) (2023-10-27T18:55:55.122865511) [Msg] Publishing scene information on [/world/default/scene/info]
(2023-10-27T18:55:55.123093209) (2023-10-27T18:55:55.123110977) [Msg] Publishing entity deletions on [/world/default/scene/deletion]
(2023-10-27T18:55:55.123255937) (2023-10-27T18:55:55.123272692) [Msg] Publishing state changes on [/world/default/state]
(2023-10-27T18:55:55.123412316) (2023-10-27T18:55:55.123429062) [Msg] Publishing pose messages on [/world/default/pose/info]
(2023-10-27T18:55:55.123610339) (2023-10-27T18:55:55.123627960) [Msg] Publishing dynamic pose messages on [/world/default/dynamic_pose/info]
(2023-10-27T18:55:55.125194624) (2023-10-27T18:55:55.125218365) [Dbg] [EntityComponentManager.cc:1655] Updated state thread iterators: 8 threads processing around 13 entities each.
(2023-10-27T18:55:55.143493194) (2023-10-27T18:55:55.143521088) [Wrn] [Component.hh:144] Trying to serialize component with data type [N3sdf3v135WorldE], which doesn't have `operator<<`. Component will not be serialized.
(2023-10-27T18:55:55.143767475) (2023-10-27T18:55:55.143801504) [Wrn] [Model.hh:69] Skipping serialization / deserialization for models with //pose/@relative_to attribute.
((2023-10-27T18:55:55.147268748) (2023-10-27T18:55:55.147298715) (([Dbg] [SimulationRunner.cc:530] (2023-10-27T18:55:55.147278056Exiting postupdate worker thread (2))2023-10-27T18:55:55.147363785)2023-10-27T18:55:55.147363785(2023-10-27T18:55:55.1473388972023-10-27T18:55:55.147435797) (

2023-10-27T18:55:55.147463663) ) () (2023-10-27T18:55:55.147502213) (2023-10-27T18:55:55.147530795) ) (2023-10-27T18:55:55.147569413) 2023-10-27T18:55:55.147570877) (2023-10-27T18:55:55.147601821) Exiting postupdate worker thread (4)
[Dbg] [SimulationRunner.cc:530] Exiting postupdate worker thread (0)
[Dbg] [SimulationRunner.cc:530] Exiting postupdate worker thread ([Dbg] [SimulationRunner.cc:530] Exiting postupdate worker thread (5)
[Dbg] [SimulationRunner.cc:530] Exiting postupdate worker thread (3)
1)
(2023-10-27T18:55:55.148047932) (2023-10-27T18:55:55.148060534) [Dbg] [SimulationRunner.cc:503] Creating PostUpdate worker threads: 7
(2023-10-27T18:55:55.148093846) (2023-10-27T18:55:55.148103042) [Dbg] [SimulationRunner.cc:514] Creating postupdate worker thread (0)
(2023-10-27T18:55:55.149535181) (2023-10-27T18:55:55.149554489) [Dbg] [SimulationRunner.cc:514] Creating postupdate worker thread (1)
(2023-10-27T18:55:55.149620440) (2023-10-27T18:55:55.149637802) [Dbg] [SimulationRunner.cc:514] Creating postupdate worker thread (2)
(2023-10-27T18:55:55.149691196) (2023-10-27T18:55:55.149705111) [Dbg] [SimulationRunner.cc:514] Creating postupdate worker thread (3)
(2023-10-27T18:55:55.149754729) (2023-10-27T18:55:55.149768719) [Dbg] [SimulationRunner.cc:514] Creating postupdate worker thread (4)
(2023-10-27T18:55:55.149875599) (2023-10-27T18:55:55.149892731) [Dbg] [SimulationRunner.cc:514] Creating postupdate worker thread (5)
(2023-10-27T18:55:55.547540735) (2023-10-27T18:55:55.547552644) [Dbg] [RenderUtil.cc:2720] Create scene [scene]
((2023-10-27T18:55:55.617255688) (2023-10-27T18:55:55.617286145) (2023-10-27T18:55:55.617305153(2023-10-27T18:55:55.6173051532023-10-27T18:55:55.617326266) ) [Dbg] [Sensors.cc:659] Initialization needed
[Dbg] [Sensors.cc:277] Rendering Thread initialized
(2023-10-27T18:55:55.623672335) (2023-10-27T18:55:55.623687074) [Wrn] [FuelClient.cc:1952] The fuel.ignitionrobotics.org URL is deprecrated. Pleasse change https://fuel.ignitionrobotics.org/1.0/openrobotics/models/prius hybrid/2/files/meshes/Hybrid.obj to https://fuel.gazebosim.org/1.0/openrobotics/models/prius hybrid/2/files/meshes/Hybrid.obj
(2023-10-27T18:55:55.623811084) (2023-10-27T18:55:55.623820917) [Wrn] [FuelClient.cc:1952] The fuel.ignitionrobotics.org URL is deprecrated. Pleasse change https://fuel.ignitionrobotics.org/1.0/openrobotics/models/prius hybrid/2/files/meshes/Hybrid.obj to https://fuel.gazebosim.org/1.0/openrobotics/models/prius hybrid/2/files/meshes/Hybrid.obj
(2023-10-27T18:55:55.628459073) (2023-10-27T18:55:55.628472648) [Wrn] [OBJLoader.cc:91] Both `d` and `Tr` parameters defined for "Hybrid". Use the value of `d` for dissolve (line 8 in .mtl.)
Both `d` and `Tr` parameters defined for "Wheels3". Use the value of `d` for dissolve (line 22 in .mtl.)
Both `d` and `Tr` parameters defined for "Hybrid_Interior". Use the value of `d` for dissolve (line 36 in .mtl.)
Both `d` and `Tr` parameters defined for "Windows". Use the value of `d` for dissolve (line 50 in .mtl.)

(2023-10-27T18:55:58.592140800) (2023-10-27T18:55:58.592161613) [Dbg] [CameraSensor.cc:458] Camera images for [prius_hybrid::chassis::back_camera_sensor] advertised on [back_camera]
(2023-10-27T18:55:58.592401501) (2023-10-27T18:55:58.592421524) [Dbg] [CameraSensor.cc:786] Camera info for [prius_hybrid::chassis::back_camera_sensor] advertised on [/camera_info]
(2023-10-27T18:55:58.592617744) (2023-10-27T18:55:58.592628772) [Wrn] [Ogre2Camera.cc:412] Ogre2Camera::SetVisibilityMask: Mask bits c0000000 are set but will be ignored as they conflict with the reserved bits used internally by the ogre2 backend.
(2023-10-27T18:55:58.593152047) (2023-10-27T18:55:58.593190387) [Dbg] [CameraSensor.cc:458] Camera images for [prius_hybrid::chassis::front_camera_sensor] advertised on [front_camera]
(2023-10-27T18:55:58.593318067) (2023-10-27T18:55:58.593335816) [Dbg] [CameraSensor.cc:786] Camera info for [prius_hybrid::chassis::front_camera_sensor] advertised on [/camera_info]
(2023-10-27T18:55:58.593423533) (2023-10-27T18:55:58.593434464) [Wrn] [Ogre2Camera.cc:412] Ogre2Camera::SetVisibilityMask: Mask bits c0000000 are set but will be ignored as they conflict with the reserved bits used internally by the ogre2 backend.
(2023-10-27T18:55:58.593811830) (2023-10-27T18:55:58.593831113) [Dbg] [CameraSensor.cc:458] Camera images for [prius_hybrid::chassis::left_camera_sensor] advertised on [left_camera]
(2023-10-27T18:55:58.593957042) (2023-10-27T18:55:58.593974756) [Dbg] [CameraSensor.cc:786] Camera info for [prius_hybrid::chassis::left_camera_sensor] advertised on [/camera_info]
(2023-10-27T18:55:58.594065092) (2023-10-27T18:55:58.594075620) [Wrn] [Ogre2Camera.cc:412] Ogre2Camera::SetVisibilityMask: Mask bits c0000000 are set but will be ignored as they conflict with the reserved bits used internally by the ogre2 backend.
(2023-10-27T18:55:58.594401627) (2023-10-27T18:55:58.594421434) [Dbg] [CameraSensor.cc:458] Camera images for [prius_hybrid::chassis::right_camera_sensor] advertised on [right_camera]
(2023-10-27T18:55:58.594535652) (2023-10-27T18:55:58.594554328) [Dbg] [CameraSensor.cc:786] Camera info for [prius_hybrid::chassis::right_camera_sensor] advertised on [/camera_info]
(2023-10-27T18:55:58.594632140) (2023-10-27T18:55:58.594642329) [Wrn] [Ogre2Camera.cc:412] Ogre2Camera::SetVisibilityMask: Mask bits c0000000 are set but will be ignored as they conflict with the reserved bits used internally by the ogre2 backend.
(2023-10-27T18:55:58.595044206) (2023-10-27T18:55:58.595062379) [Dbg] [CameraSensor.cc:458] Camera images for [x500_depth_0::OakD-Lite/base_link::IMX214] advertised on [camera]
(2023-10-27T18:55:58.595307835) (2023-10-27T18:55:58.595327804) [Dbg] [CameraSensor.cc:786] Camera info for [x500_depth_0::OakD-Lite/base_link::IMX214] advertised on [/camera_info]
(2023-10-27T18:55:58.595419690) (2023-10-27T18:55:58.595429790) [Wrn] [Ogre2Camera.cc:412] Ogre2Camera::SetVisibilityMask: Mask bits c0000000 are set but will be ignored as they conflict with the reserved bits used internally by the ogre2 backend.
(2023-10-27T18:55:58.595867994) (2023-10-27T18:55:58.595886821) [Dbg] [DepthCameraSensor.cc:282] Depth images for [x500_depth_0::OakD-Lite/base_link::StereoOV7251] advertised on [depth_camera]
(2023-10-27T18:55:58.596050942) (2023-10-27T18:55:58.596069370) [Dbg] [CameraSensor.cc:786] Camera info for [x500_depth_0::OakD-Lite/base_link::StereoOV7251] advertised on [/camera_info]
(2023-10-27T18:55:58.596307490) (2023-10-27T18:55:58.596325562) [Dbg] [DepthCameraSensor.cc:299] Points for [x500_depth_0::OakD-Lite/base_link::StereoOV7251] advertised on [depth_camera/points]
(2023-10-27T18:55:58.623643355) (2023-10-27T18:55:58.623669031) [Dbg] [CameraSensor.cc:583] Enabling camera sensor: 'x500_depth_0::OakD-Lite/base_link::IMX214' data generation.
(2023-10-27T18:56:42.447015262) (2023-10-27T18:56:42.447043188) [Dbg] [SignalHandler.cc:142] Received signal[2].
(2023-10-27T18:56:42.447089517) (2023-10-27T18:56:42.447103989) [Dbg] [ServerPrivate.cc:115] Server received signal[2]
(2023-10-27T18:56:42.447150006) (2023-10-27T18:56:42.447165332) [Dbg] [Sensors.cc:433] SensorsPrivate::Stop
(2023-10-27T18:56:42.520321662) (2023-10-27T18:56:42.520347960) [Dbg] [Sensors.cc:419] SensorsPrivate::RenderThread stopped
(2023-10-27T18:56:42.533192329) (2023-10-27T18:56:42.533211698) [Dbg] [gz.cc:417] Shutting down gz-sim-server
((2023-10-27T18:56:42.5385330912023-10-27T18:56:42.5385627922023-10-27T18:56:42.5385330912023-10-27T18:56:42.538562792) (2023-10-27T18:56:42.538590354) [Dbg] [SimulationRunner.cc:530] Exiting postupdate worker thread ((2023-10-27T18:56:42.538634668) (2023-10-27T18:56:42.538847780) )
) (2023-10-27T18:56:42.538921347) 2023-10-27T18:56:42.538896469) (2023-10-27T18:56:42.538973122) 2023-10-27T18:56:42.539017033) ([Dbg] [SimulationRunner.cc:530] Exiting postupdate worker thread (([Dbg] [SimulationRunner.cc:530] ) ) ) ) (2023-10-27T18:56:42.539132473) Exiting postupdate worker thread (0)
[Dbg] [SimulationRunner.cc:530] Exiting postupdate worker thread (5)
[Dbg] [SimulationRunner.cc:530] Exiting postupdate worker thread (1)
2Exiting postupdate worker thread (4)
)
(2023-10-27T18:56:42.586891130) (2023-10-27T18:56:42.586916747) [Dbg] [Sensors.cc:433] SensorsPrivate::Stop
