(2023-10-19T23:35:40.319106803) (2023-10-19T23:35:40.319113622) [Msg] Gazebo Sim Server v7.6.0
(2023-10-19T23:35:40.320928573) (2023-10-19T23:35:40.320936457) [Msg] Loading default world.
(2023-10-19T23:35:40.380902941) (2023-10-19T23:35:40.380911698) [Msg] Serving entity system service on [/entity/system/add]
(2023-10-19T23:35:40.381193134) (2023-10-19T23:35:40.381200494) [Msg] Loaded level [3]
(2023-10-19T23:35:40.381239343) (2023-10-19T23:35:40.381244396) [Msg] No systems loaded from SDF, loading defaults
(2023-10-19T23:35:40.381414044) (2023-10-19T23:35:40.381420421) [Dbg] [ServerConfig.cc:1062] Loaded (3) plugins from file [/home/bassam/.gz/sim/7/server.config]
(2023-10-19T23:35:40.505475870) (2023-10-19T23:35:40.505489894) [Dbg] [Physics.cc:880] Loaded [gz::physics::dartsim::Plugin] from library [/usr/lib/x86_64-linux-gnu/gz-physics-6/engine-plugins/libgz-physics-dartsim-plugin.so]
(2023-10-19T23:35:40.505550869) (2023-10-19T23:35:40.505558546) [Dbg] [SystemManager.cc:74] Loaded system [gz::sim::systems::Physics] for entity [1]
(2023-10-19T23:35:40.613001736) (2023-10-19T23:35:40.613026052) [Msg] Create service on [/world/default/create]
(2023-10-19T23:35:40.613207899) (2023-10-19T23:35:40.613217099) [Msg] Remove service on [/world/default/remove]
(2023-10-19T23:35:40.613365108) (2023-10-19T23:35:40.613372980) [Msg] Pose service on [/world/default/set_pose]
(2023-10-19T23:35:40.613482507) (2023-10-19T23:35:40.613490482) [Msg] Pose service on [/world/default/set_pose_vector]
(2023-10-19T23:35:40.613702835) (2023-10-19T23:35:40.613712043) [Msg] Light configuration service on [/world/default/light_config]
(2023-10-19T23:35:40.613950080) (2023-10-19T23:35:40.613959042) [Msg] Physics service on [/world/default/set_physics]
(2023-10-19T23:35:40.614175211) (2023-10-19T23:35:40.614184312) [Msg] SphericalCoordinates service on [/world/default/set_spherical_coordinates]
(2023-10-19T23:35:40.614261155) (2023-10-19T23:35:40.614269708) [Msg] Enable collision service on [/world/default/enable_collision]
(2023-10-19T23:35:40.614393566) (2023-10-19T23:35:40.614403084) [Msg] Disable collision service on [/world/default/disable_collision]
(2023-10-19T23:35:40.614663404) (2023-10-19T23:35:40.614675086) [Msg] Material service on [/world/default/visual_config]
(2023-10-19T23:35:40.614844553) (2023-10-19T23:35:40.614856413) [Msg] Material service on [/world/default/wheel_slip]
(2023-10-19T23:35:40.614926175) (2023-10-19T23:35:40.614933624) [Dbg] [SystemManager.cc:74] Loaded system [gz::sim::systems::UserCommands] for entity [1]
(2023-10-19T23:35:40.617142377) (2023-10-19T23:35:40.617167837) [Dbg] [SystemManager.cc:74] Loaded system [gz::sim::systems::SceneBroadcaster] for entity [1]
(2023-10-19T23:35:40.617636222) (2023-10-19T23:35:40.617646456) [Msg] Serving world controls on [/world/default/control], [/world/default/control/state] and [/world/default/playback/control]
(2023-10-19T23:35:40.617758902) (2023-10-19T23:35:40.617767253) [Msg] Serving GUI information on [/world/default/gui/info]
(2023-10-19T23:35:40.617791203) (2023-10-19T23:35:40.617797425) [Msg] World [default] initialized with [default_physics] physics profile.
(2023-10-19T23:35:40.617970631) (2023-10-19T23:35:40.617978785) [Msg] Serving world SDF generation service on [/world/default/generate_world_sdf]
(2023-10-19T23:35:40.618091836) (2023-10-19T23:35:40.618109132) [Msg] Serving world names on [/gazebo/worlds]
(2023-10-19T23:35:40.618180674) (2023-10-19T23:35:40.618188726) [Msg] Resource path add service on [/gazebo/resource_paths/add].
(2023-10-19T23:35:40.618255428) (2023-10-19T23:35:40.618262823) [Msg] Resource path get service on [/gazebo/resource_paths/get].
(2023-10-19T23:35:40.618325104) (2023-10-19T23:35:40.618332495) [Msg] Resource path resolve service on [/gazebo/resource_paths/resolve].
(2023-10-19T23:35:40.618418007) (2023-10-19T23:35:40.618425633) [Msg] Resource paths published on [/gazebo/resource_paths].
(2023-10-19T23:35:40.618629654) (2023-10-19T23:35:40.618638301) [Msg] Server control service on [/server_control].
(2023-10-19T23:35:42.13623055) (2023-10-19T23:35:42.13636590) [Wrn] [SimulationRunner.cc:676] Found additional publishers on /stats, using namespaced stats topic only
(2023-10-19T23:35:42.13688018) (2023-10-19T23:35:42.13695576) [Dbg] [SimulationRunner.cc:678] Publishers [Address, Message Type]:
(2023-10-19T23:35:42.13707176) (2023-10-19T23:35:42.13711869) [Dbg] [SimulationRunner.cc:683]   tcp://172.28.242.145:34319, gz.msgs.WorldStatistics
(2023-10-19T23:35:42.13866646) (2023-10-19T23:35:42.13876388) [Wrn] [SimulationRunner.cc:709] Found additional publishers on /clock, using namespaced clock topic only
(2023-10-19T23:35:42.13900981) (2023-10-19T23:35:42.13909036) [Dbg] [SimulationRunner.cc:711] Publishers [Address, Message Type]:
(2023-10-19T23:35:42.13924121) (2023-10-19T23:35:42.13932058) [Dbg] [SimulationRunner.cc:716]   tcp://172.28.242.145:34319, gz.msgs.Clock
(2023-10-19T23:35:42.14014345) (2023-10-19T23:35:42.14022856) [Dbg] [SimulationRunner.cc:503] Creating PostUpdate worker threads: 2
(2023-10-19T23:35:42.14048963) (2023-10-19T23:35:42.14057171) [Dbg] [SimulationRunner.cc:514] Creating postupdate worker thread (0)
(2023-10-19T23:35:42.15450485) (2023-10-19T23:35:42.15471200) [Msg] Serving scene information on [/world/default/scene/info]
(2023-10-19T23:35:42.15618694) (2023-10-19T23:35:42.15632265) [Msg] Serving graph information on [/world/default/scene/graph]
(2023-10-19T23:35:42.15908259) (2023-10-19T23:35:42.15923654) [Msg] Serving full state on [/world/default/state]
(2023-10-19T23:35:42.16050066) (2023-10-19T23:35:42.16064019) [Msg] Serving full state (async) on [/world/default/state_async]
(2023-10-19T23:35:42.16189679) (2023-10-19T23:35:42.16204205) [Msg] Publishing scene information on [/world/default/scene/info]
(2023-10-19T23:35:42.16366110) (2023-10-19T23:35:42.16378658) [Msg] Publishing entity deletions on [/world/default/scene/deletion]
(2023-10-19T23:35:42.16468877) (2023-10-19T23:35:42.16481119) [Msg] Publishing state changes on [/world/default/state]
(2023-10-19T23:35:42.16586663) (2023-10-19T23:35:42.16600145) [Msg] Publishing pose messages on [/world/default/pose/info]
(2023-10-19T23:35:42.16684609) (2023-10-19T23:35:42.16697430) [Msg] Publishing dynamic pose messages on [/world/default/dynamic_pose/info]
(2023-10-19T23:39:17.239493640) (2023-10-19T23:39:17.239507840) [Err] [UserCommands.cc:1097] Error Code 1: Msg: Error finding file [x500_depth/model.sdf].
(2023-10-19T23:39:17.239592498) (2023-10-19T23:39:17.239598443) [Err] [UserCommands.cc:1097] Error Code 1: Msg: Unable to read file: [x500_depth/model.sdf]
(2023-10-19T23:39:32.446345082) (2023-10-19T23:39:32.446398471) [Dbg] [SignalHandler.cc:142] Received signal[2].
(2023-10-19T23:39:32.446431623) (2023-10-19T23:39:32.446439338) [Dbg] [ServerPrivate.cc:115] Server received signal[2]
(2023-10-19T23:39:32.447251366) (2023-10-19T23:39:32.447273417) [Dbg] [gz.cc:417] Shutting down gz-sim-server
(2023-10-19T23:39:32.451744884) (2023-10-19T23:39:32.451765127) [Dbg] [SimulationRunner.cc:530] Exiting postupdate worker thread (0)
