(2023-10-27T18:49:16.631982533) (2023-10-27T18:49:16.632000974) [Msg] Gazebo Sim Server v7.6.0
(2023-10-27T18:49:16.640147099) (2023-10-27T18:49:16.640169916) [Msg] Loading SDF world file[/home/bassam/PX4-Autopilot/Tools/simulation/gz/worlds/default.sdf].
(2023-10-27T18:49:16.849124748) (2023-10-27T18:49:16.849141740) [Msg] Serving entity system service on [/entity/system/add]
(2023-10-27T18:49:17.73036569) (2023-10-27T18:49:17.73061323) [Dbg] [Physics.cc:880] Loaded [gz::physics::dartsim::Plugin] from library [/usr/lib/x86_64-linux-gnu/gz-physics-6/engine-plugins/libgz-physics-dartsim-plugin.so]
(2023-10-27T18:49:17.73183545) (2023-10-27T18:49:17.73199226) [Dbg] [SystemManager.cc:74] Loaded system [gz::sim::systems::Physics] for entity [1]
(2023-10-27T18:49:17.94491973) (2023-10-27T18:49:17.94517056) [Msg] Create service on [/world/default/create]
(2023-10-27T18:49:17.195090344) (2023-10-27T18:49:17.195115091) [Msg] Remove service on [/world/default/remove]
(2023-10-27T18:49:17.195370265) (2023-10-27T18:49:17.195388660) [Msg] Pose service on [/world/default/set_pose]
(2023-10-27T18:49:17.195602706) (2023-10-27T18:49:17.195620208) [Msg] Pose service on [/world/default/set_pose_vector]
(2023-10-27T18:49:17.195975618) (2023-10-27T18:49:17.195993764) [Msg] Light configuration service on [/world/default/light_config]
(2023-10-27T18:49:17.196421751) (2023-10-27T18:49:17.196440204) [Msg] Physics service on [/world/default/set_physics]
(2023-10-27T18:49:17.196739838) (2023-10-27T18:49:17.196757960) [Msg] SphericalCoordinates service on [/world/default/set_spherical_coordinates]
(2023-10-27T18:49:17.196898918) (2023-10-27T18:49:17.196915559) [Msg] Enable collision service on [/world/default/enable_collision]
(2023-10-27T18:49:17.197049111) (2023-10-27T18:49:17.197065475) [Msg] Disable collision service on [/world/default/disable_collision]
(2023-10-27T18:49:17.197500579) (2023-10-27T18:49:17.197518897) [Msg] Material service on [/world/default/visual_config]
(2023-10-27T18:49:17.197745934) (2023-10-27T18:49:17.197787281) [Msg] Material service on [/world/default/wheel_slip]
(2023-10-27T18:49:17.197858163) (2023-10-27T18:49:17.197872580) [Dbg] [SystemManager.cc:74] Loaded system [gz::sim::systems::UserCommands] for entity [1]
(2023-10-27T18:49:17.200705148) (2023-10-27T18:49:17.200725533) [Dbg] [SystemManager.cc:74] Loaded system [gz::sim::systems::SceneBroadcaster] for entity [1]
(2023-10-27T18:49:17.202664872) (2023-10-27T18:49:17.202684945) [Dbg] [SystemManager.cc:74] Loaded system [gz::sim::systems::Contact] for entity [1]
(2023-10-27T18:49:17.205516104) (2023-10-27T18:49:17.205536843) [Dbg] [SystemManager.cc:74] Loaded system [gz::sim::systems::Imu] for entity [1]
(2023-10-27T18:49:17.207985474) (2023-10-27T18:49:17.208005826) [Dbg] [SystemManager.cc:74] Loaded system [gz::sim::systems::AirPressure] for entity [1]
(2023-10-27T18:49:17.210136797) (2023-10-27T18:49:17.210157397) [Msg] Listening to instantaneous wrench commands in [/world/default/wrench]
(2023-10-27T18:49:17.210291374) (2023-10-27T18:49:17.210308963) [Msg] Listening to persistent wrench commands in [/world/default/wrench/persistent]
(2023-10-27T18:49:17.210432809) (2023-10-27T18:49:17.210449564) [Msg] Listening to wrench clear commands in [/world/default/wrench/clear]
(2023-10-27T18:49:17.210506541) (2023-10-27T18:49:17.210521100) [Dbg] [SystemManager.cc:74] Loaded system [gz::sim::systems::ApplyLinkWrench] for entity [1]
(2023-10-27T18:49:17.223132835) (2023-10-27T18:49:17.223150206) [Dbg] [Sensors.cc:506] Configuring Sensors system
(2023-10-27T18:49:17.223273326) (2023-10-27T18:49:17.223283526) [Dbg] [Sensors.cc:425] SensorsPrivate::Run
(2023-10-27T18:49:17.223378102) (2023-10-27T18:49:17.223388467) [Dbg] [SystemManager.cc:74] Loaded system [gz::sim::systems::Sensors] for entity [1]
(2023-10-27T18:49:17.223500939) (2023-10-27T18:49:17.223520244) [Dbg] [Sensors.cc:402] SensorsPrivate::RenderThread started
(2023-10-27T18:49:17.223546964) (2023-10-27T18:49:17.223555381) [Dbg] [Sensors.cc:245] Waiting for init
(2023-10-27T18:49:17.227139262) (2023-10-27T18:49:17.227157197) [Wrn] [SystemLoader.cc:79] Trying to load deprecated plugin [ignition-gazebo-ackermann-steering-system]. Using [gz-sim-ackermann-steering-system] instead.
(2023-10-27T18:49:17.229093568) (2023-10-27T18:49:17.229108561) [Msg] AckermannSteering subscribing to twist messages on [/cmd_vel]
(2023-10-27T18:49:17.229415725) (2023-10-27T18:49:17.229428709) [Dbg] [SystemManager.cc:74] Loaded system [ignition::gazebo::systems::AckermannSteering] for entity [8]
(2023-10-27T18:49:17.229634095) (2023-10-27T18:49:17.229645527) [Msg] Loaded level [3]
(2023-10-27T18:49:17.232060140) (2023-10-27T18:49:17.232081420) [Msg] Serving world controls on [/world/default/control], [/world/default/control/state] and [/world/default/playback/control]
(2023-10-27T18:49:17.232387869) (2023-10-27T18:49:17.232406050) [Msg] Serving GUI information on [/world/default/gui/info]
(2023-10-27T18:49:17.232441256) (2023-10-27T18:49:17.232449559) [Msg] World [default] initialized with [default_physics] physics profile.
(2023-10-27T18:49:17.232702567) (2023-10-27T18:49:17.232715346) [Msg] Serving world SDF generation service on [/world/default/generate_world_sdf]
(2023-10-27T18:49:17.232902756) (2023-10-27T18:49:17.232915450) [Msg] Serving world names on [/gazebo/worlds]
(2023-10-27T18:49:17.233020111) (2023-10-27T18:49:17.233031364) [Msg] Resource path add service on [/gazebo/resource_paths/add].
(2023-10-27T18:49:17.233133961) (2023-10-27T18:49:17.233145889) [Msg] Resource path get service on [/gazebo/resource_paths/get].
(2023-10-27T18:49:17.233245668) (2023-10-27T18:49:17.233257246) [Msg] Resource path resolve service on [/gazebo/resource_paths/resolve].
(2023-10-27T18:49:17.233381412) (2023-10-27T18:49:17.233392461) [Msg] Resource paths published on [/gazebo/resource_paths].
(2023-10-27T18:49:17.233577610) (2023-10-27T18:49:17.233589769) [Msg] Server control service on [/server_control].
(2023-10-27T18:49:18.635994894) (2023-10-27T18:49:18.636012301) [Msg] Found no publishers on /stats, adding root stats topic
(2023-10-27T18:49:18.636305121) (2023-10-27T18:49:18.636321420) [Msg] Found no publishers on /clock, adding root clock topic
(2023-10-27T18:49:18.636642587) (2023-10-27T18:49:18.636661666) [Dbg] [SimulationRunner.cc:503] Creating PostUpdate worker threads: 7
(2023-10-27T18:49:18.636711151) (2023-10-27T18:49:18.636726467) [Dbg] [SimulationRunner.cc:514] Creating postupdate worker thread (0)
(2023-10-27T18:49:18.636889389) (2023-10-27T18:49:18.636902756) [Dbg] [SimulationRunner.cc:514] Creating postupdate worker thread (1)
(2023-10-27T18:49:18.636994533) (2023-10-27T18:49:18.637004510) [Dbg] [SimulationRunner.cc:514] Creating postupdate worker thread (2)
(2023-10-27T18:49:18.637078671) (2023-10-27T18:49:18.637088689) [Dbg] [SimulationRunner.cc:514] Creating postupdate worker thread (3)
(2023-10-27T18:49:18.637164957) (2023-10-27T18:49:18.637175392) [Dbg] [SimulationRunner.cc:514] Creating postupdate worker thread (4)
(2023-10-27T18:49:18.637281847) (2023-10-27T18:49:18.637300177) [Dbg] [SimulationRunner.cc:514] Creating postupdate worker thread (5)
(2023-10-27T18:49:18.942016919) (2023-10-27T18:49:18.942035995) [Wrn] [MulticopterMotorModel.cc:257] No robotNamespace set using entity name.
(2023-10-27T18:49:18.942082194) (2023-10-27T18:49:18.942091886) [Wrn] [MulticopterMotorModel.cc:295] <motorNumber> is depricated, please use <actuator_number>.
(2023-10-27T18:49:18.942157022) (2023-10-27T18:49:18.942166498) [Dbg] [MulticopterMotorModel.cc:386] Listening to topic: x500_depth_0/command/motor_speed
(2023-10-27T18:49:18.942602578) (2023-10-27T18:49:18.942621528) [Dbg] [SystemManager.cc:74] Loaded system [gz::sim::systems::MulticopterMotorModel] for entity [56]
(2023-10-27T18:49:18.943109108) (2023-10-27T18:49:18.943122164) [Wrn] [MulticopterMotorModel.cc:257] No robotNamespace set using entity name.
(2023-10-27T18:49:18.943148205) (2023-10-27T18:49:18.943156930) [Wrn] [MulticopterMotorModel.cc:295] <motorNumber> is depricated, please use <actuator_number>.
(2023-10-27T18:49:18.943214504) (2023-10-27T18:49:18.943223815) [Dbg] [MulticopterMotorModel.cc:386] Listening to topic: x500_depth_0/command/motor_speed
(2023-10-27T18:49:18.943472511) (2023-10-27T18:49:18.943491146) [Dbg] [SystemManager.cc:74] Loaded system [gz::sim::systems::MulticopterMotorModel] for entity [56]
(2023-10-27T18:49:18.943873905) (2023-10-27T18:49:18.943886194) [Wrn] [MulticopterMotorModel.cc:257] No robotNamespace set using entity name.
(2023-10-27T18:49:18.943911205) (2023-10-27T18:49:18.943919803) [Wrn] [MulticopterMotorModel.cc:295] <motorNumber> is depricated, please use <actuator_number>.
(2023-10-27T18:49:18.943976277) (2023-10-27T18:49:18.943985984) [Dbg] [MulticopterMotorModel.cc:386] Listening to topic: x500_depth_0/command/motor_speed
(2023-10-27T18:49:18.944257766) (2023-10-27T18:49:18.944269959) [Dbg] [SystemManager.cc:74] Loaded system [gz::sim::systems::MulticopterMotorModel] for entity [56]
(2023-10-27T18:49:18.944691250) (2023-10-27T18:49:18.944703640) [Wrn] [MulticopterMotorModel.cc:257] No robotNamespace set using entity name.
(2023-10-27T18:49:18.944728129) (2023-10-27T18:49:18.944737317) [Wrn] [MulticopterMotorModel.cc:295] <motorNumber> is depricated, please use <actuator_number>.
(2023-10-27T18:49:18.944792700) (2023-10-27T18:49:18.944801837) [Dbg] [MulticopterMotorModel.cc:386] Listening to topic: x500_depth_0/command/motor_speed
(2023-10-27T18:49:18.945103975) (2023-10-27T18:49:18.945116580) [Dbg] [SystemManager.cc:74] Loaded system [gz::sim::systems::MulticopterMotorModel] for entity [56]
(2023-10-27T18:49:18.945551079) (2023-10-27T18:49:18.945562934) [Dbg] [UserCommands.cc:1263] Created entity [56] named [x500_depth_0]
(2023-10-27T18:49:18.963382507) (2023-10-27T18:49:18.963401092) [Dbg] [SimulationFeatures.cc:72] Simulation timestep set to: 0.004
(2023-10-27T18:49:18.965168300) (2023-10-27T18:49:18.965209627) [Dbg] [Sensors.cc:659] Initialization needed
(2023-10-27T18:49:18.965290190) (2023-10-27T18:49:18.965310408) [Dbg] [Sensors.cc:257] Initializing render context
(2023-10-27T18:49:18.965488885) (2023-10-27T18:49:18.965506833) [Msg] Loading plugin [gz-rendering-ogre2]
(2023-10-27T18:49:18.966329619) (2023-10-27T18:49:18.966351211) [Dbg] [ImuSensor.cc:149] (IMU data for [(IMU data for [) (2023-10-27T18:49:18.966454106) x500_depth_0::base_link::imu_sensor] advertised on [world/default/model/x500_depth_0/link/base_link/sensor/imu_sensor/imu]
[Dbg] [AirPressureSensor.cc:126] Air pressure for [x500_depth_0::base_link::air_pressure_sensor] advertised on [world/default/model/x500_depth_0/link/base_link/sensor/air_pressure_sensor/air_pressure]
(2023-10-27T18:49:18.967640753) (2023-10-27T18:49:18.967664712) [Msg] Serving scene information on [/world/default/scene/info]
(2023-10-27T18:49:18.967856215) (2023-10-27T18:49:18.967875570) [Msg] Serving graph information on [/world/default/scene/graph]
(2023-10-27T18:49:18.968251641) (2023-10-27T18:49:18.968270873) [Msg] Serving full state on [/world/default/state]
(2023-10-27T18:49:18.968441002) (2023-10-27T18:49:18.968459079) [Msg] Serving full state (async) on [/world/default/state_async]
(2023-10-27T18:49:18.968630379) (2023-10-27T18:49:18.968649363) [Msg] Publishing scene information on [/world/default/scene/info]
(2023-10-27T18:49:18.968860541) (2023-10-27T18:49:18.968879277) [Msg] Publishing entity deletions on [/world/default/scene/deletion]
(2023-10-27T18:49:18.969036727) (2023-10-27T18:49:18.969055002) [Msg] Publishing state changes on [/world/default/state]
(2023-10-27T18:49:18.969214114) (2023-10-27T18:49:18.969232448) [Msg] Publishing pose messages on [/world/default/pose/info]
(2023-10-27T18:49:18.969445963) (2023-10-27T18:49:18.969463775) [Msg] Publishing dynamic pose messages on [/world/default/dynamic_pose/info]
(2023-10-27T18:49:18.970524688) (2023-10-27T18:49:18.970541044) [Dbg] [EntityComponentManager.cc:1655] Updated state thread iterators: 8 threads processing around 13 entities each.
(2023-10-27T18:49:18.990511780) (2023-10-27T18:49:18.990539350) [Wrn] [Component.hh:144] Trying to serialize component with data type [N3sdf3v135WorldE], which doesn't have `operator<<`. Component will not be serialized.
(2023-10-27T18:49:18.990759544) (2023-10-27T18:49:18.990783473) [Wrn] [Model.hh:69] Skipping serialization / deserialization for models with //pose/@relative_to attribute.
(((2023-10-27T18:49:18.9962474752023-10-27T18:49:18.996247475(2023-10-27T18:49:18.996247475(() (2023-10-27T18:49:18.996310324) [Dbg] [SimulationRunner.cc:530] 2023-10-27T18:49:18.996202670) (2023-10-27T18:49:18.996364484) (2023-10-27T18:49:18.996396948) 2023-10-27T18:49:18.996257376) (2023-10-27T18:49:18.996435744) ) (2023-10-27T18:49:18.996463447) 2023-10-27T18:49:18.996370333) Exiting postupdate worker thread (Exiting postupdate worker thread ([Dbg] [SimulationRunner.cc:530] Exiting postupdate worker thread (5)[Dbg] [SimulationRunner.cc:530] Exiting postupdate worker thread (2)
(2023-10-27T18:49:18.996602935) (2023-10-27T18:49:18.996623945) [Dbg] [SimulationRunner.cc:530] )[Dbg] [SimulationRunner.cc:530] 

[Dbg] [SimulationRunner.cc:530] Exiting postupdate worker thread (3)
Exiting postupdate worker thread (114)
)
0)(2023-10-27T18:49:18.997245129) (2023-10-27T18:49:18.997266518) [Dbg] [SimulationRunner.cc:503] Creating PostUpdate worker threads: 7
(2023-10-27T18:49:18.997321982) (2023-10-27T18:49:18.997338225) [Dbg] [SimulationRunner.cc:514] Creating postupdate worker thread (0)
(2023-10-27T18:49:18.998313690) (2023-10-27T18:49:18.998336781) [Dbg] [SimulationRunner.cc:514] Creating postupdate worker thread (1)
(2023-10-27T18:49:18.998416492) (2023-10-27T18:49:18.998434541) [Dbg] [SimulationRunner.cc:514] Creating postupdate worker thread (2)
(2023-10-27T18:49:18.998517344) (2023-10-27T18:49:18.998535478) [Dbg] [SimulationRunner.cc:514] Creating postupdate worker thread (3)
(2023-10-27T18:49:18.998617605) (2023-10-27T18:49:18.998634256) [Dbg] [SimulationRunner.cc:514] Creating postupdate worker thread (4)
(2023-10-27T18:49:18.998784507) (2023-10-27T18:49:18.998801713) [Dbg] [SimulationRunner.cc:514] Creating postupdate worker thread (5)
(2023-10-27T18:49:19.398717091) (2023-10-27T18:49:19.398730199) [Dbg] [RenderUtil.cc:2720] Create scene [scene]
((2023-10-27T18:49:19.468281562) (2023-10-27T18:49:19.4683034522023-10-27T18:49:19.468323676) [Dbg] [Sensors.cc:277] Rendering Thread initialized
) ) () [Dbg] [Sensors.cc:659] Initialization needed
(2023-10-27T18:49:19.473942203) (2023-10-27T18:49:19.473957247) [Wrn] [FuelClient.cc:1952] The fuel.ignitionrobotics.org URL is deprecrated. Pleasse change https://fuel.ignitionrobotics.org/1.0/openrobotics/models/prius hybrid/2/files/meshes/Hybrid.obj to https://fuel.gazebosim.org/1.0/openrobotics/models/prius hybrid/2/files/meshes/Hybrid.obj
(2023-10-27T18:49:19.474125410) (2023-10-27T18:49:19.474136660) [Wrn] [FuelClient.cc:1952] The fuel.ignitionrobotics.org URL is deprecrated. Pleasse change https://fuel.ignitionrobotics.org/1.0/openrobotics/models/prius hybrid/2/files/meshes/Hybrid.obj to https://fuel.gazebosim.org/1.0/openrobotics/models/prius hybrid/2/files/meshes/Hybrid.obj
(2023-10-27T18:49:19.478752533) (2023-10-27T18:49:19.478774445) [Wrn] [OBJLoader.cc:91] Both `d` and `Tr` parameters defined for "Hybrid". Use the value of `d` for dissolve (line 8 in .mtl.)
Both `d` and `Tr` parameters defined for "Wheels3". Use the value of `d` for dissolve (line 22 in .mtl.)
Both `d` and `Tr` parameters defined for "Hybrid_Interior". Use the value of `d` for dissolve (line 36 in .mtl.)
Both `d` and `Tr` parameters defined for "Windows". Use the value of `d` for dissolve (line 50 in .mtl.)

(2023-10-27T18:49:22.321890816) (2023-10-27T18:49:22.321921070) [Dbg] [CameraSensor.cc:458] Camera images for [prius_hybrid::chassis::back_camera_sensor] advertised on [back_camera]
(2023-10-27T18:49:22.322178389) (2023-10-27T18:49:22.322197731) [Dbg] [CameraSensor.cc:786] Camera info for [prius_hybrid::chassis::back_camera_sensor] advertised on [/camera_info]
(2023-10-27T18:49:22.322385216) (2023-10-27T18:49:22.322396185) [Wrn] [Ogre2Camera.cc:412] Ogre2Camera::SetVisibilityMask: Mask bits c0000000 are set but will be ignored as they conflict with the reserved bits used internally by the ogre2 backend.
(2023-10-27T18:49:22.322851619) (2023-10-27T18:49:22.322871370) [Dbg] [CameraSensor.cc:458] Camera images for [prius_hybrid::chassis::front_camera_sensor] advertised on [front_camera]
(2023-10-27T18:49:22.323005603) (2023-10-27T18:49:22.323023858) [Dbg] [CameraSensor.cc:786] Camera info for [prius_hybrid::chassis::front_camera_sensor] advertised on [/camera_info]
(2023-10-27T18:49:22.323108674) (2023-10-27T18:49:22.323119776) [Wrn] [Ogre2Camera.cc:412] Ogre2Camera::SetVisibilityMask: Mask bits c0000000 are set but will be ignored as they conflict with the reserved bits used internally by the ogre2 backend.
(2023-10-27T18:49:22.323462853) (2023-10-27T18:49:22.323481642) [Dbg] [CameraSensor.cc:458] Camera images for [prius_hybrid::chassis::left_camera_sensor] advertised on [left_camera]
(2023-10-27T18:49:22.323597809) (2023-10-27T18:49:22.323616018) [Dbg] [CameraSensor.cc:786] Camera info for [prius_hybrid::chassis::left_camera_sensor] advertised on [/camera_info]
(2023-10-27T18:49:22.323691323) (2023-10-27T18:49:22.323701860) [Wrn] [Ogre2Camera.cc:412] Ogre2Camera::SetVisibilityMask: Mask bits c0000000 are set but will be ignored as they conflict with the reserved bits used internally by the ogre2 backend.
(2023-10-27T18:49:22.324016209) (2023-10-27T18:49:22.324034502) [Dbg] [CameraSensor.cc:458] Camera images for [prius_hybrid::chassis::right_camera_sensor] advertised on [right_camera]
(2023-10-27T18:49:22.324147711) (2023-10-27T18:49:22.324165564) [Dbg] [CameraSensor.cc:786] Camera info for [prius_hybrid::chassis::right_camera_sensor] advertised on [/camera_info]
(2023-10-27T18:49:22.324236462) (2023-10-27T18:49:22.324246782) [Wrn] [Ogre2Camera.cc:412] Ogre2Camera::SetVisibilityMask: Mask bits c0000000 are set but will be ignored as they conflict with the reserved bits used internally by the ogre2 backend.
(2023-10-27T18:49:22.324555910) (2023-10-27T18:49:22.324574759) [Dbg] [CameraSensor.cc:458] Camera images for [x500_depth_0::OakD-Lite/base_link::IMX214] advertised on [camera]
(2023-10-27T18:49:22.324720076) (2023-10-27T18:49:22.324738332) [Dbg] [CameraSensor.cc:786] Camera info for [x500_depth_0::OakD-Lite/base_link::IMX214] advertised on [/camera_info]
(2023-10-27T18:49:22.324815898) (2023-10-27T18:49:22.324826131) [Wrn] [Ogre2Camera.cc:412] Ogre2Camera::SetVisibilityMask: Mask bits c0000000 are set but will be ignored as they conflict with the reserved bits used internally by the ogre2 backend.
(2023-10-27T18:49:22.325205667) (2023-10-27T18:49:22.325218438) [Dbg] [DepthCameraSensor.cc:282] Depth images for [x500_depth_0::OakD-Lite/base_link::StereoOV7251] advertised on [depth_camera]
(2023-10-27T18:49:22.325331710) (2023-10-27T18:49:22.325342492) [Dbg] [CameraSensor.cc:786] Camera info for [x500_depth_0::OakD-Lite/base_link::StereoOV7251] advertised on [/camera_info]
(2023-10-27T18:49:22.325546559) (2023-10-27T18:49:22.325558167) [Dbg] [DepthCameraSensor.cc:299] Points for [x500_depth_0::OakD-Lite/base_link::StereoOV7251] advertised on [depth_camera/points]
(2023-10-27T18:49:22.348821586) (2023-10-27T18:49:22.348839602) [Dbg] [CameraSensor.cc:583] Enabling camera sensor: 'x500_depth_0::OakD-Lite/base_link::IMX214' data generation.
(2023-10-27T18:49:58.639914019) (2023-10-27T18:49:58.639942614) [Dbg] [SignalHandler.cc:142] Received signal[2].
(2023-10-27T18:49:58.640002685) (2023-10-27T18:49:58.640016948) [Dbg] [ServerPrivate.cc:115] Server received signal[2]
(2023-10-27T18:49:58.640063430) (2023-10-27T18:49:58.640072155) [Dbg] [Sensors.cc:433] SensorsPrivate::Stop
(2023-10-27T18:49:58.690706258) (2023-10-27T18:49:58.690724768) [Dbg] [Sensors.cc:419] SensorsPrivate::RenderThread stopped
(2023-10-27T18:49:58.698407480) (2023-10-27T18:49:58.698429106) [Dbg] [gz.cc:417] Shutting down gz-sim-server
((2023-10-27T18:49:58.703169448) (2023-10-27T18:49:58.7031944112023-10-27T18:49:58.703194411((2023-10-27T18:49:58.703226910) () 2023-10-27T18:49:58.703198365) ) (2023-10-27T18:49:58.703305567) ) 2023-10-27T18:49:58.703236855) (2023-10-27T18:49:58.703387682) ([Dbg] [SimulationRunner.cc:530] 2023-10-27T18:49:58.703439941Exiting postupdate worker thread () ((2023-10-27T18:49:58.7034809392023-10-27T18:49:58.703491258) ) )
[Dbg] [SimulationRunner.cc:530] [Dbg] [SimulationRunner.cc:530] Exiting postupdate worker thread ([Dbg] [SimulationRunner.cc:530] Exiting postupdate worker thread (0)
[Dbg] [SimulationRunner.cc:530] Exiting postupdate worker thread ([Dbg] [SimulationRunner.cc:530] Exiting postupdate worker thread (4)
Exiting postupdate worker thread (3)
[Dbg] [SimulationRunner.cc:530] Exiting postupdate worker thread (2)
1)
(2023-10-27T18:49:58.745084292) (2023-10-27T18:49:58.745100127) [Dbg] [Sensors.cc:433] SensorsPrivate::Stop
