(2023-10-28T09:44:50.298827307) (2023-10-28T09:44:50.298837434) [Msg] Gazebo Sim Server v7.6.0
(2023-10-28T09:44:50.301608587) (2023-10-28T09:44:50.301617477) [Msg] Loading SDF world file[/home/bassam/PX4-Autopilot/Tools/simulation/gz/worlds/default.sdf].
(2023-10-28T09:44:50.403137140) (2023-10-28T09:44:50.403146772) [Msg] Serving entity system service on [/entity/system/add]
(2023-10-28T09:44:50.663953583) (2023-10-28T09:44:50.663969990) [Dbg] [Physics.cc:880] Loaded [gz::physics::dartsim::Plugin] from library [/usr/lib/x86_64-linux-gnu/gz-physics-6/engine-plugins/libgz-physics-dartsim-plugin.so]
(2023-10-28T09:44:50.664045208) (2023-10-28T09:44:50.664054216) [Dbg] [SystemManager.cc:74] Loaded system [gz::sim::systems::Physics] for entity [1]
(2023-10-28T09:44:50.768249196) (2023-10-28T09:44:50.768299747) [Msg] Create service on [/world/default/create]
(2023-10-28T09:44:50.768815516) (2023-10-28T09:44:50.768854850) [Msg] Remove service on [/world/default/remove]
(2023-10-28T09:44:50.769302649) (2023-10-28T09:44:50.769341600) [Msg] Pose service on [/world/default/set_pose]
(2023-10-28T09:44:50.769815641) (2023-10-28T09:44:50.769856402) [Msg] Pose service on [/world/default/set_pose_vector]
(2023-10-28T09:44:50.770565409) (2023-10-28T09:44:50.770605796) [Msg] Light configuration service on [/world/default/light_config]
(2023-10-28T09:44:50.771368452) (2023-10-28T09:44:50.771396069) [Msg] Physics service on [/world/default/set_physics]
(2023-10-28T09:44:50.771881414) (2023-10-28T09:44:50.771908219) [Msg] SphericalCoordinates service on [/world/default/set_spherical_coordinates]
(2023-10-28T09:44:50.772147898) (2023-10-28T09:44:50.772174318) [Msg] Enable collision service on [/world/default/enable_collision]
(2023-10-28T09:44:50.772412693) (2023-10-28T09:44:50.772436758) [Msg] Disable collision service on [/world/default/disable_collision]
(2023-10-28T09:44:50.772952587) (2023-10-28T09:44:50.772978529) [Msg] Material service on [/world/default/visual_config]
(2023-10-28T09:44:50.773360707) (2023-10-28T09:44:50.773393018) [Msg] Material service on [/world/default/wheel_slip]
(2023-10-28T09:44:50.773504436) (2023-10-28T09:44:50.773535042) [Dbg] [SystemManager.cc:74] Loaded system [gz::sim::systems::UserCommands] for entity [1]
(2023-10-28T09:44:50.779630642) (2023-10-28T09:44:50.779679670) [Dbg] [SystemManager.cc:74] Loaded system [gz::sim::systems::SceneBroadcaster] for entity [1]
(2023-10-28T09:44:50.784817835) (2023-10-28T09:44:50.784861779) [Dbg] [SystemManager.cc:74] Loaded system [gz::sim::systems::Contact] for entity [1]
(2023-10-28T09:44:50.791684825) (2023-10-28T09:44:50.791700612) [Dbg] [SystemManager.cc:74] Loaded system [gz::sim::systems::Imu] for entity [1]
(2023-10-28T09:44:50.793659221) (2023-10-28T09:44:50.793668255) [Dbg] [SystemManager.cc:74] Loaded system [gz::sim::systems::AirPressure] for entity [1]
(2023-10-28T09:44:50.795077171) (2023-10-28T09:44:50.795085634) [Msg] Listening to instantaneous wrench commands in [/world/default/wrench]
(2023-10-28T09:44:50.795139646) (2023-10-28T09:44:50.795146504) [Msg] Listening to persistent wrench commands in [/world/default/wrench/persistent]
(2023-10-28T09:44:50.795195451) (2023-10-28T09:44:50.795201854) [Msg] Listening to wrench clear commands in [/world/default/wrench/clear]
(2023-10-28T09:44:50.795221720) (2023-10-28T09:44:50.795226804) [Dbg] [SystemManager.cc:74] Loaded system [gz::sim::systems::ApplyLinkWrench] for entity [1]
(2023-10-28T09:44:50.810169457) (2023-10-28T09:44:50.810180881) [Dbg] [Sensors.cc:506] Configuring Sensors system
(2023-10-28T09:44:50.810277881) (2023-10-28T09:44:50.810284768) [Dbg] [Sensors.cc:425] SensorsPrivate::Run
(2023-10-28T09:44:50.810358071) (2023-10-28T09:44:50.810364827) [Dbg] [SystemManager.cc:74] Loaded system [gz::sim::systems::Sensors] for entity [1]
(2023-10-28T09:44:50.810403713) (2023-10-28T09:44:50.810416010) [Dbg] [Sensors.cc:402] SensorsPrivate::RenderThread started
(2023-10-28T09:44:50.810436812) (2023-10-28T09:44:50.810442047) [Dbg] [Sensors.cc:245] Waiting for init
(2023-10-28T09:44:50.812611494) (2023-10-28T09:44:50.812620348) [Wrn] [SystemLoader.cc:79] Trying to load deprecated plugin [ignition-gazebo-ackermann-steering-system]. Using [gz-sim-ackermann-steering-system] instead.
(2023-10-28T09:44:50.814392987) (2023-10-28T09:44:50.814401083) [Msg] AckermannSteering subscribing to twist messages on [/cmd_vel]
(2023-10-28T09:44:50.814563682) (2023-10-28T09:44:50.814570858) [Dbg] [SystemManager.cc:74] Loaded system [ignition::gazebo::systems::AckermannSteering] for entity [8]
(2023-10-28T09:44:50.814679478) (2023-10-28T09:44:50.814685847) [Msg] Loaded level [3]
(2023-10-28T09:44:50.815905194) (2023-10-28T09:44:50.815913194) [Msg] Serving world controls on [/world/default/control], [/world/default/control/state] and [/world/default/playback/control]
(2023-10-28T09:44:50.816075161) (2023-10-28T09:44:50.816082073) [Msg] Serving GUI information on [/world/default/gui/info]
(2023-10-28T09:44:50.816100057) (2023-10-28T09:44:50.816104595) [Msg] World [default] initialized with [default_physics] physics profile.
(2023-10-28T09:44:50.816215883) (2023-10-28T09:44:50.816222723) [Msg] Serving world SDF generation service on [/world/default/generate_world_sdf]
(2023-10-28T09:44:50.816305007) (2023-10-28T09:44:50.816311371) [Msg] Serving world names on [/gazebo/worlds]
(2023-10-28T09:44:50.816371263) (2023-10-28T09:44:50.816380355) [Msg] Resource path add service on [/gazebo/resource_paths/add].
(2023-10-28T09:44:50.816458284) (2023-10-28T09:44:50.816468167) [Msg] Resource path get service on [/gazebo/resource_paths/get].
(2023-10-28T09:44:50.916758522) (2023-10-28T09:44:50.916772585) [Msg] Resource path resolve service on [/gazebo/resource_paths/resolve].
(2023-10-28T09:44:50.916861986) (2023-10-28T09:44:50.916871396) [Msg] Resource paths published on [/gazebo/resource_paths].
(2023-10-28T09:44:50.917006321) (2023-10-28T09:44:50.917015841) [Msg] Server control service on [/server_control].
(2023-10-28T09:44:52.300641362) (2023-10-28T09:44:52.300657647) [Msg] Found no publishers on /stats, adding root stats topic
(2023-10-28T09:44:52.300839671) (2023-10-28T09:44:52.300849821) [Msg] Found no publishers on /clock, adding root clock topic
(2023-10-28T09:44:52.301073468) (2023-10-28T09:44:52.301083500) [Dbg] [SimulationRunner.cc:503] Creating PostUpdate worker threads: 7
(2023-10-28T09:44:52.301124955) (2023-10-28T09:44:52.301132935) [Dbg] [SimulationRunner.cc:514] Creating postupdate worker thread (0)
(2023-10-28T09:44:52.301239988) (2023-10-28T09:44:52.301249385) [Dbg] [SimulationRunner.cc:514] Creating postupdate worker thread (1)
(2023-10-28T09:44:52.301335165) (2023-10-28T09:44:52.301344851) [Dbg] [SimulationRunner.cc:514] Creating postupdate worker thread (2)
(2023-10-28T09:44:52.301403826) (2023-10-28T09:44:52.301412873) [Dbg] [SimulationRunner.cc:514] Creating postupdate worker thread (3)
(2023-10-28T09:44:52.301475968) (2023-10-28T09:44:52.301485207) [Dbg] [SimulationRunner.cc:514] Creating postupdate worker thread (4)
(2023-10-28T09:44:52.301557488) (2023-10-28T09:44:52.301566879) [Dbg] [SimulationRunner.cc:514] Creating postupdate worker thread (5)
(2023-10-28T09:44:52.491188706) (2023-10-28T09:44:52.491201077) [Wrn] [MulticopterMotorModel.cc:257] No robotNamespace set using entity name.
(2023-10-28T09:44:52.491228494) (2023-10-28T09:44:52.491234434) [Wrn] [MulticopterMotorModel.cc:295] <motorNumber> is depricated, please use <actuator_number>.
(2023-10-28T09:44:52.491274548) (2023-10-28T09:44:52.491280093) [Dbg] [MulticopterMotorModel.cc:386] Listening to topic: x500_depth_0/command/motor_speed
(2023-10-28T09:44:52.491557121) (2023-10-28T09:44:52.491564887) [Dbg] [SystemManager.cc:74] Loaded system [gz::sim::systems::MulticopterMotorModel] for entity [56]
(2023-10-28T09:44:52.491800023) (2023-10-28T09:44:52.491806801) [Wrn] [MulticopterMotorModel.cc:257] No robotNamespace set using entity name.
(2023-10-28T09:44:52.491822146) (2023-10-28T09:44:52.491827179) [Wrn] [MulticopterMotorModel.cc:295] <motorNumber> is depricated, please use <actuator_number>.
(2023-10-28T09:44:52.491861035) (2023-10-28T09:44:52.491866250) [Dbg] [MulticopterMotorModel.cc:386] Listening to topic: x500_depth_0/command/motor_speed
(2023-10-28T09:44:52.492014137) (2023-10-28T09:44:52.492025245) [Dbg] [SystemManager.cc:74] Loaded system [gz::sim::systems::MulticopterMotorModel] for entity [56]
(2023-10-28T09:44:52.492239064) (2023-10-28T09:44:52.492246250) [Wrn] [MulticopterMotorModel.cc:257] No robotNamespace set using entity name.
(2023-10-28T09:44:52.492260706) (2023-10-28T09:44:52.492265725) [Wrn] [MulticopterMotorModel.cc:295] <motorNumber> is depricated, please use <actuator_number>.
(2023-10-28T09:44:52.492298412) (2023-10-28T09:44:52.492304021) [Dbg] [MulticopterMotorModel.cc:386] Listening to topic: x500_depth_0/command/motor_speed
(2023-10-28T09:44:52.492467484) (2023-10-28T09:44:52.492478584) [Dbg] [SystemManager.cc:74] Loaded system [gz::sim::systems::MulticopterMotorModel] for entity [56]
(2023-10-28T09:44:52.492689008) (2023-10-28T09:44:52.492695930) [Wrn] [MulticopterMotorModel.cc:257] No robotNamespace set using entity name.
(2023-10-28T09:44:52.492710540) (2023-10-28T09:44:52.492715507) [Wrn] [MulticopterMotorModel.cc:295] <motorNumber> is depricated, please use <actuator_number>.
(2023-10-28T09:44:52.492748166) (2023-10-28T09:44:52.492753542) [Dbg] [MulticopterMotorModel.cc:386] Listening to topic: x500_depth_0/command/motor_speed
(2023-10-28T09:44:52.492930003) (2023-10-28T09:44:52.492940930) [Dbg] [SystemManager.cc:74] Loaded system [gz::sim::systems::MulticopterMotorModel] for entity [56]
(2023-10-28T09:44:52.493189348) (2023-10-28T09:44:52.493195955) [Dbg] [UserCommands.cc:1263] Created entity [56] named [x500_depth_0]
(2023-10-28T09:44:52.512015229) (2023-10-28T09:44:52.512026910) [Dbg] [SimulationFeatures.cc:72] Simulation timestep set to: 0.004
(2023-10-28T09:44:52.513377391) (2023-10-28T09:44:52.513398795) [Dbg] [Sensors.cc:659] Initialization needed
(2023-10-28T09:44:52.513459806) (2023-10-28T09:44:52.513473400) [Dbg] [Sensors.cc:257] Initializing render context
(2023-10-28T09:44:52.513599644) (2023-10-28T09:44:52.513610030) [Msg] Loading plugin [gz-rendering-ogre2]
(2023-10-28T09:44:52.513932062) (2023-10-28T09:44:52.513944152) [Dbg] [AirPressureSensor.cc:126] Air pressure for [x500_depth_0::base_link::air_pressure_sensor] advertised on [world/default/model/x500_depth_0/link/base_link/sensor/air_pressure_sensor/air_pressure]
(2023-10-28T09:44:52.514018575) (2023-10-28T09:44:52.514031005) [Dbg] [ImuSensor.cc:149] IMU data for [x500_depth_0::base_link::imu_sensor] advertised on [world/default/model/x500_depth_0/link/base_link/sensor/imu_sensor/imu]
(2023-10-28T09:44:52.514677683) (2023-10-28T09:44:52.514692385) [Msg] Serving scene information on [/world/default/scene/info]
(2023-10-28T09:44:52.514770920) (2023-10-28T09:44:52.514781007) [Msg] Serving graph information on [/world/default/scene/graph]
(2023-10-28T09:44:52.514975654) (2023-10-28T09:44:52.514986693) [Msg] Serving full state on [/world/default/state]
(2023-10-28T09:44:52.515059048) (2023-10-28T09:44:52.515069488) [Msg] Serving full state (async) on [/world/default/state_async]
(2023-10-28T09:44:52.515165763) (2023-10-28T09:44:52.515176075) [Msg] Publishing scene information on [/world/default/scene/info]
(2023-10-28T09:44:52.515285390) (2023-10-28T09:44:52.515292691) [Msg] Publishing entity deletions on [/world/default/scene/deletion]
(2023-10-28T09:44:52.515342120) (2023-10-28T09:44:52.515350850) [Msg] Publishing state changes on [/world/default/state]
(2023-10-28T09:44:52.515451844) (2023-10-28T09:44:52.515458626) [Msg] Publishing pose messages on [/world/default/pose/info]
(2023-10-28T09:44:52.515511813) (2023-10-28T09:44:52.515518291) [Msg] Publishing dynamic pose messages on [/world/default/dynamic_pose/info]
(2023-10-28T09:44:52.516048920) (2023-10-28T09:44:52.516057263) [Dbg] [EntityComponentManager.cc:1655] Updated state thread iterators: 8 threads processing around 13 entities each.
(2023-10-28T09:44:52.526663346) (2023-10-28T09:44:52.526679264) [Wrn] [Component.hh:144] Trying to serialize component with data type [N3sdf3v135WorldE], which doesn't have `operator<<`. Component will not be serialized.
(2023-10-28T09:44:52.526826766) (2023-10-28T09:44:52.526838060) [Wrn] [Model.hh:69] Skipping serialization / deserialization for models with //pose/@relative_to attribute.
((((2023-10-28T09:44:52.5287981842023-10-28T09:44:52.528844294) (((((2023-10-28T09:44:52.528832252) (2023-10-28T09:44:52.528879805) 2023-10-28T09:44:52.5288814792023-10-28T09:44:52.5288899652023-10-28T09:44:52.5288814792023-10-28T09:44:52.5288899652023-10-28T09:44:52.528820010[Dbg] [SimulationRunner.cc:530] Exiting postupdate worker thread (0)

) ) (() ) () [Dbg] [SimulationRunner.cc:530] [Dbg] [SimulationRunner.cc:530] ) [Dbg] [SimulationRunner.cc:530] ) () [Dbg] [SimulationRunner.cc:530] Exiting postupdate worker thread (32023-10-28T09:44:52.529033647() [Dbg] [SimulationRunner.cc:530] )Exiting postupdate worker thread (2)
2023-10-28T09:44:52.529099457) [Dbg] [SimulationRunner.cc:530] Exiting postupdate worker thread (4)
[Dbg] [SimulationRunner.cc:530] Exiting postupdate worker thread (5))1)
[Dbg] [SimulationRunner.cc:530] )
(2023-10-28T09:44:52.529284964) (2023-10-28T09:44:52.529292908) [Dbg] [SimulationRunner.cc:503] Creating PostUpdate worker threads: 7
(2023-10-28T09:44:52.529312494) (2023-10-28T09:44:52.529317475) [Dbg] [SimulationRunner.cc:514] Creating postupdate worker thread (0)
(2023-10-28T09:44:52.530055513) (2023-10-28T09:44:52.530065769) [Dbg] [SimulationRunner.cc:514] Creating postupdate worker thread (1)
(2023-10-28T09:44:52.530104414) (2023-10-28T09:44:52.530114211) [Dbg] [SimulationRunner.cc:514] Creating postupdate worker thread (2)
(2023-10-28T09:44:52.530169699) (2023-10-28T09:44:52.530178518) [Dbg] [SimulationRunner.cc:514] Creating postupdate worker thread (3)
(2023-10-28T09:44:52.530208639) (2023-10-28T09:44:52.530220651) [Dbg] [SimulationRunner.cc:514] Creating postupdate worker thread (4)
(2023-10-28T09:44:52.530284402) (2023-10-28T09:44:52.530293612) [Dbg] [SimulationRunner.cc:514] Creating postupdate worker thread (5)
(2023-10-28T09:44:52.767458422) (2023-10-28T09:44:52.767466011) [Dbg] [RenderUtil.cc:2720] Create scene [scene]
((2023-10-28T09:44:52.815736203) () (2023-10-28T09:44:52.8157577402023-10-28T09:44:52.815762433) ) [Dbg] [Sensors.cc:659] [Dbg] [Sensors.cc:277] Rendering Thread initialized
Initialization needed
(2023-10-28T09:44:52.819129022) (2023-10-28T09:44:52.819137680) [Wrn] [FuelClient.cc:1952] The fuel.ignitionrobotics.org URL is deprecrated. Pleasse change https://fuel.ignitionrobotics.org/1.0/openrobotics/models/prius hybrid/2/files/meshes/Hybrid.obj to https://fuel.gazebosim.org/1.0/openrobotics/models/prius hybrid/2/files/meshes/Hybrid.obj
(2023-10-28T09:44:52.819201157) (2023-10-28T09:44:52.819206942) [Wrn] [FuelClient.cc:1952] The fuel.ignitionrobotics.org URL is deprecrated. Pleasse change https://fuel.ignitionrobotics.org/1.0/openrobotics/models/prius hybrid/2/files/meshes/Hybrid.obj to https://fuel.gazebosim.org/1.0/openrobotics/models/prius hybrid/2/files/meshes/Hybrid.obj
(2023-10-28T09:44:52.822425431) (2023-10-28T09:44:52.822433442) [Wrn] [OBJLoader.cc:91] Both `d` and `Tr` parameters defined for "Hybrid". Use the value of `d` for dissolve (line 8 in .mtl.)
Both `d` and `Tr` parameters defined for "Wheels3". Use the value of `d` for dissolve (line 22 in .mtl.)
Both `d` and `Tr` parameters defined for "Hybrid_Interior". Use the value of `d` for dissolve (line 36 in .mtl.)
Both `d` and `Tr` parameters defined for "Windows". Use the value of `d` for dissolve (line 50 in .mtl.)

(2023-10-28T09:44:54.347465683) (2023-10-28T09:44:54.347474370) [Dbg] [CameraSensor.cc:458] Camera images for [prius_hybrid::chassis::back_camera_sensor] advertised on [back_camera]
(2023-10-28T09:44:54.347594294) (2023-10-28T09:44:54.347601054) [Dbg] [CameraSensor.cc:786] Camera info for [prius_hybrid::chassis::back_camera_sensor] advertised on [/camera_info]
(2023-10-28T09:44:54.347714974) (2023-10-28T09:44:54.347721093) [Wrn] [Ogre2Camera.cc:412] Ogre2Camera::SetVisibilityMask: Mask bits c0000000 are set but will be ignored as they conflict with the reserved bits used internally by the ogre2 backend.
(2023-10-28T09:44:54.347960552) (2023-10-28T09:44:54.347975758) [Dbg] [CameraSensor.cc:458] Camera images for [prius_hybrid::chassis::front_camera_sensor] advertised on [front_camera]
(2023-10-28T09:44:54.348027496) (2023-10-28T09:44:54.348033558) [Dbg] [CameraSensor.cc:786] Camera info for [prius_hybrid::chassis::front_camera_sensor] advertised on [/camera_info]
(2023-10-28T09:44:54.348071626) (2023-10-28T09:44:54.348077046) [Wrn] [Ogre2Camera.cc:412] Ogre2Camera::SetVisibilityMask: Mask bits c0000000 are set but will be ignored as they conflict with the reserved bits used internally by the ogre2 backend.
(2023-10-28T09:44:54.348230826) (2023-10-28T09:44:54.348241451) [Dbg] [CameraSensor.cc:458] Camera images for [prius_hybrid::chassis::left_camera_sensor] advertised on [left_camera]
(2023-10-28T09:44:54.348303462) (2023-10-28T09:44:54.348313399) [Dbg] [CameraSensor.cc:786] Camera info for [prius_hybrid::chassis::left_camera_sensor] advertised on [/camera_info]
(2023-10-28T09:44:54.348350006) (2023-10-28T09:44:54.348355312) [Wrn] [Ogre2Camera.cc:412] Ogre2Camera::SetVisibilityMask: Mask bits c0000000 are set but will be ignored as they conflict with the reserved bits used internally by the ogre2 backend.
(2023-10-28T09:44:54.348489198) (2023-10-28T09:44:54.348499460) [Dbg] [CameraSensor.cc:458] Camera images for [prius_hybrid::chassis::right_camera_sensor] advertised on [right_camera]
(2023-10-28T09:44:54.348557894) (2023-10-28T09:44:54.348567606) [Dbg] [CameraSensor.cc:786] Camera info for [prius_hybrid::chassis::right_camera_sensor] advertised on [/camera_info]
(2023-10-28T09:44:54.348602987) (2023-10-28T09:44:54.348608404) [Wrn] [Ogre2Camera.cc:412] Ogre2Camera::SetVisibilityMask: Mask bits c0000000 are set but will be ignored as they conflict with the reserved bits used internally by the ogre2 backend.
(2023-10-28T09:44:54.348746128) (2023-10-28T09:44:54.348756295) [Dbg] [CameraSensor.cc:458] Camera images for [x500_depth_0::OakD-Lite/base_link::IMX214] advertised on [camera]
(2023-10-28T09:44:54.348841096) (2023-10-28T09:44:54.348850920) [Dbg] [CameraSensor.cc:786] Camera info for [x500_depth_0::OakD-Lite/base_link::IMX214] advertised on [/camera_info]
(2023-10-28T09:44:54.348913153) (2023-10-28T09:44:54.348918992) [Wrn] [Ogre2Camera.cc:412] Ogre2Camera::SetVisibilityMask: Mask bits c0000000 are set but will be ignored as they conflict with the reserved bits used internally by the ogre2 backend.
(2023-10-28T09:44:54.349134145) (2023-10-28T09:44:54.349144101) [Dbg] [DepthCameraSensor.cc:282] Depth images for [x500_depth_0::OakD-Lite/base_link::StereoOV7251] advertised on [depth_camera]
(2023-10-28T09:44:54.349233317) (2023-10-28T09:44:54.349244037) [Dbg] [CameraSensor.cc:786] Camera info for [x500_depth_0::OakD-Lite/base_link::StereoOV7251] advertised on [/camera_info]
(2023-10-28T09:44:54.349373077) (2023-10-28T09:44:54.349382453) [Dbg] [DepthCameraSensor.cc:299] Points for [x500_depth_0::OakD-Lite/base_link::StereoOV7251] advertised on [depth_camera/points]
(2023-10-28T09:45:15.811222313) (2023-10-28T09:45:15.811241234) [Dbg] [SignalHandler.cc:142] Received signal[2].
(2023-10-28T09:45:15.811272314) (2023-10-28T09:45:15.811278835) [Dbg] [ServerPrivate.cc:115] Server received signal[2]
(2023-10-28T09:45:15.811298121) (2023-10-28T09:45:15.811303850) [Dbg] [Sensors.cc:433] SensorsPrivate::Stop
(2023-10-28T09:45:15.847559185) (2023-10-28T09:45:15.847571978) [Dbg] [Sensors.cc:419] SensorsPrivate::RenderThread stopped
(2023-10-28T09:45:15.852689083) (2023-10-28T09:45:15.852701124) [Dbg] [gz.cc:417] Shutting down gz-sim-server
((((2023-10-28T09:45:15.856154623) ((((2023-10-28T09:45:15.8561327922023-10-28T09:45:15.856132792) (2023-10-28T09:45:15.8561770722023-10-28T09:45:15.856194900) 2023-10-28T09:45:15.856126150) ([Dbg] [SimulationRunner.cc:530] Exiting postupdate worker thread (2023-10-28T09:45:15.856218398) (12023-10-28T09:45:15.856255181) ) ) ) )
[Dbg] [SimulationRunner.cc:530] (Exiting postupdate worker thread (42023-10-28T09:45:15.856319572) (2023-10-28T09:45:15.856351659) (2023-10-28T09:45:15.856379642) [Dbg] [SimulationRunner.cc:530] Exiting postupdate worker thread ([Dbg] [SimulationRunner.cc:530] Exiting postupdate worker thread (55[Dbg] [SimulationRunner.cc:530] 0[Dbg] [SimulationRunner.cc:530] ))Exiting postupdate worker thread (3)

Exiting postupdate worker thread (2)
)
(2023-10-28T09:45:15.885274471) (2023-10-28T09:45:15.885291201) [Dbg] [Sensors.cc:433] SensorsPrivate::Stop
