(2023-10-20T01:49:14.24377575) (2023-10-20T01:49:14.24396306) [Msg] Gazebo Sim Server v7.6.0
(2023-10-20T01:49:14.30212239) (2023-10-20T01:49:14.30227791) [Msg] Loading SDF world file[/home/bassam/PX4-Autopilot/Tools/simulation/gz/worlds/default.sdf].
(2023-10-20T01:49:14.209684813) (2023-10-20T01:49:14.209703828) [Msg] Serving entity system service on [/entity/system/add]
(2023-10-20T01:49:14.441040466) (2023-10-20T01:49:14.441064654) [Dbg] [Physics.cc:880] Loaded [gz::physics::dartsim::Plugin] from library [/usr/lib/x86_64-linux-gnu/gz-physics-6/engine-plugins/libgz-physics-dartsim-plugin.so]
(2023-10-20T01:49:14.441183755) (2023-10-20T01:49:14.441199059) [Dbg] [SystemManager.cc:74] Loaded system [gz::sim::systems::Physics] for entity [1]
(2023-10-20T01:49:14.452231242) (2023-10-20T01:49:14.452256771) [Msg] Create service on [/world/default/create]
(2023-10-20T01:49:14.552729260) (2023-10-20T01:49:14.552755509) [Msg] Remove service on [/world/default/remove]
(2023-10-20T01:49:14.552988006) (2023-10-20T01:49:14.553007046) [Msg] Pose service on [/world/default/set_pose]
(2023-10-20T01:49:14.553230835) (2023-10-20T01:49:14.553249335) [Msg] Pose service on [/world/default/set_pose_vector]
(2023-10-20T01:49:14.553626216) (2023-10-20T01:49:14.553645902) [Msg] Light configuration service on [/world/default/light_config]
(2023-10-20T01:49:14.554071844) (2023-10-20T01:49:14.554090670) [Msg] Physics service on [/world/default/set_physics]
(2023-10-20T01:49:14.554363824) (2023-10-20T01:49:14.554376291) [Msg] SphericalCoordinates service on [/world/default/set_spherical_coordinates]
(2023-10-20T01:49:14.554473597) (2023-10-20T01:49:14.554484937) [Msg] Enable collision service on [/world/default/enable_collision]
(2023-10-20T01:49:14.554572770) (2023-10-20T01:49:14.554583203) [Msg] Disable collision service on [/world/default/disable_collision]
(2023-10-20T01:49:14.554810523) (2023-10-20T01:49:14.554822463) [Msg] Material service on [/world/default/visual_config]
(2023-10-20T01:49:14.554978920) (2023-10-20T01:49:14.554990361) [Msg] Material service on [/world/default/wheel_slip]
(2023-10-20T01:49:14.555042702) (2023-10-20T01:49:14.555057818) [Dbg] [SystemManager.cc:74] Loaded system [gz::sim::systems::UserCommands] for entity [1]
(2023-10-20T01:49:14.557141016) (2023-10-20T01:49:14.557156638) [Dbg] [SystemManager.cc:74] Loaded system [gz::sim::systems::SceneBroadcaster] for entity [1]
(2023-10-20T01:49:14.558533517) (2023-10-20T01:49:14.558547143) [Dbg] [SystemManager.cc:74] Loaded system [gz::sim::systems::Contact] for entity [1]
(2023-10-20T01:49:14.560500764) (2023-10-20T01:49:14.560515035) [Dbg] [SystemManager.cc:74] Loaded system [gz::sim::systems::Imu] for entity [1]
(2023-10-20T01:49:14.562239943) (2023-10-20T01:49:14.562255175) [Dbg] [SystemManager.cc:74] Loaded system [gz::sim::systems::AirPressure] for entity [1]
(2023-10-20T01:49:14.563779528) (2023-10-20T01:49:14.563796346) [Msg] Listening to instantaneous wrench commands in [/world/default/wrench]
(2023-10-20T01:49:14.563917870) (2023-10-20T01:49:14.563928941) [Msg] Listening to persistent wrench commands in [/world/default/wrench/persistent]
(2023-10-20T01:49:14.564011010) (2023-10-20T01:49:14.564021325) [Msg] Listening to wrench clear commands in [/world/default/wrench/clear]
(2023-10-20T01:49:14.564056647) (2023-10-20T01:49:14.564064959) [Dbg] [SystemManager.cc:74] Loaded system [gz::sim::systems::ApplyLinkWrench] for entity [1]
(2023-10-20T01:49:14.572842057) (2023-10-20T01:49:14.572859972) [Dbg] [Sensors.cc:506] Configuring Sensors system
(2023-10-20T01:49:14.572977681) (2023-10-20T01:49:14.572988036) [Dbg] [Sensors.cc:425] SensorsPrivate::Run
(2023-10-20T01:49:14.573097231) (2023-10-20T01:49:14.573107691) [Dbg] [SystemManager.cc:74] Loaded system [gz::sim::systems::Sensors] for entity [1]
(2023-10-20T01:49:14.573207212) (2023-10-20T01:49:14.573227039) [Dbg] [Sensors.cc:402] SensorsPrivate::RenderThread started
(2023-10-20T01:49:14.573254341) (2023-10-20T01:49:14.573262617) [Dbg] [Sensors.cc:245] Waiting for init
(2023-10-20T01:49:14.576812067) (2023-10-20T01:49:14.576828484) [Wrn] [SystemLoader.cc:79] Trying to load deprecated plugin [ignition-gazebo-ackermann-steering-system]. Using [gz-sim-ackermann-steering-system] instead.
(2023-10-20T01:49:14.578683469) (2023-10-20T01:49:14.578699161) [Msg] AckermannSteering subscribing to twist messages on [/cmd_vel]
(2023-10-20T01:49:14.578996777) (2023-10-20T01:49:14.579009222) [Dbg] [SystemManager.cc:74] Loaded system [ignition::gazebo::systems::AckermannSteering] for entity [8]
(2023-10-20T01:49:14.579199457) (2023-10-20T01:49:14.579210424) [Msg] Loaded level [3]
(2023-10-20T01:49:14.581400728) (2023-10-20T01:49:14.581415388) [Msg] Serving world controls on [/world/default/control], [/world/default/control/state] and [/world/default/playback/control]
(2023-10-20T01:49:14.581742300) (2023-10-20T01:49:14.581754962) [Msg] Serving GUI information on [/world/default/gui/info]
(2023-10-20T01:49:14.581786862) (2023-10-20T01:49:14.581795087) [Msg] World [default] initialized with [default_physics] physics profile.
(2023-10-20T01:49:14.581995304) (2023-10-20T01:49:14.582006599) [Msg] Serving world SDF generation service on [/world/default/generate_world_sdf]
(2023-10-20T01:49:14.582152221) (2023-10-20T01:49:14.582163104) [Msg] Serving world names on [/gazebo/worlds]
(2023-10-20T01:49:14.582253205) (2023-10-20T01:49:14.582263865) [Msg] Resource path add service on [/gazebo/resource_paths/add].
(2023-10-20T01:49:14.582352242) (2023-10-20T01:49:14.582362480) [Msg] Resource path get service on [/gazebo/resource_paths/get].
(2023-10-20T01:49:14.582449073) (2023-10-20T01:49:14.582458975) [Msg] Resource path resolve service on [/gazebo/resource_paths/resolve].
(2023-10-20T01:49:14.582547834) (2023-10-20T01:49:14.582557898) [Msg] Resource paths published on [/gazebo/resource_paths].
(2023-10-20T01:49:14.582706613) (2023-10-20T01:49:14.582723392) [Msg] Server control service on [/server_control].
(2023-10-20T01:49:16.28375506) (2023-10-20T01:49:16.28393697) [Msg] Found no publishers on /stats, adding root stats topic
(2023-10-20T01:49:16.28689819) (2023-10-20T01:49:16.28708830) [Msg] Found no publishers on /clock, adding root clock topic
(2023-10-20T01:49:16.29037856) (2023-10-20T01:49:16.29055304) [Dbg] [SimulationRunner.cc:503] Creating PostUpdate worker threads: 7
(2023-10-20T01:49:16.29103286) (2023-10-20T01:49:16.29113017) [Dbg] [SimulationRunner.cc:514] Creating postupdate worker thread (0)
(2023-10-20T01:49:16.29257171) (2023-10-20T01:49:16.29268912) [Dbg] [SimulationRunner.cc:514] Creating postupdate worker thread (1)
(2023-10-20T01:49:16.29410235) (2023-10-20T01:49:16.29421514) [Dbg] [SimulationRunner.cc:514] Creating postupdate worker thread (2)
(2023-10-20T01:49:16.29517595) (2023-10-20T01:49:16.29534285) [Dbg] [SimulationRunner.cc:514] Creating postupdate worker thread (3)
(2023-10-20T01:49:16.29663378) (2023-10-20T01:49:16.29681474) [Dbg] [SimulationRunner.cc:514] Creating postupdate worker thread (4)
(2023-10-20T01:49:16.29796450) (2023-10-20T01:49:16.29813997) [Dbg] [SimulationRunner.cc:514] Creating postupdate worker thread (5)
(2023-10-20T01:49:16.335813203) (2023-10-20T01:49:16.335832240) [Wrn] [MulticopterMotorModel.cc:257] No robotNamespace set using entity name.
(2023-10-20T01:49:16.335876460) (2023-10-20T01:49:16.335886008) [Wrn] [MulticopterMotorModel.cc:295] <motorNumber> is depricated, please use <actuator_number>.
(2023-10-20T01:49:16.335952990) (2023-10-20T01:49:16.335962978) [Dbg] [MulticopterMotorModel.cc:386] Listening to topic: x500_depth_0/command/motor_speed
(2023-10-20T01:49:16.336331590) (2023-10-20T01:49:16.336344664) [Dbg] [SystemManager.cc:74] Loaded system [gz::sim::systems::MulticopterMotorModel] for entity [57]
(2023-10-20T01:49:16.336753242) (2023-10-20T01:49:16.336769813) [Wrn] [MulticopterMotorModel.cc:257] No robotNamespace set using entity name.
(2023-10-20T01:49:16.336795812) (2023-10-20T01:49:16.336804329) [Wrn] [MulticopterMotorModel.cc:295] <motorNumber> is depricated, please use <actuator_number>.
(2023-10-20T01:49:16.336863719) (2023-10-20T01:49:16.336878091) [Dbg] [MulticopterMotorModel.cc:386] Listening to topic: x500_depth_0/command/motor_speed
(2023-10-20T01:49:16.337096015) (2023-10-20T01:49:16.337115256) [Dbg] [SystemManager.cc:74] Loaded system [gz::sim::systems::MulticopterMotorModel] for entity [57]
(2023-10-20T01:49:16.337476020) (2023-10-20T01:49:16.337488223) [Wrn] [MulticopterMotorModel.cc:257] No robotNamespace set using entity name.
(2023-10-20T01:49:16.337512793) (2023-10-20T01:49:16.337520993) [Wrn] [MulticopterMotorModel.cc:295] <motorNumber> is depricated, please use <actuator_number>.
(2023-10-20T01:49:16.337577379) (2023-10-20T01:49:16.337586440) [Dbg] [MulticopterMotorModel.cc:386] Listening to topic: x500_depth_0/command/motor_speed
(2023-10-20T01:49:16.337847939) (2023-10-20T01:49:16.337860391) [Dbg] [SystemManager.cc:74] Loaded system [gz::sim::systems::MulticopterMotorModel] for entity [57]
(2023-10-20T01:49:16.338238511) (2023-10-20T01:49:16.338250299) [Wrn] [MulticopterMotorModel.cc:257] No robotNamespace set using entity name.
(2023-10-20T01:49:16.338335749) (2023-10-20T01:49:16.338347495) [Wrn] [MulticopterMotorModel.cc:295] <motorNumber> is depricated, please use <actuator_number>.
(2023-10-20T01:49:16.338409863) (2023-10-20T01:49:16.338419039) [Dbg] [MulticopterMotorModel.cc:386] Listening to topic: x500_depth_0/command/motor_speed
(2023-10-20T01:49:16.338698630) (2023-10-20T01:49:16.338711433) [Dbg] [SystemManager.cc:74] Loaded system [gz::sim::systems::MulticopterMotorModel] for entity [57]
(2023-10-20T01:49:16.339113504) (2023-10-20T01:49:16.339124502) [Dbg] [UserCommands.cc:1263] Created entity [57] named [x500_depth_0]
(2023-10-20T01:49:16.361879961) (2023-10-20T01:49:16.361898834) [Dbg] [SimulationFeatures.cc:72] Simulation timestep set to: 0.004
(2023-10-20T01:49:16.363753850) (2023-10-20T01:49:16.363777498) [Dbg] [Sensors.cc:659] Initialization needed
(2023-10-20T01:49:16.363836515) (2023-10-20T01:49:16.363858347) [Dbg] [Sensors.cc:257] Initializing render context
(2023-10-20T01:49:16.364032387) (2023-10-20T01:49:16.364050567) [Msg] Loading plugin [gz-rendering-ogre2]
(2023-10-20T01:49:16.364564689) (2023-10-20T01:49:16.364585995) [Dbg] [ImuSensor.cc:149] IMU data for [x500_depth_0::base_link::imu_sensor] advertised on [world/default/model/x500_depth_0/link/base_link/sensor/imu_sensor/imu]
(2023-10-20T01:49:16.364681139) (2023-10-20T01:49:16.364700129) [Dbg] [AirPressureSensor.cc:126] Air pressure for [x500_depth_0::base_link::air_pressure_sensor] advertised on [world/default/model/x500_depth_0/link/base_link/sensor/air_pressure_sensor/air_pressure]
(2023-10-20T01:49:16.365999639) (2023-10-20T01:49:16.366015121) [Msg] Serving scene information on [/world/default/scene/info]
(2023-10-20T01:49:16.366133510) (2023-10-20T01:49:16.366144922) [Msg] Serving graph information on [/world/default/scene/graph]
(2023-10-20T01:49:16.366450659) (2023-10-20T01:49:16.366469275) [Msg] Serving full state on [/world/default/state]
(2023-10-20T01:49:16.366603121) (2023-10-20T01:49:16.366621388) [Msg] Serving full state (async) on [/world/default/state_async]
(2023-10-20T01:49:16.366826256) (2023-10-20T01:49:16.366844514) [Msg] Publishing scene information on [/world/default/scene/info]
(2023-10-20T01:49:16.367075119) (2023-10-20T01:49:16.367093269) [Msg] Publishing entity deletions on [/world/default/scene/deletion]
(2023-10-20T01:49:16.367248618) (2023-10-20T01:49:16.367261288) [Msg] Publishing state changes on [/world/default/state]
(2023-10-20T01:49:16.367428394) (2023-10-20T01:49:16.367444208) [Msg] Publishing pose messages on [/world/default/pose/info]
(2023-10-20T01:49:16.367588605) (2023-10-20T01:49:16.367600853) [Msg] Publishing dynamic pose messages on [/world/default/dynamic_pose/info]
(2023-10-20T01:49:16.369318210) (2023-10-20T01:49:16.369344946) [Dbg] [EntityComponentManager.cc:1655] Updated state thread iterators: 8 threads processing around 13 entities each.
(2023-10-20T01:49:16.392496865) (2023-10-20T01:49:16.392524272) [Wrn] [Component.hh:144] Trying to serialize component with data type [N3sdf3v135WorldE], which doesn't have `operator<<`. Component will not be serialized.
(2023-10-20T01:49:16.392764445) (2023-10-20T01:49:16.392789893) [Wrn] [Model.hh:69] Skipping serialization / deserialization for models with //pose/@relative_to attribute.
((((2023-10-20T01:49:16.3971253622023-10-20T01:49:16.397170905(2023-10-20T01:49:16.3971346582023-10-20T01:49:16.397231053) ) ) ) (() (2023-10-20T01:49:16.397320477(2023-10-20T01:49:16.397324543(2023-10-20T01:49:16.397324543(2023-10-20T01:49:16.397324543(2023-10-20T01:49:16.397271927(2023-10-20T01:49:16.397324543(2023-10-20T01:49:16.397271927) () ) 2023-10-20T01:49:16.397406813) [Dbg] [SimulationRunner.cc:530] [Dbg] [SimulationRunner.cc:530] 2023-10-20T01:49:16.397371640Exiting postupdate worker thread (2) )
) (([Dbg] [SimulationRunner.cc:530] Exiting postupdate worker thread (Exiting postupdate worker thread ([Dbg] [SimulationRunner.cc:530] 2023-10-20T01:49:16.397574139) 2023-10-20T01:49:16.397548204) Exiting postupdate worker thread (Exiting postupdate worker thread ([Dbg] [SimulationRunner.cc:530] Exiting postupdate worker thread (0)
Exiting postupdate worker thread (05)

Exiting postupdate worker thread (3)
4)
[Dbg] [SimulationRunner.cc:530] Exiting postupdate worker thread (1)
(2023-10-20T01:49:16.398151048) (2023-10-20T01:49:16.398172207) [Dbg] [SimulationRunner.cc:503] Creating PostUpdate worker threads: 7
(2023-10-20T01:49:16.398214127) (2023-10-20T01:49:16.398225869) [Dbg] [SimulationRunner.cc:514] Creating postupdate worker thread (0)
(2023-10-20T01:49:16.398324562) (2023-10-20T01:49:16.398340985) [Dbg] [SimulationRunner.cc:514] Creating postupdate worker thread (1)
(2023-10-20T01:49:16.398429848) (2023-10-20T01:49:16.398446178) [Dbg] [SimulationRunner.cc:514] Creating postupdate worker thread (2)
(2023-10-20T01:49:16.398569740) (2023-10-20T01:49:16.398589707) [Dbg] [SimulationRunner.cc:514] Creating postupdate worker thread (3)
(2023-10-20T01:49:16.398725947) (2023-10-20T01:49:16.398744721) [Dbg] [SimulationRunner.cc:514] Creating postupdate worker thread (4)
(2023-10-20T01:49:16.398893113) (2023-10-20T01:49:16.398911735) [Dbg] [SimulationRunner.cc:514] Creating postupdate worker thread (5)
(2023-10-20T01:49:16.659412604) (2023-10-20T01:49:16.659425015) [Dbg] [RenderUtil.cc:2720] Create scene [scene]
((2023-10-20T01:49:16.710612953) 2023-10-20T01:49:16.710632501() (2023-10-20T01:49:16.710664114) 2023-10-20T01:49:16.710679006[Dbg] [Sensors.cc:277] ) [Dbg] [Sensors.cc:277] ) Rendering Thread initialized
[Dbg] [Sensors.cc:659] Initialization needed
(2023-10-20T01:49:16.716345989) (2023-10-20T01:49:16.716360983) [Wrn] [FuelClient.cc:1952] The fuel.ignitionrobotics.org URL is deprecrated. Pleasse change https://fuel.ignitionrobotics.org/1.0/openrobotics/models/prius hybrid/2/files/meshes/Hybrid.obj to https://fuel.gazebosim.org/1.0/openrobotics/models/prius hybrid/2/files/meshes/Hybrid.obj
(2023-10-20T01:49:16.716477447) (2023-10-20T01:49:16.716487425) [Wrn] [FuelClient.cc:1952] The fuel.ignitionrobotics.org URL is deprecrated. Pleasse change https://fuel.ignitionrobotics.org/1.0/openrobotics/models/prius hybrid/2/files/meshes/Hybrid.obj to https://fuel.gazebosim.org/1.0/openrobotics/models/prius hybrid/2/files/meshes/Hybrid.obj
(2023-10-20T01:49:16.720955330) (2023-10-20T01:49:16.720969675) [Wrn] [OBJLoader.cc:91] Both `d` and `Tr` parameters defined for "Hybrid". Use the value of `d` for dissolve (line 8 in .mtl.)
Both `d` and `Tr` parameters defined for "Wheels3". Use the value of `d` for dissolve (line 22 in .mtl.)
Both `d` and `Tr` parameters defined for "Hybrid_Interior". Use the value of `d` for dissolve (line 36 in .mtl.)
Both `d` and `Tr` parameters defined for "Windows". Use the value of `d` for dissolve (line 50 in .mtl.)

(2023-10-20T01:49:19.612615031) (2023-10-20T01:49:19.612646139) [Dbg] [CameraSensor.cc:458] Camera images for [prius_hybrid::chassis::back_camera_sensor] advertised on [back_camera]
(2023-10-20T01:49:19.612971934) (2023-10-20T01:49:19.612991504) [Dbg] [CameraSensor.cc:786] Camera info for [prius_hybrid::chassis::back_camera_sensor] advertised on [/camera_info]
(2023-10-20T01:49:19.613266903) (2023-10-20T01:49:19.613284559) [Wrn] [Ogre2Camera.cc:412] Ogre2Camera::SetVisibilityMask: Mask bits c0000000 are set but will be ignored as they conflict with the reserved bits used internally by the ogre2 backend.
(2023-10-20T01:49:19.613959145) (2023-10-20T01:49:19.613979718) [Dbg] [CameraSensor.cc:458] Camera images for [prius_hybrid::chassis::front_camera_sensor] advertised on [front_camera]
(2023-10-20T01:49:19.614119728) (2023-10-20T01:49:19.614137548) [Dbg] [CameraSensor.cc:786] Camera info for [prius_hybrid::chassis::front_camera_sensor] advertised on [/camera_info]
(2023-10-20T01:49:19.614245029) (2023-10-20T01:49:19.614262067) [Wrn] [Ogre2Camera.cc:412] Ogre2Camera::SetVisibilityMask: Mask bits c0000000 are set but will be ignored as they conflict with the reserved bits used internally by the ogre2 backend.
(2023-10-20T01:49:19.614646611) (2023-10-20T01:49:19.614665687) [Dbg] [CameraSensor.cc:458] Camera images for [prius_hybrid::chassis::left_camera_sensor] advertised on [left_camera]
(2023-10-20T01:49:19.614803923) (2023-10-20T01:49:19.614821199) [Dbg] [CameraSensor.cc:786] Camera info for [prius_hybrid::chassis::left_camera_sensor] advertised on [/camera_info]
(2023-10-20T01:49:19.614917422) (2023-10-20T01:49:19.614934655) [Wrn] [Ogre2Camera.cc:412] Ogre2Camera::SetVisibilityMask: Mask bits c0000000 are set but will be ignored as they conflict with the reserved bits used internally by the ogre2 backend.
(2023-10-20T01:49:19.615275636) (2023-10-20T01:49:19.615295570) [Dbg] [CameraSensor.cc:458] Camera images for [prius_hybrid::chassis::right_camera_sensor] advertised on [right_camera]
(2023-10-20T01:49:19.615430867) (2023-10-20T01:49:19.615448705) [Dbg] [CameraSensor.cc:786] Camera info for [prius_hybrid::chassis::right_camera_sensor] advertised on [/camera_info]
(2023-10-20T01:49:19.615554623) (2023-10-20T01:49:19.615571614) [Wrn] [Ogre2Camera.cc:412] Ogre2Camera::SetVisibilityMask: Mask bits c0000000 are set but will be ignored as they conflict with the reserved bits used internally by the ogre2 backend.
(2023-10-20T01:49:19.615914835) (2023-10-20T01:49:19.615933811) [Dbg] [CameraSensor.cc:458] Camera images for [x500_depth_0::OakD-Lite/base_link::IMX214] advertised on [camera]
(2023-10-20T01:49:19.616082894) (2023-10-20T01:49:19.616100134) [Dbg] [CameraSensor.cc:786] Camera info for [x500_depth_0::OakD-Lite/base_link::IMX214] advertised on [/camera_info]
(2023-10-20T01:49:19.616201279) (2023-10-20T01:49:19.616217537) [Wrn] [Ogre2Camera.cc:412] Ogre2Camera::SetVisibilityMask: Mask bits c0000000 are set but will be ignored as they conflict with the reserved bits used internally by the ogre2 backend.
(2023-10-20T01:49:19.616753845) (2023-10-20T01:49:19.616773473) [Dbg] [DepthCameraSensor.cc:282] Depth images for [x500_depth_0::OakD-Lite/base_link::StereoOV7251] advertised on [depth_camera]
(2023-10-20T01:49:19.616941218) (2023-10-20T01:49:19.616959584) [Dbg] [CameraSensor.cc:786] Camera info for [x500_depth_0::OakD-Lite/base_link::StereoOV7251] advertised on [/camera_info]
(2023-10-20T01:49:19.617252278) (2023-10-20T01:49:19.617270428) [Dbg] [DepthCameraSensor.cc:299] Points for [x500_depth_0::OakD-Lite/base_link::StereoOV7251] advertised on [depth_camera/points]
(2023-10-20T01:53:36.404040947) (2023-10-20T01:53:36.404080976) [Dbg] [SignalHandler.cc:142] Received signal[2].
(2023-10-20T01:53:36.404145485) (2023-10-20T01:53:36.404163043) [Dbg] [ServerPrivate.cc:115] Server received signal[2]
(2023-10-20T01:53:36.404216487) (2023-10-20T01:53:36.404232820) [Dbg] [Sensors.cc:433] SensorsPrivate::Stop
(2023-10-20T01:53:36.557337856) (2023-10-20T01:53:36.557358238) [Dbg] [Sensors.cc:419] SensorsPrivate::RenderThread stopped
(2023-10-20T01:53:36.559264334) (2023-10-20T01:53:36.559280618) [Dbg] [gz.cc:417] Shutting down gz-sim-server
(2023-10-20T01:53:36.563907143) (2023-10-20T01:53:36.563921433) ) (2023-10-20T01:53:36.563950485) (2023-10-20T01:53:36.563974733) (2023-10-20T01:53:36.564047230) (2023-10-20T01:53:36.564064184) (2023-10-20T01:53:36.564111251) (2023-10-20T01:53:36.564127734) (2023-10-20T01:53:36.564159913) (2023-10-20T01:53:36.564176686) ([Dbg] [SimulationRunner.cc:530] Exiting postupdate worker thread (1)
) (2023-10-20T01:53:36.5642519982023-10-20T01:53:36.564251998) [Dbg] [SimulationRunner.cc:530] Exiting postupdate worker thread (5)
[Dbg] [SimulationRunner.cc:530] Exiting postupdate worker thread (4)
[Dbg] [SimulationRunner.cc:530] Exiting postupdate worker thread (3)
[Dbg] [SimulationRunner.cc:530] Exiting postupdate worker thread (2)
[Dbg] [SimulationRunner.cc:530] Exiting postupdate worker thread (0)
(2023-10-20T01:53:36.605178340) (2023-10-20T01:53:36.605196981) [Dbg] [Sensors.cc:433] SensorsPrivate::Stop
