(2023-10-17T02:53:50.245194867) (2023-10-17T02:53:50.245223581) [Msg] Gazebo Sim Server v7.6.0
(2023-10-17T02:53:50.254460266) (2023-10-17T02:53:50.254487111) [Msg] Loading SDF world file[/home/bassam/ros2_ws/install/ardupilot_gz_gazebo/share/ardupilot_gz_gazebo/worlds/iris_runway.sdf].
(2023-10-17T02:53:51.194921003) (2023-10-17T02:53:51.194957652) [Msg] Serving entity system service on [/entity/system/add]
(2023-10-17T02:53:51.710159693) (2023-10-17T02:53:51.710188223) [Dbg] [Physics.cc:880] Loaded [gz::physics::dartsim::Plugin] from library [/usr/lib/x86_64-linux-gnu/gz-physics-6/engine-plugins/libgz-physics-dartsim-plugin.so]
(2023-10-17T02:53:51.710337019) (2023-10-17T02:53:51.710354527) [Dbg] [SystemManager.cc:74] Loaded system [gz::sim::systems::Physics] for entity [1]
(2023-10-17T02:53:51.742791069) (2023-10-17T02:53:51.742819339) [Dbg] [Sensors.cc:506] Configuring Sensors system
(2023-10-17T02:53:51.743042016) (2023-10-17T02:53:51.743060450) [Dbg] [Sensors.cc:425] SensorsPrivate::Run
(2023-10-17T02:53:51.743228361) (2023-10-17T02:53:51.743246127) [Dbg] [SystemManager.cc:74] Loaded system [gz::sim::systems::Sensors] for entity [1]
(2023-10-17T02:53:51.743994890) (2023-10-17T02:53:51.744017226) [Dbg] [Sensors.cc:402] SensorsPrivate::RenderThread started
(2023-10-17T02:53:51.744061789) (2023-10-17T02:53:51.744072567) [Dbg] [Sensors.cc:245] Waiting for init
(2023-10-17T02:53:51.747061685) (2023-10-17T02:53:51.747084337) [Msg] Create service on [/world/map/create]
(2023-10-17T02:53:51.747330217) (2023-10-17T02:53:51.747342886) [Msg] Remove service on [/world/map/remove]
(2023-10-17T02:53:51.747555258) (2023-10-17T02:53:51.747568294) [Msg] Pose service on [/world/map/set_pose]
(2023-10-17T02:53:51.747737796) (2023-10-17T02:53:51.747749220) [Msg] Pose service on [/world/map/set_pose_vector]
(2023-10-17T02:53:51.747993059) (2023-10-17T02:53:51.748005159) [Msg] Light configuration service on [/world/map/light_config]
(2023-10-17T02:53:51.749832280) (2023-10-17T02:53:51.749851960) [Msg] Physics service on [/world/map/set_physics]
(2023-10-17T02:53:51.750408894) (2023-10-17T02:53:51.750424770) [Msg] SphericalCoordinates service on [/world/map/set_spherical_coordinates]
(2023-10-17T02:53:51.750741836) (2023-10-17T02:53:51.750756561) [Msg] Enable collision service on [/world/map/enable_collision]
(2023-10-17T02:53:51.751067497) (2023-10-17T02:53:51.751082602) [Msg] Disable collision service on [/world/map/disable_collision]
(2023-10-17T02:53:51.751612842) (2023-10-17T02:53:51.751628268) [Msg] Material service on [/world/map/visual_config]
(2023-10-17T02:53:51.752273918) (2023-10-17T02:53:51.752294067) [Msg] Material service on [/world/map/wheel_slip]
(2023-10-17T02:53:51.752390830) (2023-10-17T02:53:51.752402714) [Dbg] [SystemManager.cc:74] Loaded system [gz::sim::systems::UserCommands] for entity [1]
(2023-10-17T02:53:51.756100712) (2023-10-17T02:53:51.756128539) [Dbg] [SystemManager.cc:74] Loaded system [gz::sim::systems::SceneBroadcaster] for entity [1]
(2023-10-17T02:53:51.759465900) (2023-10-17T02:53:51.759492146) [Dbg] [SystemManager.cc:74] Loaded system [gz::sim::systems::AirPressure] for entity [1]
(2023-10-17T02:53:51.765649756) (2023-10-17T02:53:51.765680071) [Dbg] [SystemManager.cc:74] Loaded system [gz::sim::systems::AirSpeed] for entity [1]
(2023-10-17T02:53:51.769681898) (2023-10-17T02:53:51.769709952) [Dbg] [SystemManager.cc:74] Loaded system [gz::sim::systems::Altimeter] for entity [1]
(2023-10-17T02:53:51.776076213) (2023-10-17T02:53:51.776107692) [Dbg] [SystemManager.cc:74] Loaded system [gz::sim::systems::Imu] for entity [1]
(2023-10-17T02:53:51.786482972) (2023-10-17T02:53:51.786511463) [Dbg] [SystemManager.cc:74] Loaded system [gz::sim::systems::Magnetometer] for entity [1]
(2023-10-17T02:53:51.795204912) (2023-10-17T02:53:51.795233332) [Dbg] [SystemManager.cc:74] Loaded system [gz::sim::systems::NavSat] for entity [1]
(2023-10-17T02:53:51.828854986) (2023-10-17T02:53:51.828879990) [Dbg] [SystemManager.cc:74] Loaded system [gz::sim::systems::JointStatePublisher] for entity [9]
(2023-10-17T02:53:51.934799202) (2023-10-17T02:53:51.934844863) [Msg] OdometryPublisher publishing odometry on [/model/iris/odometry]
(2023-10-17T02:53:51.935191294) (2023-10-17T02:53:51.935210049) [Msg] OdometryPublisher publishing odometry with covariance on [/model/iris/odometry_with_covariance]
(2023-10-17T02:53:51.935433326) (2023-10-17T02:53:51.935451280) [Msg] OdometryPublisher publishing Pose_V (TF) on [/model/iris/pose]
(2023-10-17T02:53:51.935525511) (2023-10-17T02:53:51.935539551) [Dbg] [SystemManager.cc:74] Loaded system [gz::sim::systems::OdometryPublisher] for entity [9]
(2023-10-17T02:53:51.941511811) (2023-10-17T02:53:51.941536265) [Dbg] [SystemManager.cc:74] Loaded system [gz::sim::systems::LiftDrag] for entity [9]
(2023-10-17T02:53:51.942468365) (2023-10-17T02:53:51.942490303) [Dbg] [SystemManager.cc:74] Loaded system [gz::sim::systems::LiftDrag] for entity [9]
(2023-10-17T02:53:51.943269256) (2023-10-17T02:53:51.943290838) [Dbg] [SystemManager.cc:74] Loaded system [gz::sim::systems::LiftDrag] for entity [9]
(2023-10-17T02:53:51.944073133) (2023-10-17T02:53:51.944094288) [Dbg] [SystemManager.cc:74] Loaded system [gz::sim::systems::LiftDrag] for entity [9]
(2023-10-17T02:53:51.944959299) (2023-10-17T02:53:51.944981061) [Dbg] [SystemManager.cc:74] Loaded system [gz::sim::systems::LiftDrag] for entity [9]
(2023-10-17T02:53:51.945974574) (2023-10-17T02:53:51.945997136) [Dbg] [SystemManager.cc:74] Loaded system [gz::sim::systems::LiftDrag] for entity [9]
(2023-10-17T02:53:51.946753715) (2023-10-17T02:53:51.946773486) [Dbg] [SystemManager.cc:74] Loaded system [gz::sim::systems::LiftDrag] for entity [9]
(2023-10-17T02:53:51.947524416) (2023-10-17T02:53:51.947547388) [Dbg] [SystemManager.cc:74] Loaded system [gz::sim::systems::LiftDrag] for entity [9]
(2023-10-17T02:53:51.951688203) (2023-10-17T02:53:51.951712852) [Msg] ApplyJointForce subscribing to Double messages on [/model/iris/joint/rotor_0_joint/cmd_force]
(2023-10-17T02:53:51.951818340) (2023-10-17T02:53:51.951832743) [Dbg] [SystemManager.cc:74] Loaded system [gz::sim::systems::ApplyJointForce] for entity [9]
(2023-10-17T02:53:51.953259184) (2023-10-17T02:53:51.953283887) [Msg] ApplyJointForce subscribing to Double messages on [/model/iris/joint/rotor_1_joint/cmd_force]
(2023-10-17T02:53:51.953364707) (2023-10-17T02:53:51.953379516) [Dbg] [SystemManager.cc:74] Loaded system [gz::sim::systems::ApplyJointForce] for entity [9]
(2023-10-17T02:53:51.955508570) (2023-10-17T02:53:51.955533057) [Msg] ApplyJointForce subscribing to Double messages on [/model/iris/joint/rotor_2_joint/cmd_force]
(2023-10-17T02:53:51.955625116) (2023-10-17T02:53:51.955640743) [Dbg] [SystemManager.cc:74] Loaded system [gz::sim::systems::ApplyJointForce] for entity [9]
(2023-10-17T02:53:51.957376130) (2023-10-17T02:53:51.957405373) [Msg] ApplyJointForce subscribing to Double messages on [/model/iris/joint/rotor_3_joint/cmd_force]
(2023-10-17T02:53:51.957501731) (2023-10-17T02:53:51.957515939) [Dbg] [SystemManager.cc:74] Loaded system [gz::sim::systems::ApplyJointForce] for entity [9]
(2023-10-17T02:53:51.963581083) (2023-10-17T02:53:51.963615762) [Msg] JointPositionController subscribing to Double messages on [/gimbal/cmd_roll]
(2023-10-17T02:53:51.963718680) (2023-10-17T02:53:51.963734976) [Dbg] [JointPositionController.cc:302] [JointPositionController] system parameters:
(2023-10-17T02:53:51.963778290) (2023-10-17T02:53:51.963791664) [Dbg] [JointPositionController.cc:303] p_gain: [2]
(2023-10-17T02:53:51.963893705) (2023-10-17T02:53:51.963917926) [Dbg] [JointPositionController.cc:304] i_gain: [0.1]
(2023-10-17T02:53:51.963970258) (2023-10-17T02:53:51.963982921) [Dbg] [JointPositionController.cc:305] d_gain: [0.01]
(2023-10-17T02:53:51.964109202) (2023-10-17T02:53:51.964125268) [Dbg] [JointPositionController.cc:306] i_max: [1]
(2023-10-17T02:53:51.964184875) (2023-10-17T02:53:51.964223242) [Dbg] [JointPositionController.cc:307] i_min: [-1]
(2023-10-17T02:53:51.964277098) (2023-10-17T02:53:51.964290839) [Dbg] [JointPositionController.cc:308] cmd_max: [1000]
(2023-10-17T02:53:51.964347520) (2023-10-17T02:53:51.964361636) [Dbg] [JointPositionController.cc:309] cmd_min: [-1000]
(2023-10-17T02:53:51.964445598) (2023-10-17T02:53:51.964460055) [Dbg] [JointPositionController.cc:310] cmd_offset: [0]
(2023-10-17T02:53:51.964535786) (2023-10-17T02:53:51.964551387) [Dbg] [JointPositionController.cc:311] Topic: [/gimbal/cmd_roll]
(2023-10-17T02:53:51.964605399) (2023-10-17T02:53:51.964619067) [Dbg] [JointPositionController.cc:312] initial_position: [0]
(2023-10-17T02:53:51.964703689) (2023-10-17T02:53:51.964717709) [Dbg] [SystemManager.cc:74] Loaded system [gz::sim::systems::JointPositionController] for entity [9]
(2023-10-17T02:53:51.968126474) (2023-10-17T02:53:51.968151360) [Msg] JointPositionController subscribing to Double messages on [/gimbal/cmd_tilt]
(2023-10-17T02:53:51.968272787) (2023-10-17T02:53:51.968356259) [Dbg] [JointPositionController.cc:302] [JointPositionController] system parameters:
(2023-10-17T02:53:51.968424317) (2023-10-17T02:53:51.968441098) [Dbg] [JointPositionController.cc:303] p_gain: [2]
(2023-10-17T02:53:51.968507125) (2023-10-17T02:53:51.968521836) [Dbg] [JointPositionController.cc:304] i_gain: [0.1]
(2023-10-17T02:53:51.968582324) (2023-10-17T02:53:51.968597829) [Dbg] [JointPositionController.cc:305] d_gain: [0.01]
(2023-10-17T02:53:51.968658816) (2023-10-17T02:53:51.968673707) [Dbg] [JointPositionController.cc:306] i_max: [1]
(2023-10-17T02:53:51.968728184) (2023-10-17T02:53:51.968742309) [Dbg] [JointPositionController.cc:307] i_min: [-1]
(2023-10-17T02:53:51.968800148) (2023-10-17T02:53:51.968913718) [Dbg] [JointPositionController.cc:308] cmd_max: [1000]
(2023-10-17T02:53:51.968978265) (2023-10-17T02:53:51.968991983) [Dbg] [JointPositionController.cc:309] cmd_min: [-1000]
(2023-10-17T02:53:51.969043900) (2023-10-17T02:53:51.969058103) [Dbg] [JointPositionController.cc:310] cmd_offset: [0]
(2023-10-17T02:53:51.969113087) (2023-10-17T02:53:51.969127176) [Dbg] [JointPositionController.cc:311] Topic: [/gimbal/cmd_tilt]
(2023-10-17T02:53:51.969175712) (2023-10-17T02:53:51.969187713) [Dbg] [JointPositionController.cc:312] initial_position: [0]
(2023-10-17T02:53:51.969254163) (2023-10-17T02:53:51.969266939) [Dbg] [SystemManager.cc:74] Loaded system [gz::sim::systems::JointPositionController] for entity [9]
(2023-10-17T02:53:51.973879187) (2023-10-17T02:53:51.973904269) [Msg] LinearBatteryPlugin configured. Battery name: lipo_3500mAh
(2023-10-17T02:53:51.973971863) (2023-10-17T02:53:51.973984969) [Dbg] [LinearBatteryPlugin.cc:405] Battery initial voltage: 12.6
(2023-10-17T02:53:51.975059816) (2023-10-17T02:53:51.975082817) [Dbg] [SystemManager.cc:74] Loaded system [gz::sim::systems::LinearBatteryPlugin] for entity [9]
(2023-10-17T02:53:52.5403399) (2023-10-17T02:53:52.5440985) [Msg] [iris] Advertising on /gimbal/cmd_roll.
(2023-10-17T02:53:52.8111041) (2023-10-17T02:53:52.8137421) [Msg] [iris] Advertising on /gimbal/cmd_tilt.
(2023-10-17T02:53:52.10235165) [iris] flight dynamics model @ 127.0.0.1:9002
(2023-10-17T02:53:52.10735933) [iris] ArduPilot ready to fly. The force will be with you
(2023-10-17T02:53:52.10865361) (2023-10-17T02:53:52.10881496) [Dbg] [SystemManager.cc:74] Loaded system [ArduPilotPlugin] for entity [9]
(2023-10-17T02:53:52.14351057) (2023-10-17T02:53:52.14379346) [Msg] Loaded level [3]
(2023-10-17T02:53:52.29858428) (2023-10-17T02:53:52.29889510) [Msg] Serving world controls on [/world/map/control], [/world/map/control/state] and [/world/map/playback/control]
(2023-10-17T02:53:52.30555395) (2023-10-17T02:53:52.30575143) [Msg] Serving GUI information on [/world/map/gui/info]
(2023-10-17T02:53:52.30649997) (2023-10-17T02:53:52.30665065) [Msg] World [map] initialized with [1ms] physics profile.
(2023-10-17T02:53:52.31218553) (2023-10-17T02:53:52.31238388) [Msg] Serving world SDF generation service on [/world/map/generate_world_sdf]
(2023-10-17T02:53:52.31699813) (2023-10-17T02:53:52.31718922) [Msg] Serving world names on [/gazebo/worlds]
(2023-10-17T02:53:52.32083753) (2023-10-17T02:53:52.32102720) [Msg] Resource path add service on [/gazebo/resource_paths/add].
(2023-10-17T02:53:52.32498853) (2023-10-17T02:53:52.32518521) [Msg] Resource path get service on [/gazebo/resource_paths/get].
(2023-10-17T02:53:52.33035682) (2023-10-17T02:53:52.33055817) [Msg] Resource path resolve service on [/gazebo/resource_paths/resolve].
(2023-10-17T02:53:52.33707636) (2023-10-17T02:53:52.33727847) [Msg] Resource paths published on [/gazebo/resource_paths].
(2023-10-17T02:53:52.35305396) (2023-10-17T02:53:52.35333896) [Msg] Server control service on [/server_control].
(2023-10-17T02:53:52.251386866) (2023-10-17T02:53:52.251415433) [Wrn] [SimulationRunner.cc:676] Found additional publishers on /stats, using namespaced stats topic only
(2023-10-17T02:53:52.251503843) (2023-10-17T02:53:52.251520304) [Dbg] [SimulationRunner.cc:678] Publishers [Address, Message Type]:
(2023-10-17T02:53:52.251556702) (2023-10-17T02:53:52.251571745) [Dbg] [SimulationRunner.cc:683]   tcp://172.28.247.52:39863, gz.msgs.WorldStatistics
(2023-10-17T02:53:52.251949319) (2023-10-17T02:53:52.251969190) [Wrn] [SimulationRunner.cc:709] Found additional publishers on /clock, using namespaced clock topic only
(2023-10-17T02:53:52.252036083) (2023-10-17T02:53:52.252052301) [Dbg] [SimulationRunner.cc:711] Publishers [Address, Message Type]:
(2023-10-17T02:53:52.252086189) (2023-10-17T02:53:52.252101850) [Dbg] [SimulationRunner.cc:716]   tcp://172.28.247.52:39863, gz.msgs.Clock
(2023-10-17T02:53:52.252567778) (2023-10-17T02:53:52.252586515) [Dbg] [SimulationRunner.cc:503] Creating PostUpdate worker threads: 13
(2023-10-17T02:53:52.252648352) (2023-10-17T02:53:52.252664939) [Dbg] [SimulationRunner.cc:514] Creating postupdate worker thread (0)
(2023-10-17T02:53:52.252822085) (2023-10-17T02:53:52.252840456) [Dbg] [SimulationRunner.cc:514] Creating postupdate worker thread (1)
(2023-10-17T02:53:52.252975869) (2023-10-17T02:53:52.252993235) [Dbg] [SimulationRunner.cc:514] Creating postupdate worker thread (2)
(2023-10-17T02:53:52.253125103) (2023-10-17T02:53:52.253143182) [Dbg] [SimulationRunner.cc:514] Creating postupdate worker thread (3)
(2023-10-17T02:53:52.253276758) (2023-10-17T02:53:52.253294645) [Dbg] [SimulationRunner.cc:514] Creating postupdate worker thread (4)
(2023-10-17T02:53:52.253422559) (2023-10-17T02:53:52.253440640) [Dbg] [SimulationRunner.cc:514] Creating postupdate worker thread (5)
(2023-10-17T02:53:52.253570603) (2023-10-17T02:53:52.253589145) [Dbg] [SimulationRunner.cc:514] Creating postupdate worker thread (6)
(2023-10-17T02:53:52.253711900) (2023-10-17T02:53:52.253729992) [Dbg] [SimulationRunner.cc:514] Creating postupdate worker thread (7)
(2023-10-17T02:53:52.253853381) (2023-10-17T02:53:52.253871346) [Dbg] [SimulationRunner.cc:514] Creating postupdate worker thread (8)
(2023-10-17T02:53:52.253994440) (2023-10-17T02:53:52.254012164) [Dbg] [SimulationRunner.cc:514] Creating postupdate worker thread (9)
(2023-10-17T02:53:52.254140837) (2023-10-17T02:53:52.254158813) [Dbg] [SimulationRunner.cc:514] Creating postupdate worker thread (10)
(2023-10-17T02:53:52.254286296) (2023-10-17T02:53:52.254303880) [Dbg] [SimulationRunner.cc:514] Creating postupdate worker thread (11)
(2023-10-17T02:53:52.256761942) (2023-10-17T02:53:52.256786949) [Dbg] [JointPositionController.cc:361] Identified joint [roll_joint] as Entity [53]
(2023-10-17T02:53:52.256912821) (2023-10-17T02:53:52.256929611) [Dbg] [JointPositionController.cc:361] Identified joint [tilt_joint] as Entity [54]
(2023-10-17T02:53:52.257137435) (2023-10-17T02:53:52.257156834) [Msg] Found IMU sensor with name [imu_link::imu_sensor]
(2023-10-17T02:53:52.257249088) (2023-10-17T02:53:52.257266323) [Dbg] [ArduPilotPlugin.cc:1154] Computed IMU topic to be: world/map/model/iris/link/imu_link/sensor/imu_sensor/imu
(2023-10-17T02:53:52.270514864) (2023-10-17T02:53:52.270542524) [Dbg] [SDFFeatures.cc:328] Mesh construction from an SDF has not been implemented yet for dartsim. Use AttachMeshShapeFeature to use mesh shapes.
(2023-10-17T02:53:52.270598667) (2023-10-17T02:53:52.270613765) [Err] [SDFFeatures.cc:843] The geometry element of collision [roll_col] couldn't be created
(2023-10-17T02:53:52.270812901) (2023-10-17T02:53:52.270830695) [Dbg] [SDFFeatures.cc:328] Mesh construction from an SDF has not been implemented yet for dartsim. Use AttachMeshShapeFeature to use mesh shapes.
(2023-10-17T02:53:52.270893819) (2023-10-17T02:53:52.270909087) [Err] [SDFFeatures.cc:843] The geometry element of collision [tilt_col] couldn't be created
(2023-10-17T02:53:53.336490653) (2023-10-17T02:53:53.336531374) [Dbg] [Sensors.cc:659] Initialization needed
(2023-10-17T02:53:53.336640625) (2023-10-17T02:53:53.336664394) [Dbg] [Sensors.cc:257] Initializing render context
(2023-10-17T02:53:53.336902410) (2023-10-17T02:53:53.336920916) [Msg] Loading plugin [gz-rendering-ogre2]
(2023-10-17T02:53:53.337716941) (2023-10-17T02:53:53.337739248) [Dbg] [MagnetometerSensor.cc:117] Magnetometer data for [iris::base_link::magnetometer_sensor] advertised on [world/map/model/iris/link/base_link/sensor/magnetometer_sensor/magnetometer]
(2023-10-17T02:53:53.338787438) (2023-10-17T02:53:53.338812007) [Dbg] [AltimeterSensor.cc:114] Altimeter data for [iris::base_link::altimeter_sensor] advertised on [world/map/model/iris/link/base_link/sensor/altimeter_sensor/altimeter]
(2023-10-17T02:53:53.339068078) (2023-10-17T02:53:53.339101667) [Dbg] [AirSpeedSensor.cc:125] Air speed for [iris::base_link::air_speed_sensor] advertised on [world/map/model/iris/link/base_link/sensor/air_speed_sensor/air_speed]
(2023-10-17T02:53:53.339926546) (2023-10-17T02:53:53.339955018) [Dbg] [ImuSensor.cc:149] IMU data for [iris::imu_link::imu_sensor] advertised on [world/map/model/iris/link/imu_link/sensor/imu_sensor/imu]
(2023-10-17T02:53:53.342131006) (2023-10-17T02:53:53.342157966) [Msg] Serving scene information on [/world/map/scene/info]
(2023-10-17T02:53:53.342406651) (2023-10-17T02:53:53.342426809) [Msg] Serving graph information on [/world/map/scene/graph]
(2023-10-17T02:53:53.342903511) (2023-10-17T02:53:53.342923503) [Msg] Serving full state on [/world/map/state]
(2023-10-17T02:53:53.343149904) (2023-10-17T02:53:53.343169474) [Msg] Serving full state (async) on [/world/map/state_async]
(2023-10-17T02:53:53.343389623) (2023-10-17T02:53:53.343411452) [Msg] Publishing scene information on [/world/map/scene/info]
(2023-10-17T02:53:53.343677361) (2023-10-17T02:53:53.343696117) [Msg] Publishing entity deletions on [/world/map/scene/deletion]
(2023-10-17T02:53:53.343869554) (2023-10-17T02:53:53.343886913) [Msg] Publishing state changes on [/world/map/state]
(2023-10-17T02:53:53.344093016) (2023-10-17T02:53:53.344110025) [Msg] Publishing pose messages on [/world/map/pose/info]
(2023-10-17T02:53:53.344316118) (2023-10-17T02:53:53.344333739) [Msg] Publishing dynamic pose messages on [/world/map/dynamic_pose/info]
(2023-10-17T02:53:53.348155138) (2023-10-17T02:53:53.348324857) [Dbg] [AirPressureSensor.cc:126] Air pressure for [iris::base_link::air_pressure_sensor] advertised on [world/map/model/iris/link/base_link/sensor/air_pressure_sensor/air_pressure]
(2023-10-17T02:53:53.349541198) (2023-10-17T02:53:53.349567256) [Wrn] [ArduPilotPlugin.cc:1436] [iris] Drained n packets: 21
(2023-10-17T02:53:53.349772680) [iris] Connected to ArduPilot controller @ 127.0.0.1:49219
(2023-10-17T02:53:53.349823792) (2023-10-17T02:53:53.349839026) [Wrn] [ArduPilotPlugin.cc:1583] ArduPilot controller has reset
(2023-10-17T02:53:53.350887026) (2023-10-17T02:53:53.350908283) [Dbg] [LinearBatteryPlugin.cc:574] [Battery Plugin] Battery drain: 0 minutes passed.
(2023-10-17T02:53:53.351654366) (2023-10-17T02:53:53.351676458) [Wrn] [Component.hh:144] Trying to serialize component with data type [St6vectorIdSaIdEE], which doesn't have `operator<<`. Component will not be serialized.
(2023-10-17T02:53:53.987769648) (2023-10-17T02:53:53.987789376) [Dbg] [RenderUtil.cc:2720] Create scene [scene]
((2023-10-17T02:53:54.110840145) (2023-10-17T02:53:54.110877889) ) ([Dbg] [Sensors.cc:659] Initialization needed
2023-10-17T02:53:54.110923890) [Dbg] [Sensors.cc:277] Rendering Thread initialized
(2023-10-17T02:53:54.113351876) (2023-10-17T02:53:54.113377244) [Wrn] [ArduPilotPlugin.cc:1436] [iris] Drained n packets: 13
(2023-10-17T02:53:54.113497331) (2023-10-17T02:53:54.113529509) [Wrn] [ArduPilotPlugin.cc:1604] Missed 14 input frames
(2023-10-17T02:53:57.973702969) (2023-10-17T02:53:57.973729917) [Dbg] [CameraSensor.cc:458] Camera images for [iris::tilt_link::camera] advertised on [world/map/model/iris/link/tilt_link/sensor/camera/image]
(2023-10-17T02:53:57.974318062) (2023-10-17T02:53:57.974338447) [Dbg] [CameraSensor.cc:786] Camera info for [iris::tilt_link::camera] advertised on [/world/map/model/iris/link/tilt_link/sensor/camera/camera_info]
(2023-10-17T02:53:57.975031087) (2023-10-17T02:53:57.975049529) [Wrn] [Ogre2Camera.cc:412] Ogre2Camera::SetVisibilityMask: Mask bits c0000000 are set but will be ignored as they conflict with the reserved bits used internally by the ogre2 backend.
(2023-10-17T02:53:58.192776245) (2023-10-17T02:53:58.192792930) [Wrn] [ArduPilotPlugin.cc:1436] [iris] Drained n packets: 67
(2023-10-17T02:53:58.192875909) (2023-10-17T02:53:58.192890905) [Wrn] [ArduPilotPlugin.cc:1604] Missed 68 input frames
(2023-10-17T02:53:58.244634910) (2023-10-17T02:53:58.244663341) [Wrn] [ArduPilotPlugin.cc:1436] [iris] Drained n packets: 1
(2023-10-17T02:53:58.256245071) (2023-10-17T02:53:58.256273937) [Wrn] [ArduPilotPlugin.cc:1604] Missed 2 input frames
(2023-10-17T02:53:58.304342153) (2023-10-17T02:53:58.304372078) [Wrn] [ArduPilotPlugin.cc:1436] [iris] Drained n packets: 1
(2023-10-17T02:53:58.304482595) (2023-10-17T02:53:58.304497903) [Wrn] [ArduPilotPlugin.cc:1604] Missed 2 input frames
(2023-10-17T02:53:58.365563238) (2023-10-17T02:53:58.365589925) [Wrn] [ArduPilotPlugin.cc:1436] [iris] Drained n packets: 1
(2023-10-17T02:53:58.365685223) (2023-10-17T02:53:58.365699005) [Wrn] [ArduPilotPlugin.cc:1604] Missed 2 input frames
(2023-10-17T02:53:58.423631690) (2023-10-17T02:53:58.423660395) [Wrn] [ArduPilotPlugin.cc:1436] [iris] Drained n packets: 1
(2023-10-17T02:53:58.423856157) (2023-10-17T02:53:58.423874086) [Wrn] [ArduPilotPlugin.cc:1604] Missed 2 input frames
(2023-10-17T02:53:58.483888332) (2023-10-17T02:53:58.483915513) [Wrn] [ArduPilotPlugin.cc:1436] [iris] Drained n packets: 1
(2023-10-17T02:53:58.484019474) (2023-10-17T02:53:58.484036050) [Wrn] [ArduPilotPlugin.cc:1604] Missed 2 input frames
(2023-10-17T02:53:58.548020277) (2023-10-17T02:53:58.548045433) [Wrn] [ArduPilotPlugin.cc:1436] [iris] Drained n packets: 1
(2023-10-17T02:53:58.548145377) (2023-10-17T02:53:58.548161689) [Wrn] [ArduPilotPlugin.cc:1604] Missed 2 input frames
(2023-10-17T02:53:58.606509158) (2023-10-17T02:53:58.606535763) [Wrn] [ArduPilotPlugin.cc:1436] [iris] Drained n packets: 1
(2023-10-17T02:53:58.606634153) (2023-10-17T02:53:58.606649976) [Wrn] [ArduPilotPlugin.cc:1604] Missed 2 input frames
(2023-10-17T02:53:58.667565553) (2023-10-17T02:53:58.667595026) [Wrn] [ArduPilotPlugin.cc:1436] [iris] Drained n packets: 1
(2023-10-17T02:53:58.667707818) (2023-10-17T02:53:58.667724619) [Wrn] [ArduPilotPlugin.cc:1604] Missed 2 input frames
(2023-10-17T02:53:58.727653520) (2023-10-17T02:53:58.727686775) [Wrn] [ArduPilotPlugin.cc:1436] [iris] Drained n packets: 1
(2023-10-17T02:53:58.727793729) (2023-10-17T02:53:58.727809602) [Wrn] [ArduPilotPlugin.cc:1604] Missed 2 input frames
(2023-10-17T02:53:58.789501748) (2023-10-17T02:53:58.789533691) [Wrn] [ArduPilotPlugin.cc:1436] [iris] Drained n packets: 1
(2023-10-17T02:53:58.789638016) (2023-10-17T02:53:58.789654256) [Wrn] [ArduPilotPlugin.cc:1604] Missed 2 input frames
(2023-10-17T02:53:58.850401340) (2023-10-17T02:53:58.850429841) [Wrn] [ArduPilotPlugin.cc:1436] [iris] Drained n packets: 1
(2023-10-17T02:53:58.850510373) (2023-10-17T02:53:58.850523749) [Wrn] [ArduPilotPlugin.cc:1604] Missed 2 input frames
(2023-10-17T02:53:58.913095519) (2023-10-17T02:53:58.913122619) [Wrn] [ArduPilotPlugin.cc:1436] [iris] Drained n packets: 1
(2023-10-17T02:53:58.913266503) (2023-10-17T02:53:58.913283379) [Wrn] [ArduPilotPlugin.cc:1604] Missed 2 input frames
(2023-10-17T02:53:58.971141310) (2023-10-17T02:53:58.971159298) [Wrn] [ArduPilotPlugin.cc:1436] [iris] Drained n packets: 1
(2023-10-17T02:53:58.971222483) (2023-10-17T02:53:58.971231366) [Wrn] [ArduPilotPlugin.cc:1604] Missed 2 input frames
(2023-10-17T02:53:59.32065905) (2023-10-17T02:53:59.32098351) [Wrn] [ArduPilotPlugin.cc:1436] [iris] Drained n packets: 1
(2023-10-17T02:53:59.32267035) (2023-10-17T02:53:59.32284734) [Wrn] [ArduPilotPlugin.cc:1604] Missed 2 input frames
(2023-10-17T02:53:59.93605519) (2023-10-17T02:53:59.93633070) [Wrn] [ArduPilotPlugin.cc:1436] [iris] Drained n packets: 1
(2023-10-17T02:53:59.93728923) (2023-10-17T02:53:59.93743660) [Wrn] [ArduPilotPlugin.cc:1604] Missed 2 input frames
(2023-10-17T02:53:59.157831121) (2023-10-17T02:53:59.157857805) [Wrn] [ArduPilotPlugin.cc:1436] [iris] Drained n packets: 1
(2023-10-17T02:53:59.157981488) (2023-10-17T02:53:59.158005528) [Wrn] [ArduPilotPlugin.cc:1604] Missed 2 input frames
(2023-10-17T02:53:59.223316335) (2023-10-17T02:53:59.223346213) [Wrn] [ArduPilotPlugin.cc:1436] [iris] Drained n packets: 1
(2023-10-17T02:53:59.223456268) (2023-10-17T02:53:59.223472807) [Wrn] [ArduPilotPlugin.cc:1604] Missed 2 input frames
(2023-10-17T02:53:59.283102535) (2023-10-17T02:53:59.283133060) [Wrn] [ArduPilotPlugin.cc:1436] [iris] Drained n packets: 1
(2023-10-17T02:53:59.283278775) (2023-10-17T02:53:59.283294349) [Wrn] [ArduPilotPlugin.cc:1604] Missed 2 input frames
(2023-10-17T02:53:59.354053813) (2023-10-17T02:53:59.354089486) [Wrn] [ArduPilotPlugin.cc:1436] [iris] Drained n packets: 1
(2023-10-17T02:53:59.354212529) (2023-10-17T02:53:59.354227656) [Wrn] [ArduPilotPlugin.cc:1604] Missed 2 input frames
(2023-10-17T02:53:59.408548526) (2023-10-17T02:53:59.408595740) [Wrn] [ArduPilotPlugin.cc:1436] [iris] Drained n packets: 1
(2023-10-17T02:53:59.408761737) (2023-10-17T02:53:59.408783367) [Wrn] [ArduPilotPlugin.cc:1604] Missed 2 input frames
(2023-10-17T02:53:59.469173859) (2023-10-17T02:53:59.469198360) [Wrn] [ArduPilotPlugin.cc:1436] [iris] Drained n packets: 1
(2023-10-17T02:53:59.469279652) (2023-10-17T02:53:59.469288853) [Wrn] [ArduPilotPlugin.cc:1604] Missed 2 input frames
(2023-10-17T02:53:59.530784199) (2023-10-17T02:53:59.530814980) [Wrn] [ArduPilotPlugin.cc:1436] [iris] Drained n packets: 1
(2023-10-17T02:53:59.530917066) (2023-10-17T02:53:59.530933780) [Wrn] [ArduPilotPlugin.cc:1604] Missed 2 input frames
(2023-10-17T02:53:59.591924998) (2023-10-17T02:53:59.591952356) [Wrn] [ArduPilotPlugin.cc:1436] [iris] Drained n packets: 1
(2023-10-17T02:53:59.592065256) (2023-10-17T02:53:59.592079735) [Wrn] [ArduPilotPlugin.cc:1604] Missed 2 input frames
(2023-10-17T02:53:59.652806492) (2023-10-17T02:53:59.652831909) [Wrn] [ArduPilotPlugin.cc:1436] [iris] Drained n packets: 1
(2023-10-17T02:53:59.652912848) (2023-10-17T02:53:59.652922797) [Wrn] [ArduPilotPlugin.cc:1604] Missed 2 input frames
(2023-10-17T02:53:59.716188477) (2023-10-17T02:53:59.716227562) [Wrn] [ArduPilotPlugin.cc:1436] [iris] Drained n packets: 1
(2023-10-17T02:53:59.716330753) (2023-10-17T02:53:59.716348370) [Wrn] [ArduPilotPlugin.cc:1604] Missed 2 input frames
(2023-10-17T02:53:59.772914618) (2023-10-17T02:53:59.772938320) [Wrn] [ArduPilotPlugin.cc:1436] [iris] Drained n packets: 1
(2023-10-17T02:53:59.773026460) (2023-10-17T02:53:59.773039339) [Wrn] [ArduPilotPlugin.cc:1604] Missed 2 input frames
(2023-10-17T02:53:59.836367598) (2023-10-17T02:53:59.836400127) [Wrn] [ArduPilotPlugin.cc:1436] [iris] Drained n packets: 1
(2023-10-17T02:53:59.836508686) (2023-10-17T02:53:59.836522463) [Wrn] [ArduPilotPlugin.cc:1604] Missed 2 input frames
(2023-10-17T02:53:59.896056932) (2023-10-17T02:53:59.896084665) [Wrn] [ArduPilotPlugin.cc:1436] [iris] Drained n packets: 1
(2023-10-17T02:53:59.896192748) (2023-10-17T02:53:59.896225070) [Wrn] [ArduPilotPlugin.cc:1604] Missed 2 input frames
(2023-10-17T02:53:59.956905215) (2023-10-17T02:53:59.956943840) [Wrn] [ArduPilotPlugin.cc:1436] [iris] Drained n packets: 1
(2023-10-17T02:53:59.957120285) (2023-10-17T02:53:59.957138490) [Wrn] [ArduPilotPlugin.cc:1604] Missed 2 input frames
(2023-10-17T02:54:00.17546177) (2023-10-17T02:54:00.17577260) [Wrn] [ArduPilotPlugin.cc:1436] [iris] Drained n packets: 1
(2023-10-17T02:54:00.17688029) (2023-10-17T02:54:00.17705147) [Wrn] [ArduPilotPlugin.cc:1604] Missed 2 input frames
(2023-10-17T02:54:00.78370507) (2023-10-17T02:54:00.78429385) [Wrn] [ArduPilotPlugin.cc:1436] [iris] Drained n packets: 1
(2023-10-17T02:54:00.78608821) (2023-10-17T02:54:00.78625504) [Wrn] [ArduPilotPlugin.cc:1604] Missed 2 input frames
(2023-10-17T02:54:00.147625071) (2023-10-17T02:54:00.147651442) [Wrn] [ArduPilotPlugin.cc:1436] [iris] Drained n packets: 1
(2023-10-17T02:54:00.147751427) (2023-10-17T02:54:00.147767105) [Wrn] [ArduPilotPlugin.cc:1604] Missed 2 input frames
(2023-10-17T02:54:00.201910205) (2023-10-17T02:54:00.201937784) [Wrn] [ArduPilotPlugin.cc:1436] [iris] Drained n packets: 1
(2023-10-17T02:54:00.202034194) (2023-10-17T02:54:00.202049103) [Wrn] [ArduPilotPlugin.cc:1604] Missed 2 input frames
(2023-10-17T02:54:00.269781029) (2023-10-17T02:54:00.269809169) [Wrn] [ArduPilotPlugin.cc:1436] [iris] Drained n packets: 1
(2023-10-17T02:54:00.269902114) (2023-10-17T02:54:00.269917798) [Wrn] [ArduPilotPlugin.cc:1604] Missed 2 input frames
(2023-10-17T02:54:00.322625162) (2023-10-17T02:54:00.322643133) [Wrn] [ArduPilotPlugin.cc:1436] [iris] Drained n packets: 1
(2023-10-17T02:54:00.322726339) (2023-10-17T02:54:00.322740705) [Wrn] [ArduPilotPlugin.cc:1604] Missed 2 input frames
(2023-10-17T02:54:00.385229872) (2023-10-17T02:54:00.385250865) [Wrn] [ArduPilotPlugin.cc:1436] [iris] Drained n packets: 1
(2023-10-17T02:54:00.385336362) (2023-10-17T02:54:00.385346004) [Wrn] [ArduPilotPlugin.cc:1604] Missed 2 input frames
(2023-10-17T02:54:00.445222116) (2023-10-17T02:54:00.445272786) [Wrn] [ArduPilotPlugin.cc:1436] [iris] Drained n packets: 1
(2023-10-17T02:54:00.445378168) (2023-10-17T02:54:00.445394776) [Wrn] [ArduPilotPlugin.cc:1604] Missed 2 input frames
(2023-10-17T02:54:00.506387857) (2023-10-17T02:54:00.506415033) [Wrn] [ArduPilotPlugin.cc:1436] [iris] Drained n packets: 1
(2023-10-17T02:54:00.506516394) (2023-10-17T02:54:00.506531212) [Wrn] [ArduPilotPlugin.cc:1604] Missed 2 input frames
(2023-10-17T02:54:00.566779503) (2023-10-17T02:54:00.566823023) [Wrn] [ArduPilotPlugin.cc:1436] [iris] Drained n packets: 1
(2023-10-17T02:54:00.566932801) (2023-10-17T02:54:00.566947071) [Wrn] [ArduPilotPlugin.cc:1604] Missed 2 input frames
(2023-10-17T02:54:00.628458218) (2023-10-17T02:54:00.628494954) [Wrn] [ArduPilotPlugin.cc:1436] [iris] Drained n packets: 1
(2023-10-17T02:54:00.628598645) (2023-10-17T02:54:00.628624772) [Wrn] [ArduPilotPlugin.cc:1604] Missed 2 input frames
(2023-10-17T02:54:00.689406173) (2023-10-17T02:54:00.689434168) [Wrn] [ArduPilotPlugin.cc:1436] [iris] Drained n packets: 1
(2023-10-17T02:54:00.689550902) (2023-10-17T02:54:00.689568404) [Wrn] [ArduPilotPlugin.cc:1604] Missed 2 input frames
(2023-10-17T02:54:00.751389604) (2023-10-17T02:54:00.751422275) [Wrn] [ArduPilotPlugin.cc:1436] [iris] Drained n packets: 1
(2023-10-17T02:54:00.751525458) (2023-10-17T02:54:00.751544638) [Wrn] [ArduPilotPlugin.cc:1604] Missed 2 input frames
(2023-10-17T02:54:00.813438692) (2023-10-17T02:54:00.813478522) [Wrn] [ArduPilotPlugin.cc:1436] [iris] Drained n packets: 1
(2023-10-17T02:54:00.813600026) (2023-10-17T02:54:00.813614569) [Wrn] [ArduPilotPlugin.cc:1604] Missed 2 input frames
(2023-10-17T02:54:00.872702014) (2023-10-17T02:54:00.872723623) [Wrn] [ArduPilotPlugin.cc:1436] [iris] Drained n packets: 1
(2023-10-17T02:54:00.872786153) (2023-10-17T02:54:00.872794860) [Wrn] [ArduPilotPlugin.cc:1604] Missed 2 input frames
(2023-10-17T02:54:00.933318321) (2023-10-17T02:54:00.933355079) [Wrn] [ArduPilotPlugin.cc:1436] [iris] Drained n packets: 1
(2023-10-17T02:54:00.933461975) (2023-10-17T02:54:00.933476591) [Wrn] [ArduPilotPlugin.cc:1604] Missed 2 input frames
(2023-10-17T02:54:00.994057168) (2023-10-17T02:54:00.994088350) [Wrn] [ArduPilotPlugin.cc:1436] [iris] Drained n packets: 1
(2023-10-17T02:54:00.994200707) (2023-10-17T02:54:00.994211724) [Wrn] [ArduPilotPlugin.cc:1604] Missed 2 input frames
(2023-10-17T02:54:01.54664312) (2023-10-17T02:54:01.54684773) [Wrn] [ArduPilotPlugin.cc:1436] [iris] Drained n packets: 1
(2023-10-17T02:54:01.54751441) (2023-10-17T02:54:01.54780300) [Wrn] [ArduPilotPlugin.cc:1604] Missed 2 input frames
(2023-10-17T02:54:01.115656007) (2023-10-17T02:54:01.115680073) [Wrn] [ArduPilotPlugin.cc:1436] [iris] Drained n packets: 1
(2023-10-17T02:54:01.115755604) (2023-10-17T02:54:01.115765148) [Wrn] [ArduPilotPlugin.cc:1604] Missed 2 input frames
(2023-10-17T02:54:01.175633679) (2023-10-17T02:54:01.175661481) [Wrn] [ArduPilotPlugin.cc:1436] [iris] Drained n packets: 1
(2023-10-17T02:54:01.175764055) (2023-10-17T02:54:01.175779175) [Wrn] [ArduPilotPlugin.cc:1604] Missed 2 input frames
(2023-10-17T02:55:44.440119840) (2023-10-17T02:55:44.440149479) [Wrn] [ArduPilotPlugin.cc:1583] ArduPilot controller has reset
(2023-10-17T02:55:45.436292926) (2023-10-17T02:55:45.436320342) [Dbg] [CameraSensor.cc:583] Enabling camera sensor: 'iris::tilt_link::camera' data generation.
(2023-10-17T02:58:23.375966333) (2023-10-17T02:58:23.376003346) [Wrn] [ArduPilotPlugin.cc:1583] ArduPilot controller has reset
(2023-10-17T02:59:32.525199210) (2023-10-17T02:59:32.525239524) [Wrn] [ArduPilotPlugin.cc:1583] ArduPilot controller has reset
(2023-10-17T03:00:28.789523283) (2023-10-17T03:00:28.789552337) [Wrn] [ArduPilotPlugin.cc:1583] ArduPilot controller has reset
(2023-10-17T04:37:49.759974571) (2023-10-17T04:37:49.760005352) [Dbg] [SignalHandler.cc:142] Received signal[15].
(2023-10-17T04:37:49.760055471) (2023-10-17T04:37:49.760064853) [Dbg] [ServerPrivate.cc:115] Server received signal[15]
(2023-10-17T04:37:49.760123566) (2023-10-17T04:37:49.760132146) [Dbg] [Sensors.cc:433] SensorsPrivate::Stop
