(2023-10-29T12:48:16.60043740) (2023-10-29T12:48:16.60064438) [Msg] Gazebo Sim Server v7.6.0
(2023-10-29T12:48:16.65998716) (2023-10-29T12:48:16.66015276) [Msg] Loading SDF world file[/home/bassam/PX4-Autopilot/Tools/simulation/gz/worlds/default.sdf].
(2023-10-29T12:48:16.174143005) (2023-10-29T12:48:16.174153918) [Msg] Serving entity system service on [/entity/system/add]
(2023-10-29T12:48:16.382706636) (2023-10-29T12:48:16.382722334) [Dbg] [Physics.cc:880] Loaded [gz::physics::dartsim::Plugin] from library [/usr/lib/x86_64-linux-gnu/gz-physics-6/engine-plugins/libgz-physics-dartsim-plugin.so]
(2023-10-29T12:48:16.382791169) (2023-10-29T12:48:16.382799126) [Dbg] [SystemManager.cc:74] Loaded system [gz::sim::systems::Physics] for entity [1]
(2023-10-29T12:48:16.385966689) (2023-10-29T12:48:16.385977550) [Msg] Create service on [/world/default/create]
(2023-10-29T12:48:16.486559633) (2023-10-29T12:48:16.486573491) [Msg] Remove service on [/world/default/remove]
(2023-10-29T12:48:16.486728318) (2023-10-29T12:48:16.486743438) [Msg] Pose service on [/world/default/set_pose]
(2023-10-29T12:48:16.486899648) (2023-10-29T12:48:16.486916319) [Msg] Pose service on [/world/default/set_pose_vector]
(2023-10-29T12:48:16.487128360) (2023-10-29T12:48:16.487144376) [Msg] Light configuration service on [/world/default/light_config]
(2023-10-29T12:48:16.487421360) (2023-10-29T12:48:16.487434628) [Msg] Physics service on [/world/default/set_physics]
(2023-10-29T12:48:16.487567384) (2023-10-29T12:48:16.487574163) [Msg] SphericalCoordinates service on [/world/default/set_spherical_coordinates]
(2023-10-29T12:48:16.487625197) (2023-10-29T12:48:16.487630660) [Msg] Enable collision service on [/world/default/enable_collision]
(2023-10-29T12:48:16.487678630) (2023-10-29T12:48:16.487684244) [Msg] Disable collision service on [/world/default/disable_collision]
(2023-10-29T12:48:16.487817449) (2023-10-29T12:48:16.487823485) [Msg] Material service on [/world/default/visual_config]
(2023-10-29T12:48:16.487910500) (2023-10-29T12:48:16.487916507) [Msg] Material service on [/world/default/wheel_slip]
(2023-10-29T12:48:16.487943751) (2023-10-29T12:48:16.487948329) [Dbg] [SystemManager.cc:74] Loaded system [gz::sim::systems::UserCommands] for entity [1]
(2023-10-29T12:48:16.490807763) (2023-10-29T12:48:16.490819315) [Dbg] [SystemManager.cc:74] Loaded system [gz::sim::systems::SceneBroadcaster] for entity [1]
(2023-10-29T12:48:16.492196047) (2023-10-29T12:48:16.492207556) [Dbg] [SystemManager.cc:74] Loaded system [gz::sim::systems::Contact] for entity [1]
(2023-10-29T12:48:16.495177539) (2023-10-29T12:48:16.495186561) [Dbg] [SystemManager.cc:74] Loaded system [gz::sim::systems::Imu] for entity [1]
(2023-10-29T12:48:16.496932070) (2023-10-29T12:48:16.496941229) [Dbg] [SystemManager.cc:74] Loaded system [gz::sim::systems::AirPressure] for entity [1]
(2023-10-29T12:48:16.498362893) (2023-10-29T12:48:16.498371696) [Msg] Listening to instantaneous wrench commands in [/world/default/wrench]
(2023-10-29T12:48:16.498422077) (2023-10-29T12:48:16.498427824) [Msg] Listening to persistent wrench commands in [/world/default/wrench/persistent]
(2023-10-29T12:48:16.498477287) (2023-10-29T12:48:16.498483322) [Msg] Listening to wrench clear commands in [/world/default/wrench/clear]
(2023-10-29T12:48:16.498502650) (2023-10-29T12:48:16.498507280) [Dbg] [SystemManager.cc:74] Loaded system [gz::sim::systems::ApplyLinkWrench] for entity [1]
(2023-10-29T12:48:16.511921367) (2023-10-29T12:48:16.511932319) [Dbg] [Sensors.cc:506] Configuring Sensors system
(2023-10-29T12:48:16.512032522) (2023-10-29T12:48:16.512038507) [Dbg] [Sensors.cc:425] SensorsPrivate::Run
(2023-10-29T12:48:16.512094218) (2023-10-29T12:48:16.512100071) [Dbg] [SystemManager.cc:74] Loaded system [gz::sim::systems::Sensors] for entity [1]
(2023-10-29T12:48:16.512128052) (2023-10-29T12:48:16.512138748) [Dbg] [Sensors.cc:402] SensorsPrivate::RenderThread started
(2023-10-29T12:48:16.512157639) (2023-10-29T12:48:16.512162245) [Dbg] [Sensors.cc:245] Waiting for init
(2023-10-29T12:48:16.515201257) (2023-10-29T12:48:16.515211490) [Wrn] [SystemLoader.cc:79] Trying to load deprecated plugin [ignition-gazebo-ackermann-steering-system]. Using [gz-sim-ackermann-steering-system] instead.
(2023-10-29T12:48:16.516995062) (2023-10-29T12:48:16.517003919) [Msg] AckermannSteering subscribing to twist messages on [/cmd_vel]
(2023-10-29T12:48:16.517198687) (2023-10-29T12:48:16.517205603) [Dbg] [SystemManager.cc:74] Loaded system [ignition::gazebo::systems::AckermannSteering] for entity [8]
(2023-10-29T12:48:16.517314333) (2023-10-29T12:48:16.517320184) [Msg] Loaded level [3]
(2023-10-29T12:48:16.518614638) (2023-10-29T12:48:16.518622658) [Msg] Serving world controls on [/world/default/control], [/world/default/control/state] and [/world/default/playback/control]
(2023-10-29T12:48:16.518778806) (2023-10-29T12:48:16.518785494) [Msg] Serving GUI information on [/world/default/gui/info]
(2023-10-29T12:48:16.518803173) (2023-10-29T12:48:16.518807675) [Msg] World [default] initialized with [default_physics] physics profile.
(2023-10-29T12:48:16.518930345) (2023-10-29T12:48:16.518936906) [Msg] Serving world SDF generation service on [/world/default/generate_world_sdf]
(2023-10-29T12:48:16.519015631) (2023-10-29T12:48:16.519021996) [Msg] Serving world names on [/gazebo/worlds]
(2023-10-29T12:48:16.519070852) (2023-10-29T12:48:16.519076460) [Msg] Resource path add service on [/gazebo/resource_paths/add].
(2023-10-29T12:48:16.519138511) (2023-10-29T12:48:16.519144708) [Msg] Resource path get service on [/gazebo/resource_paths/get].
(2023-10-29T12:48:16.519203515) (2023-10-29T12:48:16.519208927) [Msg] Resource path resolve service on [/gazebo/resource_paths/resolve].
(2023-10-29T12:48:16.519260301) (2023-10-29T12:48:16.519271180) [Msg] Resource paths published on [/gazebo/resource_paths].
(2023-10-29T12:48:16.519355315) (2023-10-29T12:48:16.519360913) [Msg] Server control service on [/server_control].
(2023-10-29T12:48:18.63494436) (2023-10-29T12:48:18.63505687) [Msg] Found no publishers on /stats, adding root stats topic
(2023-10-29T12:48:18.63672340) (2023-10-29T12:48:18.63681594) [Msg] Found no publishers on /clock, adding root clock topic
(2023-10-29T12:48:18.63854940) (2023-10-29T12:48:18.63863931) [Dbg] [SimulationRunner.cc:503] Creating PostUpdate worker threads: 7
(2023-10-29T12:48:18.63890982) (2023-10-29T12:48:18.63896000) [Dbg] [SimulationRunner.cc:514] Creating postupdate worker thread (0)
(2023-10-29T12:48:18.63985398) (2023-10-29T12:48:18.63993508) [Dbg] [SimulationRunner.cc:514] Creating postupdate worker thread (1)
(2023-10-29T12:48:18.64051572) (2023-10-29T12:48:18.64057689) [Dbg] [SimulationRunner.cc:514] Creating postupdate worker thread (2)
(2023-10-29T12:48:18.64102691) (2023-10-29T12:48:18.64110100) [Dbg] [SimulationRunner.cc:514] Creating postupdate worker thread (3)
(2023-10-29T12:48:18.64176235) (2023-10-29T12:48:18.64182675) [Dbg] [SimulationRunner.cc:514] Creating postupdate worker thread (4)
(2023-10-29T12:48:18.64237595) (2023-10-29T12:48:18.64246197) [Dbg] [SimulationRunner.cc:514] Creating postupdate worker thread (5)
(2023-10-29T12:48:18.225615145) (2023-10-29T12:48:18.225625906) [Wrn] [MulticopterMotorModel.cc:257] No robotNamespace set using entity name.
(2023-10-29T12:48:18.225651065) (2023-10-29T12:48:18.225656026) [Wrn] [MulticopterMotorModel.cc:295] <motorNumber> is depricated, please use <actuator_number>.
(2023-10-29T12:48:18.225694298) (2023-10-29T12:48:18.225699471) [Dbg] [MulticopterMotorModel.cc:386] Listening to topic: x500_depth_0/command/motor_speed
(2023-10-29T12:48:18.225962976) (2023-10-29T12:48:18.225969724) [Dbg] [SystemManager.cc:74] Loaded system [gz::sim::systems::MulticopterMotorModel] for entity [56]
(2023-10-29T12:48:18.226184917) (2023-10-29T12:48:18.226190998) [Wrn] [MulticopterMotorModel.cc:257] No robotNamespace set using entity name.
(2023-10-29T12:48:18.226204196) (2023-10-29T12:48:18.226208650) [Wrn] [MulticopterMotorModel.cc:295] <motorNumber> is depricated, please use <actuator_number>.
(2023-10-29T12:48:18.226238435) (2023-10-29T12:48:18.226243108) [Dbg] [MulticopterMotorModel.cc:386] Listening to topic: x500_depth_0/command/motor_speed
(2023-10-29T12:48:18.226378720) (2023-10-29T12:48:18.226385150) [Dbg] [SystemManager.cc:74] Loaded system [gz::sim::systems::MulticopterMotorModel] for entity [56]
(2023-10-29T12:48:18.226573355) (2023-10-29T12:48:18.226579710) [Wrn] [MulticopterMotorModel.cc:257] No robotNamespace set using entity name.
(2023-10-29T12:48:18.226592589) (2023-10-29T12:48:18.226597196) [Wrn] [MulticopterMotorModel.cc:295] <motorNumber> is depricated, please use <actuator_number>.
(2023-10-29T12:48:18.226626404) (2023-10-29T12:48:18.226631321) [Dbg] [MulticopterMotorModel.cc:386] Listening to topic: x500_depth_0/command/motor_speed
(2023-10-29T12:48:18.226776647) (2023-10-29T12:48:18.226783080) [Dbg] [SystemManager.cc:74] Loaded system [gz::sim::systems::MulticopterMotorModel] for entity [56]
(2023-10-29T12:48:18.226972172) (2023-10-29T12:48:18.226978699) [Wrn] [MulticopterMotorModel.cc:257] No robotNamespace set using entity name.
(2023-10-29T12:48:18.226991541) (2023-10-29T12:48:18.226996108) [Wrn] [MulticopterMotorModel.cc:295] <motorNumber> is depricated, please use <actuator_number>.
(2023-10-29T12:48:18.227025487) (2023-10-29T12:48:18.227030381) [Dbg] [MulticopterMotorModel.cc:386] Listening to topic: x500_depth_0/command/motor_speed
(2023-10-29T12:48:18.227228719) (2023-10-29T12:48:18.227235074) [Dbg] [SystemManager.cc:74] Loaded system [gz::sim::systems::MulticopterMotorModel] for entity [56]
(2023-10-29T12:48:18.227490461) (2023-10-29T12:48:18.227495946) [Dbg] [UserCommands.cc:1263] Created entity [56] named [x500_depth_0]
(2023-10-29T12:48:18.244923226) (2023-10-29T12:48:18.244934525) [Dbg] [SimulationFeatures.cc:72] Simulation timestep set to: 0.004
(2023-10-29T12:48:18.246143660) (2023-10-29T12:48:18.246158490) [Dbg] [Sensors.cc:659] Initialization needed
(2023-10-29T12:48:18.246195080) (2023-10-29T12:48:18.246206049) [Dbg] [Sensors.cc:257] Initializing render context
(2023-10-29T12:48:18.246323203) (2023-10-29T12:48:18.246332603) [Msg] Loading plugin [gz-rendering-ogre2]
(2023-10-29T12:48:18.246608804) (2023-10-29T12:48:18.246617416) [Dbg] [ImuSensor.cc:149] IMU data for [x500_depth_0::base_link::imu_sensor] advertised on [world/default/model/x500_depth_0/link/base_link/sensor/imu_sensor/imu]
(2023-10-29T12:48:18.246664627) (2023-10-29T12:48:18.246672914) [Dbg] [AirPressureSensor.cc:126] Air pressure for [x500_depth_0::base_link::air_pressure_sensor] advertised on [world/default/model/x500_depth_0/link/base_link/sensor/air_pressure_sensor/air_pressure]
(2023-10-29T12:48:18.247223618) (2023-10-29T12:48:18.247231362) [Msg] Serving scene information on [/world/default/scene/info]
(2023-10-29T12:48:18.247303829) (2023-10-29T12:48:18.247309959) [Msg] Serving graph information on [/world/default/scene/graph]
(2023-10-29T12:48:18.247433868) (2023-10-29T12:48:18.247440362) [Msg] Serving full state on [/world/default/state]
(2023-10-29T12:48:18.247495960) (2023-10-29T12:48:18.247501394) [Msg] Serving full state (async) on [/world/default/state_async]
(2023-10-29T12:48:18.247568543) (2023-10-29T12:48:18.247577653) [Msg] Publishing scene information on [/world/default/scene/info]
(2023-10-29T12:48:18.247679114) (2023-10-29T12:48:18.247689518) [Msg] Publishing entity deletions on [/world/default/scene/deletion]
(2023-10-29T12:48:18.247756867) (2023-10-29T12:48:18.247762924) [Msg] Publishing state changes on [/world/default/state]
(2023-10-29T12:48:18.247814064) (2023-10-29T12:48:18.247819571) [Msg] Publishing pose messages on [/world/default/pose/info]
(2023-10-29T12:48:18.247886517) (2023-10-29T12:48:18.247895716) [Msg] Publishing dynamic pose messages on [/world/default/dynamic_pose/info]
((((2023-10-29T12:48:18.248480611) (2023-10-29T12:48:18.248490882((2023-10-29T12:48:18.248492663) ((2023-10-29T12:48:18.248518248) (2023-10-29T12:48:18.248528406) 2023-10-29T12:48:18.248484563) (2023-10-29T12:48:18.248510165() ) ) 2023-10-29T12:48:18.248568030) (2023-10-29T12:48:18.248601376) [Dbg] [SimulationRunner.cc:530] 2023-10-29T12:48:18.248590855Exiting postupdate worker thread () (2)2023-10-29T12:48:18.248632085
[Dbg] [SimulationRunner.cc:530] Exiting postupdate worker thread () 1[Dbg] [SimulationRunner.cc:530] Exiting postupdate worker thread (0[Dbg] [SimulationRunner.cc:530] Exiting postupdate worker thread (5)
)
0)
Exiting postupdate worker thread (3)
[Dbg] [SimulationRunner.cc:530] Exiting postupdate worker thread (4)
(2023-10-29T12:48:18.248842269) (2023-10-29T12:48:18.248849320) [Dbg] [SimulationRunner.cc:503] Creating PostUpdate worker threads: 7
(2023-10-29T12:48:18.248868415) (2023-10-29T12:48:18.248873007) [Dbg] [SimulationRunner.cc:514] Creating postupdate worker thread (0)
(2023-10-29T12:48:18.270944964) (2023-10-29T12:48:18.270955333) [Dbg] [SimulationRunner.cc:514] Creating postupdate worker thread (1)
(2023-10-29T12:48:18.270989368) (2023-10-29T12:48:18.270994387) [Dbg] [SimulationRunner.cc:514] Creating postupdate worker thread (2)
(2023-10-29T12:48:18.271019113) (2023-10-29T12:48:18.271023847) [Dbg] [SimulationRunner.cc:514] Creating postupdate worker thread (3)
(2023-10-29T12:48:18.271050646) (2023-10-29T12:48:18.271055440) [Dbg] [SimulationRunner.cc:514] Creating postupdate worker thread (4)
(2023-10-29T12:48:18.271123607) (2023-10-29T12:48:18.271129872) [Dbg] [SimulationRunner.cc:514] Creating postupdate worker thread (5)
(2023-10-29T12:48:18.518902724) (2023-10-29T12:48:18.518909514) [Dbg] [RenderUtil.cc:2720] Create scene [scene]
((2023-10-29T12:48:18.559433024) (2023-10-29T12:48:18.559441241) (2023-10-29T12:48:18.559451834) 2023-10-29T12:48:18.559467018) [Dbg] [Sensors.cc:277] Rendering Thread initialized
[Dbg] [Sensors.cc:659] Initialization needed
(2023-10-29T12:48:18.562769234) (2023-10-29T12:48:18.562777470) [Wrn] [FuelClient.cc:1952] The fuel.ignitionrobotics.org URL is deprecrated. Pleasse change https://fuel.ignitionrobotics.org/1.0/openrobotics/models/prius hybrid/2/files/meshes/Hybrid.obj to https://fuel.gazebosim.org/1.0/openrobotics/models/prius hybrid/2/files/meshes/Hybrid.obj
(2023-10-29T12:48:18.562841326) (2023-10-29T12:48:18.562846609) [Wrn] [FuelClient.cc:1952] The fuel.ignitionrobotics.org URL is deprecrated. Pleasse change https://fuel.ignitionrobotics.org/1.0/openrobotics/models/prius hybrid/2/files/meshes/Hybrid.obj to https://fuel.gazebosim.org/1.0/openrobotics/models/prius hybrid/2/files/meshes/Hybrid.obj
(2023-10-29T12:48:18.566206555) (2023-10-29T12:48:18.566214051) [Wrn] [OBJLoader.cc:91] Both `d` and `Tr` parameters defined for "Hybrid". Use the value of `d` for dissolve (line 8 in .mtl.)
Both `d` and `Tr` parameters defined for "Wheels3". Use the value of `d` for dissolve (line 22 in .mtl.)
Both `d` and `Tr` parameters defined for "Hybrid_Interior". Use the value of `d` for dissolve (line 36 in .mtl.)
Both `d` and `Tr` parameters defined for "Windows". Use the value of `d` for dissolve (line 50 in .mtl.)

(2023-10-29T12:48:18.632186324) (2023-10-29T12:48:18.632193519) [Err] [SceneManager.cc:887] PBR material: currently only metal workflow is supported. Gazebo will try to render the material using metal workflow but without Roughness / Metalness settings.
(2023-10-29T12:48:20.293971880) (2023-10-29T12:48:20.293987735) [Dbg] [CameraSensor.cc:458] Camera images for [prius_hybrid::chassis::back_camera_sensor] advertised on [back_camera]
(2023-10-29T12:48:20.294130746) (2023-10-29T12:48:20.294140846) [Dbg] [CameraSensor.cc:786] Camera info for [prius_hybrid::chassis::back_camera_sensor] advertised on [/camera_info]
(2023-10-29T12:48:20.294270879) (2023-10-29T12:48:20.294276725) [Wrn] [Ogre2Camera.cc:412] Ogre2Camera::SetVisibilityMask: Mask bits c0000000 are set but will be ignored as they conflict with the reserved bits used internally by the ogre2 backend.
(2023-10-29T12:48:20.294569927) (2023-10-29T12:48:20.294576753) [Dbg] [CameraSensor.cc:458] Camera images for [prius_hybrid::chassis::front_camera_sensor] advertised on [front_camera]
(2023-10-29T12:48:20.294628575) (2023-10-29T12:48:20.294634549) [Dbg] [CameraSensor.cc:786] Camera info for [prius_hybrid::chassis::front_camera_sensor] advertised on [/camera_info]
(2023-10-29T12:48:20.294674828) (2023-10-29T12:48:20.294680186) [Wrn] [Ogre2Camera.cc:412] Ogre2Camera::SetVisibilityMask: Mask bits c0000000 are set but will be ignored as they conflict with the reserved bits used internally by the ogre2 backend.
(2023-10-29T12:48:20.294893609) (2023-10-29T12:48:20.294900350) [Dbg] [CameraSensor.cc:458] Camera images for [prius_hybrid::chassis::left_camera_sensor] advertised on [left_camera]
(2023-10-29T12:48:20.294962450) (2023-10-29T12:48:20.294971337) [Dbg] [CameraSensor.cc:786] Camera info for [prius_hybrid::chassis::left_camera_sensor] advertised on [/camera_info]
(2023-10-29T12:48:20.295018549) (2023-10-29T12:48:20.295024252) [Wrn] [Ogre2Camera.cc:412] Ogre2Camera::SetVisibilityMask: Mask bits c0000000 are set but will be ignored as they conflict with the reserved bits used internally by the ogre2 backend.
(2023-10-29T12:48:20.295186935) (2023-10-29T12:48:20.295196643) [Dbg] [CameraSensor.cc:458] Camera images for [prius_hybrid::chassis::right_camera_sensor] advertised on [right_camera]
(2023-10-29T12:48:20.295256412) (2023-10-29T12:48:20.295265796) [Dbg] [CameraSensor.cc:786] Camera info for [prius_hybrid::chassis::right_camera_sensor] advertised on [/camera_info]
(2023-10-29T12:48:20.295311675) (2023-10-29T12:48:20.295317142) [Wrn] [Ogre2Camera.cc:412] Ogre2Camera::SetVisibilityMask: Mask bits c0000000 are set but will be ignored as they conflict with the reserved bits used internally by the ogre2 backend.
(2023-10-29T12:48:20.295485912) (2023-10-29T12:48:20.295494034) [Dbg] [CameraSensor.cc:458] Camera images for [x500_depth_0::OakD-Lite/base_link::IMX214] advertised on [camera]
(2023-10-29T12:48:20.295558031) (2023-10-29T12:48:20.295567082) [Dbg] [CameraSensor.cc:786] Camera info for [x500_depth_0::OakD-Lite/base_link::IMX214] advertised on [/camera_info]
(2023-10-29T12:48:20.295612265) (2023-10-29T12:48:20.295617766) [Wrn] [Ogre2Camera.cc:412] Ogre2Camera::SetVisibilityMask: Mask bits c0000000 are set but will be ignored as they conflict with the reserved bits used internally by the ogre2 backend.
(2023-10-29T12:48:20.295916720) (2023-10-29T12:48:20.295927653) [Dbg] [DepthCameraSensor.cc:282] Depth images for [x500_depth_0::OakD-Lite/base_link::StereoOV7251] advertised on [depth_camera]
(2023-10-29T12:48:20.296060742) (2023-10-29T12:48:20.296070596) [Dbg] [CameraSensor.cc:786] Camera info for [x500_depth_0::OakD-Lite/base_link::StereoOV7251] advertised on [/camera_info]
(2023-10-29T12:48:20.296298210) (2023-10-29T12:48:20.296308346) [Dbg] [DepthCameraSensor.cc:299] Points for [x500_depth_0::OakD-Lite/base_link::StereoOV7251] advertised on [depth_camera/points]
(2023-10-29T12:48:20.316734168) (2023-10-29T12:48:20.316745306) [Dbg] [EntityComponentManager.cc:1655] Updated state thread iterators: 8 threads processing around 13 entities each.
(2023-10-29T12:48:20.317033100) (2023-10-29T12:48:20.317045908) [Wrn] [Component.hh:144] Trying to serialize component with data type [N3sdf3v135WorldE], which doesn't have `operator<<`. Component will not be serialized.
(2023-10-29T12:48:20.317200474) (2023-10-29T12:48:20.317210510) [Wrn] [Model.hh:69] Skipping serialization / deserialization for models with //pose/@relative_to attribute.
