(2023-10-20T02:13:15.599445186) (2023-10-20T02:13:15.599465667) [Msg] Gazebo Sim Server v7.6.0
(2023-10-20T02:13:15.604968439) (2023-10-20T02:13:15.604983919) [Msg] Loading SDF world file[/home/bassam/PX4-Autopilot/Tools/simulation/gz/worlds/default.sdf].
(2023-10-20T02:13:15.792471239) (2023-10-20T02:13:15.792489891) [Msg] Serving entity system service on [/entity/system/add]
(2023-10-20T02:13:15.999641216) (2023-10-20T02:13:15.999667060) [Dbg] [Physics.cc:880] Loaded [gz::physics::dartsim::Plugin] from library [/usr/lib/x86_64-linux-gnu/gz-physics-6/engine-plugins/libgz-physics-dartsim-plugin.so]
(2023-10-20T02:13:15.999783074) (2023-10-20T02:13:15.999798011) [Dbg] [SystemManager.cc:74] Loaded system [gz::sim::systems::Physics] for entity [1]
(2023-10-20T02:13:16.114000944) (2023-10-20T02:13:16.114025253) [Msg] Create service on [/world/default/create]
(2023-10-20T02:13:16.114316578) (2023-10-20T02:13:16.114335465) [Msg] Remove service on [/world/default/remove]
(2023-10-20T02:13:16.114550580) (2023-10-20T02:13:16.114569036) [Msg] Pose service on [/world/default/set_pose]
(2023-10-20T02:13:16.114751592) (2023-10-20T02:13:16.114769258) [Msg] Pose service on [/world/default/set_pose_vector]
(2023-10-20T02:13:16.115025812) (2023-10-20T02:13:16.115045437) [Msg] Light configuration service on [/world/default/light_config]
(2023-10-20T02:13:16.115397241) (2023-10-20T02:13:16.115413969) [Msg] Physics service on [/world/default/set_physics]
(2023-10-20T02:13:16.115646711) (2023-10-20T02:13:16.115658455) [Msg] SphericalCoordinates service on [/world/default/set_spherical_coordinates]
(2023-10-20T02:13:16.115754458) (2023-10-20T02:13:16.115764897) [Msg] Enable collision service on [/world/default/enable_collision]
(2023-10-20T02:13:16.115854746) (2023-10-20T02:13:16.115865431) [Msg] Disable collision service on [/world/default/disable_collision]
(2023-10-20T02:13:16.116117139) (2023-10-20T02:13:16.116128492) [Msg] Material service on [/world/default/visual_config]
(2023-10-20T02:13:16.116285519) (2023-10-20T02:13:16.116297379) [Msg] Material service on [/world/default/wheel_slip]
(2023-10-20T02:13:16.116390883) (2023-10-20T02:13:16.116400737) [Dbg] [SystemManager.cc:74] Loaded system [gz::sim::systems::UserCommands] for entity [1]
(2023-10-20T02:13:16.118492730) (2023-10-20T02:13:16.118507765) [Dbg] [SystemManager.cc:74] Loaded system [gz::sim::systems::SceneBroadcaster] for entity [1]
(2023-10-20T02:13:16.119864561) (2023-10-20T02:13:16.119878205) [Dbg] [SystemManager.cc:74] Loaded system [gz::sim::systems::Contact] for entity [1]
(2023-10-20T02:13:16.121909460) (2023-10-20T02:13:16.121923514) [Dbg] [SystemManager.cc:74] Loaded system [gz::sim::systems::Imu] for entity [1]
(2023-10-20T02:13:16.123598116) (2023-10-20T02:13:16.123611877) [Dbg] [SystemManager.cc:74] Loaded system [gz::sim::systems::AirPressure] for entity [1]
(2023-10-20T02:13:16.125116436) (2023-10-20T02:13:16.125132746) [Msg] Listening to instantaneous wrench commands in [/world/default/wrench]
(2023-10-20T02:13:16.125242771) (2023-10-20T02:13:16.125258532) [Msg] Listening to persistent wrench commands in [/world/default/wrench/persistent]
(2023-10-20T02:13:16.125355806) (2023-10-20T02:13:16.125371919) [Msg] Listening to wrench clear commands in [/world/default/wrench/clear]
(2023-10-20T02:13:16.125407515) (2023-10-20T02:13:16.125416012) [Dbg] [SystemManager.cc:74] Loaded system [gz::sim::systems::ApplyLinkWrench] for entity [1]
(2023-10-20T02:13:16.134444503) (2023-10-20T02:13:16.134461504) [Dbg] [Sensors.cc:506] Configuring Sensors system
(2023-10-20T02:13:16.134577777) (2023-10-20T02:13:16.134587869) [Dbg] [Sensors.cc:425] SensorsPrivate::Run
(2023-10-20T02:13:16.134694308) (2023-10-20T02:13:16.134704831) [Dbg] [SystemManager.cc:74] Loaded system [gz::sim::systems::Sensors] for entity [1]
(2023-10-20T02:13:16.135019608) (2023-10-20T02:13:16.135041312) [Dbg] [Sensors.cc:402] SensorsPrivate::RenderThread started
(2023-10-20T02:13:16.135068223) (2023-10-20T02:13:16.135076153) [Dbg] [Sensors.cc:245] Waiting for init
(2023-10-20T02:13:16.138343288) (2023-10-20T02:13:16.138357760) [Wrn] [SystemLoader.cc:79] Trying to load deprecated plugin [ignition-gazebo-ackermann-steering-system]. Using [gz-sim-ackermann-steering-system] instead.
(2023-10-20T02:13:16.140215805) (2023-10-20T02:13:16.140233399) [Msg] AckermannSteering subscribing to twist messages on [/cmd_vel]
(2023-10-20T02:13:16.140597875) (2023-10-20T02:13:16.140611294) [Dbg] [SystemManager.cc:74] Loaded system [ignition::gazebo::systems::AckermannSteering] for entity [8]
(2023-10-20T02:13:16.140805170) (2023-10-20T02:13:16.140816446) [Msg] Loaded level [3]
(2023-10-20T02:13:16.143085202) (2023-10-20T02:13:16.143100751) [Msg] Serving world controls on [/world/default/control], [/world/default/control/state] and [/world/default/playback/control]
(2023-10-20T02:13:16.143436773) (2023-10-20T02:13:16.143449636) [Msg] Serving GUI information on [/world/default/gui/info]
(2023-10-20T02:13:16.143481898) (2023-10-20T02:13:16.143490039) [Msg] World [default] initialized with [default_physics] physics profile.
(2023-10-20T02:13:16.143687404) (2023-10-20T02:13:16.143699498) [Msg] Serving world SDF generation service on [/world/default/generate_world_sdf]
(2023-10-20T02:13:16.143868420) (2023-10-20T02:13:16.143880592) [Msg] Serving world names on [/gazebo/worlds]
(2023-10-20T02:13:16.143972690) (2023-10-20T02:13:16.143983542) [Msg] Resource path add service on [/gazebo/resource_paths/add].
(2023-10-20T02:13:16.144071351) (2023-10-20T02:13:16.144081751) [Msg] Resource path get service on [/gazebo/resource_paths/get].
(2023-10-20T02:13:16.144170120) (2023-10-20T02:13:16.144180464) [Msg] Resource path resolve service on [/gazebo/resource_paths/resolve].
(2023-10-20T02:13:16.144309238) (2023-10-20T02:13:16.144326740) [Msg] Resource paths published on [/gazebo/resource_paths].
(2023-10-20T02:13:16.144491665) (2023-10-20T02:13:16.144503173) [Msg] Server control service on [/server_control].
(2023-10-20T02:13:17.603270798) (2023-10-20T02:13:17.603292209) [Msg] Found no publishers on /stats, adding root stats topic
(2023-10-20T02:13:17.603573725) (2023-10-20T02:13:17.603586160) [Msg] Found no publishers on /clock, adding root clock topic
(2023-10-20T02:13:17.603991715) (2023-10-20T02:13:17.604012507) [Dbg] [SimulationRunner.cc:503] Creating PostUpdate worker threads: 7
(2023-10-20T02:13:17.604065085) (2023-10-20T02:13:17.604074983) [Dbg] [SimulationRunner.cc:514] Creating postupdate worker thread (0)
(2023-10-20T02:13:17.604265042) (2023-10-20T02:13:17.604285859) [Dbg] [SimulationRunner.cc:514] Creating postupdate worker thread (1)
(2023-10-20T02:13:17.604537319) (2023-10-20T02:13:17.604555542) [Dbg] [SimulationRunner.cc:514] Creating postupdate worker thread (2)
(2023-10-20T02:13:17.604682407) (2023-10-20T02:13:17.604700301) [Dbg] [SimulationRunner.cc:514] Creating postupdate worker thread (3)
(2023-10-20T02:13:17.605388599) (2023-10-20T02:13:17.605412742) [Dbg] [SimulationRunner.cc:514] Creating postupdate worker thread (4)
(2023-10-20T02:13:17.605504012) (2023-10-20T02:13:17.605516031) [Dbg] [SimulationRunner.cc:514] Creating postupdate worker thread (5)
(2023-10-20T02:13:17.950027809) (2023-10-20T02:13:17.950046454) [Wrn] [MulticopterMotorModel.cc:257] No robotNamespace set using entity name.
(2023-10-20T02:13:17.950093410) (2023-10-20T02:13:17.950108021) [Wrn] [MulticopterMotorModel.cc:295] <motorNumber> is depricated, please use <actuator_number>.
(2023-10-20T02:13:17.950180796) (2023-10-20T02:13:17.950190318) [Dbg] [MulticopterMotorModel.cc:386] Listening to topic: x500_depth_0/command/motor_speed
(2023-10-20T02:13:17.950627395) (2023-10-20T02:13:17.950640516) [Dbg] [SystemManager.cc:74] Loaded system [gz::sim::systems::MulticopterMotorModel] for entity [56]
(2023-10-20T02:13:17.951101008) (2023-10-20T02:13:17.951113908) [Wrn] [MulticopterMotorModel.cc:257] No robotNamespace set using entity name.
(2023-10-20T02:13:17.951146979) (2023-10-20T02:13:17.951156355) [Wrn] [MulticopterMotorModel.cc:295] <motorNumber> is depricated, please use <actuator_number>.
(2023-10-20T02:13:17.951215600) (2023-10-20T02:13:17.951224680) [Dbg] [MulticopterMotorModel.cc:386] Listening to topic: x500_depth_0/command/motor_speed
(2023-10-20T02:13:17.951484641) (2023-10-20T02:13:17.951503686) [Dbg] [SystemManager.cc:74] Loaded system [gz::sim::systems::MulticopterMotorModel] for entity [56]
(2023-10-20T02:13:17.951915212) (2023-10-20T02:13:17.951927826) [Wrn] [MulticopterMotorModel.cc:257] No robotNamespace set using entity name.
(2023-10-20T02:13:17.951952576) (2023-10-20T02:13:17.951961169) [Wrn] [MulticopterMotorModel.cc:295] <motorNumber> is depricated, please use <actuator_number>.
(2023-10-20T02:13:17.952017691) (2023-10-20T02:13:17.952026725) [Dbg] [MulticopterMotorModel.cc:386] Listening to topic: x500_depth_0/command/motor_speed
(2023-10-20T02:13:17.952309760) (2023-10-20T02:13:17.952327875) [Dbg] [SystemManager.cc:74] Loaded system [gz::sim::systems::MulticopterMotorModel] for entity [56]
(2023-10-20T02:13:17.952720647) (2023-10-20T02:13:17.952732569) [Wrn] [MulticopterMotorModel.cc:257] No robotNamespace set using entity name.
(2023-10-20T02:13:17.952757196) (2023-10-20T02:13:17.952765569) [Wrn] [MulticopterMotorModel.cc:295] <motorNumber> is depricated, please use <actuator_number>.
(2023-10-20T02:13:17.952821056) (2023-10-20T02:13:17.952830287) [Dbg] [MulticopterMotorModel.cc:386] Listening to topic: x500_depth_0/command/motor_speed
(2023-10-20T02:13:17.953143755) (2023-10-20T02:13:17.953162662) [Dbg] [SystemManager.cc:74] Loaded system [gz::sim::systems::MulticopterMotorModel] for entity [56]
(2023-10-20T02:13:17.953812454) (2023-10-20T02:13:17.953830508) [Dbg] [UserCommands.cc:1263] Created entity [56] named [x500_depth_0]
(2023-10-20T02:13:17.972774334) (2023-10-20T02:13:17.972793430) [Dbg] [SimulationFeatures.cc:72] Simulation timestep set to: 0.004
(2023-10-20T02:13:17.974531929) (2023-10-20T02:13:17.974561316) [Dbg] [Sensors.cc:659] Initialization needed
(2023-10-20T02:13:17.974646968) (2023-10-20T02:13:17.974668484) [Dbg] [Sensors.cc:257] Initializing render context
(2023-10-20T02:13:17.974846503) (2023-10-20T02:13:17.974862897) [Msg] Loading plugin [gz-rendering-ogre2]
(2023-10-20T02:13:17.975361461) (2023-10-20T02:13:17.975380599) [Dbg] [AirPressureSensor.cc:126] Air pressure for [x500_depth_0::base_link::air_pressure_sensor] advertised on [world/default/model/x500_depth_0/link/base_link/sensor/air_pressure_sensor/air_pressure]
(2023-10-20T02:13:17.975477982) (2023-10-20T02:13:17.975497997) [Dbg] [ImuSensor.cc:149] IMU data for [x500_depth_0::base_link::imu_sensor] advertised on [world/default/model/x500_depth_0/link/base_link/sensor/imu_sensor/imu]
(2023-10-20T02:13:17.976444557) (2023-10-20T02:13:17.976459793) [Msg] Serving scene information on [/world/default/scene/info]
(2023-10-20T02:13:17.976575660) (2023-10-20T02:13:17.976586791) [Msg] Serving graph information on [/world/default/scene/graph]
(2023-10-20T02:13:17.976815685) (2023-10-20T02:13:17.976827340) [Msg] Serving full state on [/world/default/state]
(2023-10-20T02:13:17.976924347) (2023-10-20T02:13:17.976935259) [Msg] Serving full state (async) on [/world/default/state_async]
(2023-10-20T02:13:17.977046337) (2023-10-20T02:13:17.977063378) [Msg] Publishing scene information on [/world/default/scene/info]
(2023-10-20T02:13:17.977224878) (2023-10-20T02:13:17.977238274) [Msg] Publishing entity deletions on [/world/default/scene/deletion]
(2023-10-20T02:13:17.977352633) (2023-10-20T02:13:17.977367112) [Msg] Publishing state changes on [/world/default/state]
(2023-10-20T02:13:17.977477762) (2023-10-20T02:13:17.977493750) [Msg] Publishing pose messages on [/world/default/pose/info]
(2023-10-20T02:13:17.977646935) (2023-10-20T02:13:17.977658535) [Msg] Publishing dynamic pose messages on [/world/default/dynamic_pose/info]
(2023-10-20T02:13:17.978618910) (2023-10-20T02:13:17.978633667) [Dbg] [EntityComponentManager.cc:1655] Updated state thread iterators: 8 threads processing around 13 entities each.
(2023-10-20T02:13:17.996567945) (2023-10-20T02:13:17.996594359) [Wrn] [Component.hh:144] Trying to serialize component with data type [N3sdf3v135WorldE], which doesn't have `operator<<`. Component will not be serialized.
(2023-10-20T02:13:17.996870107) (2023-10-20T02:13:17.996888534) [Wrn] [Model.hh:69] Skipping serialization / deserialization for models with //pose/@relative_to attribute.
(((((() ((2023-10-20T02:13:18.991160) ) 2023-10-20T02:13:18.972957) 2023-10-20T02:13:18.972957) 2023-10-20T02:13:18.1036112[Dbg] [SimulationRunner.cc:530] Exiting postupdate worker thread (3)) )) (((() ) 
(2023-10-20T02:13:18.1179832(2023-10-20T02:13:18.11798322023-10-20T02:13:18.1163642) (2023-10-20T02:13:18.12172922023-10-20T02:13:18.12172922023-10-20T02:13:18.12172922023-10-20T02:13:18.1219771) (() 2023-10-20T02:13:18.1281110) ) [Dbg] [SimulationRunner.cc:530] Exiting postupdate worker thread (1)
[Dbg] [SimulationRunner.cc:530] Exiting postupdate worker thread (0)
[Dbg] [SimulationRunner.cc:530] Exiting postupdate worker thread (2)
Exiting postupdate worker thread (5)
Exiting postupdate worker thread (4)
(2023-10-20T02:13:18.1760064) (2023-10-20T02:13:18.1779456) [Dbg] [SimulationRunner.cc:503] Creating PostUpdate worker threads: 7
(2023-10-20T02:13:18.1830532) (2023-10-20T02:13:18.1845246) [Dbg] [SimulationRunner.cc:514] Creating postupdate worker thread (0)
(2023-10-20T02:13:18.1936516) (2023-10-20T02:13:18.1955004) [Dbg] [SimulationRunner.cc:514] Creating postupdate worker thread (1)
(2023-10-20T02:13:18.2027294) (2023-10-20T02:13:18.2038530) [Dbg] [SimulationRunner.cc:514] Creating postupdate worker thread (2)
(2023-10-20T02:13:18.2115743) (2023-10-20T02:13:18.2131883) [Dbg] [SimulationRunner.cc:514] Creating postupdate worker thread (3)
(2023-10-20T02:13:18.2231113) (2023-10-20T02:13:18.2247615) [Dbg] [SimulationRunner.cc:514] Creating postupdate worker thread (4)
(2023-10-20T02:13:18.2353646) (2023-10-20T02:13:18.2370228) [Dbg] [SimulationRunner.cc:514] Creating postupdate worker thread (5)
(2023-10-20T02:13:18.267930713) (2023-10-20T02:13:18.267943187) [Dbg] [RenderUtil.cc:2720] Create scene [scene]
(2023-10-20T02:13:18.319874229) (2023-10-20T02:13:18.319894015) ([Dbg] [Sensors.cc:277] Rendering Thread initialized
2023-10-20T02:13:18.319934949) (2023-10-20T02:13:18.319967946) [Dbg] [Sensors.cc:659] Initialization needed
(2023-10-20T02:13:18.326699604) (2023-10-20T02:13:18.326713930) [Wrn] [FuelClient.cc:1952] The fuel.ignitionrobotics.org URL is deprecrated. Pleasse change https://fuel.ignitionrobotics.org/1.0/openrobotics/models/prius hybrid/2/files/meshes/Hybrid.obj to https://fuel.gazebosim.org/1.0/openrobotics/models/prius hybrid/2/files/meshes/Hybrid.obj
(2023-10-20T02:13:18.326829156) (2023-10-20T02:13:18.326839434) [Wrn] [FuelClient.cc:1952] The fuel.ignitionrobotics.org URL is deprecrated. Pleasse change https://fuel.ignitionrobotics.org/1.0/openrobotics/models/prius hybrid/2/files/meshes/Hybrid.obj to https://fuel.gazebosim.org/1.0/openrobotics/models/prius hybrid/2/files/meshes/Hybrid.obj
(2023-10-20T02:13:18.331276011) (2023-10-20T02:13:18.331289701) [Wrn] [OBJLoader.cc:91] Both `d` and `Tr` parameters defined for "Hybrid". Use the value of `d` for dissolve (line 8 in .mtl.)
Both `d` and `Tr` parameters defined for "Wheels3". Use the value of `d` for dissolve (line 22 in .mtl.)
Both `d` and `Tr` parameters defined for "Hybrid_Interior". Use the value of `d` for dissolve (line 36 in .mtl.)
Both `d` and `Tr` parameters defined for "Windows". Use the value of `d` for dissolve (line 50 in .mtl.)

(2023-10-20T02:13:21.225325304) (2023-10-20T02:13:21.225346770) [Dbg] [CameraSensor.cc:458] Camera images for [prius_hybrid::chassis::back_camera_sensor] advertised on [back_camera]
(2023-10-20T02:13:21.225616889) (2023-10-20T02:13:21.225633961) [Dbg] [CameraSensor.cc:786] Camera info for [prius_hybrid::chassis::back_camera_sensor] advertised on [/camera_info]
(2023-10-20T02:13:21.225832161) (2023-10-20T02:13:21.225843498) [Wrn] [Ogre2Camera.cc:412] Ogre2Camera::SetVisibilityMask: Mask bits c0000000 are set but will be ignored as they conflict with the reserved bits used internally by the ogre2 backend.
(2023-10-20T02:13:21.226307704) (2023-10-20T02:13:21.226327030) [Dbg] [CameraSensor.cc:458] Camera images for [prius_hybrid::chassis::front_camera_sensor] advertised on [front_camera]
(2023-10-20T02:13:21.226484606) (2023-10-20T02:13:21.226503504) [Dbg] [CameraSensor.cc:786] Camera info for [prius_hybrid::chassis::front_camera_sensor] advertised on [/camera_info]
(2023-10-20T02:13:21.226586032) (2023-10-20T02:13:21.226596478) [Wrn] [Ogre2Camera.cc:412] Ogre2Camera::SetVisibilityMask: Mask bits c0000000 are set but will be ignored as they conflict with the reserved bits used internally by the ogre2 backend.
(2023-10-20T02:13:21.226877279) (2023-10-20T02:13:21.226896699) [Dbg] [CameraSensor.cc:458] Camera images for [prius_hybrid::chassis::left_camera_sensor] advertised on [left_camera]
(2023-10-20T02:13:21.227013838) (2023-10-20T02:13:21.227032022) [Dbg] [CameraSensor.cc:786] Camera info for [prius_hybrid::chassis::left_camera_sensor] advertised on [/camera_info]
(2023-10-20T02:13:21.227105886) (2023-10-20T02:13:21.227116258) [Wrn] [Ogre2Camera.cc:412] Ogre2Camera::SetVisibilityMask: Mask bits c0000000 are set but will be ignored as they conflict with the reserved bits used internally by the ogre2 backend.
(2023-10-20T02:13:21.227374921) (2023-10-20T02:13:21.227393918) [Dbg] [CameraSensor.cc:458] Camera images for [prius_hybrid::chassis::right_camera_sensor] advertised on [right_camera]
(2023-10-20T02:13:21.227505940) (2023-10-20T02:13:21.227523347) [Dbg] [CameraSensor.cc:786] Camera info for [prius_hybrid::chassis::right_camera_sensor] advertised on [/camera_info]
(2023-10-20T02:13:21.227594240) (2023-10-20T02:13:21.227603862) [Wrn] [Ogre2Camera.cc:412] Ogre2Camera::SetVisibilityMask: Mask bits c0000000 are set but will be ignored as they conflict with the reserved bits used internally by the ogre2 backend.
(2023-10-20T02:13:21.227850161) (2023-10-20T02:13:21.227868519) [Dbg] [CameraSensor.cc:458] Camera images for [x500_depth_0::OakD-Lite/base_link::IMX214] advertised on [camera]
(2023-10-20T02:13:21.228008385) (2023-10-20T02:13:21.228025884) [Dbg] [CameraSensor.cc:786] Camera info for [x500_depth_0::OakD-Lite/base_link::IMX214] advertised on [/camera_info]
(2023-10-20T02:13:21.228107790) (2023-10-20T02:13:21.228123438) [Wrn] [Ogre2Camera.cc:412] Ogre2Camera::SetVisibilityMask: Mask bits c0000000 are set but will be ignored as they conflict with the reserved bits used internally by the ogre2 backend.
(2023-10-20T02:13:21.228548241) (2023-10-20T02:13:21.228567130) [Dbg] [DepthCameraSensor.cc:282] Depth images for [x500_depth_0::OakD-Lite/base_link::StereoOV7251] advertised on [depth_camera]
(2023-10-20T02:13:21.228697776) (2023-10-20T02:13:21.228716119) [Dbg] [CameraSensor.cc:786] Camera info for [x500_depth_0::OakD-Lite/base_link::StereoOV7251] advertised on [/camera_info]
(2023-10-20T02:13:21.228945420) (2023-10-20T02:13:21.228963531) [Dbg] [DepthCameraSensor.cc:299] Points for [x500_depth_0::OakD-Lite/base_link::StereoOV7251] advertised on [depth_camera/points]
(2023-10-20T02:18:02.758842842) (2023-10-20T02:18:02.758918300) [Dbg] [SignalHandler.cc:142] Received signal[2].
(2023-10-20T02:18:02.759006948) (2023-10-20T02:18:02.759031824) [Dbg] [ServerPrivate.cc:115] Server received signal[2]
(2023-10-20T02:18:02.759121569) (2023-10-20T02:18:02.759159601) [Dbg] [Sensors.cc:433] SensorsPrivate::Stop
(2023-10-20T02:18:02.939607762) (2023-10-20T02:18:02.939627840) [Dbg] [Sensors.cc:419] SensorsPrivate::RenderThread stopped
(2023-10-20T02:18:02.942956173) (2023-10-20T02:18:02.942988824) [Dbg] [gz.cc:417] Shutting down gz-sim-server
((2023-10-20T02:18:02.9493250092023-10-20T02:18:02.9493250092023-10-20T02:18:02.949353511) ((2023-10-20T02:18:02.949389883((2023-10-20T02:18:02.949389883() (() () 2023-10-20T02:18:02.949423531() 2023-10-20T02:18:02.949423531) ((2023-10-20T02:18:02.949498708) () ([Dbg] [SimulationRunner.cc:530] 2023-10-20T02:18:02.9495458202023-10-20T02:18:02.949526784) 2023-10-20T02:18:02.949526784) 2023-10-20T02:18:02.9494137902023-10-20T02:18:02.949526784) 2023-10-20T02:18:02.9494137902023-10-20T02:18:02.949526784) 2023-10-20T02:18:02.949413790) () Exiting postupdate worker thread (4)
2023-10-20T02:18:02.949484049) [Dbg] [SimulationRunner.cc:530] Exiting postupdate worker thread (3)
Exiting postupdate worker thread ([Dbg] [SimulationRunner.cc:530] Exiting postupdate worker thread (5)
[Dbg] [SimulationRunner.cc:530] Exiting postupdate worker thread (1)
2)
Exiting postupdate worker thread (0)
(2023-10-20T02:18:03.11033169) (2023-10-20T02:18:03.11060814) [Dbg] [Sensors.cc:433] SensorsPrivate::Stop
