(2023-10-20T01:56:10.128650793) (2023-10-20T01:56:10.128669633) [Msg] Gazebo Sim Server v7.6.0
(2023-10-20T01:56:10.134693076) (2023-10-20T01:56:10.134709280) [Msg] Loading SDF world file[/home/bassam/PX4-Autopilot/Tools/simulation/gz/worlds/default.sdf].
(2023-10-20T01:56:10.307798311) (2023-10-20T01:56:10.307816958) [Msg] Serving entity system service on [/entity/system/add]
(2023-10-20T01:56:10.516207651) (2023-10-20T01:56:10.516232104) [Dbg] [Physics.cc:880] Loaded [gz::physics::dartsim::Plugin] from library [/usr/lib/x86_64-linux-gnu/gz-physics-6/engine-plugins/libgz-physics-dartsim-plugin.so]
(2023-10-20T01:56:10.516347242) (2023-10-20T01:56:10.516362304) [Dbg] [SystemManager.cc:74] Loaded system [gz::sim::systems::Physics] for entity [1]
(2023-10-20T01:56:10.526834481) (2023-10-20T01:56:10.526856042) [Msg] Create service on [/world/default/create]
(2023-10-20T01:56:10.627339394) (2023-10-20T01:56:10.627356792) [Msg] Remove service on [/world/default/remove]
(2023-10-20T01:56:10.627531635) (2023-10-20T01:56:10.627549983) [Msg] Pose service on [/world/default/set_pose]
(2023-10-20T01:56:10.627747211) (2023-10-20T01:56:10.627765539) [Msg] Pose service on [/world/default/set_pose_vector]
(2023-10-20T01:56:10.628045895) (2023-10-20T01:56:10.628065396) [Msg] Light configuration service on [/world/default/light_config]
(2023-10-20T01:56:10.628397251) (2023-10-20T01:56:10.628415886) [Msg] Physics service on [/world/default/set_physics]
(2023-10-20T01:56:10.628661590) (2023-10-20T01:56:10.628677862) [Msg] SphericalCoordinates service on [/world/default/set_spherical_coordinates]
(2023-10-20T01:56:10.628799637) (2023-10-20T01:56:10.628817489) [Msg] Enable collision service on [/world/default/enable_collision]
(2023-10-20T01:56:10.628948670) (2023-10-20T01:56:10.628965644) [Msg] Disable collision service on [/world/default/disable_collision]
(2023-10-20T01:56:10.629212139) (2023-10-20T01:56:10.629230265) [Msg] Material service on [/world/default/visual_config]
(2023-10-20T01:56:10.629406532) (2023-10-20T01:56:10.629424680) [Msg] Material service on [/world/default/wheel_slip]
(2023-10-20T01:56:10.629478803) (2023-10-20T01:56:10.629487565) [Dbg] [SystemManager.cc:74] Loaded system [gz::sim::systems::UserCommands] for entity [1]
(2023-10-20T01:56:10.631445466) (2023-10-20T01:56:10.631460351) [Dbg] [SystemManager.cc:74] Loaded system [gz::sim::systems::SceneBroadcaster] for entity [1]
(2023-10-20T01:56:10.632764998) (2023-10-20T01:56:10.632778947) [Dbg] [SystemManager.cc:74] Loaded system [gz::sim::systems::Contact] for entity [1]
(2023-10-20T01:56:10.634728866) (2023-10-20T01:56:10.634742942) [Dbg] [SystemManager.cc:74] Loaded system [gz::sim::systems::Imu] for entity [1]
(2023-10-20T01:56:10.636297557) (2023-10-20T01:56:10.636311215) [Dbg] [SystemManager.cc:74] Loaded system [gz::sim::systems::AirPressure] for entity [1]
(2023-10-20T01:56:10.637754245) (2023-10-20T01:56:10.637768193) [Msg] Listening to instantaneous wrench commands in [/world/default/wrench]
(2023-10-20T01:56:10.637858440) (2023-10-20T01:56:10.637869213) [Msg] Listening to persistent wrench commands in [/world/default/wrench/persistent]
(2023-10-20T01:56:10.637949077) (2023-10-20T01:56:10.637959532) [Msg] Listening to wrench clear commands in [/world/default/wrench/clear]
(2023-10-20T01:56:10.637993864) (2023-10-20T01:56:10.638002532) [Dbg] [SystemManager.cc:74] Loaded system [gz::sim::systems::ApplyLinkWrench] for entity [1]
(2023-10-20T01:56:10.647055094) (2023-10-20T01:56:10.647073181) [Dbg] [Sensors.cc:506] Configuring Sensors system
(2023-10-20T01:56:10.647190694) (2023-10-20T01:56:10.647200814) [Dbg] [Sensors.cc:425] SensorsPrivate::Run
(2023-10-20T01:56:10.647306225) (2023-10-20T01:56:10.647316694) [Dbg] [SystemManager.cc:74] Loaded system [gz::sim::systems::Sensors] for entity [1]
(2023-10-20T01:56:10.647377373) (2023-10-20T01:56:10.647397103) [Dbg] [Sensors.cc:402] SensorsPrivate::RenderThread started
(2023-10-20T01:56:10.647424257) (2023-10-20T01:56:10.647432939) [Dbg] [Sensors.cc:245] Waiting for init
(2023-10-20T01:56:10.650924129) (2023-10-20T01:56:10.650938740) [Wrn] [SystemLoader.cc:79] Trying to load deprecated plugin [ignition-gazebo-ackermann-steering-system]. Using [gz-sim-ackermann-steering-system] instead.
(2023-10-20T01:56:10.652701728) (2023-10-20T01:56:10.652715634) [Msg] AckermannSteering subscribing to twist messages on [/cmd_vel]
(2023-10-20T01:56:10.652999524) (2023-10-20T01:56:10.653011782) [Dbg] [SystemManager.cc:74] Loaded system [ignition::gazebo::systems::AckermannSteering] for entity [8]
(2023-10-20T01:56:10.653193442) (2023-10-20T01:56:10.653204519) [Msg] Loaded level [3]
(2023-10-20T01:56:10.655624124) (2023-10-20T01:56:10.655648114) [Msg] Serving world controls on [/world/default/control], [/world/default/control/state] and [/world/default/playback/control]
(2023-10-20T01:56:10.655954520) (2023-10-20T01:56:10.655973052) [Msg] Serving GUI information on [/world/default/gui/info]
(2023-10-20T01:56:10.656016773) (2023-10-20T01:56:10.656026019) [Msg] World [default] initialized with [default_physics] physics profile.
(2023-10-20T01:56:10.656240334) (2023-10-20T01:56:10.656258831) [Msg] Serving world SDF generation service on [/world/default/generate_world_sdf]
(2023-10-20T01:56:10.656429870) (2023-10-20T01:56:10.656447795) [Msg] Serving world names on [/gazebo/worlds]
(2023-10-20T01:56:10.656566147) (2023-10-20T01:56:10.656584205) [Msg] Resource path add service on [/gazebo/resource_paths/add].
(2023-10-20T01:56:10.656695903) (2023-10-20T01:56:10.656712818) [Msg] Resource path get service on [/gazebo/resource_paths/get].
(2023-10-20T01:56:10.656828812) (2023-10-20T01:56:10.656845881) [Msg] Resource path resolve service on [/gazebo/resource_paths/resolve].
(2023-10-20T01:56:10.656949083) (2023-10-20T01:56:10.656959441) [Msg] Resource paths published on [/gazebo/resource_paths].
(2023-10-20T01:56:10.657122902) (2023-10-20T01:56:10.657141198) [Msg] Server control service on [/server_control].
(2023-10-20T01:56:12.132529798) (2023-10-20T01:56:12.132546489) [Msg] Found no publishers on /stats, adding root stats topic
(2023-10-20T01:56:12.132844799) (2023-10-20T01:56:12.132864142) [Msg] Found no publishers on /clock, adding root clock topic
(2023-10-20T01:56:12.133170468) (2023-10-20T01:56:12.133188974) [Dbg] [SimulationRunner.cc:503] Creating PostUpdate worker threads: 7
(2023-10-20T01:56:12.133237004) (2023-10-20T01:56:12.133251504) [Dbg] [SimulationRunner.cc:514] Creating postupdate worker thread (0)
(2023-10-20T01:56:12.133386366) (2023-10-20T01:56:12.133397915) [Dbg] [SimulationRunner.cc:514] Creating postupdate worker thread (1)
(2023-10-20T01:56:12.133490401) (2023-10-20T01:56:12.133500641) [Dbg] [SimulationRunner.cc:514] Creating postupdate worker thread (2)
(2023-10-20T01:56:12.133588229) (2023-10-20T01:56:12.133614160) [Dbg] [SimulationRunner.cc:514] Creating postupdate worker thread (3)
(2023-10-20T01:56:12.133690666) (2023-10-20T01:56:12.133700807) [Dbg] [SimulationRunner.cc:514] Creating postupdate worker thread (4)
(2023-10-20T01:56:12.133775892) (2023-10-20T01:56:12.133785812) [Dbg] [SimulationRunner.cc:514] Creating postupdate worker thread (5)
(2023-10-20T01:56:12.450903124) (2023-10-20T01:56:12.450922303) [Wrn] [MulticopterMotorModel.cc:257] No robotNamespace set using entity name.
(2023-10-20T01:56:12.450966653) (2023-10-20T01:56:12.450976715) [Wrn] [MulticopterMotorModel.cc:295] <motorNumber> is depricated, please use <actuator_number>.
(2023-10-20T01:56:12.451043771) (2023-10-20T01:56:12.451053716) [Dbg] [MulticopterMotorModel.cc:386] Listening to topic: x500_depth_0/command/motor_speed
(2023-10-20T01:56:12.451468698) (2023-10-20T01:56:12.451487898) [Dbg] [SystemManager.cc:74] Loaded system [gz::sim::systems::MulticopterMotorModel] for entity [57]
(2023-10-20T01:56:12.451950542) (2023-10-20T01:56:12.451963875) [Wrn] [MulticopterMotorModel.cc:257] No robotNamespace set using entity name.
(2023-10-20T01:56:12.451989459) (2023-10-20T01:56:12.451998446) [Wrn] [MulticopterMotorModel.cc:295] <motorNumber> is depricated, please use <actuator_number>.
(2023-10-20T01:56:12.452056232) (2023-10-20T01:56:12.452065408) [Dbg] [MulticopterMotorModel.cc:386] Listening to topic: x500_depth_0/command/motor_speed
(2023-10-20T01:56:12.452301402) (2023-10-20T01:56:12.452313057) [Dbg] [SystemManager.cc:74] Loaded system [gz::sim::systems::MulticopterMotorModel] for entity [57]
(2023-10-20T01:56:12.452666234) (2023-10-20T01:56:12.452677818) [Wrn] [MulticopterMotorModel.cc:257] No robotNamespace set using entity name.
(2023-10-20T01:56:12.452702138) (2023-10-20T01:56:12.452710370) [Wrn] [MulticopterMotorModel.cc:295] <motorNumber> is depricated, please use <actuator_number>.
(2023-10-20T01:56:12.452766624) (2023-10-20T01:56:12.452775542) [Dbg] [MulticopterMotorModel.cc:386] Listening to topic: x500_depth_0/command/motor_speed
(2023-10-20T01:56:12.452997915) (2023-10-20T01:56:12.453009665) [Dbg] [SystemManager.cc:74] Loaded system [gz::sim::systems::MulticopterMotorModel] for entity [57]
(2023-10-20T01:56:12.453368746) (2023-10-20T01:56:12.453380397) [Wrn] [MulticopterMotorModel.cc:257] No robotNamespace set using entity name.
(2023-10-20T01:56:12.453405248) (2023-10-20T01:56:12.453413403) [Wrn] [MulticopterMotorModel.cc:295] <motorNumber> is depricated, please use <actuator_number>.
(2023-10-20T01:56:12.453469686) (2023-10-20T01:56:12.453478393) [Dbg] [MulticopterMotorModel.cc:386] Listening to topic: x500_depth_0/command/motor_speed
(2023-10-20T01:56:12.453796689) (2023-10-20T01:56:12.453814562) [Dbg] [SystemManager.cc:74] Loaded system [gz::sim::systems::MulticopterMotorModel] for entity [57]
(2023-10-20T01:56:12.454437085) (2023-10-20T01:56:12.454454244) [Dbg] [UserCommands.cc:1263] Created entity [57] named [x500_depth_0]
(2023-10-20T01:56:12.477797985) (2023-10-20T01:56:12.477820257) [Dbg] [SimulationFeatures.cc:72] Simulation timestep set to: 0.004
(2023-10-20T01:56:12.480073238) (2023-10-20T01:56:12.480109953) [Dbg] [Sensors.cc:659] Initialization needed
(2023-10-20T01:56:12.480186672) (2023-10-20T01:56:12.480210364) [Dbg] [Sensors.cc:257] Initializing render context
(2023-10-20T01:56:12.480433201) (2023-10-20T01:56:12.480450930) [Msg] Loading plugin [gz-rendering-ogre2]
((2023-10-20T01:56:12.482024700) (2023-10-20T01:56:12.482052007) 2023-10-20T01:56:12.481965398) (2023-10-20T01:56:12.482097614) [Dbg] [ImuSensor.cc:149] IMU data for [[Dbg] [AirPressureSensor.cc:126] Air pressure for [x500_depth_0::base_link::imu_sensor] advertised on [x500_depth_0::base_link::air_pressure_sensor] advertised on [world/default/model/x500_depth_0/link/base_link/sensor/air_pressure_sensor/air_pressure]]world/default/model/x500_depth_0/link/base_link/sensor/imu_sensor/imu]



(2023-10-20T01:56:12.483761933) (2023-10-20T01:56:12.483783494) [Msg] Serving scene information on [/world/default/scene/info]
(2023-10-20T01:56:12.483921820) (2023-10-20T01:56:12.483933581) [Msg] Serving graph information on [/world/default/scene/graph]
(2023-10-20T01:56:12.484342801) (2023-10-20T01:56:12.484364778) [Msg] Serving full state on [/world/default/state]
(2023-10-20T01:56:12.484517127) (2023-10-20T01:56:12.484534739) [Msg] Serving full state (async) on [/world/default/state_async]
(2023-10-20T01:56:12.484709487) (2023-10-20T01:56:12.484727851) [Msg] Publishing scene information on [/world/default/scene/info]
(2023-10-20T01:56:12.485001131) (2023-10-20T01:56:12.485022166) [Msg] Publishing entity deletions on [/world/default/scene/deletion]
(2023-10-20T01:56:12.485141187) (2023-10-20T01:56:12.485158841) [Msg] Publishing state changes on [/world/default/state]
(2023-10-20T01:56:12.485353841) (2023-10-20T01:56:12.485371865) [Msg] Publishing pose messages on [/world/default/pose/info]
(2023-10-20T01:56:12.485516412) (2023-10-20T01:56:12.485533976) [Msg] Publishing dynamic pose messages on [/world/default/dynamic_pose/info]
(2023-10-20T01:56:12.486807747) (2023-10-20T01:56:12.486832491) [Dbg] [EntityComponentManager.cc:1655] Updated state thread iterators: 8 threads processing around 13 entities each.
(2023-10-20T01:56:12.511018543) (2023-10-20T01:56:12.511037271) [Wrn] [Component.hh:144] Trying to serialize component with data type [N3sdf3v135WorldE], which doesn't have `operator<<`. Component will not be serialized.
(2023-10-20T01:56:12.511338757) (2023-10-20T01:56:12.511357498) [Wrn] [Model.hh:69] Skipping serialization / deserialization for models with //pose/@relative_to attribute.
((2023-10-20T01:56:12.514930446) (2023-10-20T01:56:12.5149289452023-10-20T01:56:12.5149289452023-10-20T01:56:12.514958236) (2023-10-20T01:56:12.514988858) (2023-10-20T01:56:12.515054348) ) [Dbg] [SimulationRunner.cc:530] 2023-10-20T01:56:12.515030231(() 2023-10-20T01:56:12.515101867) 2023-10-20T01:56:12.515101867) 2023-10-20T01:56:12.515101867) 2023-10-20T01:56:12.515101867() ) ) ) (() (Exiting postupdate worker thread (2023-10-20T01:56:12.515195982) Exiting postupdate worker thread ([Dbg] [SimulationRunner.cc:530] 2023-10-20T01:56:12.5152159222023-10-20T01:56:12.515215922Exiting postupdate worker thread (1) [Dbg] [SimulationRunner.cc:530] )Exiting postupdate worker thread (4
[Dbg] [SimulationRunner.cc:530] [Dbg] [SimulationRunner.cc:530] [Dbg] [SimulationRunner.cc:530] [Dbg] [SimulationRunner.cc:530] Exiting postupdate worker thread (3)
Exiting postupdate worker thread (2)

)

[Dbg] [SimulationRunner.cc:530] Exiting postupdate worker thread (5)
(2023-10-20T01:56:12.515733164) (2023-10-20T01:56:12.515759304) [Dbg] [SimulationRunner.cc:503] Creating PostUpdate worker threads: 7
(2023-10-20T01:56:12.515815927) (2023-10-20T01:56:12.515831656) [Dbg] [SimulationRunner.cc:514] Creating postupdate worker thread (0)
(2023-10-20T01:56:12.515925609) (2023-10-20T01:56:12.515944284) [Dbg] [SimulationRunner.cc:514] Creating postupdate worker thread (1)
(2023-10-20T01:56:12.516019785) (2023-10-20T01:56:12.516036378) [Dbg] [SimulationRunner.cc:514] Creating postupdate worker thread (2)
(2023-10-20T01:56:12.516121783) (2023-10-20T01:56:12.516136917) [Dbg] [SimulationRunner.cc:514] Creating postupdate worker thread (3)
(2023-10-20T01:56:12.516212749) (2023-10-20T01:56:12.516229402) [Dbg] [SimulationRunner.cc:514] Creating postupdate worker thread (4)
(2023-10-20T01:56:12.516388018) (2023-10-20T01:56:12.516404239) [Dbg] [SimulationRunner.cc:514] Creating postupdate worker thread (5)
(2023-10-20T01:56:12.778606090) (2023-10-20T01:56:12.778619246) [Dbg] [RenderUtil.cc:2720] Create scene [scene]
(2023-10-20T01:56:12.830105104) (2023-10-20T01:56:12.830136374) [Dbg] [Sensors.cc:277] Rendering Thread initialized
) ) (2023-10-20T01:56:12.830197363) [Dbg] [Sensors.cc:659] Initialization needed
(2023-10-20T01:56:12.836239962) (2023-10-20T01:56:12.836260964) [Wrn] [FuelClient.cc:1952] The fuel.ignitionrobotics.org URL is deprecrated. Pleasse change https://fuel.ignitionrobotics.org/1.0/openrobotics/models/prius hybrid/2/files/meshes/Hybrid.obj to https://fuel.gazebosim.org/1.0/openrobotics/models/prius hybrid/2/files/meshes/Hybrid.obj
(2023-10-20T01:56:12.836385639) (2023-10-20T01:56:12.836395880) [Wrn] [FuelClient.cc:1952] The fuel.ignitionrobotics.org URL is deprecrated. Pleasse change https://fuel.ignitionrobotics.org/1.0/openrobotics/models/prius hybrid/2/files/meshes/Hybrid.obj to https://fuel.gazebosim.org/1.0/openrobotics/models/prius hybrid/2/files/meshes/Hybrid.obj
(2023-10-20T01:56:12.841091380) (2023-10-20T01:56:12.841107271) [Wrn] [OBJLoader.cc:91] Both `d` and `Tr` parameters defined for "Hybrid". Use the value of `d` for dissolve (line 8 in .mtl.)
Both `d` and `Tr` parameters defined for "Wheels3". Use the value of `d` for dissolve (line 22 in .mtl.)
Both `d` and `Tr` parameters defined for "Hybrid_Interior". Use the value of `d` for dissolve (line 36 in .mtl.)
Both `d` and `Tr` parameters defined for "Windows". Use the value of `d` for dissolve (line 50 in .mtl.)

(2023-10-20T01:56:15.716022057) (2023-10-20T01:56:15.716042965) [Dbg] [CameraSensor.cc:458] Camera images for [prius_hybrid::chassis::back_camera_sensor] advertised on [back_camera]
(2023-10-20T01:56:15.716276895) (2023-10-20T01:56:15.716296215) [Dbg] [CameraSensor.cc:786] Camera info for [prius_hybrid::chassis::back_camera_sensor] advertised on [/camera_info]
(2023-10-20T01:56:15.716489448) (2023-10-20T01:56:15.716500141) [Wrn] [Ogre2Camera.cc:412] Ogre2Camera::SetVisibilityMask: Mask bits c0000000 are set but will be ignored as they conflict with the reserved bits used internally by the ogre2 backend.
(2023-10-20T01:56:15.716982899) (2023-10-20T01:56:15.716995553) [Dbg] [CameraSensor.cc:458] Camera images for [prius_hybrid::chassis::front_camera_sensor] advertised on [front_camera]
(2023-10-20T01:56:15.717087770) (2023-10-20T01:56:15.717098081) [Dbg] [CameraSensor.cc:786] Camera info for [prius_hybrid::chassis::front_camera_sensor] advertised on [/camera_info]
(2023-10-20T01:56:15.717165763) (2023-10-20T01:56:15.717175459) [Wrn] [Ogre2Camera.cc:412] Ogre2Camera::SetVisibilityMask: Mask bits c0000000 are set but will be ignored as they conflict with the reserved bits used internally by the ogre2 backend.
(2023-10-20T01:56:15.717465564) (2023-10-20T01:56:15.717478211) [Dbg] [CameraSensor.cc:458] Camera images for [prius_hybrid::chassis::left_camera_sensor] advertised on [left_camera]
(2023-10-20T01:56:15.717569926) (2023-10-20T01:56:15.717580427) [Dbg] [CameraSensor.cc:786] Camera info for [prius_hybrid::chassis::left_camera_sensor] advertised on [/camera_info]
(2023-10-20T01:56:15.717659258) (2023-10-20T01:56:15.717668902) [Wrn] [Ogre2Camera.cc:412] Ogre2Camera::SetVisibilityMask: Mask bits c0000000 are set but will be ignored as they conflict with the reserved bits used internally by the ogre2 backend.
(2023-10-20T01:56:15.717930826) (2023-10-20T01:56:15.717943497) [Dbg] [CameraSensor.cc:458] Camera images for [prius_hybrid::chassis::right_camera_sensor] advertised on [right_camera]
(2023-10-20T01:56:15.718031784) (2023-10-20T01:56:15.718043022) [Dbg] [CameraSensor.cc:786] Camera info for [prius_hybrid::chassis::right_camera_sensor] advertised on [/camera_info]
(2023-10-20T01:56:15.718105904) (2023-10-20T01:56:15.718116602) [Wrn] [Ogre2Camera.cc:412] Ogre2Camera::SetVisibilityMask: Mask bits c0000000 are set but will be ignored as they conflict with the reserved bits used internally by the ogre2 backend.
(2023-10-20T01:56:15.718385702) (2023-10-20T01:56:15.718402183) [Dbg] [CameraSensor.cc:458] Camera images for [x500_depth_0::OakD-Lite/base_link::IMX214] advertised on [camera]
(2023-10-20T01:56:15.718546611) (2023-10-20T01:56:15.718563365) [Dbg] [CameraSensor.cc:786] Camera info for [x500_depth_0::OakD-Lite/base_link::IMX214] advertised on [/camera_info]
(2023-10-20T01:56:15.718661420) (2023-10-20T01:56:15.718672668) [Wrn] [Ogre2Camera.cc:412] Ogre2Camera::SetVisibilityMask: Mask bits c0000000 are set but will be ignored as they conflict with the reserved bits used internally by the ogre2 backend.
(2023-10-20T01:56:15.719085286) (2023-10-20T01:56:15.719098236) [Dbg] [DepthCameraSensor.cc:282] Depth images for [x500_depth_0::OakD-Lite/base_link::StereoOV7251] advertised on [depth_camera]
(2023-10-20T01:56:15.719206327) (2023-10-20T01:56:15.719217551) [Dbg] [CameraSensor.cc:786] Camera info for [x500_depth_0::OakD-Lite/base_link::StereoOV7251] advertised on [/camera_info]
(2023-10-20T01:56:15.719408582) (2023-10-20T01:56:15.719419924) [Dbg] [DepthCameraSensor.cc:299] Points for [x500_depth_0::OakD-Lite/base_link::StereoOV7251] advertised on [depth_camera/points]
(2023-10-20T02:01:18.741246416) (2023-10-20T02:01:18.741314605) [Dbg] [SignalHandler.cc:142] Received signal[2].
(2023-10-20T02:01:18.741391969) (2023-10-20T02:01:18.741407688) [Dbg] [ServerPrivate.cc:115] Server received signal[2]
(2023-10-20T02:01:18.741459042) (2023-10-20T02:01:18.741473576) [Dbg] [Sensors.cc:433] SensorsPrivate::Stop
(2023-10-20T02:01:18.882519827) (2023-10-20T02:01:18.882539501) [Dbg] [Sensors.cc:419] SensorsPrivate::RenderThread stopped
(2023-10-20T02:01:18.882814947) (2023-10-20T02:01:18.882831332) [Dbg] [gz.cc:417] Shutting down gz-sim-server
((2023-10-20T02:01:18.888561492) (2023-10-20T02:01:18.888583861) ) ((2023-10-20T02:01:18.888624735) ([Dbg] [SimulationRunner.cc:530] Exiting postupdate worker thread (3)
((2023-10-20T02:01:18.888758638) (2023-10-20T02:01:18.888785281) 2023-10-20T02:01:18.888736747) (2023-10-20T02:01:18.888818893) 2023-10-20T02:01:18.888667230) (2023-10-20T02:01:18.888858714) [Dbg] [SimulationRunner.cc:530] Exiting postupdate worker thread (2023-10-20T02:01:18.88895508022023-10-20T02:01:18.8889550802) (2023-10-20T02:01:18.888980399) )
[Dbg] [SimulationRunner.cc:530] Exiting postupdate worker thread (
Exiting postupdate worker thread (5)
[Dbg] [SimulationRunner.cc:530] Exiting postupdate worker thread (4)
1)
Exiting postupdate worker thread (0)
(2023-10-20T02:01:18.938946192) (2023-10-20T02:01:18.938967809) [Dbg] [Sensors.cc:433] SensorsPrivate::Stop
