(2023-10-28T16:43:28.397589315) (2023-10-28T16:43:28.397603681) [Msg] Gazebo Sim Server v7.6.0
(2023-10-28T16:43:28.401113687) (2023-10-28T16:43:28.401132969) [Msg] Loading default world.
(2023-10-28T16:43:28.504659164) (2023-10-28T16:43:28.504679541) [Msg] Serving entity system service on [/entity/system/add]
(2023-10-28T16:43:28.505138360) (2023-10-28T16:43:28.505152877) [Msg] Loaded level [3]
(2023-10-28T16:43:28.505233282) (2023-10-28T16:43:28.505245388) [Msg] No systems loaded from SDF, loading defaults
(2023-10-28T16:43:28.505552824) (2023-10-28T16:43:28.505564811) [Dbg] [ServerConfig.cc:1062] Loaded (3) plugins from file [/home/bassam/.gz/sim/7/server.config]
(2023-10-28T16:43:28.641812226) (2023-10-28T16:43:28.641832597) [Dbg] [Physics.cc:880] Loaded [gz::physics::dartsim::Plugin] from library [/usr/lib/x86_64-linux-gnu/gz-physics-6/engine-plugins/libgz-physics-dartsim-plugin.so]
(2023-10-28T16:43:28.641920400) (2023-10-28T16:43:28.641933489) [Dbg] [SystemManager.cc:74] Loaded system [gz::sim::systems::Physics] for entity [1]
(2023-10-28T16:43:28.655439876) (2023-10-28T16:43:28.655461739) [Msg] Create service on [/world/default/create]
(2023-10-28T16:43:28.656154529) (2023-10-28T16:43:28.656169776) [Msg] Remove service on [/world/default/remove]
(2023-10-28T16:43:28.656762422) (2023-10-28T16:43:28.656777168) [Msg] Pose service on [/world/default/set_pose]
(2023-10-28T16:43:28.657124066) (2023-10-28T16:43:28.657138194) [Msg] Pose service on [/world/default/set_pose_vector]
(2023-10-28T16:43:28.657558256) (2023-10-28T16:43:28.657573385) [Msg] Light configuration service on [/world/default/light_config]
(2023-10-28T16:43:28.658438159) (2023-10-28T16:43:28.658506862) [Msg] Physics service on [/world/default/set_physics]
(2023-10-28T16:43:28.658973940) (2023-10-28T16:43:28.658988796) [Msg] SphericalCoordinates service on [/world/default/set_spherical_coordinates]
(2023-10-28T16:43:28.659293942) (2023-10-28T16:43:28.659307844) [Msg] Enable collision service on [/world/default/enable_collision]
(2023-10-28T16:43:28.659569477) (2023-10-28T16:43:28.659582536) [Msg] Disable collision service on [/world/default/disable_collision]
(2023-10-28T16:43:28.660035612) (2023-10-28T16:43:28.660049008) [Msg] Material service on [/world/default/visual_config]
(2023-10-28T16:43:28.662780459) (2023-10-28T16:43:28.662796201) [Msg] Material service on [/world/default/wheel_slip]
(2023-10-28T16:43:28.662875184) (2023-10-28T16:43:28.662887534) [Dbg] [SystemManager.cc:74] Loaded system [gz::sim::systems::UserCommands] for entity [1]
(2023-10-28T16:43:28.664998924) (2023-10-28T16:43:28.665013850) [Dbg] [SystemManager.cc:74] Loaded system [gz::sim::systems::SceneBroadcaster] for entity [1]
(2023-10-28T16:43:28.672827243) (2023-10-28T16:43:28.672842465) [Msg] Serving world controls on [/world/default/control], [/world/default/control/state] and [/world/default/playback/control]
(2023-10-28T16:43:28.673147023) (2023-10-28T16:43:28.673160846) [Msg] Serving GUI information on [/world/default/gui/info]
(2023-10-28T16:43:28.673202355) (2023-10-28T16:43:28.673212914) [Msg] World [default] initialized with [default_physics] physics profile.
(2023-10-28T16:43:28.673582757) (2023-10-28T16:43:28.673597219) [Msg] Serving world SDF generation service on [/world/default/generate_world_sdf]
(2023-10-28T16:43:28.673886356) (2023-10-28T16:43:28.673900529) [Msg] Serving world names on [/gazebo/worlds]
(2023-10-28T16:43:28.674120437) (2023-10-28T16:43:28.674133816) [Msg] Resource path add service on [/gazebo/resource_paths/add].
(2023-10-28T16:43:28.674447324) (2023-10-28T16:43:28.674460548) [Msg] Resource path get service on [/gazebo/resource_paths/get].
(2023-10-28T16:43:28.674681178) (2023-10-28T16:43:28.674694191) [Msg] Resource path resolve service on [/gazebo/resource_paths/resolve].
(2023-10-28T16:43:28.675005141) (2023-10-28T16:43:28.675018621) [Msg] Resource paths published on [/gazebo/resource_paths].
(2023-10-28T16:43:28.675300004) (2023-10-28T16:43:28.675313417) [Msg] Server control service on [/server_control].
(2023-10-28T16:43:28.675620734) (2023-10-28T16:43:28.675634225) [Wrn] [SimulationRunner.cc:676] Found additional publishers on /stats, using namespaced stats topic only
(2023-10-28T16:43:28.675684247) (2023-10-28T16:43:28.675695079) [Dbg] [SimulationRunner.cc:678] Publishers [Address, Message Type]:
(2023-10-28T16:43:28.675716762) (2023-10-28T16:43:28.675727494) [Dbg] [SimulationRunner.cc:683]   tcp://172.28.244.235:43049, gz.msgs.WorldStatistics
(2023-10-28T16:43:28.676175826) (2023-10-28T16:43:28.676189968) [Wrn] [SimulationRunner.cc:709] Found additional publishers on /clock, using namespaced clock topic only
(2023-10-28T16:43:28.676223425) (2023-10-28T16:43:28.676234177) [Dbg] [SimulationRunner.cc:711] Publishers [Address, Message Type]:
(2023-10-28T16:43:28.676254659) (2023-10-28T16:43:28.676265294) [Dbg] [SimulationRunner.cc:716]   tcp://172.28.244.235:43049, gz.msgs.Clock
(2023-10-28T16:43:28.676389130) (2023-10-28T16:43:28.676401035) [Dbg] [SimulationRunner.cc:503] Creating PostUpdate worker threads: 2
(2023-10-28T16:43:28.676435675) (2023-10-28T16:43:28.676446477) [Dbg] [SimulationRunner.cc:514] Creating postupdate worker thread (0)
(2023-10-28T16:43:28.680676929) (2023-10-28T16:43:28.680694484) [Msg] Serving scene information on [/world/default/scene/info]
(2023-10-28T16:43:28.680830803) (2023-10-28T16:43:28.680843012) [Msg] Serving graph information on [/world/default/scene/graph]
(2023-10-28T16:43:28.681077311) (2023-10-28T16:43:28.681090486) [Msg] Serving full state on [/world/default/state]
(2023-10-28T16:43:28.681205260) (2023-10-28T16:43:28.681217214) [Msg] Serving full state (async) on [/world/default/state_async]
(2023-10-28T16:43:28.681385296) (2023-10-28T16:43:28.681398033) [Msg] Publishing scene information on [/world/default/scene/info]
(2023-10-28T16:43:28.681579101) (2023-10-28T16:43:28.681591826) [Msg] Publishing entity deletions on [/world/default/scene/deletion]
(2023-10-28T16:43:28.681740276) (2023-10-28T16:43:28.681752803) [Msg] Publishing state changes on [/world/default/state]
(2023-10-28T16:43:28.681902734) (2023-10-28T16:43:28.681915089) [Msg] Publishing pose messages on [/world/default/pose/info]
(2023-10-28T16:43:28.682019119) (2023-10-28T16:43:28.682031145) [Msg] Publishing dynamic pose messages on [/world/default/dynamic_pose/info]
(2023-10-28T16:43:28.909101901) (2023-10-28T16:43:28.909115560) [Dbg] [EntityComponentManager.cc:1655] Updated state thread iterators: 3 threads processing around 1 entities each.
(2023-10-28T16:43:28.909385618) (2023-10-28T16:43:28.909393428) [Wrn] [Component.hh:144] Trying to serialize component with data type [N3sdf3v135WorldE], which doesn't have `operator<<`. Component will not be serialized.
(2023-10-28T16:43:37.94289641) (2023-10-28T16:43:37.94310008) [Dbg] [SignalHandler.cc:142] Received signal[2].
(2023-10-28T16:43:37.94336386) (2023-10-28T16:43:37.94342466) [Dbg] [ServerPrivate.cc:115] Server received signal[2]
(2023-10-28T16:43:37.94676430) (2023-10-28T16:43:37.94688248) [Dbg] [gz.cc:417] Shutting down gz-sim-server
(2023-10-28T16:43:37.98129013) (2023-10-28T16:43:37.98145561) [Dbg] [SimulationRunner.cc:530] Exiting postupdate worker thread (0)
