(2023-10-20T01:43:50.724885372) (2023-10-20T01:43:50.724903818) [Msg] Gazebo Sim Server v7.6.0
(2023-10-20T01:43:50.732803141) (2023-10-20T01:43:50.732826130) [Msg] Loading SDF world file[/home/bassam/PX4-Autopilot/Tools/simulation/gz/worlds/default.sdf].
(2023-10-20T01:43:50.927723190) (2023-10-20T01:43:50.927750040) [Msg] Serving entity system service on [/entity/system/add]
(2023-10-20T01:43:51.132723655) (2023-10-20T01:43:51.132748868) [Dbg] [Physics.cc:880] Loaded [gz::physics::dartsim::Plugin] from library [/usr/lib/x86_64-linux-gnu/gz-physics-6/engine-plugins/libgz-physics-dartsim-plugin.so]
(2023-10-20T01:43:51.132863951) (2023-10-20T01:43:51.132879125) [Dbg] [SystemManager.cc:74] Loaded system [gz::sim::systems::Physics] for entity [1]
(2023-10-20T01:43:51.150211451) (2023-10-20T01:43:51.150236172) [Msg] Create service on [/world/default/create]
(2023-10-20T01:43:51.250666245) (2023-10-20T01:43:51.250686434) [Msg] Remove service on [/world/default/remove]
(2023-10-20T01:43:51.250903617) (2023-10-20T01:43:51.250923327) [Msg] Pose service on [/world/default/set_pose]
(2023-10-20T01:43:51.251123516) (2023-10-20T01:43:51.251136166) [Msg] Pose service on [/world/default/set_pose_vector]
(2023-10-20T01:43:51.251404908) (2023-10-20T01:43:51.251423648) [Msg] Light configuration service on [/world/default/light_config]
(2023-10-20T01:43:51.251790186) (2023-10-20T01:43:51.251809163) [Msg] Physics service on [/world/default/set_physics]
(2023-10-20T01:43:51.252058829) (2023-10-20T01:43:51.252076901) [Msg] SphericalCoordinates service on [/world/default/set_spherical_coordinates]
(2023-10-20T01:43:51.252187248) (2023-10-20T01:43:51.252203665) [Msg] Enable collision service on [/world/default/enable_collision]
(2023-10-20T01:43:51.252305968) (2023-10-20T01:43:51.252322503) [Msg] Disable collision service on [/world/default/disable_collision]
(2023-10-20T01:43:51.252574370) (2023-10-20T01:43:51.252592451) [Msg] Material service on [/world/default/visual_config]
(2023-10-20T01:43:51.252762248) (2023-10-20T01:43:51.252779881) [Msg] Material service on [/world/default/wheel_slip]
(2023-10-20T01:43:51.252826316) (2023-10-20T01:43:51.252834589) [Dbg] [SystemManager.cc:74] Loaded system [gz::sim::systems::UserCommands] for entity [1]
(2023-10-20T01:43:51.254797849) (2023-10-20T01:43:51.254812585) [Dbg] [SystemManager.cc:74] Loaded system [gz::sim::systems::SceneBroadcaster] for entity [1]
(2023-10-20T01:43:51.256148206) (2023-10-20T01:43:51.256162182) [Dbg] [SystemManager.cc:74] Loaded system [gz::sim::systems::Contact] for entity [1]
(2023-10-20T01:43:51.258079327) (2023-10-20T01:43:51.258093623) [Dbg] [SystemManager.cc:74] Loaded system [gz::sim::systems::Imu] for entity [1]
(2023-10-20T01:43:51.259651375) (2023-10-20T01:43:51.259665358) [Dbg] [SystemManager.cc:74] Loaded system [gz::sim::systems::AirPressure] for entity [1]
(2023-10-20T01:43:51.261085898) (2023-10-20T01:43:51.261100041) [Msg] Listening to instantaneous wrench commands in [/world/default/wrench]
(2023-10-20T01:43:51.261189929) (2023-10-20T01:43:51.261201248) [Msg] Listening to persistent wrench commands in [/world/default/wrench/persistent]
(2023-10-20T01:43:51.261281792) (2023-10-20T01:43:51.261292520) [Msg] Listening to wrench clear commands in [/world/default/wrench/clear]
(2023-10-20T01:43:51.261326971) (2023-10-20T01:43:51.261335156) [Dbg] [SystemManager.cc:74] Loaded system [gz::sim::systems::ApplyLinkWrench] for entity [1]
(2023-10-20T01:43:51.270152717) (2023-10-20T01:43:51.270172202) [Dbg] [Sensors.cc:506] Configuring Sensors system
(2023-10-20T01:43:51.270293174) (2023-10-20T01:43:51.270304026) [Dbg] [Sensors.cc:425] SensorsPrivate::Run
(2023-10-20T01:43:51.270399173) (2023-10-20T01:43:51.270409989) [Dbg] [SystemManager.cc:74] Loaded system [gz::sim::systems::Sensors] for entity [1]
(2023-10-20T01:43:51.270500481) (2023-10-20T01:43:51.270520673) [Dbg] [Sensors.cc:402] SensorsPrivate::RenderThread started
(2023-10-20T01:43:51.270548438) (2023-10-20T01:43:51.270556841) [Dbg] [Sensors.cc:245] Waiting for init
(2023-10-20T01:43:51.274455609) (2023-10-20T01:43:51.274475425) [Wrn] [SystemLoader.cc:79] Trying to load deprecated plugin [ignition-gazebo-ackermann-steering-system]. Using [gz-sim-ackermann-steering-system] instead.
(2023-10-20T01:43:51.276288076) (2023-10-20T01:43:51.276303446) [Msg] AckermannSteering subscribing to twist messages on [/cmd_vel]
(2023-10-20T01:43:51.276595490) (2023-10-20T01:43:51.276608088) [Dbg] [SystemManager.cc:74] Loaded system [ignition::gazebo::systems::AckermannSteering] for entity [8]
(2023-10-20T01:43:51.276800364) (2023-10-20T01:43:51.276811697) [Msg] Loaded level [3]
(2023-10-20T01:43:51.279009315) (2023-10-20T01:43:51.279028212) [Msg] Serving world controls on [/world/default/control], [/world/default/control/state] and [/world/default/playback/control]
(2023-10-20T01:43:51.279321627) (2023-10-20T01:43:51.279339841) [Msg] Serving GUI information on [/world/default/gui/info]
(2023-10-20T01:43:51.279374250) (2023-10-20T01:43:51.279382338) [Msg] World [default] initialized with [default_physics] physics profile.
(2023-10-20T01:43:51.279591424) (2023-10-20T01:43:51.279609442) [Msg] Serving world SDF generation service on [/world/default/generate_world_sdf]
(2023-10-20T01:43:51.279770637) (2023-10-20T01:43:51.279788372) [Msg] Serving world names on [/gazebo/worlds]
(2023-10-20T01:43:51.279901260) (2023-10-20T01:43:51.279917624) [Msg] Resource path add service on [/gazebo/resource_paths/add].
(2023-10-20T01:43:51.280036525) (2023-10-20T01:43:51.280053895) [Msg] Resource path get service on [/gazebo/resource_paths/get].
(2023-10-20T01:43:51.280173979) (2023-10-20T01:43:51.280191911) [Msg] Resource path resolve service on [/gazebo/resource_paths/resolve].
(2023-10-20T01:43:51.280291496) (2023-10-20T01:43:51.280302202) [Msg] Resource paths published on [/gazebo/resource_paths].
(2023-10-20T01:43:51.280464162) (2023-10-20T01:43:51.280482576) [Msg] Server control service on [/server_control].
(2023-10-20T01:43:52.728728323) (2023-10-20T01:43:52.728747927) [Msg] Found no publishers on /stats, adding root stats topic
(2023-10-20T01:43:52.728989134) (2023-10-20T01:43:52.729001619) [Msg] Found no publishers on /clock, adding root clock topic
(2023-10-20T01:43:52.729362890) (2023-10-20T01:43:52.729381768) [Dbg] [SimulationRunner.cc:503] Creating PostUpdate worker threads: 7
(2023-10-20T01:43:52.729433383) (2023-10-20T01:43:52.729446017) [Dbg] [SimulationRunner.cc:514] Creating postupdate worker thread (0)
(2023-10-20T01:43:52.729578632) (2023-10-20T01:43:52.729595478) [Dbg] [SimulationRunner.cc:514] Creating postupdate worker thread (1)
(2023-10-20T01:43:52.729738889) (2023-10-20T01:43:52.729756466) [Dbg] [SimulationRunner.cc:514] Creating postupdate worker thread (2)
(2023-10-20T01:43:52.729843742) (2023-10-20T01:43:52.729859988) [Dbg] [SimulationRunner.cc:514] Creating postupdate worker thread (3)
(2023-10-20T01:43:52.729963212) (2023-10-20T01:43:52.729979866) [Dbg] [SimulationRunner.cc:514] Creating postupdate worker thread (4)
(2023-10-20T01:43:52.730090393) (2023-10-20T01:43:52.730107686) [Dbg] [SimulationRunner.cc:514] Creating postupdate worker thread (5)
(2023-10-20T01:43:53.35478379) (2023-10-20T01:43:53.35505775) [Wrn] [MulticopterMotorModel.cc:257] No robotNamespace set using entity name.
(2023-10-20T01:43:53.35574316) (2023-10-20T01:43:53.35590645) [Wrn] [MulticopterMotorModel.cc:295] <motorNumber> is depricated, please use <actuator_number>.
(2023-10-20T01:43:53.35700559) (2023-10-20T01:43:53.35717749) [Dbg] [MulticopterMotorModel.cc:386] Listening to topic: x500_depth_0/command/motor_speed
(2023-10-20T01:43:53.36189069) (2023-10-20T01:43:53.36210242) [Dbg] [SystemManager.cc:74] Loaded system [gz::sim::systems::MulticopterMotorModel] for entity [57]
(2023-10-20T01:43:53.36815571) (2023-10-20T01:43:53.36837413) [Wrn] [MulticopterMotorModel.cc:257] No robotNamespace set using entity name.
(2023-10-20T01:43:53.36880940) (2023-10-20T01:43:53.36896671) [Wrn] [MulticopterMotorModel.cc:295] <motorNumber> is depricated, please use <actuator_number>.
(2023-10-20T01:43:53.36991080) (2023-10-20T01:43:53.37007725) [Dbg] [MulticopterMotorModel.cc:386] Listening to topic: x500_depth_0/command/motor_speed
(2023-10-20T01:43:53.37291331) (2023-10-20T01:43:53.37309821) [Dbg] [SystemManager.cc:74] Loaded system [gz::sim::systems::MulticopterMotorModel] for entity [57]
(2023-10-20T01:43:53.37897754) (2023-10-20T01:43:53.37917646) [Wrn] [MulticopterMotorModel.cc:257] No robotNamespace set using entity name.
(2023-10-20T01:43:53.37958342) (2023-10-20T01:43:53.37972854) [Wrn] [MulticopterMotorModel.cc:295] <motorNumber> is depricated, please use <actuator_number>.
(2023-10-20T01:43:53.38066609) (2023-10-20T01:43:53.38082515) [Dbg] [MulticopterMotorModel.cc:386] Listening to topic: x500_depth_0/command/motor_speed
(2023-10-20T01:43:53.38386763) (2023-10-20T01:43:53.38405212) [Dbg] [SystemManager.cc:74] Loaded system [gz::sim::systems::MulticopterMotorModel] for entity [57]
(2023-10-20T01:43:53.38974350) (2023-10-20T01:43:53.38994025) [Wrn] [MulticopterMotorModel.cc:257] No robotNamespace set using entity name.
(2023-10-20T01:43:53.39035066) (2023-10-20T01:43:53.39049857) [Wrn] [MulticopterMotorModel.cc:295] <motorNumber> is depricated, please use <actuator_number>.
(2023-10-20T01:43:53.39144066) (2023-10-20T01:43:53.39159426) [Dbg] [MulticopterMotorModel.cc:386] Listening to topic: x500_depth_0/command/motor_speed
(2023-10-20T01:43:53.39484205) (2023-10-20T01:43:53.39501989) [Dbg] [SystemManager.cc:74] Loaded system [gz::sim::systems::MulticopterMotorModel] for entity [57]
(2023-10-20T01:43:53.40141674) (2023-10-20T01:43:53.40161490) [Dbg] [UserCommands.cc:1263] Created entity [57] named [x500_depth_0]
(2023-10-20T01:43:53.63917066) (2023-10-20T01:43:53.63936307) [Dbg] [SimulationFeatures.cc:72] Simulation timestep set to: 0.004
(2023-10-20T01:43:53.66026853) (2023-10-20T01:43:53.66061995) [Dbg] [Sensors.cc:659] Initialization needed
(2023-10-20T01:43:53.66187461) (2023-10-20T01:43:53.66203504) [Dbg] [Sensors.cc:257] Initializing render context
(2023-10-20T01:43:53.66345836) (2023-10-20T01:43:53.66356694) [Msg] Loading plugin [gz-rendering-ogre2]
((2023-10-20T01:43:53.67049615) (2023-10-20T01:43:53.67086501) [Dbg] [AirPressureSensor.cc:126] Air pressure for [Air pressure for [2023-10-20T01:43:53.67134292) ((] advertised on [world/default/model/x500_depth_0/link/base_link/sensor/air_pressure_sensor/air_pressure]
[Dbg] [ImuSensor.cc:149] IMU data for [x500_depth_0::base_link::imu_sensor] advertised on [world/default/model/x500_depth_0/link/base_link/sensor/imu_sensor/imu]
(2023-10-20T01:43:53.68629188) (2023-10-20T01:43:53.68651860) [Msg] Serving scene information on [/world/default/scene/info]
(2023-10-20T01:43:53.68820657) (2023-10-20T01:43:53.68837955) [Msg] Serving graph information on [/world/default/scene/graph]
(2023-10-20T01:43:53.69213496) (2023-10-20T01:43:53.69233114) [Msg] Serving full state on [/world/default/state]
(2023-10-20T01:43:53.69385652) (2023-10-20T01:43:53.69403314) [Msg] Serving full state (async) on [/world/default/state_async]
(2023-10-20T01:43:53.69551106) (2023-10-20T01:43:53.69567681) [Msg] Publishing scene information on [/world/default/scene/info]
(2023-10-20T01:43:53.69783148) (2023-10-20T01:43:53.69801126) [Msg] Publishing entity deletions on [/world/default/scene/deletion]
(2023-10-20T01:43:53.69932817) (2023-10-20T01:43:53.69949591) [Msg] Publishing state changes on [/world/default/state]
(2023-10-20T01:43:53.70152783) (2023-10-20T01:43:53.70170669) [Msg] Publishing pose messages on [/world/default/pose/info]
(2023-10-20T01:43:53.70314488) (2023-10-20T01:43:53.70331133) [Msg] Publishing dynamic pose messages on [/world/default/dynamic_pose/info]
(2023-10-20T01:43:53.71504282) (2023-10-20T01:43:53.71524254) [Dbg] [EntityComponentManager.cc:1655] Updated state thread iterators: 8 threads processing around 13 entities each.
(2023-10-20T01:43:53.93109342) (2023-10-20T01:43:53.93134195) [Wrn] [Component.hh:144] Trying to serialize component with data type [N3sdf3v135WorldE], which doesn't have `operator<<`. Component will not be serialized.
(2023-10-20T01:43:53.93370713) (2023-10-20T01:43:53.93394344) [Wrn] [Model.hh:69] Skipping serialization / deserialization for models with //pose/@relative_to attribute.
((((((() (2023-10-20T01:43:53.96934724) ((2023-10-20T01:43:53.97000032(2023-10-20T01:43:53.970000322023-10-20T01:43:53.96969015(2023-10-20T01:43:53.970000322023-10-20T01:43:53.969690152023-10-20T01:43:53.96948010) () 2023-10-20T01:43:53.970461162023-10-20T01:43:53.97060526([Dbg] [SimulationRunner.cc:530] ) ) ) (2023-10-20T01:43:53.97129970Exiting postupdate worker thread (2023-10-20T01:43:53.97129970Exiting postupdate worker thread (2023-10-20T01:43:53.97129970Exiting postupdate worker thread () 2023-10-20T01:43:53.97167013) ) (2023-10-20T01:43:53.97209944(1)
2023-10-20T01:43:53.97228905) ) [Dbg] [SimulationRunner.cc:530] Exiting postupdate worker thread (5)
[Dbg] [SimulationRunner.cc:530] Exiting postupdate worker thread (4)
[Dbg] [SimulationRunner.cc:530] Exiting postupdate worker thread (22[Dbg] [SimulationRunner.cc:530] Exiting postupdate worker thread (0)
)
[Dbg] [SimulationRunner.cc:530] Exiting postupdate worker thread (3)
(2023-10-20T01:43:53.97754755) (2023-10-20T01:43:53.97775315) [Dbg] [SimulationRunner.cc:503] Creating PostUpdate worker threads: 7
(2023-10-20T01:43:53.97828907) (2023-10-20T01:43:53.97846705) [Dbg] [SimulationRunner.cc:514] Creating postupdate worker thread (0)
(2023-10-20T01:43:53.98261709) (2023-10-20T01:43:53.98295081) [Dbg] [SimulationRunner.cc:514] Creating postupdate worker thread (1)
(2023-10-20T01:43:53.98445010) (2023-10-20T01:43:53.98464089) [Dbg] [SimulationRunner.cc:514] Creating postupdate worker thread (2)
(2023-10-20T01:43:53.98576274) (2023-10-20T01:43:53.98591807) [Dbg] [SimulationRunner.cc:514] Creating postupdate worker thread (3)
(2023-10-20T01:43:53.98671848) (2023-10-20T01:43:53.98688388) [Dbg] [SimulationRunner.cc:514] Creating postupdate worker thread (4)
(2023-10-20T01:43:53.98826310) (2023-10-20T01:43:53.98841605) [Dbg] [SimulationRunner.cc:514] Creating postupdate worker thread (5)
(2023-10-20T01:43:53.359309497) (2023-10-20T01:43:53.359321579) [Dbg] [RenderUtil.cc:2720] Create scene [scene]
((2023-10-20T01:43:53.410966922) (2023-10-20T01:43:53.410989255) (2023-10-20T01:43:53.411034344) 2023-10-20T01:43:53.411011224) Initialization needed
[Dbg] [Sensors.cc:277] Rendering Thread initialized
(2023-10-20T01:43:53.416662914) (2023-10-20T01:43:53.416677492) [Wrn] [FuelClient.cc:1952] The fuel.ignitionrobotics.org URL is deprecrated. Pleasse change https://fuel.ignitionrobotics.org/1.0/openrobotics/models/prius hybrid/2/files/meshes/Hybrid.obj to https://fuel.gazebosim.org/1.0/openrobotics/models/prius hybrid/2/files/meshes/Hybrid.obj
(2023-10-20T01:43:53.416803445) (2023-10-20T01:43:53.416813803) [Wrn] [FuelClient.cc:1952] The fuel.ignitionrobotics.org URL is deprecrated. Pleasse change https://fuel.ignitionrobotics.org/1.0/openrobotics/models/prius hybrid/2/files/meshes/Hybrid.obj to https://fuel.gazebosim.org/1.0/openrobotics/models/prius hybrid/2/files/meshes/Hybrid.obj
(2023-10-20T01:43:53.421283282) (2023-10-20T01:43:53.421298467) [Wrn] [OBJLoader.cc:91] Both `d` and `Tr` parameters defined for "Hybrid". Use the value of `d` for dissolve (line 8 in .mtl.)
Both `d` and `Tr` parameters defined for "Wheels3". Use the value of `d` for dissolve (line 22 in .mtl.)
Both `d` and `Tr` parameters defined for "Hybrid_Interior". Use the value of `d` for dissolve (line 36 in .mtl.)
Both `d` and `Tr` parameters defined for "Windows". Use the value of `d` for dissolve (line 50 in .mtl.)

(2023-10-20T01:43:53.542200416) (2023-10-20T01:43:53.542214153) [Err] [SystemPaths.cc:534] File [/home/bassam/PX4-Autopilot/Tools/simulation/gz/worlds/materials/textures/7x7_1000-29.jpg] resolved to path [/home/bassam/PX4-Autopilot/Tools/simulation/gz/worlds/materials/textures/7x7_1000-29.jpg] but the path does not exist
(2023-10-20T01:43:53.542334133) (2023-10-20T01:43:53.542346550) [Err] [SceneManager.cc:914] Unable to find file [materials/textures/7x7_1000-29.jpg]
(2023-10-20T01:43:56.294511715) (2023-10-20T01:43:56.294531717) [Dbg] [CameraSensor.cc:458] Camera images for [prius_hybrid::chassis::back_camera_sensor] advertised on [back_camera]
(2023-10-20T01:43:56.294763123) (2023-10-20T01:43:56.294775706) [Dbg] [CameraSensor.cc:786] Camera info for [prius_hybrid::chassis::back_camera_sensor] advertised on [/camera_info]
(2023-10-20T01:43:56.294964559) (2023-10-20T01:43:56.294975350) [Wrn] [Ogre2Camera.cc:412] Ogre2Camera::SetVisibilityMask: Mask bits c0000000 are set but will be ignored as they conflict with the reserved bits used internally by the ogre2 backend.
(2023-10-20T01:43:56.295438180) (2023-10-20T01:43:56.295458557) [Dbg] [CameraSensor.cc:458] Camera images for [prius_hybrid::chassis::front_camera_sensor] advertised on [front_camera]
(2023-10-20T01:43:56.295576765) (2023-10-20T01:43:56.295595401) [Dbg] [CameraSensor.cc:786] Camera info for [prius_hybrid::chassis::front_camera_sensor] advertised on [/camera_info]
(2023-10-20T01:43:56.295673539) (2023-10-20T01:43:56.295683654) [Wrn] [Ogre2Camera.cc:412] Ogre2Camera::SetVisibilityMask: Mask bits c0000000 are set but will be ignored as they conflict with the reserved bits used internally by the ogre2 backend.
(2023-10-20T01:43:56.295984485) (2023-10-20T01:43:56.296003401) [Dbg] [CameraSensor.cc:458] Camera images for [prius_hybrid::chassis::left_camera_sensor] advertised on [left_camera]
(2023-10-20T01:43:56.296121953) (2023-10-20T01:43:56.296139637) [Dbg] [CameraSensor.cc:786] Camera info for [prius_hybrid::chassis::left_camera_sensor] advertised on [/camera_info]
(2023-10-20T01:43:56.296214391) (2023-10-20T01:43:56.296224500) [Wrn] [Ogre2Camera.cc:412] Ogre2Camera::SetVisibilityMask: Mask bits c0000000 are set but will be ignored as they conflict with the reserved bits used internally by the ogre2 backend.
(2023-10-20T01:43:56.296493927) (2023-10-20T01:43:56.296512615) [Dbg] [CameraSensor.cc:458] Camera images for [prius_hybrid::chassis::right_camera_sensor] advertised on [right_camera]
(2023-10-20T01:43:56.296621315) (2023-10-20T01:43:56.296639216) [Dbg] [CameraSensor.cc:786] Camera info for [prius_hybrid::chassis::right_camera_sensor] advertised on [/camera_info]
(2023-10-20T01:43:56.296708330) (2023-10-20T01:43:56.296718418) [Wrn] [Ogre2Camera.cc:412] Ogre2Camera::SetVisibilityMask: Mask bits c0000000 are set but will be ignored as they conflict with the reserved bits used internally by the ogre2 backend.
(2023-10-20T01:43:56.296988372) (2023-10-20T01:43:56.297007918) [Dbg] [CameraSensor.cc:458] Camera images for [x500_depth_0::OakD-Lite/base_link::IMX214] advertised on [camera]
(2023-10-20T01:43:56.297127699) (2023-10-20T01:43:56.297145545) [Dbg] [CameraSensor.cc:786] Camera info for [x500_depth_0::OakD-Lite/base_link::IMX214] advertised on [/camera_info]
(2023-10-20T01:43:56.297227189) (2023-10-20T01:43:56.297237757) [Wrn] [Ogre2Camera.cc:412] Ogre2Camera::SetVisibilityMask: Mask bits c0000000 are set but will be ignored as they conflict with the reserved bits used internally by the ogre2 backend.
(2023-10-20T01:43:56.297665861) (2023-10-20T01:43:56.297681675) [Dbg] [DepthCameraSensor.cc:282] Depth images for [x500_depth_0::OakD-Lite/base_link::StereoOV7251] advertised on [depth_camera]
(2023-10-20T01:43:56.297809068) (2023-10-20T01:43:56.297827171) [Dbg] [CameraSensor.cc:786] Camera info for [x500_depth_0::OakD-Lite/base_link::StereoOV7251] advertised on [/camera_info]
(2023-10-20T01:43:56.298041715) (2023-10-20T01:43:56.298060114) [Dbg] [DepthCameraSensor.cc:299] Points for [x500_depth_0::OakD-Lite/base_link::StereoOV7251] advertised on [depth_camera/points]
(2023-10-20T01:45:25.771779556) (2023-10-20T01:45:25.771806363) [Dbg] [SignalHandler.cc:142] Received signal[2].
(2023-10-20T01:45:25.771853910) (2023-10-20T01:45:25.771868666) [Dbg] [ServerPrivate.cc:115] Server received signal[2]
(2023-10-20T01:45:25.771947588) (2023-10-20T01:45:25.771962137) [Dbg] [Sensors.cc:433] SensorsPrivate::Stop
(2023-10-20T01:45:25.928650076) (2023-10-20T01:45:25.928670086) [Dbg] [Sensors.cc:419] SensorsPrivate::RenderThread stopped
(2023-10-20T01:45:25.930219212) (2023-10-20T01:45:25.930250103) [Dbg] [gz.cc:417] Shutting down gz-sim-server
((((((2023-10-20T01:45:25.937725842) (2023-10-20T01:45:25.937746108) ([Dbg] [SimulationRunner.cc:530] Exiting postupdate worker thread (3)
2023-10-20T01:45:25.937803915) ((2023-10-20T01:45:25.9378255132023-10-20T01:45:25.9378864802023-10-20T01:45:25.9378710422023-10-20T01:45:25.9378255132023-10-20T01:45:25.9378864802023-10-20T01:45:25.9378710422023-10-20T01:45:25.9378255132023-10-20T01:45:25.9378864802023-10-20T01:45:25.937871042) 2023-10-20T01:45:25.937879250) (((2023-10-20T01:45:25.937973465(2023-10-20T01:45:25.937973465) () (2023-10-20T01:45:25.937988747) 2023-10-20T01:45:25.938001823) ) 2023-10-20T01:45:25.938017432) ) [Dbg] [SimulationRunner.cc:530] Exiting postupdate worker thread ([Dbg] [SimulationRunner.cc:530] 0[Dbg] [SimulationRunner.cc:530] 0[Dbg] [SimulationRunner.cc:530] [Dbg] [SimulationRunner.cc:530] Exiting postupdate worker thread (2)
Exiting postupdate worker thread (5)
[Dbg] [SimulationRunner.cc:530] Exiting postupdate worker thread ()
Exiting postupdate worker thread (1)
4)
(2023-10-20T01:45:25.991246210) (2023-10-20T01:45:25.991265765) [Dbg] [Sensors.cc:433] SensorsPrivate::Stop
