(2023-10-20T02:18:45.10799800) (2023-10-20T02:18:45.10823339) [Msg] Gazebo Sim Server v7.6.0
(2023-10-20T02:18:45.16322296) (2023-10-20T02:18:45.16338149) [Msg] Loading SDF world file[/home/bassam/PX4-Autopilot/Tools/simulation/gz/worlds/default.sdf].
(2023-10-20T02:18:45.203559821) (2023-10-20T02:18:45.203578576) [Msg] Serving entity system service on [/entity/system/add]
(2023-10-20T02:18:45.416843928) (2023-10-20T02:18:45.416869406) [Dbg] [Physics.cc:880] Loaded [gz::physics::dartsim::Plugin] from library [/usr/lib/x86_64-linux-gnu/gz-physics-6/engine-plugins/libgz-physics-dartsim-plugin.so]
(2023-10-20T02:18:45.416985530) (2023-10-20T02:18:45.417000959) [Dbg] [SystemManager.cc:74] Loaded system [gz::sim::systems::Physics] for entity [1]
(2023-10-20T02:18:45.429322375) (2023-10-20T02:18:45.429344865) [Msg] Create service on [/world/default/create]
(2023-10-20T02:18:45.529788854) (2023-10-20T02:18:45.529814921) [Msg] Remove service on [/world/default/remove]
(2023-10-20T02:18:45.530041826) (2023-10-20T02:18:45.530060820) [Msg] Pose service on [/world/default/set_pose]
(2023-10-20T02:18:45.530273007) (2023-10-20T02:18:45.530291545) [Msg] Pose service on [/world/default/set_pose_vector]
(2023-10-20T02:18:45.530621595) (2023-10-20T02:18:45.530640781) [Msg] Light configuration service on [/world/default/light_config]
(2023-10-20T02:18:45.531072509) (2023-10-20T02:18:45.531091832) [Msg] Physics service on [/world/default/set_physics]
(2023-10-20T02:18:45.531352597) (2023-10-20T02:18:45.531371448) [Msg] SphericalCoordinates service on [/world/default/set_spherical_coordinates]
(2023-10-20T02:18:45.531505128) (2023-10-20T02:18:45.531522812) [Msg] Enable collision service on [/world/default/enable_collision]
(2023-10-20T02:18:45.531630745) (2023-10-20T02:18:45.531641539) [Msg] Disable collision service on [/world/default/disable_collision]
(2023-10-20T02:18:45.531870999) (2023-10-20T02:18:45.531882674) [Msg] Material service on [/world/default/visual_config]
(2023-10-20T02:18:45.532038651) (2023-10-20T02:18:45.532049677) [Msg] Material service on [/world/default/wheel_slip]
(2023-10-20T02:18:45.532096272) (2023-10-20T02:18:45.532104455) [Dbg] [SystemManager.cc:74] Loaded system [gz::sim::systems::UserCommands] for entity [1]
(2023-10-20T02:18:45.534284152) (2023-10-20T02:18:45.534301091) [Dbg] [SystemManager.cc:74] Loaded system [gz::sim::systems::SceneBroadcaster] for entity [1]
(2023-10-20T02:18:45.535696960) (2023-10-20T02:18:45.535711709) [Dbg] [SystemManager.cc:74] Loaded system [gz::sim::systems::Contact] for entity [1]
(2023-10-20T02:18:45.537683811) (2023-10-20T02:18:45.537698579) [Dbg] [SystemManager.cc:74] Loaded system [gz::sim::systems::Imu] for entity [1]
(2023-10-20T02:18:45.539307766) (2023-10-20T02:18:45.539322558) [Dbg] [SystemManager.cc:74] Loaded system [gz::sim::systems::AirPressure] for entity [1]
(2023-10-20T02:18:45.540802941) (2023-10-20T02:18:45.540823432) [Msg] Listening to instantaneous wrench commands in [/world/default/wrench]
(2023-10-20T02:18:45.540930492) (2023-10-20T02:18:45.540945240) [Msg] Listening to persistent wrench commands in [/world/default/wrench/persistent]
(2023-10-20T02:18:45.541046281) (2023-10-20T02:18:45.541063898) [Msg] Listening to wrench clear commands in [/world/default/wrench/clear]
(2023-10-20T02:18:45.541101300) (2023-10-20T02:18:45.541109862) [Dbg] [SystemManager.cc:74] Loaded system [gz::sim::systems::ApplyLinkWrench] for entity [1]
(2023-10-20T02:18:45.551163314) (2023-10-20T02:18:45.551189875) [Dbg] [Sensors.cc:506] Configuring Sensors system
(2023-10-20T02:18:45.551331904) (2023-10-20T02:18:45.551343159) [Dbg] [Sensors.cc:425] SensorsPrivate::Run
(2023-10-20T02:18:45.551449972) (2023-10-20T02:18:45.551460978) [Dbg] [SystemManager.cc:74] Loaded system [gz::sim::systems::Sensors] for entity [1]
2023-10-20T02:18:45.551511441) (2023-10-20T02:18:45.551553082) [Dbg] [Sensors.cc:402] SensorsPrivate::RenderThread started
(2023-10-20T02:18:45.551592610) (2023-10-20T02:18:45.551607410) [Dbg] [Sensors.cc:245] Waiting for init
(2023-10-20T02:18:45.555881296) (2023-10-20T02:18:45.555927132) [Wrn] [SystemLoader.cc:79] Trying to load deprecated plugin [ignition-gazebo-ackermann-steering-system]. Using [gz-sim-ackermann-steering-system] instead.
(2023-10-20T02:18:45.559289287) (2023-10-20T02:18:45.559316264) [Msg] AckermannSteering subscribing to twist messages on [/cmd_vel]
(2023-10-20T02:18:45.559745512) (2023-10-20T02:18:45.559765756) [Dbg] [SystemManager.cc:74] Loaded system [ignition::gazebo::systems::AckermannSteering] for entity [8]
(2023-10-20T02:18:45.560070733) (2023-10-20T02:18:45.560087752) [Msg] Loaded level [3]
(2023-10-20T02:18:45.563085912) (2023-10-20T02:18:45.563107154) [Msg] Serving world controls on [/world/default/control], [/world/default/control/state] and [/world/default/playback/control]
(2023-10-20T02:18:45.563458077) (2023-10-20T02:18:45.563477624) [Msg] Serving GUI information on [/world/default/gui/info]
(2023-10-20T02:18:45.563510860) (2023-10-20T02:18:45.563518931) [Msg] World [default] initialized with [default_physics] physics profile.
(2023-10-20T02:18:45.563736116) (2023-10-20T02:18:45.563755170) [Msg] Serving world SDF generation service on [/world/default/generate_world_sdf]
(2023-10-20T02:18:45.563918624) (2023-10-20T02:18:45.563936714) [Msg] Serving world names on [/gazebo/worlds]
(2023-10-20T02:18:45.564044236) (2023-10-20T02:18:45.564062282) [Msg] Resource path add service on [/gazebo/resource_paths/add].
(2023-10-20T02:18:45.564170837) (2023-10-20T02:18:45.564188466) [Msg] Resource path get service on [/gazebo/resource_paths/get].
(2023-10-20T02:18:45.564293975) (2023-10-20T02:18:45.564310825) [Msg] Resource path resolve service on [/gazebo/resource_paths/resolve].
(2023-10-20T02:18:45.564410803) (2023-10-20T02:18:45.564422113) [Msg] Resource paths published on [/gazebo/resource_paths].
(2023-10-20T02:18:45.564584755) (2023-10-20T02:18:45.564601821) [Msg] Server control service on [/server_control].
(2023-10-20T02:18:47.14596147) (2023-10-20T02:18:47.14614314) [Msg] Found no publishers on /stats, adding root stats topic
(2023-10-20T02:18:47.14928253) (2023-10-20T02:18:47.14947412) [Msg] Found no publishers on /clock, adding root clock topic
(2023-10-20T02:18:47.15310311) (2023-10-20T02:18:47.15331471) [Dbg] [SimulationRunner.cc:503] Creating PostUpdate worker threads: 7
(2023-10-20T02:18:47.15378156) (2023-10-20T02:18:47.15387918) [Dbg] [SimulationRunner.cc:514] Creating postupdate worker thread (0)
(2023-10-20T02:18:47.15523679) (2023-10-20T02:18:47.15536295) [Dbg] [SimulationRunner.cc:514] Creating postupdate worker thread (1)
(2023-10-20T02:18:47.15660878) (2023-10-20T02:18:47.15678147) [Dbg] [SimulationRunner.cc:514] Creating postupdate worker thread (2)
(2023-10-20T02:18:47.15801825) (2023-10-20T02:18:47.15820016) [Dbg] [SimulationRunner.cc:514] Creating postupdate worker thread (3)
(2023-10-20T02:18:47.15933244) (2023-10-20T02:18:47.15950804) [Dbg] [SimulationRunner.cc:514] Creating postupdate worker thread (4)
(2023-10-20T02:18:47.16041991) (2023-10-20T02:18:47.16059312) [Dbg] [SimulationRunner.cc:514] Creating postupdate worker thread (5)
(2023-10-20T02:18:47.345306362) (2023-10-20T02:18:47.345328142) [Wrn] [MulticopterMotorModel.cc:257] No robotNamespace set using entity name.
(2023-10-20T02:18:47.345376696) (2023-10-20T02:18:47.345391410) [Wrn] [MulticopterMotorModel.cc:295] <motorNumber> is depricated, please use <actuator_number>.
(2023-10-20T02:18:47.345483037) (2023-10-20T02:18:47.345493387) [Dbg] [MulticopterMotorModel.cc:386] Listening to topic: x500_depth_0/command/motor_speed
(2023-10-20T02:18:47.345961671) (2023-10-20T02:18:47.345981027) [Dbg] [SystemManager.cc:74] Loaded system [gz::sim::systems::MulticopterMotorModel] for entity [56]
(2023-10-20T02:18:47.346512779) (2023-10-20T02:18:47.346525599) [Wrn] [MulticopterMotorModel.cc:257] No robotNamespace set using entity name.
(2023-10-20T02:18:47.346551824) (2023-10-20T02:18:47.346560338) [Wrn] [MulticopterMotorModel.cc:295] <motorNumber> is depricated, please use <actuator_number>.
(2023-10-20T02:18:47.346620460) (2023-10-20T02:18:47.346629403) [Dbg] [MulticopterMotorModel.cc:386] Listening to topic: x500_depth_0/command/motor_speed
(2023-10-20T02:18:47.346962603) (2023-10-20T02:18:47.346979305) [Dbg] [SystemManager.cc:74] Loaded system [gz::sim::systems::MulticopterMotorModel] for entity [56]
(2023-10-20T02:18:47.347430606) (2023-10-20T02:18:47.347443062) [Wrn] [MulticopterMotorModel.cc:257] No robotNamespace set using entity name.
(2023-10-20T02:18:47.347468414) (2023-10-20T02:18:47.347476769) [Wrn] [MulticopterMotorModel.cc:295] <motorNumber> is depricated, please use <actuator_number>.
(2023-10-20T02:18:47.347534192) (2023-10-20T02:18:47.347543143) [Dbg] [MulticopterMotorModel.cc:386] Listening to topic: x500_depth_0/command/motor_speed
(2023-10-20T02:18:47.347793793) (2023-10-20T02:18:47.347805950) [Dbg] [SystemManager.cc:74] Loaded system [gz::sim::systems::MulticopterMotorModel] for entity [56]
(2023-10-20T02:18:47.348211387) (2023-10-20T02:18:47.348223378) [Wrn] [MulticopterMotorModel.cc:257] No robotNamespace set using entity name.
(2023-10-20T02:18:47.348248256) (2023-10-20T02:18:47.348256861) [Wrn] [MulticopterMotorModel.cc:295] <motorNumber> is depricated, please use <actuator_number>.
(2023-10-20T02:18:47.348320547) (2023-10-20T02:18:47.348330334) [Dbg] [MulticopterMotorModel.cc:386] Listening to topic: x500_depth_0/command/motor_speed
(2023-10-20T02:18:47.348604890) (2023-10-20T02:18:47.348617395) [Dbg] [SystemManager.cc:74] Loaded system [gz::sim::systems::MulticopterMotorModel] for entity [56]
(2023-10-20T02:18:47.349161505) (2023-10-20T02:18:47.349173473) [Dbg] [UserCommands.cc:1263] Created entity [56] named [x500_depth_0]
(2023-10-20T02:18:47.373667602) (2023-10-20T02:18:47.373703398) [Dbg] [SimulationFeatures.cc:72] Simulation timestep set to: 0.004
(2023-10-20T02:18:47.375954670) (2023-10-20T02:18:47.376003982) [Dbg] [Sensors.cc:659] Initialization needed
(2023-10-20T02:18:47.376097103) (2023-10-20T02:18:47.376120705) [Dbg] [Sensors.cc:257] Initializing render context
(2023-10-20T02:18:47.376311635) (2023-10-20T02:18:47.376328940) [Msg] Loading plugin [gz-rendering-ogre2]
(2023-10-20T02:18:47.376764066) (2023-10-20T02:18:47.376783352) [Dbg] [AirPressureSensor.cc:126] Air pressure for [x500_depth_0::base_link::air_pressure_sensor] advertised on [world/default/model/x500_depth_0/link/base_link/sensor/air_pressure_sensor/air_pressure]
(2023-10-20T02:18:47.376968260) (2023-10-20T02:18:47.376989360) [Dbg] [ImuSensor.cc:149] IMU data for [x500_depth_0::base_link::imu_sensor] advertised on [world/default/model/x500_depth_0/link/base_link/sensor/imu_sensor/imu]
(2023-10-20T02:18:47.378657384) (2023-10-20T02:18:47.378680306) [Msg] Serving scene information on [/world/default/scene/info]
(2023-10-20T02:18:47.378811423) (2023-10-20T02:18:47.378822986) [Msg] Serving graph information on [/world/default/scene/graph]
(2023-10-20T02:18:47.379088153) (2023-10-20T02:18:47.379100911) [Msg] Serving full state on [/world/default/state]
(2023-10-20T02:18:47.379217663) (2023-10-20T02:18:47.379228832) [Msg] Serving full state (async) on [/world/default/state_async]
(2023-10-20T02:18:47.379351023) (2023-10-20T02:18:47.379367852) [Msg] Publishing scene information on [/world/default/scene/info]
(2023-10-20T02:18:47.379589583) (2023-10-20T02:18:47.379602454) [Msg] Publishing entity deletions on [/world/default/scene/deletion]
(2023-10-20T02:18:47.379723709) (2023-10-20T02:18:47.379736973) [Msg] Publishing state changes on [/world/default/state]
(2023-10-20T02:18:47.379861789) (2023-10-20T02:18:47.379874371) [Msg] Publishing pose messages on [/world/default/pose/info]
(2023-10-20T02:18:47.380009006) (2023-10-20T02:18:47.380020519) [Msg] Publishing dynamic pose messages on [/world/default/dynamic_pose/info]
(2023-10-20T02:18:47.381041015) (2023-10-20T02:18:47.381055885) [Dbg] [EntityComponentManager.cc:1655] Updated state thread iterators: 8 threads processing around 13 entities each.
(2023-10-20T02:18:47.409490670) (2023-10-20T02:18:47.409525572) [Wrn] [Component.hh:144] Trying to serialize component with data type [N3sdf3v135WorldE], which doesn't have `operator<<`. Component will not be serialized.
(2023-10-20T02:18:47.409871236) (2023-10-20T02:18:47.409909501) [Wrn] [Model.hh:69] Skipping serialization / deserialization for models with //pose/@relative_to attribute.
((2023-10-20T02:18:47.4132789492023-10-20T02:18:47.4132789492023-10-20T02:18:47.413300986) (2023-10-20T02:18:47.413331506(2023-10-20T02:18:47.4133315062023-10-20T02:18:47.413354483) (2023-10-20T02:18:47.413381673) ) 2023-10-20T02:18:47.413365456) ([Dbg] [SimulationRunner.cc:530] ) (2023-10-20T02:18:47.413450799(((2023-10-20T02:18:47.413357235) (2023-10-20T02:18:47.4134801302023-10-20T02:18:47.4134801302023-10-20T02:18:47.413503342) ) 2023-10-20T02:18:47.413427004) ) ) ) Exiting postupdate worker thread () 3)
[Dbg] [SimulationRunner.cc:530] Exiting postupdate worker thread (1)
[Dbg] [SimulationRunner.cc:530] Exiting postupdate worker thread ([Dbg] [SimulationRunner.cc:530] Exiting postupdate worker thread (4)

Exiting postupdate worker thread (5)
)
0)
(2023-10-20T02:18:47.414176490) (2023-10-20T02:18:47.414199847) [Dbg] [SimulationRunner.cc:503] Creating PostUpdate worker threads: 7
(2023-10-20T02:18:47.414254461) (2023-10-20T02:18:47.414269356) [Dbg] [SimulationRunner.cc:514] Creating postupdate worker thread (0)
(2023-10-20T02:18:47.414879187) (2023-10-20T02:18:47.414902260) [Dbg] [SimulationRunner.cc:514] Creating postupdate worker thread (1)
(2023-10-20T02:18:47.414980133) (2023-10-20T02:18:47.414995369) [Dbg] [SimulationRunner.cc:514] Creating postupdate worker thread (2)
(2023-10-20T02:18:47.415076080) (2023-10-20T02:18:47.415091565) [Dbg] [SimulationRunner.cc:514] Creating postupdate worker thread (3)
(2023-10-20T02:18:47.415166522) (2023-10-20T02:18:47.415182301) [Dbg] [SimulationRunner.cc:514] Creating postupdate worker thread (4)
(2023-10-20T02:18:47.415303915) (2023-10-20T02:18:47.415320009) [Dbg] [SimulationRunner.cc:514] Creating postupdate worker thread (5)
(2023-10-20T02:18:47.692732587) (2023-10-20T02:18:47.692751955) [Dbg] [RenderUtil.cc:2720] Create scene [scene]
(2023-10-20T02:18:47.772132308) (2023-10-20T02:18:47.772162585) ([Dbg] [Sensors.cc:277] Rendering Thread initialized
2023-10-20T02:18:47.772229904) (2023-10-20T02:18:47.772264526) [Dbg] [Sensors.cc:659] Initialization needed
(2023-10-20T02:18:47.779675112) (2023-10-20T02:18:47.779698140) [Wrn] [FuelClient.cc:1952] The fuel.ignitionrobotics.org URL is deprecrated. Pleasse change https://fuel.ignitionrobotics.org/1.0/openrobotics/models/prius hybrid/2/files/meshes/Hybrid.obj to https://fuel.gazebosim.org/1.0/openrobotics/models/prius hybrid/2/files/meshes/Hybrid.obj
(2023-10-20T02:18:47.779891180) (2023-10-20T02:18:47.779908988) [Wrn] [FuelClient.cc:1952] The fuel.ignitionrobotics.org URL is deprecrated. Pleasse change https://fuel.ignitionrobotics.org/1.0/openrobotics/models/prius hybrid/2/files/meshes/Hybrid.obj to https://fuel.gazebosim.org/1.0/openrobotics/models/prius hybrid/2/files/meshes/Hybrid.obj
(2023-10-20T02:18:47.788320214) (2023-10-20T02:18:47.788347654) [Wrn] [OBJLoader.cc:91] Both `d` and `Tr` parameters defined for "Hybrid". Use the value of `d` for dissolve (line 8 in .mtl.)
Both `d` and `Tr` parameters defined for "Wheels3". Use the value of `d` for dissolve (line 22 in .mtl.)
Both `d` and `Tr` parameters defined for "Hybrid_Interior". Use the value of `d` for dissolve (line 36 in .mtl.)
Both `d` and `Tr` parameters defined for "Windows". Use the value of `d` for dissolve (line 50 in .mtl.)

(2023-10-20T02:18:50.803685508) (2023-10-20T02:18:50.803704118) [Dbg] [CameraSensor.cc:458] Camera images for [prius_hybrid::chassis::back_camera_sensor] advertised on [back_camera]
(2023-10-20T02:18:50.803969681) (2023-10-20T02:18:50.803986411) [Dbg] [CameraSensor.cc:786] Camera info for [prius_hybrid::chassis::back_camera_sensor] advertised on [/camera_info]
(2023-10-20T02:18:50.804187321) (2023-10-20T02:18:50.804198766) [Wrn] [Ogre2Camera.cc:412] Ogre2Camera::SetVisibilityMask: Mask bits c0000000 are set but will be ignored as they conflict with the reserved bits used internally by the ogre2 backend.
(2023-10-20T02:18:50.804667210) (2023-10-20T02:18:50.804679939) [Dbg] [CameraSensor.cc:458] Camera images for [prius_hybrid::chassis::front_camera_sensor] advertised on [front_camera]
(2023-10-20T02:18:50.804789608) (2023-10-20T02:18:50.804800394) [Dbg] [CameraSensor.cc:786] Camera info for [prius_hybrid::chassis::front_camera_sensor] advertised on [/camera_info]
(2023-10-20T02:18:50.804870652) (2023-10-20T02:18:50.804880324) [Wrn] [Ogre2Camera.cc:412] Ogre2Camera::SetVisibilityMask: Mask bits c0000000 are set but will be ignored as they conflict with the reserved bits used internally by the ogre2 backend.
(2023-10-20T02:18:50.805168326) (2023-10-20T02:18:50.805180801) [Dbg] [CameraSensor.cc:458] Camera images for [prius_hybrid::chassis::left_camera_sensor] advertised on [left_camera]
(2023-10-20T02:18:50.805273422) (2023-10-20T02:18:50.805284083) [Dbg] [CameraSensor.cc:786] Camera info for [prius_hybrid::chassis::left_camera_sensor] advertised on [/camera_info]
(2023-10-20T02:18:50.805348716) (2023-10-20T02:18:50.805358260) [Wrn] [Ogre2Camera.cc:412] Ogre2Camera::SetVisibilityMask: Mask bits c0000000 are set but will be ignored as they conflict with the reserved bits used internally by the ogre2 backend.
(2023-10-20T02:18:50.805649206) (2023-10-20T02:18:50.805661341) [Dbg] [CameraSensor.cc:458] Camera images for [prius_hybrid::chassis::right_camera_sensor] advertised on [right_camera]
(2023-10-20T02:18:50.805756596) (2023-10-20T02:18:50.805767071) [Dbg] [CameraSensor.cc:786] Camera info for [prius_hybrid::chassis::right_camera_sensor] advertised on [/camera_info]
(2023-10-20T02:18:50.805831236) (2023-10-20T02:18:50.805841453) [Wrn] [Ogre2Camera.cc:412] Ogre2Camera::SetVisibilityMask: Mask bits c0000000 are set but will be ignored as they conflict with the reserved bits used internally by the ogre2 backend.
(2023-10-20T02:18:50.806104004) (2023-10-20T02:18:50.806116076) [Dbg] [CameraSensor.cc:458] Camera images for [x500_depth_0::OakD-Lite/base_link::IMX214] advertised on [camera]
(2023-10-20T02:18:50.806213654) (2023-10-20T02:18:50.806224134) [Dbg] [CameraSensor.cc:786] Camera info for [x500_depth_0::OakD-Lite/base_link::IMX214] advertised on [/camera_info]
(2023-10-20T02:18:50.806292343) (2023-10-20T02:18:50.806302095) [Wrn] [Ogre2Camera.cc:412] Ogre2Camera::SetVisibilityMask: Mask bits c0000000 are set but will be ignored as they conflict with the reserved bits used internally by the ogre2 backend.
(2023-10-20T02:18:50.806717061) (2023-10-20T02:18:50.806729761) [Dbg] [DepthCameraSensor.cc:282] Depth images for [x500_depth_0::OakD-Lite/base_link::StereoOV7251] advertised on [depth_camera]
(2023-10-20T02:18:50.806841725) (2023-10-20T02:18:50.806853040) [Dbg] [CameraSensor.cc:786] Camera info for [x500_depth_0::OakD-Lite/base_link::StereoOV7251] advertised on [/camera_info]
(2023-10-20T02:18:50.807052177) (2023-10-20T02:18:50.807063390) [Dbg] [DepthCameraSensor.cc:299] Points for [x500_depth_0::OakD-Lite/base_link::StereoOV7251] advertised on [depth_camera/points]
(2023-10-20T02:21:00.898354885) (2023-10-20T02:21:00.898434928) [Dbg] [CameraSensor.cc:583] Enabling camera sensor: 'prius_hybrid::chassis::back_camera_sensor' data generation.
(2023-10-20T02:21:13.361562684) (2023-10-20T02:21:13.361624599) [Dbg] [CameraSensor.cc:583] Enabling camera sensor: 'x500_depth_0::OakD-Lite/base_link::IMX214' data generation.
(2023-10-20T02:23:57.431878543) (2023-10-20T02:23:57.431912917) [Dbg] [SignalHandler.cc:142] Received signal[2].
(2023-10-20T02:23:57.431974184) (2023-10-20T02:23:57.431989572) [Dbg] [ServerPrivate.cc:115] Server received signal[2]
(2023-10-20T02:23:57.432043690) (2023-10-20T02:23:57.432058565) [Dbg] [Sensors.cc:433] SensorsPrivate::Stop
(2023-10-20T02:23:57.635942432) (2023-10-20T02:23:57.635963276) [Dbg] [Sensors.cc:419] SensorsPrivate::RenderThread stopped
(2023-10-20T02:23:57.636310943) (2023-10-20T02:23:57.636327837) [Dbg] [gz.cc:417] Shutting down gz-sim-server
(2023-10-20T02:23:57.641283217) (2023-10-20T02:23:57.641302873) [Dbg] [SimulationRunner.cc:530] Exiting postupdate worker thread (((2023-10-20T02:23:57.641540798) ((((2023-10-20T02:23:57.641592660(2023-10-20T02:23:57.6415926602023-10-20T02:23:57.6416360933)
) ) 2023-10-20T02:23:57.641772811) (2023-10-20T02:23:57.641813503) ) ) [Dbg] [SimulationRunner.cc:530] Exiting postupdate worker thread () (2023-10-20T02:23:57.641708287) (2023-10-20T02:23:57.641708287) (2023-10-20T02:23:57.641708287) (2023-10-20T02:23:57.6419090802023-10-20T02:23:57.6419090802023-10-20T02:23:57.6419100705) ) (2023-10-20T02:23:57.641955248)
) [Dbg] [SimulationRunner.cc:530] Exiting postupdate worker thread (2)
[Dbg] [SimulationRunner.cc:530] Exiting postupdate worker thread (4)
Exiting postupdate worker thread (1)
Exiting postupdate worker thread (0)
(2023-10-20T02:23:57.695476566) (2023-10-20T02:23:57.695501921) [Dbg] [Sensors.cc:433] SensorsPrivate::Stop
