(2023-10-15T20:11:37.53829287) (2023-10-15T20:11:37.53838984) [Msg] Gazebo Sim Server v7.6.0
(2023-10-15T20:11:37.56576959) (2023-10-15T20:11:37.56585890) [Msg] Loading SDF world file[/home/bassam/gz_ws/src/embedded_aruco_sim/worlds/iris_runway.sdf].
(2023-10-15T20:11:37.306784731) (2023-10-15T20:11:37.306797905) [Msg] Serving entity system service on [/entity/system/add]
(2023-10-15T20:11:37.530943786) (2023-10-15T20:11:37.530961309) [Dbg] [Physics.cc:880] Loaded [gz::physics::dartsim::Plugin] from library [/usr/lib/x86_64-linux-gnu/gz-physics-6/engine-plugins/libgz-physics-dartsim-plugin.so]
(2023-10-15T20:11:37.531349352) (2023-10-15T20:11:37.531359832) [Dbg] [SystemManager.cc:74] Loaded system [gz::sim::systems::Physics] for entity [1]
(2023-10-15T20:11:37.556036877) (2023-10-15T20:11:37.556053503) [Dbg] [Sensors.cc:506] Configuring Sensors system
(2023-10-15T20:11:37.556555240) (2023-10-15T20:11:37.556571076) [Dbg] [Sensors.cc:425] SensorsPrivate::Run
(2023-10-15T20:11:37.556677848) (2023-10-15T20:11:37.556688197) [Dbg] [SystemManager.cc:74] Loaded system [gz::sim::systems::Sensors] for entity [1]
(2023-10-15T20:11:37.559313620) (2023-10-15T20:11:37.559337333) [Dbg] [Sensors.cc:402] SensorsPrivate::RenderThread started
(2023-10-15T20:11:37.560440959) (2023-10-15T20:11:37.560561376) [Dbg] [Sensors.cc:245] Waiting for init
(2023-10-15T20:11:37.564270653) (2023-10-15T20:11:37.564283842) [Msg] Create service on [/world/iris_runway/create]
(2023-10-15T20:11:37.564883153) (2023-10-15T20:11:37.564894798) [Msg] Remove service on [/world/iris_runway/remove]
(2023-10-15T20:11:37.565326044) (2023-10-15T20:11:37.565337170) [Msg] Pose service on [/world/iris_runway/set_pose]
(2023-10-15T20:11:37.565793326) (2023-10-15T20:11:37.565804255) [Msg] Pose service on [/world/iris_runway/set_pose_vector]
(2023-10-15T20:11:37.567248339) (2023-10-15T20:11:37.567261755) [Msg] Light configuration service on [/world/iris_runway/light_config]
(2023-10-15T20:11:37.568000109) (2023-10-15T20:11:37.568012435) [Msg] Physics service on [/world/iris_runway/set_physics]
(2023-10-15T20:11:37.568556005) (2023-10-15T20:11:37.568567781) [Msg] SphericalCoordinates service on [/world/iris_runway/set_spherical_coordinates]
(2023-10-15T20:11:37.568955773) (2023-10-15T20:11:37.568967003) [Msg] Enable collision service on [/world/iris_runway/enable_collision]
(2023-10-15T20:11:37.569340617) (2023-10-15T20:11:37.569351418) [Msg] Disable collision service on [/world/iris_runway/disable_collision]
(2023-10-15T20:11:37.569953281) (2023-10-15T20:11:37.569963641) [Msg] Material service on [/world/iris_runway/visual_config]
(2023-10-15T20:11:37.570408214) (2023-10-15T20:11:37.570422053) [Msg] Material service on [/world/iris_runway/wheel_slip]
(2023-10-15T20:11:37.570486573) (2023-10-15T20:11:37.570495975) [Dbg] [SystemManager.cc:74] Loaded system [gz::sim::systems::UserCommands] for entity [1]
(2023-10-15T20:11:37.574910140) (2023-10-15T20:11:37.574928950) [Dbg] [SystemManager.cc:74] Loaded system [gz::sim::systems::SceneBroadcaster] for entity [1]
(2023-10-15T20:11:37.578588164) (2023-10-15T20:11:37.578601281) [Dbg] [SystemManager.cc:74] Loaded system [gz::sim::systems::Imu] for entity [1]
(2023-10-15T20:11:37.581032450) (2023-10-15T20:11:37.581045831) [Dbg] [SystemManager.cc:74] Loaded system [gz::sim::systems::NavSat] for entity [1]
(2023-10-15T20:11:37.592933365) (2023-10-15T20:11:37.592950338) [Dbg] [SystemManager.cc:74] Loaded system [gz::sim::systems::JointStatePublisher] for entity [15]
(2023-10-15T20:11:37.595742845) (2023-10-15T20:11:37.595762657) [Dbg] [SystemManager.cc:74] Loaded system [gz::sim::systems::LiftDrag] for entity [15]
(2023-10-15T20:11:37.596633242) (2023-10-15T20:11:37.596649305) [Dbg] [SystemManager.cc:74] Loaded system [gz::sim::systems::LiftDrag] for entity [15]
(2023-10-15T20:11:37.597090459) (2023-10-15T20:11:37.597103026) [Dbg] [SystemManager.cc:74] Loaded system [gz::sim::systems::LiftDrag] for entity [15]
(2023-10-15T20:11:37.597509063) (2023-10-15T20:11:37.597521171) [Dbg] [SystemManager.cc:74] Loaded system [gz::sim::systems::LiftDrag] for entity [15]
(2023-10-15T20:11:37.598072561) (2023-10-15T20:11:37.598243319) [Dbg] [SystemManager.cc:74] Loaded system [gz::sim::systems::LiftDrag] for entity [15]
(2023-10-15T20:11:37.598912089) (2023-10-15T20:11:37.598929051) [Dbg] [SystemManager.cc:74] Loaded system [gz::sim::systems::LiftDrag] for entity [15]
(2023-10-15T20:11:37.599543113) (2023-10-15T20:11:37.599588661) [Dbg] [SystemManager.cc:74] Loaded system [gz::sim::systems::LiftDrag] for entity [15]
(2023-10-15T20:11:37.600226452) (2023-10-15T20:11:37.600241382) [Dbg] [SystemManager.cc:74] Loaded system [gz::sim::systems::LiftDrag] for entity [15]
(2023-10-15T20:11:37.603107678) (2023-10-15T20:11:37.603122814) [Msg] ApplyJointForce subscribing to Double messages on [/model/iris_with_ardupilot/joint/iris_with_standoffs::rotor_0_joint/cmd_force]
(2023-10-15T20:11:37.603175262) (2023-10-15T20:11:37.603181080) [Dbg] [SystemManager.cc:74] Loaded system [gz::sim::systems::ApplyJointForce] for entity [15]
(2023-10-15T20:11:37.603686984) (2023-10-15T20:11:37.603699808) [Msg] ApplyJointForce subscribing to Double messages on [/model/iris_with_ardupilot/joint/iris_with_standoffs::rotor_1_joint/cmd_force]
(2023-10-15T20:11:37.603778359) (2023-10-15T20:11:37.603784713) [Dbg] [SystemManager.cc:74] Loaded system [gz::sim::systems::ApplyJointForce] for entity [15]
(2023-10-15T20:11:37.604457347) (2023-10-15T20:11:37.604476401) [Msg] ApplyJointForce subscribing to Double messages on [/model/iris_with_ardupilot/joint/iris_with_standoffs::rotor_2_joint/cmd_force]
(2023-10-15T20:11:37.604561420) (2023-10-15T20:11:37.604572918) [Dbg] [SystemManager.cc:74] Loaded system [gz::sim::systems::ApplyJointForce] for entity [15]
(2023-10-15T20:11:37.605205571) (2023-10-15T20:11:37.605232516) [Msg] ApplyJointForce subscribing to Double messages on [/model/iris_with_ardupilot/joint/iris_with_standoffs::rotor_3_joint/cmd_force]
(2023-10-15T20:11:37.605307920) (2023-10-15T20:11:37.605318544) [Dbg] [SystemManager.cc:74] Loaded system [gz::sim::systems::ApplyJointForce] for entity [15]
(2023-10-15T20:11:37.605743953) (2023-10-15T20:11:37.605754060) [Err] [SystemLoader.cc:119] Failed to load system plugin: (Reason: Could not find shared library)
- Requested plugin name: [ArduPilotPlugin]
- Requested library name: [ArduPilotPlugin]
- Library search paths:
  - /home/bassam/.gz/sim/plugins/
  - /usr/lib/x86_64-linux-gnu/gz-sim-7/plugins/
  - /home/bassam/.ignition/gazebo/plugins/
  - /home/bassam/gz_ws/embedded_aruco_sim/build/
  - /home/bassam/embedded_aruco_sim/build/
  - /home/bassam/gz_ws/src/ardupilot_gazebo/build/
  - /
(2023-10-15T20:11:37.607259107) (2023-10-15T20:11:37.607274332) [Msg] Loaded level [3]
(2023-10-15T20:11:37.612075079) (2023-10-15T20:11:37.612095151) [Msg] Serving world controls on [/world/iris_runway/control], [/world/iris_runway/control/state] and [/world/iris_runway/playback/control]
(2023-10-15T20:11:37.612392800) (2023-10-15T20:11:37.612402928) [Msg] Serving GUI information on [/world/iris_runway/gui/info]
(2023-10-15T20:11:37.612446420) (2023-10-15T20:11:37.612454815) [Msg] World [iris_runway] initialized with [1ms] physics profile.
(2023-10-15T20:11:37.612675564) (2023-10-15T20:11:37.612687995) [Msg] Serving world SDF generation service on [/world/iris_runway/generate_world_sdf]
(2023-10-15T20:11:37.612857983) (2023-10-15T20:11:37.612870106) [Msg] Serving world names on [/gazebo/worlds]
(2023-10-15T20:11:37.612968061) (2023-10-15T20:11:37.612975730) [Msg] Resource path add service on [/gazebo/resource_paths/add].
(2023-10-15T20:11:37.613084194) (2023-10-15T20:11:37.613092072) [Msg] Resource path get service on [/gazebo/resource_paths/get].
(2023-10-15T20:11:37.613196729) (2023-10-15T20:11:37.613204130) [Msg] Resource path resolve service on [/gazebo/resource_paths/resolve].
(2023-10-15T20:11:37.613309262) (2023-10-15T20:11:37.613320801) [Msg] Resource paths published on [/gazebo/resource_paths].
(2023-10-15T20:11:37.713650430) (2023-10-15T20:11:37.713665560) [Msg] Server control service on [/server_control].
(2023-10-15T20:11:38.952753152) (2023-10-15T20:11:38.952772140) [Msg] Found no publishers on /stats, adding root stats topic
(2023-10-15T20:11:38.953124809) (2023-10-15T20:11:38.953136612) [Msg] Found no publishers on /clock, adding root clock topic
(2023-10-15T20:11:38.953464669) (2023-10-15T20:11:38.953476437) [Dbg] [SimulationRunner.cc:503] Creating PostUpdate worker threads: 6
(2023-10-15T20:11:38.953518621) (2023-10-15T20:11:38.953527386) [Dbg] [SimulationRunner.cc:514] Creating postupdate worker thread (0)
(2023-10-15T20:11:38.953628883) (2023-10-15T20:11:38.953638695) [Dbg] [SimulationRunner.cc:514] Creating postupdate worker thread (1)
(2023-10-15T20:11:38.953718014) (2023-10-15T20:11:38.953727368) [Dbg] [SimulationRunner.cc:514] Creating postupdate worker thread (2)
(2023-10-15T20:11:38.953797040) (2023-10-15T20:11:38.953806154) [Dbg] [SimulationRunner.cc:514] Creating postupdate worker thread (3)
(2023-10-15T20:11:38.953902719) (2023-10-15T20:11:38.953911730) [Dbg] [SimulationRunner.cc:514] Creating postupdate worker thread (4)
(2023-10-15T20:11:38.971148155) (2023-10-15T20:11:38.971164060) [Msg] Serving scene information on [/world/iris_runway/scene/info2023-10-15T20:11:38.971197076) (2023-10-15T20:11:38.971228950) [Dbg] [ImuSensor.cc:149] 
IMU data for [iris_with_ardupilot::iris_with_standoffs::imu_link::imu_sensor] advertised on [world/iris_runway/model/iris_with_ardupilot/model/iris_with_standoffs/link/imu_link/sensor/imu_sensor/imu]
(2023-10-15T20:11:38.971359102) (2023-10-15T20:11:38.971369565) [Msg] Serving graph information on [/world/iris_runway/scene/graph]
(2023-10-15T20:11:38.971540738) (2023-10-15T20:11:38.971547993) [Msg] Serving full state on [/world/iris_runway/state]
(2023-10-15T20:11:38.971664593) (2023-10-15T20:11:38.971675124) [Msg] Serving full state (async) on [/world/iris_runway/state_async]
(2023-10-15T20:11:38.971789887) (2023-10-15T20:11:38.971799890) [Msg] Publishing scene information on [/world/iris_runway/scene/info]
(2023-10-15T20:11:38.971930657) (2023-10-15T20:11:38.971939703) [Msg] Publishing entity deletions on [/world/iris_runway/scene/deletion]
(2023-10-15T20:11:38.972039091) (2023-10-15T20:11:38.972048456) [Msg] Publishing state changes on [/world/iris_runway/state]
(2023-10-15T20:11:38.972156230) (2023-10-15T20:11:38.972165132) [Msg] Publishing pose messages on [/world/iris_runway/pose/info]
(2023-10-15T20:11:38.972276908) (2023-10-15T20:11:38.972288675) [Msg] Publishing dynamic pose messages on [/world/iris_runway/dynamic_pose/info]
(2023-10-15T20:11:38.972645602) (2023-10-15T20:11:38.972654069) [Dbg] [EntityComponentManager.cc:1655] Updated state thread iterators: 8 threads processing around 6 entities each.
(2023-10-15T20:11:38.973050419) (2023-10-15T20:11:38.973063773) [Wrn] [Model.hh:69] (2023-10-15T20:11:38.973159250) (2023-10-15T20:11:38.973172406) Skipping serialization / deserialization for models with //pose/@relative_to attribute.
[Wrn] [Model.hh:69] Skipping serialization / deserialization for models with //pose/@relative_to attribute.
(2023-10-15T20:11:38.973357449) (2023-10-15T20:11:38.973369520) [Wrn] [Component.hh:144] Trying to serialize component with data type [N3sdf3v135WorldE], which doesn't have `operator<<`. Component will not be serialized.
(2023-10-15T20:11:51.38787526) (2023-10-15T20:11:51.38813216) [Dbg] [SignalHandler.cc:142] Received signal[2].
(2023-10-15T20:11:51.38891791) (2023-10-15T20:11:51.38909211) [Dbg] [ServerPrivate.cc:115] Server received signal[2]
(2023-10-15T20:11:51.38954047) (2023-10-15T20:11:51.38963679) [Dbg] [Sensors.cc:433] SensorsPrivate::Stop
(2023-10-15T20:11:51.39077807) (2023-10-15T20:11:51.39094810) [Dbg] [Sensors.cc:277] Rendering Thread initialized
(2023-10-15T20:11:51.39159442) (2023-10-15T20:11:51.39168848) [Dbg] [Sensors.cc:419] SensorsPrivate::RenderThread stopped
(2023-10-15T20:11:51.39283530) (2023-10-15T20:11:51.39295312) [Dbg] [gz.cc:417] Shutting down gz-sim-server
(2023-10-15T20:11:51.48877702) (2023-10-15T20:11:51.48904160) [Dbg] [SimulationRunner.cc:530] Exiting postupdate worker thread (((2023-10-15T20:11:51.49364494) (2023-10-15T20:11:51.49394189) 2023-10-15T20:11:51.49426007) (2023-10-15T20:11:51.49459699) (2023-10-15T20:11:51.49499325) (2023-10-15T20:11:51.49513925) Exiting postupdate worker thread ([Dbg] [SimulationRunner.cc:530] Exiting postupdate worker thread (1)
[Dbg] [SimulationRunner.cc:530] [Dbg] [SimulationRunner.cc:530] Exiting postupdate worker thread (3)
Exiting postupdate worker thread (2)
(2023-10-15T20:11:51.49987471) (2023-10-15T20:11:51.50016353) [Dbg] [SimulationRunner.cc:530] Exiting postupdate worker thread (0)
4)
(2023-10-15T20:11:51.100378076) (2023-10-15T20:11:51.100408026) [Dbg] [Sensors.cc:433] SensorsPrivate::Stop
