(2023-11-06T22:02:35.483774618) (2023-11-06T22:02:35.483785848) [Msg] Gazebo Sim Server v7.6.0
(2023-11-06T22:02:35.486477645) (2023-11-06T22:02:35.486485399) [Msg] Loading SDF world file[/home/bassam/PX4-Autopilot/Tools/simulation/gz/worlds/default.sdf].
(2023-11-06T22:02:35.582952446) (2023-11-06T22:02:35.582962270) [Msg] Serving entity system service on [/entity/system/add]
(2023-11-06T22:02:35.698350429) (2023-11-06T22:02:35.698366968) [Dbg] [Physics.cc:880] Loaded [gz::physics::dartsim::Plugin] from library [/usr/lib/x86_64-linux-gnu/gz-physics-6/engine-plugins/libgz-physics-dartsim-plugin.so]
(2023-11-06T22:02:35.698437808) (2023-11-06T22:02:35.698446816) [Dbg] [SystemManager.cc:74] Loaded system [gz::sim::systems::Physics] for entity [1]
(2023-11-06T22:02:35.713808434) (2023-11-06T22:02:35.713823091) [Msg] Create service on [/world/default/create]
(2023-11-06T22:02:35.814087692) (2023-11-06T22:02:35.814097777) [Msg] Remove service on [/world/default/remove]
(2023-11-06T22:02:35.814222091) (2023-11-06T22:02:35.814232768) [Msg] Pose service on [/world/default/set_pose]
(2023-11-06T22:02:35.814358068) (2023-11-06T22:02:35.814368153) [Msg] Pose service on [/world/default/set_pose_vector]
(2023-11-06T22:02:35.814542229) (2023-11-06T22:02:35.814551961) [Msg] Light configuration service on [/world/default/light_config]
(2023-11-06T22:02:35.814773044) (2023-11-06T22:02:35.814782510) [Msg] Physics service on [/world/default/set_physics]
(2023-11-06T22:02:35.814942481) (2023-11-06T22:02:35.814951788) [Msg] SphericalCoordinates service on [/world/default/set_spherical_coordinates]
(2023-11-06T22:02:35.815034467) (2023-11-06T22:02:35.815043288) [Msg] Enable collision service on [/world/default/enable_collision]
(2023-11-06T22:02:35.815122924) (2023-11-06T22:02:35.815132690) [Msg] Disable collision service on [/world/default/disable_collision]
(2023-11-06T22:02:35.815328810) (2023-11-06T22:02:35.815338779) [Msg] Material service on [/world/default/visual_config]
(2023-11-06T22:02:35.815470863) (2023-11-06T22:02:35.815481045) [Msg] Material service on [/world/default/wheel_slip]
(2023-11-06T22:02:35.815520770) (2023-11-06T22:02:35.815529266) [Dbg] [SystemManager.cc:74] Loaded system [gz::sim::systems::UserCommands] for entity [1]
(2023-11-06T22:02:35.817153626) (2023-11-06T22:02:35.817167342) [Dbg] [SystemManager.cc:74] Loaded system [gz::sim::systems::SceneBroadcaster] for entity [1]
(2023-11-06T22:02:35.818304159) (2023-11-06T22:02:35.818317283) [Dbg] [SystemManager.cc:74] Loaded system [gz::sim::systems::Contact] for entity [1]
(2023-11-06T22:02:35.819952564) (2023-11-06T22:02:35.819965963) [Dbg] [SystemManager.cc:74] Loaded system [gz::sim::systems::Imu] for entity [1]
(2023-11-06T22:02:35.821261335) (2023-11-06T22:02:35.821273704) [Dbg] [SystemManager.cc:74] Loaded system [gz::sim::systems::AirPressure] for entity [1]
(2023-11-06T22:02:35.822544885) (2023-11-06T22:02:35.822558257) [Msg] Listening to instantaneous wrench commands in [/world/default/wrench]
(2023-11-06T22:02:35.822641106) (2023-11-06T22:02:35.822652099) [Msg] Listening to persistent wrench commands in [/world/default/wrench/persistent]
(2023-11-06T22:02:35.822720766) (2023-11-06T22:02:35.822730202) [Msg] Listening to wrench clear commands in [/world/default/wrench/clear]
(2023-11-06T22:02:35.822761207) (2023-11-06T22:02:35.822768796) [Dbg] [SystemManager.cc:74] Loaded system [gz::sim::systems::ApplyLinkWrench] for entity [1]
(2023-11-06T22:02:35.830015987) (2023-11-06T22:02:35.830031258) [Dbg] [Sensors.cc:506] Configuring Sensors system
(2023-11-06T22:02:35.830120029) (2023-11-06T22:02:35.830128535) [Dbg] [Sensors.cc:425] SensorsPrivate::Run
(2023-11-06T22:02:35.830202999) (2023-11-06T22:02:35.830211619) [Dbg] [SystemManager.cc:74] Loaded system [gz::sim::systems::Sensors] for entity [1(](]
2023-11-06T22:02:35.8302454552023-11-06T22:02:35.830245455) () [Dbg] [Sensors.cc:402] SensorsPrivate::RenderThread started
(2023-11-06T22:02:35.830281834) (2023-11-06T22:02:35.830286490) [Dbg] [Sensors.cc:245] Waiting for init
(2023-11-06T22:02:35.833456983) (2023-11-06T22:02:35.833472738) [Wrn] [SystemLoader.cc:79] Trying to load deprecated plugin [ignition-gazebo-ackermann-steering-system]. Using [gz-sim-ackermann-steering-system] instead.
(2023-11-06T22:02:35.835043100) (2023-11-06T22:02:35.835057805) [Msg] AckermannSteering subscribing to twist messages on [/cmd_vel]
(2023-11-06T22:02:35.835330920) (2023-11-06T22:02:35.835342136) [Dbg] [SystemManager.cc:74] Loaded system [ignition::gazebo::systems::AckermannSteering] for entity [10]
(2023-11-06T22:02:35.835502331) (2023-11-06T22:02:35.835511418) [Msg] Loaded level [3]
(2023-11-06T22:02:35.837563577) (2023-11-06T22:02:35.837578097) [Msg] Serving world controls on [/world/default/control], [/world/default/control/state] and [/world/default/playback/control]
(2023-11-06T22:02:35.837841706) (2023-11-06T22:02:35.837852351) [Msg] Serving GUI information on [/world/default/gui/info]
(2023-11-06T22:02:35.837882211) (2023-11-06T22:02:35.837889690) [Msg] World [default] initialized with [default_physics] physics profile.
(2023-11-06T22:02:35.838049593) (2023-11-06T22:02:35.838059155) [Msg] Serving world SDF generation service on [/world/default/generate_world_sdf]
(2023-11-06T22:02:35.838171995) (2023-11-06T22:02:35.838180943) [Msg] Serving world names on [/gazebo/worlds]
(2023-11-06T22:02:35.838251647) (2023-11-06T22:02:35.838260465) [Msg] Resource path add service on [/gazebo/resource_paths/add].
(2023-11-06T22:02:35.838330994) (2023-11-06T22:02:35.838339496) [Msg] Resource path get service on [/gazebo/resource_paths/get].
(2023-11-06T22:02:35.838408794) (2023-11-06T22:02:35.838417416) [Msg] Resource path resolve service on [/gazebo/resource_paths/resolve].
(2023-11-06T22:02:35.838493374) (2023-11-06T22:02:35.838501890) [Msg] Resource paths published on [/gazebo/resource_paths].
(2023-11-06T22:02:35.838619097) (2023-11-06T22:02:35.838627153) [Msg] Server control service on [/server_control].
(2023-11-06T22:02:37.485467698) (2023-11-06T22:02:37.485478862) [Msg] Found no publishers on /stats, adding root stats topic
(2023-11-06T22:02:37.485631345) (2023-11-06T22:02:37.485640920) [Msg] Found no publishers on /clock, adding root clock topic
(2023-11-06T22:02:37.485838483) (2023-11-06T22:02:37.485847568) [Dbg] [SimulationRunner.cc:503] Creating PostUpdate worker threads: 7
(2023-11-06T22:02:37.485875183) (2023-11-06T22:02:37.485882942) [Dbg] [SimulationRunner.cc:514] Creating postupdate worker thread (0)
(2023-11-06T22:02:37.485968895) (2023-11-06T22:02:37.485978094) [Dbg] [SimulationRunner.cc:514] Creating postupdate worker thread (1)
(2023-11-06T22:02:37.486043932) (2023-11-06T22:02:37.486052810) [Dbg] [SimulationRunner.cc:514] Creating postupdate worker thread (2)
(2023-11-06T22:02:37.486115872) (2023-11-06T22:02:37.486124872) [Dbg] [SimulationRunner.cc:514] Creating postupdate worker thread (3)
(2023-11-06T22:02:37.486182347) (2023-11-06T22:02:37.486191018) [Dbg] [SimulationRunner.cc:514] Creating postupdate worker thread (4)
(2023-11-06T22:02:37.486246337) (2023-11-06T22:02:37.486255296) [Dbg] [SimulationRunner.cc:514] Creating postupdate worker thread (5)
(2023-11-06T22:02:37.647097438) (2023-11-06T22:02:37.647111460) [Wrn] [MulticopterMotorModel.cc:257] No robotNamespace set using entity name.
(2023-11-06T22:02:37.647139079) (2023-11-06T22:02:37.647143975) [Wrn] [MulticopterMotorModel.cc:295] <motorNumber> is depricated, please use <actuator_number>.
(2023-11-06T22:02:37.647184059) (2023-11-06T22:02:37.647189043) [Dbg] [MulticopterMotorModel.cc:386] Listening to topic: x500_depth_0/command/motor_speed
(2023-11-06T22:02:37.647457644) (2023-11-06T22:02:37.647464612) [Dbg] [SystemManager.cc:74] Loaded system [gz::sim::systems::MulticopterMotorModel] for entity [58]
(2023-11-06T22:02:37.647705258) (2023-11-06T22:02:37.647714422) [Wrn] [MulticopterMotorModel.cc:257] No robotNamespace set using entity name.
(2023-11-06T22:02:37.647728861) (2023-11-06T22:02:37.647733404) [Wrn] [MulticopterMotorModel.cc:295] <motorNumber> is depricated, please use <actuator_number>.
(2023-11-06T22:02:37.647764537) (2023-11-06T22:02:37.647769333) [Dbg] [MulticopterMotorModel.cc:386] Listening to topic: x500_depth_0/command/motor_speed
(2023-11-06T22:02:37.647876408) (2023-11-06T22:02:37.647882670) [Dbg] [SystemManager.cc:74] Loaded system [gz::sim::systems::MulticopterMotorModel] for entity [58]
(2023-11-06T22:02:37.648092881) (2023-11-06T22:02:37.648099404) [Wrn] [MulticopterMotorModel.cc:257] No robotNamespace set using entity name.
(2023-11-06T22:02:37.648112400) (2023-11-06T22:02:37.648117055) [Wrn] [MulticopterMotorModel.cc:295] <motorNumber> is depricated, please use <actuator_number>.
(2023-11-06T22:02:37.648152022) (2023-11-06T22:02:37.648157415) [Dbg] [MulticopterMotorModel.cc:386] Listening to topic: x500_depth_0/command/motor_speed
(2023-11-06T22:02:37.648268027) (2023-11-06T22:02:37.648274513) [Dbg] [SystemManager.cc:74] Loaded system [gz::sim::systems::MulticopterMotorModel] for entity [58]
(2023-11-06T22:02:37.648477428) (2023-11-06T22:02:37.648484089) [Wrn] [MulticopterMotorModel.cc:257] No robotNamespace set using entity name.
(2023-11-06T22:02:37.648498814) (2023-11-06T22:02:37.648505958) [Wrn] [MulticopterMotorModel.cc:295] <motorNumber> is depricated, please use <actuator_number>.
(2023-11-06T22:02:37.648540056) (2023-11-06T22:02:37.648545275) [Dbg] [MulticopterMotorModel.cc:386] Listening to topic: x500_depth_0/command/motor_speed
(2023-11-06T22:02:37.648660785) (2023-11-06T22:02:37.648668834) [Dbg] [SystemManager.cc:74] Loaded system [gz::sim::systems::MulticopterMotorModel] for entity [58]
(2023-11-06T22:02:37.648940731) (2023-11-06T22:02:37.648946771) [Dbg] [UserCommands.cc:1263] Created entity [58] named [x500_depth_0]
(2023-11-06T22:02:37.659580345) (2023-11-06T22:02:37.659590972) [Dbg] [SimulationFeatures.cc:72] Simulation timestep set to: 0.004
(2023-11-06T22:02:37.660618979) (2023-11-06T22:02:37.660636207) [Dbg] [Sensors.cc:659] Initialization needed
(2023-11-06T22:02:37.660680683) (2023-11-06T22:02:37.660692336) [Dbg] [Sensors.cc:257] Initializing render context
(2023-11-06T22:02:37.660823263) (2023-11-06T22:02:37.660832700) [Msg] Loading plugin [gz-rendering-ogre2]
(2023-11-06T22:02:37.661084225) (2023-11-06T22:02:37.661092333) [Dbg] [AirPressureSensor.cc:126] Air pressure for [x500_depth_0::base_link::air_pressure_sensor] advertised on [world/default/model/x500_depth_0/link/base_link/sensor/air_pressure_sensor/air_pressure(](]2023-11-06T22:02:37.661131781) (2023-11-06T22:02:37.6611456252023-11-06T22:02:37.661145625
) IMU data for [x500_depth_0::base_link::imu_sensor] advertised on [world/default/model/x500_depth_0/link/base_link/sensor/imu_sensor/imu]
(2023-11-06T22:02:37.661990241) (2023-11-06T22:02:37.662003066) [Msg] Serving scene information on [/world/default/scene/info]
(2023-11-06T22:02:37.662096055) (2023-11-06T22:02:37.662105866) [Msg] Serving graph information on [/world/default/scene/graph]
(2023-11-06T22:02:37.662254097) (2023-11-06T22:02:37.662263426) [Msg] Serving full state on [/world/default/state]
(2023-11-06T22:02:37.662377386) (2023-11-06T22:02:37.662386471) [Msg] Serving full state (async) on [/world/default/state_async]
(2023-11-06T22:02:37.662472673) (2023-11-06T22:02:37.662481631) [Msg] Publishing scene information on [/world/default/scene/info]
(2023-11-06T22:02:37.662593751) (2023-11-06T22:02:37.662603313) [Msg] Publishing entity deletions on [/world/default/scene/deletion]
(2023-11-06T22:02:37.662687002) (2023-11-06T22:02:37.662695743) [Msg] Publishing state changes on [/world/default/state]
(2023-11-06T22:02:37.662777120) (2023-11-06T22:02:37.662787155) [Msg] Publishing pose messages on [/world/default/pose/info]
(2023-11-06T22:02:37.662880567) (2023-11-06T22:02:37.662890618) [Msg] Publishing dynamic pose messages on [/world/default/dynamic_pose/info]
(2023-11-06T22:02:37.663527703) (2023-11-06T22:02:37.663538239) [Dbg] [EntityComponentManager.cc:1655] Updated state thread iterators: 8 threads processing around 13 entities each.
(2023-11-06T22:02:37.672605394) (2023-11-06T22:02:37.672620654) [Wrn] [Model.hh:69] Skipping serialization / deserialization for models with //pose/@relative_to attribute.
(2023-11-06T22:02:37.672678974) (2023-11-06T22:02:37.672698135) [Wrn] [Component.hh:144] Trying to serialize component with data type [N3sdf3v135WorldE], which doesn't have `operator<<`. Component will not be serialized.
(((2023-11-06T22:02:37.674623575) ((2023-11-06T22:02:37.674627122) (2023-11-06T22:02:37.674647461) 2023-11-06T22:02:37.674633222) [Dbg] [SimulationRunner.cc:530] Exiting postupdate worker thread (1(
(2023-11-06T22:02:37.674612804(2023-11-06T22:02:37.674612804) (2023-11-06T22:02:37.674705155) (2023-11-06T22:02:37.6747232982023-11-06T22:02:37.674723298) (2023-11-06T22:02:37.674743893) ) 2023-11-06T22:02:37.674745706) (2023-11-06T22:02:37.674757706) [Dbg] [SimulationRunner.cc:530] Exiting postupdate worker thread (44[Dbg] [SimulationRunner.cc:530] Exiting postupdate worker thread (2)
) 2023-11-06T22:02:37.674713203) [Dbg] [SimulationRunner.cc:530] Exiting postupdate worker thread (3)
)
[Dbg] [SimulationRunner.cc:530] Exiting postupdate worker thread ([Dbg] [SimulationRunner.cc:530] 5)
0)
(2023-11-06T22:02:37.674986288) (2023-11-06T22:02:37.674992874) [Dbg] [SimulationRunner.cc:503] Creating PostUpdate worker threads: 7
(2023-11-06T22:02:37.675010145) (2023-11-06T22:02:37.675014595) [Dbg] [SimulationRunner.cc:514] Creating postupdate worker thread (0)
(2023-11-06T22:02:37.675788681) (2023-11-06T22:02:37.675795092) [Dbg] [SimulationRunner.cc:514] Creating postupdate worker thread (1)
(2023-11-06T22:02:37.675821215) (2023-11-06T22:02:37.675826270) [Dbg] [SimulationRunner.cc:514] Creating postupdate worker thread (2)
(2023-11-06T22:02:37.675854576) (2023-11-06T22:02:37.675859633) [Dbg] [SimulationRunner.cc:514] Creating postupdate worker thread (3)
(2023-11-06T22:02:37.675887949) (2023-11-06T22:02:37.675893081) [Dbg] [SimulationRunner.cc:514] Creating postupdate worker thread (4)
(2023-11-06T22:02:37.675941450) (2023-11-06T22:02:37.675947107) [Dbg] [SimulationRunner.cc:514] Creating postupdate worker thread (5)
(2023-11-06T22:02:37.906087913) (2023-11-06T22:02:37.906095671) [Dbg] [RenderUtil.cc:2720] Create scene [scene]
(2023-11-06T22:02:37.947675719) (2023-11-06T22:02:37.947686552) [Dbg] [Sensors.cc:277] Rendering Thread initialized(
(
2023-11-06T22:02:37.947711344) (2023-11-06T22:02:37.947725428) [Dbg] [Sensors.cc:659] Initialization needed
(2023-11-06T22:02:37.950820510) (2023-11-06T22:02:37.950828495) [Wrn] [FuelClient.cc:1952] The fuel.ignitionrobotics.org URL is deprecrated. Pleasse change https://fuel.ignitionrobotics.org/1.0/openrobotics/models/prius hybrid/2/files/meshes/Hybrid.obj to https://fuel.gazebosim.org/1.0/openrobotics/models/prius hybrid/2/files/meshes/Hybrid.obj
(2023-11-06T22:02:37.950890553) (2023-11-06T22:02:37.950895894) [Wrn] [FuelClient.cc:1952] The fuel.ignitionrobotics.org URL is deprecrated. Pleasse change https://fuel.ignitionrobotics.org/1.0/openrobotics/models/prius hybrid/2/files/meshes/Hybrid.obj to https://fuel.gazebosim.org/1.0/openrobotics/models/prius hybrid/2/files/meshes/Hybrid.obj
(2023-11-06T22:02:37.953256425) (2023-11-06T22:02:37.953263617) [Wrn] [OBJLoader.cc:91] Both `d` and `Tr` parameters defined for "Hybrid". Use the value of `d` for dissolve (line 8 in .mtl.)
Both `d` and `Tr` parameters defined for "Wheels3". Use the value of `d` for dissolve (line 22 in .mtl.)
Both `d` and `Tr` parameters defined for "Hybrid_Interior". Use the value of `d` for dissolve (line 36 in .mtl.)
Both `d` and `Tr` parameters defined for "Windows". Use the value of `d` for dissolve (line 50 in .mtl.)

(2023-11-06T22:02:38.14518273) (2023-11-06T22:02:38.14526016) [Err] [SceneManager.cc:887] PBR material: currently only metal workflow is supported. Gazebo will try to render the material using metal workflow but without Roughness / Metalness settings.
(2023-11-06T22:02:39.429844871) (2023-11-06T22:02:39.429856235) [Dbg] [CameraSensor.cc:458] Camera images for [prius_hybrid::chassis::back_camera_sensor] advertised on [back_camera]
(2023-11-06T22:02:39.429978828) (2023-11-06T22:02:39.429988798) [Dbg] [CameraSensor.cc:786] Camera info for [prius_hybrid::chassis::back_camera_sensor] advertised on [/camera_info]
(2023-11-06T22:02:39.430093515) (2023-11-06T22:02:39.430108694) [Wrn] [Ogre2Camera.cc:412] Ogre2Camera::SetVisibilityMask: Mask bits c0000000 are set but will be ignored as they conflict with the reserved bits used internally by the ogre2 backend.
(2023-11-06T22:02:39.430349855) (2023-11-06T22:02:39.430359316) [Dbg] [CameraSensor.cc:458] Camera images for [prius_hybrid::chassis::front_camera_sensor] advertised on [front_camera]
(2023-11-06T22:02:39.430425092) (2023-11-06T22:02:39.430434256) [Dbg] [CameraSensor.cc:786] Camera info for [prius_hybrid::chassis::front_camera_sensor] advertised on [/camera_info]
(2023-11-06T22:02:39.430473613) (2023-11-06T22:02:39.430478835) [Wrn] [Ogre2Camera.cc:412] Ogre2Camera::SetVisibilityMask: Mask bits c0000000 are set but will be ignored as they conflict with the reserved bits used internally by the ogre2 backend.
(2023-11-06T22:02:39.430631863) (2023-11-06T22:02:39.430641303) [Dbg] [CameraSensor.cc:458] Camera images for [prius_hybrid::chassis::left_camera_sensor] advertised on [left_camera]
(2023-11-06T22:02:39.430700785) (2023-11-06T22:02:39.430709780) [Dbg] [CameraSensor.cc:786] Camera info for [prius_hybrid::chassis::left_camera_sensor] advertised on [/camera_info]
(2023-11-06T22:02:39.430748492) (2023-11-06T22:02:39.430753878) [Wrn] [Ogre2Camera.cc:412] Ogre2Camera::SetVisibilityMask: Mask bits c0000000 are set but will be ignored as they conflict with the reserved bits used internally by the ogre2 backend.
(2023-11-06T22:02:39.430890246) (2023-11-06T22:02:39.430899238) [Dbg] [CameraSensor.cc:458] Camera images for [prius_hybrid::chassis::right_camera_sensor] advertised on [right_camera]
(2023-11-06T22:02:39.430958491) (2023-11-06T22:02:39.430967651) [Dbg] [CameraSensor.cc:786] Camera info for [prius_hybrid::chassis::right_camera_sensor] advertised on [/camera_info]
(2023-11-06T22:02:39.431003717) (2023-11-06T22:02:39.431009203) [Wrn] [Ogre2Camera.cc:412] Ogre2Camera::SetVisibilityMask: Mask bits c0000000 are set but will be ignored as they conflict with the reserved bits used internally by the ogre2 backend.
(2023-11-06T22:02:39.431146989) (2023-11-06T22:02:39.431156464) [Dbg] [CameraSensor.cc:458] Camera images for [x500_depth_0::OakD-Lite/base_link::IMX214] advertised on [camera]
(2023-11-06T22:02:39.431216619) (2023-11-06T22:02:39.431225709) [Dbg] [CameraSensor.cc:786] Camera info for [x500_depth_0::OakD-Lite/base_link::IMX214] advertised on [/camera_info]
(2023-11-06T22:02:39.431268678) (2023-11-06T22:02:39.431273980) [Wrn] [Ogre2Camera.cc:412] Ogre2Camera::SetVisibilityMask: Mask bits c0000000 are set but will be ignored as they conflict with the reserved bits used internally by the ogre2 backend.
(2023-11-06T22:02:39.431457739) (2023-11-06T22:02:39.431466535) [Dbg] [DepthCameraSensor.cc:282] Depth images for [x500_depth_0::OakD-Lite/base_link::StereoOV7251] advertised on [depth_camera]
(2023-11-06T22:02:39.431531915) (2023-11-06T22:02:39.431541036) [Dbg] [CameraSensor.cc:786] Camera info for [x500_depth_0::OakD-Lite/base_link::StereoOV7251] advertised on [/camera_info]
(2023-11-06T22:02:39.431652338) (2023-11-06T22:02:39.431661300) [Dbg] [DepthCameraSensor.cc:299] Points for [x500_depth_0::OakD-Lite/base_link::StereoOV7251] advertised on [depth_camera/points]
(2023-11-06T22:02:49.21807718) (2023-11-06T22:02:49.21827409) [Dbg] [SignalHandler.cc:142] Received signal[2].
(2023-11-06T22:02:49.21857237) (2023-11-06T22:02:49.21865645) [Dbg] [ServerPrivate.cc:115] Server received signal[2]
(2023-11-06T22:02:49.21888204) (2023-11-06T22:02:49.21893528) [Dbg] [Sensors.cc:433] SensorsPrivate::Stop
(2023-11-06T22:02:49.48840488) (2023-11-06T22:02:49.48853447) [Dbg] [Sensors.cc:419] SensorsPrivate::RenderThread stopped
(2023-11-06T22:02:49.56018740) (2023-11-06T22:02:49.56036365) [Dbg] [gz.cc:417] Shutting down gz-sim-server
((((((2023-11-06T22:02:49.60142245) ) (2023-11-06T22:02:49.60166789) (2023-11-06T22:02:49.60178188) [Dbg] [SimulationRunner.cc:530] Exiting postupdate worker thread (4)
2023-11-06T22:02:49.60224033) (2023-11-06T22:02:49.60239183) [Dbg] [SimulationRunner.cc:530] Exiting postupdate worker thread (1))(2023-11-06T22:02:49.60311005) (2023-11-06T22:02:49.60319444) (2023-11-06T22:02:49.60146752) (2023-11-06T22:02:49.60379309) 2023-11-06T22:02:49.60357051) 
2023-11-06T22:02:49.60342184) (2023-11-06T22:02:49.60438297) [Dbg] [SimulationRunner.cc:530] Exiting postupdate worker thread (5)
[Dbg] [SimulationRunner.cc:530] Exiting postupdate worker thread ([Dbg] [SimulationRunner.cc:530] 3)
0))Exiting postupdate worker thread (2)

(2023-11-06T22:02:49.94446634) (2023-11-06T22:02:49.94458909) [Dbg] [Sensors.cc:433] SensorsPrivate::Stop
