(2023-10-19T19:23:22.562977028) (2023-10-19T19:23:22.562983676) [Msg] Gazebo Sim Server v7.6.0
(2023-10-19T19:23:22.565470086) (2023-10-19T19:23:22.565479746) [Msg] Loading default world.
(2023-10-19T19:23:22.633376863) (2023-10-19T19:23:22.633389469) [Msg] Serving entity system service on [/entity/system/add]
(2023-10-19T19:23:22.633650411) (2023-10-19T19:23:22.633661158) [Msg] Loaded level [3]
(2023-10-19T19:23:22.633708290) (2023-10-19T19:23:22.633715018) [Msg] No systems loaded from SDF, loading defaults
(2023-10-19T19:23:22.633929144) (2023-10-19T19:23:22.633938082) [Dbg] [ServerConfig.cc:1062] Loaded (3) plugins from file [/home/bassam/.gz/sim/7/server.config]
(2023-10-19T19:23:22.736405763) (2023-10-19T19:23:22.736419538) [Dbg] [Physics.cc:880] Loaded [gz::physics::dartsim::Plugin] from library [/usr/lib/x86_64-linux-gnu/gz-physics-6/engine-plugins/libgz-physics-dartsim-plugin.so]
(2023-10-19T19:23:22.736485946) (2023-10-19T19:23:22.736493773) [Dbg] [SystemManager.cc:74] Loaded system [gz::sim::systems::Physics] for entity [1]
(2023-10-19T19:23:22.738423239) (2023-10-19T19:23:22.738436351) [Msg] Create service on [/world/default/create]
(2023-10-19T19:23:22.738580447) (2023-10-19T19:23:22.738589618) [Msg] Remove service on [/world/default/remove]
(2023-10-19T19:23:22.738733061) (2023-10-19T19:23:22.738741868) [Msg] Pose service on [/world/default/set_pose]
(2023-10-19T19:23:22.738851580) (2023-10-19T19:23:22.738860669) [Msg] Pose service on [/world/default/set_pose_vector]
(2023-10-19T19:23:22.739045033) (2023-10-19T19:23:22.739053975) [Msg] Light configuration service on [/world/default/light_config]
(2023-10-19T19:23:22.754219526) (2023-10-19T19:23:22.754238331) [Msg] Physics service on [/world/default/set_physics]
(2023-10-19T19:23:22.754555170) (2023-10-19T19:23:22.754564817) [Msg] SphericalCoordinates service on [/world/default/set_spherical_coordinates]
(2023-10-19T19:23:22.754703721) (2023-10-19T19:23:22.754712297) [Msg] Enable collision service on [/world/default/enable_collision]
(2023-10-19T19:23:22.754905725) (2023-10-19T19:23:22.754917118) [Msg] Disable collision service on [/world/default/disable_collision]
(2023-10-19T19:23:22.755208939) (2023-10-19T19:23:22.755218386) [Msg] Material service on [/world/default/visual_config]
(2023-10-19T19:23:22.755430686) (2023-10-19T19:23:22.755439817) [Msg] Material service on [/world/default/wheel_slip]
(2023-10-19T19:23:22.755480622) (2023-10-19T19:23:22.755488206) [Dbg] [SystemManager.cc:74] Loaded system [gz::sim::systems::UserCommands] for entity [1]
(2023-10-19T19:23:22.757082121) (2023-10-19T19:23:22.757093794) [Dbg] [SystemManager.cc:74] Loaded system [gz::sim::systems::SceneBroadcaster] for entity [1]
(2023-10-19T19:23:22.757682925) (2023-10-19T19:23:22.757693005) [Msg] Serving world controls on [/world/default/control], [/world/default/control/state] and [/world/default/playback/control]
(2023-10-19T19:23:22.757914481) (2023-10-19T19:23:22.757923505) [Msg] Serving GUI information on [/world/default/gui/info]
(2023-10-19T19:23:22.757951094) (2023-10-19T19:23:22.757958125) [Msg] World [default] initialized with [default_physics] physics profile.
(2023-10-19T19:23:22.758576719) (2023-10-19T19:23:22.758585567) [Msg] Serving world SDF generation service on [/world/default/generate_world_sdf]
(2023-10-19T19:23:22.758767206) (2023-10-19T19:23:22.758776160) [Msg] Serving world names on [/gazebo/worlds]
(2023-10-19T19:23:22.758930417) (2023-10-19T19:23:22.758939637) [Msg] Resource path add service on [/gazebo/resource_paths/add].
(2023-10-19T19:23:22.759086542) (2023-10-19T19:23:22.759095708) [Msg] Resource path get service on [/gazebo/resource_paths/get].
(2023-10-19T19:23:22.759251857) (2023-10-19T19:23:22.759261338) [Msg] Resource path resolve service on [/gazebo/resource_paths/resolve].
(2023-10-19T19:23:22.759631710) (2023-10-19T19:23:22.759641907) [Msg] Resource paths published on [/gazebo/resource_paths].
(2023-10-19T19:23:22.759860691) (2023-10-19T19:23:22.759870529) [Msg] Server control service on [/server_control].
(2023-10-19T19:23:24.229400002) (2023-10-19T19:23:24.229412254) [Wrn] [SimulationRunner.cc:676] Found additional publishers on /stats, using namespaced stats topic only
(2023-10-19T19:23:24.229448513) (2023-10-19T19:23:24.229453371) [Dbg] [SimulationRunner.cc:678] Publishers [Address, Message Type]:
(2023-10-19T19:23:24.229461996) (2023-10-19T19:23:24.229466285) [Dbg] [SimulationRunner.cc:683]   tcp://172.28.242.145:34027, gz.msgs.WorldStatistics
(2023-10-19T19:23:24.229603189) (2023-10-19T19:23:24.229608924) [Wrn] [SimulationRunner.cc:709] Found additional publishers on /clock, using namespaced clock topic only
(2023-10-19T19:23:24.229623334) (2023-10-19T19:23:24.229627537) [Dbg] [SimulationRunner.cc:711] Publishers [Address, Message Type]:
(2023-10-19T19:23:24.229635787) (2023-10-19T19:23:24.229639900) [Dbg] [SimulationRunner.cc:716]   tcp://172.28.242.145:34027, gz.msgs.Clock
(2023-10-19T19:23:24.229724481) (2023-10-19T19:23:24.229729976) [Dbg] [SimulationRunner.cc:503] Creating PostUpdate worker threads: 2
(2023-10-19T19:23:24.229746288) (2023-10-19T19:23:24.229750594) [Dbg] [SimulationRunner.cc:514] Creating postupdate worker thread (0)
(2023-10-19T19:23:24.230549886) (2023-10-19T19:23:24.230561084) [Msg] Serving scene information on [/world/default/scene/info]
(2023-10-19T19:23:24.230649147) (2023-10-19T19:23:24.230658560) [Msg] Serving graph information on [/world/default/scene/graph]
(2023-10-19T19:23:24.230815564) (2023-10-19T19:23:24.230825785) [Msg] Serving full state on [/world/default/state]
(2023-10-19T19:23:24.230914546) (2023-10-19T19:23:24.230923848) [Msg] Serving full state (async) on [/world/default/state_async]
(2023-10-19T19:23:24.231000302) (2023-10-19T19:23:24.231009395) [Msg] Publishing scene information on [/world/default/scene/info]
(2023-10-19T19:23:24.231093976) (2023-10-19T19:23:24.231102405) [Msg] Publishing entity deletions on [/world/default/scene/deletion]
(2023-10-19T19:23:24.231159078) (2023-10-19T19:23:24.231167819) [Msg] Publishing state changes on [/world/default/state]
(2023-10-19T19:23:24.231244670) (2023-10-19T19:23:24.231252744) [Msg] Publishing pose messages on [/world/default/pose/info]
(2023-10-19T19:23:24.231308873) (2023-10-19T19:23:24.231317745) [Msg] Publishing dynamic pose messages on [/world/default/dynamic_pose/info]
(2023-10-19T19:23:24.231469046) (2023-10-19T19:23:24.231475178) [Wrn] [Component.hh:144] Trying to serialize component with data type [N3sdf3v135WorldE], which doesn't have `operator<<`. Component will not be serialized.
(2023-10-19T19:23:29.39894379) (2023-10-19T19:23:29.39909993) [Dbg] [SignalHandler.cc:142] Received signal[2].
(2023-10-19T19:23:29.39936942) (2023-10-19T19:23:29.39947846) [Dbg] [ServerPrivate.cc:115] Server received signal[2]
(2023-10-19T19:23:29.40608897) (2023-10-19T19:23:29.40619103) [Dbg] [gz.cc:417] Shutting down gz-sim-server
(2023-10-19T19:23:29.45145364) (2023-10-19T19:23:29.45156522) [Dbg] [SimulationRunner.cc:530] Exiting postupdate worker thread (0)
