(2023-10-27T19:13:29.707652583) (2023-10-27T19:13:29.707681268) [Msg] Gazebo Sim Server v7.6.0
(2023-10-27T19:13:29.712848308) (2023-10-27T19:13:29.712863667) [Msg] Loading SDF world file[/home/bassam/PX4-Autopilot/Tools/simulation/gz/worlds/default.sdf].
(2023-10-27T19:13:29.891419884) (2023-10-27T19:13:29.891445944) [Msg] Serving entity system service on [/entity/system/add]
(2023-10-27T19:13:30.111032189) (2023-10-27T19:13:30.111062529) [Dbg] [Physics.cc:880] Loaded [gz::physics::dartsim::Plugin] from library [/usr/lib/x86_64-linux-gnu/gz-physics-6/engine-plugins/libgz-physics-dartsim-plugin.so]
(2023-10-27T19:13:30.111184737) (2023-10-27T19:13:30.111200485) [Dbg] [SystemManager.cc:74] Loaded system [gz::sim::systems::Physics] for entity [1]
(2023-10-27T19:13:30.118700786) (2023-10-27T19:13:30.118722761) [Msg] Create service on [/world/default/create]
(2023-10-27T19:13:30.219196479) (2023-10-27T19:13:30.219220652) [Msg] Remove service on [/world/default/remove]
(2023-10-27T19:13:30.219455020) (2023-10-27T19:13:30.219474343) [Msg] Pose service on [/world/default/set_pose]
(2023-10-27T19:13:30.219683529) (2023-10-27T19:13:30.219702847) [Msg] Pose service on [/world/default/set_pose_vector]
(2023-10-27T19:13:30.220024166) (2023-10-27T19:13:30.220042895) [Msg] Light configuration service on [/world/default/light_config]
(2023-10-27T19:13:30.220451804) (2023-10-27T19:13:30.220465223) [Msg] Physics service on [/world/default/set_physics]
(2023-10-27T19:13:30.220680862) (2023-10-27T19:13:30.220698369) [Msg] SphericalCoordinates service on [/world/default/set_spherical_coordinates]
(2023-10-27T19:13:30.220834020) (2023-10-27T19:13:30.220851206) [Msg] Enable collision service on [/world/default/enable_collision]
(2023-10-27T19:13:30.220975665) (2023-10-27T19:13:30.220986637) [Msg] Disable collision service on [/world/default/disable_collision]
(2023-10-27T19:13:30.221215857) (2023-10-27T19:13:30.221226821) [Msg] Material service on [/world/default/visual_config]
(2023-10-27T19:13:30.221387777) (2023-10-27T19:13:30.221399804) [Msg] Material service on [/world/default/wheel_slip]
(2023-10-27T19:13:30.221445207) (2023-10-27T19:13:30.221454836) [Dbg] [SystemManager.cc:74] Loaded system [gz::sim::systems::UserCommands] for entity [1]
(2023-10-27T19:13:30.223837922) (2023-10-27T19:13:30.223852416) [Dbg] [SystemManager.cc:74] Loaded system [gz::sim::systems::SceneBroadcaster] for entity [1]
(2023-10-27T19:13:30.225181044) (2023-10-27T19:13:30.225195251) [Dbg] [SystemManager.cc:74] Loaded system [gz::sim::systems::Contact] for entity [1]
(2023-10-27T19:13:30.227113761) (2023-10-27T19:13:30.227128356) [Dbg] [SystemManager.cc:74] Loaded system [gz::sim::systems::Imu] for entity [1]
(2023-10-27T19:13:30.228768288) (2023-10-27T19:13:30.228783174) [Dbg] [SystemManager.cc:74] Loaded system [gz::sim::systems::AirPressure] for entity [1]
(2023-10-27T19:13:30.230315546) (2023-10-27T19:13:30.230330541) [Msg] Listening to instantaneous wrench commands in [/world/default/wrench]
(2023-10-27T19:13:30.230435487) (2023-10-27T19:13:30.230452252) [Msg] Listening to persistent wrench commands in [/world/default/wrench/persistent]
(2023-10-27T19:13:30.230554890) (2023-10-27T19:13:30.230568586) [Msg] Listening to wrench clear commands in [/world/default/wrench/clear]
(2023-10-27T19:13:30.230604345) (2023-10-27T19:13:30.230612709) [Dbg] [SystemManager.cc:74] Loaded system [gz::sim::systems::ApplyLinkWrench] for entity [1]
(2023-10-27T19:13:30.239583866) (2023-10-27T19:13:30.239602333) [Dbg] [Sensors.cc:506] Configuring Sensors system
(2023-10-27T19:13:30.239724893) (2023-10-27T19:13:30.239735209) [Dbg] [Sensors.cc:425] SensorsPrivate::Run
(2023-10-27T19:13:30.239835234) (2023-10-27T19:13:30.239845564) [Dbg] [SystemManager.cc:74] Loaded system [gz::sim::systems::Sensors] for entity [1]
(2023-10-27T19:13:30.239917879) (2023-10-27T19:13:30.239938913) [Dbg] [Sensors.cc:402] SensorsPrivate::RenderThread started
(2023-10-27T19:13:30.239965552) (2023-10-27T19:13:30.239974246) [Dbg] [Sensors.cc:245] Waiting for init
(2023-10-27T19:13:30.244014050) (2023-10-27T19:13:30.244031521) [Wrn] [SystemLoader.cc:79] Trying to load deprecated plugin [ignition-gazebo-ackermann-steering-system]. Using [gz-sim-ackermann-steering-system] instead.
(2023-10-27T19:13:30.245952080) (2023-10-27T19:13:30.245967644) [Msg] AckermannSteering subscribing to twist messages on [/cmd_vel]
(2023-10-27T19:13:30.246365349) (2023-10-27T19:13:30.246378380) [Dbg] [SystemManager.cc:74] Loaded system [ignition::gazebo::systems::AckermannSteering] for entity [8]
(2023-10-27T19:13:30.246596890) (2023-10-27T19:13:30.246608285) [Msg] Loaded level [3]
(2023-10-27T19:13:30.248992583) (2023-10-27T19:13:30.249013777) [Msg] Serving world controls on [/world/default/control], [/world/default/control/state] and [/world/default/playback/control]
(2023-10-27T19:13:30.249334993) (2023-10-27T19:13:30.249347618) [Msg] Serving GUI information on [/world/default/gui/info]
(2023-10-27T19:13:30.249387733) (2023-10-27T19:13:30.249396670) [Msg] World [default] initialized with [default_physics] physics profile.
(2023-10-27T19:13:30.249630667) (2023-10-27T19:13:30.249642804) [Msg] Serving world SDF generation service on [/world/default/generate_world_sdf]
(2023-10-27T19:13:30.249815433) (2023-10-27T19:13:30.249833513) [Msg] Serving world names on [/gazebo/worlds]
(2023-10-27T19:13:30.249958336) (2023-10-27T19:13:30.249976327) [Msg] Resource path add service on [/gazebo/resource_paths/add].
(2023-10-27T19:13:30.250140228) (2023-10-27T19:13:30.250151755) [Msg] Resource path get service on [/gazebo/resource_paths/get].
(2023-10-27T19:13:30.250259896) (2023-10-27T19:13:30.250275885) [Msg] Resource path resolve service on [/gazebo/resource_paths/resolve].
(2023-10-27T19:13:30.250417646) (2023-10-27T19:13:30.250435301) [Msg] Resource paths published on [/gazebo/resource_paths].
(2023-10-27T19:13:30.250609381) (2023-10-27T19:13:30.250620625) [Msg] Server control service on [/server_control].
(2023-10-27T19:13:31.710995791) (2023-10-27T19:13:31.711012166) [Msg] Found no publishers on /stats, adding root stats topic
(2023-10-27T19:13:31.711254249) (2023-10-27T19:13:31.711266538) [Msg] Found no publishers on /clock, adding root clock topic
(2023-10-27T19:13:31.711668509) (2023-10-27T19:13:31.711687964) [Dbg] [SimulationRunner.cc:503] Creating PostUpdate worker threads: 7
(2023-10-27T19:13:31.711729683) (2023-10-27T19:13:31.711738864) [Dbg] [SimulationRunner.cc:514] Creating postupdate worker thread (0)
(2023-10-27T19:13:31.711852820) (2023-10-27T19:13:31.711863352) [Dbg] [SimulationRunner.cc:514] Creating postupdate worker thread (1)
(2023-10-27T19:13:31.711962412) (2023-10-27T19:13:31.711972808) [Dbg] [SimulationRunner.cc:514] Creating postupdate worker thread (2)
(2023-10-27T19:13:31.712072089) (2023-10-27T19:13:31.712084009) [Dbg] [SimulationRunner.cc:514] Creating postupdate worker thread (3)
(2023-10-27T19:13:31.712169490) (2023-10-27T19:13:31.712180064) [Dbg] [SimulationRunner.cc:514] Creating postupdate worker thread (4)
(2023-10-27T19:13:31.712305952) (2023-10-27T19:13:31.712323544) [Dbg] [SimulationRunner.cc:514] Creating postupdate worker thread (5)
(2023-10-27T19:13:32.64974963) (2023-10-27T19:13:32.64995366) [Wrn] [MulticopterMotorModel.cc:257] No robotNamespace set using entity name.
(2023-10-27T19:13:32.65061250) (2023-10-27T19:13:32.65078322) [Wrn] [MulticopterMotorModel.cc:295] <motorNumber> is depricated, please use <actuator_number>.
(2023-10-27T19:13:32.65186988) (2023-10-27T19:13:32.65200379) [Dbg] [MulticopterMotorModel.cc:386] Listening to topic: x500_depth_0/command/motor_speed
(2023-10-27T19:13:32.66059624) (2023-10-27T19:13:32.66082339) [Dbg] [SystemManager.cc:74] Loaded system [gz::sim::systems::MulticopterMotorModel] for entity [56]
(2023-10-27T19:13:32.66739113) (2023-10-27T19:13:32.66761542) [Wrn] [MulticopterMotorModel.cc:257] No robotNamespace set using entity name.
(2023-10-27T19:13:32.66807193) (2023-10-27T19:13:32.66821666) [Wrn] [MulticopterMotorModel.cc:295] <motorNumber> is depricated, please use <actuator_number>.
(2023-10-27T19:13:32.66922730) (2023-10-27T19:13:32.66939826) [Dbg] [MulticopterMotorModel.cc:386] Listening to topic: x500_depth_0/command/motor_speed
(2023-10-27T19:13:32.67325732) (2023-10-27T19:13:32.67345296) [Dbg] [SystemManager.cc:74] Loaded system [gz::sim::systems::MulticopterMotorModel] for entity [56]
(2023-10-27T19:13:32.67942797) (2023-10-27T19:13:32.67962321) [Wrn] [MulticopterMotorModel.cc:257] No robotNamespace set using entity name.
(2023-10-27T19:13:32.68005420) (2023-10-27T19:13:32.68021186) [Wrn] [MulticopterMotorModel.cc:295] <motorNumber> is depricated, please use <actuator_number>.
(2023-10-27T19:13:32.68109642) (2023-10-27T19:13:32.68127008) [Dbg] [MulticopterMotorModel.cc:386] Listening to topic: x500_depth_0/command/motor_speed
(2023-10-27T19:13:32.68826116) (2023-10-27T19:13:32.68847383) [Dbg] [SystemManager.cc:74] Loaded system [gz::sim::systems::MulticopterMotorModel] for entity [56]
(2023-10-27T19:13:32.69437491) (2023-10-27T19:13:32.69459053) [Wrn] [MulticopterMotorModel.cc:257] No robotNamespace set using entity name.
(2023-10-27T19:13:32.69504873) (2023-10-27T19:13:32.69520909) [Wrn] [MulticopterMotorModel.cc:295] <motorNumber> is depricated, please use <actuator_number>.
(2023-10-27T19:13:32.69621638) (2023-10-27T19:13:32.69639274) [Dbg] [MulticopterMotorModel.cc:386] Listening to topic: x500_depth_0/command/motor_speed
(2023-10-27T19:13:32.70084927) (2023-10-27T19:13:32.70104331) [Dbg] [SystemManager.cc:74] Loaded system [gz::sim::systems::MulticopterMotorModel] for entity [56]
(2023-10-27T19:13:32.70828682) (2023-10-27T19:13:32.70851164) [Dbg] [UserCommands.cc:1263] Created entity [56] named [x500_depth_0]
(2023-10-27T19:13:32.93400294) (2023-10-27T19:13:32.93418645) [Dbg] [SimulationFeatures.cc:72] Simulation timestep set to: 0.004
(2023-10-27T19:13:32.95248841) (2023-10-27T19:13:32.95278320) [Dbg] [Sensors.cc:659] Initialization needed
(2023-10-27T19:13:32.95373742) (2023-10-27T19:13:32.95389722) [Dbg] [Sensors.cc:257] Initializing render context
(2023-10-27T19:13:32.95538213) (2023-10-27T19:13:32.95549405) [Msg] Loading plugin [gz-rendering-ogre2]
(2023-10-27T19:13:32.96153164) (2023-10-27T19:13:32.96174663) [Dbg] [AirPressureSensor.cc:126] Air pressure for [x500_depth_0::base_link::air_pressure_sensor] advertised on [world/default/model/x500_depth_0/link/base_link/sensor/air_pressure_sensor/air_pressure]
(2023-10-27T19:13:32.96339643) (2023-10-27T19:13:32.96358283) [Dbg] [ImuSensor.cc:149] IMU data for [x500_depth_0::base_link::imu_sensor] advertised on [world/default/model/x500_depth_0/link/base_link/sensor/imu_sensor/imu]
(2023-10-27T19:13:32.97559766) (2023-10-27T19:13:32.97577127) [Msg] Serving scene information on [/world/default/scene/info]
(2023-10-27T19:13:32.97697834) (2023-10-27T19:13:32.97714053) [Msg] Serving graph information on [/world/default/scene/graph]
(2023-10-27T19:13:32.98060130) (2023-10-27T19:13:32.98081615) [Msg] Serving full state on [/world/default/state]
(2023-10-27T19:13:32.98210923) (2023-10-27T19:13:32.98228460) [Msg] Serving full state (async) on [/world/default/state_async]
(2023-10-27T19:13:32.98362427) (2023-10-27T19:13:32.98380228) [Msg] Publishing scene information on [/world/default/scene/info]
(2023-10-27T19:13:32.98576683) (2023-10-27T19:13:32.98591440) [Msg] Publishing entity deletions on [/world/default/scene/deletion]
(2023-10-27T19:13:32.98711802) (2023-10-27T19:13:32.98728907) [Msg] Publishing state changes on [/world/default/state]
(2023-10-27T19:13:32.98885874) (2023-10-27T19:13:32.98903655) [Msg] Publishing pose messages on [/world/default/pose/info]
(2023-10-27T19:13:32.99092091) (2023-10-27T19:13:32.99107895) [Msg] Publishing dynamic pose messages on [/world/default/dynamic_pose/info]
(2023-10-27T19:13:32.100005254) (2023-10-27T19:13:32.100022482) [Dbg] [EntityComponentManager.cc:1655] Updated state thread iterators: 8 threads processing around 13 entities each.
(2023-10-27T19:13:32.118527308) (2023-10-27T19:13:32.118554628) [Wrn] [Component.hh:144] Trying to serialize component with data type [N3sdf3v135WorldE], which doesn't have `operator<<`. Component will not be serialized.
(2023-10-27T19:13:32.118801555) (2023-10-27T19:13:32.118820400) [Wrn] [Model.hh:69] Skipping serialization / deserialization for models with //pose/@relative_to attribute.
(((((((((((2023-10-27T19:13:32.123921370(2023-10-27T19:13:32.1239537732023-10-27T19:13:32.123921370(2023-10-27T19:13:32.1239537732023-10-27T19:13:32.123930676) (2023-10-27T19:13:32.124002260) [Dbg] [SimulationRunner.cc:530] Exiting postupdate worker thread (4)
) () ) ) [Dbg] [SimulationRunner.cc:530] Exiting postupdate worker thread (2)
(2023-10-27T19:13:32.124214317) (2023-10-27T19:13:32.124251578) 2023-10-27T19:13:32.1241253962023-10-27T19:13:32.124125396[Dbg] [SimulationRunner.cc:530] Exiting postupdate worker thread (3)
2023-10-27T19:13:32.124351210) ) (2023-10-27T19:13:32.124403544) [Dbg] [SimulationRunner.cc:530] Exiting postupdate worker thread (5)
[Dbg] [SimulationRunner.cc:530] Exiting postupdate worker thread (0)
)Exiting postupdate worker thread (1)
(2023-10-27T19:13:32.124777832) (2023-10-27T19:13:32.124797341) [Dbg] [SimulationRunner.cc:503] Creating PostUpdate worker threads: 7
(2023-10-27T19:13:32.124855178) (2023-10-27T19:13:32.124870392) [Dbg] [SimulationRunner.cc:514] Creating postupdate worker thread (0)
(2023-10-27T19:13:32.126493129) (2023-10-27T19:13:32.126514399) [Dbg] [SimulationRunner.cc:514] Creating postupdate worker thread (1)
(2023-10-27T19:13:32.126618418) (2023-10-27T19:13:32.126634702) [Dbg] [SimulationRunner.cc:514] Creating postupdate worker thread (2)
(2023-10-27T19:13:32.126710246) (2023-10-27T19:13:32.126725830) [Dbg] [SimulationRunner.cc:514] Creating postupdate worker thread (3)
(2023-10-27T19:13:32.126802322) (2023-10-27T19:13:32.126816995) [Dbg] [SimulationRunner.cc:514] Creating postupdate worker thread (4)
(2023-10-27T19:13:32.126923983) (2023-10-27T19:13:32.126941590) [Dbg] [SimulationRunner.cc:514] Creating postupdate worker thread (5)
(2023-10-27T19:13:32.526981377) (2023-10-27T19:13:32.527000620) [Dbg] [RenderUtil.cc:2720] Create scene [scene]
((2023-10-27T19:13:32.599433545) (2023-10-27T19:13:32.599453506) (2023-10-27T19:13:32.5994771682023-10-27T19:13:32.599496933) [Dbg] [Sensors.cc:659] Initialization needed
) [Dbg] [Sensors.cc:277] Rendering Thread initialized
(2023-10-27T19:13:32.605615567) (2023-10-27T19:13:32.605629932) [Wrn] [FuelClient.cc:1952] The fuel.ignitionrobotics.org URL is deprecrated. Pleasse change https://fuel.ignitionrobotics.org/1.0/openrobotics/models/prius hybrid/2/files/meshes/Hybrid.obj to https://fuel.gazebosim.org/1.0/openrobotics/models/prius hybrid/2/files/meshes/Hybrid.obj
(2023-10-27T19:13:32.605747948) (2023-10-27T19:13:32.605758188) [Wrn] [FuelClient.cc:1952] The fuel.ignitionrobotics.org URL is deprecrated. Pleasse change https://fuel.ignitionrobotics.org/1.0/openrobotics/models/prius hybrid/2/files/meshes/Hybrid.obj to https://fuel.gazebosim.org/1.0/openrobotics/models/prius hybrid/2/files/meshes/Hybrid.obj
(2023-10-27T19:13:32.610315735) (2023-10-27T19:13:32.610336810) [Wrn] [OBJLoader.cc:91] Both `d` and `Tr` parameters defined for "Hybrid". Use the value of `d` for dissolve (line 8 in .mtl.)
Both `d` and `Tr` parameters defined for "Wheels3". Use the value of `d` for dissolve (line 22 in .mtl.)
Both `d` and `Tr` parameters defined for "Hybrid_Interior". Use the value of `d` for dissolve (line 36 in .mtl.)
Both `d` and `Tr` parameters defined for "Windows". Use the value of `d` for dissolve (line 50 in .mtl.)

(2023-10-27T19:13:35.417059339) (2023-10-27T19:13:35.417075615) [Dbg] [CameraSensor.cc:458] Camera images for [prius_hybrid::chassis::back_camera_sensor] advertised on [back_camera]
(2023-10-27T19:13:35.417296679) (2023-10-27T19:13:35.417309351) [Dbg] [CameraSensor.cc:786] Camera info for [prius_hybrid::chassis::back_camera_sensor] advertised on [/camera_info]
(2023-10-27T19:13:35.417485207) (2023-10-27T19:13:35.417496345) [Wrn] [Ogre2Camera.cc:412] Ogre2Camera::SetVisibilityMask: Mask bits c0000000 are set but will be ignored as they conflict with the reserved bits used internally by the ogre2 backend.
(2023-10-27T19:13:35.418017389) (2023-10-27T19:13:35.418036594) [Dbg] [CameraSensor.cc:458] Camera images for [prius_hybrid::chassis::front_camera_sensor] advertised on [front_camera]
(2023-10-27T19:13:35.418167960) (2023-10-27T19:13:35.418186545) [Dbg] [CameraSensor.cc:786] Camera info for [prius_hybrid::chassis::front_camera_sensor] advertised on [/camera_info]
(2023-10-27T19:13:35.418265330) (2023-10-27T19:13:35.418276236) [Wrn] [Ogre2Camera.cc:412] Ogre2Camera::SetVisibilityMask: Mask bits c0000000 are set but will be ignored as they conflict with the reserved bits used internally by the ogre2 backend.
(2023-10-27T19:13:35.418617498) (2023-10-27T19:13:35.418635701) [Dbg] [CameraSensor.cc:458] Camera images for [prius_hybrid::chassis::left_camera_sensor] advertised on [left_camera]
(2023-10-27T19:13:35.418750932) (2023-10-27T19:13:35.418768759) [Dbg] [CameraSensor.cc:786] Camera info for [prius_hybrid::chassis::left_camera_sensor] advertised on [/camera_info]
(2023-10-27T19:13:35.418843416) (2023-10-27T19:13:35.418853451) [Wrn] [Ogre2Camera.cc:412] Ogre2Camera::SetVisibilityMask: Mask bits c0000000 are set but will be ignored as they conflict with the reserved bits used internally by the ogre2 backend.
(2023-10-27T19:13:35.419159160) (2023-10-27T19:13:35.419177541) [Dbg] [CameraSensor.cc:458] Camera images for [prius_hybrid::chassis::right_camera_sensor] advertised on [right_camera]
(2023-10-27T19:13:35.419290073) (2023-10-27T19:13:35.419307582) [Dbg] [CameraSensor.cc:786] Camera info for [prius_hybrid::chassis::right_camera_sensor] advertised on [/camera_info]
(2023-10-27T19:13:35.419378210) (2023-10-27T19:13:35.419388589) [Wrn] [Ogre2Camera.cc:412] Ogre2Camera::SetVisibilityMask: Mask bits c0000000 are set but will be ignored as they conflict with the reserved bits used internally by the ogre2 backend.
(2023-10-27T19:13:35.419696117) (2023-10-27T19:13:35.419714331) [Dbg] [CameraSensor.cc:458] Camera images for [x500_depth_0::OakD-Lite/base_link::IMX214] advertised on [camera]
(2023-10-27T19:13:35.419849521) (2023-10-27T19:13:35.419867034) [Dbg] [CameraSensor.cc:786] Camera info for [x500_depth_0::OakD-Lite/base_link::IMX214] advertised on [/camera_info]
(2023-10-27T19:13:35.419941929) (2023-10-27T19:13:35.419951495) [Wrn] [Ogre2Camera.cc:412] Ogre2Camera::SetVisibilityMask: Mask bits c0000000 are set but will be ignored as they conflict with the reserved bits used internally by the ogre2 backend.
(2023-10-27T19:13:35.420332563) (2023-10-27T19:13:35.420351632) [Dbg] [DepthCameraSensor.cc:282] Depth images for [x500_depth_0::OakD-Lite/base_link::StereoOV7251] advertised on [depth_camera]
(2023-10-27T19:13:35.420484735) (2023-10-27T19:13:35.420503104) [Dbg] [CameraSensor.cc:786] Camera info for [x500_depth_0::OakD-Lite/base_link::StereoOV7251] advertised on [/camera_info]
(2023-10-27T19:13:35.420723511) (2023-10-27T19:13:35.420741223) [Dbg] [DepthCameraSensor.cc:299] Points for [x500_depth_0::OakD-Lite/base_link::StereoOV7251] advertised on [depth_camera/points]
(2023-10-27T19:13:35.442212557) (2023-10-27T19:13:35.442230638) [Dbg] [CameraSensor.cc:583] Enabling camera sensor: 'x500_depth_0::OakD-Lite/base_link::IMX214' data generation.
