(2023-10-28T16:41:26.928141796) (2023-10-28T16:41:26.928155964) [Msg] Gazebo Sim Server v7.6.0
(2023-10-28T16:41:26.932040926) (2023-10-28T16:41:26.932052236) [Msg] Loading SDF world file[/home/bassam/PX4-Autopilot/Tools/simulation/gz/worlds/default.sdf].
(2023-10-28T16:41:27.59807453) (2023-10-28T16:41:27.59823189) [Msg] Serving entity system service on [/entity/system/add]
(2023-10-28T16:41:27.203083670) (2023-10-28T16:41:27.203108280) [Dbg] [Physics.cc:880] Loaded [gz::physics::dartsim::Plugin] from library [/usr/lib/x86_64-linux-gnu/gz-physics-6/engine-plugins/libgz-physics-dartsim-plugin.so]
(2023-10-28T16:41:27.203228855) (2023-10-28T16:41:27.203244055) [Dbg] [SystemManager.cc:74] Loaded system [gz::sim::systems::Physics] for entity [1]
(2023-10-28T16:41:27.206825714) (2023-10-28T16:41:27.206846852) [Msg] Create service on [/world/default/create]
(2023-10-28T16:41:27.307269602) (2023-10-28T16:41:27.307287152) [Msg] Remove service on [/world/default/remove]
(2023-10-28T16:41:27.307441364) (2023-10-28T16:41:27.307454440) [Msg] Pose service on [/world/default/set_pose]
(2023-10-28T16:41:27.307592112) (2023-10-28T16:41:27.307602935) [Msg] Pose service on [/world/default/set_pose_vector]
(2023-10-28T16:41:27.307806997) (2023-10-28T16:41:27.307818907) [Msg] Light configuration service on [/world/default/light_config]
(2023-10-28T16:41:27.308074841) (2023-10-28T16:41:27.308086732) [Msg] Physics service on [/world/default/set_physics]
(2023-10-28T16:41:27.308238299) (2023-10-28T16:41:27.308245823) [Msg] SphericalCoordinates service on [/world/default/set_spherical_coordinates]
(2023-10-28T16:41:27.308305232) (2023-10-28T16:41:27.308311526) [Msg] Enable collision service on [/world/default/enable_collision]
(2023-10-28T16:41:27.308364718) (2023-10-28T16:41:27.308371114) [Msg] Disable collision service on [/world/default/disable_collision]
(2023-10-28T16:41:27.308512178) (2023-10-28T16:41:27.308519203) [Msg] Material service on [/world/default/visual_config]
(2023-10-28T16:41:27.308614469) (2023-10-28T16:41:27.308621732) [Msg] Material service on [/world/default/wheel_slip]
(2023-10-28T16:41:27.308651312) (2023-10-28T16:41:27.308656511) [Dbg] [SystemManager.cc:74] Loaded system [gz::sim::systems::UserCommands] for entity [1]
(2023-10-28T16:41:27.309920735) (2023-10-28T16:41:27.309929235) [Dbg] [SystemManager.cc:74] Loaded system [gz::sim::systems::SceneBroadcaster] for entity [1]
(2023-10-28T16:41:27.310777698) (2023-10-28T16:41:27.310786298) [Dbg] [SystemManager.cc:74] Loaded system [gz::sim::systems::Contact] for entity [1]
(2023-10-28T16:41:27.312008906) (2023-10-28T16:41:27.312017707) [Dbg] [SystemManager.cc:74] Loaded system [gz::sim::systems::Imu] for entity [1]
(2023-10-28T16:41:27.313023050) (2023-10-28T16:41:27.313031839) [Dbg] [SystemManager.cc:74] Loaded system [gz::sim::systems::AirPressure] for entity [1]
(2023-10-28T16:41:27.313957380) (2023-10-28T16:41:27.313966205) [Msg] Listening to instantaneous wrench commands in [/world/default/wrench]
(2023-10-28T16:41:27.314026856) (2023-10-28T16:41:27.314033216) [Msg] Listening to persistent wrench commands in [/world/default/wrench/persistent]
(2023-10-28T16:41:27.314083674) (2023-10-28T16:41:27.314089931) [Msg] Listening to wrench clear commands in [/world/default/wrench/clear]
(2023-10-28T16:41:27.314111554) (2023-10-28T16:41:27.314116829) [Dbg] [SystemManager.cc:74] Loaded system [gz::sim::systems::ApplyLinkWrench] for entity [1]
(2023-10-28T16:41:27.320123668) (2023-10-28T16:41:27.320145876) [Dbg] [Sensors.cc:506] Configuring Sensors system
(2023-10-28T16:41:27.320236954) (2023-10-28T16:41:27.320244586) [Dbg] [Sensors.cc:425] SensorsPrivate::Run
(2023-10-28T16:41:27.320333862) (2023-10-28T16:41:27.320341731) [Dbg] [SystemManager.cc:74] Loaded system [gz::sim::systems::Sensors] for entity [1]
(2023-10-28T16:41:27.320429185) (2023-10-28T16:41:27.320442675) [Dbg] [Sensors.cc:402] SensorsPrivate::RenderThread started
(2023-10-28T16:41:27.320461955) (2023-10-28T16:41:27.320467879) [Dbg] [Sensors.cc:245] Waiting for init
(2023-10-28T16:41:27.323011522) (2023-10-28T16:41:27.323022846) [Wrn] [SystemLoader.cc:79] Trying to load deprecated plugin [ignition-gazebo-ackermann-steering-system]. Using [gz-sim-ackermann-steering-system] instead.
(2023-10-28T16:41:27.324279822) (2023-10-28T16:41:27.324289279) [Msg] AckermannSteering subscribing to twist messages on [/cmd_vel]
(2023-10-28T16:41:27.324489699) (2023-10-28T16:41:27.324497925) [Dbg] [SystemManager.cc:74] Loaded system [ignition::gazebo::systems::AckermannSteering] for entity [12]
(2023-10-28T16:41:27.324624248) (2023-10-28T16:41:27.324631566) [Msg] Loaded level [3]
(2023-10-28T16:41:27.326151630) (2023-10-28T16:41:27.326165322) [Msg] Serving world controls on [/world/default/control], [/world/default/control/state] and [/world/default/playback/control]
(2023-10-28T16:41:27.326393967) (2023-10-28T16:41:27.326402262) [Msg] Serving GUI information on [/world/default/gui/info]
(2023-10-28T16:41:27.326424765) (2023-10-28T16:41:27.326430426) [Msg] World [default] initialized with [default_physics] physics profile.
(2023-10-28T16:41:27.326570487) (2023-10-28T16:41:27.326578020) [Msg] Serving world SDF generation service on [/world/default/generate_world_sdf]
(2023-10-28T16:41:27.326678531) (2023-10-28T16:41:27.326686556) [Msg] Serving world names on [/gazebo/worlds]
(2023-10-28T16:41:27.326761243) (2023-10-28T16:41:27.326768211) [Msg] Resource path add service on [/gazebo/resource_paths/add].
(2023-10-28T16:41:27.326829765) (2023-10-28T16:41:27.326836811) [Msg] Resource path get service on [/gazebo/resource_paths/get].
(2023-10-28T16:41:27.326897499) (2023-10-28T16:41:27.326904728) [Msg] Resource path resolve service on [/gazebo/resource_paths/resolve].
(2023-10-28T16:41:27.326965740) (2023-10-28T16:41:27.326972736) [Msg] Resource paths published on [/gazebo/resource_paths].
(2023-10-28T16:41:27.327076698) (2023-10-28T16:41:27.327084161) [Msg] Server control service on [/server_control].
(2023-10-28T16:41:28.930620570) (2023-10-28T16:41:28.930636827) [Msg] Found no publishers on /stats, adding root stats topic
(2023-10-28T16:41:28.930814355) (2023-10-28T16:41:28.930822140) [Msg] Found no publishers on /clock, adding root clock topic
(2023-10-28T16:41:28.931048298) (2023-10-28T16:41:28.931057778) [Dbg] [SimulationRunner.cc:503] Creating PostUpdate worker threads: 7
(2023-10-28T16:41:28.931085706) (2023-10-28T16:41:28.931093371) [Dbg] [SimulationRunner.cc:514] Creating postupdate worker thread (0)
(2023-10-28T16:41:28.931214223) (2023-10-28T16:41:28.931225505) [Dbg] [SimulationRunner.cc:514] Creating postupdate worker thread (1)
(2023-10-28T16:41:28.931288111) (2023-10-28T16:41:28.931296462) [Dbg] [SimulationRunner.cc:514] Creating postupdate worker thread (2)
(2023-10-28T16:41:28.931356175) (2023-10-28T16:41:28.931364032) [Dbg] [SimulationRunner.cc:514] Creating postupdate worker thread (3)
(2023-10-28T16:41:28.931424881) (2023-10-28T16:41:28.931443655) [Dbg] [SimulationRunner.cc:514] Creating postupdate worker thread (4)
(2023-10-28T16:41:28.931526558) (2023-10-28T16:41:28.931536318) [Dbg] [SimulationRunner.cc:514] Creating postupdate worker thread (5)
(2023-10-28T16:41:29.100848661) (2023-10-28T16:41:29.100860410) [Wrn] [MulticopterMotorModel.cc:257] No robotNamespace set using entity name.
(2023-10-28T16:41:29.100887189) (2023-10-28T16:41:29.100892816) [Wrn] [MulticopterMotorModel.cc:295] <motorNumber> is depricated, please use <actuator_number>.
(2023-10-28T16:41:29.100933689) (2023-10-28T16:41:29.100939219) [Dbg] [MulticopterMotorModel.cc:386] Listening to topic: x500_depth_0/command/motor_speed
(2023-10-28T16:41:29.101211955) (2023-10-28T16:41:29.101221513) [Dbg] [SystemManager.cc:74] Loaded system [gz::sim::systems::MulticopterMotorModel] for entity [60]
(2023-10-28T16:41:29.101476928) (2023-10-28T16:41:29.101483864) [Wrn] [MulticopterMotorModel.cc:257] No robotNamespace set using entity name.
(2023-10-28T16:41:29.101497692) (2023-10-28T16:41:29.101502239) [Wrn] [MulticopterMotorModel.cc:295] <motorNumber> is depricated, please use <actuator_number>.
(2023-10-28T16:41:29.101532883) (2023-10-28T16:41:29.101537673) [Dbg] [MulticopterMotorModel.cc:386] Listening to topic: x500_depth_0/command/motor_speed
(2023-10-28T16:41:29.101660647) (2023-10-28T16:41:29.101666771) [Dbg] [SystemManager.cc:74] Loaded system [gz::sim::systems::MulticopterMotorModel] for entity [60]
(2023-10-28T16:41:29.101853781) (2023-10-28T16:41:29.101860026) [Wrn] [MulticopterMotorModel.cc:257] No robotNamespace set using entity name.
(2023-10-28T16:41:29.101872976) (2023-10-28T16:41:29.101877437) [Wrn] [MulticopterMotorModel.cc:295] <motorNumber> is depricated, please use <actuator_number>.
(2023-10-28T16:41:29.101906865) (2023-10-28T16:41:29.101911605) [Dbg] [MulticopterMotorModel.cc:386] Listening to topic: x500_depth_0/command/motor_speed
(2023-10-28T16:41:29.102038477) (2023-10-28T16:41:29.102044715) [Dbg] [SystemManager.cc:74] Loaded system [gz::sim::systems::MulticopterMotorModel] for entity [60]
(2023-10-28T16:41:29.102240255) (2023-10-28T16:41:29.102246429) [Wrn] [MulticopterMotorModel.cc:257] No robotNamespace set using entity name.
(2023-10-28T16:41:29.102259377) (2023-10-28T16:41:29.102263781) [Wrn] [MulticopterMotorModel.cc:295] <motorNumber> is depricated, please use <actuator_number>.
(2023-10-28T16:41:29.102293149) (2023-10-28T16:41:29.102297919) [Dbg] [MulticopterMotorModel.cc:386] Listening to topic: x500_depth_0/command/motor_speed
(2023-10-28T16:41:29.102441810) (2023-10-28T16:41:29.102447907) [Dbg] [SystemManager.cc:74] Loaded system [gz::sim::systems::MulticopterMotorModel] for entity [60]
(2023-10-28T16:41:29.102676261) (2023-10-28T16:41:29.102682314) [Dbg] [UserCommands.cc:1263] Created entity [60] named [x500_depth_0]
(2023-10-28T16:41:29.113454244) (2023-10-28T16:41:29.113470879) [Dbg] [SimulationFeatures.cc:72] Simulation timestep set to: 0.004
(2023-10-28T16:41:29.114893725) (2023-10-28T16:41:29.114910024) [Dbg] [Sensors.cc:659] Initialization needed
(2023-10-28T16:41:29.114964885) (2023-10-28T16:41:29.114976487) [Dbg] [Sensors.cc:257] Initializing render context
(2023-10-28T16:41:29.115077467) (2023-10-28T16:41:29.115086544) [Msg] Loading plugin [gz-rendering-ogre2]
(2023-10-28T16:41:29.115844850) (2023-10-28T16:41:29.115856186) [Dbg] [ImuSensor.cc:149] IMU data for [x500_depth_0::base_link::imu_sensor] advertised on [world/default/model/x500_depth_0/link/base_link/sensor/imu_sensor/imu]

2023-10-28T16:41:29.115910357) (2023-10-28T16:41:29.115921465) [Dbg] [AirPressureSensor.cc:126] Air pressure for [x500_depth_0::base_link::air_pressure_sensor] advertised on [world/default/model/x500_depth_0/link/base_link/sensor/air_pressure_sensor/air_pressure]
(2023-10-28T16:41:29.116455158) (2023-10-28T16:41:29.116468548) [Msg] Serving scene information on [/world/default/scene/info]
(2023-10-28T16:41:29.116553454) (2023-10-28T16:41:29.116562500) [Msg] Serving graph information on [/world/default/scene/graph]
(2023-10-28T16:41:29.116713726) (2023-10-28T16:41:29.116724567) [Msg] Serving full state on [/world/default/state]
(2023-10-28T16:41:29.116788956) (2023-10-28T16:41:29.116796729) [Msg] Serving full state (async) on [/world/default/state_async]
(2023-10-28T16:41:29.116872088) (2023-10-28T16:41:29.116878075) [Msg] Publishing scene information on [/world/default/scene/info]
(2023-10-28T16:41:29.116994528) (2023-10-28T16:41:29.117002937) [Msg] Publishing entity deletions on [/world/default/scene/deletion]
(2023-10-28T16:41:29.117062253) (2023-10-28T16:41:29.117069495) [Msg] Publishing state changes on [/world/default/state]
(2023-10-28T16:41:29.117180888) (2023-10-28T16:41:29.117190166) [Msg] Publishing pose messages on [/world/default/pose/info]
(2023-10-28T16:41:29.117271179) (2023-10-28T16:41:29.117278415) [Msg] Publishing dynamic pose messages on [/world/default/dynamic_pose/info]
(2023-10-28T16:41:29.117975854) (2023-10-28T16:41:29.117985878) [Dbg] [EntityComponentManager.cc:1655] Updated state thread iterators: 8 threads processing around 13 entities each.
(2023-10-28T16:41:29.127225586) (2023-10-28T16:41:29.127238521) [Wrn] [Component.hh:144] Trying to serialize component with data type [N3sdf3v135WorldE], which doesn't have `operator<<`. Component will not be serialized.
(2023-10-28T16:41:29.127381772) (2023-10-28T16:41:29.127392029) [Wrn] [Model.hh:69] Skipping serialization / deserialization for models with //pose/@relative_to attribute.
((2023-10-28T16:41:29.129083103) (((2023-10-28T16:41:29.129115706(2023-10-28T16:41:29.1291157062023-10-28T16:41:29.129120198) ((2023-10-28T16:41:29.129142319) [Dbg] [SimulationRunner.cc:530] [Dbg] [SimulationRunner.cc:530] 2023-10-28T16:41:29.129167943) (2023-10-28T16:41:29.129183030) (2023-10-28T16:41:29.129201488) Exiting postupdate worker thread (4)) ) ((2023-10-28T16:41:29.129244791) 
(2023-10-28T16:41:29.1292753342023-10-28T16:41:29.129275334) [Dbg] [SimulationRunner.cc:530] [Dbg] [SimulationRunner.cc:530] [Dbg] [SimulationRunner.cc:530] [Dbg] [SimulationRunner.cc:530] Exiting postupdate worker thread (Exiting postupdate worker thread (0[Dbg] [SimulationRunner.cc:530] Exiting postupdate worker thread (0Exiting postupdate worker thread (05)
Exiting postupdate worker thread (0[Dbg] [SimulationRunner.cc:530] [Dbg] [SimulationRunner.cc:530] [Dbg] [SimulationRunner.cc:530] Exiting postupdate worker thread (2)
Exiting postupdate worker thread (3)
)
Exiting postupdate worker thread (1)
(2023-10-28T16:41:29.129551949) (2023-10-28T16:41:29.129563006) [Dbg] [SimulationRunner.cc:503] Creating PostUpdate worker threads: 7
(2023-10-28T16:41:29.129592902) (2023-10-28T16:41:29.129600927) [Dbg] [SimulationRunner.cc:514] Creating postupdate worker thread (0)
(2023-10-28T16:41:29.130697585) (2023-10-28T16:41:29.130710804) [Dbg] [SimulationRunner.cc:514] Creating postupdate worker thread (1)
(2023-10-28T16:41:29.130756313) (2023-10-28T16:41:29.130764748) [Dbg] [SimulationRunner.cc:514] Creating postupdate worker thread (2)
(2023-10-28T16:41:29.130803529) (2023-10-28T16:41:29.130812765) [Dbg] [SimulationRunner.cc:514] Creating postupdate worker thread (3)
(2023-10-28T16:41:29.130853114) (2023-10-28T16:41:29.130862303) [Dbg] [SimulationRunner.cc:514] Creating postupdate worker thread (4)
(2023-10-28T16:41:29.131165108) (2023-10-28T16:41:29.131178299) [Dbg] [SimulationRunner.cc:514] Creating postupdate worker thread (5)
(2023-10-28T16:41:29.376767878) (2023-10-28T16:41:29.376774483) [Dbg] [RenderUtil.cc:2720] Create scene [scene]
(2023-10-28T16:41:29.416118152) (2023-10-28T16:41:29.416129332) [Dbg] [Sensors.cc:277] Rendering Thread initialized
2023-10-28T16:41:29.416147153) (2023-10-28T16:41:29.416164001) [Dbg] [Sensors.cc:659] Initialization needed
(2023-10-28T16:41:29.419864502) (2023-10-28T16:41:29.419875252) [Wrn] [FuelClient.cc:1952] The fuel.ignitionrobotics.org URL is deprecrated. Pleasse change https://fuel.ignitionrobotics.org/1.0/openrobotics/models/prius hybrid/2/files/meshes/Hybrid.obj to https://fuel.gazebosim.org/1.0/openrobotics/models/prius hybrid/2/files/meshes/Hybrid.obj
(2023-10-28T16:41:29.419965593) (2023-10-28T16:41:29.419973205) [Wrn] [FuelClient.cc:1952] The fuel.ignitionrobotics.org URL is deprecrated. Pleasse change https://fuel.ignitionrobotics.org/1.0/openrobotics/models/prius hybrid/2/files/meshes/Hybrid.obj to https://fuel.gazebosim.org/1.0/openrobotics/models/prius hybrid/2/files/meshes/Hybrid.obj
(2023-10-28T16:41:29.422970522) (2023-10-28T16:41:29.422979876) [Wrn] [OBJLoader.cc:91] Both `d` and `Tr` parameters defined for "Hybrid". Use the value of `d` for dissolve (line 8 in .mtl.)
Both `d` and `Tr` parameters defined for "Wheels3". Use the value of `d` for dissolve (line 22 in .mtl.)
Both `d` and `Tr` parameters defined for "Hybrid_Interior". Use the value of `d` for dissolve (line 36 in .mtl.)
Both `d` and `Tr` parameters defined for "Windows". Use the value of `d` for dissolve (line 50 in .mtl.)

(2023-10-28T16:41:29.493029822) (2023-10-28T16:41:29.493037391) [Err] [SceneManager.cc:887] PBR material: currently only metal workflow is supported. Gazebo will try to render the material using metal workflow but without Roughness / Metalness settings.
(2023-10-28T16:41:31.117405355) (2023-10-28T16:41:31.117422141) [Dbg] [CameraSensor.cc:458] Camera images for [prius_hybrid::chassis::back_camera_sensor] advertised on [back_camera]
(2023-10-28T16:41:31.117596494) (2023-10-28T16:41:31.117610297) [Dbg] [CameraSensor.cc:786] Camera info for [prius_hybrid::chassis::back_camera_sensor] advertised on [/camera_info]
(2023-10-28T16:41:31.117751542) (2023-10-28T16:41:31.117759039) [Wrn] [Ogre2Camera.cc:412] Ogre2Camera::SetVisibilityMask: Mask bits c0000000 are set but will be ignored as they conflict with the reserved bits used internally by the ogre2 backend.
(2023-10-28T16:41:31.118065768) (2023-10-28T16:41:31.118079227) [Dbg] [CameraSensor.cc:458] Camera images for [prius_hybrid::chassis::front_camera_sensor] advertised on [front_camera]
(2023-10-28T16:41:31.118162346) (2023-10-28T16:41:31.118174613) [Dbg] [CameraSensor.cc:786] Camera info for [prius_hybrid::chassis::front_camera_sensor] advertised on [/camera_info]
(2023-10-28T16:41:31.118229505) (2023-10-28T16:41:31.118237034) [Wrn] [Ogre2Camera.cc:412] Ogre2Camera::SetVisibilityMask: Mask bits c0000000 are set but will be ignored as they conflict with the reserved bits used internally by the ogre2 backend.
(2023-10-28T16:41:31.118430688) (2023-10-28T16:41:31.118444084) [Dbg] [CameraSensor.cc:458] Camera images for [prius_hybrid::chassis::left_camera_sensor] advertised on [left_camera]
(2023-10-28T16:41:31.118544092) (2023-10-28T16:41:31.118557046) [Dbg] [CameraSensor.cc:786] Camera info for [prius_hybrid::chassis::left_camera_sensor] advertised on [/camera_info]
(2023-10-28T16:41:31.118611047) (2023-10-28T16:41:31.118618232) [Wrn] [Ogre2Camera.cc:412] Ogre2Camera::SetVisibilityMask: Mask bits c0000000 are set but will be ignored as they conflict with the reserved bits used internally by the ogre2 backend.
(2023-10-28T16:41:31.118801054) (2023-10-28T16:41:31.118814644) [Dbg] [CameraSensor.cc:458] Camera images for [prius_hybrid::chassis::right_camera_sensor] advertised on [right_camera]
(2023-10-28T16:41:31.118900695) (2023-10-28T16:41:31.118913568) [Dbg] [CameraSensor.cc:786] Camera info for [prius_hybrid::chassis::right_camera_sensor] advertised on [/camera_info]
(2023-10-28T16:41:31.118965767) (2023-10-28T16:41:31.118973182) [Wrn] [Ogre2Camera.cc:412] Ogre2Camera::SetVisibilityMask: Mask bits c0000000 are set but will be ignored as they conflict with the reserved bits used internally by the ogre2 backend.
(2023-10-28T16:41:31.119159401) (2023-10-28T16:41:31.119172579) [Dbg] [CameraSensor.cc:458] Camera images for [x500_depth_0::OakD-Lite/base_link::IMX214] advertised on [camera]
(2023-10-28T16:41:31.119261536) (2023-10-28T16:41:31.119273516) [Dbg] [CameraSensor.cc:786] Camera info for [x500_depth_0::OakD-Lite/base_link::IMX214] advertised on [/camera_info]
(2023-10-28T16:41:31.119334472) (2023-10-28T16:41:31.119342132) [Wrn] [Ogre2Camera.cc:412] Ogre2Camera::SetVisibilityMask: Mask bits c0000000 are set but will be ignored as they conflict with the reserved bits used internally by the ogre2 backend.
(2023-10-28T16:41:31.119611932) (2023-10-28T16:41:31.119625723) [Dbg] [DepthCameraSensor.cc:282] Depth images for [x500_depth_0::OakD-Lite/base_link::StereoOV7251] advertised on [depth_camera]
(2023-10-28T16:41:31.119720853) (2023-10-28T16:41:31.119733992) [Dbg] [CameraSensor.cc:786] Camera info for [x500_depth_0::OakD-Lite/base_link::StereoOV7251] advertised on [/camera_info]
(2023-10-28T16:41:31.119903027) (2023-10-28T16:41:31.119917175) [Dbg] [DepthCameraSensor.cc:299] Points for [x500_depth_0::OakD-Lite/base_link::StereoOV7251] advertised on [depth_camera/points]
(2023-10-28T16:41:42.352972851) (2023-10-28T16:41:42.352986185) [Dbg] [SignalHandler.cc:142] Received signal[2].
(2023-10-28T16:41:42.353005322) (2023-10-28T16:41:42.353009811) [Dbg] [ServerPrivate.cc:115] Server received signal[2]
(2023-10-28T16:41:42.353025569) (2023-10-28T16:41:42.353030187) [Dbg] [Sensors.cc:433] SensorsPrivate::Stop
(2023-10-28T16:41:42.392846540) (2023-10-28T16:41:42.392859609) [Dbg] [Sensors.cc:419] SensorsPrivate::RenderThread stopped
(2023-10-28T16:41:42.400598668) (2023-10-28T16:41:42.400615383) [Dbg] [gz.cc:417] Shutting down gz-sim-server
(((2023-10-28T16:41:42.403930584) (2023-10-28T16:41:42.4039462522023-10-28T16:41:42.4039462522023-10-28T16:41:42.403952430) (2023-10-28T16:41:42.403986404) [Dbg] [SimulationRunner.cc:530] Exiting postupdate worker thread (3)
2023-10-28T16:41:42.404031642) (2023-10-28T16:41:42.404060416) Exiting postupdate worker thread (5))2023-10-28T16:41:42.403955110) )2023-10-28T16:41:42.403955110) ) () (2023-10-28T16:41:42.4041151922023-10-28T16:41:42.404115192
2023-10-28T16:41:42.404101048) ) 
[Dbg] [SimulationRunner.cc:530] Exiting postupdate worker thread (1)(
2023-10-28T16:41:42.404194957) (2023-10-28T16:41:42.404213359) [Dbg] [SimulationRunner.cc:530] Exiting postupdate worker thread ([Dbg] [SimulationRunner.cc:530] Exiting postupdate worker thread (0)
[Dbg] [SimulationRunner.cc:530] Exiting postupdate worker thread (2)
)
(2023-10-28T16:41:42.436429479) (2023-10-28T16:41:42.436444231) [Dbg] [Sensors.cc:433] SensorsPrivate::Stop
