(2023-10-16T22:29:32.303250561) (2023-10-16T22:29:32.303310084) [Msg] Gazebo Sim Server v7.6.0
(2023-10-16T22:29:32.322461994) (2023-10-16T22:29:32.322511748) [Msg] Loading SDF world file[/home/bassam/ros2_ws/install/ardupilot_gz_gazebo/share/ardupilot_gz_gazebo/worlds/iris_runway.sdf].
(2023-10-16T22:29:33.744325812) (2023-10-16T22:29:33.744377357) [Msg] Serving entity system service on [/entity/system/add]
(2023-10-16T22:29:34.220973475) (2023-10-16T22:29:34.221013646) [Dbg] [Physics.cc:880] Loaded [gz::physics::dartsim::Plugin] from library [/usr/lib/x86_64-linux-gnu/gz-physics-6/engine-plugins/libgz-physics-dartsim-plugin.so]
(2023-10-16T22:29:34.221239360) (2023-10-16T22:29:34.221265250) [Dbg] [SystemManager.cc:74] Loaded system [gz::sim::systems::Physics] for entity [1]
(2023-10-16T22:29:34.244892038) (2023-10-16T22:29:34.244929724) [Dbg] [Sensors.cc:506] Configuring Sensors system
(2023-10-16T22:29:34.245201909) (2023-10-16T22:29:34.245229336) [Dbg] [Sensors.cc:425] SensorsPrivate::Run
(2023-10-16T22:29:34.245463028) (2023-10-16T22:29:34.245490681) [Dbg] [SystemManager.cc:74] Loaded system [gz::sim::systems::Sensors] for entity [1]
(2023-10-16T22:29:34.251795540) (2023-10-16T22:29:34.251829892) [Msg] Create service on [/world/map/create]
(2023-10-16T22:29:34.252629088) (2023-10-16T22:29:34.252660824) [Msg] Remove service on [/world/map/remove]
(2023-10-16T22:29:34.252783801) (2023-10-16T22:29:34.252846986) [Dbg] [Sensors.cc:402] SensorsPrivate::RenderThread started
(2023-10-16T22:29:34.252942366) (2023-10-16T22:29:34.252966972) [Dbg] [Sensors.cc:245] Waiting for init
(2023-10-16T22:29:34.253064701) (2023-10-16T22:29:34.253094825) [Msg] Pose service on [/world/map/set_pose]
(2023-10-16T22:29:34.253438885) (2023-10-16T22:29:34.253468877) [Msg] Pose service on [/world/map/set_pose_vector]
(2023-10-16T22:29:34.254072014) (2023-10-16T22:29:34.254126057) [Msg] Light configuration service on [/world/map/light_config]
(2023-10-16T22:29:34.254862428) (2023-10-16T22:29:34.254896120) [Msg] Physics service on [/world/map/set_physics]
(2023-10-16T22:29:34.255429992) (2023-10-16T22:29:34.255463271) [Msg] SphericalCoordinates service on [/world/map/set_spherical_coordinates]
(2023-10-16T22:29:34.255743274) (2023-10-16T22:29:34.255774172) [Msg] Enable collision service on [/world/map/enable_collision]
(2023-10-16T22:29:34.256039420) (2023-10-16T22:29:34.256070917) [Msg] Disable collision service on [/world/map/disable_collision]
(2023-10-16T22:29:34.256666555) (2023-10-16T22:29:34.256698190) [Msg] Material service on [/world/map/visual_config]
(2023-10-16T22:29:34.257106742) (2023-10-16T22:29:34.257138804) [Msg] Material service on [/world/map/wheel_slip]
(2023-10-16T22:29:34.257290096) (2023-10-16T22:29:34.257316327) [Dbg] [SystemManager.cc:74] Loaded system [gz::sim::systems::UserCommands] for entity [1]
(2023-10-16T22:29:34.262300553) (2023-10-16T22:29:34.262327551) [Dbg] [SystemManager.cc:74] Loaded system [gz::sim::systems::SceneBroadcaster] for entity [1]
(2023-10-16T22:29:34.265353068) (2023-10-16T22:29:34.265377149) [Dbg] [SystemManager.cc:74] Loaded system [gz::sim::systems::AirPressure] for entity [1]
(2023-10-16T22:29:34.268342942) (2023-10-16T22:29:34.268365883) [Dbg] [SystemManager.cc:74] Loaded system [gz::sim::systems::AirSpeed] for entity [1]
(2023-10-16T22:29:34.271154018) (2023-10-16T22:29:34.271176809) [Dbg] [SystemManager.cc:74] Loaded system [gz::sim::systems::Altimeter] for entity [1]
(2023-10-16T22:29:34.274026431) (2023-10-16T22:29:34.274049364) [Dbg] [SystemManager.cc:74] Loaded system [gz::sim::systems::Imu] for entity [1]
(2023-10-16T22:29:34.276938340) (2023-10-16T22:29:34.276962277) [Dbg] [SystemManager.cc:74] Loaded system [gz::sim::systems::Magnetometer] for entity [1]
(2023-10-16T22:29:34.279763886) (2023-10-16T22:29:34.279786756) [Dbg] [SystemManager.cc:74] Loaded system [gz::sim::systems::NavSat] for entity [1]
(2023-10-16T22:29:34.298798066) (2023-10-16T22:29:34.298826905) [Dbg] [SystemManager.cc:74] Loaded system [gz::sim::systems::JointStatePublisher] for entity [9]
(2023-10-16T22:29:34.301531408) (2023-10-16T22:29:34.301576811) [Msg] OdometryPublisher publishing odometry on [/model/iris/odometry]
(2023-10-16T22:29:34.301917767) (2023-10-16T22:29:34.301939448) [Msg] OdometryPublisher publishing odometry with covariance on [/model/iris/odometry_with_covariance]
(2023-10-16T22:29:34.302353441) (2023-10-16T22:29:34.302384112) [Msg] OdometryPublisher publishing Pose_V (TF) on [/model/iris/pose]
(2023-10-16T22:29:34.302503126) (2023-10-16T22:29:34.302529825) [Dbg] [SystemManager.cc:74] Loaded system [gz::sim::systems::OdometryPublisher] for entity [9]
(2023-10-16T22:29:34.306141091) (2023-10-16T22:29:34.306166529) [Dbg] [SystemManager.cc:74] Loaded system [gz::sim::systems::LiftDrag] for entity [9]
(2023-10-16T22:29:34.306904666) (2023-10-16T22:29:34.306925336) [Dbg] [SystemManager.cc:74] Loaded system [gz::sim::systems::LiftDrag] for entity [9]
(2023-10-16T22:29:34.307588805) (2023-10-16T22:29:34.307609057) [Dbg] [SystemManager.cc:74] Loaded system [gz::sim::systems::LiftDrag] for entity [9]
(2023-10-16T22:29:34.308259439) (2023-10-16T22:29:34.308279242) [Dbg] [SystemManager.cc:74] Loaded system [gz::sim::systems::LiftDrag] for entity [9]
(2023-10-16T22:29:34.309009225) (2023-10-16T22:29:34.309029757) [Dbg] [SystemManager.cc:74] Loaded system [gz::sim::systems::LiftDrag] for entity [9]
(2023-10-16T22:29:34.310167064) (2023-10-16T22:29:34.310202165) [Dbg] [SystemManager.cc:74] Loaded system [gz::sim::systems::LiftDrag] for entity [9]
(2023-10-16T22:29:34.311340599) (2023-10-16T22:29:34.311371622) [Dbg] [SystemManager.cc:74] Loaded system [gz::sim::systems::LiftDrag] for entity [9]
(2023-10-16T22:29:34.312542214) (2023-10-16T22:29:34.312575465) [Dbg] [SystemManager.cc:74] Loaded system [gz::sim::systems::LiftDrag] for entity [9]
(2023-10-16T22:29:34.315604013) (2023-10-16T22:29:34.315629357) [Msg] ApplyJointForce subscribing to Double messages on [/model/iris/joint/rotor_0_joint/cmd_force]
(2023-10-16T22:29:34.315719322) (2023-10-16T22:29:34.315734987) [Dbg] [SystemManager.cc:74] Loaded system [gz::sim::systems::ApplyJointForce] for entity [9]
(2023-10-16T22:29:34.316540865) (2023-10-16T22:29:34.316562834) [Msg] ApplyJointForce subscribing to Double messages on [/model/iris/joint/rotor_1_joint/cmd_force]
(2023-10-16T22:29:34.316639796) (2023-10-16T22:29:34.316654285) [Dbg] [SystemManager.cc:74] Loaded system [gz::sim::systems::ApplyJointForce] for entity [9]
(2023-10-16T22:29:34.317435214) (2023-10-16T22:29:34.317468135) [Msg] ApplyJointForce subscribing to Double messages on [/model/iris/joint/rotor_2_joint/cmd_force]
(2023-10-16T22:29:34.317583725) (2023-10-16T22:29:34.317610002) [Dbg] [SystemManager.cc:74] Loaded system [gz::sim::systems::ApplyJointForce] for entity [9]
(2023-10-16T22:29:34.318646055) (2023-10-16T22:29:34.318670805) [Msg] ApplyJointForce subscribing to Double messages on [/model/iris/joint/rotor_3_joint/cmd_force]
(2023-10-16T22:29:34.318749716) (2023-10-16T22:29:34.318764394) [Dbg] [SystemManager.cc:74] Loaded system [gz::sim::systems::ApplyJointForce] for entity [9]
(2023-10-16T22:29:34.321550952) (2023-10-16T22:29:34.321576143) [Msg] JointPositionController subscribing to Double messages on [/gimbal/cmd_roll]
(2023-10-16T22:29:34.321674339) (2023-10-16T22:29:34.321698075) [Dbg] [JointPositionController.cc:302] [JointPositionController] system parameters:
(2023-10-16T22:29:34.321751409) (2023-10-16T22:29:34.321765596) [Dbg] [JointPositionController.cc:303] p_gain: [2]
(2023-10-16T22:29:34.321846048) (2023-10-16T22:29:34.321861198) [Dbg] [JointPositionController.cc:304] i_gain: [0.1]
(2023-10-16T22:29:34.321918650) (2023-10-16T22:29:34.321932680) [Dbg] [JointPositionController.cc:305] d_gain: [0.01]
(2023-10-16T22:29:34.321987770) (2023-10-16T22:29:34.322001456) [Dbg] [JointPositionController.cc:306] i_max: [1]
(2023-10-16T22:29:34.322054950) (2023-10-16T22:29:34.322069021) [Dbg] [JointPositionController.cc:307] i_min: [-1]
(2023-10-16T22:29:34.322162404) (2023-10-16T22:29:34.322178834) [Dbg] [JointPositionController.cc:308] cmd_max: [1000]
(2023-10-16T22:29:34.322235153) (2023-10-16T22:29:34.322249177) [Dbg] [JointPositionController.cc:309] cmd_min: [-1000]
(2023-10-16T22:29:34.322324818) (2023-10-16T22:29:34.322338917) [Dbg] [JointPositionController.cc:310] cmd_offset: [0]
(2023-10-16T22:29:34.322403231) (2023-10-16T22:29:34.322417404) [Dbg] [JointPositionController.cc:311] Topic: [/gimbal/cmd_roll]
(2023-10-16T22:29:34.322469627) (2023-10-16T22:29:34.322483644) [Dbg] [JointPositionController.cc:312] initial_position: [0]
(2023-10-16T22:29:34.322549243) (2023-10-16T22:29:34.322563018) [Dbg] [SystemManager.cc:74] Loaded system [gz::sim::systems::JointPositionController] for entity [9]
(2023-10-16T22:29:34.323525821) (2023-10-16T22:29:34.323557800) [Msg] JointPositionController subscribing to Double messages on [/gimbal/cmd_tilt]
(2023-10-16T22:29:34.323655843) (2023-10-16T22:29:34.323679904) [Dbg] [JointPositionController.cc:302] [JointPositionController] system parameters:
(2023-10-16T22:29:34.323753116) (2023-10-16T22:29:34.323775128) [Dbg] [JointPositionController.cc:303] p_gain: [2]
(2023-10-16T22:29:34.323878060) (2023-10-16T22:29:34.323904134) [Dbg] [JointPositionController.cc:304] i_gain: [0.1]
(2023-10-16T22:29:34.324008687) (2023-10-16T22:29:34.324034703) [Dbg] [JointPositionController.cc:305] d_gain: [0.01]
(2023-10-16T22:29:34.324119611) (2023-10-16T22:29:34.324143565) [Dbg] [JointPositionController.cc:306] i_max: [1]
(2023-10-16T22:29:34.324242776) (2023-10-16T22:29:34.324269572) [Dbg] [JointPositionController.cc:307] i_min: [-1]
(2023-10-16T22:29:34.324366152) (2023-10-16T22:29:34.324391814) [Dbg] [JointPositionController.cc:308] cmd_max: [1000]
(2023-10-16T22:29:34.324512545) (2023-10-16T22:29:34.324541007) [Dbg] [JointPositionController.cc:309] cmd_min: [-1000]
(2023-10-16T22:29:34.324647589) (2023-10-16T22:29:34.324677080) [Dbg] [JointPositionController.cc:310] cmd_offset: [0]
(2023-10-16T22:29:34.324786513) (2023-10-16T22:29:34.324812333) [Dbg] [JointPositionController.cc:311] Topic: [/gimbal/cmd_tilt]
(2023-10-16T22:29:34.324911893) (2023-10-16T22:29:34.324941244) [Dbg] [JointPositionController.cc:312] initial_position: [0]
(2023-10-16T22:29:34.325071678) (2023-10-16T22:29:34.325100312) [Dbg] [SystemManager.cc:74] Loaded system [gz::sim::systems::JointPositionController] for entity [9]
(2023-10-16T22:29:34.329399488) (2023-10-16T22:29:34.329439902) [Msg] LinearBatteryPlugin configured. Battery name: lipo_3500mAh
(2023-10-16T22:29:34.329572623) (2023-10-16T22:29:34.329602342) [Dbg] [LinearBatteryPlugin.cc:405] Battery initial voltage: 12.6
(2023-10-16T22:29:34.330347860) (2023-10-16T22:29:34.330387669) [Dbg] [SystemManager.cc:74] Loaded system [gz::sim::systems::LinearBatteryPlugin] for entity [9]
(2023-10-16T22:29:34.348599638) (2023-10-16T22:29:34.348630158) [Msg] [iris] Advertising on /gimbal/cmd_roll.
(2023-10-16T22:29:34.349246153) (2023-10-16T22:29:34.349269344) [Msg] [iris] Advertising on /gimbal/cmd_tilt.
(2023-10-16T22:29:34.349807950) [iris] flight dynamics model @ 127.0.0.1:9002
(2023-10-16T22:29:34.350232237) [iris] ArduPilot ready to fly. The force will be with you
(2023-10-16T22:29:34.350366651) (2023-10-16T22:29:34.350383192) [Dbg] [SystemManager.cc:74] Loaded system [ArduPilotPlugin] for entity [9]
(2023-10-16T22:29:34.354557596) (2023-10-16T22:29:34.354592403) [Msg] Loaded level [3]
(2023-10-16T22:29:34.370749704) (2023-10-16T22:29:34.370793390) [Msg] Serving world controls on [/world/map/control], [/world/map/control/state] and [/world/map/playback/control]
(2023-10-16T22:29:34.371226468) (2023-10-16T22:29:34.371264478) [Msg] Serving GUI information on [/world/map/gui/info]
(2023-10-16T22:29:34.371401382) (2023-10-16T22:29:34.371421316) [Msg] World [map] initialized with [1ms] physics profile.
(2023-10-16T22:29:34.372059851) (2023-10-16T22:29:34.372087137) [Msg] Serving world SDF generation service on [/world/map/generate_world_sdf]
(2023-10-16T22:29:34.372517786) (2023-10-16T22:29:34.372559973) [Msg] Serving world names on [/gazebo/worlds]
(2023-10-16T22:29:34.373064772) (2023-10-16T22:29:34.373093220) [Msg] Resource path add service on [/gazebo/resource_paths/add].
(2023-10-16T22:29:34.474307229) (2023-10-16T22:29:34.474410216) [Msg] Resource path get service on [/gazebo/resource_paths/get].
(2023-10-16T22:29:34.475236123) (2023-10-16T22:29:34.475279382) [Msg] Resource path resolve service on [/gazebo/resource_paths/resolve].
(2023-10-16T22:29:34.475763773) (2023-10-16T22:29:34.475795345) [Msg] Resource paths published on [/gazebo/resource_paths].
(2023-10-16T22:29:34.476320065) (2023-10-16T22:29:34.476366805) [Msg] Server control service on [/server_control].
(2023-10-16T22:29:34.477022539) (2023-10-16T22:29:34.477071031) [Msg] Found no publishers on /stats, adding root stats topic
(2023-10-16T22:29:34.578079584) (2023-10-16T22:29:34.578188978) [Msg] Found no publishers on /clock, adding root clock topic
(2023-10-16T22:29:34.579197352) (2023-10-16T22:29:34.579239061) [Dbg] [SimulationRunner.cc:503] Creating PostUpdate worker threads: 13
(2023-10-16T22:29:34.579324271) (2023-10-16T22:29:34.579342225) [Dbg] [SimulationRunner.cc:514] Creating postupdate worker thread (0)
(2023-10-16T22:29:34.579558664) (2023-10-16T22:29:34.579592740) [Dbg] [SimulationRunner.cc:514] Creating postupdate worker thread (1)
(2023-10-16T22:29:34.579861680) (2023-10-16T22:29:34.579898082) [Dbg] [SimulationRunner.cc:514] Creating postupdate worker thread (2)
(2023-10-16T22:29:34.580119456) (2023-10-16T22:29:34.580154358) [Dbg] [SimulationRunner.cc:514] Creating postupdate worker thread (3)
(2023-10-16T22:29:34.580562532) (2023-10-16T22:29:34.580599933) [Dbg] [SimulationRunner.cc:514] Creating postupdate worker thread (4)
(2023-10-16T22:29:34.580849064) (2023-10-16T22:29:34.580885370) [Dbg] [SimulationRunner.cc:514] Creating postupdate worker thread (5)
(2023-10-16T22:29:34.581153711) (2023-10-16T22:29:34.581191725) [Dbg] [SimulationRunner.cc:514] Creating postupdate worker thread (6)
(2023-10-16T22:29:34.581448024) (2023-10-16T22:29:34.581523124) [Dbg] [SimulationRunner.cc:514] Creating postupdate worker thread (7)
(2023-10-16T22:29:34.581779947) (2023-10-16T22:29:34.581816901) [Dbg] [SimulationRunner.cc:514] Creating postupdate worker thread (8)
(2023-10-16T22:29:34.582121760) (2023-10-16T22:29:34.582165735) [Dbg] [SimulationRunner.cc:514] Creating postupdate worker thread (9)
(2023-10-16T22:29:34.582414616) (2023-10-16T22:29:34.582449620) [Dbg] [SimulationRunner.cc:514] Creating postupdate worker thread (10)
(2023-10-16T22:29:34.582694197) (2023-10-16T22:29:34.582729783) [Dbg] [SimulationRunner.cc:514] Creating postupdate worker thread (11)
(2023-10-16T22:29:34.586525326) (2023-10-16T22:29:34.586556856) [Dbg] [JointPositionController.cc:361] Identified joint [roll_joint] as Entity [53]
(2023-10-16T22:29:34.586697377) (2023-10-16T22:29:34.586716531) [Dbg] [JointPositionController.cc:361] Identified joint [tilt_joint] as Entity [54]
(2023-10-16T22:29:34.586993241) (2023-10-16T22:29:34.587014203) [Msg] Found IMU sensor with name [imu_link::imu_sensor]
(2023-10-16T22:29:34.587125515) (2023-10-16T22:29:34.587143681) [Dbg] [ArduPilotPlugin.cc:1154] Computed IMU topic to be: world/map/model/iris/link/imu_link/sensor/imu_sensor/imu
(2023-10-16T22:29:34.601816854) (2023-10-16T22:29:34.601852520) [Dbg] [SDFFeatures.cc:328] Mesh construction from an SDF has not been implemented yet for dartsim. Use AttachMeshShapeFeature to use mesh shapes.
(2023-10-16T22:29:34.601924032) (2023-10-16T22:29:34.601942484) [Err] [SDFFeatures.cc:843] The geometry element of collision [roll_col] couldn't be created
(2023-10-16T22:29:34.602242098) (2023-10-16T22:29:34.602266201) [Dbg] [SDFFeatures.cc:328] Mesh construction from an SDF has not been implemented yet for dartsim. Use AttachMeshShapeFeature to use mesh shapes.
(2023-10-16T22:29:34.602321790) (2023-10-16T22:29:34.602338712) [Err] [SDFFeatures.cc:843] The geometry element of collision [tilt_col] couldn't be created
(2023-10-16T22:29:36.92225952) (2023-10-16T22:29:36.92297695) [Dbg] [Sensors.cc:659] Initialization needed
(2023-10-16T22:29:36.92516069) (2023-10-16T22:29:36.92565699) [Dbg] [Sensors.cc:257] Initializing render context
(2023-10-16T22:29:36.93320927) (2023-10-16T22:29:36.93363612) [Msg] Loading plugin [gz-rendering-ogre2]
(2023-10-16T22:29:36.96282671) (2023-10-16T22:29:36.96330755) [Dbg] [AirPressureSensor.cc:126] Air pressure for [(2023-10-16T22:29:36.96479393) (2023-10-16T22:29:36.96527481) iris::base_link::air_pressure_sensor] advertised on [Air speed for [world/map/model/iris/link/base_link/sensor/air_pressure_sensor/air_pressure]iris::base_link::air_speed_sensoriris::base_link::air_speed_sensor
] advertised on [world/map/model/iris/link/base_link/sensor/air_speed_sensor/air_speed]
(2023-10-16T22:29:36.971078032023-10-16T22:29:36.97107803) (2023-10-16T22:29:36.97203280) [Msg] Serving scene information on [/world/map/scene/info]2023-10-16T22:29:36.97335385) (
2023-10-16T22:29:36.97403034) [Dbg] [ImuSensor.cc:149] IMU data for [(2023-10-16T22:29:36.97552247) iris::imu_link::imu_sensor) iris::imu_link::imu_sensor] advertised on [(] advertised on [(2023-10-16T22:29:36.97669942) (2023-10-16T22:29:36.97835765) (2023-10-16T22:29:36.97885939) [Msg] Serving graph information on [/world/mapworld/map/model/iris/link/imu_link/sensor/imu_sensor/imu]/scene/graph]
(2023-10-16T22:29:36.98260493) (2023-10-16T22:29:36.98304678) 
[Dbg] [AltimeterSensor.cc:114] Altimeter data for [
[Dbg] [MagnetometerSensor.cc:117] Magnetometer data for [iris::base_link::altimeter_sensoriris::base_link::altimeter_sensoriris::base_link::magnetometer_sensor] advertised on [] advertised on [] advertised on [world/map/model/iris/link/base_link/sensor/magnetometer_sensor/magnetometerworld/map/model/iris/link/base_link/sensor/altimeter_sensor/altimeter]
(2023-10-16T22:29:36.99109897) (2023-10-16T22:29:36.99159166) 
Serving full state on [/world/map/state]
(2023-10-16T22:29:36.99897146) (2023-10-16T22:29:36.99938484) [Msg] Serving full state (async) on [/world/map/state_async]
(2023-10-16T22:29:36.101835488) (2023-10-16T22:29:36.101882871) [Msg] Publishing scene information on [/world/map/scene/info]
(2023-10-16T22:29:36.102667052) (2023-10-16T22:29:36.102712246) [Msg] Publishing entity deletions on [/world/map/scene/deletion]
(2023-10-16T22:29:36.103114089) (2023-10-16T22:29:36.103156985) [Msg] Publishing state changes on [/world/map/state]
(2023-10-16T22:29:36.103562767) (2023-10-16T22:29:36.103602799) [Msg] Publishing pose messages on [/world/map/pose/info]
(2023-10-16T22:29:36.104031371) (2023-10-16T22:29:36.104071107) [Msg] Publishing dynamic pose messages on [/world/map/dynamic_pose/info]
(2023-10-16T22:29:36.105495090) (2023-10-16T22:29:36.105539981) [Dbg] [EntityComponentManager.cc:1655] Updated state thread iterators: 8 threads processing around 8 entities each.
(2023-10-16T22:29:36.153786612) (2023-10-16T22:29:36.153840391) [Wrn] [Component.hh:144] Trying to serialize component with data type [St6vectorIdSaIdEE], which doesn't have `operator<<`. Component will not be serialized.
(2023-10-16T22:29:36.155972029) (2023-10-16T22:29:36.156017319) [Wrn] [Model.hh:69] Skipping serialization / deserialization for models with //pose/@relative_to attribute.
(2023-10-16T22:29:36.156938381) (2023-10-16T22:29:36.157001258) [Wrn] [Component.hh:144] Trying to serialize component with data type [N3sdf3v135WorldE], which doesn't have `operator<<`. Component will not be serialized.
(2023-10-16T22:29:36.164325215) [iris] Connected to ArduPilot controller @ 127.0.0.1:46626
(2023-10-16T22:29:36.164454949) (2023-10-16T22:29:36.164484854) [Wrn] [ArduPilotPlugin.cc:1583] ArduPilot controller has reset
(2023-10-16T22:29:36.166639647) (2023-10-16T22:29:36.166701734) [Dbg] [LinearBatteryPlugin.cc:574] [Battery Plugin] Battery drain: 0 minutes passed.
(2023-10-16T22:29:36.915458766) (2023-10-16T22:29:36.915483947) [Dbg] [RenderUtil.cc:2720] Create scene [scene]
((2023-10-16T22:29:37.35176539) (2023-10-16T22:29:37.35227071) [Dbg] [Sensors.cc:659] Initialization needed
2023-10-16T22:29:37.35117187) (2023-10-16T22:29:37.35795974) [Dbg] [Sensors.cc:277] Rendering Thread initialized
(2023-10-16T22:29:42.644507553) (2023-10-16T22:29:42.644562718) [Dbg] [CameraSensor.cc:458] Camera images for [iris::tilt_link::camera] advertised on [world/map/model/iris/link/tilt_link/sensor/camera/image]
(2023-10-16T22:29:42.645061983) (2023-10-16T22:29:42.645083017) [Dbg] [CameraSensor.cc:786] Camera info for [iris::tilt_link::camera] advertised on [/world/map/model/iris/link/tilt_link/sensor/camera/camera_info]
(2023-10-16T22:29:42.645929841) (2023-10-16T22:29:42.645948856) [Wrn] [Ogre2Camera.cc:412] Ogre2Camera::SetVisibilityMask: Mask bits c0000000 are set but will be ignored as they conflict with the reserved bits used internally by the ogre2 backend.
(2023-10-16T22:29:42.850559777) (2023-10-16T22:29:42.850584896) [Dbg] [CameraSensor.cc:583] Enabling camera sensor: 'iris::tilt_link::camera' data generation.
(2023-10-16T22:29:43.133512974) (2023-10-16T22:29:43.133552028) [Wrn] [ArduPilotPlugin.cc:1436] [iris] Drained n packets: 5
(2023-10-16T22:30:36.330618919) (2023-10-16T22:30:36.330707669) [Wrn] [ArduPilotPlugin.cc:1583] ArduPilot controller has reset
(2023-10-16T22:31:31.802870553) (2023-10-16T22:31:31.802936662) [Wrn] [ArduPilotPlugin.cc:1583] ArduPilot controller has reset
(2023-10-16T22:31:31.806041327) (2023-10-16T22:31:31.806127262) [Dbg] [EntityComponentManager.cc:1655] Updated state thread iterators: 8 threads processing around 8 entities each.
(2023-10-16T22:36:34.787344716) (2023-10-16T22:36:34.787394827) [Wrn] [ArduPilotPlugin.cc:1583] ArduPilot controller has reset
(2023-10-16T22:37:32.58746643) (2023-10-16T22:37:32.58801748) [Wrn] [ArduPilotPlugin.cc:1583] ArduPilot controller has reset
