(2023-10-21T00:49:53.864594141) (2023-10-21T00:49:53.864613194) [Msg] Gazebo Sim Server v7.6.0
(2023-10-21T00:49:53.872345957) (2023-10-21T00:49:53.872361027) [Msg] Loading SDF world file[/home/bassam/PX4-Autopilot/Tools/simulation/gz/worlds/default.sdf].
(2023-10-21T00:49:54.76525135) (2023-10-21T00:49:54.76546037) [Msg] Serving entity system service on [/entity/system/add]
(2023-10-21T00:49:54.335644795) (2023-10-21T00:49:54.335678866) [Dbg] [Physics.cc:880] Loaded [gz::physics::dartsim::Plugin] from library [/usr/lib/x86_64-linux-gnu/gz-physics-6/engine-plugins/libgz-physics-dartsim-plugin.so]
(2023-10-21T00:49:54.335798573) (2023-10-21T00:49:54.335813817) [Dbg] [SystemManager.cc:74] Loaded system [gz::sim::systems::Physics] for entity [1]
(2023-10-21T00:49:54.342103682) (2023-10-21T00:49:54.342130121) [Msg] Create service on [/world/default/create]
(2023-10-21T00:49:54.442165515) (2023-10-21T00:49:54.442209104) [Msg] Remove service on [/world/default/remove]
(2023-10-21T00:49:54.442401061) (2023-10-21T00:49:54.442419389) [Msg] Pose service on [/world/default/set_pose]
(2023-10-21T00:49:54.442582433) (2023-10-21T00:49:54.442599975) [Msg] Pose service on [/world/default/set_pose_vector]
(2023-10-21T00:49:54.442877136) (2023-10-21T00:49:54.442895593) [Msg] Light configuration service on [/world/default/light_config]
(2023-10-21T00:49:54.443237645) (2023-10-21T00:49:54.443249920) [Msg] Physics service on [/world/default/set_physics]
(2023-10-21T00:49:54.443458224) (2023-10-21T00:49:54.443469879) [Msg] SphericalCoordinates service on [/world/default/set_spherical_coordinates]
(2023-10-21T00:49:54.443552524) (2023-10-21T00:49:54.443562629) [Msg] Enable collision service on [/world/default/enable_collision]
(2023-10-21T00:49:54.443635080) (2023-10-21T00:49:54.443644912) [Msg] Disable collision service on [/world/default/disable_collision]
(2023-10-21T00:49:54.443865396) (2023-10-21T00:49:54.443876992) [Msg] Material service on [/world/default/visual_config]
(2023-10-21T00:49:54.444040041) (2023-10-21T00:49:54.444051696) [Msg] Material service on [/world/default/wheel_slip]
(2023-10-21T00:49:54.444097567) (2023-10-21T00:49:54.444105550) [Dbg] [SystemManager.cc:74] Loaded system [gz::sim::systems::UserCommands] for entity [1]
(2023-10-21T00:49:54.447812497) (2023-10-21T00:49:54.447828849) [Dbg] [SystemManager.cc:74] Loaded system [gz::sim::systems::SceneBroadcaster] for entity [1]
(2023-10-21T00:49:54.449810178) (2023-10-21T00:49:54.449824209) [Dbg] [SystemManager.cc:74] Loaded system [gz::sim::systems::Contact] for entity [1]
(2023-10-21T00:49:54.453507140) (2023-10-21T00:49:54.453524476) [Dbg] [SystemManager.cc:74] Loaded system [gz::sim::systems::Imu] for entity [1]
(2023-10-21T00:49:54.455841136) (2023-10-21T00:49:54.455857293) [Dbg] [SystemManager.cc:74] Loaded system [gz::sim::systems::AirPressure] for entity [1]
(2023-10-21T00:49:54.458628567) (2023-10-21T00:49:54.458652241) [Msg] Listening to instantaneous wrench commands in [/world/default/wrench]
(2023-10-21T00:49:54.458739596) (2023-10-21T00:49:54.458756349) [Msg] Listening to persistent wrench commands in [/world/default/wrench/persistent]
(2023-10-21T00:49:54.458837726) (2023-10-21T00:49:54.458853486) [Msg] Listening to wrench clear commands in [/world/default/wrench/clear]
(2023-10-21T00:49:54.458894064) (2023-10-21T00:49:54.458902401) [Dbg] [SystemManager.cc:74] Loaded system [gz::sim::systems::ApplyLinkWrench] for entity [1]
(2023-10-21T00:49:54.471072082) (2023-10-21T00:49:54.471090115) [Dbg] [Sensors.cc:506] Configuring Sensors system
(2023-10-21T00:49:54.471205539) (2023-10-21T00:49:54.471215972) [Dbg] [Sensors.cc:425] SensorsPrivate::Run
(2023-10-21T00:49:54.471322237) (2023-10-21T00:49:54.471333153) [Dbg] [SystemManager.cc:74] Loaded system [gz::sim::systems::Sensors] for entity [1]
(2023-10-21T00:49:54.471424561) (2023-10-21T00:49:54.471444235) [Dbg] [Sensors.cc:402] SensorsPrivate::RenderThread started
(2023-10-21T00:49:54.471480603) (2023-10-21T00:49:54.471489516) [Dbg] [Sensors.cc:245] Waiting for init
(2023-10-21T00:49:54.475014838) (2023-10-21T00:49:54.475031180) [Wrn] [SystemLoader.cc:79] Trying to load deprecated plugin [ignition-gazebo-ackermann-steering-system]. Using [gz-sim-ackermann-steering-system] instead.
(2023-10-21T00:49:54.477605371) (2023-10-21T00:49:54.477627499) [Msg] AckermannSteering subscribing to twist messages on [/cmd_vel]
(2023-10-21T00:49:54.477930091) (2023-10-21T00:49:54.477943297) [Dbg] [SystemManager.cc:74] Loaded system [ignition::gazebo::systems::AckermannSteering] for entity [8]
(2023-10-21T00:49:54.478136056) (2023-10-21T00:49:54.478147031) [Msg] Loaded level [3]
(2023-10-21T00:49:54.480323308) (2023-10-21T00:49:54.480343778) [Msg] Serving world controls on [/world/default/control], [/world/default/control/state] and [/world/default/playback/control]
(2023-10-21T00:49:54.480618929) (2023-10-21T00:49:54.480635977) [Msg] Serving GUI information on [/world/default/gui/info]
(2023-10-21T00:49:54.480674709) (2023-10-21T00:49:54.480683408) [Msg] World [default] initialized with [default_physics] physics profile.
(2023-10-21T00:49:54.480872985) (2023-10-21T00:49:54.480889873) [Msg] Serving world SDF generation service on [/world/default/generate_world_sdf]
(2023-10-21T00:49:54.481039147) (2023-10-21T00:49:54.481055836) [Msg] Serving world names on [/gazebo/worlds]
(2023-10-21T00:49:54.481152642) (2023-10-21T00:49:54.481168455) [Msg] Resource path add service on [/gazebo/resource_paths/add].
(2023-10-21T00:49:54.481259205) (2023-10-21T00:49:54.481275475) [Msg] Resource path get service on [/gazebo/resource_paths/get].
(2023-10-21T00:49:54.481367929) (2023-10-21T00:49:54.481384010) [Msg] Resource path resolve service on [/gazebo/resource_paths/resolve].
(2023-10-21T00:49:54.481471524) (2023-10-21T00:49:54.481486592) [Msg] Resource paths published on [/gazebo/resource_paths].
(2023-10-21T00:49:54.481631241) (2023-10-21T00:49:54.481647935) [Msg] Server control service on [/server_control].
(2023-10-21T00:49:55.868678673) (2023-10-21T00:49:55.868700503) [Msg] Found no publishers on /stats, adding root stats topic
(2023-10-21T00:49:55.868905102) (2023-10-21T00:49:55.868917613) [Msg] Found no publishers on /clock, adding root clock topic
(2023-10-21T00:49:55.869220347) (2023-10-21T00:49:55.869240019) [Dbg] [SimulationRunner.cc:503] Creating PostUpdate worker threads: 7
(2023-10-21T00:49:55.869292930) (2023-10-21T00:49:55.869303201) [Dbg] [SimulationRunner.cc:514] Creating postupdate worker thread (0)
(2023-10-21T00:49:55.869450335) (2023-10-21T00:49:55.869467292) [Dbg] [SimulationRunner.cc:514] Creating postupdate worker thread (1)
(2023-10-21T00:49:55.869575170) (2023-10-21T00:49:55.869592878) [Dbg] [SimulationRunner.cc:514] Creating postupdate worker thread (2)
(2023-10-21T00:49:55.869678124) (2023-10-21T00:49:55.869694894) [Dbg] [SimulationRunner.cc:514] Creating postupdate worker thread (3)
(2023-10-21T00:49:55.869795317) (2023-10-21T00:49:55.869811914) [Dbg] [SimulationRunner.cc:514] Creating postupdate worker thread (4)
(2023-10-21T00:49:55.869904861) (2023-10-21T00:49:55.869916381) [Dbg] [SimulationRunner.cc:514] Creating postupdate worker thread (5)
(2023-10-21T00:49:56.238673461) (2023-10-21T00:49:56.238692806) [Wrn] [MulticopterMotorModel.cc:257] No robotNamespace set using entity name.
(2023-10-21T00:49:56.238737578) (2023-10-21T00:49:56.238747157) [Wrn] [MulticopterMotorModel.cc:295] <motorNumber> is depricated, please use <actuator_number>.
(2023-10-21T00:49:56.238814352) (2023-10-21T00:49:56.238824115) [Dbg] [MulticopterMotorModel.cc:386] Listening to topic: x500_depth_0/command/motor_speed
(2023-10-21T00:49:56.239175635) (2023-10-21T00:49:56.239194271) [Dbg] [SystemManager.cc:74] Loaded system [gz::sim::systems::MulticopterMotorModel] for entity [56]
(2023-10-21T00:49:56.239670529) (2023-10-21T00:49:56.239684011) [Wrn] [MulticopterMotorModel.cc:257] No robotNamespace set using entity name.
(2023-10-21T00:49:56.239708986) (2023-10-21T00:49:56.239717839) [Wrn] [MulticopterMotorModel.cc:295] <motorNumber> is depricated, please use <actuator_number>.
(2023-10-21T00:49:56.239775137) (2023-10-21T00:49:56.239784392) [Dbg] [MulticopterMotorModel.cc:386] Listening to topic: x500_depth_0/command/motor_speed
(2023-10-21T00:49:56.239982150) (2023-10-21T00:49:56.239996055) [Dbg] [SystemManager.cc:74] Loaded system [gz::sim::systems::MulticopterMotorModel] for entity [56]
(2023-10-21T00:49:56.240353491) (2023-10-21T00:49:56.240364814) [Wrn] [MulticopterMotorModel.cc:257] No robotNamespace set using entity name.
(2023-10-21T00:49:56.240389231) (2023-10-21T00:49:56.240397955) [Wrn] [MulticopterMotorModel.cc:295] <motorNumber> is depricated, please use <actuator_number>.
(2023-10-21T00:49:56.240453460) (2023-10-21T00:49:56.240462220) [Dbg] [MulticopterMotorModel.cc:386] Listening to topic: x500_depth_0/command/motor_speed
(2023-10-21T00:49:56.240660118) (2023-10-21T00:49:56.240672454) [Dbg] [SystemManager.cc:74] Loaded system [gz::sim::systems::MulticopterMotorModel] for entity [56]
(2023-10-21T00:49:56.241020611) (2023-10-21T00:49:56.241032521) [Wrn] [MulticopterMotorModel.cc:257] No robotNamespace set using entity name.
(2023-10-21T00:49:56.241057181) (2023-10-21T00:49:56.241065626) [Wrn] [MulticopterMotorModel.cc:295] <motorNumber> is depricated, please use <actuator_number>.
(2023-10-21T00:49:56.241120591) (2023-10-21T00:49:56.241129728) [Dbg] [MulticopterMotorModel.cc:386] Listening to topic: x500_depth_0/command/motor_speed
(2023-10-21T00:49:56.241320676) (2023-10-21T00:49:56.241332595) [Dbg] [SystemManager.cc:74] Loaded system [gz::sim::systems::MulticopterMotorModel] for entity [56]
(2023-10-21T00:49:56.241729599) (2023-10-21T00:49:56.241740526) [Dbg] [UserCommands.cc:1263] Created entity [56] named [x500_depth_0]
(2023-10-21T00:49:56.266627845) (2023-10-21T00:49:56.266648304) [Dbg] [SimulationFeatures.cc:72] Simulation timestep set to: 0.004
(2023-10-21T00:49:56.268866058) (2023-10-21T00:49:56.268898488) [Dbg] [Sensors.cc:659] Initialization needed
(2023-10-21T00:49:56.269016508) (2023-10-21T00:49:56.269031907) [Dbg] [Sensors.cc:257] Initializing render context
(2023-10-21T00:49:56.269180234) (2023-10-21T00:49:56.269190308) [Msg] Loading plugin [gz-rendering-ogre2]
(2023-10-21T00:49:56.269642592) (2023-10-21T00:49:56.269663532) [Dbg] [ImuSensor.cc:149] IMU data for [x500_depth_0::base_link::imu_sensor] advertised on [world/default/model/x500_depth_0/link/base_link/sensor/imu_sensor/imu]
2023-10-21T00:49:56.269754769) (2023-10-21T00:49:56.269781897) [Dbg] [AirPressureSensor.cc:126] Air pressure for [x500_depth_0::base_link::air_pressure_sensor] advertised on [world/default/model/x500_depth_0/link/base_link/sensor/air_pressure_sensor/air_pressure]
(2023-10-21T00:49:56.270710387) (2023-10-21T00:49:56.270732609) [Msg] Serving scene information on [/world/default/scene/info]
(2023-10-21T00:49:56.270845855) (2023-10-21T00:49:56.270862407) [Msg] Serving graph information on [/world/default/scene/graph]
(2023-10-21T00:49:56.271084559) (2023-10-21T00:49:56.271101744) [Msg] Serving full state on [/world/default/state]
(2023-10-21T00:49:56.271206432) (2023-10-21T00:49:56.271222098) [Msg] Serving full state (async) on [/world/default/state_async]
(2023-10-21T00:49:56.271317602) (2023-10-21T00:49:56.271328896) [Msg] Publishing scene information on [/world/default/scene/info]
(2023-10-21T00:49:56.271487232) (2023-10-21T00:49:56.271502296) [Msg] Publishing entity deletions on [/world/default/scene/deletion]
(2023-10-21T00:49:56.271587233) (2023-10-21T00:49:56.271602025) [Msg] Publishing state changes on [/world/default/state]
(2023-10-21T00:49:56.271686097) (2023-10-21T00:49:56.271696396) [Msg] Publishing pose messages on [/world/default/pose/info]
(2023-10-21T00:49:56.271814318) (2023-10-21T00:49:56.271831108) [Msg] Publishing dynamic pose messages on [/world/default/dynamic_pose/info]
(2023-10-21T00:49:56.272798548) (2023-10-21T00:49:56.272819834) [Dbg] [EntityComponentManager.cc:1655] Updated state thread iterators: 8 threads processing around 13 entities each.
(2023-10-21T00:49:56.293000271) (2023-10-21T00:49:56.293027424) [Wrn] [Component.hh:144] Trying to serialize component with data type [N3sdf3v135WorldE], which doesn't have `operator<<`. Component will not be serialized.
(2023-10-21T00:49:56.293309265) (2023-10-21T00:49:56.293328970) [Wrn] [Model.hh:69] Skipping serialization / deserialization for models with //pose/@relative_to attribute.
((2023-10-21T00:49:56.297376170(2023-10-21T00:49:56.297376170(((2023-10-21T00:49:56.297376170((2023-10-21T00:49:56.297434795) (2023-10-21T00:49:56.297464226) ) ) ((([Dbg] [SimulationRunner.cc:530] 2023-10-21T00:49:56.297521047Exiting postupdate worker thread (4)

2023-10-21T00:49:56.297560170
2023-10-21T00:49:56.297560170) ) 2023-10-21T00:49:56.297524922) (2023-10-21T00:49:56.297530264) ((2023-10-21T00:49:56.297675802) 2023-10-21T00:49:56.297666537) 2023-10-21T00:49:56.297637746) [Dbg] [SimulationRunner.cc:530] Exiting postupdate worker thread (2)
(2023-10-21T00:49:56.297818720) (2023-10-21T00:49:56.297836802) [Dbg] [SimulationRunner.cc:530] [Dbg] [SimulationRunner.cc:530] Exiting postupdate worker thread ([Dbg] [SimulationRunner.cc:530] 0[Dbg] [SimulationRunner.cc:530] Exiting postupdate worker thread (1)
Exiting postupdate worker thread (5)
Exiting postupdate worker thread (3)
)
(2023-10-21T00:49:56.298291834) (2023-10-21T00:49:56.298311727) [Dbg] [SimulationRunner.cc:503] Creating PostUpdate worker threads: 7
(2023-10-21T00:49:56.298364813) (2023-10-21T00:49:56.298380302) [Dbg] [SimulationRunner.cc:514] Creating postupdate worker thread (0)
(2023-10-21T00:49:56.298661177) (2023-10-21T00:49:56.298679032) [Dbg] [SimulationRunner.cc:514] Creating postupdate worker thread (1)
(2023-10-21T00:49:56.298749174) (2023-10-21T00:49:56.298765254) [Dbg] [SimulationRunner.cc:514] Creating postupdate worker thread (2)
(2023-10-21T00:49:56.298846068) (2023-10-21T00:49:56.298861680) [Dbg] [SimulationRunner.cc:514] Creating postupdate worker thread (3)
(2023-10-21T00:49:56.298930060) (2023-10-21T00:49:56.298944825) [Dbg] [SimulationRunner.cc:514] Creating postupdate worker thread (4)
(2023-10-21T00:49:56.299072197) (2023-10-21T00:49:56.299089537) [Dbg] [SimulationRunner.cc:514] Creating postupdate worker thread (5)
(2023-10-21T00:49:56.794595453) (2023-10-21T00:49:56.794608243) [Dbg] [RenderUtil.cc:2720] Create scene [scene]
(2023-10-21T00:49:56.873201424) (2023-10-21T00:49:56.873228152) [Dbg] [Sensors.cc:277] Rendering Thread initialized
(2023-10-21T00:49:56.873276323) (2023-10-21T00:49:56.873300417) [Dbg] [Sensors.cc:659] Initialization needed
(2023-10-21T00:49:56.879921056) (2023-10-21T00:49:56.879936966) [Wrn] [FuelClient.cc:1952] The fuel.ignitionrobotics.org URL is deprecrated. Pleasse change https://fuel.ignitionrobotics.org/1.0/openrobotics/models/prius hybrid/2/files/meshes/Hybrid.obj to https://fuel.gazebosim.org/1.0/openrobotics/models/prius hybrid/2/files/meshes/Hybrid.obj
(2023-10-21T00:49:56.880055967) (2023-10-21T00:49:56.880066600) [Wrn] [FuelClient.cc:1952] The fuel.ignitionrobotics.org URL is deprecrated. Pleasse change https://fuel.ignitionrobotics.org/1.0/openrobotics/models/prius hybrid/2/files/meshes/Hybrid.obj to https://fuel.gazebosim.org/1.0/openrobotics/models/prius hybrid/2/files/meshes/Hybrid.obj
(2023-10-21T00:49:56.885555975) (2023-10-21T00:49:56.885570863) [Wrn] [OBJLoader.cc:91] Both `d` and `Tr` parameters defined for "Hybrid". Use the value of `d` for dissolve (line 8 in .mtl.)
Both `d` and `Tr` parameters defined for "Wheels3". Use the value of `d` for dissolve (line 22 in .mtl.)
Both `d` and `Tr` parameters defined for "Hybrid_Interior". Use the value of `d` for dissolve (line 36 in .mtl.)
Both `d` and `Tr` parameters defined for "Windows". Use the value of `d` for dissolve (line 50 in .mtl.)

(2023-10-21T00:49:59.750413342) (2023-10-21T00:49:59.750429322) [Dbg] [CameraSensor.cc:458] Camera images for [prius_hybrid::chassis::back_camera_sensor] advertised on [back_camera]
(2023-10-21T00:49:59.750665486) (2023-10-21T00:49:59.750682839) [Dbg] [CameraSensor.cc:786] Camera info for [prius_hybrid::chassis::back_camera_sensor] advertised on [/camera_info]
(2023-10-21T00:49:59.750890640) (2023-10-21T00:49:59.750902937) [Wrn] [Ogre2Camera.cc:412] Ogre2Camera::SetVisibilityMask: Mask bits c0000000 are set but will be ignored as they conflict with the reserved bits used internally by the ogre2 backend.
(2023-10-21T00:49:59.751341327) (2023-10-21T00:49:59.751360518) [Dbg] [CameraSensor.cc:458] Camera images for [prius_hybrid::chassis::front_camera_sensor] advertised on [front_camera]
(2023-10-21T00:49:59.751450338) (2023-10-21T00:49:59.751467309) [Dbg] [CameraSensor.cc:786] Camera info for [prius_hybrid::chassis::front_camera_sensor] advertised on [/camera_info]
(2023-10-21T00:49:59.751543557) (2023-10-21T00:49:59.751553897) [Wrn] [Ogre2Camera.cc:412] Ogre2Camera::SetVisibilityMask: Mask bits c0000000 are set but will be ignored as they conflict with the reserved bits used internally by the ogre2 backend.
(2023-10-21T00:49:59.751813035) (2023-10-21T00:49:59.751828594) [Dbg] [CameraSensor.cc:458] Camera images for [prius_hybrid::chassis::left_camera_sensor] advertised on [left_camera]
(2023-10-21T00:49:59.751954271) (2023-10-21T00:49:59.751966065) [Dbg] [CameraSensor.cc:786] Camera info for [prius_hybrid::chassis::left_camera_sensor] advertised on [/camera_info]
(2023-10-21T00:49:59.752032837) (2023-10-21T00:49:59.752042336) [Wrn] [Ogre2Camera.cc:412] Ogre2Camera::SetVisibilityMask: Mask bits c0000000 are set but will be ignored as they conflict with the reserved bits used internally by the ogre2 backend.
(2023-10-21T00:49:59.752276231) (2023-10-21T00:49:59.752294378) [Dbg] [CameraSensor.cc:458] Camera images for [prius_hybrid::chassis::right_camera_sensor] advertised on [right_camera]
(2023-10-21T00:49:59.752379236) (2023-10-21T00:49:59.752396145) [Dbg] [CameraSensor.cc:786] Camera info for [prius_hybrid::chassis::right_camera_sensor] advertised on [/camera_info]
(2023-10-21T00:49:59.752466053) (2023-10-21T00:49:59.752476351) [Wrn] [Ogre2Camera.cc:412] Ogre2Camera::SetVisibilityMask: Mask bits c0000000 are set but will be ignored as they conflict with the reserved bits used internally by the ogre2 backend.
(2023-10-21T00:49:59.752707039) (2023-10-21T00:49:59.752724681) [Dbg] [CameraSensor.cc:458] Camera images for [x500_depth_0::OakD-Lite/base_link::IMX214] advertised on [camera]
(2023-10-21T00:49:59.752817229) (2023-10-21T00:49:59.752833299) [Dbg] [CameraSensor.cc:786] Camera info for [x500_depth_0::OakD-Lite/base_link::IMX214] advertised on [/camera_info]
(2023-10-21T00:49:59.752908375) (2023-10-21T00:49:59.752918130) [Wrn] [Ogre2Camera.cc:412] Ogre2Camera::SetVisibilityMask: Mask bits c0000000 are set but will be ignored as they conflict with the reserved bits used internally by the ogre2 backend.
(2023-10-21T00:49:59.753237582) (2023-10-21T00:49:59.753252333) [Dbg] [DepthCameraSensor.cc:282] Depth images for [x500_depth_0::OakD-Lite/base_link::StereoOV7251] advertised on [depth_camera]
(2023-10-21T00:49:59.753356541) (2023-10-21T00:49:59.753372931) [Dbg] [CameraSensor.cc:786] Camera info for [x500_depth_0::OakD-Lite/base_link::StereoOV7251] advertised on [/camera_info]
(2023-10-21T00:49:59.753570055) (2023-10-21T00:49:59.753587311) [Dbg] [DepthCameraSensor.cc:299] Points for [x500_depth_0::OakD-Lite/base_link::StereoOV7251] advertised on [depth_camera/points]
(2023-10-21T03:45:25.386066159) (2023-10-21T03:45:25.386112995) [Dbg] [SignalHandler.cc:142] Received signal[2].
(2023-10-21T03:45:25.386150179) (2023-10-21T03:45:25.386158746) [Dbg] [ServerPrivate.cc:115] Server received signal[2]
(2023-10-21T03:45:25.386191078) (2023-10-21T03:45:25.386199430) [Dbg] [Sensors.cc:433] SensorsPrivate::Stop
(2023-10-21T03:45:25.429759925) (2023-10-21T03:45:25.429779613) [Dbg] [Sensors.cc:419] SensorsPrivate::RenderThread stopped
(2023-10-21T03:45:25.436064679) (2023-10-21T03:45:25.436085978) [Dbg] [gz.cc:417] Shutting down gz-sim-server
((((((2023-10-21T03:45:25.441627734) (2023-10-21T03:45:25.441648268) [Dbg] [SimulationRunner.cc:530] Exiting postupdate worker thread (2023-10-21T03:45:25.441682905) (2023-10-21T03:45:25.441710525) (2023-10-21T03:45:25.441740826) ) 2023-10-21T03:45:25.441769045) (2023-10-21T03:45:25.44161036002023-10-21T03:45:25.4416103600() (2023-10-21T03:45:25.4418018602023-10-21T03:45:25.441842070) ) 2023-10-21T03:45:25.441798723) () )) )2