(2023-10-28T16:44:41.206177570) (2023-10-28T16:44:41.206187872) [Msg] Gazebo Sim Server v7.6.0
(2023-10-28T16:44:41.209020743) (2023-10-28T16:44:41.209029075) [Msg] Loading SDF world file[/home/bassam/PX4-Autopilot/Tools/simulation/gz/worlds/default.sdf].
(2023-10-28T16:44:41.303605391) (2023-10-28T16:44:41.303613963) [Msg] Serving entity system service on [/entity/system/add]
(2023-10-28T16:44:41.404136161) (2023-10-28T16:44:41.404149263) [Dbg] [Physics.cc:880] Loaded [gz::physics::dartsim::Plugin] from library [/usr/lib/x86_64-linux-gnu/gz-physics-6/engine-plugins/libgz-physics-dartsim-plugin.so]
(2023-10-28T16:44:41.404210816) (2023-10-28T16:44:41.404218502) [Dbg] [SystemManager.cc:74] Loaded system [gz::sim::systems::Physics] for entity [1]
(2023-10-28T16:44:41.506544320) (2023-10-28T16:44:41.506559923) [Msg] Create service on [/world/default/create]
(2023-10-28T16:44:41.506714024) (2023-10-28T16:44:41.506723468) [Msg] Remove service on [/world/default/remove]
(2023-10-28T16:44:41.506852839) (2023-10-28T16:44:41.506862118) [Msg] Pose service on [/world/default/set_pose]
(2023-10-28T16:44:41.506973630) (2023-10-28T16:44:41.506983203) [Msg] Pose service on [/world/default/set_pose_vector]
(2023-10-28T16:44:41.507163324) (2023-10-28T16:44:41.507173190) [Msg] Light configuration service on [/world/default/light_config]
(2023-10-28T16:44:41.507374032) (2023-10-28T16:44:41.507380737) [Msg] Physics service on [/world/default/set_physics]
(2023-10-28T16:44:41.507505076) (2023-10-28T16:44:41.507511143) [Msg] SphericalCoordinates service on [/world/default/set_spherical_coordinates]
(2023-10-28T16:44:41.507560864) (2023-10-28T16:44:41.507566597) [Msg] Enable collision service on [/world/default/enable_collision]
(2023-10-28T16:44:41.507611488) (2023-10-28T16:44:41.507616995) [Msg] Disable collision service on [/world/default/disable_collision]
(2023-10-28T16:44:41.507736499) (2023-10-28T16:44:41.507742442) [Msg] Material service on [/world/default/visual_config]
(2023-10-28T16:44:41.507822431) (2023-10-28T16:44:41.507828316) [Msg] Material service on [/world/default/wheel_slip]
(2023-10-28T16:44:41.507853742) (2023-10-28T16:44:41.507858351) [Dbg] [SystemManager.cc:74] Loaded system [gz::sim::systems::UserCommands] for entity [1]
(2023-10-28T16:44:41.508933899) (2023-10-28T16:44:41.508941125) [Dbg] [SystemManager.cc:74] Loaded system [gz::sim::systems::SceneBroadcaster] for entity [1]
(2023-10-28T16:44:41.509625658) (2023-10-28T16:44:41.509632542) [Dbg] [SystemManager.cc:74] Loaded system [gz::sim::systems::Contact] for entity [1]
(2023-10-28T16:44:41.510669595) (2023-10-28T16:44:41.510677723) [Dbg] [SystemManager.cc:74] Loaded system [gz::sim::systems::Imu] for entity [1]
(2023-10-28T16:44:41.511760471) (2023-10-28T16:44:41.511770654) [Dbg] [SystemManager.cc:74] Loaded system [gz::sim::systems::AirPressure] for entity [1]
(2023-10-28T16:44:41.512613179) (2023-10-28T16:44:41.512620991) [Msg] Listening to instantaneous wrench commands in [/world/default/wrench]
(2023-10-28T16:44:41.512674963) (2023-10-28T16:44:41.512680970) [Msg] Listening to persistent wrench commands in [/world/default/wrench/persistent]
(2023-10-28T16:44:41.512720884) (2023-10-28T16:44:41.512726277) [Msg] Listening to wrench clear commands in [/world/default/wrench/clear]
(2023-10-28T16:44:41.512743911) (2023-10-28T16:44:41.512748348) [Dbg] [SystemManager.cc:74] Loaded system [gz::sim::systems::ApplyLinkWrench] for entity [1]
(2023-10-28T16:44:41.518025761) (2023-10-28T16:44:41.518039930) [Dbg] [Sensors.cc:506] Configuring Sensors system
(2023-10-28T16:44:41.518145118) (2023-10-28T16:44:41.518155132) [Dbg] [Sensors.cc:425] SensorsPrivate::Run
(2023-10-28T16:44:41.518245213) (2023-10-28T16:44:41.518253926) [Dbg] [SystemManager.cc:74] Loaded system [gz::sim::systems::Sensors] for entity [1]
2023-10-28T16:44:41.518272590) (2023-10-28T16:44:41.518300446) [Dbg] [Sensors.cc:402] SensorsPrivate::RenderThread started
(2023-10-28T16:44:41.518319260) (2023-10-28T16:44:41.518323830) [Dbg] [Sensors.cc:245] Waiting for init
(2023-10-28T16:44:41.521036128) (2023-10-28T16:44:41.521046324) [Wrn] [SystemLoader.cc:79] Trying to load deprecated plugin [ignition-gazebo-ackermann-steering-system]. Using [gz-sim-ackermann-steering-system] instead.
(2023-10-28T16:44:41.522190585) (2023-10-28T16:44:41.522199548) [Msg] AckermannSteering subscribing to twist messages on [/cmd_vel]
(2023-10-28T16:44:41.522385375) (2023-10-28T16:44:41.522392184) [Dbg] [SystemManager.cc:74] Loaded system [ignition::gazebo::systems::AckermannSteering] for entity [11]
(2023-10-28T16:44:41.522508793) (2023-10-28T16:44:41.522514461) [Msg] Loaded level [3]
(2023-10-28T16:44:41.523937614) (2023-10-28T16:44:41.523945577) [Msg] Serving world controls on [/world/default/control], [/world/default/control/state] and [/world/default/playback/control]
(2023-10-28T16:44:41.524102550) (2023-10-28T16:44:41.524108956) [Msg] Serving GUI information on [/world/default/gui/info]
(2023-10-28T16:44:41.524126249) (2023-10-28T16:44:41.524130706) [Msg] World [default] initialized with [default_physics] physics profile.
(2023-10-28T16:44:41.524243975) (2023-10-28T16:44:41.524249974) [Msg] Serving world SDF generation service on [/world/default/generate_world_sdf]
(2023-10-28T16:44:41.524331884) (2023-10-28T16:44:41.524338238) [Msg] Serving world names on [/gazebo/worlds]
(2023-10-28T16:44:41.524388305) (2023-10-28T16:44:41.524393894) [Msg] Resource path add service on [/gazebo/resource_paths/add].
(2023-10-28T16:44:41.524447229) (2023-10-28T16:44:41.524453343) [Msg] Resource path get service on [/gazebo/resource_paths/get].
(2023-10-28T16:44:41.524500725) (2023-10-28T16:44:41.524506206) [Msg] Resource path resolve service on [/gazebo/resource_paths/resolve].
(2023-10-28T16:44:41.524573562) (2023-10-28T16:44:41.524582128) [Msg] Resource paths published on [/gazebo/resource_paths].
(2023-10-28T16:44:41.524689869) (2023-10-28T16:44:41.524699050) [Msg] Server control service on [/server_control].
(2023-10-28T16:44:43.208000677) (2023-10-28T16:44:43.208011738) [Msg] Found no publishers on /stats, adding root stats topic
(2023-10-28T16:44:43.208162730) (2023-10-28T16:44:43.208172160) [Msg] Found no publishers on /clock, adding root clock topic
(2023-10-28T16:44:43.208389251) (2023-10-28T16:44:43.208396425) [Dbg] [SimulationRunner.cc:503] Creating PostUpdate worker threads: 7
(2023-10-28T16:44:43.208420820) (2023-10-28T16:44:43.208428535) [Dbg] [SimulationRunner.cc:514] Creating postupdate worker thread (0)
(2023-10-28T16:44:43.208506241) (2023-10-28T16:44:43.208512246) [Dbg] [SimulationRunner.cc:514] Creating postupdate worker thread (1)
(2023-10-28T16:44:43.208554235) (2023-10-28T16:44:43.208559047) [Dbg] [SimulationRunner.cc:514] Creating postupdate worker thread (2)
(2023-10-28T16:44:43.208596219) (2023-10-28T16:44:43.208601233) [Dbg] [SimulationRunner.cc:514] Creating postupdate worker thread (3)
(2023-10-28T16:44:43.208640011) (2023-10-28T16:44:43.208645179) [Dbg] [SimulationRunner.cc:514] Creating postupdate worker thread (4)
(2023-10-28T16:44:43.208678921) (2023-10-28T16:44:43.208683989) [Dbg] [SimulationRunner.cc:514] Creating postupdate worker thread (5)
(2023-10-28T16:44:43.364208380) (2023-10-28T16:44:43.364219617) [Wrn] [MulticopterMotorModel.cc:257] No robotNamespace set using entity name.
(2023-10-28T16:44:43.364244105) (2023-10-28T16:44:43.364249140) [Wrn] [MulticopterMotorModel.cc:295] <motorNumber> is depricated, please use <actuator_number>.
(2023-10-28T16:44:43.364306792) (2023-10-28T16:44:43.364312098) [Dbg] [MulticopterMotorModel.cc:386] Listening to topic: x500_depth_0/command/motor_speed
(2023-10-28T16:44:43.364529327) (2023-10-28T16:44:43.364535854) [Dbg] [SystemManager.cc:74] Loaded system [gz::sim::systems::MulticopterMotorModel] for entity [59]
(2023-10-28T16:44:43.364741096) (2023-10-28T16:44:43.364747566) [Wrn] [MulticopterMotorModel.cc:257] No robotNamespace set using entity name.
(2023-10-28T16:44:43.364760839) (2023-10-28T16:44:43.364765667) [Wrn] [MulticopterMotorModel.cc:295] <motorNumber> is depricated, please use <actuator_number>.
(2023-10-28T16:44:43.364796068) (2023-10-28T16:44:43.364801173) [Dbg] [MulticopterMotorModel.cc:386] Listening to topic: x500_depth_0/command/motor_speed
(2023-10-28T16:44:43.364921767) (2023-10-28T16:44:43.364928152) [Dbg] [SystemManager.cc:74] Loaded system [gz::sim::systems::MulticopterMotorModel] for entity [59]
(2023-10-28T16:44:43.365113788) (2023-10-28T16:44:43.365119939) [Wrn] [MulticopterMotorModel.cc:257] No robotNamespace set using entity name.
(2023-10-28T16:44:43.365132884) (2023-10-28T16:44:43.365150828) [Wrn] [MulticopterMotorModel.cc:295] <motorNumber> is depricated, please use <actuator_number>.
(2023-10-28T16:44:43.365181560) (2023-10-28T16:44:43.365186660) [Dbg] [MulticopterMotorModel.cc:386] Listening to topic: x500_depth_0/command/motor_speed
(2023-10-28T16:44:43.365311183) (2023-10-28T16:44:43.365317553) [Dbg] [SystemManager.cc:74] Loaded system [gz::sim::systems::MulticopterMotorModel] for entity [59]
(2023-10-28T16:44:43.365520940) (2023-10-28T16:44:43.365527745) [Wrn] [MulticopterMotorModel.cc:257] No robotNamespace set using entity name.
(2023-10-28T16:44:43.365541078) (2023-10-28T16:44:43.365545816) [Wrn] [MulticopterMotorModel.cc:295] <motorNumber> is depricated, please use <actuator_number>.
(2023-10-28T16:44:43.365576341) (2023-10-28T16:44:43.365581682) [Dbg] [MulticopterMotorModel.cc:386] Listening to topic: x500_depth_0/command/motor_speed
(2023-10-28T16:44:43.365719480) (2023-10-28T16:44:43.365726024) [Dbg] [SystemManager.cc:74] Loaded system [gz::sim::systems::MulticopterMotorModel] for entity [59]
(2023-10-28T16:44:43.365949632) (2023-10-28T16:44:43.365955781) [Dbg] [UserCommands.cc:1263] Created entity [59] named [x500_depth_0]
(2023-10-28T16:44:43.377395367) (2023-10-28T16:44:43.377407250) [Dbg] [SimulationFeatures.cc:72] Simulation timestep set to: 0.004
(2023-10-28T16:44:43.381478055) (2023-10-28T16:44:43.381494042) [Dbg] [Sensors.cc:659] Initialization needed
(2023-10-28T16:44:43.381529351) (2023-10-28T16:44:43.381536560) [Dbg] [Sensors.cc:257] Initializing render context
(2023-10-28T16:44:43.381620848) (2023-10-28T16:44:43.381626541) [Msg] Loading plugin [gz-rendering-ogre2]
(2023-10-28T16:44:43.381889953) (2023-10-28T16:44:43.381898672) [Dbg] [AirPressureSensor.cc:126] Air pressure for [x500_depth_0::base_link::air_pressure_sensor] advertised on [world/default/model/x500_depth_0/link/base_link/sensor/air_pressure_sensor/air_pressure]
2023-10-28T16:44:43.381939310) (2023-10-28T16:44:43.381954773) [Dbg] [ImuSensor.cc:149] IMU data for [x500_depth_0::base_link::imu_sensor] advertised on [world/default/model/x500_depth_0/link/base_link/sensor/imu_sensor/imu]
(2023-10-28T16:44:43.382455609) (2023-10-28T16:44:43.382466519) [Msg] Serving scene information on [/world/default/scene/info]
(2023-10-28T16:44:43.382541377) (2023-10-28T16:44:43.382550563) [Msg] Serving graph information on [/world/default/scene/graph]
(2023-10-28T16:44:43.382684764) (2023-10-28T16:44:43.382693930) [Msg] Serving full state on [/world/default/state]
(2023-10-28T16:44:43.382770536) (2023-10-28T16:44:43.382779804) [Msg] Serving full state (async) on [/world/default/state_async]
(2023-10-28T16:44:43.382856917) (2023-10-28T16:44:43.382866126) [Msg] Publishing scene information on [/world/default/scene/info]
(2023-10-28T16:44:43.382986097) (2023-10-28T16:44:43.382994220) [Msg] Publishing entity deletions on [/world/default/scene/deletion]
(2023-10-28T16:44:43.383064482) (2023-10-28T16:44:43.383079368) [Msg] Publishing state changes on [/world/default/state]
(2023-10-28T16:44:43.383167890) (2023-10-28T16:44:43.383176720) [Msg] Publishing pose messages on [/world/default/pose/info]
(2023-10-28T16:44:43.383298584) (2023-10-28T16:44:43.383306690) [Msg] Publishing dynamic pose messages on [/world/default/dynamic_pose/info]
(2023-10-28T16:44:43.384033581) (2023-10-28T16:44:43.384041775) [Dbg] [EntityComponentManager.cc:1655] Updated state thread iterators: 8 threads processing around 13 entities each.
((2023-10-28T16:44:43.3937542022023-10-28T16:44:43.393742657) () 2023-10-28T16:44:43.393776940() [Wrn] [Component.hh:144] Trying to serialize component with data type [N3sdf3v135WorldE2023-10-28T16:44:43.3937929312023-10-28T16:44:43.393792931) ], which doesn't have `operator<<`. Component will not be serialized.Skipping serialization / deserialization for models with //pose/@relative_to attribute.
(((((2023-10-28T16:44:43.395837994) ) ) (2023-10-28T16:44:43.3958373662023-10-28T16:44:43.395875027) 2023-10-28T16:44:43.395891295() [Dbg] [SimulationRunner.cc:530] Exiting postupdate worker thread (2)
2023-10-28T16:44:43.395933637) (2023-10-28T16:44:43.395950152) [Dbg] [SimulationRunner.cc:530] ) ) Exiting postupdate worker thread (42023-10-28T16:44:43.395875688) ) ((2023-10-28T16:44:43.396021119) ) 
Exiting postupdate worker thread (3)
[Dbg] [SimulationRunner.cc:530] Exiting postupdate worker thread (0)
1)Exiting postupdate worker thread (5)
(2023-10-28T16:44:43.396237824) (2023-10-28T16:44:43.396248057) [Dbg] [SimulationRunner.cc:503] Creating PostUpdate worker threads: 7
(2023-10-28T16:44:43.396276280) (2023-10-28T16:44:43.396284323) [Dbg] [SimulationRunner.cc:514] Creating postupdate worker thread (0)
(2023-10-28T16:44:43.396846539) (2023-10-28T16:44:43.396856847) [Dbg] [SimulationRunner.cc:514] Creating postupdate worker thread (1)
(2023-10-28T16:44:43.396894706) (2023-10-28T16:44:43.396902988) [Dbg] [SimulationRunner.cc:514] Creating postupdate worker thread (2)
(2023-10-28T16:44:43.396948173) (2023-10-28T16:44:43.396956190) [Dbg] [SimulationRunner.cc:514] Creating postupdate worker thread (3)
(2023-10-28T16:44:43.396991895) (2023-10-28T16:44:43.396999611) [Dbg] [SimulationRunner.cc:514] Creating postupdate worker thread (4)
(2023-10-28T16:44:43.397062775) (2023-10-28T16:44:43.397071614) [Dbg] [SimulationRunner.cc:514] Creating postupdate worker thread (5)
(2023-10-28T16:44:43.630622381) (2023-10-28T16:44:43.630629091) [Dbg] [RenderUtil.cc:2720] Create scene [scene]
((2023-10-28T16:44:43.671842456) (2023-10-28T16:44:43.671865263) 2023-10-28T16:44:43.671856760) ([Dbg] [Sensors.cc:277] 2023-10-28T16:44:43.671879496) [Dbg] [Sensors.cc:659] Initialization needed

(2023-10-28T16:44:43.675320164) (2023-10-28T16:44:43.675330898) [Wrn] [FuelClient.cc:1952] The fuel.ignitionrobotics.org URL is deprecrated. Pleasse change https://fuel.ignitionrobotics.org/1.0/openrobotics/models/prius hybrid/2/files/meshes/Hybrid.obj to https://fuel.gazebosim.org/1.0/openrobotics/models/prius hybrid/2/files/meshes/Hybrid.obj
(2023-10-28T16:44:43.675417110) (2023-10-28T16:44:43.675424720) [Wrn] [FuelClient.cc:1952] The fuel.ignitionrobotics.org URL is deprecrated. Pleasse change https://fuel.ignitionrobotics.org/1.0/openrobotics/models/prius hybrid/2/files/meshes/Hybrid.obj to https://fuel.gazebosim.org/1.0/openrobotics/models/prius hybrid/2/files/meshes/Hybrid.obj
(2023-10-28T16:44:43.678751796) (2023-10-28T16:44:43.678767189) [Wrn] [OBJLoader.cc:91] Both `d` and `Tr` parameters defined for "Hybrid". Use the value of `d` for dissolve (line 8 in .mtl.)
Both `d` and `Tr` parameters defined for "Wheels3". Use the value of `d` for dissolve (line 22 in .mtl.)
Both `d` and `Tr` parameters defined for "Hybrid_Interior". Use the value of `d` for dissolve (line 36 in .mtl.)
Both `d` and `Tr` parameters defined for "Windows". Use the value of `d` for dissolve (line 50 in .mtl.)

(2023-10-28T16:44:43.748241864) (2023-10-28T16:44:43.748249981) [Err] [SceneManager.cc:887] PBR material: currently only metal workflow is supported. Gazebo will try to render the material using metal workflow but without Roughness / Metalness settings.
(2023-10-28T16:44:45.268552763) (2023-10-28T16:44:45.268562504) [Dbg] [CameraSensor.cc:458] Camera images for [prius_hybrid::chassis::back_camera_sensor] advertised on [back_camera]
(2023-10-28T16:44:45.268685065) (2023-10-28T16:44:45.268691955) [Dbg] [CameraSensor.cc:786] Camera info for [prius_hybrid::chassis::back_camera_sensor] advertised on [/camera_info]
(2023-10-28T16:44:45.268809892) (2023-10-28T16:44:45.268816049) [Wrn] [Ogre2Camera.cc:412] Ogre2Camera::SetVisibilityMask: Mask bits c0000000 are set but will be ignored as they conflict with the reserved bits used internally by the ogre2 backend.
(2023-10-28T16:44:45.269079845) (2023-10-28T16:44:45.269087030) [Dbg] [CameraSensor.cc:458] Camera images for [prius_hybrid::chassis::front_camera_sensor] advertised on [front_camera]
(2023-10-28T16:44:45.269148429) (2023-10-28T16:44:45.269154631) [Dbg] [CameraSensor.cc:786] Camera info for [prius_hybrid::chassis::front_camera_sensor] advertised on [/camera_info]
(2023-10-28T16:44:45.269193465) (2023-10-28T16:44:45.269198999) [Wrn] [Ogre2Camera.cc:412] Ogre2Camera::SetVisibilityMask: Mask bits c0000000 are set but will be ignored as they conflict with the reserved bits used internally by the ogre2 backend.
(2023-10-28T16:44:45.269358886) (2023-10-28T16:44:45.269365907) [Dbg] [CameraSensor.cc:458] Camera images for [prius_hybrid::chassis::left_camera_sensor] advertised on [left_camera]
(2023-10-28T16:44:45.269417310) (2023-10-28T16:44:45.269423270) [Dbg] [CameraSensor.cc:786] Camera info for [prius_hybrid::chassis::left_camera_sensor] advertised on [/camera_info]
(2023-10-28T16:44:45.269459228) (2023-10-28T16:44:45.269464795) [Wrn] [Ogre2Camera.cc:412] Ogre2Camera::SetVisibilityMask: Mask bits c0000000 are set but will be ignored as they conflict with the reserved bits used internally by the ogre2 backend.
(2023-10-28T16:44:45.269610496) (2023-10-28T16:44:45.269617385) [Dbg] [CameraSensor.cc:458] Camera images for [prius_hybrid::chassis::right_camera_sensor] advertised on [right_camera]
(2023-10-28T16:44:45.269666164) (2023-10-28T16:44:45.269672039) [Dbg] [CameraSensor.cc:786] Camera info for [prius_hybrid::chassis::right_camera_sensor] advertised on [/camera_info]
(2023-10-28T16:44:45.269706285) (2023-10-28T16:44:45.269711583) [Wrn] [Ogre2Camera.cc:412] Ogre2Camera::SetVisibilityMask: Mask bits c0000000 are set but will be ignored as they conflict with the reserved bits used internally by the ogre2 backend.
(2023-10-28T16:44:45.269856568) (2023-10-28T16:44:45.269863418) [Dbg] [CameraSensor.cc:458] Camera images for [x500_depth_0::OakD-Lite/base_link::IMX214] advertised on [camera]
(2023-10-28T16:44:45.269916370) (2023-10-28T16:44:45.269922162) [Dbg] [CameraSensor.cc:786] Camera info for [x500_depth_0::OakD-Lite/base_link::IMX214] advertised on [/camera_info]
(2023-10-28T16:44:45.269959451) (2023-10-28T16:44:45.269964771) [Wrn] [Ogre2Camera.cc:412] Ogre2Camera::SetVisibilityMask: Mask bits c0000000 are set but will be ignored as they conflict with the reserved bits used internally by the ogre2 backend.
(2023-10-28T16:44:45.270154275) (2023-10-28T16:44:45.270161375) [Dbg] [DepthCameraSensor.cc:282] Depth images for [x500_depth_0::OakD-Lite/base_link::StereoOV7251] advertised on [depth_camera]
(2023-10-28T16:44:45.270221407) (2023-10-28T16:44:45.270227605) [Dbg] [CameraSensor.cc:786] Camera info for [x500_depth_0::OakD-Lite/base_link::StereoOV7251] advertised on [/camera_info]
(2023-10-28T16:44:45.270340537) (2023-10-28T16:44:45.270347012) [Dbg] [DepthCameraSensor.cc:299] Points for [x500_depth_0::OakD-Lite/base_link::StereoOV7251] advertised on [depth_camera/points]
(2023-10-28T16:45:04.262692524) (2023-10-28T16:45:04.262711457) [Dbg] [SignalHandler.cc:142] Received signal[2].
(2023-10-28T16:45:04.262737423) (2023-10-28T16:45:04.262745016) [Dbg] [ServerPrivate.cc:115] Server received signal[2]
(2023-10-28T16:45:04.262772503) (2023-10-28T16:45:04.262777849) [Dbg] [Sensors.cc:433] SensorsPrivate::Stop
(2023-10-28T16:45:04.305367831) (2023-10-28T16:45:04.305380881) [Dbg] [Sensors.cc:419] SensorsPrivate::RenderThread stopped
(2023-10-28T16:45:04.312073019) (2023-10-28T16:45:04.312085653) [Dbg] [gz.cc:417] Shutting down gz-sim-server
((2023-10-28T16:45:04.315885993) (2023-10-28T16:45:04.315903404) 2023-10-28T16:45:04.315665993[Dbg] [SimulationRunner.cc:530] ) (2023-10-28T16:45:04.315925262) (2023-10-28T16:45:04.315955483) (2023-10-28T16:45:04.315966966) (2023-10-28T16:45:04.315996853) ((2023-10-28T16:45:04.316011721) ) 2023-10-28T16:45:04.316039025) (2023-10-28T16:45:04.316056578) Exiting postupdate worker thread (3)
[Dbg] [SimulationRunner.cc:530] Exiting postupdate worker thread (52023-10-28T16:45:04.316122297) (2023-10-28T16:45:04.3161612142023-10-28T16:45:04.316161214)
) [Dbg] [SimulationRunner.cc:530] Exiting postupdate worker thread (1)
[Dbg] [SimulationRunner.cc:530] Exiting postupdate worker thread ([Dbg] [SimulationRunner.cc:530] 2)

Exiting postupdate worker thread (0)
Exiting postupdate worker thread (4)
(2023-10-28T16:45:04.350080723) (2023-10-28T16:45:04.350096897) [Dbg] [Sensors.cc:433] SensorsPrivate::Stop
