(2023-10-16T20:40:44.386170476) (2023-10-16T20:40:44.386180245) [Msg] Gazebo Sim Server v7.6.0
(2023-10-16T20:40:44.390703230) (2023-10-16T20:40:44.390711655) [Msg] Loading SDF world file[/usr/share/gz/gz-sim7/worlds/shapes.sdf].
(2023-10-16T20:40:44.476789577) (2023-10-16T20:40:44.476801872) [Msg] Serving entity system service on [/entity/system/add]
(2023-10-16T20:40:44.477721298) (2023-10-16T20:40:44.477728869) [Msg] Loaded level [3]
(2023-10-16T20:40:44.477915024) (2023-10-16T20:40:44.477921324) [Msg] No systems loaded from SDF, loading defaults
(2023-10-16T20:40:44.478286884) (2023-10-16T20:40:44.478293425) [Dbg] [ServerConfig.cc:1062] Loaded (3) plugins from file [/home/bassam/.gz/sim/7/server.config]
(2023-10-16T20:40:44.643769396) (2023-10-16T20:40:44.643784869) [Dbg] [Physics.cc:880] Loaded [gz::physics::dartsim::Plugin] from library [/usr/lib/x86_64-linux-gnu/gz-physics-6/engine-plugins/libgz-physics-dartsim-plugin.so]
(2023-10-16T20:40:44.643942635) (2023-10-16T20:40:44.643951803) [Dbg] [SystemManager.cc:74] Loaded system [gz::sim::systems::Physics] for entity [1]
(2023-10-16T20:40:44.647070428) (2023-10-16T20:40:44.647081475) [Msg] Create service on [/world/shapes/create]
(2023-10-16T20:40:44.647394114) (2023-10-16T20:40:44.647403317) [Msg] Remove service on [/world/shapes/remove]
(2023-10-16T20:40:44.647663920) (2023-10-16T20:40:44.647673021) [Msg] Pose service on [/world/shapes/set_pose]
(2023-10-16T20:40:44.647911067) (2023-10-16T20:40:44.647920419) [Msg] Pose service on [/world/shapes/set_pose_vector]
(2023-10-16T20:40:44.648224653) (2023-10-16T20:40:44.648248067) [Msg] Light configuration service on [/world/shapes/light_config]
(2023-10-16T20:40:44.648691993) (2023-10-16T20:40:44.648701749) [Msg] Physics service on [/world/shapes/set_physics]
(2023-10-16T20:40:44.649008456) (2023-10-16T20:40:44.649017911) [Msg] SphericalCoordinates service on [/world/shapes/set_spherical_coordinates]
(2023-10-16T20:40:44.649233435) (2023-10-16T20:40:44.649242720) [Msg] Enable collision service on [/world/shapes/enable_collision]
(2023-10-16T20:40:44.649472321) (2023-10-16T20:40:44.649481430) [Msg] Disable collision service on [/world/shapes/disable_collision]
(2023-10-16T20:40:44.649834270) (2023-10-16T20:40:44.649843974) [Msg] Material service on [/world/shapes/visual_config]
(2023-10-16T20:40:44.650111363) (2023-10-16T20:40:44.650120953) [Msg] Material service on [/world/shapes/wheel_slip]
(2023-10-16T20:40:44.650201468) (2023-10-16T20:40:44.650209608) [Dbg] [SystemManager.cc:74] Loaded system [gz::sim::systems::UserCommands] for entity [1]
(2023-10-16T20:40:44.653210434) (2023-10-16T20:40:44.653221173) [Dbg] [SystemManager.cc:74] Loaded system [gz::sim::systems::SceneBroadcaster] for entity [1]
(2023-10-16T20:40:44.653877073) (2023-10-16T20:40:44.653886455) [Msg] Serving world controls on [/world/shapes/control], [/world/shapes/control/state] and [/world/shapes/playback/control]
(2023-10-16T20:40:44.655836098) (2023-10-16T20:40:44.655847725) [Msg] Serving GUI information on [/world/shapes/gui/info]
(2023-10-16T20:40:44.655929674) (2023-10-16T20:40:44.655937965) [Msg] World [shapes] initialized with [default_physics] physics profile.
(2023-10-16T20:40:44.656240347) (2023-10-16T20:40:44.656249759) [Msg] Serving world SDF generation service on [/world/shapes/generate_world_sdf]
(2023-10-16T20:40:44.657323499) (2023-10-16T20:40:44.657339225) [Msg] Serving world names on [/gazebo/worlds]
(2023-10-16T20:40:44.757974034) (2023-10-16T20:40:44.758014626) [Msg] Resource path add service on [/gazebo/resource_paths/add].
(2023-10-16T20:40:44.758227621) (2023-10-16T20:40:44.758246693) [Msg] Resource path get service on [/gazebo/resource_paths/get].
(2023-10-16T20:40:44.758440806) (2023-10-16T20:40:44.758457357) [Msg] Resource path resolve service on [/gazebo/resource_paths/resolve].
(2023-10-16T20:40:44.758669421) (2023-10-16T20:40:44.758690004) [Msg] Resource paths published on [/gazebo/resource_paths].
(2023-10-16T20:40:44.759103600) (2023-10-16T20:40:44.759115850) [Msg] Server control service on [/server_control].
(2023-10-16T20:40:46.389478108) (2023-10-16T20:40:46.389586752) [Msg] Found no publishers on /stats, adding root stats topic
(2023-10-16T20:40:46.390432901) (2023-10-16T20:40:46.390482899) [Msg] Found no publishers on /clock, adding root clock topic
(2023-10-16T20:40:46.391117945) (2023-10-16T20:40:46.391163886) [Dbg] [SimulationRunner.cc:503] Creating PostUpdate worker threads: 2
(2023-10-16T20:40:46.391330876) (2023-10-16T20:40:46.391368649) [Dbg] [SimulationRunner.cc:514] Creating postupdate worker thread (0)
(2023-10-16T20:40:46.422545051) (2023-10-16T20:40:46.422581563) [Msg] Serving scene information on [/world/shapes/scene/info]
(2023-10-16T20:40:46.423006743) (2023-10-16T20:40:46.423034095) [Msg] Serving graph information on [/world/shapes/scene/graph]
(2023-10-16T20:40:46.423612209) (2023-10-16T20:40:46.423638023) [Msg] Serving full state on [/world/shapes/state]
(2023-10-16T20:40:46.423891353) (2023-10-16T20:40:46.423914699) [Msg] Serving full state (async) on [/world/shapes/state_async]
(2023-10-16T20:40:46.424183739) (2023-10-16T20:40:46.424221582) [Msg] Publishing scene information on [/world/shapes/scene/info]
(2023-10-16T20:40:46.424583959) (2023-10-16T20:40:46.424614571) [Msg] Publishing entity deletions on [/world/shapes/scene/deletion]
(2023-10-16T20:40:46.424873429) (2023-10-16T20:40:46.424909534) [Msg] Publishing state changes on [/world/shapes/state]
(2023-10-16T20:40:46.425218507) (2023-10-16T20:40:46.425255856) [Msg] Publishing pose messages on [/world/shapes/pose/info]
(2023-10-16T20:40:46.425555222) (2023-10-16T20:40:46.425588784) [Msg] Publishing dynamic pose messages on [/world/shapes/dynamic_pose/info]
(2023-10-16T20:40:46.426161040) (2023-10-16T20:40:46.426184738) [Dbg] [EntityComponentManager.cc:1655] Updated state thread iterators: 8 threads processing around 4 entities each.
(2023-10-16T20:40:46.427534800) (2023-10-16T20:40:46.427572810) [Wrn] [Model.hh:69] Skipping serialization / deserialization for models with //pose/@relative_to attribute.
(2023-10-16T20:40:46.427766884) (2023-10-16T20:40:46.427857736) [Wrn] [Component.hh:144] Trying to serialize component with data type [N3sdf3v135WorldE], which doesn't have `operator<<`. Component will not be serialized.
(2023-10-16T20:40:57.260164615) (2023-10-16T20:40:57.260222636) [Dbg] [SignalHandler.cc:142] Received signal[2].
(2023-10-16T20:40:57.260421925) (2023-10-16T20:40:57.260459329) [Dbg] [ServerPrivate.cc:115] Server received signal[2]
(2023-10-16T20:40:57.261519239) (2023-10-16T20:40:57.261566234) [Dbg] [gz.cc:417] Shutting down gz-sim-server
(2023-10-16T20:40:57.272020169) (2023-10-16T20:40:57.272057418) [Dbg] [SimulationRunner.cc:530] Exiting postupdate worker thread (0)
