(2023-10-16T20:40:58.545673500) (2023-10-16T20:40:58.545719004) [Msg] Gazebo Sim Server v7.6.0
(2023-10-16T20:40:58.559178442) (2023-10-16T20:40:58.559228366) [Msg] Loading SDF world file[/usr/share/gz/gz-sim7/worlds/shapes.sdf].
(2023-10-16T20:40:58.682369514) (2023-10-16T20:40:58.682386919) [Msg] Serving entity system service on [/entity/system/add]
(2023-10-16T20:40:58.683111163) (2023-10-16T20:40:58.683118384) [Msg] Loaded level [3]
(2023-10-16T20:40:58.683280857) (2023-10-16T20:40:58.683286762) [Msg] No systems loaded from SDF, loading defaults
(2023-10-16T20:40:58.683434156) (2023-10-16T20:40:58.683440155) [Dbg] [ServerConfig.cc:1062] Loaded (3) plugins from file [/home/bassam/.gz/sim/7/server.config]
(2023-10-16T20:40:58.794849501) (2023-10-16T20:40:58.794865668) [Dbg] [Physics.cc:880] Loaded [gz::physics::dartsim::Plugin] from library [/usr/lib/x86_64-linux-gnu/gz-physics-6/engine-plugins/libgz-physics-dartsim-plugin.so]
(2023-10-16T20:40:58.794926821) (2023-10-16T20:40:58.794934558) [Dbg] [SystemManager.cc:74] Loaded system [gz::sim::systems::Physics] for entity [1]
(2023-10-16T20:40:58.882591260) (2023-10-16T20:40:58.882599852) [Msg] Create service on [/world/shapes/create]
(2023-10-16T20:40:58.882698553) (2023-10-16T20:40:58.882704144) [Msg] Remove service on [/world/shapes/remove]
(2023-10-16T20:40:58.882792229) (2023-10-16T20:40:58.882797907) [Msg] Pose service on [/world/shapes/set_pose]
(2023-10-16T20:40:58.882866666) (2023-10-16T20:40:58.882872060) [Msg] Pose service on [/world/shapes/set_pose_vector]
(2023-10-16T20:40:58.882986467) (2023-10-16T20:40:58.882991824) [Msg] Light configuration service on [/world/shapes/light_config]
(2023-10-16T20:40:58.883214764) (2023-10-16T20:40:58.883223742) [Msg] Physics service on [/world/shapes/set_physics]
(2023-10-16T20:40:58.883345207) (2023-10-16T20:40:58.883354013) [Msg] SphericalCoordinates service on [/world/shapes/set_spherical_coordinates]
(2023-10-16T20:40:58.883412348) (2023-10-16T20:40:58.883420954) [Msg] Enable collision service on [/world/shapes/enable_collision]
(2023-10-16T20:40:58.883476573) (2023-10-16T20:40:58.883484942) [Msg] Disable collision service on [/world/shapes/disable_collision]
(2023-10-16T20:40:58.883622046) (2023-10-16T20:40:58.883630881) [Msg] Material service on [/world/shapes/visual_config]
(2023-10-16T20:40:58.883726801) (2023-10-16T20:40:58.883735664) [Msg] Material service on [/world/shapes/wheel_slip]
(2023-10-16T20:40:58.883763567) (2023-10-16T20:40:58.883767626) [Dbg] [SystemManager.cc:74] Loaded system [gz::sim::systems::UserCommands] for entity [1]
(2023-10-16T20:40:58.884950445) (2023-10-16T20:40:58.884960719) [Dbg] [SystemManager.cc:74] Loaded system [gz::sim::systems::SceneBroadcaster] for entity [1]
(2023-10-16T20:40:58.885334832) (2023-10-16T20:40:58.885341578) [Msg] Serving world controls on [/world/shapes/control], [/world/shapes/control/state] and [/world/shapes/playback/control]
(2023-10-16T20:40:58.885428219) (2023-10-16T20:40:58.885433959) [Msg] Serving GUI information on [/world/shapes/gui/info]
(2023-10-16T20:40:58.885449832) (2023-10-16T20:40:58.885453972) [Msg] World [shapes] initialized with [default_physics] physics profile.
(2023-10-16T20:40:58.885567610) (2023-10-16T20:40:58.885573413) [Msg] Serving world SDF generation service on [/world/shapes/generate_world_sdf]
(2023-10-16T20:40:58.885653625) (2023-10-16T20:40:58.885659448) [Msg] Serving world names on [/gazebo/worlds]
(2023-10-16T20:40:58.885707468) (2023-10-16T20:40:58.885712749) [Msg] Resource path add service on [/gazebo/resource_paths/add].
(2023-10-16T20:40:58.885761389) (2023-10-16T20:40:58.885766453) [Msg] Resource path get service on [/gazebo/resource_paths/get].
(2023-10-16T20:40:58.885811566) (2023-10-16T20:40:58.885816610) [Msg] Resource path resolve service on [/gazebo/resource_paths/resolve].
(2023-10-16T20:40:58.885882199) (2023-10-16T20:40:58.885889776) [Msg] Resource paths published on [/gazebo/resource_paths].
(2023-10-16T20:40:58.885971098) (2023-10-16T20:40:58.885976762) [Msg] Server control service on [/server_control].
(2023-10-16T20:40:58.886142155) (2023-10-16T20:40:58.886156006) [Msg] Found no publishers on /stats, adding root stats topic
(2023-10-16T20:40:58.886268571) (2023-10-16T20:40:58.886274840) [Msg] Found no publishers on /clock, adding root clock topic
(2023-10-16T20:40:58.886355378) (2023-10-16T20:40:58.886360919) [Dbg] [SimulationRunner.cc:503] Creating PostUpdate worker threads: 2
(2023-10-16T20:40:58.886377147) (2023-10-16T20:40:58.886381353) [Dbg] [SimulationRunner.cc:514] Creating postupdate worker thread (0)
(2023-10-16T20:40:58.890838557) (2023-10-16T20:40:58.890852005) [Msg] Serving scene information on [/world/shapes/scene/info]
(2023-10-16T20:40:58.890918195) (2023-10-16T20:40:58.890926558) [Msg] Serving graph information on [/world/shapes/scene/graph]
(2023-10-16T20:40:58.891044958) (2023-10-16T20:40:58.891053922) [Msg] Serving full state on [/world/shapes/state]
(2023-10-16T20:40:58.891115289) (2023-10-16T20:40:58.891123624) [Msg] Serving full state (async) on [/world/shapes/state_async]
(2023-10-16T20:40:58.891184579) (2023-10-16T20:40:58.891189963) [Msg] Publishing scene information on [/world/shapes/scene/info]
(2023-10-16T20:40:58.891250719) (2023-10-16T20:40:58.891256122) [Msg] Publishing entity deletions on [/world/shapes/scene/deletion]
(2023-10-16T20:40:58.891307532) (2023-10-16T20:40:58.891312502) [Msg] Publishing state changes on [/world/shapes/state]
(2023-10-16T20:40:58.891357216) (2023-10-16T20:40:58.891362186) [Msg] Publishing pose messages on [/world/shapes/pose/info]
(2023-10-16T20:40:58.891408161) (2023-10-16T20:40:58.891413046) [Msg] Publishing dynamic pose messages on [/world/shapes/dynamic_pose/info]
(2023-10-16T20:40:59.224372584) (2023-10-16T20:40:59.224402517) [Dbg] [EntityComponentManager.cc:1655] Updated state thread iterators: 8 threads processing around 4 entities each.
(2023-10-16T20:40:59.225538792) (2023-10-16T20:40:59.225558568) [Wrn] [Model.hh:69] Skipping serialization / deserialization for models with //pose/@relative_to attribute.
(2023-10-16T20:40:59.225816670) (2023-10-16T20:40:59.225835507) [Wrn] [Component.hh:144] Trying to serialize component with data type [N3sdf3v135WorldE], which doesn't have `operator<<`. Component will not be serialized.
(2023-10-16T20:50:15.963053734) (2023-10-16T20:50:15.963084916) [Dbg] [SignalHandler.cc:142] Received signal[2].
(2023-10-16T20:50:15.963159387) (2023-10-16T20:50:15.963169840) [Dbg] [ServerPrivate.cc:115] Server received signal[2]
(2023-10-16T20:50:15.964435346) (2023-10-16T20:50:15.964453679) [Dbg] [gz.cc:417] Shutting down gz-sim-server
(2023-10-16T20:50:15.974654789) (2023-10-16T20:50:15.974669210) [Dbg] [SimulationRunner.cc:530] Exiting postupdate worker thread (0)
