(2023-11-01T15:56:27.174502733) (2023-11-01T15:56:27.174529900) [Msg] Gazebo Sim Server v7.6.0
(2023-11-01T15:56:27.180381106) (2023-11-01T15:56:27.180399378) [Msg] Loading SDF world file[/home/bassam/PX4-Autopilot/Tools/simulation/gz/worlds/default.sdf].
(2023-11-01T15:56:27.367728771) (2023-11-01T15:56:27.367752073) [Msg] Serving entity system service on [/entity/system/add]
(2023-11-01T15:56:27.631071678) (2023-11-01T15:56:27.631096709) [Dbg] [Physics.cc:880] Loaded [gz::physics::dartsim::Plugin] from library [/usr/lib/x86_64-linux-gnu/gz-physics-6/engine-plugins/libgz-physics-dartsim-plugin.so]
(2023-11-01T15:56:27.631214878) (2023-11-01T15:56:27.631230424) [Dbg] [SystemManager.cc:74] Loaded system [gz::sim::systems::Physics] for entity [1]
(2023-11-01T15:56:27.745179396) (2023-11-01T15:56:27.745211645) [Msg] Create service on [/world/default/create]
(2023-11-01T15:56:27.745478600) (2023-11-01T15:56:27.745498041) [Msg] Remove service on [/world/default/remove]
(2023-11-01T15:56:27.745716465) (2023-11-01T15:56:27.745734704) [Msg] Pose service on [/world/default/set_pose]
(2023-11-01T15:56:27.745938975) (2023-11-01T15:56:27.745958173) [Msg] Pose service on [/world/default/set_pose_vector]
(2023-11-01T15:56:27.746280723) (2023-11-01T15:56:27.746299588) [Msg] Light configuration service on [/world/default/light_config]
(2023-11-01T15:56:27.746629078) (2023-11-01T15:56:27.746647460) [Msg] Physics service on [/world/default/set_physics]
(2023-11-01T15:56:27.746855369) (2023-11-01T15:56:27.746872935) [Msg] SphericalCoordinates service on [/world/default/set_spherical_coordinates]
(2023-11-01T15:56:27.746970864) (2023-11-01T15:56:27.746987589) [Msg] Enable collision service on [/world/default/enable_collision]
(2023-11-01T15:56:27.747086445) (2023-11-01T15:56:27.747103460) [Msg] Disable collision service on [/world/default/disable_collision]
(2023-11-01T15:56:27.747331382) (2023-11-01T15:56:27.747349378) [Msg] Material service on [/world/default/visual_config]
(2023-11-01T15:56:27.747513448) (2023-11-01T15:56:27.747529990) [Msg] Material service on [/world/default/wheel_slip]
(2023-11-01T15:56:27.747586112) (2023-11-01T15:56:27.747595404) [Dbg] [SystemManager.cc:74] Loaded system [gz::sim::systems::UserCommands] for entity [1]
(2023-11-01T15:56:27.750018766) (2023-11-01T15:56:27.750036410) [Dbg] [SystemManager.cc:74] Loaded system [gz::sim::systems::SceneBroadcaster] for entity [1]
(2023-11-01T15:56:27.751870432) (2023-11-01T15:56:27.751889737) [Dbg] [SystemManager.cc:74] Loaded system [gz::sim::systems::Contact] for entity [1]
(2023-11-01T15:56:27.754751774) (2023-11-01T15:56:27.754770936) [Dbg] [SystemManager.cc:74] Loaded system [gz::sim::systems::Imu] for entity [1]
(2023-11-01T15:56:27.756636993) (2023-11-01T15:56:27.756652399) [Dbg] [SystemManager.cc:74] Loaded system [gz::sim::systems::AirPressure] for entity [1]
(2023-11-01T15:56:27.758397887) (2023-11-01T15:56:27.758418771) [Msg] Listening to instantaneous wrench commands in [/world/default/wrench]
(2023-11-01T15:56:27.758517102) (2023-11-01T15:56:27.758533086) [Msg] Listening to persistent wrench commands in [/world/default/wrench/persistent]
(2023-11-01T15:56:27.758610108) (2023-11-01T15:56:27.758620616) [Msg] Listening to wrench clear commands in [/world/default/wrench/clear]
(2023-11-01T15:56:27.758664634) (2023-11-01T15:56:27.758673966) [Dbg] [SystemManager.cc:74] Loaded system [gz::sim::systems::ApplyLinkWrench] for entity [1]
(2023-11-01T15:56:27.777284983) (2023-11-01T15:56:27.777313564) [Dbg] [Sensors.cc:506] Configuring Sensors system
(2023-11-01T15:56:27.777537054) (2023-11-01T15:56:27.777557073) [Dbg] [Sensors.cc:425] SensorsPrivate::Run
(2023-11-01T15:56:27.777724944) (2023-11-01T15:56:27.777743819) [Dbg] [SystemManager.cc:74] Loaded system [gz::sim::systems::Sensors] for entity [1]
(2023-11-01T15:56:27.778019383) (2023-11-01T15:56:27.778153667) [Dbg] [Sensors.cc:402] SensorsPrivate::RenderThread started
(2023-11-01T15:56:27.778217892) (2023-11-01T15:56:27.778233839) [Dbg] [Sensors.cc:245] Waiting for init
(2023-11-01T15:56:27.785152073) (2023-11-01T15:56:27.785180591) [Wrn] [SystemLoader.cc:79] Trying to load deprecated plugin [ignition-gazebo-ackermann-steering-system]. Using [gz-sim-ackermann-steering-system] instead.
(2023-11-01T15:56:27.788539578) (2023-11-01T15:56:27.788566172) [Msg] AckermannSteering subscribing to twist messages on [/cmd_vel]
(2023-11-01T15:56:27.789022988) (2023-11-01T15:56:27.789042098) [Dbg] [SystemManager.cc:74] Loaded system [ignition::gazebo::systems::AckermannSteering] for entity [8]
(2023-11-01T15:56:27.789352329) (2023-11-01T15:56:27.789369986) [Msg] Loaded level [3]
(2023-11-01T15:56:27.792937754) (2023-11-01T15:56:27.792958766) [Msg] Serving world controls on [/world/default/control], [/world/default/control/state] and [/world/default/playback/control]
(2023-11-01T15:56:27.793396087) (2023-11-01T15:56:27.793414226) [Msg] Serving GUI information on [/world/default/gui/info]
(2023-11-01T15:56:27.793470847) (2023-11-01T15:56:27.793485275) [Msg] World [default] initialized with [default_physics] physics profile.
(2023-11-01T15:56:27.793772547) (2023-11-01T15:56:27.793791218) [Msg] Serving world SDF generation service on [/world/default/generate_world_sdf]
(2023-11-01T15:56:27.793984253) (2023-11-01T15:56:27.794002031) [Msg] Serving world names on [/gazebo/worlds]
(2023-11-01T15:56:27.794127397) (2023-11-01T15:56:27.794144448) [Msg] Resource path add service on [/gazebo/resource_paths/add].
(2023-11-01T15:56:27.794263024) (2023-11-01T15:56:27.794279198) [Msg] Resource path get service on [/gazebo/resource_paths/get].
(2023-11-01T15:56:27.794440274) (2023-11-01T15:56:27.794456848) [Msg] Resource path resolve service on [/gazebo/resource_paths/resolve].
(2023-11-01T15:56:27.794708172) (2023-11-01T15:56:27.794725941) [Msg] Resource paths published on [/gazebo/resource_paths].
(2023-11-01T15:56:27.895133915) (2023-11-01T15:56:27.895155078) [Msg] Server control service on [/server_control].
(2023-11-01T15:56:29.178118514) (2023-11-01T15:56:29.178149713) [Msg] Found no publishers on /stats, adding root stats topic
(2023-11-01T15:56:29.178461267) (2023-11-01T15:56:29.178480039) [Msg] Found no publishers on /clock, adding root clock topic
(2023-11-01T15:56:29.178899399) (2023-11-01T15:56:29.178920145) [Dbg] [SimulationRunner.cc:503] Creating PostUpdate worker threads: 7
(2023-11-01T15:56:29.178978123) (2023-11-01T15:56:29.178993432) [Dbg] [SimulationRunner.cc:514] Creating postupdate worker thread (0)
(2023-11-01T15:56:29.179147609) (2023-11-01T15:56:29.179165496) [Dbg] [SimulationRunner.cc:514] Creating postupdate worker thread (1)
(2023-11-01T15:56:29.179280686) (2023-11-01T15:56:29.179298209) [Dbg] [SimulationRunner.cc:514] Creating postupdate worker thread (2)
(2023-11-01T15:56:29.179572112) (2023-11-01T15:56:29.179593156) [Dbg] [SimulationRunner.cc:514] Creating postupdate worker thread (3)
(2023-11-01T15:56:29.179707238) (2023-11-01T15:56:29.179723548) [Dbg] [SimulationRunner.cc:514] Creating postupdate worker thread (4)
(2023-11-01T15:56:29.179859916) (2023-11-01T15:56:29.179875513) [Dbg] [SimulationRunner.cc:514] Creating postupdate worker thread (5)
(2023-11-01T15:56:29.502609923) (2023-11-01T15:56:29.502632325) [Wrn] [MulticopterMotorModel.cc:257] No robotNamespace set using entity name.
(2023-11-01T15:56:29.502680252) (2023-11-01T15:56:29.502689582) [Wrn] [MulticopterMotorModel.cc:295] <motorNumber> is depricated, please use <actuator_number>.
(2023-11-01T15:56:29.502759446) (2023-11-01T15:56:29.502769647) [Dbg] [MulticopterMotorModel.cc:386] Listening to topic: x500_depth_0/command/motor_speed
(2023-11-01T15:56:29.503217243) (2023-11-01T15:56:29.503231092) [Dbg] [SystemManager.cc:74] Loaded system [gz::sim::systems::MulticopterMotorModel] for entity [56]
(2023-11-01T15:56:29.503727137) (2023-11-01T15:56:29.503740335) [Wrn] [MulticopterMotorModel.cc:257] No robotNamespace set using entity name.
(2023-11-01T15:56:29.503775026) (2023-11-01T15:56:29.503784552) [Wrn] [MulticopterMotorModel.cc:295] <motorNumber> is depricated, please use <actuator_number>.
(2023-11-01T15:56:29.503871509) (2023-11-01T15:56:29.503881763) [Dbg] [MulticopterMotorModel.cc:386] Listening to topic: x500_depth_0/command/motor_speed
(2023-11-01T15:56:29.504132005) (2023-11-01T15:56:29.504144712) [Dbg] [SystemManager.cc:74] Loaded system [gz::sim::systems::MulticopterMotorModel] for entity [56]
(2023-11-01T15:56:29.504573060) (2023-11-01T15:56:29.504585147) [Wrn] [MulticopterMotorModel.cc:257] No robotNamespace set using entity name.
(2023-11-01T15:56:29.504610648) (2023-11-01T15:56:29.504619520) [Wrn] [MulticopterMotorModel.cc:295] <motorNumber> is depricated, please use <actuator_number>.
(2023-11-01T15:56:29.504678456) (2023-11-01T15:56:29.504687629) [Dbg] [MulticopterMotorModel.cc:386] Listening to topic: x500_depth_0/command/motor_speed
(2023-11-01T15:56:29.504942704) (2023-11-01T15:56:29.504954998) [Dbg] [SystemManager.cc:74] Loaded system [gz::sim::systems::MulticopterMotorModel] for entity [56]
(2023-11-01T15:56:29.505388485) (2023-11-01T15:56:29.505400920) [Wrn] [MulticopterMotorModel.cc:257] No robotNamespace set using entity name.
(2023-11-01T15:56:29.505426486) (2023-11-01T15:56:29.505434915) [Wrn] [MulticopterMotorModel.cc:295] <motorNumber> is depricated, please use <actuator_number>.
(2023-11-01T15:56:29.505492636) (2023-11-01T15:56:29.505502140) [Dbg] [MulticopterMotorModel.cc:386] Listening to topic: x500_depth_0/command/motor_speed
(2023-11-01T15:56:29.505824311) (2023-11-01T15:56:29.505837315) [Dbg] [SystemManager.cc:74] Loaded system [gz::sim::systems::MulticopterMotorModel] for entity [56]
(2023-11-01T15:56:29.506322196) (2023-11-01T15:56:29.506333411) [Dbg] [UserCommands.cc:1263] Created entity [56] named [x500_depth_0]
(2023-11-01T15:56:29.526562644) (2023-11-01T15:56:29.526581998) [Dbg] [SimulationFeatures.cc:72] Simulation timestep set to: 0.004
(2023-11-01T15:56:29.528330543) (2023-11-01T15:56:29.528363575) [Dbg] [Sensors.cc:659] Initialization needed
(2023-11-01T15:56:29.528448617) (2023-11-01T15:56:29.528469587) [Dbg] [Sensors.cc:257] Initializing render context
(2023-11-01T15:56:29.528639582) (2023-11-01T15:56:29.528656849) [Msg] Loading plugin [gz-rendering-ogre2]
(2023-11-01T15:56:29.529215484) (2023-11-01T15:56:29.529235962) [Dbg] [AirPressureSensor.cc:126] Air pressure for [x500_depth_0::base_link::air_pressure_sensor] advertised on [world/default/model/x500_depth_0/link/base_link/sensor/air_pressure_sensor/air_pressure]
(2023-11-01T15:56:29.529331762) (2023-11-01T15:56:29.529353269) [Dbg] [ImuSensor.cc:149] IMU data for [x500_depth_0::base_link::imu_sensor] advertised on [world/default/model/x500_depth_0/link/base_link/sensor/imu_sensor/imu]
(2023-11-01T15:56:29.530241475) (2023-11-01T15:56:29.530262404) [Msg] Serving scene information on [/world/default/scene/info]
(2023-11-01T15:56:29.530401860) (2023-11-01T15:56:29.530418468) [Msg] Serving graph information on [/world/default/scene/graph]
(2023-11-01T15:56:29.530694670) (2023-11-01T15:56:29.530713270) [Msg] Serving full state on [/world/default/state]
(2023-11-01T15:56:29.530830319) (2023-11-01T15:56:29.530846962) [Msg] Serving full state (async) on [/world/default/state_async]
(2023-11-01T15:56:29.530980229) (2023-11-01T15:56:29.530996677) [Msg] Publishing scene information on [/world/default/scene/info]
(2023-11-01T15:56:29.531190125) (2023-11-01T15:56:29.531207932) [Msg] Publishing entity deletions on [/world/default/scene/deletion]
(2023-11-01T15:56:29.531330855) (2023-11-01T15:56:29.531347683) [Msg] Publishing state changes on [/world/default/state]
(2023-11-01T15:56:29.531474186) (2023-11-01T15:56:29.531491525) [Msg] Publishing pose messages on [/world/default/pose/info]
(2023-11-01T15:56:29.531630603) (2023-11-01T15:56:29.531648909) [Msg] Publishing dynamic pose messages on [/world/default/dynamic_pose/info]
(2023-11-01T15:56:29.532689966) (2023-11-01T15:56:29.532705123) [Dbg] [EntityComponentManager.cc:1655] Updated state thread iterators: 8 threads processing around 13 entities each.
(2023-11-01T15:56:29.551967129) (2023-11-01T15:56:29.551995013) [Wrn] [Component.hh:144] Trying to serialize component with data type [N3sdf3v135WorldE], which doesn't have `operator<<`. Component will not be serialized.
(2023-11-01T15:56:29.552274087) (2023-11-01T15:56:29.552293356) [Wrn] [Model.hh:69] Skipping serialization / deserialization for models with //pose/@relative_to attribute.
((((2023-11-01T15:56:29.556245723(2023-11-01T15:56:29.5562457232023-11-01T15:56:29.5562801182023-11-01T15:56:29.556280118) (2023-11-01T15:56:29.556311018) (2023-11-01T15:56:29.556334993) 2023-11-01T15:56:29.556317214) ) (((2023-11-01T15:56:29.5563217132023-11-01T15:56:29.556393821) ) ) ) (2023-11-01T15:56:29.5564264682023-11-01T15:56:29.556480731) ) Exiting postupdate worker thread () 0)
(2023-11-01T15:56:29.556572766[Dbg] [SimulationRunner.cc:530] ) Exiting postupdate worker thread ([Dbg] [SimulationRunner.cc:530] 1[Dbg] [SimulationRunner.cc:530] [Dbg] [SimulationRunner.cc:530] Exiting postupdate worker thread (3[Dbg] [SimulationRunner.cc:530] Exiting postupdate worker thread (4)
[Dbg] [SimulationRunner.cc:530] Exiting postupdate worker thread (Exiting postupdate worker thread ()Exiting postupdate worker thread (5)
2)
)
Exiting postupdate worker thread ()
(2023-11-01T15:56:29.556988642) (2023-11-01T15:56:29.557006198) [Dbg] [SimulationRunner.cc:503] Creating PostUpdate worker threads: 7
(2023-11-01T15:56:29.557050888) (2023-11-01T15:56:29.557065069) [Dbg] [SimulationRunner.cc:514] Creating postupdate worker thread (0)
(2023-11-01T15:56:29.558246453) (2023-11-01T15:56:29.558258924) [Dbg] [SimulationRunner.cc:514] Creating postupdate worker thread (1)
(2023-11-01T15:56:29.558310019) (2023-11-01T15:56:29.558319507) [Dbg] [SimulationRunner.cc:514] Creating postupdate worker thread (2)
(2023-11-01T15:56:29.558382040) (2023-11-01T15:56:29.558397428) [Dbg] [SimulationRunner.cc:514] Creating postupdate worker thread (3)
(2023-11-01T15:56:29.558470354) (2023-11-01T15:56:29.558486144) [Dbg] [SimulationRunner.cc:514] Creating postupdate worker thread (4)
(2023-11-01T15:56:29.558596781) (2023-11-01T15:56:29.558614756) [Dbg] [SimulationRunner.cc:514] Creating postupdate worker thread (5)
(2023-11-01T15:56:30.115727327) (2023-11-01T15:56:30.115760908) [Dbg] [RenderUtil.cc:2720] Create scene [scene]
((2023-11-01T15:56:30.194215486) (2023-11-01T15:56:30.1942382582023-11-01T15:56:30.194266051) ) (2023-11-01T15:56:30.194305695) [Dbg] [Sensors.cc:277] Rendering Thread initialized
[Dbg] [Sensors.cc:659] Initialization needed
(2023-11-01T15:56:30.200377804) (2023-11-01T15:56:30.200397455) [Wrn] [FuelClient.cc:1952] The fuel.ignitionrobotics.org URL is deprecrated. Pleasse change https://fuel.ignitionrobotics.org/1.0/openrobotics/models/prius hybrid/2/files/meshes/Hybrid.obj to https://fuel.gazebosim.org/1.0/openrobotics/models/prius hybrid/2/files/meshes/Hybrid.obj
(2023-11-01T15:56:30.200556187) (2023-11-01T15:56:30.200567842) [Wrn] [FuelClient.cc:1952] The fuel.ignitionrobotics.org URL is deprecrated. Pleasse change https://fuel.ignitionrobotics.org/1.0/openrobotics/models/prius hybrid/2/files/meshes/Hybrid.obj to https://fuel.gazebosim.org/1.0/openrobotics/models/prius hybrid/2/files/meshes/Hybrid.obj
(2023-11-01T15:56:30.205268844) (2023-11-01T15:56:30.205287586) [Wrn] [OBJLoader.cc:91] Both `d` and `Tr` parameters defined for "Hybrid". Use the value of `d` for dissolve (line 8 in .mtl.)
Both `d` and `Tr` parameters defined for "Wheels3". Use the value of `d` for dissolve (line 22 in .mtl.)
Both `d` and `Tr` parameters defined for "Hybrid_Interior". Use the value of `d` for dissolve (line 36 in .mtl.)
Both `d` and `Tr` parameters defined for "Windows". Use the value of `d` for dissolve (line 50 in .mtl.)

(2023-11-01T15:56:30.328154189) (2023-11-01T15:56:30.328168452) [Err] [SceneManager.cc:887] PBR material: currently only metal workflow is supported. Gazebo will try to render the material using metal workflow but without Roughness / Metalness settings.
(2023-11-01T15:56:33.186012085) (2023-11-01T15:56:33.186028900) [Dbg] [CameraSensor.cc:458] Camera images for [prius_hybrid::chassis::back_camera_sensor] advertised on [back_camera]
(2023-11-01T15:56:33.186244101) (2023-11-01T15:56:33.186262008) [Dbg] [CameraSensor.cc:786] Camera info for [prius_hybrid::chassis::back_camera_sensor] advertised on [/camera_info]
(2023-11-01T15:56:33.186503864) (2023-11-01T15:56:33.186516561) [Wrn] [Ogre2Camera.cc:412] Ogre2Camera::SetVisibilityMask: Mask bits c0000000 are set but will be ignored as they conflict with the reserved bits used internally by the ogre2 backend.
(2023-11-01T15:56:33.186949389) (2023-11-01T15:56:33.186964870) [Dbg] [CameraSensor.cc:458] Camera images for [prius_hybrid::chassis::front_camera_sensor] advertised on [front_camera]
(2023-11-01T15:56:33.187049289) (2023-11-01T15:56:33.187059755) [Dbg] [CameraSensor.cc:786] Camera info for [prius_hybrid::chassis::front_camera_sensor] advertised on [/camera_info]
(2023-11-01T15:56:33.187129196) (2023-11-01T15:56:33.187139239) [Wrn] [Ogre2Camera.cc:412] Ogre2Camera::SetVisibilityMask: Mask bits c0000000 are set but will be ignored as they conflict with the reserved bits used internally by the ogre2 backend.
(2023-11-01T15:56:33.187399690) (2023-11-01T15:56:33.187418273) [Dbg] [CameraSensor.cc:458] Camera images for [prius_hybrid::chassis::left_camera_sensor] advertised on [left_camera]
(2023-11-01T15:56:33.187509844) (2023-11-01T15:56:33.187525723) [Dbg] [CameraSensor.cc:786] Camera info for [prius_hybrid::chassis::left_camera_sensor] advertised on [/camera_info]
(2023-11-01T15:56:33.187598293) (2023-11-01T15:56:33.187608071) [Wrn] [Ogre2Camera.cc:412] Ogre2Camera::SetVisibilityMask: Mask bits c0000000 are set but will be ignored as they conflict with the reserved bits used internally by the ogre2 backend.
(2023-11-01T15:56:33.187841814) (2023-11-01T15:56:33.187859453) [Dbg] [CameraSensor.cc:458] Camera images for [prius_hybrid::chassis::right_camera_sensor] advertised on [right_camera]
(2023-11-01T15:56:33.187968962) (2023-11-01T15:56:33.187985089) [Dbg] [CameraSensor.cc:786] Camera info for [prius_hybrid::chassis::right_camera_sensor] advertised on [/camera_info]
(2023-11-01T15:56:33.188059361) (2023-11-01T15:56:33.188069458) [Wrn] [Ogre2Camera.cc:412] Ogre2Camera::SetVisibilityMask: Mask bits c0000000 are set but will be ignored as they conflict with the reserved bits used internally by the ogre2 backend.
(2023-11-01T15:56:33.188325244) (2023-11-01T15:56:33.188343038) [Dbg] [CameraSensor.cc:458] Camera images for [x500_depth_0::OakD-Lite/base_link::IMX214] advertised on [camera]
(2023-11-01T15:56:33.188471204) (2023-11-01T15:56:33.188489386) [Dbg] [CameraSensor.cc:786] Camera info for [x500_depth_0::OakD-Lite/base_link::IMX214] advertised on [/camera_info]
(2023-11-01T15:56:33.188584492) (2023-11-01T15:56:33.188595202) [Wrn] [Ogre2Camera.cc:412] Ogre2Camera::SetVisibilityMask: Mask bits c0000000 are set but will be ignored as they conflict with the reserved bits used internally by the ogre2 backend.
(2023-11-01T15:56:33.188935396) (2023-11-01T15:56:33.188953714) [Dbg] [DepthCameraSensor.cc:282] Depth images for [x500_depth_0::OakD-Lite/base_link::StereoOV7251] advertised on [depth_camera]
(2023-11-01T15:56:33.189064182) (2023-11-01T15:56:33.189079901) [Dbg] [CameraSensor.cc:786] Camera info for [x500_depth_0::OakD-Lite/base_link::StereoOV7251] advertised on [/camera_info]
(2023-11-01T15:56:33.189292676) (2023-11-01T15:56:33.189310479) [Dbg] [DepthCameraSensor.cc:299] Points for [x500_depth_0::OakD-Lite/base_link::StereoOV7251] advertised on [depth_camera/points]
(2023-11-01T15:58:30.680322822) (2023-11-01T15:58:30.680359308) [Dbg] [CameraSensor.cc:583] Enabling camera sensor: 'x500_depth_0::OakD-Lite/base_link::IMX214' data generation.
(2023-11-01T15:59:37.197970179) (2023-11-01T15:59:37.198001413) [Dbg] [SignalHandler.cc:142] Received signal[2].
(2023-11-01T15:59:37.198056075) (2023-11-01T15:59:37.198072596) [Dbg] [ServerPrivate.cc:115] Server received signal[2]
(2023-11-01T15:59:37.198120063) (2023-11-01T15:59:37.198135327) [Dbg] [Sensors.cc:433] SensorsPrivate::Stop
(2023-11-01T15:59:37.305037639) (2023-11-01T15:59:37.305059645) [Dbg] [Sensors.cc:419] SensorsPrivate::RenderThread stopped
(2023-11-01T15:59:37.315208307) (2023-11-01T15:59:37.315238185) [Dbg] [gz.cc:417] Shutting down gz-sim-server
(2023-11-01T15:59:37.323181247) (2023-11-01T15:59:37.323239066) [Dbg] [SimulationRunner.cc:530] Exiting postupdate worker thread (4)
(2023-11-01T15:59:37.323373115) (2023-11-01T15:59:37.323391430) [Dbg] [SimulationRunner.cc:530] Exiting postupdate worker thread (3)
(2023-11-01T15:59:37.323482880) (2023-11-01T15:59:37.323511833) [Dbg] [SimulationRunner.cc:530] Exiting postupdate worker thread (5)
(2023-11-01T15:59:37.323602081) (2023-11-01T15:59:37.323618439) [Dbg] [SimulationRunner.cc:530] Exiting postupdate worker thread (0)
(((2023-11-01T15:59:37.323752000) (2023-11-01T15:59:37.323795807) 2023-11-01T15:59:37.323799842) (2023-11-01T15:59:37.323846019) [Dbg] [SimulationRunner.cc:530] Exiting postupdate worker thread (2)
[Dbg] [SimulationRunner.cc:530] Exiting postupdate worker thread (1)
(2023-11-01T15:59:37.399371604) (2023-11-01T15:59:37.399393382) [Dbg] [Sensors.cc:433] SensorsPrivate::Stop
