(2023-10-20T00:22:39.648683410) (2023-10-20T00:22:39.648720985) [Msg] Gazebo Sim Server v7.6.0
(2023-10-20T00:22:39.656822154) (2023-10-20T00:22:39.656856346) [Msg] Loading default world.
(2023-10-20T00:22:39.717305789) (2023-10-20T00:22:39.717314878) [Msg] Serving entity system service on [/entity/system/add]
(2023-10-20T00:22:39.717629952) (2023-10-20T00:22:39.717638656) [Msg] Loaded level [3]
(2023-10-20T00:22:39.717679307) (2023-10-20T00:22:39.717684318) [Msg] No systems loaded from SDF, loading defaults
(2023-10-20T00:22:39.718086307) (2023-10-20T00:22:39.718094030) [Dbg] [ServerConfig.cc:1062] Loaded (3) plugins from file [/home/bassam/.gz/sim/7/server.config]
(2023-10-20T00:22:39.825203126) (2023-10-20T00:22:39.825219762) [Dbg] [Physics.cc:880] Loaded [gz::physics::dartsim::Plugin] from library [/usr/lib/x86_64-linux-gnu/gz-physics-6/engine-plugins/libgz-physics-dartsim-plugin.so]
(2023-10-20T00:22:39.825288291) (2023-10-20T00:22:39.825295924) [Dbg] [SystemManager.cc:74] Loaded system [gz::sim::systems::Physics] for entity [1]
(2023-10-20T00:22:39.830088155) (2023-10-20T00:22:39.830102362) [Msg] Create service on [/world/default/create]
(2023-10-20T00:22:39.830566161) (2023-10-20T00:22:39.830575966) [Msg] Remove service on [/world/default/remove]
(2023-10-20T00:22:39.830952911) (2023-10-20T00:22:39.830962421) [Msg] Pose service on [/world/default/set_pose]
(2023-10-20T00:22:39.831307329) (2023-10-20T00:22:39.831316536) [Msg] Pose service on [/world/default/set_pose_vector]
(2023-10-20T00:22:39.832671435) (2023-10-20T00:22:39.832680900) [Msg] Light configuration service on [/world/default/light_config]
(2023-10-20T00:22:39.833258104) (2023-10-20T00:22:39.833267766) [Msg] Physics service on [/world/default/set_physics]
(2023-10-20T00:22:39.833714364) (2023-10-20T00:22:39.833723905) [Msg] SphericalCoordinates service on [/world/default/set_spherical_coordinates]
(2023-10-20T00:22:39.833991264) (2023-10-20T00:22:39.834000508) [Msg] Enable collision service on [/world/default/enable_collision]
(2023-10-20T00:22:39.834296977) (2023-10-20T00:22:39.834306020) [Msg] Disable collision service on [/world/default/disable_collision]
(2023-10-20T00:22:39.834820190) (2023-10-20T00:22:39.834829475) [Msg] Material service on [/world/default/visual_config]
(2023-10-20T00:22:39.835200329) (2023-10-20T00:22:39.835209646) [Msg] Material service on [/world/default/wheel_slip]
(2023-10-20T00:22:39.835261452) (2023-10-20T00:22:39.835269032) [Dbg] [SystemManager.cc:74] Loaded system [gz::sim::systems::UserCommands] for entity [1]
(2023-10-20T00:22:39.836894273) (2023-10-20T00:22:39.836904735) [Dbg] [SystemManager.cc:74] Loaded system [gz::sim::systems::SceneBroadcaster] for entity [1]
(2023-10-20T00:22:39.839738012) (2023-10-20T00:22:39.839749250) [Msg] Serving world controls on [/world/default/control], [/world/default/control/state] and [/world/default/playback/control]
(2023-10-20T00:22:39.840145324) (2023-10-20T00:22:39.840155403) [Msg] Serving GUI information on [/world/default/gui/info]
(2023-10-20T00:22:39.840183277) (2023-10-20T00:22:39.840190244) [Msg] World [default] initialized with [default_physics] physics profile.
(2023-10-20T00:22:39.840782806) (2023-10-20T00:22:39.840792334) [Msg] Serving world SDF generation service on [/world/default/generate_world_sdf]
(2023-10-20T00:22:39.841185046) (2023-10-20T00:22:39.841194393) [Msg] Serving world names on [/gazebo/worlds]
(2023-10-20T00:22:39.841472849) (2023-10-20T00:22:39.841482057) [Msg] Resource path add service on [/gazebo/resource_paths/add].
(2023-10-20T00:22:39.841732281) (2023-10-20T00:22:39.841741877) [Msg] Resource path get service on [/gazebo/resource_paths/get].
(2023-10-20T00:22:39.841971011) (2023-10-20T00:22:39.841980100) [Msg] Resource path resolve service on [/gazebo/resource_paths/resolve].
(2023-10-20T00:22:39.842157487) (2023-10-20T00:22:39.842166509) [Msg] Resource paths published on [/gazebo/resource_paths].
(2023-10-20T00:22:39.842433168) (2023-10-20T00:22:39.842442582) [Msg] Server control service on [/server_control].
(2023-10-20T00:22:41.332629204) (2023-10-20T00:22:41.332641267) [Wrn] [SimulationRunner.cc:676] Found additional publishers on /stats, using namespaced stats topic only
(2023-10-20T00:22:41.332749340) (2023-10-20T00:22:41.332755922) [Dbg] [SimulationRunner.cc:678] Publishers [Address, Message Type]:
(2023-10-20T00:22:41.332767595) (2023-10-20T00:22:41.332773784) [Dbg] [SimulationRunner.cc:683]   tcp://172.28.242.145:46525, gz.msgs.WorldStatistics
(2023-10-20T00:22:41.332965785) (2023-10-20T00:22:41.332971934) [Wrn] [SimulationRunner.cc:709] Found additional publishers on /clock, using namespaced clock topic only
(2023-10-20T00:22:41.332985291) (2023-10-20T00:22:41.332989097) [Dbg] [SimulationRunner.cc:711] Publishers [Address, Message Type]:
(2023-10-20T00:22:41.332996638) (2023-10-20T00:22:41.333001489) [Dbg] [SimulationRunner.cc:716]   tcp://172.28.242.145:46525, gz.msgs.Clock
(2023-10-20T00:22:41.333140189) (2023-10-20T00:22:41.333147723) [Dbg] [SimulationRunner.cc:503] Creating PostUpdate worker threads: 2
(2023-10-20T00:22:41.333171611) (2023-10-20T00:22:41.333178452) [Dbg] [SimulationRunner.cc:514] Creating postupdate worker thread (0)
(2023-10-20T00:22:41.334246973) (2023-10-20T00:22:41.334256540) [Msg] Serving scene information on [/world/default/scene/info]
(2023-10-20T00:22:41.334338070) (2023-10-20T00:22:41.334346774) [Msg] Serving graph information on [/world/default/scene/graph]
(2023-10-20T00:22:41.334469579) (2023-10-20T00:22:41.334478544) [Msg] Serving full state on [/world/default/state]
(2023-10-20T00:22:41.334540134) (2023-10-20T00:22:41.334548839) [Msg] Serving full state (async) on [/world/default/state_async]
(2023-10-20T00:22:41.334664443) (2023-10-20T00:22:41.334670577) [Msg] Publishing scene information on [/world/default/scene/info]
(2023-10-20T00:22:41.334742582) (2023-10-20T00:22:41.334748563) [Msg] Publishing entity deletions on [/world/default/scene/deletion]
(2023-10-20T00:22:41.334799585) (2023-10-20T00:22:41.334805944) [Msg] Publishing state changes on [/world/default/state]
(2023-10-20T00:22:41.334863612) (2023-10-20T00:22:41.334872052) [Msg] Publishing pose messages on [/world/default/pose/info]
(2023-10-20T00:22:41.334965155) (2023-10-20T00:22:41.334974991) [Msg] Publishing dynamic pose messages on [/world/default/dynamic_pose/info]
(2023-10-20T00:22:41.335157016) (2023-10-20T00:22:41.335163037) [Wrn] [Component.hh:144] Trying to serialize component with data type [N3sdf3v135WorldE], which doesn't have `operator<<`. Component will not be serialized.
(2023-10-20T00:22:58.243647234) (2023-10-20T00:22:58.243658475) [Dbg] [SignalHandler.cc:142] Received signal[2].
(2023-10-20T00:22:58.243677067) (2023-10-20T00:22:58.243682203) [Dbg] [ServerPrivate.cc:115] Server received signal[2]
(2023-10-20T00:22:58.244474845) (2023-10-20T00:22:58.244483061) [Dbg] [gz.cc:417] Shutting down gz-sim-server
(2023-10-20T00:22:58.247217999) (2023-10-20T00:22:58.247226571) [Dbg] [SimulationRunner.cc:530] Exiting postupdate worker thread (0)
