(2023-10-20T02:10:52.34040989) (2023-10-20T02:10:52.34060149) [Msg] Gazebo Sim Server v7.6.0
(2023-10-20T02:10:52.39634062) (2023-10-20T02:10:52.39650274) [Msg] Loading SDF world file[/home/bassam/PX4-Autopilot/Tools/simulation/gz/worlds/default.sdf].
(2023-10-20T02:10:52.231191359) (2023-10-20T02:10:52.231214603) [Msg] Serving entity system service on [/entity/system/add]
(2023-10-20T02:10:52.444191941) (2023-10-20T02:10:52.444217142) [Dbg] [Physics.cc:880] Loaded [gz::physics::dartsim::Plugin] from library [/usr/lib/x86_64-linux-gnu/gz-physics-6/engine-plugins/libgz-physics-dartsim-plugin.so]
(2023-10-20T02:10:52.444333635) (2023-10-20T02:10:52.444349346) [Dbg] [SystemManager.cc:74] Loaded system [gz::sim::systems::Physics] for entity [1]
(2023-10-20T02:10:52.449396006) (2023-10-20T02:10:52.449420371) [Msg] Create service on [/world/default/create]
(2023-10-20T02:10:52.549246657) (2023-10-20T02:10:52.549267064) [Msg] Remove service on [/world/default/remove]
(2023-10-20T02:10:52.549461033) (2023-10-20T02:10:52.549479793) [Msg] Pose service on [/world/default/set_pose]
(2023-10-20T02:10:52.549704533) (2023-10-20T02:10:52.549716751) [Msg] Pose service on [/world/default/set_pose_vector]
(2023-10-20T02:10:52.550006368) (2023-10-20T02:10:52.550023600) [Msg] Light configuration service on [/world/default/light_config]
(2023-10-20T02:10:52.550348675) (2023-10-20T02:10:52.550367488) [Msg] Physics service on [/world/default/set_physics]
(2023-10-20T02:10:52.550601348) (2023-10-20T02:10:52.550620115) [Msg] SphericalCoordinates service on [/world/default/set_spherical_coordinates]
(2023-10-20T02:10:52.550740736) (2023-10-20T02:10:52.550758128) [Msg] Enable collision service on [/world/default/enable_collision]
(2023-10-20T02:10:52.550877626) (2023-10-20T02:10:52.550895659) [Msg] Disable collision service on [/world/default/disable_collision]
(2023-10-20T02:10:52.551143668) (2023-10-20T02:10:52.551162093) [Msg] Material service on [/world/default/visual_config]
(2023-10-20T02:10:52.551341617) (2023-10-20T02:10:52.551360312) [Msg] Material service on [/world/default/wheel_slip]
(2023-10-20T02:10:52.551412882) (2023-10-20T02:10:52.551422060) [Dbg] [SystemManager.cc:74] Loaded system [gz::sim::systems::UserCommands] for entity [1]
(2023-10-20T02:10:52.553365132) (2023-10-20T02:10:52.553379413) [Dbg] [SystemManager.cc:74] Loaded system [gz::sim::systems::SceneBroadcaster] for entity [1]
(2023-10-20T02:10:52.554691169) (2023-10-20T02:10:52.554704776) [Dbg] [SystemManager.cc:74] Loaded system [gz::sim::systems::Contact] for entity [1]
(2023-10-20T02:10:52.556628932) (2023-10-20T02:10:52.556647864) [Dbg] [SystemManager.cc:74] Loaded system [gz::sim::systems::Imu] for entity [1]
(2023-10-20T02:10:52.558293549) (2023-10-20T02:10:52.558307723) [Dbg] [SystemManager.cc:74] Loaded system [gz::sim::systems::AirPressure] for entity [1]
(2023-10-20T02:10:52.559753862) (2023-10-20T02:10:52.559768165) [Msg] Listening to instantaneous wrench commands in [/world/default/wrench]
(2023-10-20T02:10:52.559860087) (2023-10-20T02:10:52.559870787) [Msg] Listening to persistent wrench commands in [/world/default/wrench/persistent]
(2023-10-20T02:10:52.559952688) (2023-10-20T02:10:52.559962615) [Msg] Listening to wrench clear commands in [/world/default/wrench/clear]
(2023-10-20T02:10:52.559997051) (2023-10-20T02:10:52.560005397) [Dbg] [SystemManager.cc:74] Loaded system [gz::sim::systems::ApplyLinkWrench] for entity [1]
(2023-10-20T02:10:52.569159892) (2023-10-20T02:10:52.569177743) [Dbg] [Sensors.cc:506] Configuring Sensors system
(2023-10-20T02:10:52.569294984) (2023-10-20T02:10:52.569305156) [Dbg] [Sensors.cc:425] SensorsPrivate::Run
(2023-10-20T02:10:52.569422973) (2023-10-20T02:10:52.569434238) [Dbg] [SystemManager.cc:74] Loaded system [gz::sim::systems::Sensors] for entity [1]
(2023-10-20T02:10:52.569498807) (2023-10-20T02:10:52.569518858) [Dbg] [Sensors.cc:402] SensorsPrivate::RenderThread started
(2023-10-20T02:10:52.569545662) (2023-10-20T02:10:52.569553731) [Dbg] [Sensors.cc:245] Waiting for init
(2023-10-20T02:10:52.573320007) (2023-10-20T02:10:52.573337200) [Wrn] [SystemLoader.cc:79] Trying to load deprecated plugin [ignition-gazebo-ackermann-steering-system]. Using [gz-sim-ackermann-steering-system] instead.
(2023-10-20T02:10:52.575294128) (2023-10-20T02:10:52.575310265) [Msg] AckermannSteering subscribing to twist messages on [/cmd_vel]
(2023-10-20T02:10:52.575608234) (2023-10-20T02:10:52.575620792) [Dbg] [SystemManager.cc:74] Loaded system [ignition::gazebo::systems::AckermannSteering] for entity [8]
(2023-10-20T02:10:52.575814152) (2023-10-20T02:10:52.575825657) [Msg] Loaded level [3]
(2023-10-20T02:10:52.578421068) (2023-10-20T02:10:52.578444360) [Msg] Serving world controls on [/world/default/control], [/world/default/control/state] and [/world/default/playback/control]
(2023-10-20T02:10:52.578782219) (2023-10-20T02:10:52.578802074) [Msg] Serving GUI information on [/world/default/gui/info]
(2023-10-20T02:10:52.578843653) (2023-10-20T02:10:52.578852333) [Msg] World [default] initialized with [default_physics] physics profile.
(2023-10-20T02:10:52.579069176) (2023-10-20T02:10:52.579086631) [Msg] Serving world SDF generation service on [/world/default/generate_world_sdf]
(2023-10-20T02:10:52.579257635) (2023-10-20T02:10:52.579275753) [Msg] Serving world names on [/gazebo/worlds]
(2023-10-20T02:10:52.579391628) (2023-10-20T02:10:52.579408900) [Msg] Resource path add service on [/gazebo/resource_paths/add].
(2023-10-20T02:10:52.579528645) (2023-10-20T02:10:52.579553814) [Msg] Resource path get service on [/gazebo/resource_paths/get].
(2023-10-20T02:10:52.579679350) (2023-10-20T02:10:52.579696780) [Msg] Resource path resolve service on [/gazebo/resource_paths/resolve].
(2023-10-20T02:10:52.579801927) (2023-10-20T02:10:52.579812550) [Msg] Resource paths published on [/gazebo/resource_paths].
(2023-10-20T02:10:52.579976210) (2023-10-20T02:10:52.579994705) [Msg] Server control service on [/server_control].
(2023-10-20T02:10:54.37793238) (2023-10-20T02:10:54.37821299) [Msg] Found no publishers on /stats, adding root stats topic
(2023-10-20T02:10:54.38163263) (2023-10-20T02:10:54.38183166) [Msg] Found no publishers on /clock, adding root clock topic
(2023-10-20T02:10:54.38571519) (2023-10-20T02:10:54.38591234) [Dbg] [SimulationRunner.cc:503] Creating PostUpdate worker threads: 7
(2023-10-20T02:10:54.38646678) (2023-10-20T02:10:54.38662155) [Dbg] [SimulationRunner.cc:514] Creating postupdate worker thread (0)
(2023-10-20T02:10:54.38839665) (2023-10-20T02:10:54.38857191) [Dbg] [SimulationRunner.cc:514] Creating postupdate worker thread (1)
(2023-10-20T02:10:54.38960369) (2023-10-20T02:10:54.38976963) [Dbg] [SimulationRunner.cc:514] Creating postupdate worker thread (2)
(2023-10-20T02:10:54.39087106) (2023-10-20T02:10:54.39103688) [Dbg] [SimulationRunner.cc:514] Creating postupdate worker thread (3)
(2023-10-20T02:10:54.39261054) (2023-10-20T02:10:54.39278210) [Dbg] [SimulationRunner.cc:514] Creating postupdate worker thread (4)
(2023-10-20T02:10:54.39387674) (2023-10-20T02:10:54.39405109) [Dbg] [SimulationRunner.cc:514] Creating postupdate worker thread (5)
(2023-10-20T02:10:54.358405871) (2023-10-20T02:10:54.358426541) [Wrn] [MulticopterMotorModel.cc:257] No robotNamespace set using entity name.
(2023-10-20T02:10:54.358473963) (2023-10-20T02:10:54.358483862) [Wrn] [MulticopterMotorModel.cc:295] <motorNumber> is depricated, please use <actuator_number>.
(2023-10-20T02:10:54.358553131) (2023-10-20T02:10:54.358563102) [Dbg] [MulticopterMotorModel.cc:386] Listening to topic: x500_depth_0/command/motor_speed
(2023-10-20T02:10:54.358994109) (2023-10-20T02:10:54.359007078) [Dbg] [SystemManager.cc:74] Loaded system [gz::sim::systems::MulticopterMotorModel] for entity [56]
(2023-10-20T02:10:54.359554524) (2023-10-20T02:10:54.359567792) [Wrn] [MulticopterMotorModel.cc:257] No robotNamespace set using entity name.
(2023-10-20T02:10:54.359593594) (2023-10-20T02:10:54.359602464) [Wrn] [MulticopterMotorModel.cc:295] <motorNumber> is depricated, please use <actuator_number>.
(2023-10-20T02:10:54.359671134) (2023-10-20T02:10:54.359681141) [Dbg] [MulticopterMotorModel.cc:386] Listening to topic: x500_depth_0/command/motor_speed
(2023-10-20T02:10:54.359901091) (2023-10-20T02:10:54.359918759) [Dbg] [SystemManager.cc:74] Loaded system [gz::sim::systems::MulticopterMotorModel] for entity [56]
(2023-10-20T02:10:54.360334583) (2023-10-20T02:10:54.360346910) [Wrn] [MulticopterMotorModel.cc:257] No robotNamespace set using entity name.
(2023-10-20T02:10:54.360371699) (2023-10-20T02:10:54.360379796) [Wrn] [MulticopterMotorModel.cc:295] <motorNumber> is depricated, please use <actuator_number>.
(2023-10-20T02:10:54.360436582) (2023-10-20T02:10:54.360445576) [Dbg] [MulticopterMotorModel.cc:386] Listening to topic: x500_depth_0/command/motor_speed
(2023-10-20T02:10:54.360677001) (2023-10-20T02:10:54.360689279) [Dbg] [SystemManager.cc:74] Loaded system [gz::sim::systems::MulticopterMotorModel] for entity [56]
(2023-10-20T02:10:54.361045081) (2023-10-20T02:10:54.361057102) [Wrn] [MulticopterMotorModel.cc:257] No robotNamespace set using entity name.
(2023-10-20T02:10:54.361081807) (2023-10-20T02:10:54.361090321) [Wrn] [MulticopterMotorModel.cc:295] <motorNumber> is depricated, please use <actuator_number>.
(2023-10-20T02:10:54.361145603) (2023-10-20T02:10:54.361154747) [Dbg] [MulticopterMotorModel.cc:386] Listening to topic: x500_depth_0/command/motor_speed
(2023-10-20T02:10:54.361423978) (2023-10-20T02:10:54.361435363) [Dbg] [SystemManager.cc:74] Loaded system [gz::sim::systems::MulticopterMotorModel] for entity [56]
(2023-10-20T02:10:54.361895508) (2023-10-20T02:10:54.361907240) [Dbg] [UserCommands.cc:1263] Created entity [56] named [x500_depth_0]
(2023-10-20T02:10:54.381038301) (2023-10-20T02:10:54.381056628) [Dbg] [SimulationFeatures.cc:72] Simulation timestep set to: 0.004
(2023-10-20T02:10:54.382834783) (2023-10-20T02:10:54.382870298) [Dbg] [Sensors.cc:659] Initialization needed
(2023-10-20T02:10:54.382954714) (2023-10-20T02:10:54.382970433) [Dbg] [Sensors.cc:257] Initializing render context
(2023-10-20T02:10:54.383120447) (2023-10-20T02:10:54.383131612) [Msg] Loading plugin [gz-rendering-ogre2]
(2023-10-20T02:10:54.383804969) (2023-10-20T02:10:54.383829708) [Dbg] [ImuSensor.cc:149] IMU data for [x500_depth_0::base_link::imu_sensor] advertised on [world/default/model/x500_depth_0/link/base_link/sensor/imu_sensor/imu]
(2023-10-20T02:10:54.383931987) (2023-10-20T02:10:54.383954162) [Dbg] [AirPressureSensor.cc:126] Air pressure for [x500_depth_0::base_link::air_pressure_sensor] advertised on [world/default/model/x500_depth_0/link/base_link/sensor/air_pressure_sensor/air_pressure]
(2023-10-20T02:10:54.385016169) (2023-10-20T02:10:54.385038717) [Msg] Serving scene information on [/world/default/scene/info]
(2023-10-20T02:10:54.385177318) (2023-10-20T02:10:54.385194998) [Msg] Serving graph information on [/world/default/scene/graph]
(2023-10-20T02:10:54.385454461) (2023-10-20T02:10:54.385473647) [Msg] Serving full state on [/world/default/state]
(2023-10-20T02:10:54.385596227) (2023-10-20T02:10:54.385626659) [Msg] Serving full state (async) on [/world/default/state_async]
(2023-10-20T02:10:54.385778828) (2023-10-20T02:10:54.385799357) [Msg] Publishing scene information on [/world/default/scene/info]
(2023-10-20T02:10:54.386003150) (2023-10-20T02:10:54.386020963) [Msg] Publishing entity deletions on [/world/default/scene/deletion]
(2023-10-20T02:10:54.386153548) (2023-10-20T02:10:54.386170494) [Msg] Publishing state changes on [/world/default/state]
(2023-10-20T02:10:54.386320577) (2023-10-20T02:10:54.386339381) [Msg] Publishing pose messages on [/world/default/pose/info]
(2023-10-20T02:10:54.386503097) (2023-10-20T02:10:54.386521950) [Msg] Publishing dynamic pose messages on [/world/default/dynamic_pose/info]
(2023-10-20T02:10:54.387605598) (2023-10-20T02:10:54.387622391) [Dbg] [EntityComponentManager.cc:1655] Updated state thread iterators: 8 threads processing around 13 entities each.
(2023-10-20T02:10:54.419561154) (2023-10-20T02:10:54.419592631) [Wrn] [Component.hh:144] Trying to serialize component with data type [N3sdf3v135WorldE], which doesn't have `operator<<`. Component will not be serialized.
(2023-10-20T02:10:54.419837926) (2023-10-20T02:10:54.419875854) [Wrn] [Model.hh:69] Skipping serialization / deserialization for models with //pose/@relative_to attribute.
(2023-10-20T02:10:54.424985729) (2023-10-20T02:10:54.425034259) [Dbg] [SimulationRunner.cc:530] Exiting postupdate worker thread (33(2023-10-20T02:10:54.425135584) (2023-10-20T02:10:54.425153812) (2023-10-20T02:10:54.425188258) ) () ((2023-10-20T02:10:54.425218111) ((()
2023-10-20T02:10:54.425237356) (2023-10-20T02:10:54.425301824) ) [Dbg] [SimulationRunner.cc:530] ) [Dbg] [SimulationRunner.cc:530] 2023-10-20T02:10:54.425305223) (2023-10-20T02:10:54.425337145) 2023-10-20T02:10:54.425260124) 2023-10-20T02:10:54.425248916) Exiting postupdate worker thread (0)
[Dbg] [SimulationRunner.cc:530] Exiting postupdate worker thread (4)
[Dbg] [SimulationRunner.cc:530] Exiting postupdate worker thread (5)
[Dbg] [SimulationRunner.cc:530] Exiting postupdate worker thread (2)
[Dbg] [SimulationRunner.cc:530] Exiting postupdate worker thread (1)
(2023-10-20T02:10:54.425995945) (2023-10-20T02:10:54.426019975) [Dbg] [SimulationRunner.cc:503] Creating PostUpdate worker threads: 7
(2023-10-20T02:10:54.426073538) (2023-10-20T02:10:54.426086176) [Dbg] [SimulationRunner.cc:514] Creating postupdate worker thread (0)
(2023-10-20T02:10:54.428373759) (2023-10-20T02:10:54.428404611) [Dbg] [SimulationRunner.cc:514] Creating postupdate worker thread (1)
(2023-10-20T02:10:54.428506503) (2023-10-20T02:10:54.428526597) [Dbg] [SimulationRunner.cc:514] Creating postupdate worker thread (2)
(2023-10-20T02:10:54.428608701) (2023-10-20T02:10:54.428625756) [Dbg] [SimulationRunner.cc:514] Creating postupdate worker thread (3)
(2023-10-20T02:10:54.428702630) (2023-10-20T02:10:54.428719993) [Dbg] [SimulationRunner.cc:514] Creating postupdate worker thread (4)
(2023-10-20T02:10:54.428843834) (2023-10-20T02:10:54.428859494) [Dbg] [SimulationRunner.cc:514] Creating postupdate worker thread (5)
(2023-10-20T02:10:54.716826608) (2023-10-20T02:10:54.716839193) [Dbg] [RenderUtil.cc:2720] Create scene [scene]
(2023-10-20T02:10:54.768287332) (2023-10-20T02:10:54.768310458) ([Dbg] [Sensors.cc:277] ([Dbg] [Sensors.cc:277] Rendering Thread initialized
2023-10-20T02:10:54.768347616) (2023-10-20T02:10:54.768372434) [Dbg] [Sensors.cc:659] Initialization needed
(2023-10-20T02:10:54.773867351) (2023-10-20T02:10:54.773882968) [Wrn] [FuelClient.cc:1952] The fuel.ignitionrobotics.org URL is deprecrated. Pleasse change https://fuel.ignitionrobotics.org/1.0/openrobotics/models/prius hybrid/2/files/meshes/Hybrid.obj to https://fuel.gazebosim.org/1.0/openrobotics/models/prius hybrid/2/files/meshes/Hybrid.obj
(2023-10-20T02:10:54.773999660) (2023-10-20T02:10:54.774010034) [Wrn] [FuelClient.cc:1952] The fuel.ignitionrobotics.org URL is deprecrated. Pleasse change https://fuel.ignitionrobotics.org/1.0/openrobotics/models/prius hybrid/2/files/meshes/Hybrid.obj to https://fuel.gazebosim.org/1.0/openrobotics/models/prius hybrid/2/files/meshes/Hybrid.obj
(2023-10-20T02:10:54.778530311) (2023-10-20T02:10:54.778545868) [Wrn] [OBJLoader.cc:91] Both `d` and `Tr` parameters defined for "Hybrid". Use the value of `d` for dissolve (line 8 in .mtl.)
Both `d` and `Tr` parameters defined for "Wheels3". Use the value of `d` for dissolve (line 22 in .mtl.)
Both `d` and `Tr` parameters defined for "Hybrid_Interior". Use the value of `d` for dissolve (line 36 in .mtl.)
Both `d` and `Tr` parameters defined for "Windows". Use the value of `d` for dissolve (line 50 in .mtl.)

(2023-10-20T02:10:57.701662000) (2023-10-20T02:10:57.701681822) [Dbg] [CameraSensor.cc:458] Camera images for [prius_hybrid::chassis::back_camera_sensor] advertised on [back_camera]
(2023-10-20T02:10:57.701919918) (2023-10-20T02:10:57.701938559) [Dbg] [CameraSensor.cc:786] Camera info for [prius_hybrid::chassis::back_camera_sensor] advertised on [/camera_info]
(2023-10-20T02:10:57.702139939) (2023-10-20T02:10:57.702151245) [Wrn] [Ogre2Camera.cc:412] Ogre2Camera::SetVisibilityMask: Mask bits c0000000 are set but will be ignored as they conflict with the reserved bits used internally by the ogre2 backend.
(2023-10-20T02:10:57.702673221) (2023-10-20T02:10:57.702692168) [Dbg] [CameraSensor.cc:458] Camera images for [prius_hybrid::chassis::front_camera_sensor] advertised on [front_camera]
(2023-10-20T02:10:57.702804664) (2023-10-20T02:10:57.702822629) [Dbg] [CameraSensor.cc:786] Camera info for [prius_hybrid::chassis::front_camera_sensor] advertised on [/camera_info]
(2023-10-20T02:10:57.702908883) (2023-10-20T02:10:57.702919873) [Wrn] [Ogre2Camera.cc:412] Ogre2Camera::SetVisibilityMask: Mask bits c0000000 are set but will be ignored as they conflict with the reserved bits used internally by the ogre2 backend.
(2023-10-20T02:10:57.703204087) (2023-10-20T02:10:57.703222291) [Dbg] [CameraSensor.cc:458] Camera images for [prius_hybrid::chassis::left_camera_sensor] advertised on [left_camera]
(2023-10-20T02:10:57.703333348) (2023-10-20T02:10:57.703351554) [Dbg] [CameraSensor.cc:786] Camera info for [prius_hybrid::chassis::left_camera_sensor] advertised on [/camera_info]
(2023-10-20T02:10:57.703427957) (2023-10-20T02:10:57.703439687) [Wrn] [Ogre2Camera.cc:412] Ogre2Camera::SetVisibilityMask: Mask bits c0000000 are set but will be ignored as they conflict with the reserved bits used internally by the ogre2 backend.
(2023-10-20T02:10:57.703696593) (2023-10-20T02:10:57.703713992) [Dbg] [CameraSensor.cc:458] Camera images for [prius_hybrid::chassis::right_camera_sensor] advertised on [right_camera]
(2023-10-20T02:10:57.703818683) (2023-10-20T02:10:57.703832822) [Dbg] [CameraSensor.cc:786] Camera info for [prius_hybrid::chassis::right_camera_sensor] advertised on [/camera_info]
(2023-10-20T02:10:57.703896387) (2023-10-20T02:10:57.703906189) [Wrn] [Ogre2Camera.cc:412] Ogre2Camera::SetVisibilityMask: Mask bits c0000000 are set but will be ignored as they conflict with the reserved bits used internally by the ogre2 backend.
(2023-10-20T02:10:57.704175894) (2023-10-20T02:10:57.704194147) [Dbg] [CameraSensor.cc:458] Camera images for [x500_depth_0::OakD-Lite/base_link::IMX214] advertised on [camera]
(2023-10-20T02:10:57.704313723) (2023-10-20T02:10:57.704329913) [Dbg] [CameraSensor.cc:786] Camera info for [x500_depth_0::OakD-Lite/base_link::IMX214] advertised on [/camera_info]
(2023-10-20T02:10:57.704400896) (2023-10-20T02:10:57.704410649) [Wrn] [Ogre2Camera.cc:412] Ogre2Camera::SetVisibilityMask: Mask bits c0000000 are set but will be ignored as they conflict with the reserved bits used internally by the ogre2 backend.
(2023-10-20T02:10:57.704843129) (2023-10-20T02:10:57.704861655) [Dbg] [DepthCameraSensor.cc:282] Depth images for [x500_depth_0::OakD-Lite/base_link::StereoOV7251] advertised on [depth_camera]
(2023-10-20T02:10:57.704997519) (2023-10-20T02:10:57.705015039) [Dbg] [CameraSensor.cc:786] Camera info for [x500_depth_0::OakD-Lite/base_link::StereoOV7251] advertised on [/camera_info]
(2023-10-20T02:10:57.705240161) (2023-10-20T02:10:57.705259012) [Dbg] [DepthCameraSensor.cc:299] Points for [x500_depth_0::OakD-Lite/base_link::StereoOV7251] advertised on [depth_camera/points]
(2023-10-20T02:11:16.441729247) (2023-10-20T02:11:16.441763754) [Dbg] [SignalHandler.cc:142] Received signal[2].
(2023-10-20T02:11:16.441813187) (2023-10-20T02:11:16.441829795) [Dbg] [ServerPrivate.cc:115] Server received signal[2]
(2023-10-20T02:11:16.441870789) (2023-10-20T02:11:16.441880676) [Dbg] [Sensors.cc:433] SensorsPrivate::Stop
(2023-10-20T02:11:16.619956281) (2023-10-20T02:11:16.619979597) [Dbg] [Sensors.cc:419] SensorsPrivate::RenderThread stopped
(2023-10-20T02:11:16.623922320) (2023-10-20T02:11:16.623940503) [Dbg] [gz.cc:417] Shutting down gz-sim-server
((((((2023-10-20T02:11:16.630153688((2023-10-20T02:11:16.6301536882023-10-20T02:11:16.630196090) () (() ) 2023-10-20T02:11:16.6302049692023-10-20T02:11:16.630266416) () 2023-10-20T02:11:16.630277459) (2023-10-20T02:11:16.630372090) (2023-10-20T02:11:16.630399621) ((Exiting postupdate worker thread ([Dbg] [SimulationRunner.cc:530] 4)

Exiting postupdate worker thread ()2023-10-20T02:11:16.630333020) 2023-10-20T02:11:16.630491281) 
[Dbg] [SimulationRunner.cc:530] Exiting postupdate worker thread (5)
[Dbg] [SimulationRunner.cc:530] [Dbg] [SimulationRunner.cc:530] Exiting postupdate worker thread (0)
Exiting postupdate worker thread (Exiting postupdate worker thread (3)1)


(2023-10-20T02:11:16.673241378) (2023-10-20T02:11:16.673259269) [Dbg] [Sensors.cc:433] SensorsPrivate::Stop
