(2023-10-19T23:31:49.296212045) (2023-10-19T23:31:49.296221824) [Msg] Gazebo Sim Server v7.6.0
(2023-10-19T23:31:49.300000409) (2023-10-19T23:31:49.300010766) [Msg] Loading SDF world file[/home/bassam/PX4-Autopilot/Tools/simulation/gz/worlds/default.sdf].
(2023-10-19T23:31:49.363517361) (2023-10-19T23:31:49.363528717) [Wrn] [FuelClient.cc:1952] The fuel.ignitionrobotics.org URL is deprecrated. Pleasse change https://fuel.ignitionrobotics.org/1.0/openrobotics/models/Sonoma Raceway to https://fuel.gazebosim.org/1.0/openrobotics/models/Sonoma Raceway
(2023-10-19T23:31:49.464515611) (2023-10-19T23:31:49.464525852) [Msg] Serving entity system service on [/entity/system/add]
(2023-10-19T23:31:49.464758456) (2023-10-19T23:31:49.464765066) [Wrn] [SystemLoader.cc:79] Trying to load deprecated plugin [ignition-gazebo-physics-system]. Using [gz-sim-physics-system] instead.
(2023-10-19T23:31:49.574429239) (2023-10-19T23:31:49.574443593) [Dbg] [Physics.cc:880] Loaded [gz::physics::dartsim::Plugin] from library [/usr/lib/x86_64-linux-gnu/gz-physics-6/engine-plugins/libgz-physics-dartsim-plugin.so]
(2023-10-19T23:31:49.574506571) (2023-10-19T23:31:49.574514339) [Dbg] [SystemManager.cc:74] Loaded system [ignition::gazebo::systems::Physics] for entity [1]
(2023-10-19T23:31:49.574551427) (2023-10-19T23:31:49.574558778) [Wrn] [SystemLoader.cc:79] Trying to load deprecated plugin [ignition-gazebo-sensors-system]. Using [gz-sim-sensors-system] instead.
(2023-10-19T23:31:49.581752967) (2023-10-19T23:31:49.581765334) [Dbg] [Sensors.cc:506] Configuring Sensors system
(2023-10-19T23:31:49.581852194) (2023-10-19T23:31:49.581860413) [Dbg] [Sensors.cc:425] SensorsPrivate::Run
(2023-10-19T23:31:49.581930172) (2023-10-19T23:31:49.581938565) [Dbg] [SystemManager.cc:74] Loaded system [ignition::gazebo::systems::Sensors] for entity [1]
(2023-10-19T23:31:49.581971277) (2023-10-19T23:31:49.581978679) [Wrn] [SystemLoader.cc:79] Trying to load deprecated plugin [ignition-gazebo-user-commands-system]. Using [gz-sim-user-commands-system] instead.
(2023-10-19T23:31:49.584144458) (2023-10-19T23:31:49.584154617) [Msg] Create service on [/world/sonoma/create]
(2023-10-19T23:31:49.584410124) (2023-10-19T23:31:49.584419533) [Msg] Remove service on [/world/sonoma/remove]
(2023-10-19T23:31:49.584639711) (2023-10-19T23:31:49.584649209) [Msg] Pose service on [/world/sonoma/set_pose]
(2023-10-19T23:31:49.584911174) (2023-10-19T23:31:49.584920899) [Msg] Pose service on [/world/sonoma/set_pose_vector]
(2023-10-19T23:31:49.585199036) (2023-10-19T23:31:49.585208972) [Msg] Light configuration service on [/world/sonoma/light_config]
(2023-10-19T23:31:49.585607022) (2023-10-19T23:31:49.585616802) [Msg] Physics service on [/world/sonoma/set_physics]
(2023-10-19T23:31:49.585887499) (2023-10-19T23:31:49.585897135) [Msg] SphericalCoordinates service on [/world/sonoma/set_spherical_coordinates]
(2023-10-19T23:31:49.586168272) (2023-10-19T23:31:49.586179377) [Msg] Enable collision service on [/world/sonoma/enable_collision]
(2023-10-19T23:31:49.586355167) (2023-10-19T23:31:49.586364094) [Msg] Disable collision service on [/world/sonoma/disable_collision]
(2023-10-19T23:31:49.586648982) (2023-10-19T23:31:49.586658553) [Msg] Material service on [/world/sonoma/visual_config]
(2023-10-19T23:31:49.586882173) (2023-10-19T23:31:49.586891480) [Msg] Material service on [/world/sonoma/wheel_slip]
(2023-10-19T23:31:49.586930922) (2023-10-19T23:31:49.586938152) [Dbg] [SystemManager.cc:74] Loaded system [ignition::gazebo::systems::UserCommands] for entity [1]
(2023-10-19T23:31:49.586975424) (2023-10-19T23:31:49.586982976) [Wrn] [SystemLoader.cc:79] Trying to load deprecated plugin [ignition-gazebo-scene-broadcaster-system]. Using [gz-sim-scene-broadcaster-system] instead.
(2023-10-19T23:31:49.588571256) (2023-10-19T23:31:49.588581583) [Dbg] [SystemManager.cc:74] Loaded system [ignition::gazebo::systems::SceneBroadcaster] for entity [1]
(2023-10-19T23:31:49.590015632) (2023-10-19T23:31:49.590029424) [Dbg] [Sensors.cc:402] SensorsPrivate::RenderThread started
(2023-10-19T23:31:49.590051291) (2023-10-19T23:31:49.590058309) [Dbg] [Sensors.cc:245] Waiting for init
(2023-10-19T23:31:49.591867282) (2023-10-19T23:31:49.591877545) [Wrn] [SystemLoader.cc:79] Trying to load deprecated plugin [ignition-gazebo-ackermann-steering-system]. Using [gz-sim-ackermann-steering-system] instead.
(2023-10-19T23:31:49.593429716) (2023-10-19T23:31:49.593441139) [Msg] AckermannSteering subscribing to twist messages on [/cmd_vel]
(2023-10-19T23:31:49.593872903) (2023-10-19T23:31:49.593881838) [Dbg] [SystemManager.cc:74] Loaded system [ignition::gazebo::systems::AckermannSteering] for entity [8]
(2023-10-19T23:31:49.593989634) (2023-10-19T23:31:49.593998291) [Msg] Loaded level [3]
(2023-10-19T23:31:49.596130383) (2023-10-19T23:31:49.596140392) [Msg] Serving world controls on [/world/sonoma/control], [/world/sonoma/control/state] and [/world/sonoma/playback/control]
(2023-10-19T23:31:49.596534842) (2023-10-19T23:31:49.596544247) [Msg] Serving GUI information on [/world/sonoma/gui/info]
(2023-10-19T23:31:49.596572498) (2023-10-19T23:31:49.596579413) [Msg] World [sonoma] initialized with [default_physics] physics profile.
(2023-10-19T23:31:49.596830091) (2023-10-19T23:31:49.596839262) [Msg] Serving world SDF generation service on [/world/sonoma/generate_world_sdf]
(2023-10-19T23:31:49.597062815) (2023-10-19T23:31:49.597071923) [Msg] Serving world names on [/gazebo/worlds]
(2023-10-19T23:31:49.597246136) (2023-10-19T23:31:49.597254854) [Msg] Resource path add service on [/gazebo/resource_paths/add].
(2023-10-19T23:31:49.597431500) (2023-10-19T23:31:49.597440061) [Msg] Resource path get service on [/gazebo/resource_paths/get].
(2023-10-19T23:31:49.597628567) (2023-10-19T23:31:49.597637703) [Msg] Resource path resolve service on [/gazebo/resource_paths/resolve].
(2023-10-19T23:31:49.597788779) (2023-10-19T23:31:49.597797696) [Msg] Resource paths published on [/gazebo/resource_paths].
(2023-10-19T23:31:49.598752804) (2023-10-19T23:31:49.598761905) [Msg] Server control service on [/server_control].
(2023-10-19T23:31:51.298925661) (2023-10-19T23:31:51.298943481) [Msg] Found no publishers on /stats, adding root stats topic
(2023-10-19T23:31:51.299175938) (2023-10-19T23:31:51.299186488) [Msg] Found no publishers on /clock, adding root clock topic
(2023-10-19T23:31:51.299395995) (2023-10-19T23:31:51.299407528) [Dbg] [SimulationRunner.cc:503] Creating PostUpdate worker threads: 4
(2023-10-19T23:31:51.299463396) (2023-10-19T23:31:51.299472850) [Dbg] [SimulationRunner.cc:514] Creating postupdate worker thread (0)
(2023-10-19T23:31:51.299578049) (2023-10-19T23:31:51.299588717) [Dbg] [SimulationRunner.cc:514] Creating postupdate worker thread (1)
(2023-10-19T23:31:51.299682997) (2023-10-19T23:31:51.299694968) [Dbg] [SimulationRunner.cc:514] Creating postupdate worker thread (2)
(2023-10-19T23:31:51.301401560) (2023-10-19T23:31:51.301415418) [Dbg] [SDFFeatures.cc:328] Mesh construction from an SDF has not been implemented yet for dartsim. Use AttachMeshShapeFeature to use mesh shapes.
(2023-10-19T23:31:51.301433885) (2023-10-19T23:31:51.301438753) [Err] [SDFFeatures.cc:843] The geometry element of collision [collision] couldn't be created
(2023-10-19T23:31:51.306602469) (2023-10-19T23:31:51.306613655) [Wrn] [FuelClient.cc:1952] The fuel.ignitionrobotics.org URL is deprecrated. Pleasse change https://fuel.ignitionrobotics.org/1.0/openrobotics/models/sonoma raceway/3/files/meshes/Raceway.obj to https://fuel.gazebosim.org/1.0/openrobotics/models/sonoma raceway/3/files/meshes/Raceway.obj
(2023-10-19T23:31:51.306689647) (2023-10-19T23:31:51.306695114) [Wrn] [FuelClient.cc:1952] The fuel.ignitionrobotics.org URL is deprecrated. Pleasse change https://fuel.ignitionrobotics.org/1.0/openrobotics/models/sonoma raceway/3/files/meshes/Raceway.obj to https://fuel.gazebosim.org/1.0/openrobotics/models/sonoma raceway/3/files/meshes/Raceway.obj
(2023-10-19T23:31:51.359548217) (2023-10-19T23:31:51.359560297) [Wrn] [OBJLoader.cc:91] Both `d` and `Tr` parameters defined for "Asphalt". Use the value of `d` for dissolve (line 8 in .mtl.)
Both `d` and `Tr` parameters defined for "Track". Use the value of `d` for dissolve (line 22 in .mtl.)
Both `d` and `Tr` parameters defined for "Grass". Use the value of `d` for dissolve (line 36 in .mtl.)
Both `d` and `Tr` parameters defined for "RumbleStrip_Barrier". Use the value of `d` for dissolve (line 50 in .mtl.)
Both `d` and `Tr` parameters defined for "Checker". Use the value of `d` for dissolve (line 64 in .mtl.)
Both `d` and `Tr` parameters defined for "Railing". Use the value of `d` for dissolve (line 78 in .mtl.)
Both `d` and `Tr` parameters defined for "Fence". Use the value of `d` for dissolve (line 92 in .mtl.)
Both `d` and `Tr` parameters defined for "Wall". Use the value of `d` for dissolve (line 107 in .mtl.)
Both `d` and `Tr` parameters defined for "Trim". Use the value of `d` for dissolve (line 121 in .mtl.)
Both `d` and `Tr` parameters defined for "Window". Use the value of `d` for dissolve (line 135 in .mtl.)
Both `d` and `Tr` parameters defined for "Roof". Use the value of `d` for dissolve (line 149 in .mtl.)
Both `d` and `Tr` parameters defined for "TireStack". Use the value of `d` for dissolve (line 163 in .mtl.)
Both `d` and `Tr` parameters defined for "Bridge". Use the value of `d` for dissolve (line 177 in .mtl.)
Both `d` and `Tr` parameters defined for "Concrete". Use the value of `d` for dissolve (line 191 in .mtl.)
Both `d` and `Tr` parameters defined for "Stands". Use the value of `d` for dissolve (line 205 in .mtl.)

(2023-10-19T23:31:51.441004994) (2023-10-19T23:31:51.441023551) [Dbg] [Sensors.cc:659] Initialization needed
(2023-10-19T23:31:51.441096586) (2023-10-19T23:31:51.441104666) [Dbg] [Sensors.cc:257] Initializing render context
(2023-10-19T23:31:51.441192472) (2023-10-19T23:31:51.441197892) [Msg] Loading plugin [gz-rendering-ogre2]
(2023-10-19T23:31:51.441556997) (2023-10-19T23:31:51.441565153) [Msg] Serving scene information on [/world/sonoma/scene/info]
(2023-10-19T23:31:51.441626089) (2023-10-19T23:31:51.441631684) [Msg] Serving graph information on [/world/sonoma/scene/graph]
(2023-10-19T23:31:51.441756005) (2023-10-19T23:31:51.441762679) [Msg] Serving full state on [/world/sonoma/state]
(2023-10-19T23:31:51.441814445) (2023-10-19T23:31:51.441819910) [Msg] Serving full state (async) on [/world/sonoma/state_async]
(2023-10-19T23:31:51.441889126) (2023-10-19T23:31:51.441897521) [Msg] Publishing scene information on [/world/sonoma/scene/info]
(2023-10-19T23:31:51.441973584) (2023-10-19T23:31:51.441979624) [Msg] Publishing entity deletions on [/world/sonoma/scene/deletion]
(2023-10-19T23:31:51.442023949) (2023-10-19T23:31:51.442029303) [Msg] Publishing state changes on [/world/sonoma/state]
(2023-10-19T23:31:51.442092528) (2023-10-19T23:31:51.442112131) [Msg] Publishing pose messages on [/world/sonoma/pose/info]
(2023-10-19T23:31:51.442163713) (2023-10-19T23:31:51.442169389) [Msg] Publishing dynamic pose messages on [/world/sonoma/dynamic_pose/info]
(2023-10-19T23:31:51.442363971) (2023-10-19T23:31:51.442370652) [Dbg] [EntityComponentManager.cc:1655] Updated state thread iterators: 8 threads processing around 7 entities each.
(2023-10-19T23:31:51.453494164) (2023-10-19T23:31:51.453506536) [Wrn] [Model.hh:69] Skipping serialization / deserialization for models with //pose/@relative_to attribute.
(2023-10-19T23:31:51.453590397) (2023-10-19T23:31:51.453605002) [Wrn] [Component.hh:144] Trying to serialize component with data type [N3sdf3v135WorldE], which doesn't have `operator<<`. Component will not be serialized.
(2023-10-19T23:31:51.604549771) (2023-10-19T23:31:51.604556595) [Dbg] [RenderUtil.cc:2720] Create scene [scene]
((2023-10-19T23:31:51.6344349102023-10-19T23:31:51.634448857) 2023-10-19T23:31:51.634448857) ) () ) 2023-10-19T23:31:51.634471840) [Dbg] [Sensors.cc:277] Rendering Thread initialized
Initialization needed
(2023-10-19T23:31:51.927669694) (2023-10-19T23:31:51.927678444) [Wrn] [FuelClient.cc:1952] The fuel.ignitionrobotics.org URL is deprecrated. Pleasse change https://fuel.ignitionrobotics.org/1.0/openrobotics/models/prius hybrid/2/files/meshes/Hybrid.obj to https://fuel.gazebosim.org/1.0/openrobotics/models/prius hybrid/2/files/meshes/Hybrid.obj
(2023-10-19T23:31:51.927744301) (2023-10-19T23:31:51.927749623) [Wrn] [FuelClient.cc:1952] The fuel.ignitionrobotics.org URL is deprecrated. Pleasse change https://fuel.ignitionrobotics.org/1.0/openrobotics/models/prius hybrid/2/files/meshes/Hybrid.obj to https://fuel.gazebosim.org/1.0/openrobotics/models/prius hybrid/2/files/meshes/Hybrid.obj
(2023-10-19T23:31:51.931170715) (2023-10-19T23:31:51.931182621) [Wrn] [OBJLoader.cc:91] Both `d` and `Tr` parameters defined for "Hybrid". Use the value of `d` for dissolve (line 8 in .mtl.)
Both `d` and `Tr` parameters defined for "Wheels3". Use the value of `d` for dissolve (line 22 in .mtl.)
Both `d` and `Tr` parameters defined for "Hybrid_Interior". Use the value of `d` for dissolve (line 36 in .mtl.)
Both `d` and `Tr` parameters defined for "Windows". Use the value of `d` for dissolve (line 50 in .mtl.)

(2023-10-19T23:31:52.27128384) (2023-10-19T23:31:52.27136709) [Dbg] [CameraSensor.cc:458] Camera images for [prius_hybrid::chassis::back_camera_sensor] advertised on [back_camera]
(2023-10-19T23:31:52.27250829) (2023-10-19T23:31:52.27256974) [Dbg] [CameraSensor.cc:786] Camera info for [prius_hybrid::chassis::back_camera_sensor] advertised on [/camera_info]
(2023-10-19T23:31:52.27365261) (2023-10-19T23:31:52.27370841) [Wrn] [Ogre2Camera.cc:412] Ogre2Camera::SetVisibilityMask: Mask bits c0000000 are set but will be ignored as they conflict with the reserved bits used internally by the ogre2 backend.
(2023-10-19T23:31:52.27620569) (2023-10-19T23:31:52.27626811) [Dbg] [CameraSensor.cc:458] Camera images for [prius_hybrid::chassis::front_camera_sensor] advertised on [front_camera]
(2023-10-19T23:31:52.27672718) (2023-10-19T23:31:52.27678251) [Dbg] [CameraSensor.cc:786] Camera info for [prius_hybrid::chassis::front_camera_sensor] advertised on [/camera_info]
(2023-10-19T23:31:52.27713211) (2023-10-19T23:31:52.27718545) [Wrn] [Ogre2Camera.cc:412] Ogre2Camera::SetVisibilityMask: Mask bits c0000000 are set but will be ignored as they conflict with the reserved bits used internally by the ogre2 backend.
(2023-10-19T23:31:52.27868495) (2023-10-19T23:31:52.27874595) [Dbg] [CameraSensor.cc:458] Camera images for [prius_hybrid::chassis::left_camera_sensor] advertised on [left_camera]
(2023-10-19T23:31:52.27920224) (2023-10-19T23:31:52.27925811) [Dbg] [CameraSensor.cc:786] Camera info for [prius_hybrid::chassis::left_camera_sensor] advertised on [/camera_info]
(2023-10-19T23:31:52.27957449) (2023-10-19T23:31:52.27962276) [Wrn] [Ogre2Camera.cc:412] Ogre2Camera::SetVisibilityMask: Mask bits c0000000 are set but will be ignored as they conflict with the reserved bits used internally by the ogre2 backend.
(2023-10-19T23:31:52.28093733) (2023-10-19T23:31:52.28099936) [Dbg] [CameraSensor.cc:458] Camera images for [prius_hybrid::chassis::right_camera_sensor] advertised on [right_camera]
(2023-10-19T23:31:52.28143548) (2023-10-19T23:31:52.28149067) [Dbg] [CameraSensor.cc:786] Camera info for [prius_hybrid::chassis::right_camera_sensor] advertised on [/camera_info]
(2023-10-19T23:31:52.28180531) (2023-10-19T23:31:52.28185797) [Wrn] [Ogre2Camera.cc:412] Ogre2Camera::SetVisibilityMask: Mask bits c0000000 are set but will be ignored as they conflict with the reserved bits used internally by the ogre2 backend.
(2023-10-19T23:31:52.48449445) (2023-10-19T23:31:52.48461240) [Dbg] [CameraSensor.cc:583] Enabling camera sensor: 'prius_hybrid::chassis::front_camera_sensor' data generation.
(2023-10-19T23:32:06.385869337) (2023-10-19T23:32:06.385886352) [Dbg] [CameraSensor.cc:583] Enabling camera sensor: 'prius_hybrid::chassis::back_camera_sensor' data generation.
(2023-10-19T23:34:18.458003955) (2023-10-19T23:34:18.458015063) [Wrn] [MulticopterMotorModel.cc:257] No robotNamespace set using entity name.
(2023-10-19T23:34:18.458040316) (2023-10-19T23:34:18.458045577) [Wrn] [MulticopterMotorModel.cc:295] <motorNumber> is depricated, please use <actuator_number>.
(2023-10-19T23:34:18.458083544) (2023-10-19T23:34:18.458088853) [Dbg] [MulticopterMotorModel.cc:386] Listening to topic: x500_depth_0/command/motor_speed
(2023-10-19T23:34:18.458292415) (2023-10-19T23:34:18.458298811) [Dbg] [SystemManager.cc:74] Loaded system [gz::sim::systems::MulticopterMotorModel] for entity [53]
(2023-10-19T23:34:18.458528721) (2023-10-19T23:34:18.458535668) [Wrn] [MulticopterMotorModel.cc:257] No robotNamespace set using entity name.
(2023-10-19T23:34:18.458549827) (2023-10-19T23:34:18.458554545) [Wrn] [MulticopterMotorModel.cc:295] <motorNumber> is depricated, please use <actuator_number>.
(2023-10-19T23:34:18.458585663) (2023-10-19T23:34:18.458590762) [Dbg] [MulticopterMotorModel.cc:386] Listening to topic: x500_depth_0/command/motor_speed
(2023-10-19T23:34:18.458703003) (2023-10-19T23:34:18.458709276) [Dbg] [SystemManager.cc:74] Loaded system [gz::sim::systems::MulticopterMotorModel] for entity [53]
(2023-10-19T23:34:18.458960527) (2023-10-19T23:34:18.458969708) [Wrn] [MulticopterMotorModel.cc:257] No robotNamespace set using entity name.
(2023-10-19T23:34:18.458988512) (2023-10-19T23:34:18.458994448) [Wrn] [MulticopterMotorModel.cc:295] <motorNumber> is depricated, please use <actuator_number>.
(2023-10-19T23:34:18.459037477) (2023-10-19T23:34:18.459045163) [Dbg] [MulticopterMotorModel.cc:386] Listening to topic: x500_depth_0/command/motor_speed
(2023-10-19T23:34:18.459165022) (2023-10-19T23:34:18.459171497) [Dbg] [SystemManager.cc:74] Loaded system [gz::sim::systems::MulticopterMotorModel] for entity [53]
(2023-10-19T23:34:18.459412299) (2023-10-19T23:34:18.459419045) [Wrn] [MulticopterMotorModel.cc:257] No robotNamespace set using entity name.
(2023-10-19T23:34:18.459432768) (2023-10-19T23:34:18.459437235) [Wrn] [MulticopterMotorModel.cc:295] <motorNumber> is depricated, please use <actuator_number>.
(2023-10-19T23:34:18.459472246) (2023-10-19T23:34:18.459478867) [Dbg] [MulticopterMotorModel.cc:386] Listening to topic: x500_depth_0/command/motor_speed
(2023-10-19T23:34:18.459657514) (2023-10-19T23:34:18.459666943) [Dbg] [SystemManager.cc:74] Loaded system [gz::sim::systems::MulticopterMotorModel] for entity [53]
(2023-10-19T23:34:18.460028446) (2023-10-19T23:34:18.460038045) [Dbg] [UserCommands.cc:1263] Created entity [53] named [x500_depth_0]
((2023-10-19T23:34:18.473216838) ((2023-10-19T23:34:18.473233345(2023-10-19T23:34:18.4732333452023-10-19T23:34:18.473243763) ) (2023-10-19T23:34:18.473255265) ([Dbg] [SimulationRunner.cc:530] 2023-10-19T23:34:18.473282663[Dbg] [SimulationRunner.cc:530] 2023-10-19T23:34:18.473282663) ) Exiting postupdate worker thread ([Dbg] [SimulationRunner.cc:530] Exiting postupdate worker thread (0)

[Dbg] [SimulationRunner.cc:530] Exiting postupdate worker thread (2))
1)
(2023-10-19T23:34:18.473469193) (2023-10-19T23:34:18.473478046) [Dbg] [SimulationRunner.cc:503] Creating PostUpdate worker threads: 4
(2023-10-19T23:34:18.473505834) (2023-10-19T23:34:18.473511042) [Dbg] [SimulationRunner.cc:514] Creating postupdate worker thread (0)
(2023-10-19T23:34:18.473567566) (2023-10-19T23:34:18.473573340) [Dbg] [SimulationRunner.cc:514] Creating postupdate worker thread (1)
(2023-10-19T23:34:18.473598703) (2023-10-19T23:34:18.473603932) [Dbg] [SimulationRunner.cc:514] Creating postupdate worker thread (2)
(2023-10-19T23:34:20.109548089) (2023-10-19T23:34:20.109560488) [Dbg] [CameraSensor.cc:458] Camera images for [x500_depth_0::OakD-Lite/base_link::IMX214] advertised on [camera]
(2023-10-19T23:34:20.109627721) (2023-10-19T23:34:20.109635994) [Dbg] [CameraSensor.cc:786] Camera info for [x500_depth_0::OakD-Lite/base_link::IMX214] advertised on [/camera_info]
(2023-10-19T23:34:20.109701526) (2023-10-19T23:34:20.109707091) [Wrn] [Ogre2Camera.cc:412] Ogre2Camera::SetVisibilityMask: Mask bits c0000000 are set but will be ignored as they conflict with the reserved bits used internally by the ogre2 backend.
(2023-10-19T23:34:20.109948971) (2023-10-19T23:34:20.109958335) [Dbg] [DepthCameraSensor.cc:282] Depth images for [x500_depth_0::OakD-Lite/base_link::StereoOV7251] advertised on [depth_camera]
(2023-10-19T23:34:20.110032941) (2023-10-19T23:34:20.110041964) [Dbg] [CameraSensor.cc:786] Camera info for [x500_depth_0::OakD-Lite/base_link::StereoOV7251] advertised on [/camera_info]
(2023-10-19T23:34:20.110196662) (2023-10-19T23:34:20.110205839) [Dbg] [DepthCameraSensor.cc:299] Points for [x500_depth_0::OakD-Lite/base_link::StereoOV7251] advertised on [depth_camera/points]
(2023-10-19T23:34:26.545657822) (2023-10-19T23:34:26.545668580) [Wrn] [UserCommands.cc:1167] Entity named [x500_depth_0] already exists and [allow_renaming] is false. Entity not spawned.
(2023-10-19T23:34:45.937047771) (2023-10-19T23:34:45.937058953) [Wrn] [UserCommands.cc:1167] Entity named [x500_depth_0] already exists and [allow_renaming] is false. Entity not spawned.
(2023-10-19T23:35:07.382988794) (2023-10-19T23:35:07.382999735) [Wrn] [UserCommands.cc:1167] Entity named [x500_depth_0] already exists and [allow_renaming] is false. Entity not spawned.
(2023-10-19T23:35:32.460113660) (2023-10-19T23:35:32.460124398) [Wrn] [UserCommands.cc:1167] Entity named [x500_depth_0] already exists and [allow_renaming] is false. Entity not spawned.
(2023-10-19T23:35:40.815660222) (2023-10-19T23:35:40.815671217) [Dbg] [EntityComponentManager.cc:1655] Updated state thread iterators: 8 threads processing around 12 entities each.
(2023-10-19T23:39:36.827284533) (2023-10-19T23:39:36.827295382) [Wrn] [UserCommands.cc:1167] Entity named [x500_depth_0] already exists and [allow_renaming] is false. Entity not spawned.
(2023-10-19T23:41:05.403589250) (2023-10-19T23:41:05.403600280) [Wrn] [UserCommands.cc:1167] Entity named [x500_depth_0] already exists and [allow_renaming] is false. Entity not spawned.
