(2023-11-06T21:46:04.384690601) (2023-11-06T21:46:04.384703400) [Msg] Gazebo Sim Server v7.6.0
(2023-11-06T21:46:04.387976104) (2023-11-06T21:46:04.387990973) [Msg] Loading SDF world file[/usr/share/gz/gz-sim7/worlds/empty.sdf].
(2023-11-06T21:46:04.460457613) (2023-11-06T21:46:04.460482954) [Msg] Serving entity system service on [/entity/system/add]
(2023-11-06T21:46:04.587590124) (2023-11-06T21:46:04.587609328) [Dbg] [Physics.cc:880] Loaded [gz::physics::dartsim::Plugin] from library [/usr/lib/x86_64-linux-gnu/gz-physics-6/engine-plugins/libgz-physics-dartsim-plugin.so]
(2023-11-06T21:46:04.587685133) (2023-11-06T21:46:04.587694422) [Dbg] [SystemManager.cc:74] Loaded system [gz::sim::systems::Physics] for entity [1]
(2023-11-06T21:46:04.596720490) (2023-11-06T21:46:04.596739001) [Msg] Create service on [/world/empty/create]
(2023-11-06T21:46:04.597220446) (2023-11-06T21:46:04.597231761) [Msg] Remove service on [/world/empty/remove]
(2023-11-06T21:46:04.597628391) (2023-11-06T21:46:04.597639436) [Msg] Pose service on [/world/empty/set_pose]
(2023-11-06T21:46:04.597991118) (2023-11-06T21:46:04.598001964) [Msg] Pose service on [/world/empty/set_pose_vector]
(2023-11-06T21:46:04.598522610) (2023-11-06T21:46:04.598533711) [Msg] Light configuration service on [/world/empty/light_config]
(2023-11-06T21:46:04.599320010) (2023-11-06T21:46:04.599332070) [Msg] Physics service on [/world/empty/set_physics]
(2023-11-06T21:46:04.599812702) (2023-11-06T21:46:04.599823821) [Msg] SphericalCoordinates service on [/world/empty/set_spherical_coordinates]
(2023-11-06T21:46:04.600096427) (2023-11-06T21:46:04.600107389) [Msg] Enable collision service on [/world/empty/enable_collision]
(2023-11-06T21:46:04.600353739) (2023-11-06T21:46:04.600364300) [Msg] Disable collision service on [/world/empty/disable_collision]
(2023-11-06T21:46:04.600936286) (2023-11-06T21:46:04.600947731) [Msg] Material service on [/world/empty/visual_config]
(2023-11-06T21:46:04.601327942) (2023-11-06T21:46:04.601339013) [Msg] Material service on [/world/empty/wheel_slip]
(2023-11-06T21:46:04.601384087) (2023-11-06T21:46:04.601392974) [Dbg] [SystemManager.cc:74] Loaded system [gz::sim::systems::UserCommands] for entity [1]
(2023-11-06T21:46:04.603255523) (2023-11-06T21:46:04.603268067) [Dbg] [SystemManager.cc:74] Loaded system [gz::sim::systems::SceneBroadcaster] for entity [1]
(2023-11-06T21:46:04.607737318) (2023-11-06T21:46:04.607750554) [Dbg] [SystemManager.cc:74] Loaded system [gz::sim::systems::Contact] for entity [1]
(2023-11-06T21:46:04.608698413) (2023-11-06T21:46:04.608710769) [Msg] Loaded level [3]
(2023-11-06T21:46:04.611294710) (2023-11-06T21:46:04.611307727) [Msg] Serving world controls on [/world/empty/control], [/world/empty/control/state] and [/world/empty/playback/control]
(2023-11-06T21:46:04.611720802) (2023-11-06T21:46:04.611731961) [Msg] Serving GUI information on [/world/empty/gui/info]
(2023-11-06T21:46:04.611766562) (2023-11-06T21:46:04.611775406) [Msg] World [empty] initialized with [1ms] physics profile.
(2023-11-06T21:46:04.612362380) (2023-11-06T21:46:04.612373708) [Msg] Serving world SDF generation service on [/world/empty/generate_world_sdf]
(2023-11-06T21:46:04.612769254) (2023-11-06T21:46:04.612780332) [Msg] Serving world names on [/gazebo/worlds]
(2023-11-06T21:46:04.613055298) (2023-11-06T21:46:04.613066035) [Msg] Resource path add service on [/gazebo/resource_paths/add].
(2023-11-06T21:46:04.613343636) (2023-11-06T21:46:04.613354558) [Msg] Resource path get service on [/gazebo/resource_paths/get].
(2023-11-06T21:46:04.613619153) (2023-11-06T21:46:04.613637302) [Msg] Resource path resolve service on [/gazebo/resource_paths/resolve].
(2023-11-06T21:46:04.614125063) (2023-11-06T21:46:04.614136484) [Msg] Resource paths published on [/gazebo/resource_paths].
(2023-11-06T21:46:04.614564677) (2023-11-06T21:46:04.614575801) [Msg] Server control service on [/server_control].
(2023-11-06T21:46:04.615009325) (2023-11-06T21:46:04.615020273) [Wrn] [SimulationRunner.cc:676] Found additional publishers on /stats, using namespaced stats topic only
(2023-11-06T21:46:04.615049318) (2023-11-06T21:46:04.615071517) [Dbg] [SimulationRunner.cc:678] Publishers [Address, Message Type]:
(2023-11-06T21:46:04.615089498) (2023-11-06T21:46:04.615098224) [Dbg] [SimulationRunner.cc:683]   tcp://172.17.0.1:36669, gz.msgs.WorldStatistics
(2023-11-06T21:46:04.615546047) (2023-11-06T21:46:04.615557062) [Wrn] [SimulationRunner.cc:709] Found additional publishers on /clock, using namespaced clock topic only
(2023-11-06T21:46:04.615584110) (2023-11-06T21:46:04.615592739) [Dbg] [SimulationRunner.cc:711] Publishers [Address, Message Type]:
(2023-11-06T21:46:04.615609823) (2023-11-06T21:46:04.615618541) [Dbg] [SimulationRunner.cc:716]   tcp://172.17.0.1:36669, gz.msgs.Clock
(2023-11-06T21:46:04.615716710) (2023-11-06T21:46:04.615726317) [Dbg] [SimulationRunner.cc:503] Creating PostUpdate worker threads: 3
(2023-11-06T21:46:04.615755596) (2023-11-06T21:46:04.615764205) [Dbg] [SimulationRunner.cc:514] Creating postupdate worker thread (0)
(2023-11-06T21:46:04.615863707) (2023-11-06T21:46:04.615874079) [Dbg] [SimulationRunner.cc:514] Creating postupdate worker thread (1)
(2023-11-06T21:46:04.620693639) (2023-11-06T21:46:04.620708323) [Msg] Serving scene information on [/world/empty/scene/info]
(2023-11-06T21:46:04.620800416) (2023-11-06T21:46:04.620809181) [Msg] Serving graph information on [/world/empty/scene/graph]
(2023-11-06T21:46:04.621005814) (2023-11-06T21:46:04.621015669) [Msg] Serving full state on [/world/empty/state]
(2023-11-06T21:46:04.621096694) (2023-11-06T21:46:04.621105866) [Msg] Serving full state (async) on [/world/empty/state_async]
(2023-11-06T21:46:04.621184687) (2023-11-06T21:46:04.621193743) [Msg] Publishing scene information on [/world/empty/scene/info]
(2023-11-06T21:46:04.621292266) (2023-11-06T21:46:04.621301759) [Msg] Publishing entity deletions on [/world/empty/scene/deletion]
(2023-11-06T21:46:04.621368774) (2023-11-06T21:46:04.621377862) [Msg] Publishing state changes on [/world/empty/state]
(2023-11-06T21:46:04.621453417) (2023-11-06T21:46:04.621462610) [Msg] Publishing pose messages on [/world/empty/pose/info]
(2023-11-06T21:46:04.623175486) (2023-11-06T21:46:04.623186216) [Msg] Publishing dynamic pose messages on [/world/empty/dynamic_pose/info]
(2023-11-06T21:51:07.253304306) (2023-11-06T21:51:07.253324179) [Dbg] [SignalHandler.cc:142] Received signal[2].
(2023-11-06T21:51:07.253356569) (2023-11-06T21:51:07.253365181) [Dbg] [ServerPrivate.cc:115] Server received signal[2]
(2023-11-06T21:51:07.254249678) (2023-11-06T21:51:07.254269435) [Dbg] [gz.cc:417] Shutting down gz-sim-server
(2023-11-06T21:51:07.259059927) (2023-11-06T21:51:07.259077951) (2023-11-06T21:51:07.259380424) (2023-11-06T21:51:07.259408774) [Dbg] [SimulationRunner.cc:530] Exiting postupdate worker thread (0)
[Dbg] [SimulationRunner.cc:530] Exiting postupdate worker thread (1)
