(2023-11-06T22:06:37.667315106) (2023-11-06T22:06:37.667325617) [Msg] Gazebo Sim Server v7.6.0
(2023-11-06T22:06:37.670169237) (2023-11-06T22:06:37.670178889) [Msg] Loading SDF world file[/home/bassam/PX4-Autopilot/Tools/simulation/gz/worlds/default.sdf].
(2023-11-06T22:06:37.766909381) (2023-11-06T22:06:37.766921310) [Msg] Serving entity system service on [/entity/system/add]
(2023-11-06T22:06:37.868689156) (2023-11-06T22:06:37.868703920) [Dbg] [Physics.cc:880] Loaded [gz::physics::dartsim::Plugin] from library [/usr/lib/x86_64-linux-gnu/gz-physics-6/engine-plugins/libgz-physics-dartsim-plugin.so]
(2023-11-06T22:06:37.868771819) (2023-11-06T22:06:37.868779519) [Dbg] [SystemManager.cc:74] Loaded system [gz::sim::systems::Physics] for entity [1]
(2023-11-06T22:06:37.871151372) (2023-11-06T22:06:37.871164691) [Msg] Create service on [/world/default/create]
(2023-11-06T22:06:37.971536663) (2023-11-06T22:06:37.971551531) [Msg] Remove service on [/world/default/remove]
(2023-11-06T22:06:37.971651776) (2023-11-06T22:06:37.971658729) [Msg] Pose service on [/world/default/set_pose]
(2023-11-06T22:06:37.971742631) (2023-11-06T22:06:37.971749233) [Msg] Pose service on [/world/default/set_pose_vector]
(2023-11-06T22:06:37.971879539) (2023-11-06T22:06:37.971885964) [Msg] Light configuration service on [/world/default/light_config]
(2023-11-06T22:06:37.972052201) (2023-11-06T22:06:37.972058721) [Msg] Physics service on [/world/default/set_physics]
(2023-11-06T22:06:37.972176578) (2023-11-06T22:06:37.972182910) [Msg] SphericalCoordinates service on [/world/default/set_spherical_coordinates]
(2023-11-06T22:06:37.972238795) (2023-11-06T22:06:37.972244804) [Msg] Enable collision service on [/world/default/enable_collision]
(2023-11-06T22:06:37.972297183) (2023-11-06T22:06:37.972303496) [Msg] Disable collision service on [/world/default/disable_collision]
(2023-11-06T22:06:37.972430823) (2023-11-06T22:06:37.972437219) [Msg] Material service on [/world/default/visual_config]
(2023-11-06T22:06:37.972527750) (2023-11-06T22:06:37.972534036) [Msg] Material service on [/world/default/wheel_slip]
(2023-11-06T22:06:37.972562036) (2023-11-06T22:06:37.972566710) [Dbg] [SystemManager.cc:74] Loaded system [gz::sim::systems::UserCommands] for entity [1]
(2023-11-06T22:06:37.973755494) (2023-11-06T22:06:37.973763501) [Dbg] [SystemManager.cc:74] Loaded system [gz::sim::systems::SceneBroadcaster] for entity [1]
(2023-11-06T22:06:37.974507169) (2023-11-06T22:06:37.974515290) [Dbg] [SystemManager.cc:74] Loaded system [gz::sim::systems::Contact] for entity [1]
(2023-11-06T22:06:37.976023899) (2023-11-06T22:06:37.976035071) [Dbg] [SystemManager.cc:74] Loaded system [gz::sim::systems::Imu] for entity [1]
(2023-11-06T22:06:37.977019141) (2023-11-06T22:06:37.977027442) [Dbg] [SystemManager.cc:74] Loaded system [gz::sim::systems::AirPressure] for entity [1]
(2023-11-06T22:06:37.977989663) (2023-11-06T22:06:37.977997912) [Msg] Listening to instantaneous wrench commands in [/world/default/wrench]
(2023-11-06T22:06:37.978064097) (2023-11-06T22:06:37.978073076) [Msg] Listening to persistent wrench commands in [/world/default/wrench/persistent]
(2023-11-06T22:06:37.978130476) (2023-11-06T22:06:37.978139963) [Msg] Listening to wrench clear commands in [/world/default/wrench/clear]
(2023-11-06T22:06:37.978169506) (2023-11-06T22:06:37.978175100) [Dbg] [SystemManager.cc:74] Loaded system [gz::sim::systems::ApplyLinkWrench] for entity [1]
(2023-11-06T22:06:37.984521182) (2023-11-06T22:06:37.984536548) [Dbg] [Sensors.cc:506] Configuring Sensors system
(2023-11-06T22:06:37.984640338) (2023-11-06T22:06:37.984650065) [Dbg] [Sensors.cc:425] SensorsPrivate::Run
(2023-11-06T22:06:37.984738487) (2023-11-06T22:06:37.984748256) [Dbg] [SystemManager.cc:74] Loaded system [gz::sim::systems::Sensors] for entity [1]
2023-11-06T22:06:37.9847748262023-11-06T22:06:37.984774826) (2023-11-06T22:06:37.984812310) [Dbg] [Sensors.cc:402] SensorsPrivate::RenderThread started
(2023-11-06T22:06:37.984828540) (2023-11-06T22:06:37.984833303) [Dbg] [Sensors.cc:245] Waiting for init
(2023-11-06T22:06:37.988149049) (2023-11-06T22:06:37.988176142) [Wrn] [SystemLoader.cc:79] Trying to load deprecated plugin [ignition-gazebo-ackermann-steering-system]. Using [gz-sim-ackermann-steering-system] instead.
(2023-11-06T22:06:37.989734092) (2023-11-06T22:06:37.989746545) [Msg] AckermannSteering subscribing to twist messages on [/cmd_vel]
(2023-11-06T22:06:37.989996418) (2023-11-06T22:06:37.990007042) [Dbg] [SystemManager.cc:74] Loaded system [ignition::gazebo::systems::AckermannSteering] for entity [12]
(2023-11-06T22:06:37.990193473) (2023-11-06T22:06:37.990201604) [Msg] Loaded level [3]
(2023-11-06T22:06:37.992141279) (2023-11-06T22:06:37.992157193) [Msg] Serving world controls on [/world/default/control], [/world/default/control/state] and [/world/default/playback/control]
(2023-11-06T22:06:37.992462956) (2023-11-06T22:06:37.992472321) [Msg] Serving GUI information on [/world/default/gui/info]
(2023-11-06T22:06:37.992490910) (2023-11-06T22:06:37.992495524) [Msg] World [default] initialized with [default_physics] physics profile.
(2023-11-06T22:06:37.992751451) (2023-11-06T22:06:37.992763080) [Msg] Serving world SDF generation service on [/world/default/generate_world_sdf]
(2023-11-06T22:06:37.992969897) (2023-11-06T22:06:37.992980884) [Msg] Serving world names on [/gazebo/worlds]
(2023-11-06T22:06:37.993253536) (2023-11-06T22:06:37.993262341) [Msg] Resource path add service on [/gazebo/resource_paths/add].
(2023-11-06T22:06:38.93730372) (2023-11-06T22:06:38.93766865) [Msg] Resource path get service on [/gazebo/resource_paths/get].
(2023-11-06T22:06:38.294364843) (2023-11-06T22:06:38.294391303) [Msg] Resource path resolve service on [/gazebo/resource_paths/resolve].
(2023-11-06T22:06:38.294539559) (2023-11-06T22:06:38.294549463) [Msg] Resource paths published on [/gazebo/resource_paths].
(2023-11-06T22:06:38.294758250) (2023-11-06T22:06:38.294767973) [Msg] Server control service on [/server_control].
(2023-11-06T22:06:39.669269966) (2023-11-06T22:06:39.669280384) [Msg] Found no publishers on /stats, adding root stats topic
(2023-11-06T22:06:39.669449646) (2023-11-06T22:06:39.669458892) [Msg] Found no publishers on /clock, adding root clock topic
(2023-11-06T22:06:39.669691844) (2023-11-06T22:06:39.669701512) [Dbg] [SimulationRunner.cc:503] Creating PostUpdate worker threads: 7
(2023-11-06T22:06:39.669733247) (2023-11-06T22:06:39.669740720) [Dbg] [SimulationRunner.cc:514] Creating postupdate worker thread (0)
(2023-11-06T22:06:39.669815742) (2023-11-06T22:06:39.669822066) [Dbg] [SimulationRunner.cc:514] Creating postupdate worker thread (1)
(2023-11-06T22:06:39.669867473) (2023-11-06T22:06:39.669875428) [Dbg] [SimulationRunner.cc:514] Creating postupdate worker thread (2)
(2023-11-06T22:06:39.669930068) (2023-11-06T22:06:39.669938630) [Dbg] [SimulationRunner.cc:514] Creating postupdate worker thread (3)
(2023-11-06T22:06:39.669984995) (2023-11-06T22:06:39.669993277) [Dbg] [SimulationRunner.cc:514] Creating postupdate worker thread (4)
(2023-11-06T22:06:39.670038564) (2023-11-06T22:06:39.670046754) [Dbg] [SimulationRunner.cc:514] Creating postupdate worker thread (5)
(2023-11-06T22:06:39.909368717) (2023-11-06T22:06:39.909382107) [Wrn] [MulticopterMotorModel.cc:257] No robotNamespace set using entity name.
(2023-11-06T22:06:39.909410268) (2023-11-06T22:06:39.909416484) [Wrn] [MulticopterMotorModel.cc:295] <motorNumber> is depricated, please use <actuator_number>.
(2023-11-06T22:06:39.909458552) (2023-11-06T22:06:39.909464532) [Dbg] [MulticopterMotorModel.cc:386] Listening to topic: x500_depth_0/command/motor_speed
(2023-11-06T22:06:39.909889174) (2023-11-06T22:06:39.909897786) [Dbg] [SystemManager.cc:74] Loaded system [gz::sim::systems::MulticopterMotorModel] for entity [60]
(2023-11-06T22:06:39.910236742) (2023-11-06T22:06:39.910249586) [Wrn] [MulticopterMotorModel.cc:257] No robotNamespace set using entity name.
(2023-11-06T22:06:39.910268023) (2023-11-06T22:06:39.910273714) [Wrn] [MulticopterMotorModel.cc:295] <motorNumber> is depricated, please use <actuator_number>.
(2023-11-06T22:06:39.910316204) (2023-11-06T22:06:39.910325691) [Dbg] [MulticopterMotorModel.cc:386] Listening to topic: x500_depth_0/command/motor_speed
(2023-11-06T22:06:39.910772847) (2023-11-06T22:06:39.910784141) [Dbg] [SystemManager.cc:74] Loaded system [gz::sim::systems::MulticopterMotorModel] for entity [60]
(2023-11-06T22:06:39.911234766) (2023-11-06T22:06:39.911246727) [Wrn] [MulticopterMotorModel.cc:257] No robotNamespace set using entity name.
(2023-11-06T22:06:39.911272544) (2023-11-06T22:06:39.911281313) [Wrn] [MulticopterMotorModel.cc:295] <motorNumber> is depricated, please use <actuator_number>.
(2023-11-06T22:06:39.911334934) (2023-11-06T22:06:39.911343702) [Dbg] [MulticopterMotorModel.cc:386] Listening to topic: x500_depth_0/command/motor_speed
(2023-11-06T22:06:39.911986835) (2023-11-06T22:06:39.911999461) [Dbg] [SystemManager.cc:74] Loaded system [gz::sim::systems::MulticopterMotorModel] for entity [60]
(2023-11-06T22:06:39.912372690) (2023-11-06T22:06:39.912384424) [Wrn] [MulticopterMotorModel.cc:257] No robotNamespace set using entity name.
(2023-11-06T22:06:39.912403411) (2023-11-06T22:06:39.912412369) [Wrn] [MulticopterMotorModel.cc:295] <motorNumber> is depricated, please use <actuator_number>.
(2023-11-06T22:06:39.912468196) (2023-11-06T22:06:39.912478433) [Dbg] [MulticopterMotorModel.cc:386] Listening to topic: x500_depth_0/command/motor_speed
(2023-11-06T22:06:39.913018756) (2023-11-06T22:06:39.913030855) [Dbg] [SystemManager.cc:74] Loaded system [gz::sim::systems::MulticopterMotorModel] for entity [60]
(2023-11-06T22:06:39.913497502) (2023-11-06T22:06:39.913509001) [Dbg] [UserCommands.cc:1263] Created entity [60] named [x500_depth_0]
(2023-11-06T22:06:39.926339087) (2023-11-06T22:06:39.926358259) [Dbg] [SimulationFeatures.cc:72] Simulation timestep set to: 0.004
(2023-11-06T22:06:39.928799274) (2023-11-06T22:06:39.928833087) [Dbg] [Sensors.cc:659] Initialization needed
(2023-11-06T22:06:39.928885100) (2023-11-06T22:06:39.928900590) [Dbg] [Sensors.cc:257] Initializing render context
(2023-11-06T22:06:39.929033531) (2023-11-06T22:06:39.929045174) [Msg] Loading plugin [gz-rendering-ogre2]
(2023-11-06T22:06:39.929215270) (2023-11-06T22:06:39.929228268) ([Dbg] [AirPressureSensor.cc:126] Air pressure for [x500_depth_0::base_link::air_pressure_sensor] advertised on [2023-11-06T22:06:39.929260371world/default/model/x500_depth_0/link/base_link/sensor/air_pressure_sensor/air_pressure]
) (2023-11-06T22:06:39.929335512) [Dbg] [ImuSensor.cc:149] IMU data for [x500_depth_0::base_link::imu_sensor] advertised on [world/default/model/x500_depth_0/link/base_link/sensor/imu_sensor/imu]
(2023-11-06T22:06:39.930771775) (2023-11-06T22:06:39.930790714) [Msg] Serving scene information on [/world/default/scene/info]
(2023-11-06T22:06:39.930926150) (2023-11-06T22:06:39.930938533) [Msg] Serving graph information on [/world/default/scene/graph]
(2023-11-06T22:06:39.931254774) (2023-11-06T22:06:39.931268074) [Msg] Serving full state on [/world/default/state]
(2023-11-06T22:06:39.931376480) (2023-11-06T22:06:39.931387431) [Msg] Serving full state (async) on [/world/default/state_async]
(2023-11-06T22:06:39.931504215) (2023-11-06T22:06:39.931517090) [Msg] Publishing scene information on [/world/default/scene/info]
(2023-11-06T22:06:39.931845693) (2023-11-06T22:06:39.931855166) [Msg] Publishing entity deletions on [/world/default/scene/deletion]
(2023-11-06T22:06:39.931926771) (2023-11-06T22:06:39.931938441) [Msg] Publishing state changes on [/world/default/state]
(2023-11-06T22:06:39.932045289) (2023-11-06T22:06:39.932057383) [Msg] Publishing pose messages on [/world/default/pose/info]
(2023-11-06T22:06:39.932262079) (2023-11-06T22:06:39.932273998) [Msg] Publishing dynamic pose messages on [/world/default/dynamic_pose/info]
(2023-11-06T22:06:39.933053708) (2023-11-06T22:06:39.933068676) [Dbg] [EntityComponentManager.cc:1655] Updated state thread iterators: 8 threads processing around 13 entities each.
(2023-11-06T22:06:39.947140244) (2023-11-06T22:06:39.947163093) [Wrn] [Model.hh:69] Skipping serialization / deserialization for models with //pose/@relative_to attribute.
(2023-11-06T22:06:39.947437594) (2023-11-06T22:06:39.947462052) [Wrn] [Component.hh:144] Trying to serialize component with data type [N3sdf3v135WorldE], which doesn't have `operator<<`. Component will not be serialized.
(((2023-11-06T22:06:39.951604625) (2023-11-06T22:06:39.9516200332023-11-06T22:06:39.9515902502023-11-06T22:06:39.9516200332023-11-06T22:06:39.9515902502023-11-06T22:06:39.9516200332023-11-06T22:06:39.9515902502023-11-06T22:06:39.951635756) () ) ) ((2023-11-06T22:06:39.951662701) 2023-11-06T22:06:39.951668809) ) ) (2023-11-06T22:06:39.951700005([Dbg] [SimulationRunner.cc:530] Exiting postupdate worker thread (3)
2023-11-06T22:06:39.951721088) [Dbg] [SimulationRunner.cc:530] Exiting postupdate worker thread (5)
) (2023-11-06T22:06:39.951800360) [Dbg] [SimulationRunner.cc:530] Exiting postupdate worker thread (00[Dbg] [SimulationRunner.cc:530] Exiting postupdate worker thread (4)
)
[Dbg] [SimulationRunner.cc:530] Exiting postupdate worker thread (2)
(2023-11-06T22:06:39.952227229) (2023-11-06T22:06:39.952240360) [Dbg] [SimulationRunner.cc:530] Exiting postupdate worker thread (1)
(2023-11-06T22:06:39.953351277) (2023-11-06T22:06:39.953360130) [Dbg] [SimulationRunner.cc:503] Creating PostUpdate worker threads: 7
(2023-11-06T22:06:39.953382784) (2023-11-06T22:06:39.953388357) [Dbg] [SimulationRunner.cc:514] Creating postupdate worker thread (0)
(2023-11-06T22:06:39.953427539) (2023-11-06T22:06:39.953437127) [Dbg] [SimulationRunner.cc:514] Creating postupdate worker thread (1)
(2023-11-06T22:06:39.953470352) (2023-11-06T22:06:39.953480022) [Dbg] [SimulationRunner.cc:514] Creating postupdate worker thread (2)
(2023-11-06T22:06:39.953519312) (2023-11-06T22:06:39.953529012) [Dbg] [SimulationRunner.cc:514] Creating postupdate worker thread (3)
(2023-11-06T22:06:39.953583495) (2023-11-06T22:06:39.953591741) [Dbg] [SimulationRunner.cc:514] Creating postupdate worker thread (4)
(2023-11-06T22:06:39.953655326) (2023-11-06T22:06:39.953662250) [Dbg] [SimulationRunner.cc:514] Creating postupdate worker thread (5)
(2023-11-06T22:06:40.249388421) (2023-11-06T22:06:40.249399977) [Dbg] [RenderUtil.cc:2720] Create scene [scene]
((2023-11-06T22:06:40.310359034) (2023-11-06T22:06:40.310372064) (2023-11-06T22:06:40.310398307) ) [Dbg] [Sensors.cc:659] Initialization needed
Rendering Thread initialized
(2023-11-06T22:06:40.315476068) (2023-11-06T22:06:40.315488739) [Wrn] [FuelClient.cc:1952] The fuel.ignitionrobotics.org URL is deprecrated. Pleasse change https://fuel.ignitionrobotics.org/1.0/openrobotics/models/prius hybrid/2/files/meshes/Hybrid.obj to https://fuel.gazebosim.org/1.0/openrobotics/models/prius hybrid/2/files/meshes/Hybrid.obj
(2023-11-06T22:06:40.315596188) (2023-11-06T22:06:40.315605860) [Wrn] [FuelClient.cc:1952] The fuel.ignitionrobotics.org URL is deprecrated. Pleasse change https://fuel.ignitionrobotics.org/1.0/openrobotics/models/prius hybrid/2/files/meshes/Hybrid.obj to https://fuel.gazebosim.org/1.0/openrobotics/models/prius hybrid/2/files/meshes/Hybrid.obj
(2023-11-06T22:06:40.320248020) (2023-11-06T22:06:40.320264246) [Wrn] [OBJLoader.cc:91] Both `d` and `Tr` parameters defined for "Hybrid". Use the value of `d` for dissolve (line 8 in .mtl.)
Both `d` and `Tr` parameters defined for "Wheels3". Use the value of `d` for dissolve (line 22 in .mtl.)
Both `d` and `Tr` parameters defined for "Hybrid_Interior". Use the value of `d` for dissolve (line 36 in .mtl.)
Both `d` and `Tr` parameters defined for "Windows". Use the value of `d` for dissolve (line 50 in .mtl.)

(2023-11-06T22:06:40.410572771) (2023-11-06T22:06:40.410584327) [Err] [SceneManager.cc:887] PBR material: currently only metal workflow is supported. Gazebo will try to render the material using metal workflow but without Roughness / Metalness settings.
(2023-11-06T22:06:42.55786733) (2023-11-06T22:06:42.55798488) [Dbg] [CameraSensor.cc:458] Camera images for [prius_hybrid::chassis::back_camera_sensor] advertised on [back_camera]
(2023-11-06T22:06:42.56006397) (2023-11-06T22:06:42.56015184) [Dbg] [CameraSensor.cc:786] Camera info for [prius_hybrid::chassis::back_camera_sensor] advertised on [/camera_info]
(2023-11-06T22:06:42.56152782) (2023-11-06T22:06:42.56160611) [Wrn] [Ogre2Camera.cc:412] Ogre2Camera::SetVisibilityMask: Mask bits c0000000 are set but will be ignored as they conflict with the reserved bits used internally by the ogre2 backend.
(2023-11-06T22:06:42.56559346) (2023-11-06T22:06:42.56568130) [Dbg] [CameraSensor.cc:458] Camera images for [prius_hybrid::chassis::front_camera_sensor] advertised on [front_camera]
(2023-11-06T22:06:42.56696677) (2023-11-06T22:06:42.56705726) [Dbg] [CameraSensor.cc:786] Camera info for [prius_hybrid::chassis::front_camera_sensor] advertised on [/camera_info]
(2023-11-06T22:06:42.56755252) (2023-11-06T22:06:42.56762037) [Wrn] [Ogre2Camera.cc:412] Ogre2Camera::SetVisibilityMask: Mask bits c0000000 are set but will be ignored as they conflict with the reserved bits used internally by the ogre2 backend.
(2023-11-06T22:06:42.57093539) (2023-11-06T22:06:42.57102692) [Dbg] [CameraSensor.cc:458] Camera images for [prius_hybrid::chassis::left_camera_sensor] advertised on [left_camera]
(2023-11-06T22:06:42.57226483) (2023-11-06T22:06:42.57234937) [Dbg] [CameraSensor.cc:786] Camera info for [prius_hybrid::chassis::left_camera_sensor] advertised on [/camera_info]
(2023-11-06T22:06:42.57283737) (2023-11-06T22:06:42.57290818) [Wrn] [Ogre2Camera.cc:412] Ogre2Camera::SetVisibilityMask: Mask bits c0000000 are set but will be ignored as they conflict with the reserved bits used internally by the ogre2 backend.
(2023-11-06T22:06:42.57605579) (2023-11-06T22:06:42.57614387) [Dbg] [CameraSensor.cc:458] Camera images for [prius_hybrid::chassis::right_camera_sensor] advertised on [right_camera]
(2023-11-06T22:06:42.57739404) (2023-11-06T22:06:42.57747786) [Dbg] [CameraSensor.cc:786] Camera info for [prius_hybrid::chassis::right_camera_sensor] advertised on [/camera_info]
(2023-11-06T22:06:42.57795619) (2023-11-06T22:06:42.57802858) [Wrn] [Ogre2Camera.cc:412] Ogre2Camera::SetVisibilityMask: Mask bits c0000000 are set but will be ignored as they conflict with the reserved bits used internally by the ogre2 backend.
(2023-11-06T22:06:42.58113741) (2023-11-06T22:06:42.58122788) [Dbg] [CameraSensor.cc:458] Camera images for [x500_depth_0::OakD-Lite/base_link::IMX214] advertised on [camera]
(2023-11-06T22:06:42.58251806) (2023-11-06T22:06:42.58260310) [Dbg] [CameraSensor.cc:786] Camera info for [x500_depth_0::OakD-Lite/base_link::IMX214] advertised on [/camera_info]
(2023-11-06T22:06:42.58314125) (2023-11-06T22:06:42.58321220) [Wrn] [Ogre2Camera.cc:412] Ogre2Camera::SetVisibilityMask: Mask bits c0000000 are set but will be ignored as they conflict with the reserved bits used internally by the ogre2 backend.
(2023-11-06T22:06:42.58679474) (2023-11-06T22:06:42.58693577) [Dbg] [DepthCameraSensor.cc:282] Depth images for [x500_depth_0::OakD-Lite/base_link::StereoOV7251] advertised on [depth_camera]
(2023-11-06T22:06:42.58812906) (2023-11-06T22:06:42.58826042) [Dbg] [CameraSensor.cc:786] Camera info for [x500_depth_0::OakD-Lite/base_link::StereoOV7251] advertised on [/camera_info]
(2023-11-06T22:06:42.59026435) (2023-11-06T22:06:42.59039417) [Dbg] [DepthCameraSensor.cc:299] Points for [x500_depth_0::OakD-Lite/base_link::StereoOV7251] advertised on [depth_camera/points]
(2023-11-06T22:07:00.197493833) (2023-11-06T22:07:00.197514507) [Dbg] [SignalHandler.cc:142] Received signal[2].
(2023-11-06T22:07:00.198080770) (2023-11-06T22:07:00.198093921) [Dbg] [ServerPrivate.cc:115] Server received signal[2]
(2023-11-06T22:07:00.198122562) (2023-11-06T22:07:00.198131157) [Dbg] [Sensors.cc:433] SensorsPrivate::Stop
(2023-11-06T22:07:00.635264380) (2023-11-06T22:07:00.635286496) [Dbg] [Sensors.cc:419] SensorsPrivate::RenderThread stopped
(2023-11-06T22:07:00.643352955) (2023-11-06T22:07:00.643374882) [Dbg] [gz.cc:417] Shutting down gz-sim-server
(((2023-11-06T22:07:00.647314900) (((2023-11-06T22:07:00.6473707932023-11-06T22:07:00.647390812) 2023-11-06T22:07:00.647346937) (2023-11-06T22:07:00.647380933) (2023-11-06T22:07:00.6474256272023-11-06T22:07:00.647330792) (() ) 2023-11-06T22:07:00.647410831[Dbg] [SimulationRunner.cc:530] (Exiting postupdate worker thread (22023-11-06T22:07:00.647496249) ) 2023-11-06T22:07:00.647502591) )
2023-11-06T22:07:00.647537875) (2023-11-06T22:07:00.647566637) [Dbg] [SimulationRunner.cc:530] Exiting postupdate worker thread (5)
[Dbg] [SimulationRunner.cc:530] Exiting postupdate worker thread (3)
[Dbg] [SimulationRunner.cc:530] [Dbg] [SimulationRunner.cc:530] Exiting postupdate worker thread (0Exiting postupdate worker thread (4)
[Dbg] [SimulationRunner.cc:530] [Dbg] [SimulationRunner.cc:530] Exiting postupdate worker thread (1
)
(2023-11-06T22:07:00.784715015) (2023-11-06T22:07:00.784728920) [Dbg] [Sensors.cc:433] SensorsPrivate::Stop
