(2023-11-06T22:10:08.764519625) (2023-11-06T22:10:08.764539451) [Msg] Gazebo Sim Server v7.6.0
(2023-11-06T22:10:08.769591770) (2023-11-06T22:10:08.769607764) [Msg] Loading SDF world file[/home/bassam/PX4-Autopilot/Tools/simulation/gz/worlds/default.sdf].
(2023-11-06T22:10:08.953559406) (2023-11-06T22:10:08.953584496) [Msg] Serving entity system service on [/entity/system/add]
(2023-11-06T22:10:09.182046365) (2023-11-06T22:10:09.182072379) [Dbg] [Physics.cc:880] Loaded [gz::physics::dartsim::Plugin] from library [/usr/lib/x86_64-linux-gnu/gz-physics-6/engine-plugins/libgz-physics-dartsim-plugin.so]
(2023-11-06T22:10:09.182190994) (2023-11-06T22:10:09.182206134) [Dbg] [SystemManager.cc:74] Loaded system [gz::sim::systems::Physics] for entity [1]
(2023-11-06T22:10:09.289137312) (2023-11-06T22:10:09.289161392) [Msg] Create service on [/world/default/create]
(2023-11-06T22:10:09.289368846) (2023-11-06T22:10:09.289388640) [Msg] Remove service on [/world/default/remove]
(2023-11-06T22:10:09.289584736) (2023-11-06T22:10:09.289602576) [Msg] Pose service on [/world/default/set_pose]
(2023-11-06T22:10:09.289823773) (2023-11-06T22:10:09.289843122) [Msg] Pose service on [/world/default/set_pose_vector]
(2023-11-06T22:10:09.390411125) (2023-11-06T22:10:09.390441963) [Msg] Light configuration service on [/world/default/light_config]
(2023-11-06T22:10:09.390933787) (2023-11-06T22:10:09.390954159) [Msg] Physics service on [/world/default/set_physics]
(2023-11-06T22:10:09.391280858) (2023-11-06T22:10:09.391300096) [Msg] SphericalCoordinates service on [/world/default/set_spherical_coordinates]
(2023-11-06T22:10:09.391465779) (2023-11-06T22:10:09.391484226) [Msg] Enable collision service on [/world/default/enable_collision]
(2023-11-06T22:10:09.391651219) (2023-11-06T22:10:09.391669735) [Msg] Disable collision service on [/world/default/disable_collision]
(2023-11-06T22:10:09.392019655) (2023-11-06T22:10:09.392038815) [Msg] Material service on [/world/default/visual_config]
(2023-11-06T22:10:09.392259749) (2023-11-06T22:10:09.392278000) [Msg] Material service on [/world/default/wheel_slip]
(2023-11-06T22:10:09.392332279) (2023-11-06T22:10:09.392341129) [Dbg] [SystemManager.cc:74] Loaded system [gz::sim::systems::UserCommands] for entity [1]
(2023-11-06T22:10:09.394496742) (2023-11-06T22:10:09.394511582) [Dbg] [SystemManager.cc:74] Loaded system [gz::sim::systems::SceneBroadcaster] for entity [1]
(2023-11-06T22:10:09.395899910) (2023-11-06T22:10:09.395913972) [Dbg] [SystemManager.cc:74] Loaded system [gz::sim::systems::Contact] for entity [1]
(2023-11-06T22:10:09.397868300) (2023-11-06T22:10:09.397882723) [Dbg] [SystemManager.cc:74] Loaded system [gz::sim::systems::Imu] for entity [1]
(2023-11-06T22:10:09.399599099) (2023-11-06T22:10:09.399615156) [Dbg] [SystemManager.cc:74] Loaded system [gz::sim::systems::AirPressure] for entity [1]
(2023-11-06T22:10:09.401243267) (2023-11-06T22:10:09.401263709) [Msg] Listening to instantaneous wrench commands in [/world/default/wrench]
(2023-11-06T22:10:09.401453684) (2023-11-06T22:10:09.401465782) [Msg] Listening to persistent wrench commands in [/world/default/wrench/persistent]
(2023-11-06T22:10:09.401654628) (2023-11-06T22:10:09.401667092) [Msg] Listening to wrench clear commands in [/world/default/wrench/clear]
(2023-11-06T22:10:09.401711833) (2023-11-06T22:10:09.401726993) [Dbg] [SystemManager.cc:74] Loaded system [gz::sim::systems::ApplyLinkWrench] for entity [1]
(2023-11-06T22:10:09.411260507) (2023-11-06T22:10:09.411278690) [Dbg] [Sensors.cc:506] Configuring Sensors system
(2023-11-06T22:10:09.411400829) (2023-11-06T22:10:09.411411720) [Dbg] [Sensors.cc:425] SensorsPrivate::Run
(2023-11-06T22:10:09.411520463) (2023-11-06T22:10:09.411533032) [Dbg] [SystemManager.cc:74] Loaded system [gz::sim::systems::Sensors] for entity [1]
(2023-11-06T22:10:09.411597112) (2023-11-06T22:10:09.411617655) [Dbg] [Sensors.cc:402] SensorsPrivate::RenderThread started
(2023-11-06T22:10:09.411645303) (2023-11-06T22:10:09.411653495) [Dbg] [Sensors.cc:245] Waiting for init
(2023-11-06T22:10:09.415435179) (2023-11-06T22:10:09.415450490) [Wrn] [SystemLoader.cc:79] Trying to load deprecated plugin [ignition-gazebo-ackermann-steering-system]. Using [gz-sim-ackermann-steering-system] instead.
(2023-11-06T22:10:09.418820540) (2023-11-06T22:10:09.418844327) [Msg] AckermannSteering subscribing to twist messages on [/cmd_vel]
(2023-11-06T22:10:09.419394207) (2023-11-06T22:10:09.419408797) [Dbg] [SystemManager.cc:74] Loaded system [ignition::gazebo::systems::AckermannSteering] for entity [11]
(2023-11-06T22:10:09.419630407) (2023-11-06T22:10:09.419642156) [Msg] Loaded level [3]
(2023-11-06T22:10:09.422220813) (2023-11-06T22:10:09.422238937) [Msg] Serving world controls on [/world/default/control], [/world/default/control/state] and [/world/default/playback/control]
(2023-11-06T22:10:09.422650278) (2023-11-06T22:10:09.422667380) [Msg] Serving GUI information on [/world/default/gui/info]
(2023-11-06T22:10:09.422701147) (2023-11-06T22:10:09.422709410) [Msg] World [default] initialized with [default_physics] physics profile.
(2023-11-06T22:10:09.423035753) (2023-11-06T22:10:09.423055885) [Msg] Serving world SDF generation service on [/world/default/generate_world_sdf]
(2023-11-06T22:10:09.423306731) (2023-11-06T22:10:09.423324975) [Msg] Serving world names on [/gazebo/worlds]
(2023-11-06T22:10:09.423525584) (2023-11-06T22:10:09.423543696) [Msg] Resource path add service on [/gazebo/resource_paths/add].
(2023-11-06T22:10:09.423740295) (2023-11-06T22:10:09.423758030) [Msg] Resource path get service on [/gazebo/resource_paths/get].
(2023-11-06T22:10:09.423957892) (2023-11-06T22:10:09.423975118) [Msg] Resource path resolve service on [/gazebo/resource_paths/resolve].
(2023-11-06T22:10:09.424407572) (2023-11-06T22:10:09.424426589) [Msg] Resource paths published on [/gazebo/resource_paths].
(2023-11-06T22:10:09.424828974) (2023-11-06T22:10:09.424846630) [Msg] Server control service on [/server_control].
(2023-11-06T22:10:10.767852490) (2023-11-06T22:10:10.767882669) [Msg] Found no publishers on /stats, adding root stats topic
(2023-11-06T22:10:10.768245818) (2023-11-06T22:10:10.768268060) [Msg] Found no publishers on /clock, adding root clock topic
(2023-11-06T22:10:10.768659856) (2023-11-06T22:10:10.768679349) [Dbg] [SimulationRunner.cc:503] Creating PostUpdate worker threads: 7
(2023-11-06T22:10:10.768733976) (2023-11-06T22:10:10.768749221) [Dbg] [SimulationRunner.cc:514] Creating postupdate worker thread (0)
(2023-11-06T22:10:10.768903162) (2023-11-06T22:10:10.768921807) [Dbg] [SimulationRunner.cc:514] Creating postupdate worker thread (1)
(2023-11-06T22:10:10.769042029) (2023-11-06T22:10:10.769059638) [Dbg] [SimulationRunner.cc:514] Creating postupdate worker thread (2)
(2023-11-06T22:10:10.769176960) (2023-11-06T22:10:10.769195385) [Dbg] [SimulationRunner.cc:514] Creating postupdate worker thread (3)
(2023-11-06T22:10:10.769316058) (2023-11-06T22:10:10.769334122) [Dbg] [SimulationRunner.cc:514] Creating postupdate worker thread (4)
(2023-11-06T22:10:10.769443641) (2023-11-06T22:10:10.769462136) [Dbg] [SimulationRunner.cc:514] Creating postupdate worker thread (5)
(2023-11-06T22:10:11.83914008) (2023-11-06T22:10:11.83933813) [Wrn] [MulticopterMotorModel.cc:257] No robotNamespace set using entity name.
(2023-11-06T22:10:11.83978477) (2023-11-06T22:10:11.83988418) [Wrn] [MulticopterMotorModel.cc:295] <motorNumber> is depricated, please use <actuator_number>.
(2023-11-06T22:10:11.84057365) (2023-11-06T22:10:11.84066964) [Dbg] [MulticopterMotorModel.cc:386] Listening to topic: x500_depth_0/command/motor_speed
(2023-11-06T22:10:11.84597641) (2023-11-06T22:10:11.84612012) [Dbg] [SystemManager.cc:74] Loaded system [gz::sim::systems::MulticopterMotorModel] for entity [59]
(2023-11-06T22:10:11.85072919) (2023-11-06T22:10:11.85086541) [Wrn] [MulticopterMotorModel.cc:257] No robotNamespace set using entity name.
(2023-11-06T22:10:11.85112790) (2023-11-06T22:10:11.85121589) [Wrn] [MulticopterMotorModel.cc:295] <motorNumber> is depricated, please use <actuator_number>.
(2023-11-06T22:10:11.85182119) (2023-11-06T22:10:11.85191338) [Dbg] [MulticopterMotorModel.cc:386] Listening to topic: x500_depth_0/command/motor_speed
(2023-11-06T22:10:11.85466026) (2023-11-06T22:10:11.85485194) [Dbg] [SystemManager.cc:74] Loaded system [gz::sim::systems::MulticopterMotorModel] for entity [59]
(2023-11-06T22:10:11.85955357) (2023-11-06T22:10:11.85968670) [Wrn] [MulticopterMotorModel.cc:257] No robotNamespace set using entity name.
(2023-11-06T22:10:11.85994220) (2023-11-06T22:10:11.86003185) [Wrn] [MulticopterMotorModel.cc:295] <motorNumber> is depricated, please use <actuator_number>.
(2023-11-06T22:10:11.86060207) (2023-11-06T22:10:11.86069302) [Dbg] [MulticopterMotorModel.cc:386] Listening to topic: x500_depth_0/command/motor_speed
(2023-11-06T22:10:11.86359509) (2023-11-06T22:10:11.86378728) [Dbg] [SystemManager.cc:74] Loaded system [gz::sim::systems::MulticopterMotorModel] for entity [59]
(2023-11-06T22:10:11.86777632) (2023-11-06T22:10:11.86790215) [Wrn] [MulticopterMotorModel.cc:257] No robotNamespace set using entity name.
(2023-11-06T22:10:11.86814587) (2023-11-06T22:10:11.86823572) [Wrn] [MulticopterMotorModel.cc:295] <motorNumber> is depricated, please use <actuator_number>.
(2023-11-06T22:10:11.86879790) (2023-11-06T22:10:11.86888896) [Dbg] [MulticopterMotorModel.cc:386] Listening to topic: x500_depth_0/command/motor_speed
(2023-11-06T22:10:11.87212544) (2023-11-06T22:10:11.87232007) [Dbg] [SystemManager.cc:74] Loaded system [gz::sim::systems::MulticopterMotorModel] for entity [59]
(2023-11-06T22:10:11.87694651) (2023-11-06T22:10:11.87706671) [Dbg] [UserCommands.cc:1263] Created entity [59] named [x500_depth_0]
(2023-11-06T22:10:11.109118416) (2023-11-06T22:10:11.109137281) [Dbg] [SimulationFeatures.cc:72] Simulation timestep set to: 0.004
(2023-11-06T22:10:11.111351199) (2023-11-06T22:10:11.111377420) [Dbg] [Sensors.cc:659] Initialization needed
(2023-11-06T22:10:11.111439562) (2023-11-06T22:10:11.111453223) [Dbg] [Sensors.cc:257] Initializing render context
(2023-11-06T22:10:11.111589596) (2023-11-06T22:10:11.111600089) [Msg] Loading plugin [gz-rendering-ogre2]
(2023-11-06T22:10:11.112149293) (2023-11-06T22:10:11.112171381) [Dbg] [ImuSensor.cc:149] IMU data for [x500_depth_0::base_link::imu_sensor] advertised on [world/default/model/x500_depth_0/link/base_link/sensor/imu_sensor/imu]
(2023-11-06T22:10:11.112339654) (2023-11-06T22:10:11.112361905) [Dbg] [AirPressureSensor.cc:126] Air pressure for [x500_depth_0::base_link::air_pressure_sensor] advertised on [world/default/model/x500_depth_0/link/base_link/sensor/air_pressure_sensor/air_pressure]
(2023-11-06T22:10:11.113432838) (2023-11-06T22:10:11.113452694) [Msg] Serving scene information on [/world/default/scene/info]
(2023-11-06T22:10:11.113623299) (2023-11-06T22:10:11.113642759) [Msg] Serving graph information on [/world/default/scene/graph]
(2023-11-06T22:10:11.113898448) (2023-11-06T22:10:11.113920490) [Msg] Serving full state on [/world/default/state]
(2023-11-06T22:10:11.114050188) (2023-11-06T22:10:11.114063622) [Msg] Serving full state (async) on [/world/default/state_async]
(2023-11-06T22:10:11.114257035) (2023-11-06T22:10:11.114277194) [Msg] Publishing scene information on [/world/default/scene/info]
(2023-11-06T22:10:11.114495838) (2023-11-06T22:10:11.114515258) [Msg] Publishing entity deletions on [/world/default/scene/deletion]
(2023-11-06T22:10:11.114624926) (2023-11-06T22:10:11.114641631) [Msg] Publishing state changes on [/world/default/state]
(2023-11-06T22:10:11.114799865) (2023-11-06T22:10:11.114818392) [Msg] Publishing pose messages on [/world/default/pose/info]
(2023-11-06T22:10:11.115043257) (2023-11-06T22:10:11.115065054) [Msg] Publishing dynamic pose messages on [/world/default/dynamic_pose/info]
(2023-11-06T22:10:11.115934576) (2023-11-06T22:10:11.115949288) [Dbg] [EntityComponentManager.cc:1655] Updated state thread iterators: 8 threads processing around 13 entities each.
((2023-11-06T22:10:11.132697150) (2023-11-06T22:10:11.132719322) (2023-11-06T22:10:11.132763457) [Wrn] [Model.hh:69] Skipping serialization / deserialization for models with //pose/@relative_to attribute.
2023-11-06T22:10:11.132742905) [Wrn] [Component.hh:144] Trying to serialize component with data type [N3sdf3v135WorldE], which doesn't have `operator<<`. Component will not be serialized.
((((((((2023-11-06T22:10:11.136127587) ((2023-11-06T22:10:11.136171327) ) 2023-11-06T22:10:11.136102622) (2023-11-06T22:10:11.136099255) ) (([Dbg] [SimulationRunner.cc:530] Exiting postupdate worker thread (Exiting postupdate worker thread (2023-11-06T22:10:11.136134659) () (2023-11-06T22:10:11.136285137) 2023-11-06T22:10:11.136327934) 2023-11-06T22:10:11.136306783) Exiting postupdate worker thread ([Dbg] [SimulationRunner.cc:530] ) Exiting postupdate worker thread ([Dbg] [SimulationRunner.cc:530] ) (2023-11-06T22:10:11.136446530) Exiting postupdate worker thread (4)
[Dbg] [SimulationRunner.cc:530] Exiting postupdate worker thread ([Dbg] [SimulationRunner.cc:530] Exiting postupdate worker thread (5)
0)
3))[Dbg] [SimulationRunner.cc:530] Exiting postupdate worker thread (2
)
Exiting postupdate worker thread (1)
(2023-11-06T22:10:11.136882457) (2023-11-06T22:10:11.136901978) [Dbg] [SimulationRunner.cc:503] Creating PostUpdate worker threads: 7
(2023-11-06T22:10:11.136936572) (2023-11-06T22:10:11.136945514) [Dbg] [SimulationRunner.cc:514] Creating postupdate worker thread (0)
(2023-11-06T22:10:11.137015766) (2023-11-06T22:10:11.137028485) [Dbg] [SimulationRunner.cc:514] Creating postupdate worker thread (1)
(2023-11-06T22:10:11.137078987) (2023-11-06T22:10:11.137090484) [Dbg] [SimulationRunner.cc:514] Creating postupdate worker thread (2)
(2023-11-06T22:10:11.137152113) (2023-11-06T22:10:11.137162262) [Dbg] [SimulationRunner.cc:514] Creating postupdate worker thread (3)
(2023-11-06T22:10:11.137230367) (2023-11-06T22:10:11.137244817) [Dbg] [SimulationRunner.cc:514] Creating postupdate worker thread (4)
(2023-11-06T22:10:11.137370584) (2023-11-06T22:10:11.137388557) [Dbg] [SimulationRunner.cc:514] Creating postupdate worker thread (5)
(2023-11-06T22:10:11.603609765) (2023-11-06T22:10:11.603623403) [Dbg] [RenderUtil.cc:2720] Create scene [scene]
((2023-11-06T22:10:11.675681220) (2023-11-06T22:10:11.6757063942023-11-06T22:10:11.675721778) (2023-11-06T22:10:11.6757489342023-11-06T22:10:11.675748934) ) [Dbg] [Sensors.cc:277] Rendering Thread initialized
[Dbg] [Sensors.cc:659] Initialization needed
(2023-11-06T22:10:11.683828123) (2023-11-06T22:10:11.683843456) [Wrn] [FuelClient.cc:1952] The fuel.ignitionrobotics.org URL is deprecrated. Pleasse change https://fuel.ignitionrobotics.org/1.0/openrobotics/models/prius hybrid/2/files/meshes/Hybrid.obj to https://fuel.gazebosim.org/1.0/openrobotics/models/prius hybrid/2/files/meshes/Hybrid.obj
(2023-11-06T22:10:11.683958960) (2023-11-06T22:10:11.683969310) [Wrn] [FuelClient.cc:1952] The fuel.ignitionrobotics.org URL is deprecrated. Pleasse change https://fuel.ignitionrobotics.org/1.0/openrobotics/models/prius hybrid/2/files/meshes/Hybrid.obj to https://fuel.gazebosim.org/1.0/openrobotics/models/prius hybrid/2/files/meshes/Hybrid.obj
(2023-11-06T22:10:11.688425730) (2023-11-06T22:10:11.688440454) [Wrn] [OBJLoader.cc:91] Both `d` and `Tr` parameters defined for "Hybrid". Use the value of `d` for dissolve (line 8 in .mtl.)
Both `d` and `Tr` parameters defined for "Wheels3". Use the value of `d` for dissolve (line 22 in .mtl.)
Both `d` and `Tr` parameters defined for "Hybrid_Interior". Use the value of `d` for dissolve (line 36 in .mtl.)
Both `d` and `Tr` parameters defined for "Windows". Use the value of `d` for dissolve (line 50 in .mtl.)

(2023-11-06T22:10:11.816434034) (2023-11-06T22:10:11.816448006) [Err] [SceneManager.cc:887] PBR material: currently only metal workflow is supported. Gazebo will try to render the material using metal workflow but without Roughness / Metalness settings.
(2023-11-06T22:10:14.576410258) (2023-11-06T22:10:14.576426770) [Dbg] [CameraSensor.cc:458] Camera images for [prius_hybrid::chassis::back_camera_sensor] advertised on [back_camera]
(2023-11-06T22:10:14.576661152) (2023-11-06T22:10:14.576678162) [Dbg] [CameraSensor.cc:786] Camera info for [prius_hybrid::chassis::back_camera_sensor] advertised on [/camera_info]
(2023-11-06T22:10:14.576908035) (2023-11-06T22:10:14.576918991) [Wrn] [Ogre2Camera.cc:412] Ogre2Camera::SetVisibilityMask: Mask bits c0000000 are set but will be ignored as they conflict with the reserved bits used internally by the ogre2 backend.
(2023-11-06T22:10:14.577401926) (2023-11-06T22:10:14.577420961) [Dbg] [CameraSensor.cc:458] Camera images for [prius_hybrid::chassis::front_camera_sensor] advertised on [front_camera]
(2023-11-06T22:10:14.577568455) (2023-11-06T22:10:14.577586099) [Dbg] [CameraSensor.cc:786] Camera info for [prius_hybrid::chassis::front_camera_sensor] advertised on [/camera_info]
(2023-11-06T22:10:14.577661545) (2023-11-06T22:10:14.577671793) [Wrn] [Ogre2Camera.cc:412] Ogre2Camera::SetVisibilityMask: Mask bits c0000000 are set but will be ignored as they conflict with the reserved bits used internally by the ogre2 backend.
(2023-11-06T22:10:14.577996251) (2023-11-06T22:10:14.578014170) [Dbg] [CameraSensor.cc:458] Camera images for [prius_hybrid::chassis::left_camera_sensor] advertised on [left_camera]
(2023-11-06T22:10:14.578129415) (2023-11-06T22:10:14.578147646) [Dbg] [CameraSensor.cc:786] Camera info for [prius_hybrid::chassis::left_camera_sensor] advertised on [/camera_info]
(2023-11-06T22:10:14.578225449) (2023-11-06T22:10:14.578235638) [Wrn] [Ogre2Camera.cc:412] Ogre2Camera::SetVisibilityMask: Mask bits c0000000 are set but will be ignored as they conflict with the reserved bits used internally by the ogre2 backend.
(2023-11-06T22:10:14.578534078) (2023-11-06T22:10:14.578551724) [Dbg] [CameraSensor.cc:458] Camera images for [prius_hybrid::chassis::right_camera_sensor] advertised on [right_camera]
(2023-11-06T22:10:14.578661314) (2023-11-06T22:10:14.578678558) [Dbg] [CameraSensor.cc:786] Camera info for [prius_hybrid::chassis::right_camera_sensor] advertised on [/camera_info]
(2023-11-06T22:10:14.578753163) (2023-11-06T22:10:14.578763532) [Wrn] [Ogre2Camera.cc:412] Ogre2Camera::SetVisibilityMask: Mask bits c0000000 are set but will be ignored as they conflict with the reserved bits used internally by the ogre2 backend.
(2023-11-06T22:10:14.579107507) (2023-11-06T22:10:14.579126609) [Dbg] [CameraSensor.cc:458] Camera images for [x500_depth_0::OakD-Lite/base_link::IMX214] advertised on [camera]
(2023-11-06T22:10:14.579248568) (2023-11-06T22:10:14.579266324) [Dbg] [CameraSensor.cc:786] Camera info for [x500_depth_0::OakD-Lite/base_link::IMX214] advertised on [/camera_info]
(2023-11-06T22:10:14.579357002) (2023-11-06T22:10:14.579367861) [Wrn] [Ogre2Camera.cc:412] Ogre2Camera::SetVisibilityMask: Mask bits c0000000 are set but will be ignored as they conflict with the reserved bits used internally by the ogre2 backend.
(2023-11-06T22:10:14.579739378) (2023-11-06T22:10:14.579757719) [Dbg] [DepthCameraSensor.cc:282] Depth images for [x500_depth_0::OakD-Lite/base_link::StereoOV7251] advertised on [depth_camera]
(2023-11-06T22:10:14.579912592) (2023-11-06T22:10:14.579931344) [Dbg] [CameraSensor.cc:786] Camera info for [x500_depth_0::OakD-Lite/base_link::StereoOV7251] advertised on [/camera_info]
(2023-11-06T22:10:14.580154277) (2023-11-06T22:10:14.580172500) [Dbg] [DepthCameraSensor.cc:299] Points for [x500_depth_0::OakD-Lite/base_link::StereoOV7251] advertised on [depth_camera/points]
(2023-11-06T22:10:28.629694456) (2023-11-06T22:10:28.629719519) [Dbg] [SignalHandler.cc:142] Received signal[2].
(2023-11-06T22:10:28.629761021) (2023-11-06T22:10:28.629773221) [Dbg] [ServerPrivate.cc:115] Server received signal[2]
(2023-11-06T22:10:28.629809376) (2023-11-06T22:10:28.629821420) [Dbg] [Sensors.cc:433] SensorsPrivate::Stop
(2023-11-06T22:10:28.968574514) (2023-11-06T22:10:28.968599961) [Dbg] [Sensors.cc:419] SensorsPrivate::RenderThread stopped
(2023-11-06T22:10:28.979288301) (2023-11-06T22:10:28.979312080) [Dbg] [gz.cc:417] Shutting down gz-sim-server
(((((() ((2023-11-06T22:10:28.984113711) 2023-11-06T22:10:28.984129325) ) 2023-11-06T22:10:28.984092879(2023-11-06T22:10:28.9841305142023-11-06T22:10:28.9841305142023-11-06T22:10:28.9841305142023-11-06T22:10:28.984140575[Dbg] [SimulationRunner.cc:530] Exiting postupdate worker thread (0)
) (2023-11-06T22:10:28.984211980) ) ) (2023-11-06T22:10:28.984384153) 2023-11-06T22:10:28.984242076) (2023-11-06T22:10:28.984347354) [Dbg] [SimulationRunner.cc:530] Exiting postupdate worker thread () 5) ()
2023-11-06T22:10:28.9844970752023-11-06T22:10:28.984497075) [Dbg] [SimulationRunner.cc:530] Exiting postupdate worker thread (2)
[Dbg] [SimulationRunner.cc:530] Exiting postupdate worker thread (3)
[Dbg] [SimulationRunner.cc:530] [Dbg] [SimulationRunner.cc:530] Exiting postupdate worker thread (11[Dbg] [SimulationRunner.cc:530] Exiting postupdate worker thread (4))
)

(2023-11-06T22:10:29.33659126) (2023-11-06T22:10:29.33684865) [Dbg] [Sensors.cc:433] SensorsPrivate::Stop
