(2023-10-20T00:41:06.518238472) (2023-10-20T00:41:06.518248489) [Msg] Gazebo Sim Server v7.6.0
(2023-10-20T00:41:06.521504522) (2023-10-20T00:41:06.521513935) [Msg] Loading SDF world file[/home/bassam/PX4-Autopilot/Tools/simulation/gz/worlds/default.sdf].
(2023-10-20T00:41:06.620854761) (2023-10-20T00:41:06.620870071) [Msg] Serving entity system service on [/entity/system/add]
(2023-10-20T00:41:06.732853182) (2023-10-20T00:41:06.732871684) [Dbg] [Physics.cc:880] Loaded [gz::physics::dartsim::Plugin] from library [/usr/lib/x86_64-linux-gnu/gz-physics-6/engine-plugins/libgz-physics-dartsim-plugin.so]
(2023-10-20T00:41:06.732957902) (2023-10-20T00:41:06.732968668) [Dbg] [SystemManager.cc:74] Loaded system [gz::sim::systems::Physics] for entity [1]
(2023-10-20T00:41:06.836294634) (2023-10-20T00:41:06.836311383) [Msg] Create service on [/world/default/create]
(2023-10-20T00:41:06.836480630) (2023-10-20T00:41:06.836491752) [Msg] Remove service on [/world/default/remove]
(2023-10-20T00:41:06.836614646) (2023-10-20T00:41:06.836624724) [Msg] Pose service on [/world/default/set_pose]
(2023-10-20T00:41:06.836743330) (2023-10-20T00:41:06.836752903) [Msg] Pose service on [/world/default/set_pose_vector]
(2023-10-20T00:41:06.836928515) (2023-10-20T00:41:06.836937697) [Msg] Light configuration service on [/world/default/light_config]
(2023-10-20T00:41:06.837151415) (2023-10-20T00:41:06.837162016) [Msg] Physics service on [/world/default/set_physics]
(2023-10-20T00:41:06.837319047) (2023-10-20T00:41:06.837329022) [Msg] SphericalCoordinates service on [/world/default/set_spherical_coordinates]
(2023-10-20T00:41:06.837403142) (2023-10-20T00:41:06.837412265) [Msg] Enable collision service on [/world/default/enable_collision]
(2023-10-20T00:41:06.837488076) (2023-10-20T00:41:06.837497137) [Msg] Disable collision service on [/world/default/disable_collision]
(2023-10-20T00:41:06.837698826) (2023-10-20T00:41:06.837708752) [Msg] Material service on [/world/default/visual_config]
(2023-10-20T00:41:06.837828213) (2023-10-20T00:41:06.837837344) [Msg] Material service on [/world/default/wheel_slip]
(2023-10-20T00:41:06.837878819) (2023-10-20T00:41:06.837888200) [Dbg] [SystemManager.cc:74] Loaded system [gz::sim::systems::UserCommands] for entity [1]
(2023-10-20T00:41:06.839512751) (2023-10-20T00:41:06.839523464) [Dbg] [SystemManager.cc:74] Loaded system [gz::sim::systems::SceneBroadcaster] for entity [1]
(2023-10-20T00:41:06.840557932) (2023-10-20T00:41:06.840568513) [Dbg] [SystemManager.cc:74] Loaded system [gz::sim::systems::Contact] for entity [1]
(2023-10-20T00:41:06.842040009) (2023-10-20T00:41:06.842050990) [Dbg] [SystemManager.cc:74] Loaded system [gz::sim::systems::Imu] for entity [1]
(2023-10-20T00:41:06.843656974) (2023-10-20T00:41:06.843669692) [Dbg] [SystemManager.cc:74] Loaded system [gz::sim::systems::AirPressure] for entity [1]
(2023-10-20T00:41:06.844865206) (2023-10-20T00:41:06.844876856) [Msg] Listening to instantaneous wrench commands in [/world/default/wrench]
(2023-10-20T00:41:06.844946482) (2023-10-20T00:41:06.844955447) [Msg] Listening to persistent wrench commands in [/world/default/wrench/persistent]
(2023-10-20T00:41:06.845018575) (2023-10-20T00:41:06.845027358) [Msg] Listening to wrench clear commands in [/world/default/wrench/clear]
(2023-10-20T00:41:06.845057550) (2023-10-20T00:41:06.845065140) [Dbg] [SystemManager.cc:74] Loaded system [gz::sim::systems::ApplyLinkWrench] for entity [1]
(2023-10-20T00:41:06.852097939) (2023-10-20T00:41:06.852111168) [Dbg] [Sensors.cc:506] Configuring Sensors system
(2023-10-20T00:41:06.852201202) (2023-10-20T00:41:06.852209701) [Dbg] [Sensors.cc:425] SensorsPrivate::Run
(2023-10-20T00:41:06.852289277) (2023-10-20T00:41:06.852297842) [Dbg] [SystemManager.cc:74] Loaded system [gz::sim::systems::Sensors] for entity [1]
2023-10-20T00:41:06.852327090) (2023-10-20T00:41:06.852357972) [Dbg] [Sensors.cc:402] SensorsPrivate::RenderThread started
(2023-10-20T00:41:06.852373664) (2023-10-20T00:41:06.852378155) [Dbg] [Sensors.cc:245] Waiting for init
(2023-10-20T00:41:06.852515370) (2023-10-20T00:41:06.852525212) [Err] [SystemLoader.cc:119] Failed to load system plugin: (Reason: Could not find shared library)
- Requested plugin name: [Teleop]
- Requested library name: [Teleop]
- Library search paths:
  - /home/bassam/.gz/sim/plugins/
  - /usr/lib/x86_64-linux-gnu/gz-sim-7/plugins/
  - /home/bassam/.ignition/gazebo/plugins/
(2023-10-20T00:41:06.855790804) (2023-10-20T00:41:06.855801649) [Wrn] [SystemLoader.cc:79] Trying to load deprecated plugin [ignition-gazebo-ackermann-steering-system]. Using [gz-sim-ackermann-steering-system] instead.
(2023-10-20T00:41:06.857264341) (2023-10-20T00:41:06.857275924) [Msg] AckermannSteering subscribing to twist messages on [/cmd_vel]
(2023-10-20T00:41:06.857493806) (2023-10-20T00:41:06.857501109) [Dbg] [SystemManager.cc:74] Loaded system [ignition::gazebo::systems::AckermannSteering] for entity [8]
(2023-10-20T00:41:06.857636491) (2023-10-20T00:41:06.857645592) [Msg] Loaded level [3]
(2023-10-20T00:41:06.859015942) (2023-10-20T00:41:06.859026579) [Msg] Serving world controls on [/world/default/control], [/world/default/control/state] and [/world/default/playback/control]
(2023-10-20T00:41:06.859234653) (2023-10-20T00:41:06.859245098) [Msg] Serving GUI information on [/world/default/gui/info]
(2023-10-20T00:41:06.859272882) (2023-10-20T00:41:06.859281000) [Msg] World [default] initialized with [default_physics] physics profile.
(2023-10-20T00:41:06.859407157) (2023-10-20T00:41:06.859413629) [Msg] Serving world SDF generation service on [/world/default/generate_world_sdf]
(2023-10-20T00:41:06.859532188) (2023-10-20T00:41:06.859538056) [Msg] Serving world names on [/gazebo/worlds]
(2023-10-20T00:41:06.859587279) (2023-10-20T00:41:06.859593163) [Msg] Resource path add service on [/gazebo/resource_paths/add].
(2023-10-20T00:41:06.859640706) (2023-10-20T00:41:06.859646425) [Msg] Resource path get service on [/gazebo/resource_paths/get].
(2023-10-20T00:41:06.859693709) (2023-10-20T00:41:06.859699041) [Msg] Resource path resolve service on [/gazebo/resource_paths/resolve].
(2023-10-20T00:41:06.859753784) (2023-10-20T00:41:06.859759342) [Msg] Resource paths published on [/gazebo/resource_paths].
(2023-10-20T00:41:06.859841147) (2023-10-20T00:41:06.859846995) [Msg] Server control service on [/server_control].
(2023-10-20T00:41:08.520524460) (2023-10-20T00:41:08.520537400) [Msg] Found no publishers on /stats, adding root stats topic
(2023-10-20T00:41:08.520701807) (2023-10-20T00:41:08.520712147) [Msg] Found no publishers on /clock, adding root clock topic
(2023-10-20T00:41:08.520954510) (2023-10-20T00:41:08.520961948) [Dbg] [SimulationRunner.cc:503] Creating PostUpdate worker threads: 7
(2023-10-20T00:41:08.520982423) (2023-10-20T00:41:08.520986949) [Dbg] [SimulationRunner.cc:514] Creating postupdate worker thread (0)
(2023-10-20T00:41:08.521070075) (2023-10-20T00:41:08.521076517) [Dbg] [SimulationRunner.cc:514] Creating postupdate worker thread (1)
(2023-10-20T00:41:08.521114507) (2023-10-20T00:41:08.521119993) [Dbg] [SimulationRunner.cc:514] Creating postupdate worker thread (2)
(2023-10-20T00:41:08.521161512) (2023-10-20T00:41:08.521167126) [Dbg] [SimulationRunner.cc:514] Creating postupdate worker thread (3)
(2023-10-20T00:41:08.521214668) (2023-10-20T00:41:08.521220173) [Dbg] [SimulationRunner.cc:514] Creating postupdate worker thread (4)
(2023-10-20T00:41:08.521260138) (2023-10-20T00:41:08.521265526) [Dbg] [SimulationRunner.cc:514] Creating postupdate worker thread (5)
(2023-10-20T00:41:08.708915658) (2023-10-20T00:41:08.708926416) [Wrn] [MulticopterMotorModel.cc:257] No robotNamespace set using entity name.
(2023-10-20T00:41:08.708950928) (2023-10-20T00:41:08.708955782) [Wrn] [MulticopterMotorModel.cc:295] <motorNumber> is depricated, please use <actuator_number>.
(2023-10-20T00:41:08.708991976) (2023-10-20T00:41:08.708997346) [Dbg] [MulticopterMotorModel.cc:386] Listening to topic: x500_depth_0/command/motor_speed
(2023-10-20T00:41:08.709252977) (2023-10-20T00:41:08.709260206) [Dbg] [SystemManager.cc:74] Loaded system [gz::sim::systems::MulticopterMotorModel] for entity [55]
(2023-10-20T00:41:08.709470332) (2023-10-20T00:41:08.709484397) [Wrn] [MulticopterMotorModel.cc:257] No robotNamespace set using entity name.
(2023-10-20T00:41:08.709498673) (2023-10-20T00:41:08.709503206) [Wrn] [MulticopterMotorModel.cc:295] <motorNumber> is depricated, please use <actuator_number>.
(2023-10-20T00:41:08.709534210) (2023-10-20T00:41:08.709539113) [Dbg] [MulticopterMotorModel.cc:386] Listening to topic: x500_depth_0/command/motor_speed
(2023-10-20T00:41:08.709674727) (2023-10-20T00:41:08.709685108) [Dbg] [SystemManager.cc:74] Loaded system [gz::sim::systems::MulticopterMotorModel] for entity [55]
(2023-10-20T00:41:08.709893843) (2023-10-20T00:41:08.709900681) [Wrn] [MulticopterMotorModel.cc:257] No robotNamespace set using entity name.
(2023-10-20T00:41:08.709914333) (2023-10-20T00:41:08.709918947) [Wrn] [MulticopterMotorModel.cc:295] <motorNumber> is depricated, please use <actuator_number>.
(2023-10-20T00:41:08.709949429) (2023-10-20T00:41:08.709954249) [Dbg] [MulticopterMotorModel.cc:386] Listening to topic: x500_depth_0/command/motor_speed
(2023-10-20T00:41:08.710097475) (2023-10-20T00:41:08.710107926) [Dbg] [SystemManager.cc:74] Loaded system [gz::sim::systems::MulticopterMotorModel] for entity [55]
(2023-10-20T00:41:08.710316719) (2023-10-20T00:41:08.710323463) [Wrn] [MulticopterMotorModel.cc:257] No robotNamespace set using entity name.
(2023-10-20T00:41:08.710337011) (2023-10-20T00:41:08.710341588) [Wrn] [MulticopterMotorModel.cc:295] <motorNumber> is depricated, please use <actuator_number>.
(2023-10-20T00:41:08.710371980) (2023-10-20T00:41:08.710376791) [Dbg] [MulticopterMotorModel.cc:386] Listening to topic: x500_depth_0/command/motor_speed
(2023-10-20T00:41:08.710535758) (2023-10-20T00:41:08.710546080) [Dbg] [SystemManager.cc:74] Loaded system [gz::sim::systems::MulticopterMotorModel] for entity [55]
(2023-10-20T00:41:08.710779333) (2023-10-20T00:41:08.710785511) [Dbg] [UserCommands.cc:1263] Created entity [55] named [x500_depth_0]
(2023-10-20T00:41:08.724491781) (2023-10-20T00:41:08.724503400) [Dbg] [SimulationFeatures.cc:72] Simulation timestep set to: 0.004
(2023-10-20T00:41:08.725479200) (2023-10-20T00:41:08.725496789) [Dbg] [Sensors.cc:659] Initialization needed
(2023-10-20T00:41:08.725537392) (2023-10-20T00:41:08.725548384) [Dbg] [Sensors.cc:257] Initializing render context
(2023-10-20T00:41:08.725646376) (2023-10-20T00:41:08.725654900) [Msg] Loading plugin [gz-rendering-ogre2]
(2023-10-20T00:41:08.725895450) (2023-10-20T00:41:08.725904211) [Dbg] [AirPressureSensor.cc:126] Air pressure for [x500_depth_0::base_link::air_pressure_sensor] advertised on [world/default/model/x500_depth_0/link/base_link/sensor/air_pressure_sensor/air_pressure]
(2023-10-20T00:41:08.725990706) (2023-10-20T00:41:08.726001934) [Dbg] [ImuSensor.cc:149] IMU data for [x500_depth_0::base_link::imu_sensor] advertised on [world/default/model/x500_depth_0/link/base_link/sensor/imu_sensor/imu]
(2023-10-20T00:41:08.726593460) (2023-10-20T00:41:08.726601715) [Msg] Serving scene information on [/world/default/scene/info]
(2023-10-20T00:41:08.726665528) (2023-10-20T00:41:08.726671847) [Msg] Serving graph information on [/world/default/scene/graph]
(2023-10-20T00:41:08.726820778) (2023-10-20T00:41:08.726827604) [Msg] Serving full state on [/world/default/state]
(2023-10-20T00:41:08.726882263) (2023-10-20T00:41:08.726887942) [Msg] Serving full state (async) on [/world/default/state_async]
(2023-10-20T00:41:08.726954334) (2023-10-20T00:41:08.726960945) [Msg] Publishing scene information on [/world/default/scene/info]
(2023-10-20T00:41:08.727042708) (2023-10-20T00:41:08.727049128) [Msg] Publishing entity deletions on [/world/default/scene/deletion]
(2023-10-20T00:41:08.727101364) (2023-10-20T00:41:08.727107226) [Msg] Publishing state changes on [/world/default/state]
(2023-10-20T00:41:08.727181201) (2023-10-20T00:41:08.727187263) [Msg] Publishing pose messages on [/world/default/pose/info]
(2023-10-20T00:41:08.727255720) (2023-10-20T00:41:08.727262062) [Msg] Publishing dynamic pose messages on [/world/default/dynamic_pose/info]
(2023-10-20T00:41:08.727742342) (2023-10-20T00:41:08.727756333) [Dbg] [EntityComponentManager.cc:1655] Updated state thread iterators: 8 threads processing around 13 entities each.
(2023-10-20T00:41:08.739526146) (2023-10-20T00:41:08.739579494) [Wrn] [Component.hh:144] Trying to serialize component with data type [N3sdf3v135WorldE], which doesn't have `operator<<`. Component will not be serialized.
(2023-10-20T00:41:08.739747433) (2023-10-20T00:41:08.739755738) [Wrn] [Model.hh:69] Skipping serialization / deserialization for models with //pose/@relative_to attribute.
(((((((2023-10-20T00:41:08.741933194(2023-10-20T00:41:08.741933194(2023-10-20T00:41:08.741933194) () () [Dbg] [SimulationRunner.cc:530] Exiting postupdate worker thread (2023-10-20T00:41:08.741987616) () ) (2023-10-20T00:41:08.7419212832023-10-20T00:41:08.742035011) ()) 2023-10-20T00:41:08.742056648() 
2023-10-20T00:41:08.742072716) ) 2023-10-20T00:41:08.742049437) [Dbg] [SimulationRunner.cc:530] Exiting postupdate worker thread (44Exiting postupdate worker thread (5)
[Dbg] [SimulationRunner.cc:530] Exiting postupdate worker thread (2)
)
)Exiting postupdate worker thread (3)
[Dbg] [SimulationRunner.cc:530] Exiting postupdate worker thread (1)

(2023-10-20T00:41:08.742328002) (2023-10-20T00:41:08.742336026) [Dbg] [SimulationRunner.cc:503] Creating PostUpdate worker threads: 7
(2023-10-20T00:41:08.742356955) (2023-10-20T00:41:08.742361558) [Dbg] [SimulationRunner.cc:514] Creating postupdate worker thread (0)
(2023-10-20T00:41:08.742444439) (2023-10-20T00:41:08.742453191) [Dbg] [SimulationRunner.cc:514] Creating postupdate worker thread (1)
(2023-10-20T00:41:08.742492319) (2023-10-20T00:41:08.742498009) [Dbg] [SimulationRunner.cc:514] Creating postupdate worker thread (2)
(2023-10-20T00:41:08.742524126) (2023-10-20T00:41:08.742532217) [Dbg] [SimulationRunner.cc:514] Creating postupdate worker thread (3)
(2023-10-20T00:41:08.742588019) (2023-10-20T00:41:08.742593123) [Dbg] [SimulationRunner.cc:514] Creating postupdate worker thread (4)
(2023-10-20T00:41:08.742634124) (2023-10-20T00:41:08.742639547) [Dbg] [SimulationRunner.cc:514] Creating postupdate worker thread (5)
(2023-10-20T00:41:08.900612760) (2023-10-20T00:41:08.900619983) [Dbg] [RenderUtil.cc:2720] Create scene [scene]
((2023-10-20T00:41:08.930518271) (2023-10-20T00:41:08.930528097) (2023-10-20T00:41:08.930541543) 2023-10-20T00:41:08.930550450) [Dbg] [Sensors.cc:277] Rendering Thread initialized
[Dbg] [Sensors.cc:659] 
[Dbg] [Sensors.cc:659] Initialization needed
(2023-10-20T00:41:08.935725112) (2023-10-20T00:41:08.935737772) [Wrn] [FuelClient.cc:1952] The fuel.ignitionrobotics.org URL is deprecrated. Pleasse change https://fuel.ignitionrobotics.org/1.0/openrobotics/models/prius hybrid/2/files/meshes/Hybrid.obj to https://fuel.gazebosim.org/1.0/openrobotics/models/prius hybrid/2/files/meshes/Hybrid.obj
(2023-10-20T00:41:08.935840015) (2023-10-20T00:41:08.935849217) [Wrn] [FuelClient.cc:1952] The fuel.ignitionrobotics.org URL is deprecrated. Pleasse change https://fuel.ignitionrobotics.org/1.0/openrobotics/models/prius hybrid/2/files/meshes/Hybrid.obj to https://fuel.gazebosim.org/1.0/openrobotics/models/prius hybrid/2/files/meshes/Hybrid.obj
(2023-10-20T00:41:08.940027486) (2023-10-20T00:41:08.940042720) [Wrn] [OBJLoader.cc:91] Both `d` and `Tr` parameters defined for "Hybrid". Use the value of `d` for dissolve (line 8 in .mtl.)
Both `d` and `Tr` parameters defined for "Wheels3". Use the value of `d` for dissolve (line 22 in .mtl.)
Both `d` and `Tr` parameters defined for "Hybrid_Interior". Use the value of `d` for dissolve (line 36 in .mtl.)
Both `d` and `Tr` parameters defined for "Windows". Use the value of `d` for dissolve (line 50 in .mtl.)

(2023-10-20T00:41:11.188597379) (2023-10-20T00:41:11.188616611) [Dbg] [CameraSensor.cc:458] Camera images for [prius_hybrid::chassis::back_camera_sensor] advertised on [back_camera]
(2023-10-20T00:41:11.188837437) (2023-10-20T00:41:11.188849589) [Dbg] [CameraSensor.cc:786] Camera info for [prius_hybrid::chassis::back_camera_sensor] advertised on [/camera_info]
(2023-10-20T00:41:11.189039253) (2023-10-20T00:41:11.189062432) [Wrn] [Ogre2Camera.cc:412] Ogre2Camera::SetVisibilityMask: Mask bits c0000000 are set but will be ignored as they conflict with the reserved bits used internally by the ogre2 backend.
(2023-10-20T00:41:11.189516615) (2023-10-20T00:41:11.189529611) [Dbg] [CameraSensor.cc:458] Camera images for [prius_hybrid::chassis::front_camera_sensor] advertised on [front_camera]
(2023-10-20T00:41:11.189646527) (2023-10-20T00:41:11.189658305) [Dbg] [CameraSensor.cc:786] Camera info for [prius_hybrid::chassis::front_camera_sensor] advertised on [/camera_info]
(2023-10-20T00:41:11.189727976) (2023-10-20T00:41:11.189738051) [Wrn] [Ogre2Camera.cc:412] Ogre2Camera::SetVisibilityMask: Mask bits c0000000 are set but will be ignored as they conflict with the reserved bits used internally by the ogre2 backend.
(2023-10-20T00:41:11.190042289) (2023-10-20T00:41:11.190055131) [Dbg] [CameraSensor.cc:458] Camera images for [prius_hybrid::chassis::left_camera_sensor] advertised on [left_camera]
(2023-10-20T00:41:11.190199339) (2023-10-20T00:41:11.190211319) [Dbg] [CameraSensor.cc:786] Camera info for [prius_hybrid::chassis::left_camera_sensor] advertised on [/camera_info]
(2023-10-20T00:41:11.190299458) (2023-10-20T00:41:11.190310000) [Wrn] [Ogre2Camera.cc:412] Ogre2Camera::SetVisibilityMask: Mask bits c0000000 are set but will be ignored as they conflict with the reserved bits used internally by the ogre2 backend.
(2023-10-20T00:41:11.190596122) (2023-10-20T00:41:11.190608971) [Dbg] [CameraSensor.cc:458] Camera images for [prius_hybrid::chassis::right_camera_sensor] advertised on [right_camera]
(2023-10-20T00:41:11.190698298) (2023-10-20T00:41:11.190708946) [Dbg] [CameraSensor.cc:786] Camera info for [prius_hybrid::chassis::right_camera_sensor] advertised on [/camera_info]
(2023-10-20T00:41:11.190792840) (2023-10-20T00:41:11.190803090) [Wrn] [Ogre2Camera.cc:412] Ogre2Camera::SetVisibilityMask: Mask bits c0000000 are set but will be ignored as they conflict with the reserved bits used internally by the ogre2 backend.
(2023-10-20T00:41:11.191089177) (2023-10-20T00:41:11.191101503) [Dbg] [CameraSensor.cc:458] Camera images for [x500_depth_0::OakD-Lite/base_link::IMX214] advertised on [camera]
(2023-10-20T00:41:11.191196672) (2023-10-20T00:41:11.191206989) [Dbg] [CameraSensor.cc:786] Camera info for [x500_depth_0::OakD-Lite/base_link::IMX214] advertised on [/camera_info]
(2023-10-20T00:41:11.191275382) (2023-10-20T00:41:11.191284962) [Wrn] [Ogre2Camera.cc:412] Ogre2Camera::SetVisibilityMask: Mask bits c0000000 are set but will be ignored as they conflict with the reserved bits used internally by the ogre2 backend.
(2023-10-20T00:41:11.191726532) (2023-10-20T00:41:11.191739605) [Dbg] [DepthCameraSensor.cc:282] Depth images for [x500_depth_0::OakD-Lite/base_link::StereoOV7251] advertised on [depth_camera]
(2023-10-20T00:41:11.191847735) (2023-10-20T00:41:11.191858265) [Dbg] [CameraSensor.cc:786] Camera info for [x500_depth_0::OakD-Lite/base_link::StereoOV7251] advertised on [/camera_info]
(2023-10-20T00:41:11.192072604) (2023-10-20T00:41:11.192084915) [Dbg] [DepthCameraSensor.cc:299] Points for [x500_depth_0::OakD-Lite/base_link::StereoOV7251] advertised on [depth_camera/points]
(2023-10-20T00:46:20.672338255) (2023-10-20T00:46:20.672392910) [Dbg] [SignalHandler.cc:142] Received signal[2].
(2023-10-20T00:46:20.672477555) (2023-10-20T00:46:20.672511337) [Dbg] [ServerPrivate.cc:115] Server received signal[2]
(2023-10-20T00:46:20.672575441) (2023-10-20T00:46:20.672604371) [Dbg] [Sensors.cc:433] SensorsPrivate::Stop
(2023-10-20T00:46:20.817736796) (2023-10-20T00:46:20.817758898) [Dbg] [Sensors.cc:419] SensorsPrivate::RenderThread stopped
(2023-10-20T00:46:20.818788907) (2023-10-20T00:46:20.818804676) [Dbg] [gz.cc:417] Shutting down gz-sim-server
(2023-10-20T00:46:20.823452071) (2023-10-20T00:46:20.823466730) [Dbg] [SimulationRunner.cc:530] Exiting postupdate worker thread (3)

((2023-10-20T00:46:20.823516131) (2023-10-20T00:46:20.823535969) ([Dbg] [SimulationRunner.cc:530] ) ((42023-10-20T00:46:20.823861152) (2023-10-20T00:46:20.823894816) 2023-10-20T00:46:20.823699116) )
(2023-10-20T00:46:20.823711461) ([Dbg] [SimulationRunner.cc:530] Exiting postupdate worker thread (2023-10-20T00:46:20.82404776912023-10-20T00:46:20.8240477691) (2023-10-20T00:46:20.824118829) ) )
[Dbg] [SimulationRunner.cc:530] Exiting postupdate worker thread (5)
[Dbg] [SimulationRunner.cc:530] Exiting postupdate worker thread (0)
[Dbg] [SimulationRunner.cc:530] Exiting postupdate worker thread (2)
(2023-10-20T00:46:20.863659259) (2023-10-20T00:46:20.863678983) [Dbg] [Sensors.cc:433] SensorsPrivate::Stop
