(2023-10-15T20:32:28.152295323) (2023-10-15T20:32:28.152312666) [Msg] Gazebo Sim Server v7.6.0
(2023-10-15T20:32:28.159384306) (2023-10-15T20:32:28.159401418) [Msg] Loading SDF world file[/home/bassam/ros2_ws/install/ardupilot_gz_gazebo/share/ardupilot_gz_gazebo/worlds/iris_runway.sdf].
(2023-10-15T20:32:28.538025265) (2023-10-15T20:32:28.538036737) [Msg] Serving entity system service on [/entity/system/add]
(2023-10-15T20:32:28.717410601) (2023-10-15T20:32:28.717426984) [Dbg] [Physics.cc:880] Loaded [gz::physics::dartsim::Plugin] from library [/usr/lib/x86_64-linux-gnu/gz-physics-6/engine-plugins/libgz-physics-dartsim-plugin.so]
(2023-10-15T20:32:28.717511193) (2023-10-15T20:32:28.717519752) [Dbg] [SystemManager.cc:74] Loaded system [gz::sim::systems::Physics] for entity [1]
(2023-10-15T20:32:28.727111874) (2023-10-15T20:32:28.727127625) [Dbg] [Sensors.cc:506] Configuring Sensors system
(2023-10-15T20:32:28.727249901) (2023-10-15T20:32:28.727260074) [Dbg] [Sensors.cc:425] SensorsPrivate::Run
(2023-10-15T20:32:28.727388245) (2023-10-15T20:32:28.727398109) [Dbg] [SystemManager.cc:74] Loaded system [gz::sim::systems::Sensors] for entity [1]
(2023-10-15T20:32:28.730227718) (2023-10-15T20:32:28.730240549) [Msg] Create service on [/world/map/create]
(2023-10-15T20:32:28.730598094) (2023-10-15T20:32:28.730608680) [Msg] Remove service on [/world/map/remove]
(2023-10-15T20:32:28.731210469) (2023-10-15T20:32:28.731222575) [Msg] Pose service on [/world/map/set_pose]
(2023-10-15T20:32:28.731598756) (2023-10-15T20:32:28.731610072) [Msg] Pose service on [/world/map/set_pose_vector]
(2023-10-15T20:32:28.732049098) (2023-10-15T20:32:28.732076297) [Msg] Light configuration service on [/world/map/light_config]
(2023-10-15T20:32:28.732730870) (2023-10-15T20:32:28.732742930) [Msg] Physics service on [/world/map/set_physics]
(2023-10-15T20:32:28.733183509) (2023-10-15T20:32:28.733195369) [Msg] SphericalCoordinates service on [/world/map/set_spherical_coordinates]
(2023-10-15T20:32:28.733563678) (2023-10-15T20:32:28.733575024) [Msg] Enable collision service on [/world/map/enable_collision]
(2023-10-15T20:32:28.733914685) (2023-10-15T20:32:28.733926473) [Msg] Disable collision service on [/world/map/disable_collision]
(2023-10-15T20:32:28.734398243) (2023-10-15T20:32:28.734410275) [Msg] Material service on [/world/map/visual_config]
(2023-10-15T20:32:28.734816701) (2023-10-15T20:32:28.734828320) [Msg] Material service on [/world/map/wheel_slip]
(2023-10-15T20:32:28.734887826) (2023-10-15T20:32:28.734895962) [Dbg] [SystemManager.cc:74] Loaded system [gz::sim::systems::UserCommands] for entity [1]
(2023-10-15T20:32:28.735569723) (2023-10-15T20:32:28.735584222) [Dbg] [Sensors.cc:402] SensorsPrivate::RenderThread started
(2023-10-15T20:32:28.735618877) (2023-10-15T20:32:28.735627190) [Dbg] [Sensors.cc:245] Waiting for init
(2023-10-15T20:32:28.737762091) (2023-10-15T20:32:28.737775296) [Dbg] [SystemManager.cc:74] Loaded system [gz::sim::systems::SceneBroadcaster] for entity [1]
(2023-10-15T20:32:28.741114401) (2023-10-15T20:32:28.741128944) [Dbg] [SystemManager.cc:74] Loaded system [gz::sim::systems::AirPressure] for entity [1]
(2023-10-15T20:32:28.743842464) (2023-10-15T20:32:28.743856768) [Dbg] [SystemManager.cc:74] Loaded system [gz::sim::systems::AirSpeed] for entity [1]
(2023-10-15T20:32:28.746709335) (2023-10-15T20:32:28.746724161) [Dbg] [SystemManager.cc:74] Loaded system [gz::sim::systems::Altimeter] for entity [1]
(2023-10-15T20:32:28.749097711) (2023-10-15T20:32:28.749112095) [Dbg] [SystemManager.cc:74] Loaded system [gz::sim::systems::Imu] for entity [1]
(2023-10-15T20:32:28.753765051) (2023-10-15T20:32:28.753782819) [Dbg] [SystemManager.cc:74] Loaded system [gz::sim::systems::Magnetometer] for entity [1]
(2023-10-15T20:32:28.758174734) (2023-10-15T20:32:28.758191149) [Dbg] [SystemManager.cc:74] Loaded system [gz::sim::systems::NavSat] for entity [1]
(2023-10-15T20:32:28.786953210) (2023-10-15T20:32:28.786969950) [Dbg] [SystemManager.cc:74] Loaded system [gz::sim::systems::JointStatePublisher] for entity [9]
(2023-10-15T20:32:28.790543341) (2023-10-15T20:32:28.790574610) [Msg] OdometryPublisher publishing odometry on [/model/iris/odometry]
(2023-10-15T20:32:28.791003306) (2023-10-15T20:32:28.791015615) [Msg] OdometryPublisher publishing odometry with covariance on [/model/iris/odometry_with_covariance]
(2023-10-15T20:32:28.791320688) (2023-10-15T20:32:28.791332605) [Msg] OdometryPublisher publishing Pose_V (TF) on [/model/iris/pose]
(2023-10-15T20:32:28.791381728) (2023-10-15T20:32:28.791390185) [Dbg] [SystemManager.cc:74] Loaded system [gz::sim::systems::OdometryPublisher] for entity [9]
(2023-10-15T20:32:28.793718436) (2023-10-15T20:32:28.793742075) [Dbg] [SystemManager.cc:74] Loaded system [gz::sim::systems::LiftDrag] for entity [9]
(2023-10-15T20:32:28.794149281) (2023-10-15T20:32:28.794156816) [Dbg] [SystemManager.cc:74] Loaded system [gz::sim::systems::LiftDrag] for entity [9]
(2023-10-15T20:32:28.794453917) (2023-10-15T20:32:28.794463554) [Dbg] [SystemManager.cc:74] Loaded system [gz::sim::systems::LiftDrag] for entity [9]
(2023-10-15T20:32:28.794817746) (2023-10-15T20:32:28.794825950) [Dbg] [SystemManager.cc:74] Loaded system [gz::sim::systems::LiftDrag] for entity [9]
(2023-10-15T20:32:28.795224310) (2023-10-15T20:32:28.795232341) [Dbg] [SystemManager.cc:74] Loaded system [gz::sim::systems::LiftDrag] for entity [9]
(2023-10-15T20:32:28.795501436) (2023-10-15T20:32:28.795508465) [Dbg] [SystemManager.cc:74] Loaded system [gz::sim::systems::LiftDrag] for entity [9]
(2023-10-15T20:32:28.795816871) (2023-10-15T20:32:28.795824152) [Dbg] [SystemManager.cc:74] Loaded system [gz::sim::systems::LiftDrag] for entity [9]
(2023-10-15T20:32:28.796066179) (2023-10-15T20:32:28.796072937) [Dbg] [SystemManager.cc:74] Loaded system [gz::sim::systems::LiftDrag] for entity [9]
(2023-10-15T20:32:28.798074566) (2023-10-15T20:32:28.798100344) [Msg] ApplyJointForce subscribing to Double messages on [/model/iris/joint/rotor_0_joint/cmd_force]
(2023-10-15T20:32:28.798156432) (2023-10-15T20:32:28.798162758) [Dbg] [SystemManager.cc:74] Loaded system [gz::sim::systems::ApplyJointForce] for entity [9]
(2023-10-15T20:32:28.798738102) (2023-10-15T20:32:28.798750316) [Msg] ApplyJointForce subscribing to Double messages on [/model/iris/joint/rotor_1_joint/cmd_force]
(2023-10-15T20:32:28.798795885) (2023-10-15T20:32:28.798803980) [Dbg] [SystemManager.cc:74] Loaded system [gz::sim::systems::ApplyJointForce] for entity [9]
(2023-10-15T20:32:28.799539489) (2023-10-15T20:32:28.799551730) [Msg] ApplyJointForce subscribing to Double messages on [/model/iris/joint/rotor_2_joint/cmd_force]
(2023-10-15T20:32:28.799581304) (2023-10-15T20:32:28.799586331) [Dbg] [SystemManager.cc:74] Loaded system [gz::sim::systems::ApplyJointForce] for entity [9]
(2023-10-15T20:32:28.799950108) (2023-10-15T20:32:28.799957609) [Msg] ApplyJointForce subscribing to Double messages on [/model/iris/joint/rotor_3_joint/cmd_force]
(2023-10-15T20:32:28.799984834) (2023-10-15T20:32:28.799989679) [Dbg] [SystemManager.cc:74] Loaded system [gz::sim::systems::ApplyJointForce] for entity [9]
(2023-10-15T20:32:28.802028949) (2023-10-15T20:32:28.802040013) [Msg] JointPositionController subscribing to Double messages on [/gimbal/cmd_roll]
(2023-10-15T20:32:28.802069399) (2023-10-15T20:32:28.802074509) [Dbg] [JointPositionController.cc:302] [JointPositionController] system parameters:
(2023-10-15T20:32:28.802088895) (2023-10-15T20:32:28.802093468) [Dbg] [JointPositionController.cc:303] p_gain: [2]
(2023-10-15T20:32:28.802120532) (2023-10-15T20:32:28.802125201) [Dbg] [JointPositionController.cc:304] i_gain: [0.1]
(2023-10-15T20:32:28.802144315) (2023-10-15T20:32:28.802148948) [Dbg] [JointPositionController.cc:305] d_gain: [0.01]
(2023-10-15T20:32:28.802167637) (2023-10-15T20:32:28.802189127) [Dbg] [JointPositionController.cc:306] i_max: [1]
(2023-10-15T20:32:28.802208020) (2023-10-15T20:32:28.802212753) [Dbg] [JointPositionController.cc:307] i_min: [-1]
(2023-10-15T20:32:28.802231524) (2023-10-15T20:32:28.802236238) [Dbg] [JointPositionController.cc:308] cmd_max: [1000]
(2023-10-15T20:32:28.802255498) (2023-10-15T20:32:28.802260055) [Dbg] [JointPositionController.cc:309] cmd_min: [-1000]
(2023-10-15T20:32:28.802287019) (2023-10-15T20:32:28.802291942) [Dbg] [JointPositionController.cc:310] cmd_offset: [0]
(2023-10-15T20:32:28.802318875) (2023-10-15T20:32:28.802325391) [Dbg] [JointPositionController.cc:311] Topic: [/gimbal/cmd_roll]
(2023-10-15T20:32:28.802355357) (2023-10-15T20:32:28.802363115) [Dbg] [JointPositionController.cc:312] initial_position: [0]
(2023-10-15T20:32:28.802396241) (2023-10-15T20:32:28.802403593) [Dbg] [SystemManager.cc:74] Loaded system [gz::sim::systems::JointPositionController] for entity [9]
(2023-10-15T20:32:28.803025691) (2023-10-15T20:32:28.803038335) [Msg] JointPositionController subscribing to Double messages on [/gimbal/cmd_tilt]
(2023-10-15T20:32:28.803072340) (2023-10-15T20:32:28.803079874) [Dbg] [JointPositionController.cc:302] [JointPositionController] system parameters:
(2023-10-15T20:32:28.803104013) (2023-10-15T20:32:28.803111744) [Dbg] [JointPositionController.cc:303] p_gain: [2]
(2023-10-15T20:32:28.803146886) (2023-10-15T20:32:28.803154939) [Dbg] [JointPositionController.cc:304] i_gain: [0.1]
(2023-10-15T20:32:28.803189712) (2023-10-15T20:32:28.803198281) [Dbg] [JointPositionController.cc:305] d_gain: [0.01]
(2023-10-15T20:32:28.803234051) (2023-10-15T20:32:28.803242610) [Dbg] [JointPositionController.cc:306] i_max: [1]
(2023-10-15T20:32:28.803277275) (2023-10-15T20:32:28.803285713) [Dbg] [JointPositionController.cc:307] i_min: [-1]
(2023-10-15T20:32:28.803319920) (2023-10-15T20:32:28.803328309) [Dbg] [JointPositionController.cc:308] cmd_max: [1000]
(2023-10-15T20:32:28.803363128) (2023-10-15T20:32:28.803371682) [Dbg] [JointPositionController.cc:309] cmd_min: [-1000]
(2023-10-15T20:32:28.803406842) (2023-10-15T20:32:28.803415325) [Dbg] [JointPositionController.cc:310] cmd_offset: [0]
(2023-10-15T20:32:28.803449214) (2023-10-15T20:32:28.803457631) [Dbg] [JointPositionController.cc:311] Topic: [/gimbal/cmd_tilt]
(2023-10-15T20:32:28.803490845) (2023-10-15T20:32:28.803499444) [Dbg] [JointPositionController.cc:312] initial_position: [0]
(2023-10-15T20:32:28.803541661) (2023-10-15T20:32:28.803550779) [Dbg] [SystemManager.cc:74] Loaded system [gz::sim::systems::JointPositionController] for entity [9]
(2023-10-15T20:32:28.805947645) (2023-10-15T20:32:28.805958763) [Msg] LinearBatteryPlugin configured. Battery name: lipo_3500mAh
(2023-10-15T20:32:28.805984672) (2023-10-15T20:32:28.805989514) [Dbg] [LinearBatteryPlugin.cc:405] Battery initial voltage: 12.6
(2023-10-15T20:32:28.806258243) (2023-10-15T20:32:28.806267969) [Dbg] [SystemManager.cc:74] Loaded system [gz::sim::systems::LinearBatteryPlugin] for entity [9]
(2023-10-15T20:32:28.823609482) (2023-10-15T20:32:28.823622078) [Msg] [iris] Advertising on /gimbal/cmd_roll.
(2023-10-15T20:32:28.823964596) (2023-10-15T20:32:28.823975927) [Msg] [iris] Advertising on /gimbal/cmd_tilt.
(2023-10-15T20:32:28.824244788) [iris] flight dynamics model @ 127.0.0.1:9002
(2023-10-15T20:32:28.824368760) [iris] ArduPilot ready to fly. The force will be with you
(2023-10-15T20:32:28.824412893) (2023-10-15T20:32:28.824419271) [Dbg] [SystemManager.cc:74] Loaded system [ArduPilotPlugin] for entity [9]
(2023-10-15T20:32:28.825753403) (2023-10-15T20:32:28.825763420) [Msg] Loaded level [3]
(2023-10-15T20:32:28.829587548) (2023-10-15T20:32:28.829598992) [Msg] Serving world controls on [/world/map/control], [/world/map/control/state] and [/world/map/playback/control]
(2023-10-15T20:32:28.829714289) (2023-10-15T20:32:28.829724730) [Msg] Serving GUI information on [/world/map/gui/info]
(2023-10-15T20:32:28.829753759) (2023-10-15T20:32:28.829758561) [Msg] World [map] initialized with [1ms] physics profile.
(2023-10-15T20:32:28.829930196) (2023-10-15T20:32:28.829936873) [Msg] Serving world SDF generation service on [/world/map/generate_world_sdf]
(2023-10-15T20:32:28.830061888) (2023-10-15T20:32:28.830071499) [Msg] Serving world names on [/gazebo/worlds]
(2023-10-15T20:32:28.830143061) (2023-10-15T20:32:28.830152773) [Msg] Resource path add service on [/gazebo/resource_paths/add].
(2023-10-15T20:32:28.830241031) (2023-10-15T20:32:28.830260275) [Msg] Resource path get service on [/gazebo/resource_paths/get].
(2023-10-15T20:32:28.930613252) (2023-10-15T20:32:28.930638689) [Msg] Resource path resolve service on [/gazebo/resource_paths/resolve].
(2023-10-15T20:32:28.930818074) (2023-10-15T20:32:28.930829065) [Msg] Resource paths published on [/gazebo/resource_paths].
(2023-10-15T20:32:28.931066231) (2023-10-15T20:32:28.931076081) [Msg] Server control service on [/server_control].
(2023-10-15T20:32:30.159605573) (2023-10-15T20:32:30.159627835) [Msg] Found no publishers on /stats, adding root stats topic
(2023-10-15T20:32:30.160328229) (2023-10-15T20:32:30.160347684) [Msg] Found no publishers on /clock, adding root clock topic
(2023-10-15T20:32:30.161831066) (2023-10-15T20:32:30.161851936) [Dbg] [SimulationRunner.cc:503] Creating PostUpdate worker threads: 13
(2023-10-15T20:32:30.161913901) (2023-10-15T20:32:30.161924972) [Dbg] [SimulationRunner.cc:514] Creating postupdate worker thread (0)
(2023-10-15T20:32:30.162312762) (2023-10-15T20:32:30.162367168) [Dbg] [SimulationRunner.cc:514] Creating postupdate worker thread (1)
(2023-10-15T20:32:30.162512169) (2023-10-15T20:32:30.162524547) [Dbg] [SimulationRunner.cc:514] Creating postupdate worker thread (2)
(2023-10-15T20:32:30.162640873) (2023-10-15T20:32:30.162653958) [Dbg] [SimulationRunner.cc:514] Creating postupdate worker thread (3)
(2023-10-15T20:32:30.162750157) (2023-10-15T20:32:30.162763265) [Dbg] [SimulationRunner.cc:514] Creating postupdate worker thread (4)
(2023-10-15T20:32:30.162857829) (2023-10-15T20:32:30.162870780) [Dbg] [SimulationRunner.cc:514] Creating postupdate worker thread (5)
(2023-10-15T20:32:30.163012359) (2023-10-15T20:32:30.163024573) [Dbg] [SimulationRunner.cc:514] Creating postupdate worker thread (6)
(2023-10-15T20:32:30.163143592) (2023-10-15T20:32:30.163156365) [Dbg] [SimulationRunner.cc:514] Creating postupdate worker thread (7)
(2023-10-15T20:32:30.163282440) (2023-10-15T20:32:30.163295023) [Dbg] [SimulationRunner.cc:514] Creating postupdate worker thread (8)
(2023-10-15T20:32:30.163392680) (2023-10-15T20:32:30.163404032) [Dbg] [SimulationRunner.cc:514] Creating postupdate worker thread (9)
(2023-10-15T20:32:30.163507002) (2023-10-15T20:32:30.163527559) [Dbg] [SimulationRunner.cc:514] Creating postupdate worker thread (10)
(2023-10-15T20:32:30.163633572) (2023-10-15T20:32:30.163647178) [Dbg] [SimulationRunner.cc:514] Creating postupdate worker thread (11)
(2023-10-15T20:32:30.167056211) (2023-10-15T20:32:30.167081739) [Dbg] [JointPositionController.cc:361] Identified joint [roll_joint] as Entity [53]
(2023-10-15T20:32:30.167196125) (2023-10-15T20:32:30.167208409) [Dbg] [JointPositionController.cc:361] Identified joint [tilt_joint] as Entity [54]
(2023-10-15T20:32:30.168129080) (2023-10-15T20:32:30.168199164) [Msg] Found IMU sensor with name [imu_link::imu_sensor]
(2023-10-15T20:32:30.168383274) (2023-10-15T20:32:30.168397388) [Dbg] [ArduPilotPlugin.cc:1154] Computed IMU topic to be: world/map/model/iris/link/imu_link/sensor/imu_sensor/imu
(2023-10-15T20:32:30.181458016) (2023-10-15T20:32:30.181501134) [Dbg] [SDFFeatures.cc:328] Mesh construction from an SDF has not been implemented yet for dartsim. Use AttachMeshShapeFeature to use mesh shapes.
(2023-10-15T20:32:30.181558874) (2023-10-15T20:32:30.181571455) [Err] [SDFFeatures.cc:843] The geometry element of collision [roll_col] couldn't be created
(2023-10-15T20:32:30.181766741) (2023-10-15T20:32:30.181781919) [Dbg] [SDFFeatures.cc:328] Mesh construction from an SDF has not been implemented yet for dartsim. Use AttachMeshShapeFeature to use mesh shapes.
(2023-10-15T20:32:30.181818411) (2023-10-15T20:32:30.181829765) [Err] [SDFFeatures.cc:843] The geometry element of collision [tilt_col] couldn't be created
(2023-10-15T20:32:30.946468411) (2023-10-15T20:32:30.946488464) [Dbg] [Sensors.cc:659] Initialization needed
(2023-10-15T20:32:30.946606671) (2023-10-15T20:32:30.946617682) [Dbg] [Sensors.cc:257] Initializing render context
(2023-10-15T20:32:30.946871803) (2023-10-15T20:32:30.946885390) [Dbg] [AltimeterSensor.cc:114] Altimeter data for [iris::base_link::altimeter_sensor] advertised on [world/map/model/iris/link/base_link/sensor/altimeter_sensor/altimeter]
(2023-10-15T20:32:30.947074464) (2023-10-15T20:32:30.947082814) [Msg] Loading plugin [gz-rendering-ogre2]
(2023-10-15T20:32:30.947341777) (2023-10-15T20:32:30.947363713) [Msg] Serving scene information on [/world/map/scene/info]
(2023-10-15T20:32:30.947512870) (2023-10-15T20:32:30.947524879) [Msg] Serving graph information on [/world/map/scene/graph]
(2023-10-15T20:32:30.947774790) (2023-10-15T20:32:30.947788626) [Dbg] [AirSpeedSensor.cc:125] Air speed for [iris::base_link::air_speed_sensor] advertised on [world/map/model/iris/link/base_link/sensor/air_speed_sensor/air_speed]
(2023-10-15T20:32:30.948029075) (2023-10-15T20:32:30.948042647) [Msg] Serving full state on [/world/map/state]
(2023-10-15T20:32:30.948185096) (2023-10-15T20:32:30.948198809) [Msg] Serving full state (async) on [/world/map/state_async]
(2023-10-15T20:32:30.948265292) (2023-10-15T20:32:30.948278740) [Dbg] [AirPressureSensor.cc:126] Air pressure for [iris::base_link::air_pressure_sensor(2023-10-15T20:32:30.948348014) (2023-10-15T20:32:30.948362537) [Msg] Publishing scene information on [/world/map/scene/info]
(2023-10-15T20:32:30.948590136) (2023-10-15T20:32:30.948604436) [Msg] Publishing entity deletions on [/world/map/scene/deletion]
] advertised on [world/map/model/iris/link/base_link/sensor/air_pressure_sensor/air_pressure]
(2023-10-15T20:32:30.948763763) (2023-10-15T20:32:30.948780574) [Dbg] [MagnetometerSensor.cc:117] Magnetometer data for [iris::base_link::magnetometer_sensor] advertised on [world/map/model/iris/link/base_link/sensor/magnetometer_sensor/magnetometer]
(2023-10-15T20:32:30.948937138) (2023-10-15T20:32:30.948954652) [Dbg] [ImuSensor.cc:149] IMU data for [iris::imu_link::imu_sensor] advertised on [world/map/model/iris/link/imu_link/sensor/imu_sensor/imu]
(2023-10-15T20:32:30.949350831) (2023-10-15T20:32:30.949367349) [Msg] Publishing state changes on [/world/map/state]
(2023-10-15T20:32:30.950367248) (2023-10-15T20:32:30.950387239) [Msg] Publishing pose messages on [/world/map/pose/info]
(2023-10-15T20:32:30.950606300) (2023-10-15T20:32:30.950619601) [Msg] Publishing dynamic pose messages on [/world/map/dynamic_pose/info]
(2023-10-15T20:32:30.951407666) (2023-10-15T20:32:30.951431759) [Dbg] [EntityComponentManager.cc:1655] Updated state thread iterators: 8 threads processing around 8 entities each.
(2023-10-15T20:32:30.979897333) (2023-10-15T20:32:30.979917767) [Wrn] [Component.hh:144] Trying to serialize component with data type [St6vectorIdSaIdEE], which doesn't have `operator<<`. Component will not be serialized.
(2023-10-15T20:32:30.980748675) (2023-10-15T20:32:30.980763605) [Wrn] [Model.hh:69] Skipping serialization / deserialization for models with //pose/@relative_to attribute.
(2023-10-15T20:32:30.981651608) (2023-10-15T20:32:30.981665818) [Wrn] [Component.hh:144] Trying to serialize component with data type [N3sdf3v135WorldE], which doesn't have `operator<<`. Component will not be serialized.
(2023-10-15T20:32:30.984631160) (2023-10-15T20:32:30.984668255) [Wrn] [ArduPilotPlugin.cc:1436] [iris] Drained n packets: 1
(2023-10-15T20:32:30.984915859) [iris] Connected to ArduPilot controller @ 127.0.0.1:41954
(2023-10-15T20:32:30.985089953) (2023-10-15T20:32:30.985103454) [Wrn] [ArduPilotPlugin.cc:1583] ArduPilot controller has reset
(2023-10-15T20:32:30.987041673) (2023-10-15T20:32:30.987068663) [Dbg] [LinearBatteryPlugin.cc:574] [Battery Plugin] Battery drain: 0 minutes passed.
(2023-10-15T20:32:31.260201900) (2023-10-15T20:32:31.260209875) [Dbg] [RenderUtil.cc:2720] Create scene [scene]
(2023-10-15T20:32:31.324622500) (2023-10-15T20:32:31.324645264) [Dbg] [Sensors.cc:659] Initialization needed
(2023-10-15T20:32:31.325223958) (2023-10-15T20:32:31.325242018) [Dbg] [Sensors.cc:277] Rendering Thread initialized
(2023-10-15T20:32:34.15050566) (2023-10-15T20:32:34.15065146) [Dbg] [CameraSensor.cc:458] Camera images for [iris::tilt_link::camera] advertised on [world/map/model/iris/link/tilt_link/sensor/camera/image]
(2023-10-15T20:32:34.15292747) (2023-10-15T20:32:34.15303573) [Dbg] [CameraSensor.cc:786] Camera info for [iris::tilt_link::camera] advertised on [/world/map/model/iris/link/tilt_link/sensor/camera/camera_info]
(2023-10-15T20:32:34.15653258) (2023-10-15T20:32:34.15660547) [Wrn] [Ogre2Camera.cc:412] Ogre2Camera::SetVisibilityMask: Mask bits c0000000 are set but will be ignored as they conflict with the reserved bits used internally by the ogre2 backend.
(2023-10-15T20:32:34.164395622) (2023-10-15T20:32:34.164417442) [Dbg] [CameraSensor.cc:583] Enabling camera sensor: 'iris::tilt_link::camera' data generation.
(2023-10-15T20:32:34.380371680) (2023-10-15T20:32:34.380392172) [Wrn] [ArduPilotPlugin.cc:1436] [iris] Drained n packets: 2
(2023-10-15T20:37:30.448381945) (2023-10-15T20:37:30.448429872) [Dbg] [LinearBatteryPlugin.cc:574] [Battery Plugin] Battery drain: 1 minutes passed.
(2023-10-15T20:37:59.153063380) (2023-10-15T20:37:59.153095367) [Wrn] [ArduPilotPlugin.cc:1583] ArduPilot controller has reset
(2023-10-15T20:38:32.407582505) (2023-10-15T20:38:32.407621298) [Dbg] [LinearBatteryPlugin.cc:710] Battery: lipo_3500mAh
(2023-10-15T20:38:32.407749435) (2023-10-15T20:38:32.407764943) [Dbg] [LinearBatteryPlugin.cc:711] PowerLoads().size(): 1
(2023-10-15T20:38:32.407846991) (2023-10-15T20:38:32.407860298) [Dbg] [LinearBatteryPlugin.cc:713] charging status: false
(2023-10-15T20:38:32.407908966) (2023-10-15T20:38:32.407919800) [Dbg] [LinearBatteryPlugin.cc:715] charging current: inf
(2023-10-15T20:38:32.407978022) (2023-10-15T20:38:32.407992160) [Dbg] [LinearBatteryPlugin.cc:716] voltage: 12.357
(2023-10-15T20:38:32.408049353) (2023-10-15T20:38:32.408062898) [Dbg] [LinearBatteryPlugin.cc:717] state of charge: 0.909999 (q 3.185)

(2023-10-15T20:42:07.458193355) (2023-10-15T20:42:07.458235484) [Dbg] [LinearBatteryPlugin.cc:574] [Battery Plugin] Battery drain: 2 minutes passed.
(2023-10-15T20:43:03.216452718) (2023-10-15T20:43:03.216481083) [Wrn] [ArduPilotPlugin.cc:1583] ArduPilot controller has reset
(2023-10-15T20:44:31.112616349) (2023-10-15T20:44:31.112658001) [Dbg] [LinearBatteryPlugin.cc:710] Battery: lipo_3500mAh
(2023-10-15T20:44:31.112746583) (2023-10-15T20:44:31.112762415) [Dbg] [LinearBatteryPlugin.cc:711] PowerLoads().size(): 1
(2023-10-15T20:44:31.112817082) (2023-10-15T20:44:31.112833146) [Dbg] [LinearBatteryPlugin.cc:713] charging status: false
(2023-10-15T20:44:31.112889527) (2023-10-15T20:44:31.112904529) [Dbg] [LinearBatteryPlugin.cc:715] charging current: inf
(2023-10-15T20:44:31.113003427) (2023-10-15T20:44:31.113018671) [Dbg] [LinearBatteryPlugin.cc:716] voltage: 12.087
(2023-10-15T20:44:31.113075219) (2023-10-15T20:44:31.113089968) [Dbg] [LinearBatteryPlugin.cc:717] state of charge: 0.81 (q 2.835)

(2023-10-15T20:47:11.201724484) (2023-10-15T20:47:11.201750423) [Dbg] [LinearBatteryPlugin.cc:574] [Battery Plugin] Battery drain: 3 minutes passed.
(2023-10-15T20:48:27.34280008) (2023-10-15T20:48:27.34321512) [Wrn] [ArduPilotPlugin.cc:1583] ArduPilot controller has reset
(2023-10-15T20:50:41.177756796) (2023-10-15T20:50:41.177798597) [Dbg] [LinearBatteryPlugin.cc:710] Battery: lipo_3500mAh
(2023-10-15T20:50:41.177867968) (2023-10-15T20:50:41.177882911) [Dbg] [LinearBatteryPlugin.cc:711] PowerLoads().size(): 1
(2023-10-15T20:50:41.177930775) (2023-10-15T20:50:41.177946468) [Dbg] [LinearBatteryPlugin.cc:713] charging status: false
(2023-10-15T20:50:41.177994720) (2023-10-15T20:50:41.178009158) [Dbg] [LinearBatteryPlugin.cc:715] charging current: inf
(2023-10-15T20:50:41.178064138) (2023-10-15T20:50:41.178078693) [Dbg] [LinearBatteryPlugin.cc:716] voltage: 11.817
(2023-10-15T20:50:41.178132463) (2023-10-15T20:50:41.178147661) [Dbg] [LinearBatteryPlugin.cc:717] state of charge: 0.71 (q 2.485)

(2023-10-15T20:51:56.447612898) (2023-10-15T20:51:56.447658905) [Dbg] [LinearBatteryPlugin.cc:574] [Battery Plugin] Battery drain: 4 minutes passed.
(2023-10-15T20:53:39.342993950) (2023-10-15T20:53:39.343039828) [Wrn] [ArduPilotPlugin.cc:1583] ArduPilot controller has reset
(2023-10-15T20:56:25.893490641) (2023-10-15T20:56:25.893568225) [Dbg] [LinearBatteryPlugin.cc:710] Battery: lipo_3500mAh
(2023-10-15T20:56:25.893650844) (2023-10-15T20:56:25.893660413) [Dbg] [LinearBatteryPlugin.cc:711] PowerLoads().size(): 1
(2023-10-15T20:56:25.893698127) (2023-10-15T20:56:25.893706828) [Dbg] [LinearBatteryPlugin.cc:713] charging status: false
(2023-10-15T20:56:25.893735861) (2023-10-15T20:56:25.893744017) [Dbg] [LinearBatteryPlugin.cc:715] charging current: inf
(2023-10-15T20:56:25.893781365) (2023-10-15T20:56:25.893793138) [Dbg] [LinearBatteryPlugin.cc:716] voltage: 11.547
(2023-10-15T20:56:25.893846035) (2023-10-15T20:56:25.893859765) [Dbg] [LinearBatteryPlugin.cc:717] state of charge: 0.61 (q 2.135)

(2023-10-15T20:56:35.968789132) (2023-10-15T20:56:35.968821570) [Dbg] [LinearBatteryPlugin.cc:574] [Battery Plugin] Battery drain: 5 minutes passed.
(2023-10-15T20:58:41.861184240) (2023-10-15T20:58:41.861213124) [Wrn] [ArduPilotPlugin.cc:1583] ArduPilot controller has reset
(2023-10-15T21:00:31.876689487) (2023-10-15T21:00:31.876712247) [Dbg] [LinearBatteryPlugin.cc:574] [Battery Plugin] Battery drain: 6 minutes passed.
(2023-10-15T21:00:49.404073172) (2023-10-15T21:00:49.404092430) [Dbg] [LinearBatteryPlugin.cc:710] Battery: lipo_3500mAh
(2023-10-15T21:00:49.404134550) (2023-10-15T21:00:49.404143592) [Dbg] [LinearBatteryPlugin.cc:711] PowerLoads().size(): 1
(2023-10-15T21:00:49.404173321) (2023-10-15T21:00:49.404181845) [Dbg] [LinearBatteryPlugin.cc:713] charging status: false
(2023-10-15T21:00:49.404210731) (2023-10-15T21:00:49.404219127) [Dbg] [LinearBatteryPlugin.cc:715] charging current: inf
(2023-10-15T21:00:49.404251490) (2023-10-15T21:00:49.404259774) [Dbg] [LinearBatteryPlugin.cc:716] voltage: 11.277
(2023-10-15T21:00:49.404301933) (2023-10-15T21:00:49.404315783) [Dbg] [LinearBatteryPlugin.cc:717] state of charge: 0.51 (q 1.785)

(2023-10-15T21:01:28.41991227) (2023-10-15T21:01:28.42011303) [Wrn] [ArduPilotPlugin.cc:1583] ArduPilot controller has reset
(2023-10-15T21:02:12.799800568) (2023-10-15T21:02:12.799821853) [Dbg] [LinearBatteryPlugin.cc:574] [Battery Plugin] Battery drain: 7 minutes passed.
(2023-10-15T21:02:46.479390419) (2023-10-15T21:02:46.479410089) [Dbg] [LinearBatteryPlugin.cc:710] Battery: lipo_3500mAh
(2023-10-15T21:02:46.479453224) (2023-10-15T21:02:46.479462311) [Dbg] [LinearBatteryPlugin.cc:711] PowerLoads().size(): 1
(2023-10-15T21:02:46.479492068) (2023-10-15T21:02:46.479500388) [Dbg] [LinearBatteryPlugin.cc:713] charging status: false
(2023-10-15T21:02:46.479529622) (2023-10-15T21:02:46.479538137) [Dbg] [LinearBatteryPlugin.cc:715] charging current: inf
(2023-10-15T21:02:46.479570105) (2023-10-15T21:02:46.479578789) [Dbg] [LinearBatteryPlugin.cc:716] voltage: 11.007
(2023-10-15T21:02:46.479611197) (2023-10-15T21:02:46.479620549) [Dbg] [LinearBatteryPlugin.cc:717] state of charge: 0.41 (q 1.435)

(2023-10-15T21:03:17.707225080) (2023-10-15T21:03:17.707535616) [Wrn] [ArduPilotPlugin.cc:1583] ArduPilot controller has reset
(2023-10-15T21:03:52.692146804) (2023-10-15T21:03:52.692165846) [Dbg] [LinearBatteryPlugin.cc:574] [Battery Plugin] Battery drain: 8 minutes passed.
(2023-10-15T21:04:40.67953133) (2023-10-15T21:04:40.67972875) [Dbg] [LinearBatteryPlugin.cc:710] Battery: lipo_3500mAh
(2023-10-15T21:04:40.68014914) (2023-10-15T21:04:40.68024120) [Dbg] [LinearBatteryPlugin.cc:711] PowerLoads().size(): 1
(2023-10-15T21:04:40.68053784) (2023-10-15T21:04:40.68062158) [Dbg] [LinearBatteryPlugin.cc:713] charging status: false
(2023-10-15T21:04:40.68091084) (2023-10-15T21:04:40.68099630) [Dbg] [LinearBatteryPlugin.cc:715] charging current: inf
(2023-10-15T21:04:40.68137978) (2023-10-15T21:04:40.68146716) [Dbg] [LinearBatteryPlugin.cc:716] voltage: 10.737
(2023-10-15T21:04:40.68179328) (2023-10-15T21:04:40.68187912) [Dbg] [LinearBatteryPlugin.cc:717] state of charge: 0.309999 (q 1.085)

(2023-10-15T21:05:06.673207753) (2023-10-15T21:05:06.673227319) [Wrn] [ArduPilotPlugin.cc:1583] ArduPilot controller has reset
(2023-10-15T21:05:32.218699000) (2023-10-15T21:05:32.218725441) [Dbg] [LinearBatteryPlugin.cc:574] [Battery Plugin] Battery drain: 9 minutes passed.
(2023-10-15T21:06:30.508881406) (2023-10-15T21:06:30.508911914) [Dbg] [LinearBatteryPlugin.cc:710] Battery: lipo_3500mAh
(2023-10-15T21:06:30.509000699) (2023-10-15T21:06:30.509019922) [Dbg] [LinearBatteryPlugin.cc:711] PowerLoads().size(): 1
(2023-10-15T21:06:30.509083382) (2023-10-15T21:06:30.509103167) [Dbg] [LinearBatteryPlugin.cc:713] charging status: false
(2023-10-15T21:06:30.509166219) (2023-10-15T21:06:30.509212823) [Dbg] [LinearBatteryPlugin.cc:715] charging current: inf
(2023-10-15T21:06:30.509281359) (2023-10-15T21:06:30.509300104) [Dbg] [LinearBatteryPlugin.cc:716] voltage: 10.467
(2023-10-15T21:06:30.509366980) (2023-10-15T21:06:30.509379857) [Dbg] [LinearBatteryPlugin.cc:717] state of charge: 0.209999 (q 0.734995)

(2023-10-15T21:06:54.933530456) (2023-10-15T21:06:54.933556713) [Wrn] [ArduPilotPlugin.cc:1583] ArduPilot controller has reset
(2023-10-15T21:07:11.789005852) (2023-10-15T21:07:11.789024850) [Dbg] [LinearBatteryPlugin.cc:574] [Battery Plugin] Battery drain: 10 minutes passed.
(2023-10-15T21:08:19.124491606) (2023-10-15T21:08:19.124516459) [Dbg] [LinearBatteryPlugin.cc:710] Battery: lipo_3500mAh
(2023-10-15T21:08:19.124580444) (2023-10-15T21:08:19.124590558) [Dbg] [LinearBatteryPlugin.cc:711] PowerLoads().size(): 1
(2023-10-15T21:08:19.124620099) (2023-10-15T21:08:19.124628777) [Dbg] [LinearBatteryPlugin.cc:713] charging status: false
(2023-10-15T21:08:19.124657852) (2023-10-15T21:08:19.124666231) [Dbg] [LinearBatteryPlugin.cc:715] charging current: inf
(2023-10-15T21:08:19.124699544) (2023-10-15T21:08:19.124707882) [Dbg] [LinearBatteryPlugin.cc:716] voltage: 10.197
(2023-10-15T21:08:19.124740412) (2023-10-15T21:08:19.124748937) [Dbg] [LinearBatteryPlugin.cc:717] state of charge: 0.11 (q 0.384999)

(2023-10-15T21:08:44.162643831) (2023-10-15T21:08:44.162669893) [Wrn] [ArduPilotPlugin.cc:1583] ArduPilot controller has reset
(2023-10-15T21:08:51.864575595) (2023-10-15T21:08:51.864601819) [Dbg] [LinearBatteryPlugin.cc:574] [Battery Plugin] Battery drain: 11 minutes passed.
(2023-10-15T21:10:03.889812369) (2023-10-15T21:10:03.889839954) [Dbg] [LinearBatteryPlugin.cc:710] Battery: lipo_3500mAh
(2023-10-15T21:10:03.889887775) (2023-10-15T21:10:03.889897398) [Dbg] [LinearBatteryPlugin.cc:711] PowerLoads().size(): 1
(2023-10-15T21:10:03.889942202) (2023-10-15T21:10:03.889951612) [Dbg] [LinearBatteryPlugin.cc:713] charging status: false
(2023-10-15T21:10:03.889981090) (2023-10-15T21:10:03.889989477) [Dbg] [LinearBatteryPlugin.cc:715] charging current: inf
(2023-10-15T21:10:03.890021739) (2023-10-15T21:10:03.890030376) [Dbg] [LinearBatteryPlugin.cc:716] voltage: 9.927
(2023-10-15T21:10:03.890061838) (2023-10-15T21:10:03.890070263) [Dbg] [LinearBatteryPlugin.cc:717] state of charge: 0.00999866 (q 0.0349953)

(2023-10-15T23:44:04.763929438) (2023-10-15T23:44:04.763958473) [Wrn] [LinearBatteryPlugin.cc:722] Model iris out of battery.
(2023-10-15T23:44:17.995963905) (2023-10-15T23:44:17.995980897) [Dbg] [LinearBatteryPlugin.cc:574] [Battery Plugin] Battery drain: 12 minutes passed.
(2023-10-15T23:44:19.544452288) (2023-10-15T23:44:19.544472072) [Wrn] [ArduPilotPlugin.cc:1583] ArduPilot controller has reset
