(2023-10-16T21:53:33.322613170) (2023-10-16T21:53:33.322635770) [Msg] Gazebo Sim Server v7.6.0
(2023-10-16T21:53:33.328533733) (2023-10-16T21:53:33.328549634) [Msg] Loading SDF world file[/home/bassam/px4/PX4-Autopilot/Tools/simulation/gz/worlds/default.sdf].
(2023-10-16T21:53:33.446769712) (2023-10-16T21:53:33.446789460) [Msg] Serving entity system service on [/entity/system/add]
(2023-10-16T21:53:33.643106814) (2023-10-16T21:53:33.643130971) [Dbg] [Physics.cc:880] Loaded [gz::physics::dartsim::Plugin] from library [/usr/lib/x86_64-linux-gnu/gz-physics-6/engine-plugins/libgz-physics-dartsim-plugin.so]
(2023-10-16T21:53:33.643246489) (2023-10-16T21:53:33.643262105) [Dbg] [SystemManager.cc:74] Loaded system [gz::sim::systems::Physics] for entity [1]
(2023-10-16T21:53:33.648223377) (2023-10-16T21:53:33.648247967) [Msg] Create service on [/world/default/create]
(2023-10-16T21:53:33.748382653) (2023-10-16T21:53:33.748411503) [Msg] Remove service on [/world/default/remove]
(2023-10-16T21:53:33.748671393) (2023-10-16T21:53:33.748690291) [Msg] Pose service on [/world/default/set_pose]
(2023-10-16T21:53:33.748909669) (2023-10-16T21:53:33.748927268) [Msg] Pose service on [/world/default/set_pose_vector]
(2023-10-16T21:53:33.749258644) (2023-10-16T21:53:33.749276611) [Msg] Light configuration service on [/world/default/light_config]
(2023-10-16T21:53:33.749681083) (2023-10-16T21:53:33.749699169) [Msg] Physics service on [/world/default/set_physics]
(2023-10-16T21:53:33.749998540) (2023-10-16T21:53:33.750016083) [Msg] SphericalCoordinates service on [/world/default/set_spherical_coordinates]
(2023-10-16T21:53:33.750171629) (2023-10-16T21:53:33.750188626) [Msg] Enable collision service on [/world/default/enable_collision]
(2023-10-16T21:53:33.750320622) (2023-10-16T21:53:33.750336938) [Msg] Disable collision service on [/world/default/disable_collision]
(2023-10-16T21:53:33.750689731) (2023-10-16T21:53:33.750708323) [Msg] Material service on [/world/default/visual_config]
(2023-10-16T21:53:33.750930202) (2023-10-16T21:53:33.750948007) [Msg] Material service on [/world/default/wheel_slip]
(2023-10-16T21:53:33.751018297) (2023-10-16T21:53:33.751032901) [Dbg] [SystemManager.cc:74] Loaded system [gz::sim::systems::UserCommands] for entity [1]
(2023-10-16T21:53:33.753762857) (2023-10-16T21:53:33.753783174) [Dbg] [SystemManager.cc:74] Loaded system [gz::sim::systems::SceneBroadcaster] for entity [1]
(2023-10-16T21:53:33.763378277) (2023-10-16T21:53:33.763404898) [Dbg] [SystemManager.cc:74] Loaded system [gz::sim::systems::Contact] for entity [1]
(2023-10-16T21:53:33.766431618) (2023-10-16T21:53:33.766453995) [Dbg] [SystemManager.cc:74] Loaded system [gz::sim::systems::Imu] for entity [1]
(2023-10-16T21:53:33.768895322) (2023-10-16T21:53:33.768915113) [Dbg] [SystemManager.cc:74] Loaded system [gz::sim::systems::AirPressure] for entity [1]
(2023-10-16T21:53:33.771890887) (2023-10-16T21:53:33.771913204) [Msg] Listening to instantaneous wrench commands in [/world/default/wrench]
(2023-10-16T21:53:33.772058500) (2023-10-16T21:53:33.772078506) [Msg] Listening to persistent wrench commands in [/world/default/wrench/persistent]
(2023-10-16T21:53:33.772210194) (2023-10-16T21:53:33.772227932) [Msg] Listening to wrench clear commands in [/world/default/wrench/clear]
(2023-10-16T21:53:33.772284684) (2023-10-16T21:53:33.772300701) [Dbg] [SystemManager.cc:74] Loaded system [gz::sim::systems::ApplyLinkWrench] for entity [1]
(2023-10-16T21:53:33.786203788) (2023-10-16T21:53:33.786229934) [Dbg] [Sensors.cc:506] Configuring Sensors system
(2023-10-16T21:53:33.786398202) (2023-10-16T21:53:33.786416682) [Dbg] [Sensors.cc:425] SensorsPrivate::Run
(2023-10-16T21:53:33.786545837) (2023-10-16T21:53:33.786564625) [Dbg] [SystemManager.cc:74] Loaded system [gz::sim::systems::Sensors] for entity [1]
(2023-10-16T21:53:33.786695038) (2023-10-16T21:53:33.786717281) [Dbg] [Sensors.cc:402] SensorsPrivate::RenderThread started
(2023-10-16T21:53:33.786744280) (2023-10-16T21:53:33.786752763) [Dbg] [Sensors.cc:245] Waiting for init
(2023-10-16T21:53:33.789175408) (2023-10-16T21:53:33.789196892) [Msg] Loaded level [3]
(2023-10-16T21:53:33.790985084) (2023-10-16T21:53:33.791005727) [Msg] Serving world controls on [/world/default/control], [/world/default/control/state] and [/world/default/playback/control]
(2023-10-16T21:53:33.791421984) (2023-10-16T21:53:33.791440563) [Msg] Serving GUI information on [/world/default/gui/info]
(2023-10-16T21:53:33.791497160) (2023-10-16T21:53:33.791511170) [Msg] World [default] initialized with [default_physics] physics profile.
(2023-10-16T21:53:33.791800004) (2023-10-16T21:53:33.791818668) [Msg] Serving world SDF generation service on [/world/default/generate_world_sdf]
(2023-10-16T21:53:33.792027596) (2023-10-16T21:53:33.792045715) [Msg] Serving world names on [/gazebo/worlds]
(2023-10-16T21:53:33.792181313) (2023-10-16T21:53:33.792197490) [Msg] Resource path add service on [/gazebo/resource_paths/add].
(2023-10-16T21:53:33.792330788) (2023-10-16T21:53:33.792347713) [Msg] Resource path get service on [/gazebo/resource_paths/get].
(2023-10-16T21:53:33.792480524) (2023-10-16T21:53:33.792497283) [Msg] Resource path resolve service on [/gazebo/resource_paths/resolve].
(2023-10-16T21:53:33.792633062) (2023-10-16T21:53:33.792649823) [Msg] Resource paths published on [/gazebo/resource_paths].
(2023-10-16T21:53:33.792871935) (2023-10-16T21:53:33.792889340) [Msg] Server control service on [/server_control].
(2023-10-16T21:53:35.326355857) (2023-10-16T21:53:35.326366911) [Msg] Found no publishers on /stats, adding root stats topic
(2023-10-16T21:53:35.326529593) (2023-10-16T21:53:35.326539999) [Msg] Found no publishers on /clock, adding root clock topic
(2023-10-16T21:53:35.326740069) (2023-10-16T21:53:35.326749991) [Dbg] [SimulationRunner.cc:503] Creating PostUpdate worker threads: 6
(2023-10-16T21:53:35.326781825) (2023-10-16T21:53:35.326789761) [Dbg] [SimulationRunner.cc:514] Creating postupdate worker thread (0)
(2023-10-16T21:53:35.326896727) (2023-10-16T21:53:35.326905712) [Dbg] [SimulationRunner.cc:514] Creating postupdate worker thread (1)
(2023-10-16T21:53:35.326963825) (2023-10-16T21:53:35.326972207) [Dbg] [SimulationRunner.cc:514] Creating postupdate worker thread (2)
(2023-10-16T21:53:35.327063900) (2023-10-16T21:53:35.327073792) [Dbg] [SimulationRunner.cc:514] Creating postupdate worker thread (3)
(2023-10-16T21:53:35.327160598) (2023-10-16T21:53:35.327170579) [Dbg] [SimulationRunner.cc:514] Creating postupdate worker thread (4)
(2023-10-16T21:53:35.413251472) (2023-10-16T21:53:35.413264562) [Wrn] [MulticopterMotorModel.cc:257] No robotNamespace set using entity name.
(2023-10-16T21:53:35.413292676) (2023-10-16T21:53:35.413297852) [Wrn] [MulticopterMotorModel.cc:295] <motorNumber> is depricated, please use <actuator_number>.
(2023-10-16T21:53:35.413347099) (2023-10-16T21:53:35.413352537) [Dbg] [MulticopterMotorModel.cc:386] Listening to topic: x500_0/command/motor_speed
(2023-10-16T21:53:35.413710138) (2023-10-16T21:53:35.413717738) [Dbg] [SystemManager.cc:74] Loaded system [gz::sim::systems::MulticopterMotorModel] for entity [10]
(2023-10-16T21:53:35.414044151) (2023-10-16T21:53:35.414054006) [Wrn] [MulticopterMotorModel.cc:257] No robotNamespace set using entity name.
(2023-10-16T21:53:35.414069945) (2023-10-16T21:53:35.414074646) [Wrn] [MulticopterMotorModel.cc:295] <motorNumber> is depricated, please use <actuator_number>.
(2023-10-16T21:53:35.414124411) (2023-10-16T21:53:35.414132907) [Dbg] [MulticopterMotorModel.cc:386] Listening to topic: x500_0/command/motor_speed
(2023-10-16T21:53:35.414534906) (2023-10-16T21:53:35.414545431) [Dbg] [SystemManager.cc:74] Loaded system [gz::sim::systems::MulticopterMotorModel] for entity [10]
(2023-10-16T21:53:35.414875558) (2023-10-16T21:53:35.414882475) [Wrn] [MulticopterMotorModel.cc:257] No robotNamespace set using entity name.
(2023-10-16T21:53:35.414902964) (2023-10-16T21:53:35.414911108) [Wrn] [MulticopterMotorModel.cc:295] <motorNumber> is depricated, please use <actuator_number>.
(2023-10-16T21:53:35.414948952) (2023-10-16T21:53:35.414954207) [Dbg] [MulticopterMotorModel.cc:386] Listening to topic: x500_0/command/motor_speed
(2023-10-16T21:53:35.415092609) (2023-10-16T21:53:35.415098904) [Dbg] [SystemManager.cc:74] Loaded system [gz::sim::systems::MulticopterMotorModel] for entity [10]
(2023-10-16T21:53:35.415428643) (2023-10-16T21:53:35.415435226) [Wrn] [MulticopterMotorModel.cc:257] No robotNamespace set using entity name.
(2023-10-16T21:53:35.415449154) (2023-10-16T21:53:35.415455945) [Wrn] [MulticopterMotorModel.cc:295] <motorNumber> is depricated, please use <actuator_number>.
(2023-10-16T21:53:35.415491936) (2023-10-16T21:53:35.415497133) [Dbg] [MulticopterMotorModel.cc:386] Listening to topic: x500_0/command/motor_speed
(2023-10-16T21:53:35.415651753) (2023-10-16T21:53:35.415658299) [Dbg] [SystemManager.cc:74] Loaded system [gz::sim::systems::MulticopterMotorModel] for entity [10]
(2023-10-16T21:53:35.416072206) (2023-10-16T21:53:35.416081600) [Dbg] [UserCommands.cc:1263] Created entity [10] named [x500_0]
(2023-10-16T21:53:35.424230130) (2023-10-16T21:53:35.424242258) [Dbg] [SimulationFeatures.cc:72] Simulation timestep set to: 0.004
(2023-10-16T21:53:35.425164543) (2023-10-16T21:53:35.425173834) [Dbg] [AirPressureSensor.cc:126] Air pressure for [x500_0::base_link::air_pressure_sensor] advertised on [world/default/model/x500_0/link/base_link/sensor/air_pressure_sensor/air_pressure]
(2023-10-16T21:53:35.425270418) (2023-10-16T21:53:35.425282431) [Dbg] [ImuSensor.cc:149] IMU data for [x500_0::base_link::imu_sensor] advertised on [world/default/model/x500_0/link/base_link/sensor/imu_sensor/imu]
(2023-10-16T21:53:35.425432183) (2023-10-16T21:53:35.425443960) [Msg] Serving scene information on [/world/default/scene/info]
(2023-10-16T21:53:35.425526577) (2023-10-16T21:53:35.425533242) [Msg] Serving graph information on [/world/default/scene/graph]
(2023-10-16T21:53:35.425667099) (2023-10-16T21:53:35.425673659) [Msg] Serving full state on [/world/default/state]
(2023-10-16T21:53:35.425728194) (2023-10-16T21:53:35.425733832) [Msg] Serving full state (async) on [/world/default/state_async]
(2023-10-16T21:53:35.425790437) (2023-10-16T21:53:35.425799856) [Msg] Publishing scene information on [/world/default/scene/info]
(2023-10-16T21:53:35.425878749) (2023-10-16T21:53:35.425886247) [Msg] Publishing entity deletions on [/world/default/scene/deletion]
(2023-10-16T21:53:35.425938026) (2023-10-16T21:53:35.425945831) [Msg] Publishing state changes on [/world/default/state]
(2023-10-16T21:53:35.426039762) (2023-10-16T21:53:35.426046049) [Msg] Publishing pose messages on [/world/default/pose/info]
(2023-10-16T21:53:35.426115925) (2023-10-16T21:53:35.426125103) [Msg] Publishing dynamic pose messages on [/world/default/dynamic_pose/info]
(2023-10-16T21:53:35.426420541) (2023-10-16T21:53:35.426427799) [Dbg] [EntityComponentManager.cc:1655] Updated state thread iterators: 8 threads processing around 6 entities each.
(2023-10-16T21:53:35.426763774) (2023-10-16T21:53:35.426774329) [Wrn] [Model.hh:69] Skipping serialization / deserialization for models with //pose/@relative_to attribute.
2023-10-16T21:53:35.426806582) (2023-10-16T21:53:35.426824155) [Wrn] [Model.hh:69] Skipping serialization / deserialization for models with //pose/@relative_to attribute.
(2023-10-16T21:53:35.426876420) (2023-10-16T21:53:35.426885956) [Wrn] [Component.hh:144] Trying to serialize component with data type [N3sdf3v135WorldE], which doesn't have `operator<<`. Component will not be serialized.
(((((((((2023-10-16T21:53:35.427462950) 2023-10-16T21:53:35.4274688842023-10-16T21:53:35.4274688842023-10-16T21:53:35.427474258) (() 2023-10-16T21:53:35.427509742) ) () (2023-10-16T21:53:35.4275327772023-10-16T21:53:35.427532777Exiting postupdate worker thread (2023-10-16T21:53:35.4275335150)
) ) [Dbg] [SimulationRunner.cc:530] Exiting postupdate worker thread () 2023-10-16T21:53:35.4275436164) 2023-10-16T21:53:35.427611990) [Dbg] [SimulationRunner.cc:530] Exiting postupdate worker thread (3)
[Dbg] [SimulationRunner.cc:530] Exiting postupdate worker thread (2)
)
Exiting postupdate worker thread (1)
(2023-10-16T21:53:35.427792970) (2023-10-16T21:53:35.427802664) [Dbg] [SimulationRunner.cc:503] Creating PostUpdate worker threads: 6
(2023-10-16T21:53:35.427834691) (2023-10-16T21:53:35.427840404) [Dbg] [SimulationRunner.cc:514] Creating postupdate worker thread (0)
(2023-10-16T21:53:35.427871440) (2023-10-16T21:53:35.427876629) [Dbg] [SimulationRunner.cc:514] Creating postupdate worker thread (1)
(2023-10-16T21:53:35.427903861) (2023-10-16T21:53:35.427908797) [Dbg] [SimulationRunner.cc:514] Creating postupdate worker thread (2)
(2023-10-16T21:53:35.427935542) (2023-10-16T21:53:35.427940516) [Dbg] [SimulationRunner.cc:514] Creating postupdate worker thread (3)
(2023-10-16T21:53:35.427966382) (2023-10-16T21:53:35.427971210) [Dbg] [SimulationRunner.cc:514] Creating postupdate worker thread (4)
(2023-10-16T21:55:15.769263108) (2023-10-16T21:55:15.769296940) [Dbg] [SignalHandler.cc:142] Received signal[2].
(2023-10-16T21:55:15.769347169) (2023-10-16T21:55:15.769357755) [Dbg] [ServerPrivate.cc:115] Server received signal[2]
(2023-10-16T21:55:15.769396399) (2023-10-16T21:55:15.769411171) [Dbg] [Sensors.cc:433] SensorsPrivate::Stop
(2023-10-16T21:55:15.769531625) (2023-10-16T21:55:15.769545124) [Dbg] [Sensors.cc:277] Rendering Thread initialized
(2023-10-16T21:55:15.769604097) (2023-10-16T21:55:15.769611183) [Dbg] [Sensors.cc:419] SensorsPrivate::RenderThread stopped
(2023-10-16T21:55:15.773479906) (2023-10-16T21:55:15.773521644) [Dbg] [gz.cc:417] Shutting down gz-sim-server
(((2023-10-16T21:55:15.785053353) ((2023-10-16T21:55:15.785070101() 2023-10-16T21:55:15.785029403[Dbg] [SimulationRunner.cc:530] 2023-10-16T21:55:15.785099078) () (2023-10-16T21:55:15.7851467082023-10-16T21:55:15.7851467082023-10-16T21:55:15.7851467082023-10-16T21:55:15.785128643) ) 2023-10-16T21:55:15.785086860) 3)
((2023-10-16T21:55:15.785234989) [Dbg] [SimulationRunner.cc:530] Exiting postupdate worker thread () 1)
[Dbg] [SimulationRunner.cc:530] Exiting postupdate worker thread (0)
[Dbg] [SimulationRunner.cc:530] Exiting postupdate worker thread ([Dbg] [SimulationRunner.cc:530] 4[Dbg] [SimulationRunner.cc:530] 4))Exiting postupdate worker thread (2)(2023-10-16T21:55:15.814453555) (2023-10-16T21:55:15.814468253) [Dbg] [Sensors.cc:433] SensorsPrivate::Stop
