(2023-10-16T21:55:24.329921605) (2023-10-16T21:55:24.329931635) [Msg] Gazebo Sim Server v7.6.0
(2023-10-16T21:55:24.333326228) (2023-10-16T21:55:24.333336056) [Msg] Loading SDF world file[/home/bassam/px4/PX4-Autopilot/Tools/simulation/gz/worlds/default.sdf].
(2023-10-16T21:55:24.394062301) (2023-10-16T21:55:24.394079008) [Msg] Serving entity system service on [/entity/system/add]
(2023-10-16T21:55:24.492578459) (2023-10-16T21:55:24.492591443) [Dbg] [Physics.cc:880] Loaded [gz::physics::dartsim::Plugin] from library [/usr/lib/x86_64-linux-gnu/gz-physics-6/engine-plugins/libgz-physics-dartsim-plugin.so]
(2023-10-16T21:55:24.492656011) (2023-10-16T21:55:24.492663742) [Dbg] [SystemManager.cc:74] Loaded system [gz::sim::systems::Physics] for entity [1]
(2023-10-16T21:55:24.595128781) (2023-10-16T21:55:24.595153564) [Msg] Create service on [/world/default/create]
(2023-10-16T21:55:24.595353870) (2023-10-16T21:55:24.595363922) [Msg] Remove service on [/world/default/remove]
(2023-10-16T21:55:24.595483161) (2023-10-16T21:55:24.595491437) [Msg] Pose service on [/world/default/set_pose]
(2023-10-16T21:55:24.595587169) (2023-10-16T21:55:24.595623114) [Msg] Pose service on [/world/default/set_pose_vector]
(2023-10-16T21:55:24.595763229) (2023-10-16T21:55:24.595772653) [Msg] Light configuration service on [/world/default/light_config]
(2023-10-16T21:55:24.595926026) (2023-10-16T21:55:24.595935689) [Msg] Physics service on [/world/default/set_physics]
(2023-10-16T21:55:24.596057897) (2023-10-16T21:55:24.596067157) [Msg] SphericalCoordinates service on [/world/default/set_spherical_coordinates]
(2023-10-16T21:55:24.596125468) (2023-10-16T21:55:24.596134196) [Msg] Enable collision service on [/world/default/enable_collision]
(2023-10-16T21:55:24.596191039) (2023-10-16T21:55:24.596199847) [Msg] Disable collision service on [/world/default/disable_collision]
(2023-10-16T21:55:24.596323799) (2023-10-16T21:55:24.596333053) [Msg] Material service on [/world/default/visual_config]
(2023-10-16T21:55:24.596422203) (2023-10-16T21:55:24.596431383) [Msg] Material service on [/world/default/wheel_slip]
(2023-10-16T21:55:24.596459226) (2023-10-16T21:55:24.596464088) [Dbg] [SystemManager.cc:74] Loaded system [gz::sim::systems::UserCommands] for entity [1]
(2023-10-16T21:55:24.597514445) (2023-10-16T21:55:24.597522474) [Dbg] [SystemManager.cc:74] Loaded system [gz::sim::systems::SceneBroadcaster] for entity [1]
(2023-10-16T21:55:24.598226758) (2023-10-16T21:55:24.598233910) [Dbg] [SystemManager.cc:74] Loaded system [gz::sim::systems::Contact] for entity [1]
(2023-10-16T21:55:24.599223535) (2023-10-16T21:55:24.599231124) [Dbg] [SystemManager.cc:74] Loaded system [gz::sim::systems::Imu] for entity [1]
(2023-10-16T21:55:24.600021651) (2023-10-16T21:55:24.600028668) [Dbg] [SystemManager.cc:74] Loaded system [gz::sim::systems::AirPressure] for entity [1]
(2023-10-16T21:55:24.600788815) (2023-10-16T21:55:24.600796787) [Msg] Listening to instantaneous wrench commands in [/world/default/wrench]
(2023-10-16T21:55:24.600850381) (2023-10-16T21:55:24.600859075) [Msg] Listening to persistent wrench commands in [/world/default/wrench/persistent]
(2023-10-16T21:55:24.600908021) (2023-10-16T21:55:24.600916179) [Msg] Listening to wrench clear commands in [/world/default/wrench/clear]
(2023-10-16T21:55:24.600934743) (2023-10-16T21:55:24.600939106) [Dbg] [SystemManager.cc:74] Loaded system [gz::sim::systems::ApplyLinkWrench] for entity [1]
(2023-10-16T21:55:24.605566587) (2023-10-16T21:55:24.605576969) [Dbg] [Sensors.cc:506] Configuring Sensors system
(2023-10-16T21:55:24.605641555) (2023-10-16T21:55:24.605647072) [Dbg] [Sensors.cc:425] SensorsPrivate::Run
(2023-10-16T21:55:24.605709606) (2023-10-16T21:55:24.605715106) [Dbg] [SystemManager.cc:74] Loaded system [gz::sim::systems::Sensors] for entity [1]
(2023-10-16T21:55:24.605779031) (2023-10-16T21:55:24.605789396) [Dbg] [Sensors.cc:402] SensorsPrivate::RenderThread started
(2023-10-16T21:55:24.605803764) (2023-10-16T21:55:24.605808355) [Dbg] [Sensors.cc:245] Waiting for init
(2023-10-16T21:55:24.606634524) (2023-10-16T21:55:24.606641843) [Msg] Loaded level [3]
(2023-10-16T21:55:24.607294742) (2023-10-16T21:55:24.607305705) [Msg] Serving world controls on [/world/default/control], [/world/default/control/state] and [/world/default/playback/control]
(2023-10-16T21:55:24.607456498) (2023-10-16T21:55:24.607466069) [Msg] Serving GUI information on [/world/default/gui/info]
(2023-10-16T21:55:24.607488160) (2023-10-16T21:55:24.607493184) [Msg] World [default] initialized with [default_physics] physics profile.
(2023-10-16T21:55:24.607603647) (2023-10-16T21:55:24.607613371) [Msg] Serving world SDF generation service on [/world/default/generate_world_sdf]
(2023-10-16T21:55:24.607700934) (2023-10-16T21:55:24.607710229) [Msg] Serving world names on [/gazebo/worlds]
(2023-10-16T21:55:24.607769501) (2023-10-16T21:55:24.607778514) [Msg] Resource path add service on [/gazebo/resource_paths/add].
(2023-10-16T21:55:24.607834591) (2023-10-16T21:55:24.607843612) [Msg] Resource path get service on [/gazebo/resource_paths/get].
(2023-10-16T21:55:24.607901991) (2023-10-16T21:55:24.607910983) [Msg] Resource path resolve service on [/gazebo/resource_paths/resolve].
(2023-10-16T21:55:24.607973428) (2023-10-16T21:55:24.607982460) [Msg] Resource paths published on [/gazebo/resource_paths].
(2023-10-16T21:55:24.608070762) (2023-10-16T21:55:24.608080264) [Msg] Server control service on [/server_control].
(2023-10-16T21:55:26.332334570) (2023-10-16T21:55:26.332355616) [Msg] Found no publishers on /stats, adding root stats topic
(2023-10-16T21:55:26.332577376) (2023-10-16T21:55:26.332588324) [Msg] Found no publishers on /clock, adding root clock topic
(2023-10-16T21:55:26.332864690) (2023-10-16T21:55:26.332880886) [Dbg] [SimulationRunner.cc:503] Creating PostUpdate worker threads: 6
(2023-10-16T21:55:26.332927973) (2023-10-16T21:55:26.332936263) [Dbg] [SimulationRunner.cc:514] Creating postupdate worker thread (0)
(2023-10-16T21:55:26.333143777) (2023-10-16T21:55:26.333156821) [Dbg] [SimulationRunner.cc:514] Creating postupdate worker thread (1)
(2023-10-16T21:55:26.333235640) (2023-10-16T21:55:26.333245040) [Dbg] [SimulationRunner.cc:514] Creating postupdate worker thread (2)
(2023-10-16T21:55:26.333315239) (2023-10-16T21:55:26.333323749) [Dbg] [SimulationRunner.cc:514] Creating postupdate worker thread (3)
(2023-10-16T21:55:26.333386658) (2023-10-16T21:55:26.333395318) [Dbg] [SimulationRunner.cc:514] Creating postupdate worker thread (4)
(2023-10-16T21:55:26.490608555) (2023-10-16T21:55:26.490620746) [Wrn] [MulticopterMotorModel.cc:257] No robotNamespace set using entity name.
(2023-10-16T21:55:26.490646973) (2023-10-16T21:55:26.490652300) [Wrn] [MulticopterMotorModel.cc:295] <motorNumber> is depricated, please use <actuator_number>.
(2023-10-16T21:55:26.490692506) (2023-10-16T21:55:26.490697890) [Dbg] [MulticopterMotorModel.cc:386] Listening to topic: x500_vision_0/command/motor_speed
(2023-10-16T21:55:26.490942797) (2023-10-16T21:55:26.490953580) [Dbg] [SystemManager.cc:74] Loaded system [gz::sim::systems::MulticopterMotorModel] for entity [10]
(2023-10-16T21:55:26.491190072) (2023-10-16T21:55:26.491197006) [Wrn] [MulticopterMotorModel.cc:257] No robotNamespace set using entity name.
(2023-10-16T21:55:26.491211176) (2023-10-16T21:55:26.491216211) [Wrn] [MulticopterMotorModel.cc:295] <motorNumber> is depricated, please use <actuator_number>.
(2023-10-16T21:55:26.491248155) (2023-10-16T21:55:26.491253445) [Dbg] [MulticopterMotorModel.cc:386] Listening to topic: x500_vision_0/command/motor_speed
(2023-10-16T21:55:26.491380196) (2023-10-16T21:55:26.491390590) [Dbg] [SystemManager.cc:74] Loaded system [gz::sim::systems::MulticopterMotorModel] for entity [10]
(2023-10-16T21:55:26.491602188) (2023-10-16T21:55:26.491609371) [Wrn] [MulticopterMotorModel.cc:257] No robotNamespace set using entity name.
(2023-10-16T21:55:26.491623110) (2023-10-16T21:55:26.491628202) [Wrn] [MulticopterMotorModel.cc:295] <motorNumber> is depricated, please use <actuator_number>.
(2023-10-16T21:55:26.491659556) (2023-10-16T21:55:26.491664739) [Dbg] [MulticopterMotorModel.cc:386] Listening to topic: x500_vision_0/command/motor_speed
(2023-10-16T21:55:26.491824481) (2023-10-16T21:55:26.491835241) [Dbg] [SystemManager.cc:74] Loaded system [gz::sim::systems::MulticopterMotorModel] for entity [10]
(2023-10-16T21:55:26.492044744) (2023-10-16T21:55:26.492052107) [Wrn] [MulticopterMotorModel.cc:257] No robotNamespace set using entity name.
(2023-10-16T21:55:26.492066064) (2023-10-16T21:55:26.492071127) [Wrn] [MulticopterMotorModel.cc:295] <motorNumber> is depricated, please use <actuator_number>.
(2023-10-16T21:55:26.492102537) (2023-10-16T21:55:26.492107945) [Dbg] [MulticopterMotorModel.cc:386] Listening to topic: x500_vision_0/command/motor_speed
(2023-10-16T21:55:26.492279238) (2023-10-16T21:55:26.492289945) [Dbg] [SystemManager.cc:74] Loaded system [gz::sim::systems::MulticopterMotorModel] for entity [10]
(2023-10-16T21:55:26.493051065) (2023-10-16T21:55:26.493058734) [Dbg] [OdometryPublisher.cc:151] OdometryPublisher system plugin missing <odom_frame>, defaults to "x500_vision_0/odom"
(2023-10-16T21:55:26.493080054) (2023-10-16T21:55:26.493085122) [Dbg] [OdometryPublisher.cc:181] OdometryPublisher system plugin missing <robot_base_frame>, defaults to "x500_vision_0/base_footprint"
(2023-10-16T21:55:26.493211899) (2023-10-16T21:55:26.493221757) [Msg] OdometryPublisher publishing odometry on [/model/x500_vision_0/odometry]
(2023-10-16T21:55:26.493315540) (2023-10-16T21:55:26.493325507) [Msg] OdometryPublisher publishing odometry with covariance on [/model/x500_vision_0/odometry_with_covariance]
(2023-10-16T21:55:26.493412709) (2023-10-16T21:55:26.493423078) [Msg] OdometryPublisher publishing Pose_V (TF) on [/model/x500_vision_0/pose]
(2023-10-16T21:55:26.493453583) (2023-10-16T21:55:26.493461182) [Dbg] [SystemManager.cc:74] Loaded system [gz::sim::systems::OdometryPublisher] for entity [10]
(2023-10-16T21:55:26.493760734) (2023-10-16T21:55:26.493766893) [Dbg] [UserCommands.cc:1263] Created entity [10] named [x500_vision_0]
(2023-10-16T21:55:26.503130024) (2023-10-16T21:55:26.503147077) [Dbg] [SimulationFeatures.cc:72] Simulation timestep set to: 0.004
(2023-10-16T21:55:26.504568391) (2023-10-16T21:55:26.504587458) ([Dbg] [AirPressureSensor.cc:126] 2023-10-16T21:55:26.504608515Air pressure for [) ((2023-10-16T21:55:26.504638641) x500_vision_0::base_link::air_pressure_sensor] advertised on [world/default/model/x500_vision_0/link/base_link/sensor/air_pressure_sensor/air_pressure]
[Dbg] [ImuSensor.cc:149] IMU data for [x500_vision_0::base_link::imu_sensor] advertised on [world/default/model/x500_vision_0/link/base_link/sensor/imu_sensor/imu]
(2023-10-16T21:55:26.504763459) (2023-10-16T21:55:26.504773866) [Msg] Serving scene information on [/world/default/scene/info]
(2023-10-16T21:55:26.504852291) (2023-10-16T21:55:26.504862152) [Msg] Serving graph information on [/world/default/scene/graph]
(2023-10-16T21:55:26.505000527) (2023-10-16T21:55:26.505010731) [Msg] Serving full state on [/world/default/state]
(2023-10-16T21:55:26.505080558) (2023-10-16T21:55:26.505090548) [Msg] Serving full state (async) on [/world/default/state_async]
(2023-10-16T21:55:26.505159478) (2023-10-16T21:55:26.505165971) [Msg] Publishing scene information on [/world/default/scene/info]
(2023-10-16T21:55:26.505249133) (2023-10-16T21:55:26.505255749) [Msg] Publishing entity deletions on [/world/default/scene/deletion]
(2023-10-16T21:55:26.505306509) (2023-10-16T21:55:26.505312936) [Msg] Publishing state changes on [/world/default/state]
(2023-10-16T21:55:26.505371179) (2023-10-16T21:55:26.505377972) [Msg] Publishing pose messages on [/world/default/pose/info]
(2023-10-16T21:55:26.505431359) (2023-10-16T21:55:26.505437398) [Msg] Publishing dynamic pose messages on [/world/default/dynamic_pose/info]
(2023-10-16T21:55:26.505744947) (2023-10-16T21:55:26.505752472) [Dbg] [EntityComponentManager.cc:1655] Updated state thread iterators: 8 threads processing around 6 entities each.
(2023-10-16T21:55:26.506164312) (2023-10-16T21:55:26.506174432) [Wrn] [Model.hh:69] Skipping serialization / deserialization for models with //pose/@relative_to attribute.
(2023-10-16T21:55:26.506220311) (2023-10-16T21:55:26.506234922) [Wrn] [Component.hh:144] Trying to serialize component with data type [N3sdf3v135WorldE], which doesn't have `operator<<`. Component will not be serialized.
((((((((((((2023-10-16T21:55:26.5073071922023-10-16T21:55:26.507310957) 2023-10-16T21:55:26.507310957) 2023-10-16T21:55:26.507328415) (2023-10-16T21:55:26.507340229) ) ((() ([Dbg] [SimulationRunner.cc:530] 2023-10-16T21:55:26.507380090[Dbg] [SimulationRunner.cc:530] 2023-10-16T21:55:26.507380090) (2023-10-16T21:55:26.5073985642023-10-16T21:55:26.507398564) ) 2023-10-16T21:55:26.507356010) Exiting postupdate worker thread (2)
) [Dbg] [SimulationRunner.cc:530] [Dbg] [SimulationRunner.cc:530] Exiting postupdate worker thread (4)
[Dbg] [SimulationRunner.cc:530] Exiting postupdate worker thread (0)
[Dbg] [SimulationRunner.cc:530] Exiting postupdate worker thread (Exiting postupdate worker thread (Exiting postupdate worker thread (Exiting postupdate worker thread (3)
1)
(2023-10-16T21:55:26.507689620) (2023-10-16T21:55:26.507700746) [Dbg] [SimulationRunner.cc:503] Creating PostUpdate worker threads: 7
(2023-10-16T21:55:26.507735645) (2023-10-16T21:55:26.507743260) [Dbg] [SimulationRunner.cc:514] Creating postupdate worker thread (0)
(2023-10-16T21:55:26.507790517) (2023-10-16T21:55:26.507799528) [Dbg] [SimulationRunner.cc:514] Creating postupdate worker thread (1)
(2023-10-16T21:55:26.507838840) (2023-10-16T21:55:26.507847535) [Dbg] [SimulationRunner.cc:514] Creating postupdate worker thread (2)
(2023-10-16T21:55:26.507890271) (2023-10-16T21:55:26.507898697) [Dbg] [SimulationRunner.cc:514] Creating postupdate worker thread (3)
(2023-10-16T21:55:26.507941024) (2023-10-16T21:55:26.507949461) [Dbg] [SimulationRunner.cc:514] Creating postupdate worker thread (4)
(2023-10-16T21:55:26.508011537) (2023-10-16T21:55:26.508021052) [Dbg] [SimulationRunner.cc:514] Creating postupdate worker thread (5)
(2023-10-16T22:02:27.845444479) (2023-10-16T22:02:27.845477189) [Dbg] [SignalHandler.cc:142] Received signal[2].
(2023-10-16T22:02:27.845515439) (2023-10-16T22:02:27.845525126) [Dbg] [ServerPrivate.cc:115] Server received signal[2]
(2023-10-16T22:02:27.845554242) (2023-10-16T22:02:27.845562780) [Dbg] [Sensors.cc:433] SensorsPrivate::Stop
(2023-10-16T22:02:27.845642361) (2023-10-16T22:02:27.845666666) [Dbg] [Sensors.cc:277] Rendering Thread initialized
(2023-10-16T22:02:27.845745240) (2023-10-16T22:02:27.845761010) [Dbg] [Sensors.cc:419] SensorsPrivate::RenderThread stopped
(2023-10-16T22:02:27.849474803) (2023-10-16T22:02:27.849492386) [Dbg] [gz.cc:417] Shutting down gz-sim-server
(((((2023-10-16T22:02:27.856745164) (2023-10-16T22:02:27.856770922) [Dbg] [SimulationRunner.cc:530] Exiting postupdate worker thread (3)
(2023-10-16T22:02:27.856847435) (2023-10-16T22:02:27.856893672) [Dbg] [SimulationRunner.cc:530] Exiting postupdate worker thread (442023-10-16T22:02:27.856916461)

(2023-10-16T22:02:27.856954774) (2023-10-16T22:02:27.8569787952023-10-16T22:02:27.8569787952023-10-16T22:02:27.856716951) () 2023-10-16T22:02:27.856965918[Dbg] [SimulationRunner.cc:530] Exiting postupdate worker thread (0)
2023-10-16T22:02:27.857016124) 2023-10-16T22:02:27.8570462902023-10-16T22:02:27.857046290) [Dbg] [SimulationRunner.cc:530] Exiting postupdate worker thread ((5) )
2023-10-16T22:02:27.8572067622023-10-16T22:02:27.857206762) [Dbg] [SimulationRunner.cc:530] [Dbg] [SimulationRunner.cc:530] Exiting postupdate worker thread ([Dbg] [SimulationRunner.cc:530] [Dbg] [SimulationRunner.cc:530] Exiting postupdate worker thread (1)
2)
(2023-10-16T22:02:27.897010602) (2023-10-16T22:02:27.897030082) [Dbg] [Sensors.cc:433] SensorsPrivate::Stop
