(2023-10-30T09:32:43.834568790) (2023-10-30T09:32:43.834587431) [Msg] Gazebo Sim Server v7.6.0
(2023-10-30T09:32:43.839514873) (2023-10-30T09:32:43.839530258) [Msg] Loading SDF world file[/home/bassam/PX4-Autopilot/Tools/simulation/gz/worlds/default.sdf].
(2023-10-30T09:32:44.25315154) (2023-10-30T09:32:44.25335058) [Msg] Serving entity system service on [/entity/system/add]
(2023-10-30T09:32:44.218208093) (2023-10-30T09:32:44.218232729) [Dbg] [Physics.cc:880] Loaded [gz::physics::dartsim::Plugin] from library [/usr/lib/x86_64-linux-gnu/gz-physics-6/engine-plugins/libgz-physics-dartsim-plugin.so]
(2023-10-30T09:32:44.218350886) (2023-10-30T09:32:44.218366212) [Dbg] [SystemManager.cc:74] Loaded system [gz::sim::systems::Physics] for entity [1]
(2023-10-30T09:32:44.222049138) (2023-10-30T09:32:44.222070687) [Msg] Create service on [/world/default/create]
(2023-10-30T09:32:44.322580508) (2023-10-30T09:32:44.322598378) [Msg] Remove service on [/world/default/remove]
(2023-10-30T09:32:44.322786646) (2023-10-30T09:32:44.322806417) [Msg] Pose service on [/world/default/set_pose]
(2023-10-30T09:32:44.323002621) (2023-10-30T09:32:44.323021349) [Msg] Pose service on [/world/default/set_pose_vector]
(2023-10-30T09:32:44.323290400) (2023-10-30T09:32:44.323309460) [Msg] Light configuration service on [/world/default/light_config]
(2023-10-30T09:32:44.323627710) (2023-10-30T09:32:44.323646830) [Msg] Physics service on [/world/default/set_physics]
(2023-10-30T09:32:44.323875525) (2023-10-30T09:32:44.323893468) [Msg] SphericalCoordinates service on [/world/default/set_spherical_coordinates]
(2023-10-30T09:32:44.324004885) (2023-10-30T09:32:44.324023340) [Msg] Enable collision service on [/world/default/enable_collision]
(2023-10-30T09:32:44.324131970) (2023-10-30T09:32:44.324150205) [Msg] Disable collision service on [/world/default/disable_collision]
(2023-10-30T09:32:44.324420338) (2023-10-30T09:32:44.324437168) [Msg] Material service on [/world/default/visual_config]
(2023-10-30T09:32:44.324611209) (2023-10-30T09:32:44.324628874) [Msg] Material service on [/world/default/wheel_slip]
(2023-10-30T09:32:44.324675481) (2023-10-30T09:32:44.324683957) [Dbg] [SystemManager.cc:74] Loaded system [gz::sim::systems::UserCommands] for entity [1]
(2023-10-30T09:32:44.326838232) (2023-10-30T09:32:44.326858587) [Dbg] [SystemManager.cc:74] Loaded system [gz::sim::systems::SceneBroadcaster] for entity [1]
(2023-10-30T09:32:44.328393618) (2023-10-30T09:32:44.328416586) [Dbg] [SystemManager.cc:74] Loaded system [gz::sim::systems::Contact] for entity [1]
(2023-10-30T09:32:44.330467139) (2023-10-30T09:32:44.330482308) [Dbg] [SystemManager.cc:74] Loaded system [gz::sim::systems::Imu] for entity [1]
(2023-10-30T09:32:44.332095077) (2023-10-30T09:32:44.332108976) [Dbg] [SystemManager.cc:74] Loaded system [gz::sim::systems::AirPressure] for entity [1]
(2023-10-30T09:32:44.333582733) (2023-10-30T09:32:44.333597347) [Msg] Listening to instantaneous wrench commands in [/world/default/wrench]
(2023-10-30T09:32:44.333701098) (2023-10-30T09:32:44.333712646) [Msg] Listening to persistent wrench commands in [/world/default/wrench/persistent]
(2023-10-30T09:32:44.333815470) (2023-10-30T09:32:44.333827003) [Msg] Listening to wrench clear commands in [/world/default/wrench/clear]
(2023-10-30T09:32:44.333862060) (2023-10-30T09:32:44.333870644) [Dbg] [SystemManager.cc:74] Loaded system [gz::sim::systems::ApplyLinkWrench] for entity [1]
(2023-10-30T09:32:44.343051739) (2023-10-30T09:32:44.343067929) [Dbg] [Sensors.cc:506] Configuring Sensors system
(2023-10-30T09:32:44.343230464) (2023-10-30T09:32:44.343241934) [Dbg] [Sensors.cc:425] SensorsPrivate::Run
(2023-10-30T09:32:44.343357542) (2023-10-30T09:32:44.343368457) [Dbg] [SystemManager.cc:74] Loaded system [gz::sim::systems::Sensors] for entity [1]
(2023-10-30T09:32:44.343428992) (2023-10-30T09:32:44.343449506) [Dbg] [Sensors.cc:402] SensorsPrivate::RenderThread started
(2023-10-30T09:32:44.343477351) (2023-10-30T09:32:44.343485918) [Dbg] [Sensors.cc:245] Waiting for init
(2023-10-30T09:32:44.347171148) (2023-10-30T09:32:44.347188475) [Wrn] [SystemLoader.cc:79] Trying to load deprecated plugin [ignition-gazebo-ackermann-steering-system]. Using [gz-sim-ackermann-steering-system] instead.
(2023-10-30T09:32:44.349034005) (2023-10-30T09:32:44.349048789) [Msg] AckermannSteering subscribing to twist messages on [/cmd_vel]
(2023-10-30T09:32:44.349340636) (2023-10-30T09:32:44.349353795) [Dbg] [SystemManager.cc:74] Loaded system [ignition::gazebo::systems::AckermannSteering] for entity [8]
(2023-10-30T09:32:44.349538043) (2023-10-30T09:32:44.349548752) [Msg] Loaded level [3]
(2023-10-30T09:32:44.351775274) (2023-10-30T09:32:44.351794141) [Msg] Serving world controls on [/world/default/control], [/world/default/control/state] and [/world/default/playback/control]
(2023-10-30T09:32:44.352084529) (2023-10-30T09:32:44.352104562) [Msg] Serving GUI information on [/world/default/gui/info]
(2023-10-30T09:32:44.352138315) (2023-10-30T09:32:44.352146498) [Msg] World [default] initialized with [default_physics] physics profile.
(2023-10-30T09:32:44.352359553) (2023-10-30T09:32:44.352377459) [Msg] Serving world SDF generation service on [/world/default/generate_world_sdf]
(2023-10-30T09:32:44.352536477) (2023-10-30T09:32:44.352553832) [Msg] Serving world names on [/gazebo/worlds]
(2023-10-30T09:32:44.352660939) (2023-10-30T09:32:44.352677618) [Msg] Resource path add service on [/gazebo/resource_paths/add].
(2023-10-30T09:32:44.352782695) (2023-10-30T09:32:44.352799407) [Msg] Resource path get service on [/gazebo/resource_paths/get].
(2023-10-30T09:32:44.352904167) (2023-10-30T09:32:44.352921261) [Msg] Resource path resolve service on [/gazebo/resource_paths/resolve].
(2023-10-30T09:32:44.353018853) (2023-10-30T09:32:44.353029557) [Msg] Resource paths published on [/gazebo/resource_paths].
(2023-10-30T09:32:44.353190505) (2023-10-30T09:32:44.353208698) [Msg] Server control service on [/server_control].
(2023-10-30T09:32:45.837675138) (2023-10-30T09:32:45.837691928) [Msg] Found no publishers on /stats, adding root stats topic
(2023-10-30T09:32:45.837982249) (2023-10-30T09:32:45.837999358) [Msg] Found no publishers on /clock, adding root clock topic
(2023-10-30T09:32:45.838382712) (2023-10-30T09:32:45.838407063) [Dbg] [SimulationRunner.cc:503] Creating PostUpdate worker threads: 7
(2023-10-30T09:32:45.838463024) (2023-10-30T09:32:45.838479712) [Dbg] [SimulationRunner.cc:514] Creating postupdate worker thread (0)
(2023-10-30T09:32:45.838639927) (2023-10-30T09:32:45.838657663) [Dbg] [SimulationRunner.cc:514] Creating postupdate worker thread (1)
(2023-10-30T09:32:45.838771339) (2023-10-30T09:32:45.838788844) [Dbg] [SimulationRunner.cc:514] Creating postupdate worker thread (2)
(2023-10-30T09:32:45.838904250) (2023-10-30T09:32:45.838921027) [Dbg] [SimulationRunner.cc:514] Creating postupdate worker thread (3)
(2023-10-30T09:32:45.839045480) (2023-10-30T09:32:45.839063076) [Dbg] [SimulationRunner.cc:514] Creating postupdate worker thread (4)
(2023-10-30T09:32:45.839175273) (2023-10-30T09:32:45.839192633) [Dbg] [SimulationRunner.cc:514] Creating postupdate worker thread (5)
(2023-10-30T09:32:46.152899444) (2023-10-30T09:32:46.152918150) [Wrn] [MulticopterMotorModel.cc:257] No robotNamespace set using entity name.
(2023-10-30T09:32:46.152962315) (2023-10-30T09:32:46.152972503) [Wrn] [MulticopterMotorModel.cc:295] <motorNumber> is depricated, please use <actuator_number>.
(2023-10-30T09:32:46.153040115) (2023-10-30T09:32:46.153049918) [Dbg] [MulticopterMotorModel.cc:386] Listening to topic: x500_depth_0/command/motor_speed
(2023-10-30T09:32:46.153472787) (2023-10-30T09:32:46.153485714) [Dbg] [SystemManager.cc:74] Loaded system [gz::sim::systems::MulticopterMotorModel] for entity [56]
(2023-10-30T09:32:46.153912398) (2023-10-30T09:32:46.153924840) [Wrn] [MulticopterMotorModel.cc:257] No robotNamespace set using entity name.
(2023-10-30T09:32:46.153950985) (2023-10-30T09:32:46.153959929) [Wrn] [MulticopterMotorModel.cc:295] <motorNumber> is depricated, please use <actuator_number>.
(2023-10-30T09:32:46.154025120) (2023-10-30T09:32:46.154034963) [Dbg] [MulticopterMotorModel.cc:386] Listening to topic: x500_depth_0/command/motor_speed
(2023-10-30T09:32:46.154277560) (2023-10-30T09:32:46.154289799) [Dbg] [SystemManager.cc:74] Loaded system [gz::sim::systems::MulticopterMotorModel] for entity [56]
(2023-10-30T09:32:46.154648969) (2023-10-30T09:32:46.154661373) [Wrn] [MulticopterMotorModel.cc:257] No robotNamespace set using entity name.
(2023-10-30T09:32:46.154686676) (2023-10-30T09:32:46.154695619) [Wrn] [MulticopterMotorModel.cc:295] <motorNumber> is depricated, please use <actuator_number>.
(2023-10-30T09:32:46.154750899) (2023-10-30T09:32:46.154760176) [Dbg] [MulticopterMotorModel.cc:386] Listening to topic: x500_depth_0/command/motor_speed
(2023-10-30T09:32:46.155006798) (2023-10-30T09:32:46.155019046) [Dbg] [SystemManager.cc:74] Loaded system [gz::sim::systems::MulticopterMotorModel] for entity [56]
(2023-10-30T09:32:46.155403867) (2023-10-30T09:32:46.155418550) [Wrn] [MulticopterMotorModel.cc:257] No robotNamespace set using entity name.
(2023-10-30T09:32:46.155448592) (2023-10-30T09:32:46.155457656) [Wrn] [MulticopterMotorModel.cc:295] <motorNumber> is depricated, please use <actuator_number>.
(2023-10-30T09:32:46.155513405) (2023-10-30T09:32:46.155522984) [Dbg] [MulticopterMotorModel.cc:386] Listening to topic: x500_depth_0/command/motor_speed
(2023-10-30T09:32:46.155809249) (2023-10-30T09:32:46.155821885) [Dbg] [SystemManager.cc:74] Loaded system [gz::sim::systems::MulticopterMotorModel] for entity [56]
(2023-10-30T09:32:46.156258130) (2023-10-30T09:32:46.156270064) [Dbg] [UserCommands.cc:1263] Created entity [56] named [x500_depth_0]
(2023-10-30T09:32:46.175228831) (2023-10-30T09:32:46.175247191) [Dbg] [SimulationFeatures.cc:72] Simulation timestep set to: 0.004
(2023-10-30T09:32:46.177104289) (2023-10-30T09:32:46.177130635) [Dbg] [Sensors.cc:659] Initialization needed
(2023-10-30T09:32:46.177194571) (2023-10-30T09:32:46.177208202) [Dbg] [Sensors.cc:257] Initializing render context
(2023-10-30T09:32:46.177361571) (2023-10-30T09:32:46.177372694) [Msg] Loading plugin [gz-rendering-ogre2]
(2023-10-30T09:32:46.178055486) (2023-10-30T09:32:46.178077606) [Dbg] [ImuSensor.cc:149] IMU data for [x500_depth_0::base_link::imu_sensor] advertised on [world/default/model/x500_depth_0/link/base_link/sensor/imu_sensor/imu](
2023-10-30T09:32:46.178175361) (2023-10-30T09:32:46.178208283) [Dbg] [AirPressureSensor.cc:126] Air pressure for [x500_depth_0::base_link::air_pressure_sensor] advertised on [world/default/model/x500_depth_0/link/base_link/sensor/air_pressure_sensor/air_pressure]
(2023-10-30T09:32:46.179293170) (2023-10-30T09:32:46.179308148) [Msg] Serving scene information on [/world/default/scene/info]
(2023-10-30T09:32:46.179436534) (2023-10-30T09:32:46.179450423) [Msg] Serving graph information on [/world/default/scene/graph]
(2023-10-30T09:32:46.179734925) (2023-10-30T09:32:46.179747014) [Msg] Serving full state on [/world/default/state]
(2023-10-30T09:32:46.179861086) (2023-10-30T09:32:46.179878619) [Msg] Serving full state (async) on [/world/default/state_async]
(2023-10-30T09:32:46.179998865) (2023-10-30T09:32:46.180016724) [Msg] Publishing scene information on [/world/default/scene/info]
(2023-10-30T09:32:46.180205239) (2023-10-30T09:32:46.180217159) [Msg] Publishing entity deletions on [/world/default/scene/deletion]
(2023-10-30T09:32:46.180348787) (2023-10-30T09:32:46.180363504) [Msg] Publishing state changes on [/world/default/state]
(2023-10-30T09:32:46.180502542) (2023-10-30T09:32:46.180519683) [Msg] Publishing pose messages on [/world/default/pose/info]
(2023-10-30T09:32:46.180702633) (2023-10-30T09:32:46.180714544) [Msg] Publishing dynamic pose messages on [/world/default/dynamic_pose/info]
(2023-10-30T09:32:46.181622931) (2023-10-30T09:32:46.181639605) [Dbg] [EntityComponentManager.cc:1655] Updated state thread iterators: 8 threads processing around 13 entities each.
(2023-10-30T09:32:46.203948954) (2023-10-30T09:32:46.203976248) [Wrn] [Component.hh:144] Trying to serialize component with data type [N3sdf3v135WorldE], which doesn't have `operator<<`. Component will not be serialized.
(2023-10-30T09:32:46.204382146) (2023-10-30T09:32:46.204429880) [Wrn] [Model.hh:69] Skipping serialization / deserialization for models with //pose/@relative_to attribute.
((((2023-10-30T09:32:46.207349357(2023-10-30T09:32:46.2073493572023-10-30T09:32:46.207319821(2023-10-30T09:32:46.2073493572023-10-30T09:32:46.207319821(() (2023-10-30T09:32:46.2073922872023-10-30T09:32:46.2073922872023-10-30T09:32:46.207435125) ((2023-10-30T09:32:46.207388081) (2023-10-30T09:32:46.207500595) [Dbg] [SimulationRunner.cc:530] Exiting postupdate worker thread (1)
2023-10-30T09:32:46.207433808) (2023-10-30T09:32:46.207599235) ) ) ) ((2023-10-30T09:32:46.207675241) [Dbg] [SimulationRunner.cc:530] Exiting postupdate worker thread (0)
[Dbg] [SimulationRunner.cc:530] Exiting postupdate worker thread (4)
[Dbg] [SimulationRunner.cc:530] Exiting postupdate worker thread (5)
[Dbg] [SimulationRunner.cc:530] Exiting postupdate worker thread (3)
[Dbg] [SimulationRunner.cc:530] Exiting postupdate worker thread (2)
(2023-10-30T09:32:46.208277716) (2023-10-30T09:32:46.208297865) [Dbg] [SimulationRunner.cc:503] Creating PostUpdate worker threads: 7
(2023-10-30T09:32:46.208351472) (2023-10-30T09:32:46.208366453) [Dbg] [SimulationRunner.cc:514] Creating postupdate worker thread (0)
(2023-10-30T09:32:46.210128586) (2023-10-30T09:32:46.210155785) [Dbg] [SimulationRunner.cc:514] Creating postupdate worker thread (1)
(2023-10-30T09:32:46.210246940) (2023-10-30T09:32:46.210261443) [Dbg] [SimulationRunner.cc:514] Creating postupdate worker thread (2)
(2023-10-30T09:32:46.210350452) (2023-10-30T09:32:46.210367557) [Dbg] [SimulationRunner.cc:514] Creating postupdate worker thread (3)
(2023-10-30T09:32:46.210440594) (2023-10-30T09:32:46.210460193) [Dbg] [SimulationRunner.cc:514] Creating postupdate worker thread (4)
(2023-10-30T09:32:46.210567729) (2023-10-30T09:32:46.210584981) [Dbg] [SimulationRunner.cc:514] Creating postupdate worker thread (5)
(2023-10-30T09:32:46.629961548) (2023-10-30T09:32:46.629973888) [Dbg] [RenderUtil.cc:2720] Create scene [scene]
(2023-10-30T09:32:46.704129707) (2023-10-30T09:32:46.704151377) ([Dbg] [Sensors.cc:277] Rendering Thread initialized
2023-10-30T09:32:46.704186367) (2023-10-30T09:32:46.704219587) [Dbg] [Sensors.cc:659] Initialization needed
(2023-10-30T09:32:46.710995287) (2023-10-30T09:32:46.711010364) [Wrn] [FuelClient.cc:1952] The fuel.ignitionrobotics.org URL is deprecrated. Pleasse change https://fuel.ignitionrobotics.org/1.0/openrobotics/models/prius hybrid/2/files/meshes/Hybrid.obj to https://fuel.gazebosim.org/1.0/openrobotics/models/prius hybrid/2/files/meshes/Hybrid.obj
(2023-10-30T09:32:46.711132786) (2023-10-30T09:32:46.711142694) [Wrn] [FuelClient.cc:1952] The fuel.ignitionrobotics.org URL is deprecrated. Pleasse change https://fuel.ignitionrobotics.org/1.0/openrobotics/models/prius hybrid/2/files/meshes/Hybrid.obj to https://fuel.gazebosim.org/1.0/openrobotics/models/prius hybrid/2/files/meshes/Hybrid.obj
(2023-10-30T09:32:46.715582455) (2023-10-30T09:32:46.715596512) [Wrn] [OBJLoader.cc:91] Both `d` and `Tr` parameters defined for "Hybrid". Use the value of `d` for dissolve (line 8 in .mtl.)
Both `d` and `Tr` parameters defined for "Wheels3". Use the value of `d` for dissolve (line 22 in .mtl.)
Both `d` and `Tr` parameters defined for "Hybrid_Interior". Use the value of `d` for dissolve (line 36 in .mtl.)
Both `d` and `Tr` parameters defined for "Windows". Use the value of `d` for dissolve (line 50 in .mtl.)

(2023-10-30T09:32:46.834219947) (2023-10-30T09:32:46.834241381) [Err] [SceneManager.cc:887] PBR material: currently only metal workflow is supported. Gazebo will try to render the material using metal workflow but without Roughness / Metalness settings.
(2023-10-30T09:32:49.574947117) (2023-10-30T09:32:49.574969415) [Dbg] [CameraSensor.cc:458] Camera images for [prius_hybrid::chassis::back_camera_sensor] advertised on [back_camera]
(2023-10-30T09:32:49.575207897) (2023-10-30T09:32:49.575227031) [Dbg] [CameraSensor.cc:786] Camera info for [prius_hybrid::chassis::back_camera_sensor] advertised on [/camera_info]
(2023-10-30T09:32:49.575422951) (2023-10-30T09:32:49.575434303) [Wrn] [Ogre2Camera.cc:412] Ogre2Camera::SetVisibilityMask: Mask bits c0000000 are set but will be ignored as they conflict with the reserved bits used internally by the ogre2 backend.
(2023-10-30T09:32:49.575899470) (2023-10-30T09:32:49.575918895) [Dbg] [CameraSensor.cc:458] Camera images for [prius_hybrid::chassis::front_camera_sensor] advertised on [front_camera]
(2023-10-30T09:32:49.576033056) (2023-10-30T09:32:49.576050859) [Dbg] [CameraSensor.cc:786] Camera info for [prius_hybrid::chassis::front_camera_sensor] advertised on [/camera_info]
(2023-10-30T09:32:49.576129472) (2023-10-30T09:32:49.576139851) [Wrn] [Ogre2Camera.cc:412] Ogre2Camera::SetVisibilityMask: Mask bits c0000000 are set but will be ignored as they conflict with the reserved bits used internally by the ogre2 backend.
(2023-10-30T09:32:49.576445259) (2023-10-30T09:32:49.576463659) [Dbg] [CameraSensor.cc:458] Camera images for [prius_hybrid::chassis::left_camera_sensor] advertised on [left_camera]
(2023-10-30T09:32:49.576586824) (2023-10-30T09:32:49.576604376) [Dbg] [CameraSensor.cc:786] Camera info for [prius_hybrid::chassis::left_camera_sensor] advertised on [/camera_info]
(2023-10-30T09:32:49.576679472) (2023-10-30T09:32:49.576689395) [Wrn] [Ogre2Camera.cc:412] Ogre2Camera::SetVisibilityMask: Mask bits c0000000 are set but will be ignored as they conflict with the reserved bits used internally by the ogre2 backend.
(2023-10-30T09:32:49.576965859) (2023-10-30T09:32:49.576984797) [Dbg] [CameraSensor.cc:458] Camera images for [prius_hybrid::chassis::right_camera_sensor] advertised on [right_camera]
(2023-10-30T09:32:49.577095417) (2023-10-30T09:32:49.577113734) [Dbg] [CameraSensor.cc:786] Camera info for [prius_hybrid::chassis::right_camera_sensor] advertised on [/camera_info]
(2023-10-30T09:32:49.577194768) (2023-10-30T09:32:49.577204745) [Wrn] [Ogre2Camera.cc:412] Ogre2Camera::SetVisibilityMask: Mask bits c0000000 are set but will be ignored as they conflict with the reserved bits used internally by the ogre2 backend.
(2023-10-30T09:32:49.577483080) (2023-10-30T09:32:49.577501846) [Dbg] [CameraSensor.cc:458] Camera images for [x500_depth_0::OakD-Lite/base_link::IMX214] advertised on [camera]
(2023-10-30T09:32:49.577622644) (2023-10-30T09:32:49.577639675) [Dbg] [CameraSensor.cc:786] Camera info for [x500_depth_0::OakD-Lite/base_link::IMX214] advertised on [/camera_info]
(2023-10-30T09:32:49.577725134) (2023-10-30T09:32:49.577736085) [Wrn] [Ogre2Camera.cc:412] Ogre2Camera::SetVisibilityMask: Mask bits c0000000 are set but will be ignored as they conflict with the reserved bits used internally by the ogre2 backend.
(2023-10-30T09:32:49.578120949) (2023-10-30T09:32:49.578139608) [Dbg] [DepthCameraSensor.cc:282] Depth images for [x500_depth_0::OakD-Lite/base_link::StereoOV7251] advertised on [depth_camera]
(2023-10-30T09:32:49.578269459) (2023-10-30T09:32:49.578287844) [Dbg] [CameraSensor.cc:786] Camera info for [x500_depth_0::OakD-Lite/base_link::StereoOV7251] advertised on [/camera_info]
(2023-10-30T09:32:49.578516181) (2023-10-30T09:32:49.578534277) [Dbg] [DepthCameraSensor.cc:299] Points for [x500_depth_0::OakD-Lite/base_link::StereoOV7251] advertised on [depth_camera/points]
(2023-10-30T11:35:24.161742061) (2023-10-30T11:35:24.161774478) [Dbg] [SignalHandler.cc:142] Received signal[2].
(2023-10-30T11:35:24.161814147) (2023-10-30T11:35:24.161823414) [Dbg] [ServerPrivate.cc:115] Server received signal[2]
(2023-10-30T11:35:24.161850953) (2023-10-30T11:35:24.161859660) [Dbg] [Sensors.cc:433] SensorsPrivate::Stop
(2023-10-30T11:35:24.206857507) (2023-10-30T11:35:24.206876204) [Dbg] [Sensors.cc:419] SensorsPrivate::RenderThread stopped
(2023-10-30T11:35:24.214801402) (2023-10-30T11:35:24.214822391) [Dbg] [gz.cc:417] Shutting down gz-sim-server
((2023-10-30T11:35:24.219464359) (2023-10-30T11:35:24.219487999) [Dbg] [SimulationRunner.cc:530] Exiting postupdate worker thread (0)
(2023-10-30T11:35:24.219426610) (2023-10-30T11:35:24.219574782) ([Dbg] [SimulationRunner.cc:530] Exiting pos