(2023-10-27T18:47:58.400033791) (2023-10-27T18:47:58.400053120) [Msg] Gazebo Sim Server v7.6.0
(2023-10-27T18:47:58.404933659) (2023-10-27T18:47:58.404948971) [Msg] Loading SDF world file[/home/bassam/PX4-Autopilot/Tools/simulation/gz/worlds/default.sdf].
(2023-10-27T18:47:58.599871760) (2023-10-27T18:47:58.599904323) [Msg] Serving entity system service on [/entity/system/add]
(2023-10-27T18:47:58.815677998) (2023-10-27T18:47:58.815702771) [Dbg] [Physics.cc:880] Loaded [gz::physics::dartsim::Plugin] from library [/usr/lib/x86_64-linux-gnu/gz-physics-6/engine-plugins/libgz-physics-dartsim-plugin.so]
(2023-10-27T18:47:58.815818811) (2023-10-27T18:47:58.815834523) [Dbg] [SystemManager.cc:74] Loaded system [gz::sim::systems::Physics] for entity [1]
(2023-10-27T18:47:58.833267852) (2023-10-27T18:47:58.833290976) [Msg] Create service on [/world/default/create]
(2023-10-27T18:47:58.933813794) (2023-10-27T18:47:58.933840673) [Msg] Remove service on [/world/default/remove]
(2023-10-27T18:47:58.934096343) (2023-10-27T18:47:58.934115754) [Msg] Pose service on [/world/default/set_pose]
(2023-10-27T18:47:58.934333757) (2023-10-27T18:47:58.934353063) [Msg] Pose service on [/world/default/set_pose_vector]
(2023-10-27T18:47:58.934631451) (2023-10-27T18:47:58.934650943) [Msg] Light configuration service on [/world/default/light_config]
(2023-10-27T18:47:58.934973641) (2023-10-27T18:47:58.934992272) [Msg] Physics service on [/world/default/set_physics]
(2023-10-27T18:47:58.935266649) (2023-10-27T18:47:58.935285141) [Msg] SphericalCoordinates service on [/world/default/set_spherical_coordinates]
(2023-10-27T18:47:58.935433865) (2023-10-27T18:47:58.935450221) [Msg] Enable collision service on [/world/default/enable_collision]
(2023-10-27T18:47:58.935556022) (2023-10-27T18:47:58.935567476) [Msg] Disable collision service on [/world/default/disable_collision]
(2023-10-27T18:47:58.935868369) (2023-10-27T18:47:58.935879992) [Msg] Material service on [/world/default/visual_config]
(2023-10-27T18:47:58.936043656) (2023-10-27T18:47:58.936054768) [Msg] Material service on [/world/default/wheel_slip]
(2023-10-27T18:47:58.936100347) (2023-10-27T18:47:58.936108721) [Dbg] [SystemManager.cc:74] Loaded system [gz::sim::systems::UserCommands] for entity [1]
(2023-10-27T18:47:58.938300366) (2023-10-27T18:47:58.938314456) [Dbg] [SystemManager.cc:74] Loaded system [gz::sim::systems::SceneBroadcaster] for entity [1]
(2023-10-27T18:47:58.939765592) (2023-10-27T18:47:58.939779355) [Dbg] [SystemManager.cc:74] Loaded system [gz::sim::systems::Contact] for entity [1]
(2023-10-27T18:47:58.942136318) (2023-10-27T18:47:58.942150017) [Dbg] [SystemManager.cc:74] Loaded system [gz::sim::systems::Imu] for entity [1]
(2023-10-27T18:47:58.943890762) (2023-10-27T18:47:58.943905005) [Dbg] [SystemManager.cc:74] Loaded system [gz::sim::systems::AirPressure] for entity [1]
(2023-10-27T18:47:58.945553851) (2023-10-27T18:47:58.945572863) [Msg] Listening to instantaneous wrench commands in [/world/default/wrench]
(2023-10-27T18:47:58.945700430) (2023-10-27T18:47:58.945713213) [Msg] Listening to persistent wrench commands in [/world/default/wrench/persistent]
(2023-10-27T18:47:58.945821929) (2023-10-27T18:47:58.945833752) [Msg] Listening to wrench clear commands in [/world/default/wrench/clear]
(2023-10-27T18:47:58.945875907) (2023-10-27T18:47:58.945885136) [Dbg] [SystemManager.cc:74] Loaded system [gz::sim::systems::ApplyLinkWrench] for entity [1]
(2023-10-27T18:47:58.957787080) (2023-10-27T18:47:58.957806147) [Dbg] [Sensors.cc:506] Configuring Sensors system
(2023-10-27T18:47:58.957929572) (2023-10-27T18:47:58.957940750) [Dbg] [Sensors.cc:425] SensorsPrivate::Run
(2023-10-27T18:47:58.958096049) (2023-10-27T18:47:58.958107732) [Dbg] [SystemManager.cc:74] Loaded system [gz::sim::systems::Sensors] for entity [1]
(2023-10-27T18:47:58.958210618) (2023-10-27T18:47:58.958230275) [Dbg] [Sensors.cc:402] SensorsPrivate::RenderThread started
(2023-10-27T18:47:58.958256899) (2023-10-27T18:47:58.958265611) [Dbg] [Sensors.cc:245] Waiting for init
(2023-10-27T18:47:58.961898781) (2023-10-27T18:47:58.961916247) [Wrn] [SystemLoader.cc:79] Trying to load deprecated plugin [ignition-gazebo-ackermann-steering-system]. Using [gz-sim-ackermann-steering-system] instead.
(2023-10-27T18:47:58.964171047) (2023-10-27T18:47:58.964187795) [Msg] AckermannSteering subscribing to twist messages on [/cmd_vel]
(2023-10-27T18:47:58.964546624) (2023-10-27T18:47:58.964560126) [Dbg] [SystemManager.cc:74] Loaded system [ignition::gazebo::systems::AckermannSteering] for entity [8]
(2023-10-27T18:47:58.964749619) (2023-10-27T18:47:58.964760684) [Msg] Loaded level [3]
(2023-10-27T18:47:58.966957922) (2023-10-27T18:47:58.966971715) [Msg] Serving world controls on [/world/default/control], [/world/default/control/state] and [/world/default/playback/control]
(2023-10-27T18:47:58.967255596) (2023-10-27T18:47:58.967268032) [Msg] Serving GUI information on [/world/default/gui/info]
(2023-10-27T18:47:58.967311492) (2023-10-27T18:47:58.967320741) [Msg] World [default] initialized with [default_physics] physics profile.
(2023-10-27T18:47:58.967519827) (2023-10-27T18:47:58.967531429) [Msg] Serving world SDF generation service on [/world/default/generate_world_sdf]
(2023-10-27T18:47:58.967698192) (2023-10-27T18:47:58.967715972) [Msg] Serving world names on [/gazebo/worlds]
(2023-10-27T18:47:58.967838075) (2023-10-27T18:47:58.967855946) [Msg] Resource path add service on [/gazebo/resource_paths/add].
(2023-10-27T18:47:58.967971084) (2023-10-27T18:47:58.967988180) [Msg] Resource path get service on [/gazebo/resource_paths/get].
(2023-10-27T18:47:58.968110183) (2023-10-27T18:47:58.968128557) [Msg] Resource path resolve service on [/gazebo/resource_paths/resolve].
(2023-10-27T18:47:58.968244477) (2023-10-27T18:47:58.968261945) [Msg] Resource paths published on [/gazebo/resource_paths].
(2023-10-27T18:47:58.968447428) (2023-10-27T18:47:58.968466403) [Msg] Server control service on [/server_control].
(2023-10-27T18:48:00.403264758) (2023-10-27T18:48:00.403281906) [Msg] Found no publishers on /stats, adding root stats topic
(2023-10-27T18:48:00.403601468) (2023-10-27T18:48:00.403613869) [Msg] Found no publishers on /clock, adding root clock topic
(2023-10-27T18:48:00.404002123) (2023-10-27T18:48:00.404016404) [Dbg] [SimulationRunner.cc:503] Creating PostUpdate worker threads: 7
(2023-10-27T18:48:00.404066063) (2023-10-27T18:48:00.404082244) [Dbg] [SimulationRunner.cc:514] Creating postupdate worker thread (0)
(2023-10-27T18:48:00.404294505) (2023-10-27T18:48:00.404313739) [Dbg] [SimulationRunner.cc:514] Creating postupdate worker thread (1)
(2023-10-27T18:48:00.404448188) (2023-10-27T18:48:00.404465353) [Dbg] [SimulationRunner.cc:514] Creating postupdate worker thread (2)
(2023-10-27T18:48:00.404592895) (2023-10-27T18:48:00.404611171) [Dbg] [SimulationRunner.cc:514] Creating postupdate worker thread (3)
(2023-10-27T18:48:00.404743691) (2023-10-27T18:48:00.404762076) [Dbg] [SimulationRunner.cc:514] Creating postupdate worker thread (4)
(2023-10-27T18:48:00.404877033) (2023-10-27T18:48:00.404893999) [Dbg] [SimulationRunner.cc:514] Creating postupdate worker thread (5)
(2023-10-27T18:48:00.741210350) (2023-10-27T18:48:00.741238229) [Wrn] [MulticopterMotorModel.cc:257] No robotNamespace set using entity name.
(2023-10-27T18:48:00.741310098) (2023-10-27T18:48:00.741326170) [Wrn] [MulticopterMotorModel.cc:295] <motorNumber> is depricated, please use <actuator_number>.
(2023-10-27T18:48:00.741434070) (2023-10-27T18:48:00.741449192) [Dbg] [MulticopterMotorModel.cc:386] Listening to topic: x500_depth_0/command/motor_speed
(2023-10-27T18:48:00.743090888) (2023-10-27T18:48:00.743106433) [Dbg] [SystemManager.cc:74] Loaded system [gz::sim::systems::MulticopterMotorModel] for entity [56]
(2023-10-27T18:48:00.743619344) (2023-10-27T18:48:00.743632829) [Wrn] [MulticopterMotorModel.cc:257] No robotNamespace set using entity name.
(2023-10-27T18:48:00.743660779) (2023-10-27T18:48:00.743669447) [Wrn] [MulticopterMotorModel.cc:295] <motorNumber> is depricated, please use <actuator_number>.
(2023-10-27T18:48:00.743808749) (2023-10-27T18:48:00.743834503) [Dbg] [MulticopterMotorModel.cc:386] Listening to topic: x500_depth_0/command/motor_speed
(2023-10-27T18:48:00.744188170) (2023-10-27T18:48:00.744207190) [Dbg] [SystemManager.cc:74] Loaded system [gz::sim::systems::MulticopterMotorModel] for entity [56]
(2023-10-27T18:48:00.744646972) (2023-10-27T18:48:00.744660082) [Wrn] [MulticopterMotorModel.cc:257] No robotNamespace set using entity name.
(2023-10-27T18:48:00.744686216) (2023-10-27T18:48:00.744695064) [Wrn] [MulticopterMotorModel.cc:295] <motorNumber> is depricated, please use <actuator_number>.
(2023-10-27T18:48:00.744752531) (2023-10-27T18:48:00.744762285) [Dbg] [MulticopterMotorModel.cc:386] Listening to topic: x500_depth_0/command/motor_speed
(2023-10-27T18:48:00.745058345) (2023-10-27T18:48:00.745077529) [Dbg] [SystemManager.cc:74] Loaded system [gz::sim::systems::MulticopterMotorModel] for entity [56]
(2023-10-27T18:48:00.745521821) (2023-10-27T18:48:00.745534356) [Wrn] [MulticopterMotorModel.cc:257] No robotNamespace set using entity name.
(2023-10-27T18:48:00.745560355) (2023-10-27T18:48:00.745568869) [Wrn] [MulticopterMotorModel.cc:295] <motorNumber> is depricated, please use <actuator_number>.
(2023-10-27T18:48:00.745626214) (2023-10-27T18:48:00.745635367) [Dbg] [MulticopterMotorModel.cc:386] Listening to topic: x500_depth_0/command/motor_speed
(2023-10-27T18:48:00.745953547) (2023-10-27T18:48:00.745972814) [Dbg] [SystemManager.cc:74] Loaded system [gz::sim::systems::MulticopterMotorModel] for entity [56]
(2023-10-27T18:48:00.746518734) (2023-10-27T18:48:00.746530722) [Dbg] [UserCommands.cc:1263] Created entity [56] named [x500_depth_0]
(2023-10-27T18:48:00.767449433) (2023-10-27T18:48:00.767474602) [Dbg] [SimulationFeatures.cc:72] Simulation timestep set to: 0.004
(2023-10-27T18:48:00.769684060) (2023-10-27T18:48:00.769723024) [Dbg] [Sensors.cc:659] Initialization needed
(2023-10-27T18:48:00.769806672) (2023-10-27T18:48:00.769827298) [Dbg] [Sensors.cc:257] Initializing render context
(2023-10-27T18:48:00.770002257) (2023-10-27T18:48:00.770019464) [Msg] Loading plugin [gz-rendering-ogre2]
(2023-10-27T18:48:00.770777276) (2023-10-27T18:48:00.770813435) [Dbg] [ImuSensor.cc:149] IMU data for [x500_depth_0::base_link::imu_sensor] advertised on [world/default/model/x500_depth_0/link/base_link/sensor/imu_sensor/imu]
(2023-10-27T18:48:00.770937494) (2023-10-27T18:48:00.770959286) [Dbg] [AirPressureSensor.cc:126] Air pressure for [x500_depth_0::base_link::air_pressure_sensor] advertised on [world/default/model/x500_depth_0/link/base_link/sensor/air_pressure_sensor/air_pressure]
(2023-10-27T18:48:00.771795444) (2023-10-27T18:48:00.771814157) [Msg] Serving scene information on [/world/default/scene/info]
(2023-10-27T18:48:00.771972076) (2023-10-27T18:48:00.771991359) [Msg] Serving graph information on [/world/default/scene/graph]
(2023-10-27T18:48:00.772253185) (2023-10-27T18:48:00.772274214) [Msg] Serving full state on [/world/default/state]
(2023-10-27T18:48:00.772404747) (2023-10-27T18:48:00.772422387) [Msg] Serving full state (async) on [/world/default/state_async]
(2023-10-27T18:48:00.772582515) (2023-10-27T18:48:00.772598634) [Msg] Publishing scene information on [/world/default/scene/info]
(2023-10-27T18:48:00.772861411) (2023-10-27T18:48:00.772878570) [Msg] Publishing entity deletions on [/world/default/scene/deletion]
(2023-10-27T18:48:00.773023024) (2023-10-27T18:48:00.773039521) [Msg] Publishing state changes on [/world/default/state]
(2023-10-27T18:48:00.773208481) (2023-10-27T18:48:00.773224192) [Msg] Publishing pose messages on [/world/default/pose/info]
(2023-10-27T18:48:00.773388538) (2023-10-27T18:48:00.773405751) [Msg] Publishing dynamic pose messages on [/world/default/dynamic_pose/info]
(2023-10-27T18:48:00.774805974) (2023-10-27T18:48:00.774823355) [Dbg] [EntityComponentManager.cc:1655] Updated state thread iterators: 8 threads processing around 13 entities each.
(2023-10-27T18:48:00.795857630) (2023-10-27T18:48:00.795885519) [Wrn] [Component.hh:144] Trying to serialize component with data type [N3sdf3v135WorldE], which doesn't have `operator<<`. Component will not be serialized.
(2023-10-27T18:48:00.796176971) (2023-10-27T18:48:00.796197126) [Wrn] [Model.hh:69] Skipping serialization / deserialization for models with //pose/@relative_to attribute.
(2023-10-27T18:48:00.802756241) (2023-10-27T18:48:00.802791997) [Dbg] [SimulationRunner.cc:530] Exiting postupdate worker thread (5)
((2023-10-27T18:48:00.802909264(2023-10-27T18:48:00.802909264(2023-10-27T18:48:00.802961348) (2023-10-27T18:48:00.802983162) [Dbg] [SimulationRunner.cc:530] Exiting postupdate worker thread (0)
) (2023-10-27T18:48:00.803060421) ([Dbg] [SimulationRunner.cc:530] [Dbg] [SimulationRunner.cc:530] ([Dbg] [SimulationRunner.cc:530] (2023-10-27T18:48:00.803100305) (2023-10-27T18:48:00.8031260522023-10-27T18:48:00.8031260522023-10-27T18:48:00.802939719) (2023-10-27T18:48:00.803167605) ) (2023-10-27T18:48:00.803142564) 2023-10-27T18:48:00.803194093) Exiting postupdate worker thread (2))[Dbg] [SimulationRunner.cc:530] Exiting postupdate worker thread (33[Dbg] [SimulationRunner.cc:530] Exiting postupdate worker thread (4)
)Exiting postupdate worker thread (1)


)
(2023-10-27T18:48:00.803632380) (2023-10-27T18:48:00.803651087) [Dbg] [SimulationRunner.cc:503] Creating PostUpdate worker threads: 7
(2023-10-27T18:48:00.803714667) (2023-10-27T18:48:00.803729186) [Dbg] [SimulationRunner.cc:514] Creating postupdate worker thread (0)
(2023-10-27T18:48:00.804658945) (2023-10-27T18:48:00.804681343) [Dbg] [SimulationRunner.cc:514] Creating postupdate worker thread (1)
(2023-10-27T18:48:00.804763567) (2023-10-27T18:48:00.804780998) [Dbg] [SimulationRunner.cc:514] Creating postupdate worker thread (2)
(2023-10-27T18:48:00.804867364) (2023-10-27T18:48:00.804883305) [Dbg] [SimulationRunner.cc:514] Creating postupdate worker thread (3)
(2023-10-27T18:48:00.804957133) (2023-10-27T18:48:00.804975100) [Dbg] [SimulationRunner.cc:514] Creating postupdate worker thread (4)
(2023-10-27T18:48:00.805108137) (2023-10-27T18:48:00.805126252) [Dbg] [SimulationRunner.cc:514] Creating postupdate worker thread (5)
(2023-10-27T18:48:01.220945169) (2023-10-27T18:48:01.220957498) [Dbg] [RenderUtil.cc:2720] Create scene [scene]
((2023-10-27T18:48:01.289342564) (2023-10-27T18:48:01.289363803) (2023-10-27T18:48:01.2893861222023-10-27T18:48:01.289405808) ) [Dbg] [Sensors.cc:659] Initialization needed
[Dbg] [Sensors.cc:277] Rendering Thread initialized
(2023-10-27T18:48:01.295609560) (2023-10-27T18:48:01.295624947) [Wrn] [FuelClient.cc:1952] The fuel.ignitionrobotics.org URL is deprecrated. Pleasse change https://fuel.ignitionrobotics.org/1.0/openrobotics/models/prius hybrid/2/files/meshes/Hybrid.obj to https://fuel.gazebosim.org/1.0/openrobotics/models/prius hybrid/2/files/meshes/Hybrid.obj
(2023-10-27T18:48:01.295779693) (2023-10-27T18:48:01.295791259) [Wrn] [FuelClient.cc:1952] The fuel.ignitionrobotics.org URL is deprecrated. Pleasse change https://fuel.ignitionrobotics.org/1.0/openrobotics/models/prius hybrid/2/files/meshes/Hybrid.obj to https://fuel.gazebosim.org/1.0/openrobotics/models/prius hybrid/2/files/meshes/Hybrid.obj
(2023-10-27T18:48:01.300312753) (2023-10-27T18:48:01.300327063) [Wrn] [OBJLoader.cc:91] Both `d` and `Tr` parameters defined for "Hybrid". Use the value of `d` for dissolve (line 8 in .mtl.)
Both `d` and `Tr` parameters defined for "Wheels3". Use the value of `d` for dissolve (line 22 in .mtl.)
Both `d` and `Tr` parameters defined for "Hybrid_Interior". Use the value of `d` for dissolve (line 36 in .mtl.)
Both `d` and `Tr` parameters defined for "Windows". Use the value of `d` for dissolve (line 50 in .mtl.)

(2023-10-27T18:48:04.233534400) (2023-10-27T18:48:04.233552457) [Dbg] [CameraSensor.cc:458] Camera images for [prius_hybrid::chassis::back_camera_sensor] advertised on [back_camera]
(2023-10-27T18:48:04.233788467) (2023-10-27T18:48:04.233805012) [Dbg] [CameraSensor.cc:786] Camera info for [prius_hybrid::chassis::back_camera_sensor] advertised on [/camera_info]
(2023-10-27T18:48:04.234015406) (2023-10-27T18:48:04.234027920) [Wrn] [Ogre2Camera.cc:412] Ogre2Camera::SetVisibilityMask: Mask bits c0000000 are set but will be ignored as they conflict with the reserved bits used internally by the ogre2 backend.
(2023-10-27T18:48:04.234575266) (2023-10-27T18:48:04.234591866) [Dbg] [CameraSensor.cc:458] Camera images for [prius_hybrid::chassis::front_camera_sensor] advertised on [front_camera]
(2023-10-27T18:48:04.234709552) (2023-10-27T18:48:04.234726149) [Dbg] [CameraSensor.cc:786] Camera info for [prius_hybrid::chassis::front_camera_sensor] advertised on [/camera_info]
(2023-10-27T18:48:04.234807549) (2023-10-27T18:48:04.234817792) [Wrn] [Ogre2Camera.cc:412] Ogre2Camera::SetVisibilityMask: Mask bits c0000000 are set but will be ignored as they conflict with the reserved bits used internally by the ogre2 backend.
(2023-10-27T18:48:04.235179941) (2023-10-27T18:48:04.235194149) [Dbg] [CameraSensor.cc:458] Camera images for [prius_hybrid::chassis::left_camera_sensor] advertised on [left_camera]
(2023-10-27T18:48:04.235313177) (2023-10-27T18:48:04.235331650) [Dbg] [CameraSensor.cc:786] Camera info for [prius_hybrid::chassis::left_camera_sensor] advertised on [/camera_info]
(2023-10-27T18:48:04.235407444) (2023-10-27T18:48:04.235417348) [Wrn] [Ogre2Camera.cc:412] Ogre2Camera::SetVisibilityMask: Mask bits c0000000 are set but will be ignored as they conflict with the reserved bits used internally by the ogre2 backend.
(2023-10-27T18:48:04.235748997) (2023-10-27T18:48:04.235768849) [Dbg] [CameraSensor.cc:458] Camera images for [prius_hybrid::chassis::right_camera_sensor] advertised on [right_camera]
(2023-10-27T18:48:04.235885534) (2023-10-27T18:48:04.235903702) [Dbg] [CameraSensor.cc:786] Camera info for [prius_hybrid::chassis::right_camera_sensor] advertised on [/camera_info]
(2023-10-27T18:48:04.235979694) (2023-10-27T18:48:04.235990242) [Wrn] [Ogre2Camera.cc:412] Ogre2Camera::SetVisibilityMask: Mask bits c0000000 are set but will be ignored as they conflict with the reserved bits used internally by the ogre2 backend.
(2023-10-27T18:48:04.236331381) (2023-10-27T18:48:04.236350700) [Dbg] [CameraSensor.cc:458] Camera images for [x500_depth_0::OakD-Lite/base_link::IMX214] advertised on [camera]
(2023-10-27T18:48:04.236514902) (2023-10-27T18:48:04.236533642) [Dbg] [CameraSensor.cc:786] Camera info for [x500_depth_0::OakD-Lite/base_link::IMX214] advertised on [/camera_info]
(2023-10-27T18:48:04.236615688) (2023-10-27T18:48:04.236626088) [Wrn] [Ogre2Camera.cc:412] Ogre2Camera::SetVisibilityMask: Mask bits c0000000 are set but will be ignored as they conflict with the reserved bits used internally by the ogre2 backend.
(2023-10-27T18:48:04.236985428) (2023-10-27T18:48:04.237004533) [Dbg] [DepthCameraSensor.cc:282] Depth images for [x500_depth_0::OakD-Lite/base_link::StereoOV7251] advertised on [depth_camera]
(2023-10-27T18:48:04.237142286) (2023-10-27T18:48:04.237161441) [Dbg] [CameraSensor.cc:786] Camera info for [x500_depth_0::OakD-Lite/base_link::StereoOV7251] advertised on [/camera_info]
(2023-10-27T18:48:04.237390199) (2023-10-27T18:48:04.237408800) [Dbg] [DepthCameraSensor.cc:299] Points for [x500_depth_0::OakD-Lite/base_link::StereoOV7251] advertised on [depth_camera/points]
(2023-10-27T18:48:04.260853848) (2023-10-27T18:48:04.260871113) [Dbg] [CameraSensor.cc:583] Enabling camera sensor: 'x500_depth_0::OakD-Lite/base_link::IMX214' data generation.
(2023-10-27T18:48:59.112224144) (2023-10-27T18:48:59.112264565) [Dbg] [SignalHandler.cc:142] Received signal[2].
(2023-10-27T18:48:59.112318320) (2023-10-27T18:48:59.112334129) [Dbg] [ServerPrivate.cc:115] Server received signal[2]
(2023-10-27T18:48:59.112376854) (2023-10-27T18:48:59.112391406) [Dbg] [Sensors.cc:433] SensorsPrivate::Stop
(2023-10-27T18:48:59.164647153) (2023-10-27T18:48:59.164665432) [Dbg] [Sensors.cc:419] SensorsPrivate::RenderThread stopped
(2023-10-27T18:48:59.172528704) (2023-10-27T18:48:59.172554674) [Dbg] [gz.cc:417] Shutting down gz-sim-server
((((((2023-10-27T18:48:59.1772441882023-10-27T18:48:59.177274820) ((2023-10-27T18:48:59.177320066) () 2023-10-27T18:48:59.177300512() 2023-10-27T18:48:59.177373476) 2023-10-27T18:48:59.1773429142023-10-27T18:48:59.177352868) ) (2023-10-27T18:48:59.177444934) Exiting postupdate worker thread (2023-10-27T18:48:59.177455813) (2023-10-27T18:48:59.1773493192023-10-27T18:48:59.1776302112023-10-27T18:48:59.1773493192023-10-27T18:48:59.177630211) ) (2023-10-27T18:48:59.177680434) Exiting postupdate worker thread (1[Dbg] [SimulationRunner.cc:530] )Exiting postupdate worker thread (4)
[Dbg] [SimulationRunner.cc:530] Exiting postupdate worker thread (
[Dbg] [SimulationRunner.cc:530] Exiting postupdate worker thread (2)[Dbg] [SimulationRunner.cc:530] 3)
Exiting postupdate worker thread (5)

(2023-10-27T18:48:59.225140716) (2023-10-27T18:48:59.225160889) [Dbg] [Sensors.cc:433] SensorsPrivate::Stop
