(2023-10-20T09:33:39.88505509) (2023-10-20T09:33:39.88517283) [Msg] Gazebo Sim Server v7.6.0
(2023-10-20T09:33:39.91271378) (2023-10-20T09:33:39.91280042) [Msg] Loading SDF world file[/home/bassam/PX4-Autopilot/Tools/simulation/gz/worlds/default.sdf].
(2023-10-20T09:33:39.183406008) (2023-10-20T09:33:39.183418358) [Msg] Serving entity system service on [/entity/system/add]
(2023-10-20T09:33:39.282404562) (2023-10-20T09:33:39.282419928) [Dbg] [Physics.cc:880] Loaded [gz::physics::dartsim::Plugin] from library [/usr/lib/x86_64-linux-gnu/gz-physics-6/engine-plugins/libgz-physics-dartsim-plugin.so]
(2023-10-20T09:33:39.282484248) (2023-10-20T09:33:39.282491709) [Dbg] [SystemManager.cc:74] Loaded system [gz::sim::systems::Physics] for entity [1]
(2023-10-20T09:33:39.284765805) (2023-10-20T09:33:39.284778919) [Msg] Create service on [/world/default/create]
(2023-10-20T09:33:39.385238842) (2023-10-20T09:33:39.385253821) [Msg] Remove service on [/world/default/remove]
(2023-10-20T09:33:39.385361580) (2023-10-20T09:33:39.385370336) [Msg] Pose service on [/world/default/set_pose]
(2023-10-20T09:33:39.385469189) (2023-10-20T09:33:39.385477793) [Msg] Pose service on [/world/default/set_pose_vector]
(2023-10-20T09:33:39.385605213) (2023-10-20T09:33:39.385613841) [Msg] Light configuration service on [/world/default/light_config]
(2023-10-20T09:33:39.385787095) (2023-10-20T09:33:39.385796010) [Msg] Physics service on [/world/default/set_physics]
(2023-10-20T09:33:39.385954678) (2023-10-20T09:33:39.385962602) [Msg] SphericalCoordinates service on [/world/default/set_spherical_coordinates]
(2023-10-20T09:33:39.386016482) (2023-10-20T09:33:39.386023872) [Msg] Enable collision service on [/world/default/enable_collision]
(2023-10-20T09:33:39.386076283) (2023-10-20T09:33:39.386083043) [Msg] Disable collision service on [/world/default/disable_collision]
(2023-10-20T09:33:39.386206015) (2023-10-20T09:33:39.386212742) [Msg] Material service on [/world/default/visual_config]
(2023-10-20T09:33:39.386307991) (2023-10-20T09:33:39.386315964) [Msg] Material service on [/world/default/wheel_slip]
(2023-10-20T09:33:39.386342607) (2023-10-20T09:33:39.386347005) [Dbg] [SystemManager.cc:74] Loaded system [gz::sim::systems::UserCommands] for entity [1]
(2023-10-20T09:33:39.387466801) (2023-10-20T09:33:39.387473860) [Dbg] [SystemManager.cc:74] Loaded system [gz::sim::systems::SceneBroadcaster] for entity [1]
(2023-10-20T09:33:39.388166590) (2023-10-20T09:33:39.388173497) [Dbg] [SystemManager.cc:74] Loaded system [gz::sim::systems::Contact] for entity [1]
(2023-10-20T09:33:39.389165222) (2023-10-20T09:33:39.389172342) [Dbg] [SystemManager.cc:74] Loaded system [gz::sim::systems::Imu] for entity [1]
(2023-10-20T09:33:39.390184306) (2023-10-20T09:33:39.390191335) [Dbg] [SystemManager.cc:74] Loaded system [gz::sim::systems::AirPressure] for entity [1]
(2023-10-20T09:33:39.391006921) (2023-10-20T09:33:39.391014012) [Msg] Listening to instantaneous wrench commands in [/world/default/wrench]
(2023-10-20T09:33:39.391065058) (2023-10-20T09:33:39.391073035) [Msg] Listening to persistent wrench commands in [/world/default/wrench/persistent]
(2023-10-20T09:33:39.391123214) (2023-10-20T09:33:39.391129654) [Msg] Listening to wrench clear commands in [/world/default/wrench/clear]
(2023-10-20T09:33:39.391146924) (2023-10-20T09:33:39.391151030) [Dbg] [SystemManager.cc:74] Loaded system [gz::sim::systems::ApplyLinkWrench] for entity [1]
(2023-10-20T09:33:39.395977667) (2023-10-20T09:33:39.395988859) [Dbg] [Sensors.cc:506] Configuring Sensors system
(2023-10-20T09:33:39.396060179) (2023-10-20T09:33:39.396065178) [Dbg] [Sensors.cc:425] SensorsPrivate::Run
(2023-10-20T09:33:39.396141212) (2023-10-20T09:33:39.396146535) [Dbg] [SystemManager.cc:74] Loaded system [gz::sim::systems::Sensors] for entity [1]
(2023-10-20T09:33:39.396185865) (2023-10-20T09:33:39.396195872) [Dbg] [Sensors.cc:402] SensorsPrivate::RenderThread started
(2023-10-20T09:33:39.396209355) (2023-10-20T09:33:39.396213760) [Dbg] [Sensors.cc:245] Waiting for init
(2023-10-20T09:33:39.398694046) (2023-10-20T09:33:39.398707821) [Wrn] [SystemLoader.cc:79] Trying to load deprecated plugin [ignition-gazebo-ackermann-steering-system]. Using [gz-sim-ackermann-steering-system] instead.
(2023-10-20T09:33:39.399909293) (2023-10-20T09:33:39.399918626) [Msg] AckermannSteering subscribing to twist messages on [/cmd_vel]
(2023-10-20T09:33:39.400107857) (2023-10-20T09:33:39.400115034) [Dbg] [SystemManager.cc:74] Loaded system [ignition::gazebo::systems::AckermannSteering] for entity [8]
(2023-10-20T09:33:39.400225386) (2023-10-20T09:33:39.400231776) [Msg] Loaded level [3]
(2023-10-20T09:33:39.401431216) (2023-10-20T09:33:39.401441105) [Msg] Serving world controls on [/world/default/control], [/world/default/control/state] and [/world/default/playback/control]
(2023-10-20T09:33:39.401607520) (2023-10-20T09:33:39.401617372) [Msg] Serving GUI information on [/world/default/gui/info]
(2023-10-20T09:33:39.401635187) (2023-10-20T09:33:39.401639627) [Msg] World [default] initialized with [default_physics] physics profile.
(2023-10-20T09:33:39.401758258) (2023-10-20T09:33:39.401767767) [Msg] Serving world SDF generation service on [/world/default/generate_world_sdf]
(2023-10-20T09:33:39.401857100) (2023-10-20T09:33:39.401865848) [Msg] Serving world names on [/gazebo/worlds]
(2023-10-20T09:33:39.401922181) (2023-10-20T09:33:39.401930553) [Msg] Resource path add service on [/gazebo/resource_paths/add].
(2023-10-20T09:33:39.401985572) (2023-10-20T09:33:39.401993820) [Msg] Resource path get service on [/gazebo/resource_paths/get].
(2023-10-20T09:33:39.402049412) (2023-10-20T09:33:39.402057466) [Msg] Resource path resolve service on [/gazebo/resource_paths/resolve].
(2023-10-20T09:33:39.402115837) (2023-10-20T09:33:39.402122728) [Msg] Resource paths published on [/gazebo/resource_paths].
(2023-10-20T09:33:39.402215866) (2023-10-20T09:33:39.402225487) [Msg] Server control service on [/server_control].
(2023-10-20T09:33:41.90188531) (2023-10-20T09:33:41.90202703) [Msg] Found no publishers on /stats, adding root stats topic
(2023-10-20T09:33:41.90359675) (2023-10-20T09:33:41.90366568) [Msg] Found no publishers on /clock, adding root clock topic
(2023-10-20T09:33:41.90524789) (2023-10-20T09:33:41.90531583) [Dbg] [SimulationRunner.cc:503] Creating PostUpdate worker threads: 7
(2023-10-20T09:33:41.90551672) (2023-10-20T09:33:41.90556434) [Dbg] [SimulationRunner.cc:514] Creating postupdate worker thread (0)
(2023-10-20T09:33:41.90627007) (2023-10-20T09:33:41.90636498) [Dbg] [SimulationRunner.cc:514] Creating postupdate worker thread (1)
(2023-10-20T09:33:41.90694495) (2023-10-20T09:33:41.90703235) [Dbg] [SimulationRunner.cc:514] Creating postupdate worker thread (2)
(2023-10-20T09:33:41.90764186) (2023-10-20T09:33:41.90773268) [Dbg] [SimulationRunner.cc:514] Creating postupdate worker thread (3)
(2023-10-20T09:33:41.90829913) (2023-10-20T09:33:41.90839008) [Dbg] [SimulationRunner.cc:514] Creating postupdate worker thread (4)
(2023-10-20T09:33:41.90896296) (2023-10-20T09:33:41.90905397) [Dbg] [SimulationRunner.cc:514] Creating postupdate worker thread (5)
(2023-10-20T09:33:41.254783234) (2023-10-20T09:33:41.254794770) [Wrn] [MulticopterMotorModel.cc:257] No robotNamespace set using entity name.
(2023-10-20T09:33:41.254820009) (2023-10-20T09:33:41.254825208) [Wrn] [MulticopterMotorModel.cc:295] <motorNumber> is depricated, please use <actuator_number>.
(2023-10-20T09:33:41.254889445) (2023-10-20T09:33:41.254895185) [Dbg] [MulticopterMotorModel.cc:386] Listening to topic: x500_depth_0/command/motor_speed
(2023-10-20T09:33:41.255115010) (2023-10-20T09:33:41.255122296) [Dbg] [SystemManager.cc:74] Loaded system [gz::sim::systems::MulticopterMotorModel] for entity [56]
(2023-10-20T09:33:41.255353642) (2023-10-20T09:33:41.255360294) [Wrn] [MulticopterMotorModel.cc:257] No robotNamespace set using entity name.
(2023-10-20T09:33:41.255373766) (2023-10-20T09:33:41.255378347) [Wrn] [MulticopterMotorModel.cc:295] <motorNumber> is depricated, please use <actuator_number>.
(2023-10-20T09:33:41.255408972) (2023-10-20T09:33:41.255413895) [Dbg] [MulticopterMotorModel.cc:386] Listening to topic: x500_depth_0/command/motor_speed
(2023-10-20T09:33:41.255531605) (2023-10-20T09:33:41.255538301) [Dbg] [SystemManager.cc:74] Loaded system [gz::sim::systems::MulticopterMotorModel] for entity [56]
(2023-10-20T09:33:41.255728054) (2023-10-20T09:33:41.255734252) [Wrn] [MulticopterMotorModel.cc:257] No robotNamespace set using entity name.
(2023-10-20T09:33:41.255747538) (2023-10-20T09:33:41.255752256) [Wrn] [MulticopterMotorModel.cc:295] <motorNumber> is depricated, please use <actuator_number>.
(2023-10-20T09:33:41.255782143) (2023-10-20T09:33:41.255787017) [Dbg] [MulticopterMotorModel.cc:386] Listening to topic: x500_depth_0/command/motor_speed
(2023-10-20T09:33:41.255907881) (2023-10-20T09:33:41.255914662) [Dbg] [SystemManager.cc:74] Loaded system [gz::sim::systems::MulticopterMotorModel] for entity [56]
(2023-10-20T09:33:41.256100120) (2023-10-20T09:33:41.256106475) [Wrn] [MulticopterMotorModel.cc:257] No robotNamespace set using entity name.
(2023-10-20T09:33:41.256119546) (2023-10-20T09:33:41.256124254) [Wrn] [MulticopterMotorModel.cc:295] <motorNumber> is depricated, please use <actuator_number>.
(2023-10-20T09:33:41.256153719) (2023-10-20T09:33:41.256158656) [Dbg] [MulticopterMotorModel.cc:386] Listening to topic: x500_depth_0/command/motor_speed
(2023-10-20T09:33:41.256289933) (2023-10-20T09:33:41.256296397) [Dbg] [SystemManager.cc:74] Loaded system [gz::sim::systems::MulticopterMotorModel] for entity [56]
(2023-10-20T09:33:41.256524463) (2023-10-20T09:33:41.256530422) [Dbg] [UserCommands.cc:1263] Created entity [56] named [x500_depth_0]
(2023-10-20T09:33:41.267658436) (2023-10-20T09:33:41.267670349) [Dbg] [SimulationFeatures.cc:72] Simulation timestep set to: 0.004
(2023-10-20T09:33:41.268654263) (2023-10-20T09:33:41.268672620) [Dbg] [Sensors.cc:659] Initialization needed
(2023-10-20T09:33:41.268714497) (2023-10-20T09:33:41.268722567) [Dbg] [Sensors.cc:257] Initializing render context
(2023-10-20T09:33:41.268802600) (2023-10-20T09:33:41.268808377) [Msg] Loading plugin [gz-rendering-ogre2]
(2023-10-20T09:33:41.269090580) (2023-10-20T09:33:41.269102871) [Dbg] [AirPressureSensor.cc:126] Air pressure for [x500_depth_0::base_link::air_pressure_sensor] advertised on [world/default/model/x500_depth_0/link/base_link/sensor/air_pressure_sensor/air_pressure]
(2023-10-20T09:33:41.269151072) (2023-10-20T09:33:41.269160399) [Dbg] [ImuSensor.cc:149] IMU data for [x500_depth_0::base_link::imu_sensor] advertised on [world/default/model/x500_depth_0/link/base_link/sensor/imu_sensor/imu]
(2023-10-20T09:33:41.269709571) (2023-10-20T09:33:41.269721960) [Msg] Serving scene information on [/world/default/scene/info]
(2023-10-20T09:33:41.269800897) (2023-10-20T09:33:41.269811092) [Msg] Serving graph information on [/world/default/scene/graph]
(2023-10-20T09:33:41.269960441) (2023-10-20T09:33:41.269969963) [Msg] Serving full state on [/world/default/state]
(2023-10-20T09:33:41.270032912) (2023-10-20T09:33:41.270043940) [Msg] Serving full state (async) on [/world/default/state_async]
(2023-10-20T09:33:41.270109952) (2023-10-20T09:33:41.270117277) [Msg] Publishing scene information on [/world/default/scene/info]
(2023-10-20T09:33:41.270227006) (2023-10-20T09:33:41.270233960) [Msg] Publishing entity deletions on [/world/default/scene/deletion]
(2023-10-20T09:33:41.270316855) (2023-10-20T09:33:41.270326351) [Msg] Publishing state changes on [/world/default/state]
(2023-10-20T09:33:41.270400752) (2023-10-20T09:33:41.270410267) [Msg] Publishing pose messages on [/world/default/pose/info]
(2023-10-20T09:33:41.270481778) (2023-10-20T09:33:41.270488179) [Msg] Publishing dynamic pose messages on [/world/default/dynamic_pose/info]
(2023-10-20T09:33:41.271026623) (2023-10-20T09:33:41.271034900) [Dbg] [EntityComponentManager.cc:1655] Updated state thread iterators: 8 threads processing around 13 entities each.
(2023-10-20T09:33:41.280379914) (2023-10-20T09:33:41.280393745) [Wrn] [Component.hh:144] Trying to serialize component with data type [N3sdf3v135WorldE], which doesn't have `operator<<`. Component will not be serialized.
(2023-10-20T09:33:41.280524494) (2023-10-20T09:33:41.280544316) [Wrn] [Model.hh:69] Skipping serialization / deserialization for models with //pose/@relative_to attribute.
((((2023-10-20T09:33:41.283326501(2023-10-20T09:33:41.283326501(2023-10-20T09:33:41.283299261) ((2023-10-20T09:33:41.283346135) () () ((2023-10-20T09:33:41.2833844952023-10-20T09:33:41.283403181) ) ) ) ) 2023-10-20T09:33:41.283441800) [Dbg] [SimulationRunner.cc:530] [Dbg] [SimulationRunner.cc:530] [Dbg] [SimulationRunner.cc:530] [Dbg] [SimulationRunner.cc:530] 2023-10-20T09:33:41.283375767) Exiting postupdate worker thread (2023-10-20T09:33:41.283348646[Dbg] [SimulationRunner.cc:530] [Dbg] [SimulationRunner.cc:530] Exiting postupdate worker thread (Exiting postupdate worker thread (2023-10-20T09:33:41.283378519Exiting postupdate worker thread (2023-10-20T09:33:41.283378519) () 2023-10-20T09:33:41.283553535) 3)
[Dbg] [SimulationRunner.cc:530] Exiting postupdate worker thread (0)
[Dbg] [SimulationRunner.cc:530] Exiting postupdate worker thread (4)
2)
[Dbg] [SimulationRunner.cc:530] Exiting postupdate worker thread (1)
[Dbg] [SimulationRunner.cc:530] Exiting postupdate worker thread (5)
(2023-10-20T09:33:41.284197997) (2023-10-20T09:33:41.284208555) [Dbg] [SimulationRunner.cc:503] Creating PostUpdate worker threads: 7
(2023-10-20T09:33:41.284239010) (2023-10-20T09:33:41.284247136) [Dbg] [SimulationRunner.cc:514] Creating postupdate worker thread (0)
(2023-10-20T09:33:41.286042385) (2023-10-20T09:33:41.286056541) [Dbg] [SimulationRunner.cc:514] Creating postupdate worker thread (1)
(2023-10-20T09:33:41.286101937) (2023-10-20T09:33:41.286110161) [Dbg] [SimulationRunner.cc:514] Creating postupdate worker thread (2)
(2023-10-20T09:33:41.286141785) (2023-10-20T09:33:41.286149721) [Dbg] [SimulationRunner.cc:514] Creating postupdate worker thread (3)
(2023-10-20T09:33:41.286179008) (2023-10-20T09:33:41.286188741) [Dbg] [SimulationRunner.cc:514] Creating postupdate worker thread (4)
(2023-10-20T09:33:41.286259480) (2023-10-20T09:33:41.286268826) [Dbg] [SimulationRunner.cc:514] Creating postupdate worker thread (5)
(2023-10-20T09:33:41.506776198) (2023-10-20T09:33:41.506782779) [Dbg] [RenderUtil.cc:2720] Create scene [scene]
((2023-10-20T09:33:41.547773583) (2023-10-20T09:33:41.547784898) (2023-10-20T09:33:41.547799228) 2023-10-20T09:33:41.547793532) [Dbg] [Sensors.cc:659] Initialization needed
[Dbg] [Sensors.cc:277] Rendering Thread initialized
(2023-10-20T09:33:41.550713073) (2023-10-20T09:33:41.550720991) [Wrn] [FuelClient.cc:1952] The fuel.ignitionrobotics.org URL is deprecrated. Pleasse change https://fuel.ignitionrobotics.org/1.0/openrobotics/models/prius hybrid/2/files/meshes/Hybrid.obj to https://fuel.gazebosim.org/1.0/openrobotics/models/prius hybrid/2/files/meshes/Hybrid.obj
(2023-10-20T09:33:41.550784749) (2023-10-20T09:33:41.550790379) [Wrn] [FuelClient.cc:1952] The fuel.ignitionrobotics.org URL is deprecrated. Pleasse change https://fuel.ignitionrobotics.org/1.0/openrobotics/models/prius hybrid/2/files/meshes/Hybrid.obj to https://fuel.gazebosim.org/1.0/openrobotics/models/prius hybrid/2/files/meshes/Hybrid.obj
(2023-10-20T09:33:41.553161870) (2023-10-20T09:33:41.553169384) [Wrn] [OBJLoader.cc:91] Both `d` and `Tr` parameters defined for "Hybrid". Use the value of `d` for dissolve (line 8 in .mtl.)
Both `d` and `Tr` parameters defined for "Wheels3". Use the value of `d` for dissolve (line 22 in .mtl.)
Both `d` and `Tr` parameters defined for "Hybrid_Interior". Use the value of `d` for dissolve (line 36 in .mtl.)
Both `d` and `Tr` parameters defined for "Windows". Use the value of `d` for dissolve (line 50 in .mtl.)

(2023-10-20T09:33:43.61906143) (2023-10-20T09:33:43.61915364) [Dbg] [CameraSensor.cc:458] Camera images for [prius_hybrid::chassis::back_camera_sensor] advertised on [back_camera]
(2023-10-20T09:33:43.62030265) (2023-10-20T09:33:43.62036888) [Dbg] [CameraSensor.cc:786] Camera info for [prius_hybrid::chassis::back_camera_sensor] advertised on [/camera_info]
(2023-10-20T09:33:43.62136973) (2023-10-20T09:33:43.62142746) [Wrn] [Ogre2Camera.cc:412] Ogre2Camera::SetVisibilityMask: Mask bits c0000000 are set but will be ignored as they conflict with the reserved bits used internally by the ogre2 backend.
(2023-10-20T09:33:43.62410669) (2023-10-20T09:33:43.62419372) [Dbg] [CameraSensor.cc:458] Camera images for [prius_hybrid::chassis::front_camera_sensor] advertised on [front_camera]
(2023-10-20T09:33:43.62474899) (2023-10-20T09:33:43.62484047) [Dbg] [CameraSensor.cc:786] Camera info for [prius_hybrid::chassis::front_camera_sensor] advertised on [/camera_info]
(2023-10-20T09:33:43.62521065) (2023-10-20T09:33:43.62526272) [Wrn] [Ogre2Camera.cc:412] Ogre2Camera::SetVisibilityMask: Mask bits c0000000 are set but will be ignored as they conflict with the reserved bits used internally by the ogre2 backend.
(2023-10-20T09:33:43.62678209) (2023-10-20T09:33:43.62686421) [Dbg] [CameraSensor.cc:458] Camera images for [prius_hybrid::chassis::left_camera_sensor] advertised on [left_camera]
(2023-10-20T09:33:43.62741511) (2023-10-20T09:33:43.62750665) [Dbg] [CameraSensor.cc:786] Camera info for [prius_hybrid::chassis::left_camera_sensor] advertised on [/camera_info]
(2023-10-20T09:33:43.62785391) (2023-10-20T09:33:43.62790709) [Wrn] [Ogre2Camera.cc:412] Ogre2Camera::SetVisibilityMask: Mask bits c0000000 are set but will be ignored as they conflict with the reserved bits used internally by the ogre2 backend.
(2023-10-20T09:33:43.62925937) (2023-10-20T09:33:43.62933616) [Dbg] [CameraSensor.cc:458] Camera images for [prius_hybrid::chassis::right_camera_sensor] advertised on [right_camera]
(2023-10-20T09:33:43.62986356) (2023-10-20T09:33:43.62993907) [Dbg] [CameraSensor.cc:786] Camera info for [prius_hybrid::chassis::right_camera_sensor] advertised on [/camera_info]
(2023-10-20T09:33:43.63026853) (2023-10-20T09:33:43.63032002) [Wrn] [Ogre2Camera.cc:412] Ogre2Camera::SetVisibilityMask: Mask bits c0000000 are set but will be ignored as they conflict with the reserved bits used internally by the ogre2 backend.
(2023-10-20T09:33:43.63174455) (2023-10-20T09:33:43.63181319) [Dbg] [CameraSensor.cc:458] Camera images for [x500_depth_0::OakD-Lite/base_link::IMX214] advertised on [camera]
(2023-10-20T09:33:43.63240687) (2023-10-20T09:33:43.63248981) [Dbg] [CameraSensor.cc:786] Camera info for [x500_depth_0::OakD-Lite/base_link::IMX214] advertised on [/camera_info]
(2023-10-20T09:33:43.63285685) (2023-10-20T09:33:43.63290707) [Wrn] [Ogre2Camera.cc:412] Ogre2Camera::SetVisibilityMask: Mask bits c0000000 are set but will be ignored as they conflict with the reserved bits used internally by the ogre2 backend.
(2023-10-20T09:33:43.63467713) (2023-10-20T09:33:43.63474327) [Dbg] [DepthCameraSensor.cc:282] Depth images for [x500_depth_0::OakD-Lite/base_link::StereoOV7251] advertised on [depth_camera]
(2023-10-20T09:33:43.63537793) (2023-10-20T09:33:43.63546145) [Dbg] [CameraSensor.cc:786] Camera info for [x500_depth_0::OakD-Lite/base_link::StereoOV7251] advertised on [/camera_info]
(2023-10-20T09:33:43.63662185) (2023-10-20T09:33:43.63669161) [Dbg] [DepthCameraSensor.cc:299] Points for [x500_depth_0::OakD-Lite/base_link::StereoOV7251] advertised on [depth_camera/points]
(2023-10-20T09:33:58.143679313) (2023-10-20T09:33:58.143718937) [Dbg] [SignalHandler.cc:142] Received signal[2].
(2023-10-20T09:33:58.143783675) (2023-10-20T09:33:58.143800940) [Dbg] [ServerPrivate.cc:115] Server received signal[2]
(2023-10-20T09:33:58.143853786) (2023-10-20T09:33:58.143870776) [Dbg] [Sensors.cc:433] SensorsPrivate::Stop
(2023-10-20T09:33:58.195632695) (2023-10-20T09:33:58.195644516) [Dbg] [Sensors.cc:419] SensorsPrivate::RenderThread stopped
(2023-10-20T09:33:58.200154624) (2023-10-20T09:33:58.200165313) [Dbg] [gz.cc:417] Shutting down gz-sim-server
(((2023-10-20T09:33:58.203019435) ((2023-10-20T09:33:58.203025904) (2023-10-20T09:33:58.203064352) [Dbg] [SimulationRunner.cc:530] Exiting postupdate worker thread (0)
() ) ((((2023-10-20T09:33:58.203185189) (2023-10-20T09:33:58.2031969102023-10-20T09:33:58.203199038() [Dbg] [SimulationRunner.cc:530] ) ) Exiting postupdate worker thread (Exiting postupdate worker thread ([Dbg] [SimulationRunner.cc:530] 2023-10-20T09:33:58.203248725Exiting postupdate worker thread () (() 42023-10-20T09:33:58.203289996)) 
[Dbg] [SimulationRunner.cc:530] Exiting postupdate worker thread (3)
2)
[Dbg] [SimulationRunner.cc:530] Exiting postupdate worker thread (1)
[Dbg] [SimulationRunner.cc:530] Exiting postupdate worker thread (5)

(2023-10-20T09:33:58.233914398) (2023-10-20T09:33:58.233926654) [Dbg] [Sensors.cc:433] SensorsPrivate::Stop
