(2023-10-28T09:58:51.639845556) (2023-10-28T09:58:51.639856171) [Msg] Gazebo Sim Server v7.6.0
(2023-10-28T09:58:51.642529205) (2023-10-28T09:58:51.642537503) [Msg] Loading SDF world file[/home/bassam/PX4-Autopilot/Tools/simulation/gz/worlds/default.sdf].
(2023-10-28T09:58:51.747240942) (2023-10-28T09:58:51.747251350) [Msg] Serving entity system service on [/entity/system/add]
(2023-10-28T09:58:51.850381000) (2023-10-28T09:58:51.850395310) [Dbg] [Physics.cc:880] Loaded [gz::physics::dartsim::Plugin] from library [/usr/lib/x86_64-linux-gnu/gz-physics-6/engine-plugins/libgz-physics-dartsim-plugin.so]
(2023-10-28T09:58:51.850473705) (2023-10-28T09:58:51.850482283) [Dbg] [SystemManager.cc:74] Loaded system [gz::sim::systems::Physics] for entity [1]
(2023-10-28T09:58:51.852851948) (2023-10-28T09:58:51.852864602) [Msg] Create service on [/world/default/create]
(2023-10-28T09:58:51.953214240) (2023-10-28T09:58:51.953229219) [Msg] Remove service on [/world/default/remove]
(2023-10-28T09:58:51.953368863) (2023-10-28T09:58:51.953380028) [Msg] Pose service on [/world/default/set_pose]
(2023-10-28T09:58:51.953504707) (2023-10-28T09:58:51.953514382) [Msg] Pose service on [/world/default/set_pose_vector]
(2023-10-28T09:58:51.953706677) (2023-10-28T09:58:51.953717536) [Msg] Light configuration service on [/world/default/light_config]
(2023-10-28T09:58:51.953961596) (2023-10-28T09:58:51.953972765) [Msg] Physics service on [/world/default/set_physics]
(2023-10-28T09:58:51.954131530) (2023-10-28T09:58:51.954143900) [Msg] SphericalCoordinates service on [/world/default/set_spherical_coordinates]
(2023-10-28T09:58:51.954220774) (2023-10-28T09:58:51.954230114) [Msg] Enable collision service on [/world/default/enable_collision]
(2023-10-28T09:58:51.954295384) (2023-10-28T09:58:51.954301750) [Msg] Disable collision service on [/world/default/disable_collision]
(2023-10-28T09:58:51.954435967) (2023-10-28T09:58:51.954442451) [Msg] Material service on [/world/default/visual_config]
(2023-10-28T09:58:51.954532588) (2023-10-28T09:58:51.954539343) [Msg] Material service on [/world/default/wheel_slip]
(2023-10-28T09:58:51.954567012) (2023-10-28T09:58:51.954571862) [Dbg] [SystemManager.cc:74] Loaded system [gz::sim::systems::UserCommands] for entity [1]
(2023-10-28T09:58:51.955741356) (2023-10-28T09:58:51.955749549) [Dbg] [SystemManager.cc:74] Loaded system [gz::sim::systems::SceneBroadcaster] for entity [1]
(2023-10-28T09:58:51.956517652) (2023-10-28T09:58:51.956525468) [Dbg] [SystemManager.cc:74] Loaded system [gz::sim::systems::Contact] for entity [1]
(2023-10-28T09:58:51.957655756) (2023-10-28T09:58:51.957664499) [Dbg] [SystemManager.cc:74] Loaded system [gz::sim::systems::Imu] for entity [1]
(2023-10-28T09:58:51.958944267) (2023-10-28T09:58:51.958959737) [Dbg] [SystemManager.cc:74] Loaded system [gz::sim::systems::AirPressure] for entity [1]
(2023-10-28T09:58:51.960256230) (2023-10-28T09:58:51.960268823) [Msg] Listening to instantaneous wrench commands in [/world/default/wrench]
(2023-10-28T09:58:51.960347925) (2023-10-28T09:58:51.960356270) [Msg] Listening to persistent wrench commands in [/world/default/wrench/persistent]
(2023-10-28T09:58:51.960423939) (2023-10-28T09:58:51.960433488) [Msg] Listening to wrench clear commands in [/world/default/wrench/clear]
(2023-10-28T09:58:51.960464663) (2023-10-28T09:58:51.960472612) [Dbg] [SystemManager.cc:74] Loaded system [gz::sim::systems::ApplyLinkWrench] for entity [1]
(2023-10-28T09:58:51.967326363) (2023-10-28T09:58:51.967337275) [Dbg] [Sensors.cc:506] Configuring Sensors system
(2023-10-28T09:58:51.967414842) (2023-10-28T09:58:51.967421013) [Dbg] [Sensors.cc:425] SensorsPrivate::Run
(2023-10-28T09:58:51.967494564) (2023-10-28T09:58:51.967500978) [Dbg] [SystemManager.cc:74] Loaded system [gz::sim::systems::Sensors] for entity [1]
(2023-10-28T09:58:51.967532391) (2023-10-28T09:58:51.967543864) [Dbg] [Sensors.cc:402] SensorsPrivate::RenderThread started
(2023-10-28T09:58:51.967559171) (2023-10-28T09:58:51.967563887) [Dbg] [Sensors.cc:245] Waiting for init
(2023-10-28T09:58:51.969909465) (2023-10-28T09:58:51.969921419) [Wrn] [SystemLoader.cc:79] Trying to load deprecated plugin [ignition-gazebo-ackermann-steering-system]. Using [gz-sim-ackermann-steering-system] instead.
(2023-10-28T09:58:51.971366704) (2023-10-28T09:58:51.971377042) [Msg] AckermannSteering subscribing to twist messages on [/cmd_vel]
(2023-10-28T09:58:51.971601992) (2023-10-28T09:58:51.971609354) [Dbg] [SystemManager.cc:74] Loaded system [ignition::gazebo::systems::AckermannSteering] for entity [8]
(2023-10-28T09:58:51.971761806) (2023-10-28T09:58:51.971768842) [Msg] Loaded level [3]
(2023-10-28T09:58:51.973102162) (2023-10-28T09:58:51.973113180) [Msg] Serving world controls on [/world/default/control], [/world/default/control/state] and [/world/default/playback/control]
(2023-10-28T09:58:51.973302716) (2023-10-28T09:58:51.973309764) [Msg] Serving GUI information on [/world/default/gui/info]
(2023-10-28T09:58:51.973328426) (2023-10-28T09:58:51.973333047) [Msg] World [default] initialized with [default_physics] physics profile.
(2023-10-28T09:58:51.973447459) (2023-10-28T09:58:51.973454423) [Msg] Serving world SDF generation service on [/world/default/generate_world_sdf]
(2023-10-28T09:58:51.973539158) (2023-10-28T09:58:51.973545984) [Msg] Serving world names on [/gazebo/worlds]
(2023-10-28T09:58:51.973597643) (2023-10-28T09:58:51.973603593) [Msg] Resource path add service on [/gazebo/resource_paths/add].
(2023-10-28T09:58:51.973659689) (2023-10-28T09:58:51.973668420) [Msg] Resource path get service on [/gazebo/resource_paths/get].
(2023-10-28T09:58:51.973750414) (2023-10-28T09:58:51.973760240) [Msg] Resource path resolve service on [/gazebo/resource_paths/resolve].
(2023-10-28T09:58:52.74078501) (2023-10-28T09:58:52.74096944) [Msg] Resource paths published on [/gazebo/resource_paths].
(2023-10-28T09:58:52.174454483) (2023-10-28T09:58:52.174463235) [Msg] Server control service on [/server_control].
(2023-10-28T09:58:53.642853827) (2023-10-28T09:58:53.642874478) [Msg] Found no publishers on /stats, adding root stats topic
(2023-10-28T09:58:53.643132257) (2023-10-28T09:58:53.643143274) [Msg] Found no publishers on /clock, adding root clock topic
(2023-10-28T09:58:53.643403753) (2023-10-28T09:58:53.643416142) [Dbg] [SimulationRunner.cc:503] Creating PostUpdate worker threads: 7
(2023-10-28T09:58:53.643454413) (2023-10-28T09:58:53.643463898) [Dbg] [SimulationRunner.cc:514] Creating postupdate worker thread (0)
(2023-10-28T09:58:53.643573968) (2023-10-28T09:58:53.643581496) [Dbg] [SimulationRunner.cc:514] Creating postupdate worker thread (1)
(2023-10-28T09:58:53.643649056) (2023-10-28T09:58:53.643659467) [Dbg] [SimulationRunner.cc:514] Creating postupdate worker thread (2)
(2023-10-28T09:58:53.643725359) (2023-10-28T09:58:53.643735796) [Dbg] [SimulationRunner.cc:514] Creating postupdate worker thread (3)
(2023-10-28T09:58:53.644089509) (2023-10-28T09:58:53.644102775) [Dbg] [SimulationRunner.cc:514] Creating postupdate worker thread (4)
(2023-10-28T09:58:53.644177504) (2023-10-28T09:58:53.644188360) [Dbg] [SimulationRunner.cc:514] Creating postupdate worker thread (5)
(2023-10-28T09:58:53.868804487) (2023-10-28T09:58:53.868819490) [Wrn] [MulticopterMotorModel.cc:257] No robotNamespace set using entity name.
(2023-10-28T09:58:53.868852706) (2023-10-28T09:58:53.868859846) [Wrn] [MulticopterMotorModel.cc:295] <motorNumber> is depricated, please use <actuator_number>.
(2023-10-28T09:58:53.868907859) (2023-10-28T09:58:53.868914621) [Dbg] [MulticopterMotorModel.cc:386] Listening to topic: x500_depth_0/command/motor_speed
(2023-10-28T09:58:53.869261051) (2023-10-28T09:58:53.869270722) [Dbg] [SystemManager.cc:74] Loaded system [gz::sim::systems::MulticopterMotorModel] for entity [56]
(2023-10-28T09:58:53.869569343) (2023-10-28T09:58:53.869578504) [Wrn] [MulticopterMotorModel.cc:257] No robotNamespace set using entity name.
(2023-10-28T09:58:53.869596967) (2023-10-28T09:58:53.869603514) [Wrn] [MulticopterMotorModel.cc:295] <motorNumber> is depricated, please use <actuator_number>.
(2023-10-28T09:58:53.869644734) (2023-10-28T09:58:53.869651262) [Dbg] [MulticopterMotorModel.cc:386] Listening to topic: x500_depth_0/command/motor_speed
(2023-10-28T09:58:53.869837184) (2023-10-28T09:58:53.869848065) [Dbg] [SystemManager.cc:74] Loaded system [gz::sim::systems::MulticopterMotorModel] for entity [56]
(2023-10-28T09:58:53.870105387) (2023-10-28T09:58:53.870113588) [Wrn] [MulticopterMotorModel.cc:257] No robotNamespace set using entity name.
(2023-10-28T09:58:53.870143680) (2023-10-28T09:58:53.870150704) [Wrn] [MulticopterMotorModel.cc:295] <motorNumber> is depricated, please use <actuator_number>.
(2023-10-28T09:58:53.870191443) (2023-10-28T09:58:53.870197993) [Dbg] [MulticopterMotorModel.cc:386] Listening to topic: x500_depth_0/command/motor_speed
(2023-10-28T09:58:53.870396876) (2023-10-28T09:58:53.870405858) [Dbg] [SystemManager.cc:74] Loaded system [gz::sim::systems::MulticopterMotorModel] for entity [56]
(2023-10-28T09:58:53.870659459) (2023-10-28T09:58:53.870667825) [Wrn] [MulticopterMotorModel.cc:257] No robotNamespace set using entity name.
(2023-10-28T09:58:53.870685969) (2023-10-28T09:58:53.870692056) [Wrn] [MulticopterMotorModel.cc:295] <motorNumber> is depricated, please use <actuator_number>.
(2023-10-28T09:58:53.870731930) (2023-10-28T09:58:53.870738443) [Dbg] [MulticopterMotorModel.cc:386] Listening to topic: x500_depth_0/command/motor_speed
(2023-10-28T09:58:53.870965463) (2023-10-28T09:58:53.870974310) [Dbg] [SystemManager.cc:74] Loaded system [gz::sim::systems::MulticopterMotorModel] for entity [56]
(2023-10-28T09:58:53.871270040) (2023-10-28T09:58:53.871277911) [Dbg] [UserCommands.cc:1263] Created entity [56] named [x500_depth_0]
(2023-10-28T09:58:53.886359696) (2023-10-28T09:58:53.886374061) [Dbg] [SimulationFeatures.cc:72] Simulation timestep set to: 0.004
(2023-10-28T09:58:53.887587499) (2023-10-28T09:58:53.887613496) [Dbg] [Sensors.cc:659] Initialization needed
(2023-10-28T09:58:53.887670046) (2023-10-28T09:58:53.887685517) [Dbg] [Sensors.cc:257] Initializing render context
(2023-10-28T09:58:53.887847551) (2023-10-28T09:58:53.887856234) [Msg] Loading plugin [gz-rendering-ogre2]
(2023-10-28T09:58:53.888212472) (2023-10-28T09:58:53.888227320) [Dbg] [AirPressureSensor.cc:126] Air pressure for [x500_depth_0::base_link::air_pressure_sensor] advertised on [world/default/model/x500_depth_0/link/base_link/sensor/air_pressure_sensor/air_pressure]
(2023-10-28T09:58:53.888316300) (2023-10-28T09:58:53.888332616) [Dbg] [ImuSensor.cc:149] IMU data for [x500_depth_0::base_link::imu_sensor] advertised on [world/default/model/x500_depth_0/link/base_link/sensor/imu_sensor/imu]
(2023-10-28T09:58:53.889058604) (2023-10-28T09:58:53.889071505) [Msg] Serving scene information on [/world/default/scene/info]
(2023-10-28T09:58:53.889153841) (2023-10-28T09:58:53.889163155) [Msg] Serving graph information on [/world/default/scene/graph]
(2023-10-28T09:58:53.889350182) (2023-10-28T09:58:53.889358290) [Msg] Serving full state on [/world/default/state]
(2023-10-28T09:58:53.889435106) (2023-10-28T09:58:53.889442975) [Msg] Serving full state (async) on [/world/default/state_async]
(2023-10-28T09:58:53.889548644) (2023-10-28T09:58:53.889560887) [Msg] Publishing scene information on [/world/default/scene/info]
(2023-10-28T09:58:53.889713719) (2023-10-28T09:58:53.889722266) [Msg] Publishing entity deletions on [/world/default/scene/deletion]
(2023-10-28T09:58:53.889807459) (2023-10-28T09:58:53.889820015) [Msg] Publishing state changes on [/world/default/state]
(2023-10-28T09:58:53.889944151) (2023-10-28T09:58:53.889956508) [Msg] Publishing pose messages on [/world/default/pose/info]
(2023-10-28T09:58:53.890067229) (2023-10-28T09:58:53.890079397) [Msg] Publishing dynamic pose messages on [/world/default/dynamic_pose/info]
(2023-10-28T09:58:53.890728393) (2023-10-28T09:58:53.890742820) [Dbg] [EntityComponentManager.cc:1655] Updated state thread iterators: 8 threads processing around 13 entities each.
(2023-10-28T09:58:53.903782856) (2023-10-28T09:58:53.903801855) [Wrn] [Component.hh:144] Trying to serialize component with data type [N3sdf3v135WorldE], which doesn't have `operator<<`. Component will not be serialized.
(2023-10-28T09:58:53.903983695) (2023-10-28T09:58:53.903996362) [Wrn] [Model.hh:69] Skipping serialization / deserialization for models with //pose/@relative_to attribute.
(((((2023-10-28T09:58:53.906776832) () 2023-10-28T09:58:53.906805175) 2023-10-28T09:58:53.906805175() 2023-10-28T09:58:53.906790530) (2023-10-28T09:58:53.906849287) 2023-10-28T09:58:53.906893387) (2023-10-28T09:58:53.906925685) ) ) ([Dbg] [SimulationRunner.cc:530] Exiting postupdate worker thread (2023-10-28T09:58:53.906985139) (0)
2023-10-28T09:58:53.907035607) () [Dbg] [SimulationRunner.cc:530] [Dbg] [SimulationRunner.cc:530] [Dbg] [SimulationRunner.cc:530] [Dbg] [SimulationRunner.cc:530] [Dbg] [SimulationRunner.cc:530] Exiting postupdate worker thread (1Exiting postupdate worker thread (5)
[Dbg] [SimulationRunner.cc:530] [Dbg] [SimulationRunner.cc:530] [Dbg] [SimulationRunner.cc:530] [Dbg] [SimulationRunner.cc:530] 4))Exiting postupdate worker thread (Exiting postupdate worker thread (Exiting postupdate worker thread (2)

3)

(2023-10-28T09:58:53.907511108) (2023-10-28T09:58:53.907524104) [Dbg] [SimulationRunner.cc:503] Creating PostUpdate worker threads: 7
(2023-10-28T09:58:53.907578367) (2023-10-28T09:58:53.907587685) [Dbg] [SimulationRunner.cc:514] Creating postupdate worker thread (0)
(2023-10-28T09:58:53.908061706) (2023-10-28T09:58:53.908075469) [Dbg] [SimulationRunner.cc:514] Creating postupdate worker thread (1)
(2023-10-28T09:58:53.908133593) (2023-10-28T09:58:53.908144526) [Dbg] [SimulationRunner.cc:514] Creating postupdate worker thread (2)
(2023-10-28T09:58:53.908202882) (2023-10-28T09:58:53.908213401) [Dbg] [SimulationRunner.cc:514] Creating postupdate worker thread (3)
(2023-10-28T09:58:53.908263120) (2023-10-28T09:58:53.908273399) [Dbg] [SimulationRunner.cc:514] Creating postupdate worker thread (4)
(2023-10-28T09:58:53.908410465) (2023-10-28T09:58:53.908422180) [Dbg] [SimulationRunner.cc:514] Creating postupdate worker thread (5)
(2023-10-28T09:58:54.173938181) (2023-10-28T09:58:54.173945052) [Dbg] [RenderUtil.cc:2720] Create scene [scene]
((2023-10-28T09:58:54.226236089) (2023-10-28T09:58:54.226249745) () 2023-10-28T09:58:54.226269539) [Dbg] [Sensors.cc:277] [Dbg] [Sensors.cc:659] Rendering Thread initializedInitialization needed

(2023-10-28T09:58:54.230023551) (2023-10-28T09:58:54.230031682) [Wrn] [FuelClient.cc:1952] The fuel.ignitionrobotics.org URL is deprecrated. Pleasse change https://fuel.ignitionrobotics.org/1.0/openrobotics/models/prius hybrid/2/files/meshes/Hybrid.obj to https://fuel.gazebosim.org/1.0/openrobotics/models/prius hybrid/2/files/meshes/Hybrid.obj
(2023-10-28T09:58:54.230094297) (2023-10-28T09:58:54.230099641) [Wrn] [FuelClient.cc:1952] The fuel.ignitionrobotics.org URL is deprecrated. Pleasse change https://fuel.ignitionrobotics.org/1.0/openrobotics/models/prius hybrid/2/files/meshes/Hybrid.obj to https://fuel.gazebosim.org/1.0/openrobotics/models/prius hybrid/2/files/meshes/Hybrid.obj
(2023-10-28T09:58:54.232507114) (2023-10-28T09:58:54.232515485) [Wrn] [OBJLoader.cc:91] Both `d` and `Tr` parameters defined for "Hybrid". Use the value of `d` for dissolve (line 8 in .mtl.)
Both `d` and `Tr` parameters defined for "Wheels3". Use the value of `d` for dissolve (line 22 in .mtl.)
Both `d` and `Tr` parameters defined for "Hybrid_Interior". Use the value of `d` for dissolve (line 36 in .mtl.)
Both `d` and `Tr` parameters defined for "Windows". Use the value of `d` for dissolve (line 50 in .mtl.)

(2023-10-28T09:58:54.301314426) (2023-10-28T09:58:54.301322359) [Err] [SceneManager.cc:887] PBR material: currently only metal workflow is supported. Gazebo will try to render the material using metal workflow but without Roughness / Metalness settings.
(2023-10-28T09:58:55.945139094) (2023-10-28T09:58:55.945152444) [Dbg] [CameraSensor.cc:458] Camera images for [prius_hybrid::chassis::back_camera_sensor] advertised on [back_camera]
(2023-10-28T09:58:55.945285936) (2023-10-28T09:58:55.945296236) [Dbg] [CameraSensor.cc:786] Camera info for [prius_hybrid::chassis::back_camera_sensor] advertised on [/camera_info]
(2023-10-28T09:58:55.945406631) (2023-10-28T09:58:55.945419169) [Wrn] [Ogre2Camera.cc:412] Ogre2Camera::SetVisibilityMask: Mask bits c0000000 are set but will be ignored as they conflict with the reserved bits used internally by the ogre2 backend.
(2023-10-28T09:58:55.945684684) (2023-10-28T09:58:55.945694422) [Dbg] [CameraSensor.cc:458] Camera images for [prius_hybrid::chassis::front_camera_sensor] advertised on [front_camera]
(2023-10-28T09:58:55.945768929) (2023-10-28T09:58:55.945778462) [Dbg] [CameraSensor.cc:786] Camera info for [prius_hybrid::chassis::front_camera_sensor] advertised on [/camera_info]
(2023-10-28T09:58:55.945819580) (2023-10-28T09:58:55.945824881) [Wrn] [Ogre2Camera.cc:412] Ogre2Camera::SetVisibilityMask: Mask bits c0000000 are set but will be ignored as they conflict with the reserved bits used internally by the ogre2 backend.
(2023-10-28T09:58:55.945978087) (2023-10-28T09:58:55.945987500) [Dbg] [CameraSensor.cc:458] Camera images for [prius_hybrid::chassis::left_camera_sensor] advertised on [left_camera]
(2023-10-28T09:58:55.946050076) (2023-10-28T09:58:55.946058860) [Dbg] [CameraSensor.cc:786] Camera info for [prius_hybrid::chassis::left_camera_sensor] advertised on [/camera_info]
(2023-10-28T09:58:55.946099878) (2023-10-28T09:58:55.946105551) [Wrn] [Ogre2Camera.cc:412] Ogre2Camera::SetVisibilityMask: Mask bits c0000000 are set but will be ignored as they conflict with the reserved bits used internally by the ogre2 backend.
(2023-10-28T09:58:55.946289738) (2023-10-28T09:58:55.946300385) [Dbg] [CameraSensor.cc:458] Camera images for [prius_hybrid::chassis::right_camera_sensor] advertised on [right_camera]
(2023-10-28T09:58:55.946361512) (2023-10-28T09:58:55.946370855) [Dbg] [CameraSensor.cc:786] Camera info for [prius_hybrid::chassis::right_camera_sensor] advertised on [/camera_info]
(2023-10-28T09:58:55.946409252) (2023-10-28T09:58:55.946414821) [Wrn] [Ogre2Camera.cc:412] Ogre2Camera::SetVisibilityMask: Mask bits c0000000 are set but will be ignored as they conflict with the reserved bits used internally by the ogre2 backend.
(2023-10-28T09:58:55.946586773) (2023-10-28T09:58:55.946596477) [Dbg] [CameraSensor.cc:458] Camera images for [x500_depth_0::OakD-Lite/base_link::IMX214] advertised on [camera]
(2023-10-28T09:58:55.946660573) (2023-10-28T09:58:55.946669577) [Dbg] [CameraSensor.cc:786] Camera info for [x500_depth_0::OakD-Lite/base_link::IMX214] advertised on [/camera_info]
(2023-10-28T09:58:55.946712688) (2023-10-28T09:58:55.946718477) [Wrn] [Ogre2Camera.cc:412] Ogre2Camera::SetVisibilityMask: Mask bits c0000000 are set but will be ignored as they conflict with the reserved bits used internally by the ogre2 backend.
(2023-10-28T09:58:55.946906910) (2023-10-28T09:58:55.946916283) [Dbg] [DepthCameraSensor.cc:282] Depth images for [x500_depth_0::OakD-Lite/base_link::StereoOV7251] advertised on [depth_camera]
(2023-10-28T09:58:55.946985789) (2023-10-28T09:58:55.946995471) [Dbg] [CameraSensor.cc:786] Camera info for [x500_depth_0::OakD-Lite/base_link::StereoOV7251] advertised on [/camera_info]
(2023-10-28T09:58:55.947112923) (2023-10-28T09:58:55.947122824) [Dbg] [DepthCameraSensor.cc:299] Points for [x500_depth_0::OakD-Lite/base_link::StereoOV7251] advertised on [depth_camera/points]
(2023-10-28T10:00:30.379392837) (2023-10-28T10:00:30.379414548) [Dbg] [CameraSensor.cc:583] Enabling camera sensor: 'x500_depth_0::OakD-Lite/base_link::IMX214' data generation.
(2023-10-28T11:47:00.588245514) (2023-10-28T11:47:00.588284091) [Dbg] [SignalHandler.cc:142] Received signal[2].
(2023-10-28T11:47:00.588354509) (2023-10-28T11:47:00.588379789) [Dbg] [ServerPrivate.cc:115] Server received signal[2]
(2023-10-28T11:47:00.588457293) (2023-10-28T11:47:00.588480599) [Dbg] [Sensors.cc:433] SensorsPrivate::Stop
(2023-10-28T11:47:00.682653208) (2023-10-28T11:47:00.682687467) [Dbg] [Sensors.cc:419] SensorsPrivate::RenderThread stopped
(2023-10-28T11:47:00.691846934) (2023-10-28T11:47:00.691870584) [Dbg] [gz.cc:417] Shutting down gz-sim-server
(((((2023-10-28T11:47:00.697195460((() ) ) 2023-10-28T11:47:00.697304119) (2023-10-28T11:47:00.697535149) 2023-10-28T11:47:00.697286356) (2023-10-28T11:47:00.697596786) 2023-10-28T11:47:00.6972261852023-10-28T11:47:00.697226185((2023-10-28T11:47:00.6976687942023-10-28T11:47:00.697668794) 2023-10-28T11:47:00.697668794) (Exiting postupdate worker thread (2023-10-28T11:47:00.697697134Exiting postupdate worker thread (2023-10-28T11:47:00.6976971342) ) 

2023-10-28T11:47:00.697761632) 
[Dbg] [SimulationRunner.cc:530] ) Exiting postupdate worker thread (0[Dbg] [SimulationRunner.cc:530] Exiting postupdate worker thread (Exiting postupdate worker thread ([Dbg] [SimulationRunner.cc:530] Exiting postupdate worker thread (1)
3)
)Exiting postupdate worker thread (4)
)Exiting postupdate worker thread (
)Exiting postupdate worker thread (5)
(2023-10-28T11:47:00.767052254) (2023-10-28T11:47:00.767080556) [Dbg] [Sensors.cc:433] SensorsPrivate::Stop
