(2023-11-01T14:34:43.626717271) (2023-11-01T14:34:43.626729436) [Msg] Gazebo Sim Server v7.6.0
(2023-11-01T14:34:43.630540305) (2023-11-01T14:34:43.630552148) [Msg] Loading SDF world file[/home/bassam/PX4-Autopilot/Tools/simulation/gz/worlds/default.sdf].
(2023-11-01T14:34:43.735175959) (2023-11-01T14:34:43.735188826) [Msg] Serving entity system service on [/entity/system/add]
(2023-11-01T14:34:43.854958810) (2023-11-01T14:34:43.854977238) [Dbg] [Physics.cc:880] Loaded [gz::physics::dartsim::Plugin] from library [/usr/lib/x86_64-linux-gnu/gz-physics-6/engine-plugins/libgz-physics-dartsim-plugin.so]
(2023-11-01T14:34:43.855062801) (2023-11-01T14:34:43.855088301) [Dbg] [SystemManager.cc:74] Loaded system [gz::sim::systems::Physics] for entity [1]
(2023-11-01T14:34:43.958536009) (2023-11-01T14:34:43.958550508) [Msg] Create service on [/world/default/create]
(2023-11-01T14:34:43.958710377) (2023-11-01T14:34:43.958720351) [Msg] Remove service on [/world/default/remove]
(2023-11-01T14:34:43.958847042) (2023-11-01T14:34:43.958856934) [Msg] Pose service on [/world/default/set_pose]
(2023-11-01T14:34:43.958970274) (2023-11-01T14:34:43.958979484) [Msg] Pose service on [/world/default/set_pose_vector]
(2023-11-01T14:34:43.959129164) (2023-11-01T14:34:43.959138510) [Msg] Light configuration service on [/world/default/light_config]
(2023-11-01T14:34:43.959347432) (2023-11-01T14:34:43.959357859) [Msg] Physics service on [/world/default/set_physics]
(2023-11-01T14:34:43.959481760) (2023-11-01T14:34:43.959491652) [Msg] SphericalCoordinates service on [/world/default/set_spherical_coordinates]
(2023-11-01T14:34:43.959555020) (2023-11-01T14:34:43.959564580) [Msg] Enable collision service on [/world/default/enable_collision]
(2023-11-01T14:34:43.959627404) (2023-11-01T14:34:43.959636619) [Msg] Disable collision service on [/world/default/disable_collision]
(2023-11-01T14:34:43.959768203) (2023-11-01T14:34:43.959777474) [Msg] Material service on [/world/default/visual_config]
(2023-11-01T14:34:43.959872860) (2023-11-01T14:34:43.959882207) [Msg] Material service on [/world/default/wheel_slip]
(2023-11-01T14:34:43.959909940) (2023-11-01T14:34:43.959914622) [Dbg] [SystemManager.cc:74] Loaded system [gz::sim::systems::UserCommands] for entity [1]
(2023-11-01T14:34:43.961004820) (2023-11-01T14:34:43.961012449) [Dbg] [SystemManager.cc:74] Loaded system [gz::sim::systems::SceneBroadcaster] for entity [1]
(2023-11-01T14:34:43.961738312) (2023-11-01T14:34:43.961745605) [Dbg] [SystemManager.cc:74] Loaded system [gz::sim::systems::Contact] for entity [1]
(2023-11-01T14:34:43.962824972) (2023-11-01T14:34:43.962833067) [Dbg] [SystemManager.cc:74] Loaded system [gz::sim::systems::Imu] for entity [1]
(2023-11-01T14:34:43.963810296) (2023-11-01T14:34:43.963818700) [Dbg] [SystemManager.cc:74] Loaded system [gz::sim::systems::AirPressure] for entity [1]
(2023-11-01T14:34:43.964704227) (2023-11-01T14:34:43.964712821) [Msg] Listening to instantaneous wrench commands in [/world/default/wrench]
(2023-11-01T14:34:43.964773566) (2023-11-01T14:34:43.964780715) [Msg] Listening to persistent wrench commands in [/world/default/wrench/persistent]
(2023-11-01T14:34:43.964836551) (2023-11-01T14:34:43.964843282) [Msg] Listening to wrench clear commands in [/world/default/wrench/clear]
(2023-11-01T14:34:43.964862105) (2023-11-01T14:34:43.964866892) [Dbg] [SystemManager.cc:74] Loaded system [gz::sim::systems::ApplyLinkWrench] for entity [1]
(2023-11-01T14:34:43.970085842) (2023-11-01T14:34:43.970096398) [Dbg] [Sensors.cc:506] Configuring Sensors system
(2023-11-01T14:34:43.970160276) (2023-11-01T14:34:43.970166381) [Dbg] [Sensors.cc:425] SensorsPrivate::Run
(2023-11-01T14:34:43.970230926) (2023-11-01T14:34:43.970239892) [Dbg] [SystemManager.cc:74] Loaded system [gz::sim::systems::Sensors] for entity [1]
(2023-11-01T14:34:43.970283542) (2023-11-01T14:34:43.970298504) [Dbg] [Sensors.cc:402] SensorsPrivate::RenderThread started
(2023-11-01T14:34:43.970317992) (2023-11-01T14:34:43.970323222) [Dbg] [Sensors.cc:245] Waiting for init
(2023-11-01T14:34:43.972376957) (2023-11-01T14:34:43.972385946) [Wrn] [SystemLoader.cc:79] Trying to load deprecated plugin [ignition-gazebo-ackermann-steering-system]. Using [gz-sim-ackermann-steering-system] instead.
(2023-11-01T14:34:43.973486807) (2023-11-01T14:34:43.973495817) [Msg] AckermannSteering subscribing to twist messages on [/cmd_vel]
(2023-11-01T14:34:43.973728302) (2023-11-01T14:34:43.973735952) [Dbg] [SystemManager.cc:74] Loaded system [ignition::gazebo::systems::AckermannSteering] for entity [8]
(2023-11-01T14:34:43.973845308) (2023-11-01T14:34:43.973851553) [Msg] Loaded level [3]
(2023-11-01T14:34:43.975214697) (2023-11-01T14:34:43.975226589) [Msg] Serving world controls on [/world/default/control], [/world/default/control/state] and [/world/default/playback/control]
(2023-11-01T14:34:43.975400196) (2023-11-01T14:34:43.975410486) [Msg] Serving GUI information on [/world/default/gui/info]
(2023-11-01T14:34:43.975434118) (2023-11-01T14:34:43.975439246) [Msg] World [default] initialized with [default_physics] physics profile.
(2023-11-01T14:34:43.975561998) (2023-11-01T14:34:43.975572138) [Msg] Serving world SDF generation service on [/world/default/generate_world_sdf]
(2023-11-01T14:34:43.975674935) (2023-11-01T14:34:43.975681768) [Msg] Serving world names on [/gazebo/worlds]
(2023-11-01T14:34:43.975737015) (2023-11-01T14:34:43.975743122) [Msg] Resource path add service on [/gazebo/resource_paths/add].
(2023-11-01T14:34:43.975793937) (2023-11-01T14:34:43.975800055) [Msg] Resource path get service on [/gazebo/resource_paths/get].
(2023-11-01T14:34:43.975858519) (2023-11-01T14:34:43.975867933) [Msg] Resource path resolve service on [/gazebo/resource_paths/resolve].
(2023-11-01T14:34:43.975933357) (2023-11-01T14:34:43.975943038) [Msg] Resource paths published on [/gazebo/resource_paths].
(2023-11-01T14:34:43.976053878) (2023-11-01T14:34:43.976064389) [Msg] Server control service on [/server_control].
(2023-11-01T14:34:45.629137974) (2023-11-01T14:34:45.629148304) [Msg] Found no publishers on /stats, adding root stats topic
(2023-11-01T14:34:45.629308248) (2023-11-01T14:34:45.629317478) [Msg] Found no publishers on /clock, adding root clock topic
(2023-11-01T14:34:45.629515867) (2023-11-01T14:34:45.629526082) [Dbg] [SimulationRunner.cc:503] Creating PostUpdate worker threads: 7
(2023-11-01T14:34:45.629551141) (2023-11-01T14:34:45.629556701) [Dbg] [SimulationRunner.cc:514] Creating postupdate worker thread (0)
(2023-11-01T14:34:45.629639895) (2023-11-01T14:34:45.629646376) [Dbg] [SimulationRunner.cc:514] Creating postupdate worker thread (1)
(2023-11-01T14:34:45.629705772) (2023-11-01T14:34:45.629711785) [Dbg] [SimulationRunner.cc:514] Creating postupdate worker thread (2)
(2023-11-01T14:34:45.629761627) (2023-11-01T14:34:45.629766880) [Dbg] [SimulationRunner.cc:514] Creating postupdate worker thread (3)
(2023-11-01T14:34:45.629807631) (2023-11-01T14:34:45.629812832) [Dbg] [SimulationRunner.cc:514] Creating postupdate worker thread (4)
(2023-11-01T14:34:45.629848775) (2023-11-01T14:34:45.629854027) [Dbg] [SimulationRunner.cc:514] Creating postupdate worker thread (5)
(2023-11-01T14:34:45.814737849) (2023-11-01T14:34:45.814753439) [Wrn] [MulticopterMotorModel.cc:257] No robotNamespace set using entity name.
(2023-11-01T14:34:45.814790841) (2023-11-01T14:34:45.814798202) [Wrn] [MulticopterMotorModel.cc:295] <motorNumber> is depricated, please use <actuator_number>.
(2023-11-01T14:34:45.814853330) (2023-11-01T14:34:45.814861219) [Dbg] [MulticopterMotorModel.cc:386] Listening to topic: x500_depth_0/command/motor_speed
(2023-11-01T14:34:45.815419405) (2023-11-01T14:34:45.815430960) [Dbg] [SystemManager.cc:74] Loaded system [gz::sim::systems::MulticopterMotorModel] for entity [56]
(2023-11-01T14:34:45.815910418) (2023-11-01T14:34:45.815921931) [Wrn] [MulticopterMotorModel.cc:257] No robotNamespace set using entity name.
(2023-11-01T14:34:45.815947453) (2023-11-01T14:34:45.815955750) [Wrn] [MulticopterMotorModel.cc:295] <motorNumber> is depricated, please use <actuator_number>.
(2023-11-01T14:34:45.816014385) (2023-11-01T14:34:45.816022298) [Dbg] [MulticopterMotorModel.cc:386] Listening to topic: x500_depth_0/command/motor_speed
(2023-11-01T14:34:45.816278867) (2023-11-01T14:34:45.816289550) [Dbg] [SystemManager.cc:74] Loaded system [gz::sim::systems::MulticopterMotorModel] for entity [56]
(2023-11-01T14:34:45.816686445) (2023-11-01T14:34:45.816696946) [Wrn] [MulticopterMotorModel.cc:257] No robotNamespace set using entity name.
(2023-11-01T14:34:45.816738097) (2023-11-01T14:34:45.816744740) [Wrn] [MulticopterMotorModel.cc:295] <motorNumber> is depricated, please use <actuator_number>.
(2023-11-01T14:34:45.816795587) (2023-11-01T14:34:45.816803176) [Dbg] [MulticopterMotorModel.cc:386] Listening to topic: x500_depth_0/command/motor_speed
(2023-11-01T14:34:45.817048997) (2023-11-01T14:34:45.817059769) [Dbg] [SystemManager.cc:74] Loaded system [gz::sim::systems::MulticopterMotorModel] for entity [56]
(2023-11-01T14:34:45.817483134) (2023-11-01T14:34:45.817495492) [Wrn] [MulticopterMotorModel.cc:257] No robotNamespace set using entity name.
(2023-11-01T14:34:45.817521168) (2023-11-01T14:34:45.817529554) [Wrn] [MulticopterMotorModel.cc:295] <motorNumber> is depricated, please use <actuator_number>.
(2023-11-01T14:34:45.817603985) (2023-11-01T14:34:45.817613492) [Dbg] [MulticopterMotorModel.cc:386] Listening to topic: x500_depth_0/command/motor_speed
(2023-11-01T14:34:45.818108293) (2023-11-01T14:34:45.818124667) [Dbg] [SystemManager.cc:74] Loaded system [gz::sim::systems::MulticopterMotorModel] for entity [56]
(2023-11-01T14:34:45.818545476) (2023-11-01T14:34:45.818554313) [Dbg] [UserCommands.cc:1263] Created entity [56] named [x500_depth_0]
(2023-11-01T14:34:45.831159725) (2023-11-01T14:34:45.831174934) [Dbg] [SimulationFeatures.cc:72] Simulation timestep set to: 0.004
(2023-11-01T14:34:45.832532442) (2023-11-01T14:34:45.832549762) [Dbg] [Sensors.cc:659] Initialization needed
(2023-11-01T14:34:45.832591258) (2023-11-01T14:34:45.832600728) [Dbg] [Sensors.cc:257] Initializing render context
(2023-11-01T14:34:45.832695433) (2023-11-01T14:34:45.832702306) [Msg] Loading plugin [gz-rendering-ogre2]
(2023-11-01T14:34:45.833211278) (2023-11-01T14:34:45.833224764) [Dbg] [AirPressureSensor.cc:126] Air pressure for [x500_depth_0::base_link::air_pressure_sensor] advertised on [world/default/model/x500_depth_0/link/base_link/sensor/air_pressure_sensor/air_pressure]
(2023-11-01T14:34:45.833278065) (2023-11-01T14:34:45.833287171) [Dbg] [ImuSensor.cc:149] IMU data for [x500_depth_0::base_link::imu_sensor] advertised on [world/default/model/x500_depth_0/link/base_link/sensor/imu_sensor/imu]
(2023-11-01T14:34:45.834164196) (2023-11-01T14:34:45.834181649) [Msg] Serving scene information on [/world/default/scene/info]
(2023-11-01T14:34:45.834318429) (2023-11-01T14:34:45.834331128) [Msg] Serving graph information on [/world/default/scene/graph]
(2023-11-01T14:34:45.834522768) (2023-11-01T14:34:45.834535640) [Msg] Serving full state on [/world/default/state]
(2023-11-01T14:34:45.834619367) (2023-11-01T14:34:45.834631393) [Msg] Serving full state (async) on [/world/default/state_async]
(2023-11-01T14:34:45.834736790) (2023-11-01T14:34:45.834748644) [Msg] Publishing scene information on [/world/default/scene/info]
(2023-11-01T14:34:45.834907001) (2023-11-01T14:34:45.834918763) [Msg] Publishing entity deletions on [/world/default/scene/deletion]
(2023-11-01T14:34:45.835029364) (2023-11-01T14:34:45.835041460) [Msg] Publishing state changes on [/world/default/state]
(2023-11-01T14:34:45.835227053) (2023-11-01T14:34:45.835238543) [Msg] Publishing pose messages on [/world/default/pose/info]
(2023-11-01T14:34:45.835519769) (2023-11-01T14:34:45.835565864) [Msg] Publishing dynamic pose messages on [/world/default/dynamic_pose/info]
(2023-11-01T14:34:45.836502205) (2023-11-01T14:34:45.836520157) [Dbg] [EntityComponentManager.cc:1655] Updated state thread iterators: 8 threads processing around 13 entities each.
(2023-11-01T14:34:45.845941001) (2023-11-01T14:34:45.845955956) [Wrn] [Component.hh:144] Trying to serialize component with data type [N3sdf3v135WorldE], which doesn't have `operator<<`. Component will not be serialized.
(2023-11-01T14:34:45.846094846) (2023-11-01T14:34:45.846105123) [Wrn] [Model.hh:69] Skipping serialization / deserialization for models with //pose/@relative_to attribute.
((2023-11-01T14:34:45.848611409) (2023-11-01T14:34:45.848622016) ) ) 2023-11-01T14:34:45.848637241) (2023-11-01T14:34:45.848657670) Exiting postupdate worker thread (1)
Exiting postupdate worker thread (4)
2023-11-01T14:34:45.848712557) (2023-11-01T14:34:45.848726087) [Dbg] [SimulationRunner.cc:530] Exiting postupdate worker thread (5)
(2023-11-01T14:34:45.848801097) (2023-11-01T14:34:45.848814092) [Dbg] [SimulationRunner.cc:530] Exiting postupdate worker thread (2)
(2023-11-01T14:34:45.849082636) (2023-11-01T14:34:45.849098154) [Dbg] [SimulationRunner.cc:530] Exiting postupdate worker thread (0)
(2023-11-01T14:34:45.849161102) (2023-11-01T14:34:45.849173406) [Dbg] [SimulationRunner.cc:530] Exiting postupdate worker thread (3)
(2023-11-01T14:34:45.849336007) (2023-11-01T14:34:45.849350070) [Dbg] [SimulationRunner.cc:503] Creating PostUpdate worker threads: 7
(2023-11-01T14:34:45.849378309) (2023-11-01T14:34:45.849383321) [Dbg] [SimulationRunner.cc:514] Creating postupdate worker thread (0)
(2023-11-01T14:34:45.850024277) (2023-11-01T14:34:45.850034215) [Dbg] [SimulationRunner.cc:514] Creating postupdate worker thread (1)
(2023-11-01T14:34:45.850095735) (2023-11-01T14:34:45.850103883) [Dbg] [SimulationRunner.cc:514] Creating postupdate worker thread (2)
(2023-11-01T14:34:45.850154659) (2023-11-01T14:34:45.850162307) [Dbg] [SimulationRunner.cc:514] Creating postupdate worker thread (3)
(2023-11-01T14:34:45.850206580) (2023-11-01T14:34:45.850213810) [Dbg] [SimulationRunner.cc:514] Creating postupdate worker thread (4)
(2023-11-01T14:34:45.850600216) (2023-11-01T14:34:45.850613642) [Dbg] [SimulationRunner.cc:514] Creating postupdate worker thread (5)
(2023-11-01T14:34:46.122521344) (2023-11-01T14:34:46.122529188) [Dbg] [RenderUtil.cc:2720] Create scene [scene]
(2023-11-01T14:34:46.171476825) (2023-11-01T14:34:46.171489772) [Dbg] [Sensors.cc:277] Rendering Thread initialized
(2023-11-01T14:34:46.171538545) (2023-11-01T14:34:46.171553310) [Dbg] [Sensors.cc:659] Initialization needed
(2023-11-01T14:34:46.176437524) (2023-11-01T14:34:46.176447736) [Wrn] [FuelClient.cc:1952] The fuel.ignitionrobotics.org URL is deprecrated. Pleasse change https://fuel.ignitionrobotics.org/1.0/openrobotics/models/prius hybrid/2/files/meshes/Hybrid.obj to https://fuel.gazebosim.org/1.0/openrobotics/models/prius hybrid/2/files/meshes/Hybrid.obj
(2023-11-01T14:34:46.176524961) (2023-11-01T14:34:46.176531422) [Wrn] [FuelClient.cc:1952] The fuel.ignitionrobotics.org URL is deprecrated. Pleasse change https://fuel.ignitionrobotics.org/1.0/openrobotics/models/prius hybrid/2/files/meshes/Hybrid.obj to https://fuel.gazebosim.org/1.0/openrobotics/models/prius hybrid/2/files/meshes/Hybrid.obj
(2023-11-01T14:34:46.179605999) (2023-11-01T14:34:46.179615119) [Wrn] [OBJLoader.cc:91] Both `d` and `Tr` parameters defined for "Hybrid". Use the value of `d` for dissolve (line 8 in .mtl.)
Both `d` and `Tr` parameters defined for "Wheels3". Use the value of `d` for dissolve (line 22 in .mtl.)
Both `d` and `Tr` parameters defined for "Hybrid_Interior". Use the value of `d` for dissolve (line 36 in .mtl.)
Both `d` and `Tr` parameters defined for "Windows". Use the value of `d` for dissolve (line 50 in .mtl.)

(2023-11-01T14:34:46.270525594) (2023-11-01T14:34:46.270536473) [Err] [SceneManager.cc:887] PBR material: currently only metal workflow is supported. Gazebo will try to render the material using metal workflow but without Roughness / Metalness settings.
(2023-11-01T14:34:48.118883753) (2023-11-01T14:34:48.118901544) [Dbg] [CameraSensor.cc:458] Camera images for [prius_hybrid::chassis::back_camera_sensor] advertised on [back_camera]
(2023-11-01T14:34:48.119209138) (2023-11-01T14:34:48.119224438) [Dbg] [CameraSensor.cc:786] Camera info for [prius_hybrid::chassis::back_camera_sensor] advertised on [/camera_info]
(2023-11-01T14:34:48.119435557) (2023-11-01T14:34:48.119447160) [Wrn] [Ogre2Camera.cc:412] Ogre2Camera::SetVisibilityMask: Mask bits c0000000 are set but will be ignored as they conflict with the reserved bits used internally by the ogre2 backend.
(2023-11-01T14:34:48.120028651) (2023-11-01T14:34:48.120041879) [Dbg] [CameraSensor.cc:458] Camera images for [prius_hybrid::chassis::front_camera_sensor] advertised on [front_camera]
(2023-11-01T14:34:48.120221553) (2023-11-01T14:34:48.120233553) [Dbg] [CameraSensor.cc:786] Camera info for [prius_hybrid::chassis::front_camera_sensor] advertised on [/camera_info]
(2023-11-01T14:34:48.120302367) (2023-11-01T14:34:48.120310479) [Wrn] [Ogre2Camera.cc:412] Ogre2Camera::SetVisibilityMask: Mask bits c0000000 are set but will be ignored as they conflict with the reserved bits used internally by the ogre2 backend.
(2023-11-01T14:34:48.120703296) (2023-11-01T14:34:48.120717338) [Dbg] [CameraSensor.cc:458] Camera images for [prius_hybrid::chassis::left_camera_sensor] advertised on [left_camera]
(2023-11-01T14:34:48.120824790) (2023-11-01T14:34:48.120839018) [Dbg] [CameraSensor.cc:786] Camera info for [prius_hybrid::chassis::left_camera_sensor] advertised on [/camera_info]
(2023-11-01T14:34:48.120915666) (2023-11-01T14:34:48.120923816) [Wrn] [Ogre2Camera.cc:412] Ogre2Camera::SetVisibilityMask: Mask bits c0000000 are set but will be ignored as they conflict with the reserved bits used internally by the ogre2 backend.
(2023-11-01T14:34:48.121143405) (2023-11-01T14:34:48.121157406) [Dbg] [CameraSensor.cc:458] Camera images for [prius_hybrid::chassis::right_camera_sensor] advertised on [right_camera]
(2023-11-01T14:34:48.121244042) (2023-11-01T14:34:48.121256812) [Dbg] [CameraSensor.cc:786] Camera info for [prius_hybrid::chassis::right_camera_sensor] advertised on [/camera_info]
(2023-11-01T14:34:48.121308775) (2023-11-01T14:34:48.121316409) [Wrn] [Ogre2Camera.cc:412] Ogre2Camera::SetVisibilityMask: Mask bits c0000000 are set but will be ignored as they conflict with the reserved bits used internally by the ogre2 backend.
(2023-11-01T14:34:48.121536590) (2023-11-01T14:34:48.121550769) [Dbg] [CameraSensor.cc:458] Camera images for [x500_depth_0::OakD-Lite/base_link::IMX214] advertised on [camera]
(2023-11-01T14:34:48.121673291) (2023-11-01T14:34:48.121687266) [Dbg] [CameraSensor.cc:786] Camera info for [x500_depth_0::OakD-Lite/base_link::IMX214] advertised on [/camera_info]
(2023-11-01T14:34:48.121755325) (2023-11-01T14:34:48.121762832) [Wrn] [Ogre2Camera.cc:412] Ogre2Camera::SetVisibilityMask: Mask bits c0000000 are set but will be ignored as they conflict with the reserved bits used internally by the ogre2 backend.
(2023-11-01T14:34:48.122097348) (2023-11-01T14:34:48.122110153) [Dbg] [DepthCameraSensor.cc:282] Depth images for [x500_depth_0::OakD-Lite/base_link::StereoOV7251] advertised on [depth_camera]
(2023-11-01T14:34:48.122217045) (2023-11-01T14:34:48.122229153) [Dbg] [CameraSensor.cc:786] Camera info for [x500_depth_0::OakD-Lite/base_link::StereoOV7251] advertised on [/camera_info]
(2023-11-01T14:34:48.122397413) (2023-11-01T14:34:48.122409950) [Dbg] [DepthCameraSensor.cc:299] Points for [x500_depth_0::OakD-Lite/base_link::StereoOV7251] advertised on [depth_camera/points]
(2023-11-01T14:49:18.504754569) (2023-11-01T14:49:18.504787005) [Dbg] [CameraSensor.cc:583] Enabling camera sensor: 'x500_depth_0::OakD-Lite/base_link::IMX214' data generation.
(2023-11-01T15:56:22.831757154) (2023-11-01T15:56:22.831790861) [Dbg] [SignalHandler.cc:142] Received signal[2].
(2023-11-01T15:56:22.831887191) (2023-11-01T15:56:22.831900884) [Dbg] [ServerPrivate.cc:115] Server received signal[2]
(2023-11-01T15:56:22.831948689) (2023-11-01T15:56:22.831960781) [Dbg] [Sensors.cc:433] SensorsPrivate::Stop
(2023-11-01T15:56:22.910433275) (2023-11-01T15:56:22.910452443) [Dbg] [Sensors.cc:419] SensorsPrivate::RenderThread stopped
(2023-11-01T15:56:23.353808414) (2023-11-01T15:56:23.353827683) [Dbg] [gz.cc:417] Shutting down gz-sim-server
(2023-11-01T15:56:23.358964488) (2023-11-01T15:56:23.358980915) [Dbg] [SimulationRunner.cc:530] Exiting postupdate worker thread (33(2023-11-01T15:56:23.359030512) ((2023-11-01T15:56:23.359063566(2023-11-01T15:56:23.359063566((2023-11-01T15:56:23.359114302) (2023-11-01T15:56:23.359147978) ) 2023-11-01T15:56:23.359090719) (2023-11-01T15:56:23.359247246) 2023-11-01T15:56:23.359133515) (2023-11-01T15:56:23.359295812) (2023-11-01T15:56:23.359336967)
) (2023-11-01T15:56:23.359387754) [Dbg] [SimulationRunner.cc:530] Exiting postupdate worker thread (5)
[Dbg] [SimulationRunner.cc:530] Exiting postupdate worker thread ([Dbg] [SimulationRunner.cc:530] 4)
[Dbg] [SimulationRunner.cc:530] Exiting postupdate worker thread (1)
Exiting postupdate worker thread (0)
Exiting postupdate worker thread (2)
(2023-11-01T15:56:23.400833131) (2023-11-01T15:56:23.400851532) [Dbg] [Sensors.cc:433] SensorsPrivate::Stop
