(2023-10-28T16:40:25.593391916) (2023-10-28T16:40:25.593402472) [Msg] Gazebo Sim Server v7.6.0
(2023-10-28T16:40:25.595621933) (2023-10-28T16:40:25.595631834) [Msg] Loading default world.
(2023-10-28T16:40:25.679461686) (2023-10-28T16:40:25.679474569) [Msg] Serving entity system service on [/entity/system/add]
(2023-10-28T16:40:25.679778159) (2023-10-28T16:40:25.679786304) [Msg] Loaded level [3]
(2023-10-28T16:40:25.679835847) (2023-10-28T16:40:25.679842079) [Msg] No systems loaded from SDF, loading defaults
(2023-10-28T16:40:25.680182897) (2023-10-28T16:40:25.680190386) [Dbg] [ServerConfig.cc:1062] Loaded (3) plugins from file [/home/bassam/.gz/sim/7/server.config]
(2023-10-28T16:40:25.826264220) (2023-10-28T16:40:25.826285073) [Dbg] [Physics.cc:880] Loaded [gz::physics::dartsim::Plugin] from library [/usr/lib/x86_64-linux-gnu/gz-physics-6/engine-plugins/libgz-physics-dartsim-plugin.so]
(2023-10-28T16:40:25.826385091) (2023-10-28T16:40:25.826398606) [Dbg] [SystemManager.cc:74] Loaded system [gz::sim::systems::Physics] for entity [1]
(2023-10-28T16:40:25.836261680) (2023-10-28T16:40:25.836281618) [Msg] Create service on [/world/default/create]
(2023-10-28T16:40:25.836566765) (2023-10-28T16:40:25.836581614) [Msg] Remove service on [/world/default/remove]
(2023-10-28T16:40:25.836788727) (2023-10-28T16:40:25.836801984) [Msg] Pose service on [/world/default/set_pose]
(2023-10-28T16:40:25.836971541) (2023-10-28T16:40:25.836984906) [Msg] Pose service on [/world/default/set_pose_vector]
(2023-10-28T16:40:25.837269930) (2023-10-28T16:40:25.837283140) [Msg] Light configuration service on [/world/default/light_config]
(2023-10-28T16:40:25.837669804) (2023-10-28T16:40:25.837683690) [Msg] Physics service on [/world/default/set_physics]
(2023-10-28T16:40:25.837928015) (2023-10-28T16:40:25.837940840) [Msg] SphericalCoordinates service on [/world/default/set_spherical_coordinates]
(2023-10-28T16:40:25.838058236) (2023-10-28T16:40:25.838071654) [Msg] Enable collision service on [/world/default/enable_collision]
(2023-10-28T16:40:25.838192927) (2023-10-28T16:40:25.838205694) [Msg] Disable collision service on [/world/default/disable_collision]
(2023-10-28T16:40:25.838495952) (2023-10-28T16:40:25.838509098) [Msg] Material service on [/world/default/visual_config]
(2023-10-28T16:40:25.838698472) (2023-10-28T16:40:25.838712263) [Msg] Material service on [/world/default/wheel_slip]
(2023-10-28T16:40:25.838759743) (2023-10-28T16:40:25.838770141) [Dbg] [SystemManager.cc:74] Loaded system [gz::sim::systems::UserCommands] for entity [1]
(2023-10-28T16:40:25.840892912) (2023-10-28T16:40:25.840908560) [Dbg] [SystemManager.cc:74] Loaded system [gz::sim::systems::SceneBroadcaster] for entity [1]
(2023-10-28T16:40:25.841443494) (2023-10-28T16:40:25.841457676) [Msg] Serving world controls on [/world/default/control], [/world/default/control/state] and [/world/default/playback/control]
(2023-10-28T16:40:25.841648688) (2023-10-28T16:40:25.841662424) [Msg] Serving GUI information on [/world/default/gui/info]
(2023-10-28T16:40:25.841701944) (2023-10-28T16:40:25.841712135) [Msg] World [default] initialized with [default_physics] physics profile.
(2023-10-28T16:40:25.841954130) (2023-10-28T16:40:25.841967385) [Msg] Serving world SDF generation service on [/world/default/generate_world_sdf]
(2023-10-28T16:40:25.842153207) (2023-10-28T16:40:25.842166548) [Msg] Serving world names on [/gazebo/worlds]
(2023-10-28T16:40:25.842286237) (2023-10-28T16:40:25.842298717) [Msg] Resource path add service on [/gazebo/resource_paths/add].
(2023-10-28T16:40:25.842421435) (2023-10-28T16:40:25.842433904) [Msg] Resource path get service on [/gazebo/resource_paths/get].
(2023-10-28T16:40:25.842554012) (2023-10-28T16:40:25.842566571) [Msg] Resource path resolve service on [/gazebo/resource_paths/resolve].
(2023-10-28T16:40:25.843119793) (2023-10-28T16:40:25.843134755) [Msg] Resource paths published on [/gazebo/resource_paths].
(2023-10-28T16:40:25.843342997) (2023-10-28T16:40:25.843356930) [Msg] Server control service on [/server_control].
(2023-10-28T16:40:25.843658462) (2023-10-28T16:40:25.843672570) [Wrn] [SimulationRunner.cc:676] Found additional publishers on /stats, using namespaced stats topic only
(2023-10-28T16:40:25.843721779) (2023-10-28T16:40:25.843733226) [Dbg] [SimulationRunner.cc:678] Publishers [Address, Message Type]:
(2023-10-28T16:40:25.843754468) (2023-10-28T16:40:25.843765442) [Dbg] [SimulationRunner.cc:683]   tcp://172.28.244.235:42399, gz.msgs.WorldStatistics
(2023-10-28T16:40:25.843983408) (2023-10-28T16:40:25.843996853) [Wrn] [SimulationRunner.cc:709] Found additional publishers on /clock, using namespaced clock topic only
(2023-10-28T16:40:25.844088669) (2023-10-28T16:40:25.844101451) [Dbg] [SimulationRunner.cc:711] Publishers [Address, Message Type]:
(2023-10-28T16:40:25.844123488) (2023-10-28T16:40:25.844134495) [Dbg] [SimulationRunner.cc:716]   tcp://172.28.244.235:42399, gz.msgs.Clock
(2023-10-28T16:40:25.844272932) (2023-10-28T16:40:25.844285533) [Dbg] [SimulationRunner.cc:503] Creating PostUpdate worker threads: 2
(2023-10-28T16:40:25.844320863) (2023-10-28T16:40:25.844331731) [Dbg] [SimulationRunner.cc:514] Creating postupdate worker thread (0)
(2023-10-28T16:40:25.845724421) (2023-10-28T16:40:25.845740287) [Msg] Serving scene information on [/world/default/scene/info]
(2023-10-28T16:40:25.845892856) (2023-10-28T16:40:25.845906470) [Msg] Serving graph information on [/world/default/scene/graph]
(2023-10-28T16:40:25.846184945) (2023-10-28T16:40:25.846199047) [Msg] Serving full state on [/world/default/state]
(2023-10-28T16:40:25.846330349) (2023-10-28T16:40:25.846344052) [Msg] Serving full state (async) on [/world/default/state_async]
(2023-10-28T16:40:25.846499942) (2023-10-28T16:40:25.846512477) [Msg] Publishing scene information on [/world/default/scene/info]
(2023-10-28T16:40:25.846684522) (2023-10-28T16:40:25.846698485) [Msg] Publishing entity deletions on [/world/default/scene/deletion]
(2023-10-28T16:40:25.846840615) (2023-10-28T16:40:25.846853238) [Msg] Publishing state changes on [/world/default/state]
(2023-10-28T16:40:25.847010237) (2023-10-28T16:40:25.847022954) [Msg] Publishing pose messages on [/world/default/pose/info]
(2023-10-28T16:40:25.847156501) (2023-10-28T16:40:25.847169244) [Msg] Publishing dynamic pose messages on [/world/default/dynamic_pose/info]
(2023-10-28T16:41:22.498951079) (2023-10-28T16:41:22.498973687) [Dbg] [SignalHandler.cc:142] Received signal[2].
(2023-10-28T16:41:22.499007180) (2023-10-28T16:41:22.499014573) [Dbg] [ServerPrivate.cc:115] Server received signal[2]
(2023-10-28T16:41:22.499083809) (2023-10-28T16:41:22.499091881) [Dbg] [gz.cc:417] Shutting down gz-sim-server
(2023-10-28T16:41:22.504170439) (2023-10-28T16:41:22.504196913) [Dbg] [SimulationRunner.cc:530] Exiting postupdate worker thread (0)
