(2023-10-19T19:29:54.280452280) (2023-10-19T19:29:54.280482052) [Msg] Gazebo Sim Server v7.6.0
(2023-10-19T19:29:54.286446107) (2023-10-19T19:29:54.286457542) [Msg] Loading default world.
(2023-10-19T19:29:54.347770925) (2023-10-19T19:29:54.347782359) [Msg] Serving entity system service on [/entity/system/add]
(2023-10-19T19:29:54.348018102) (2023-10-19T19:29:54.348025221) [Msg] Loaded level [3]
(2023-10-19T19:29:54.348064136) (2023-10-19T19:29:54.348069209) [Msg] No systems loaded from SDF, loading defaults
(2023-10-19T19:29:54.348243200) (2023-10-19T19:29:54.348248955) [Dbg] [ServerConfig.cc:1062] Loaded (3) plugins from file [/home/bassam/.gz/sim/7/server.config]
(2023-10-19T19:29:54.454604595) (2023-10-19T19:29:54.454619773) [Dbg] [Physics.cc:880] Loaded [gz::physics::dartsim::Plugin] from library [/usr/lib/x86_64-linux-gnu/gz-physics-6/engine-plugins/libgz-physics-dartsim-plugin.so]
(2023-10-19T19:29:54.454684835) (2023-10-19T19:29:54.454692806) [Dbg] [SystemManager.cc:74] Loaded system [gz::sim::systems::Physics] for entity [1]
(2023-10-19T19:29:54.456709551) (2023-10-19T19:29:54.456721244) [Msg] Create service on [/world/default/create]
(2023-10-19T19:29:54.456897912) (2023-10-19T19:29:54.456907399) [Msg] Remove service on [/world/default/remove]
(2023-10-19T19:29:54.457076255) (2023-10-19T19:29:54.457085574) [Msg] Pose service on [/world/default/set_pose]
(2023-10-19T19:29:54.457226876) (2023-10-19T19:29:54.457236005) [Msg] Pose service on [/world/default/set_pose_vector]
(2023-10-19T19:29:54.457450836) (2023-10-19T19:29:54.457460213) [Msg] Light configuration service on [/world/default/light_config]
(2023-10-19T19:29:54.457755268) (2023-10-19T19:29:54.457764806) [Msg] Physics service on [/world/default/set_physics]
(2023-10-19T19:29:54.457969671) (2023-10-19T19:29:54.457979049) [Msg] SphericalCoordinates service on [/world/default/set_spherical_coordinates]
(2023-10-19T19:29:54.458090089) (2023-10-19T19:29:54.458098826) [Msg] Enable collision service on [/world/default/enable_collision]
(2023-10-19T19:29:54.458250266) (2023-10-19T19:29:54.458259262) [Msg] Disable collision service on [/world/default/disable_collision]
(2023-10-19T19:29:54.458487607) (2023-10-19T19:29:54.458497116) [Msg] Material service on [/world/default/visual_config]
(2023-10-19T19:29:54.458663626) (2023-10-19T19:29:54.458672661) [Msg] Material service on [/world/default/wheel_slip]
(2023-10-19T19:29:54.458705535) (2023-10-19T19:29:54.458713176) [Dbg] [SystemManager.cc:74] Loaded system [gz::sim::systems::UserCommands] for entity [1]
(2023-10-19T19:29:54.460277793) (2023-10-19T19:29:54.460290205) [Dbg] [SystemManager.cc:74] Loaded system [gz::sim::systems::SceneBroadcaster] for entity [1]
(2023-10-19T19:29:54.460846460) (2023-10-19T19:29:54.460857313) [Msg] Serving world controls on [/world/default/control], [/world/default/control/state] and [/world/default/playback/control]
(2023-10-19T19:29:54.461032006) (2023-10-19T19:29:54.461041577) [Msg] Serving GUI information on [/world/default/gui/info]
(2023-10-19T19:29:54.461069809) (2023-10-19T19:29:54.461077102) [Msg] World [default] initialized with [default_physics] physics profile.
(2023-10-19T19:29:54.461306485) (2023-10-19T19:29:54.461315785) [Msg] Serving world SDF generation service on [/world/default/generate_world_sdf]
(2023-10-19T19:29:54.461494140) (2023-10-19T19:29:54.461503310) [Msg] Serving world names on [/gazebo/worlds]
(2023-10-19T19:29:54.461630082) (2023-10-19T19:29:54.461639028) [Msg] Resource path add service on [/gazebo/resource_paths/add].
(2023-10-19T19:29:54.461788131) (2023-10-19T19:29:54.461797118) [Msg] Resource path get service on [/gazebo/resource_paths/get].
(2023-10-19T19:29:54.461923633) (2023-10-19T19:29:54.461932608) [Msg] Resource path resolve service on [/gazebo/resource_paths/resolve].
(2023-10-19T19:29:54.462076825) (2023-10-19T19:29:54.462085688) [Msg] Resource paths published on [/gazebo/resource_paths].
(2023-10-19T19:29:54.462264715) (2023-10-19T19:29:54.462273600) [Msg] Server control service on [/server_control].
(2023-10-19T19:29:55.986651159) (2023-10-19T19:29:55.986665623) [Msg] Found no publishers on /stats, adding root stats topic
(2023-10-19T19:29:55.986905831) (2023-10-19T19:29:55.986916389) [Msg] Found no publishers on /clock, adding root clock topic
(2023-10-19T19:29:55.987094208) (2023-10-19T19:29:55.987105430) [Dbg] [SimulationRunner.cc:503] Creating PostUpdate worker threads: 2
(2023-10-19T19:29:55.987141186) (2023-10-19T19:29:55.987150040) [Dbg] [SimulationRunner.cc:514] Creating postupdate worker thread (0)
(2023-10-19T19:29:55.988235715) (2023-10-19T19:29:55.988249343) [Msg] Serving scene information on [/world/default/scene/info]
(2023-10-19T19:29:55.988317541) (2023-10-19T19:29:55.988323282) [Msg] Serving graph information on [/world/default/scene/graph]
(2023-10-19T19:29:55.988439680) (2023-10-19T19:29:55.988445856) [Msg] Serving full state on [/world/default/state]
(2023-10-19T19:29:55.988496756) (2023-10-19T19:29:55.988502591) [Msg] Serving full state (async) on [/world/default/state_async]
(2023-10-19T19:29:55.988585468) (2023-10-19T19:29:55.988594255) [Msg] Publishing scene information on [/world/default/scene/info]
(2023-10-19T19:29:55.988689722) (2023-10-19T19:29:55.988698030) [Msg] Publishing entity deletions on [/world/default/scene/deletion]
(2023-10-19T19:29:55.988758680) (2023-10-19T19:29:55.988766894) [Msg] Publishing state changes on [/world/default/state]
(2023-10-19T19:29:55.988855817) (2023-10-19T19:29:55.988864465) [Msg] Publishing pose messages on [/world/default/pose/info]
(2023-10-19T19:29:55.988918804) (2023-10-19T19:29:55.988924371) [Msg] Publishing dynamic pose messages on [/world/default/dynamic_pose/info]
(2023-10-19T19:29:55.989016213) (2023-10-19T19:29:55.989021916) [Dbg] [EntityComponentManager.cc:1655] Updated state thread iterators: 3 threads processing around 1 entities each.
(2023-10-19T19:29:55.989260559) (2023-10-19T19:29:55.989268603) [Wrn] [Component.hh:144] Trying to serialize component with data type [N3sdf3v135WorldE], which doesn't have `operator<<`. Component will not be serialized.
(2023-10-19T19:42:23.482552341) (2023-10-19T19:42:23.482580904) [Dbg] [SignalHandler.cc:142] Received signal[2].
(2023-10-19T19:42:23.482630867) (2023-10-19T19:42:23.482646003) [Dbg] [ServerPrivate.cc:115] Server received signal[2]
(2023-10-19T19:42:23.483667421) (2023-10-19T19:42:23.483686192) [Dbg] [gz.cc:417] Shutting down gz-sim-server
(2023-10-19T19:42:23.491283873) (2023-10-19T19:42:23.491321359) [Dbg] [SimulationRunner.cc:530] Exiting postupdate worker thread (0)
