(2023-11-06T21:57:21.327796546) (2023-11-06T21:57:21.327806529) [Msg] Gazebo Sim Server v7.6.0
(2023-11-06T21:57:21.330641442) (2023-11-06T21:57:21.330650148) [Msg] Loading SDF world file[/home/bassam/PX4-Autopilot/Tools/simulation/gz/worlds/default.sdf].
(2023-11-06T21:57:21.433435328) (2023-11-06T21:57:21.433451492) [Msg] Serving entity system service on [/entity/system/add]
(2023-11-06T21:57:21.613642569) (2023-11-06T21:57:21.613657602) [Dbg] [Physics.cc:880] Loaded [gz::physics::dartsim::Plugin] from library [/usr/lib/x86_64-linux-gnu/gz-physics-6/engine-plugins/libgz-physics-dartsim-plugin.so]
(2023-11-06T21:57:21.613731322) (2023-11-06T21:57:21.613739946) [Dbg] [SystemManager.cc:74] Loaded system [gz::sim::systems::Physics] for entity [1]
(2023-11-06T21:57:21.616824864) (2023-11-06T21:57:21.616838572) [Msg] Create service on [/world/default/create]
(2023-11-06T21:57:21.717352101) (2023-11-06T21:57:21.717377561) [Msg] Remove service on [/world/default/remove]
(2023-11-06T21:57:21.717585971) (2023-11-06T21:57:21.717595838) [Msg] Pose service on [/world/default/set_pose]
(2023-11-06T21:57:21.717734650) (2023-11-06T21:57:21.717744987) [Msg] Pose service on [/world/default/set_pose_vector]
(2023-11-06T21:57:21.717934371) (2023-11-06T21:57:21.717943599) [Msg] Light configuration service on [/world/default/light_config]
(2023-11-06T21:57:21.718227430) (2023-11-06T21:57:21.718237578) [Msg] Physics service on [/world/default/set_physics]
(2023-11-06T21:57:21.718421243) (2023-11-06T21:57:21.718431460) [Msg] SphericalCoordinates service on [/world/default/set_spherical_coordinates]
(2023-11-06T21:57:21.718536894) (2023-11-06T21:57:21.718546518) [Msg] Enable collision service on [/world/default/enable_collision]
(2023-11-06T21:57:21.718633926) (2023-11-06T21:57:21.718644006) [Msg] Disable collision service on [/world/default/disable_collision]
(2023-11-06T21:57:21.718815077) (2023-11-06T21:57:21.718822007) [Msg] Material service on [/world/default/visual_config]
(2023-11-06T21:57:21.718928528) (2023-11-06T21:57:21.718938770) [Msg] Material service on [/world/default/wheel_slip]
(2023-11-06T21:57:21.718970960) (2023-11-06T21:57:21.718976004) [Dbg] [SystemManager.cc:74] Loaded system [gz::sim::systems::UserCommands] for entity [1]
(2023-11-06T21:57:21.721870803) (2023-11-06T21:57:21.721880750) [Dbg] [SystemManager.cc:74] Loaded system [gz::sim::systems::SceneBroadcaster] for entity [1]
(2023-11-06T21:57:21.723266172) (2023-11-06T21:57:21.723274842) [Dbg] [SystemManager.cc:74] Loaded system [gz::sim::systems::Contact] for entity [1]
(2023-11-06T21:57:21.726167119) (2023-11-06T21:57:21.726175126) [Dbg] [SystemManager.cc:74] Loaded system [gz::sim::systems::Imu] for entity [1]
(2023-11-06T21:57:21.727855088) (2023-11-06T21:57:21.727863032) [Dbg] [SystemManager.cc:74] Loaded system [gz::sim::systems::AirPressure] for entity [1]
(2023-11-06T21:57:21.729255404) (2023-11-06T21:57:21.729263425) [Msg] Listening to instantaneous wrench commands in [/world/default/wrench]
(2023-11-06T21:57:21.729341298) (2023-11-06T21:57:21.729348700) [Msg] Listening to persistent wrench commands in [/world/default/wrench/persistent]
(2023-11-06T21:57:21.729415389) (2023-11-06T21:57:21.729423381) [Msg] Listening to wrench clear commands in [/world/default/wrench/clear]
(2023-11-06T21:57:21.729442896) (2023-11-06T21:57:21.729447374) [Dbg] [SystemManager.cc:74] Loaded system [gz::sim::systems::ApplyLinkWrench] for entity [1]
(2023-11-06T21:57:21.742636787) (2023-11-06T21:57:21.742649130) [Dbg] [Sensors.cc:506] Configuring Sensors system
(2023-11-06T21:57:21.742731114) (2023-11-06T21:57:21.742737016) [Dbg] [Sensors.cc:425] SensorsPrivate::Run
(2023-11-06T21:57:21.742802281) (2023-11-06T21:57:21.742808496) [Dbg] [SystemManager.cc:74] Loaded system [gz::sim::systems::Sensors] for entity [1]
(2023-11-06T21:57:21.742845079) (2023-11-06T21:57:21.742856603) [Dbg] [Sensors.cc:402] SensorsPrivate::RenderThread started
(2023-11-06T21:57:21.742876239) (2023-11-06T21:57:21.742881185) [Dbg] [Sensors.cc:245] Waiting for init
(2023-11-06T21:57:21.744982705) (2023-11-06T21:57:21.744990978) [Wrn] [SystemLoader.cc:79] Trying to load deprecated plugin [ignition-gazebo-ackermann-steering-system]. Using [gz-sim-ackermann-steering-system] instead.
(2023-11-06T21:57:21.746680701) (2023-11-06T21:57:21.746689943) [Msg] AckermannSteering subscribing to twist messages on [/cmd_vel]
(2023-11-06T21:57:21.746888112) (2023-11-06T21:57:21.746895287) [Dbg] [SystemManager.cc:74] Loaded system [ignition::gazebo::systems::AckermannSteering] for entity [10]
(2023-11-06T21:57:21.747015947) (2023-11-06T21:57:21.747021882) [Msg] Loaded level [3]
(2023-11-06T21:57:21.748255924) (2023-11-06T21:57:21.748265401) [Msg] Serving world controls on [/world/default/control], [/world/default/control/state] and [/world/default/playback/control]
(2023-11-06T21:57:21.748462010) (2023-11-06T21:57:21.748472355) [Msg] Serving GUI information on [/world/default/gui/info]
(2023-11-06T21:57:21.748492113) (2023-11-06T21:57:21.748496638) [Msg] World [default] initialized with [default_physics] physics profile.
(2023-11-06T21:57:21.748622046) (2023-11-06T21:57:21.748631854) [Msg] Serving world SDF generation service on [/world/default/generate_world_sdf]
(2023-11-06T21:57:21.748764291) (2023-11-06T21:57:21.748773343) [Msg] Serving world names on [/gazebo/worlds]
(2023-11-06T21:57:21.748849019) (2023-11-06T21:57:21.748857771) [Msg] Resource path add service on [/gazebo/resource_paths/add].
(2023-11-06T21:57:21.748994054) (2023-11-06T21:57:21.749003880) [Msg] Resource path get service on [/gazebo/resource_paths/get].
(2023-11-06T21:57:21.749096623) (2023-11-06T21:57:21.749106367) [Msg] Resource path resolve service on [/gazebo/resource_paths/resolve].
(2023-11-06T21:57:21.749233979) (2023-11-06T21:57:21.749244609) [Msg] Resource paths published on [/gazebo/resource_paths].
(2023-11-06T21:57:21.849751791) (2023-11-06T21:57:21.849770781) [Msg] Server control service on [/server_control].
(2023-11-06T21:57:23.329820033) (2023-11-06T21:57:23.329836567) [Msg] Found no publishers on /stats, adding root stats topic
(2023-11-06T21:57:23.330087877) (2023-11-06T21:57:23.330098606) [Msg] Found no publishers on /clock, adding root clock topic
(2023-11-06T21:57:23.330362183) (2023-11-06T21:57:23.330373063) [Dbg] [SimulationRunner.cc:503] Creating PostUpdate worker threads: 7
(2023-11-06T21:57:23.330403163) (2023-11-06T21:57:23.330411428) [Dbg] [SimulationRunner.cc:514] Creating postupdate worker thread (0)
(2023-11-06T21:57:23.330511887) (2023-11-06T21:57:23.330521614) [Dbg] [SimulationRunner.cc:514] Creating postupdate worker thread (1)
(2023-11-06T21:57:23.330588696) (2023-11-06T21:57:23.330597968) [Dbg] [SimulationRunner.cc:514] Creating postupdate worker thread (2)
(2023-11-06T21:57:23.330681254) (2023-11-06T21:57:23.330694908) [Dbg] [SimulationRunner.cc:514] Creating postupdate worker thread (3)
(2023-11-06T21:57:23.330824371) (2023-11-06T21:57:23.330837391) [Dbg] [SimulationRunner.cc:514] Creating postupdate worker thread (4)
(2023-11-06T21:57:23.330905931) (2023-11-06T21:57:23.330915883) [Dbg] [SimulationRunner.cc:514] Creating postupdate worker thread (5)
(2023-11-06T21:57:23.599352406) (2023-11-06T21:57:23.599362876) [Wrn] [MulticopterMotorModel.cc:257] No robotNamespace set using entity name.
(2023-11-06T21:57:23.599390267) (2023-11-06T21:57:23.599395918) [Wrn] [MulticopterMotorModel.cc:295] <motorNumber> is depricated, please use <actuator_number>.
(2023-11-06T21:57:23.599442226) (2023-11-06T21:57:23.599448142) [Dbg] [MulticopterMotorModel.cc:386] Listening to topic: x500_depth_0/command/motor_speed
(2023-11-06T21:57:23.600165802) (2023-11-06T21:57:23.600194772) [Dbg] [SystemManager.cc:74] Loaded system [gz::sim::systems::MulticopterMotorModel] for entity [58]
(2023-11-06T21:57:23.600548189) (2023-11-06T21:57:23.600556200) [Wrn] [MulticopterMotorModel.cc:257] No robotNamespace set using entity name.
(2023-11-06T21:57:23.600572731) (2023-11-06T21:57:23.600577867) [Wrn] [MulticopterMotorModel.cc:295] <motorNumber> is depricated, please use <actuator_number>.
(2023-11-06T21:57:23.600617612) (2023-11-06T21:57:23.600625697) [Dbg] [MulticopterMotorModel.cc:386] Listening to topic: x500_depth_0/command/motor_speed
(2023-11-06T21:57:23.601236803) (2023-11-06T21:57:23.601245976) [Dbg] [SystemManager.cc:74] Loaded system [gz::sim::systems::MulticopterMotorModel] for entity [58]
(2023-11-06T21:57:23.601517469) (2023-11-06T21:57:23.601525133) [Wrn] [MulticopterMotorModel.cc:257] No robotNamespace set using entity name.
(2023-11-06T21:57:23.601558350) (2023-11-06T21:57:23.601564351) [Wrn] [MulticopterMotorModel.cc:295] <motorNumber> is depricated, please use <actuator_number>.
(2023-11-06T21:57:23.601601011) (2023-11-06T21:57:23.601606436) [Dbg] [MulticopterMotorModel.cc:386] Listening to topic: x500_depth_0/command/motor_speed
(2023-11-06T21:57:23.601833079) (2023-11-06T21:57:23.601867781) [Dbg] [SystemManager.cc:74] Loaded system [gz::sim::systems::MulticopterMotorModel] for entity [58]
(2023-11-06T21:57:23.602234439) (2023-11-06T21:57:23.602246317) [Wrn] [MulticopterMotorModel.cc:257] No robotNamespace set using entity name.
(2023-11-06T21:57:23.602271573) (2023-11-06T21:57:23.602281059) [Wrn] [MulticopterMotorModel.cc:295] <motorNumber> is depricated, please use <actuator_number>.
(2023-11-06T21:57:23.602321518) (2023-11-06T21:57:23.602327342) [Dbg] [MulticopterMotorModel.cc:386] Listening to topic: x500_depth_0/command/motor_speed
(2023-11-06T21:57:23.602594604) (2023-11-06T21:57:23.602605703) [Dbg] [SystemManager.cc:74] Loaded system [gz::sim::systems::MulticopterMotorModel] for entity [58]
(2023-11-06T21:57:23.603048253) (2023-11-06T21:57:23.603059737) [Dbg] [UserCommands.cc:1263] Created entity [58] named [x500_depth_0]
(2023-11-06T21:57:23.626257890) (2023-11-06T21:57:23.626274708) [Dbg] [SimulationFeatures.cc:72] Simulation timestep set to: 0.004
(2023-11-06T21:57:23.627748890) (2023-11-06T21:57:23.627763030) [Dbg] [Sensors.cc:659] Initialization needed
(2023-11-06T21:57:23.627812633) (2023-11-06T21:57:23.627823760) [Dbg] [Sensors.cc:257] Initializing render context
(2023-11-06T21:57:23.627932926) (2023-11-06T21:57:23.627942870) [Msg] Loading plugin [gz-rendering-ogre2]
(2023-11-06T21:57:23.628482968) (2023-11-06T21:57:23.628495700) [Dbg] [ImuSensor.cc:149] IMU data for [x500_depth_0::base_link::imu_sensor] advertised on [world/default/model/x500_depth_0/link/base_link/sensor/imu_sensor/imu]
(2023-11-06T21:57:23.628590636) (2023-11-06T21:57:23.628607592) [Dbg] [AirPressureSensor.cc:126] Air pressure for [x500_depth_0::base_link::air_pressure_sensor] advertised on [world/default/model/x500_depth_0/link/base_link/sensor/air_pressure_sensor/air_pressure]
(2023-11-06T21:57:23.635496474) (2023-11-06T21:57:23.635512014) [Msg] Serving scene information on [/world/default/scene/info]
(2023-11-06T21:57:23.635630262) (2023-11-06T21:57:23.635640672) [Msg] Serving graph information on [/world/default/scene/graph]
(2023-11-06T21:57:23.635834164) (2023-11-06T21:57:23.635845501) [Msg] Serving full state on [/world/default/state]
(2023-11-06T21:57:23.635947900) (2023-11-06T21:57:23.635958200) [Msg] Serving full state (async) on [/world/default/state_async]
(2023-11-06T21:57:23.636076511) (2023-11-06T21:57:23.636086697) [Msg] Publishing scene information on [/world/default/scene/info]
(2023-11-06T21:57:23.636287710) (2023-11-06T21:57:23.636298706) [Msg] Publishing entity deletions on [/world/default/scene/deletion]
(2023-11-06T21:57:23.636389345) (2023-11-06T21:57:23.636399207) [Msg] Publishing state changes on [/world/default/state]
(2023-11-06T21:57:23.636503120) (2023-11-06T21:57:23.636513890) [Msg] Publishing pose messages on [/world/default/pose/info]
(2023-11-06T21:57:23.636616879) (2023-11-06T21:57:23.636627468) [Msg] Publishing dynamic pose messages on [/world/default/dynamic_pose/info]
(2023-11-06T21:57:23.637152503) (2023-11-06T21:57:23.637164467) [Dbg] [EntityComponentManager.cc:1655] Updated state thread iterators: 8 threads processing around 13 entities each.
(2023-11-06T21:57:23.646233695) (2023-11-06T21:57:23.646252992) [Wrn] [Model.hh:69] Skipping serialization / deserialization for models with //pose/@relative_to attribute.
(2023-11-06T21:57:23.646722058) (2023-11-06T21:57:23.646734858) [Wrn] [Component.hh:144] Trying to serialize component with data type [N3sdf3v135WorldE], which doesn't have `operator<<`. Component will not be serialized.
(2023-11-06T21:57:23.655125946) (2023-11-06T21:57:23.655143736) [Dbg] [SimulationRunner.cc:530] Exiting postupdate worker thread (0)
(2023-11-06T21:57:23.655249210) (2023-11-06T21:57:23.655266886) [Dbg] [SimulationRunner.cc:530] Exiting postupdate worker thread (4)
(2023-11-06T21:57:23.655329291) (2023-11-06T21:57:23.6553550962023-11-06T21:57:23.655355096(() ((2023-11-06T21:57:23.655369644) (2023-11-06T21:57:23.655395461) [Dbg] [SimulationRunner.cc:530] Exiting postupdate worker thread (1)
2023-11-06T21:57:23.655453267) (2023-11-06T21:57:23.655464652) [Dbg] [SimulationRunner.cc:530] Exiting postupdate worker thread (2)
2023-11-06T21:57:23.655511008) (2023-11-06T21:57:23.655522962) [Dbg] [SimulationRunner.cc:530] Exiting postupdate worker thread (3)
[Dbg] [SimulationRunner.cc:530] Exiting postupdate worker thread (5)
(2023-11-06T21:57:23.656038588) (2023-11-06T21:57:23.656051371) [Dbg] [SimulationRunner.cc:503] Creating PostUpdate worker threads: 7
(2023-11-06T21:57:23.656084726) (2023-11-06T21:57:23.656093928) [Dbg] [SimulationRunner.cc:514] Creating postupdate worker thread (0)
(2023-11-06T21:57:23.656154297) (2023-11-06T21:57:23.656164346) [Dbg] [SimulationRunner.cc:514] Creating postupdate worker thread (1)
(2023-11-06T21:57:23.656206981) (2023-11-06T21:57:23.656215955) [Dbg] [SimulationRunner.cc:514] Creating postupdate worker thread (2)
(2023-11-06T21:57:23.656270141) (2023-11-06T21:57:23.656280278) [Dbg] [SimulationRunner.cc:514] Creating postupdate worker thread (3)
(2023-11-06T21:57:23.656324730) (2023-11-06T21:57:23.656333494) [Dbg] [SimulationRunner.cc:514] Creating postupdate worker thread (4)
(2023-11-06T21:57:23.656402665) (2023-11-06T21:57:23.656412256) [Dbg] [SimulationRunner.cc:514] Creating postupdate worker thread (5)
(2023-11-06T21:57:24.272533440) (2023-11-06T21:57:24.272546145) [Dbg] [RenderUtil.cc:2720] Create scene [scene]
(((2023-11-06T21:57:24.361314070) (2023-11-06T21:57:24.361340409) [Dbg] [Sensors.cc:659] Initialization needed
2023-11-06T21:57:24.361907835) (2023-11-06T21:57:24.361934798) [Dbg] [Sensors.cc:277] Rendering Thread initialized
(2023-11-06T21:57:24.368886447) (2023-11-06T21:57:24.368902040) [Wrn] [FuelClient.cc:1952] The fuel.ignitionrobotics.org URL is deprecrated. Pleasse change https://fuel.ignitionrobotics.org/1.0/openrobotics/models/prius hybrid/2/files/meshes/Hybrid.obj to https://fuel.gazebosim.org/1.0/openrobotics/models/prius hybrid/2/files/meshes/Hybrid.obj
(2023-11-06T21:57:24.369034694) (2023-11-06T21:57:24.369047459) [Wrn] [FuelClient.cc:1952] The fuel.ignitionrobotics.org URL is deprecrated. Pleasse change https://fuel.ignitionrobotics.org/1.0/openrobotics/models/prius hybrid/2/files/meshes/Hybrid.obj to https://fuel.gazebosim.org/1.0/openrobotics/models/prius hybrid/2/files/meshes/Hybrid.obj
(2023-11-06T21:57:24.375021231) (2023-11-06T21:57:24.375039630) [Wrn] [OBJLoader.cc:91] Both `d` and `Tr` parameters defined for "Hybrid". Use the value of `d` for dissolve (line 8 in .mtl.)
Both `d` and `Tr` parameters defined for "Wheels3". Use the value of `d` for dissolve (line 22 in .mtl.)
Both `d` and `Tr` parameters defined for "Hybrid_Interior". Use the value of `d` for dissolve (line 36 in .mtl.)
Both `d` and `Tr` parameters defined for "Windows". Use the value of `d` for dissolve (line 50 in .mtl.)

(2023-11-06T21:57:24.486283441) (2023-11-06T21:57:24.486298695) [Err] [SceneManager.cc:887] PBR material: currently only metal workflow is supported. Gazebo will try to render the material using metal workflow but without Roughness / Metalness settings.
(2023-11-06T21:57:26.478627068) (2023-11-06T21:57:26.478643659) [Dbg] [CameraSensor.cc:458] Camera images for [prius_hybrid::chassis::back_camera_sensor] advertised on [back_camera]
(2023-11-06T21:57:26.478956421) (2023-11-06T21:57:26.478970025) [Dbg] [CameraSensor.cc:786] Camera info for [prius_hybrid::chassis::back_camera_sensor] advertised on [/camera_info]
(2023-11-06T21:57:26.479164435) (2023-11-06T21:57:26.479175817) [Wrn] [Ogre2Camera.cc:412] Ogre2Camera::SetVisibilityMask: Mask bits c0000000 are set but will be ignored as they conflict with the reserved bits used internally by the ogre2 backend.
(2023-11-06T21:57:26.479780127) (2023-11-06T21:57:26.479794184) [Dbg] [CameraSensor.cc:458] Camera images for [prius_hybrid::chassis::front_camera_sensor] advertised on [front_camera]
(2023-11-06T21:57:26.479979120) (2023-11-06T21:57:26.479991632) [Dbg] [CameraSensor.cc:786] Camera info for [prius_hybrid::chassis::front_camera_sensor] advertised on [/camera_info]
(2023-11-06T21:57:26.480067154) (2023-11-06T21:57:26.480077496) [Wrn] [Ogre2Camera.cc:412] Ogre2Camera::SetVisibilityMask: Mask bits c0000000 are set but will be ignored as they conflict with the reserved bits used internally by the ogre2 backend.
(2023-11-06T21:57:26.480518260) (2023-11-06T21:57:26.480531165) [Dbg] [CameraSensor.cc:458] Camera images for [prius_hybrid::chassis::left_camera_sensor] advertised on [left_camera]
(2023-11-06T21:57:26.480724144) (2023-11-06T21:57:26.480736151) [Dbg] [CameraSensor.cc:786] Camera info for [prius_hybrid::chassis::left_camera_sensor] advertised on [/camera_info]
(2023-11-06T21:57:26.480806167) (2023-11-06T21:57:26.480816087) [Wrn] [Ogre2Camera.cc:412] Ogre2Camera::SetVisibilityMask: Mask bits c0000000 are set but will be ignored as they conflict with the reserved bits used internally by the ogre2 backend.
(2023-11-06T21:57:26.481233474) (2023-11-06T21:57:26.481246246) [Dbg] [CameraSensor.cc:458] Camera images for [prius_hybrid::chassis::right_camera_sensor] advertised on [right_camera]
(2023-11-06T21:57:26.481426995) (2023-11-06T21:57:26.481439064) [Dbg] [CameraSensor.cc:786] Camera info for [prius_hybrid::chassis::right_camera_sensor] advertised on [/camera_info]
(2023-11-06T21:57:26.481507133) (2023-11-06T21:57:26.481517665) [Wrn] [Ogre2Camera.cc:412] Ogre2Camera::SetVisibilityMask: Mask bits c0000000 are set but will be ignored as they conflict with the reserved bits used internally by the ogre2 backend.
(2023-11-06T21:57:26.481953732) (2023-11-06T21:57:26.481966668) [Dbg] [CameraSensor.cc:458] Camera images for [x500_depth_0::OakD-Lite/base_link::IMX214] advertised on [camera]
(2023-11-06T21:57:26.482149421) (2023-11-06T21:57:26.482161179) [Dbg] [CameraSensor.cc:786] Camera info for [x500_depth_0::OakD-Lite/base_link::IMX214] advertised on [/camera_info]
(2023-11-06T21:57:26.482234880) (2023-11-06T21:57:26.482244877) [Wrn] [Ogre2Camera.cc:412] Ogre2Camera::SetVisibilityMask: Mask bits c0000000 are set but will be ignored as they conflict with the reserved bits used internally by the ogre2 backend.
(2023-11-06T21:57:26.482808427) (2023-11-06T21:57:26.482822053) [Dbg] [DepthCameraSensor.cc:282] Depth images for [x500_depth_0::OakD-Lite/base_link::StereoOV7251] advertised on [depth_camera]
(2023-11-06T21:57:26.483025270) (2023-11-06T21:57:26.483037599) [Dbg] [CameraSensor.cc:786] Camera info for [x500_depth_0::OakD-Lite/base_link::StereoOV7251] advertised on [/camera_info]
(2023-11-06T21:57:26.483326898) (2023-11-06T21:57:26.483338731) [Dbg] [DepthCameraSensor.cc:299] Points for [x500_depth_0::OakD-Lite/base_link::StereoOV7251] advertised on [depth_camera/points]
(2023-11-06T21:59:22.441661679) (2023-11-06T21:59:22.441758170) [Dbg] [SignalHandler.cc:142] Received signal[2].
(2023-11-06T21:59:22.441851791) (2023-11-06T21:59:22.441883765) [Dbg] [ServerPrivate.cc:115] Server received signal[2]
(2023-11-06T21:59:22.441967105) (2023-11-06T21:59:22.441995857) [Dbg] [Sensors.cc:433] SensorsPrivate::Stop
(2023-11-06T21:59:22.494670544) (2023-11-06T21:59:22.494688922) [Dbg] [Sensors.cc:419] SensorsPrivate::RenderThread stopped
(2023-11-06T21:59:22.500215851) (2023-11-06T21:59:22.500231834) [Dbg] [gz.cc:417] Shutting down gz-sim-server
(2023-11-06T21:59:22.504966760) (2023-11-06T21:59:22.504992935) [Dbg] [SimulationRunner.cc:530] Exiting postupdate worker thread (Exiting postupdate worker thread ((5))(2023-11-06T21:59:22.505055900) (2023-11-06T21:59:22.505072714) 2023-11-06T21:59:22.505126039) (2023-11-06T21:59:22.505166636) 2023-11-06T21:59:22.505183479) (2023-11-06T21:59:22.505328085) (2023-11-06T21:59:22.505384317) (2023-11-06T21:59:22.505400404) (2023-11-06T21:59:22.505445029) (2023-11-06T21:59:22.505460036) 
[Dbg] [SimulationRunner.cc:530] Exiting postupdate worker thread (1)
[Dbg] [SimulationRunner.cc:530] Exiting postupdate worker thread (2[Dbg] [SimulationRunner.cc:530] Exiting postupdate worker thread (0)
[Dbg] [SimulationRunner.cc:530] Exiting postupdate worker thread (3)
)
[Dbg] [SimulationRunner.cc:530] Exiting postupdate worker thread (4)
(2023-11-06T21:59:22.546916846) (2023-11-06T21:59:22.546936306) [Dbg] [Sensors.cc:433] SensorsPrivate::Stop
