(2023-10-31T09:39:56.258261425) (2023-10-31T09:39:56.258268186) [Msg] Gazebo Sim Server v7.6.0
(2023-10-31T09:39:56.260183908) (2023-10-31T09:39:56.260194581) [Msg] Loading default world.
(2023-10-31T09:39:56.328011432) (2023-10-31T09:39:56.328026632) [Msg] Serving entity system service on [/entity/system/add]
(2023-10-31T09:39:56.328260364) (2023-10-31T09:39:56.328266930) [Msg] Loaded level [3]
(2023-10-31T09:39:56.328305374) (2023-10-31T09:39:56.328310374) [Msg] No systems loaded from SDF, loading defaults
(2023-10-31T09:39:56.328656960) (2023-10-31T09:39:56.328663649) [Dbg] [ServerConfig.cc:1062] Loaded (3) plugins from file [/home/bassam/.gz/sim/7/server.config]
(2023-10-31T09:39:56.450051266) (2023-10-31T09:39:56.450065570) [Dbg] [Physics.cc:880] Loaded [gz::physics::dartsim::Plugin] from library [/usr/lib/x86_64-linux-gnu/gz-physics-6/engine-plugins/libgz-physics-dartsim-plugin.so]
(2023-10-31T09:39:56.450148783) (2023-10-31T09:39:56.450159658) [Dbg] [SystemManager.cc:74] Loaded system [gz::sim::systems::Physics] for entity [1]
(2023-10-31T09:39:56.457260450) (2023-10-31T09:39:56.457275307) [Msg] Create service on [/world/default/create]
(2023-10-31T09:39:56.457425281) (2023-10-31T09:39:56.457434661) [Msg] Remove service on [/world/default/remove]
(2023-10-31T09:39:56.457547746) (2023-10-31T09:39:56.457556794) [Msg] Pose service on [/world/default/set_pose]
(2023-10-31T09:39:56.457649861) (2023-10-31T09:39:56.457658761) [Msg] Pose service on [/world/default/set_pose_vector]
(2023-10-31T09:39:56.457825767) (2023-10-31T09:39:56.457834774) [Msg] Light configuration service on [/world/default/light_config]
(2023-10-31T09:39:56.458896154) (2023-10-31T09:39:56.458905971) [Msg] Physics service on [/world/default/set_physics]
(2023-10-31T09:39:56.461277717) (2023-10-31T09:39:56.461288472) [Msg] SphericalCoordinates service on [/world/default/set_spherical_coordinates]
(2023-10-31T09:39:56.461357184) (2023-10-31T09:39:56.461366163) [Msg] Enable collision service on [/world/default/enable_collision]
(2023-10-31T09:39:56.461432668) (2023-10-31T09:39:56.461441743) [Msg] Disable collision service on [/world/default/disable_collision]
(2023-10-31T09:39:56.462121708) (2023-10-31T09:39:56.462131729) [Msg] Material service on [/world/default/visual_config]
(2023-10-31T09:39:56.462426210) (2023-10-31T09:39:56.462435366) [Msg] Material service on [/world/default/wheel_slip]
(2023-10-31T09:39:56.462474374) (2023-10-31T09:39:56.462481732) [Dbg] [SystemManager.cc:74] Loaded system [gz::sim::systems::UserCommands] for entity [1]
(2023-10-31T09:39:56.464140512) (2023-10-31T09:39:56.464157620) [Dbg] [SystemManager.cc:74] Loaded system [gz::sim::systems::SceneBroadcaster] for entity [1]
(2023-10-31T09:39:56.466916840) (2023-10-31T09:39:56.466929849) [Msg] Serving world controls on [/world/default/control], [/world/default/control/state] and [/world/default/playback/control]
(2023-10-31T09:39:56.467216212) (2023-10-31T09:39:56.467227139) [Msg] Serving GUI information on [/world/default/gui/info]
(2023-10-31T09:39:56.467259718) (2023-10-31T09:39:56.467267740) [Msg] World [default] initialized with [default_physics] physics profile.
(2023-10-31T09:39:56.468544997) (2023-10-31T09:39:56.468557729) [Msg] Serving world SDF generation service on [/world/default/generate_world_sdf]
(2023-10-31T09:39:56.468909793) (2023-10-31T09:39:56.468922474) [Msg] Serving world names on [/gazebo/worlds]
(2023-10-31T09:39:56.469134937) (2023-10-31T09:39:56.469146654) [Msg] Resource path add service on [/gazebo/resource_paths/add].
(2023-10-31T09:39:56.469363912) (2023-10-31T09:39:56.469374251) [Msg] Resource path get service on [/gazebo/resource_paths/get].
(2023-10-31T09:39:56.469557593) (2023-10-31T09:39:56.469567907) [Msg] Resource path resolve service on [/gazebo/resource_paths/resolve].
(2023-10-31T09:39:56.469948438) (2023-10-31T09:39:56.469960260) [Msg] Resource paths published on [/gazebo/resource_paths].
(2023-10-31T09:39:56.470314343) (2023-10-31T09:39:56.470324015) [Msg] Server control service on [/server_control].
(2023-10-31T09:39:56.470640107) (2023-10-31T09:39:56.470649574) [Wrn] [SimulationRunner.cc:676] Found additional publishers on /stats, using namespaced stats topic only
(2023-10-31T09:39:56.470683636) (2023-10-31T09:39:56.470691023) [Dbg] [SimulationRunner.cc:678] Publishers [Address, Message Type]:
(2023-10-31T09:39:56.470705334) (2023-10-31T09:39:56.470712535) [Dbg] [SimulationRunner.cc:683]   tcp://127.0.0.1:38561, gz.msgs.WorldStatistics
(2023-10-31T09:39:56.471159450) (2023-10-31T09:39:56.471169660) [Wrn] [SimulationRunner.cc:709] Found additional publishers on /clock, using namespaced clock topic only
(2023-10-31T09:39:56.471193161) (2023-10-31T09:39:56.471200389) [Dbg] [SimulationRunner.cc:711] Publishers [Address, Message Type]:
(2023-10-31T09:39:56.471214457) (2023-10-31T09:39:56.471221561) [Dbg] [SimulationRunner.cc:716]   tcp://127.0.0.1:38561, gz.msgs.Clock
(2023-10-31T09:39:56.471335311) (2023-10-31T09:39:56.471343557) [Dbg] [SimulationRunner.cc:503] Creating PostUpdate worker threads: 2
(2023-10-31T09:39:56.471366785) (2023-10-31T09:39:56.471374456) [Dbg] [SimulationRunner.cc:514] Creating postupdate worker thread (0)
(2023-10-31T09:39:56.472801353) (2023-10-31T09:39:56.472818320) [Msg] Serving scene information on [/world/default/scene/info]
(2023-10-31T09:39:56.473339188) (2023-10-31T09:39:56.473356660) [Msg] Serving graph information on [/world/default/scene/graph]
(2023-10-31T09:39:56.473646601) (2023-10-31T09:39:56.473661668) [Msg] Serving full state on [/world/default/state]
(2023-10-31T09:39:56.473823012) (2023-10-31T09:39:56.473835819) [Msg] Serving full state (async) on [/world/default/state_async]
(2023-10-31T09:39:56.473966790) (2023-10-31T09:39:56.473978827) [Msg] Publishing scene information on [/world/default/scene/info]
(2023-10-31T09:39:56.474127567) (2023-10-31T09:39:56.474153786) [Msg] Publishing entity deletions on [/world/default/scene/deletion]
(2023-10-31T09:39:56.474243811) (2023-10-31T09:39:56.474253535) [Msg] Publishing state changes on [/world/default/state]
(2023-10-31T09:39:56.474356639) (2023-10-31T09:39:56.474366520) [Msg] Publishing pose messages on [/world/default/pose/info]
(2023-10-31T09:39:56.474476606) (2023-10-31T09:39:56.474486802) [Msg] Publishing dynamic pose messages on [/world/default/dynamic_pose/info]
