(2023-10-27T18:50:09.440310027) (2023-10-27T18:50:09.440339252) [Msg] Gazebo Sim Server v7.6.0
(2023-10-27T18:50:09.445351543) (2023-10-27T18:50:09.445367404) [Msg] Loading SDF world file[/home/bassam/PX4-Autopilot/Tools/simulation/gz/worlds/default.sdf].
(2023-10-27T18:50:09.621404541) (2023-10-27T18:50:09.621429105) [Msg] Serving entity system service on [/entity/system/add]
(2023-10-27T18:50:09.841945180) (2023-10-27T18:50:09.842003308) [Dbg] [Physics.cc:880] Loaded [gz::physics::dartsim::Plugin] from library [/usr/lib/x86_64-linux-gnu/gz-physics-6/engine-plugins/libgz-physics-dartsim-plugin.so]
(2023-10-27T18:50:09.842123370) (2023-10-27T18:50:09.842138877) [Dbg] [SystemManager.cc:74] Loaded system [gz::sim::systems::Physics] for entity [1]
(2023-10-27T18:50:09.857309010) (2023-10-27T18:50:09.857335582) [Msg] Create service on [/world/default/create]
(2023-10-27T18:50:09.957810842) (2023-10-27T18:50:09.957829549) [Msg] Remove service on [/world/default/remove]
(2023-10-27T18:50:09.958080610) (2023-10-27T18:50:09.958100456) [Msg] Pose service on [/world/default/set_pose]
(2023-10-27T18:50:09.958312063) (2023-10-27T18:50:09.958331064) [Msg] Pose service on [/world/default/set_pose_vector]
(2023-10-27T18:50:09.958646311) (2023-10-27T18:50:09.958665707) [Msg] Light configuration service on [/world/default/light_config]
(2023-10-27T18:50:09.959013718) (2023-10-27T18:50:09.959031559) [Msg] Physics service on [/world/default/set_physics]
(2023-10-27T18:50:09.959294294) (2023-10-27T18:50:09.959310514) [Msg] SphericalCoordinates service on [/world/default/set_spherical_coordinates]
(2023-10-27T18:50:09.959421498) (2023-10-27T18:50:09.959439369) [Msg] Enable collision service on [/world/default/enable_collision]
(2023-10-27T18:50:09.959544590) (2023-10-27T18:50:09.959561806) [Msg] Disable collision service on [/world/default/disable_collision]
(2023-10-27T18:50:09.959806998) (2023-10-27T18:50:09.959824657) [Msg] Material service on [/world/default/visual_config]
(2023-10-27T18:50:09.959997740) (2023-10-27T18:50:09.960015703) [Msg] Material service on [/world/default/wheel_slip]
(2023-10-27T18:50:09.960062535) (2023-10-27T18:50:09.960070706) [Dbg] [SystemManager.cc:74] Loaded system [gz::sim::systems::UserCommands] for entity [1]
(2023-10-27T18:50:09.962042317) (2023-10-27T18:50:09.962056707) [Dbg] [SystemManager.cc:74] Loaded system [gz::sim::systems::SceneBroadcaster] for entity [1]
(2023-10-27T18:50:09.963373029) (2023-10-27T18:50:09.963386747) [Dbg] [SystemManager.cc:74] Loaded system [gz::sim::systems::Contact] for entity [1]
(2023-10-27T18:50:09.965319384) (2023-10-27T18:50:09.965333535) [Dbg] [SystemManager.cc:74] Loaded system [gz::sim::systems::Imu] for entity [1]
(2023-10-27T18:50:09.966952189) (2023-10-27T18:50:09.966965893) [Dbg] [SystemManager.cc:74] Loaded system [gz::sim::systems::AirPressure] for entity [1]
(2023-10-27T18:50:09.968467103) (2023-10-27T18:50:09.968483471) [Msg] Listening to instantaneous wrench commands in [/world/default/wrench]
(2023-10-27T18:50:09.968590691) (2023-10-27T18:50:09.968609032) [Msg] Listening to persistent wrench commands in [/world/default/wrench/persistent]
(2023-10-27T18:50:09.968711506) (2023-10-27T18:50:09.968729146) [Msg] Listening to wrench clear commands in [/world/default/wrench/clear]
(2023-10-27T18:50:09.968764874) (2023-10-27T18:50:09.968773217) [Dbg] [SystemManager.cc:74] Loaded system [gz::sim::systems::ApplyLinkWrench] for entity [1]
(2023-10-27T18:50:09.977816565) (2023-10-27T18:50:09.977841267) [Dbg] [Sensors.cc:506] Configuring Sensors system
(2023-10-27T18:50:09.978026939) (2023-10-27T18:50:09.978044607) [Dbg] [Sensors.cc:425] SensorsPrivate::Run
(2023-10-27T18:50:09.978184543) (2023-10-27T18:50:09.978201484) [Dbg] [SystemManager.cc:74] Loaded system [gz::sim::systems::Sensors] for entity [1]
(2023-10-27T18:50:09.978374748) (2023-10-27T18:50:09.978407076) [Dbg] [Sensors.cc:402] SensorsPrivate::RenderThread started
(2023-10-27T18:50:09.978447738) (2023-10-27T18:50:09.978462165) [Dbg] [Sensors.cc:245] Waiting for init
(2023-10-27T18:50:09.983240124) (2023-10-27T18:50:09.983261359) [Wrn] [SystemLoader.cc:79] Trying to load deprecated plugin [ignition-gazebo-ackermann-steering-system]. Using [gz-sim-ackermann-steering-system] instead.
(2023-10-27T18:50:09.985844825) (2023-10-27T18:50:09.985866024) [Msg] AckermannSteering subscribing to twist messages on [/cmd_vel]
(2023-10-27T18:50:09.986305513) (2023-10-27T18:50:09.986323879) [Dbg] [SystemManager.cc:74] Loaded system [ignition::gazebo::systems::AckermannSteering] for entity [8]
(2023-10-27T18:50:09.986599058) (2023-10-27T18:50:09.986616890) [Msg] Loaded level [3]
(2023-10-27T18:50:09.989994968) (2023-10-27T18:50:09.990020324) [Msg] Serving world controls on [/world/default/control], [/world/default/control/state] and [/world/default/playback/control]
(2023-10-27T18:50:09.990350233) (2023-10-27T18:50:09.990369021) [Msg] Serving GUI information on [/world/default/gui/info]
(2023-10-27T18:50:09.990416337) (2023-10-27T18:50:09.990430031) [Msg] World [default] initialized with [default_physics] physics profile.
(2023-10-27T18:50:09.990723874) (2023-10-27T18:50:09.990742446) [Msg] Serving world SDF generation service on [/world/default/generate_world_sdf]
(2023-10-27T18:50:09.990960759) (2023-10-27T18:50:09.990977785) [Msg] Serving world names on [/gazebo/worlds]
(2023-10-27T18:50:09.991098083) (2023-10-27T18:50:09.991113601) [Msg] Resource path add service on [/gazebo/resource_paths/add].
(2023-10-27T18:50:09.991215186) (2023-10-27T18:50:09.991229867) [Msg] Resource path get service on [/gazebo/resource_paths/get].
(2023-10-27T18:50:09.991327953) (2023-10-27T18:50:09.991341801) [Msg] Resource path resolve service on [/gazebo/resource_paths/resolve].
(2023-10-27T18:50:09.991457265) (2023-10-27T18:50:09.991474931) [Msg] Resource paths published on [/gazebo/resource_paths].
(2023-10-27T18:50:09.991670274) (2023-10-27T18:50:09.991686313) [Msg] Server control service on [/server_control].
(2023-10-27T18:50:11.443612744) (2023-10-27T18:50:11.443645470) [Msg] Found no publishers on /stats, adding root stats topic
(2023-10-27T18:50:11.444016902) (2023-10-27T18:50:11.444036647) [Msg] Found no publishers on /clock, adding root clock topic
(2023-10-27T18:50:11.444436290) (2023-10-27T18:50:11.444455498) [Dbg] [SimulationRunner.cc:503] Creating PostUpdate worker threads: 7
(2023-10-27T18:50:11.444510605) (2023-10-27T18:50:11.444528848) [Dbg] [SimulationRunner.cc:514] Creating postupdate worker thread (0)
(2023-10-27T18:50:11.444723329) (2023-10-27T18:50:11.444741724) [Dbg] [SimulationRunner.cc:514] Creating postupdate worker thread (1)
(2023-10-27T18:50:11.444861294) (2023-10-27T18:50:11.444877444) [Dbg] [SimulationRunner.cc:514] Creating postupdate worker thread (2)
(2023-10-27T18:50:11.444987258) (2023-10-27T18:50:11.445004450) [Dbg] [SimulationRunner.cc:514] Creating postupdate worker thread (3)
(2023-10-27T18:50:11.445120956) (2023-10-27T18:50:11.445137881) [Dbg] [SimulationRunner.cc:514] Creating postupdate worker thread (4)
(2023-10-27T18:50:11.445240955) (2023-10-27T18:50:11.445258072) [Dbg] [SimulationRunner.cc:514] Creating postupdate worker thread (5)
(2023-10-27T18:50:11.784197887) (2023-10-27T18:50:11.784226875) [Wrn] [MulticopterMotorModel.cc:257] No robotNamespace set using entity name.
(2023-10-27T18:50:11.784298291) (2023-10-27T18:50:11.784314997) [Wrn] [MulticopterMotorModel.cc:295] <motorNumber> is depricated, please use <actuator_number>.
(2023-10-27T18:50:11.784430724) (2023-10-27T18:50:11.784446044) [Dbg] [MulticopterMotorModel.cc:386] Listening to topic: x500_depth_0/command/motor_speed
(2023-10-27T18:50:11.784987457) (2023-10-27T18:50:11.785006740) [Dbg] [SystemManager.cc:74] Loaded system [gz::sim::systems::MulticopterMotorModel] for entity [56]
(2023-10-27T18:50:11.785584116) (2023-10-27T18:50:11.785597145) [Wrn] [MulticopterMotorModel.cc:257] No robotNamespace set using entity name.
(2023-10-27T18:50:11.785627076) (2023-10-27T18:50:11.785636695) [Wrn] [MulticopterMotorModel.cc:295] <motorNumber> is depricated, please use <actuator_number>.
(2023-10-27T18:50:11.785703473) (2023-10-27T18:50:11.785713144) [Dbg] [MulticopterMotorModel.cc:386] Listening to topic: x500_depth_0/command/motor_speed
(2023-10-27T18:50:11.785988203) (2023-10-27T18:50:11.786009741) [Dbg] [SystemManager.cc:74] Loaded system [gz::sim::systems::MulticopterMotorModel] for entity [56]
(2023-10-27T18:50:11.786419452) (2023-10-27T18:50:11.786431223) [Wrn] [MulticopterMotorModel.cc:257] No robotNamespace set using entity name.
(2023-10-27T18:50:11.786462514) (2023-10-27T18:50:11.786471595) [Wrn] [MulticopterMotorModel.cc:295] <motorNumber> is depricated, please use <actuator_number>.
(2023-10-27T18:50:11.786530287) (2023-10-27T18:50:11.786538913) [Dbg] [MulticopterMotorModel.cc:386] Listening to topic: x500_depth_0/command/motor_speed
(2023-10-27T18:50:11.786829666) (2023-10-27T18:50:11.786842551) [Dbg] [SystemManager.cc:74] Loaded system [gz::sim::systems::MulticopterMotorModel] for entity [56]
(2023-10-27T18:50:11.787276114) (2023-10-27T18:50:11.787288587) [Wrn] [MulticopterMotorModel.cc:257] No robotNamespace set using entity name.
(2023-10-27T18:50:11.787315517) (2023-10-27T18:50:11.787323819) [Wrn] [MulticopterMotorModel.cc:295] <motorNumber> is depricated, please use <actuator_number>.
(2023-10-27T18:50:11.787393010) (2023-10-27T18:50:11.787402481) [Dbg] [MulticopterMotorModel.cc:386] Listening to topic: x500_depth_0/command/motor_speed
(2023-10-27T18:50:11.787680776) (2023-10-27T18:50:11.787693034) [Dbg] [SystemManager.cc:74] Loaded system [gz::sim::systems::MulticopterMotorModel] for entity [56]
(2023-10-27T18:50:11.788249298) (2023-10-27T18:50:11.788262648) [Dbg] [UserCommands.cc:1263] Created entity [56] named [x500_depth_0]
(2023-10-27T18:50:11.809010501) (2023-10-27T18:50:11.809029621) [Dbg] [SimulationFeatures.cc:72] Simulation timestep set to: 0.004
(2023-10-27T18:50:11.810918533) (2023-10-27T18:50:11.810944050) [Dbg] [Sensors.cc:659] Initialization needed
(2023-10-27T18:50:11.811007714) (2023-10-27T18:50:11.811031216) [Dbg] [Sensors.cc:257] Initializing render context
(2023-10-27T18:50:11.811234360) (2023-10-27T18:50:11.811251536) [Msg] Loading plugin [gz-rendering-ogre2]
(2023-10-27T18:50:11.811972210) (2023-10-27T18:50:11.811996453) [Dbg] [ImuSensor.cc:149] IMU data for [x500_depth_0::base_link::imu_sensor] advertised on [world/default/model/x500_depth_0/link/base_link/sensor/imu_sensor/imu](2023-10-27T18:50:11.812082576) (2023-10-27T18:50:11.812105934) 
[Dbg] [AirPressureSensor.cc:126] Air pressure for [x500_depth_0::base_link::air_pressure_sensor] advertised on [world/default/model/x500_depth_0/link/base_link/sensor/air_pressure_sensor/air_pressure]
(2023-10-27T18:50:11.813479159) (2023-10-27T18:50:11.813502097) [Msg] Serving scene information on [/world/default/scene/info]
(2023-10-27T18:50:11.813682963) (2023-10-27T18:50:11.813702801) [Msg] Serving graph information on [/world/default/scene/graph]
(2023-10-27T18:50:11.814088240) (2023-10-27T18:50:11.814106459) [Msg] Serving full state on [/world/default/state]
(2023-10-27T18:50:11.814279191) (2023-10-27T18:50:11.814299919) [Msg] Serving full state (async) on [/world/default/state_async]
(2023-10-27T18:50:11.814471666) (2023-10-27T18:50:11.814488282) [Msg] Publishing scene information on [/world/default/scene/info]
(2023-10-27T18:50:11.814700048) (2023-10-27T18:50:11.814718206) [Msg] Publishing entity deletions on [/world/default/scene/deletion]
(2023-10-27T18:50:11.814863879) (2023-10-27T18:50:11.814880727) [Msg] Publishing state changes on [/world/default/state]
(2023-10-27T18:50:11.815021635) (2023-10-27T18:50:11.815037978) [Msg] Publishing pose messages on [/world/default/pose/info]
(2023-10-27T18:50:11.815225196) (2023-10-27T18:50:11.815243643) [Msg] Publishing dynamic pose messages on [/world/default/dynamic_pose/info]
(2023-10-27T18:50:11.817082775) (2023-10-27T18:50:11.817107591) [Dbg] [EntityComponentManager.cc:1655] Updated state thread iterators: 8 threads processing around 13 entities each.
(2023-10-27T18:50:11.842535365) (2023-10-27T18:50:11.842563934) [Wrn] [Component.hh:144] Trying to serialize component with data type [N3sdf3v135WorldE], which doesn't have `operator<<`. Component will not be serialized.
(2023-10-27T18:50:11.843068715) (2023-10-27T18:50:11.843089564) [Wrn] [Model.hh:69] Skipping serialization / deserialization for models with //pose/@relative_to attribute.
(2023-10-27T18:50:11.848295558) (2023-10-27T18:50:11.848324895) [Dbg] [SimulationRunner.cc:530] Exiting postupdate worker thread (3)
(2023-10-27T18:50:11.848443326) (2023-10-27T18:50:11.848461201) [Dbg] [SimulationRunner.cc:530] Exiting postupdate worker thread (2)
(2023-10-27T18:50:11.848547595) (2023-10-27T18:50:11.848564718) [Dbg] [SimulationRunner.cc:530] Exiting postupdate worker thread (4)
(2023-10-27T18:50:11.848645420) (2023-10-27T18:50:11.848671539) [Dbg] [SimulationRunner.cc:530] Exiting postupdate worker thread (1)
(2023-10-27T18:50:11.848758131) (2023-10-27T18:50:11.848786018) [Dbg] [SimulationRunner.cc:530] Exiting postupdate worker thread (5)
(2023-10-27T18:50:11.848870360) (2023-10-27T18:50:11.848887955) [Dbg] [SimulationRunner.cc:530] Exiting postupdate worker thread (0)
(2023-10-27T18:50:11.850209088) (2023-10-27T18:50:11.850232987) [Dbg] [SimulationRunner.cc:503] Creating PostUpdate worker threads: 7
(2023-10-27T18:50:11.850299607) (2023-10-27T18:50:11.850315035) [Dbg] [SimulationRunner.cc:514] Creating postupdate worker thread (0)
(2023-10-27T18:50:11.853213151) (2023-10-27T18:50:11.853241151) [Dbg] [SimulationRunner.cc:514] Creating postupdate worker thread (1)
(2023-10-27T18:50:11.853336188) (2023-10-27T18:50:11.853352807) [Dbg] [SimulationRunner.cc:514] Creating postupdate worker thread (2)
(2023-10-27T18:50:11.853434472) (2023-10-27T18:50:11.853449788) [Dbg] [SimulationRunner.cc:514] Creating postupdate worker thread (3)
(2023-10-27T18:50:11.853522307) (2023-10-27T18:50:11.853537873) [Dbg] [SimulationRunner.cc:514] Creating postupdate worker thread (4)
(2023-10-27T18:50:11.853689191) (2023-10-27T18:50:11.853708472) [Dbg] [SimulationRunner.cc:514] Creating postupdate worker thread (5)
(2023-10-27T18:50:12.250696807) (2023-10-27T18:50:12.250709455) [Dbg] [RenderUtil.cc:2720] Create scene [scene]
((2023-10-27T18:50:12.325752260) (2023-10-27T18:50:12.325798065) ) [Dbg] [Sensors.cc:277] (Rendering Thread initialized
2023-10-27T18:50:12.325851922) [Dbg] [Sensors.cc:659] Initialization needed
(2023-10-27T18:50:12.332803154) (2023-10-27T18:50:12.332818562) [Wrn] [FuelClient.cc:1952] The fuel.ignitionrobotics.org URL is deprecrated. Pleasse change https://fuel.ignitionrobotics.org/1.0/openrobotics/models/prius hybrid/2/files/meshes/Hybrid.obj to https://fuel.gazebosim.org/1.0/openrobotics/models/prius hybrid/2/files/meshes/Hybrid.obj
(2023-10-27T18:50:12.332941038) (2023-10-27T18:50:12.332951726) [Wrn] [FuelClient.cc:1952] The fuel.ignitionrobotics.org URL is deprecrated. Pleasse change https://fuel.ignitionrobotics.org/1.0/openrobotics/models/prius hybrid/2/files/meshes/Hybrid.obj to https://fuel.gazebosim.org/1.0/openrobotics/models/prius hybrid/2/files/meshes/Hybrid.obj
(2023-10-27T18:50:12.337661775) (2023-10-27T18:50:12.337677612) [Wrn] [OBJLoader.cc:91] Both `d` and `Tr` parameters defined for "Hybrid". Use the value of `d` for dissolve (line 8 in .mtl.)
Both `d` and `Tr` parameters defined for "Wheels3". Use the value of `d` for dissolve (line 22 in .mtl.)
Both `d` and `Tr` parameters defined for "Hybrid_Interior". Use the value of `d` for dissolve (line 36 in .mtl.)
Both `d` and `Tr` parameters defined for "Windows". Use the value of `d` for dissolve (line 50 in .mtl.)

(2023-10-27T18:50:15.228106145) (2023-10-27T18:50:15.228122863) [Dbg] [CameraSensor.cc:458] Camera images for [prius_hybrid::chassis::back_camera_sensor] advertised on [back_camera]
(2023-10-27T18:50:15.228337937) (2023-10-27T18:50:15.228350051) [Dbg] [CameraSensor.cc:786] Camera info for [prius_hybrid::chassis::back_camera_sensor] advertised on [/camera_info]
(2023-10-27T18:50:15.228526842) (2023-10-27T18:50:15.228537404) [Wrn] [Ogre2Camera.cc:412] Ogre2Camera::SetVisibilityMask: Mask bits c0000000 are set but will be ignored as they conflict with the reserved bits used internally by the ogre2 backend.
(2023-10-27T18:50:15.228993574) (2023-10-27T18:50:15.229012912) [Dbg] [CameraSensor.cc:458] Camera images for [prius_hybrid::chassis::front_camera_sensor] advertised on [front_camera]
(2023-10-27T18:50:15.229154277) (2023-10-27T18:50:15.229172603) [Dbg] [CameraSensor.cc:786] Camera info for [prius_hybrid::chassis::front_camera_sensor] advertised on [/camera_info]
(2023-10-27T18:50:15.229252935) (2023-10-27T18:50:15.229263727) [Wrn] [Ogre2Camera.cc:412] Ogre2Camera::SetVisibilityMask: Mask bits c0000000 are set but will be ignored as they conflict with the reserved bits used internally by the ogre2 backend.
(2023-10-27T18:50:15.229639612) (2023-10-27T18:50:15.229652445) [Dbg] [CameraSensor.cc:458] Camera images for [prius_hybrid::chassis::left_camera_sensor] advertised on [left_camera]
(2023-10-27T18:50:15.229782618) (2023-10-27T18:50:15.229794277) [Dbg] [CameraSensor.cc:786] Camera info for [prius_hybrid::chassis::left_camera_sensor] advertised on [/camera_info]
(2023-10-27T18:50:15.229876129) (2023-10-27T18:50:15.229886853) [Wrn] [Ogre2Camera.cc:412] Ogre2Camera::SetVisibilityMask: Mask bits c0000000 are set but will be ignored as they conflict with the reserved bits used internally by the ogre2 backend.
(2023-10-27T18:50:15.230187203) (2023-10-27T18:50:15.230205398) [Dbg] [CameraSensor.cc:458] Camera images for [prius_hybrid::chassis::right_camera_sensor] advertised on [right_camera]
(2023-10-27T18:50:15.230315243) (2023-10-27T18:50:15.230332636) [Dbg] [CameraSensor.cc:786] Camera info for [prius_hybrid::chassis::right_camera_sensor] advertised on [/camera_info]
(2023-10-27T18:50:15.230404172) (2023-10-27T18:50:15.230414510) [Wrn] [Ogre2Camera.cc:412] Ogre2Camera::SetVisibilityMask: Mask bits c0000000 are set but will be ignored as they conflict with the reserved bits used internally by the ogre2 backend.
(2023-10-27T18:50:15.230681867) (2023-10-27T18:50:15.230700446) [Dbg] [CameraSensor.cc:458] Camera images for [x500_depth_0::OakD-Lite/base_link::IMX214] advertised on [camera]
(2023-10-27T18:50:15.230823806) (2023-10-27T18:50:15.230840291) [Dbg] [CameraSensor.cc:786] Camera info for [x500_depth_0::OakD-Lite/base_link::IMX214] advertised on [/camera_info]
(2023-10-27T18:50:15.230937736) (2023-10-27T18:50:15.230954156) [Wrn] [Ogre2Camera.cc:412] Ogre2Camera::SetVisibilityMask: Mask bits c0000000 are set but will be ignored as they conflict with the reserved bits used internally by the ogre2 backend.
(2023-10-27T18:50:15.231338272) (2023-10-27T18:50:15.231356993) [Dbg] [DepthCameraSensor.cc:282] Depth images for [x500_depth_0::OakD-Lite/base_link::StereoOV7251] advertised on [depth_camera]
(2023-10-27T18:50:15.231494733) (2023-10-27T18:50:15.231512108) [Dbg] [CameraSensor.cc:786] Camera info for [x500_depth_0::OakD-Lite/base_link::StereoOV7251] advertised on [/camera_info]
(2023-10-27T18:50:15.231734759) (2023-10-27T18:50:15.231753432) [Dbg] [DepthCameraSensor.cc:299] Points for [x500_depth_0::OakD-Lite/base_link::StereoOV7251] advertised on [depth_camera/points]
(2023-10-27T18:50:15.254032750) (2023-10-27T18:50:15.254049803) [Dbg] [CameraSensor.cc:583] Enabling camera sensor: 'x500_depth_0::OakD-Lite/base_link::IMX214' data generation.
(2023-10-27T18:50:43.151149050) (2023-10-27T18:50:43.151178445) [Dbg] [SignalHandler.cc:142] Received signal[2].
(2023-10-27T18:50:43.151212719) (2023-10-27T18:50:43.151221340) [Dbg] [ServerPrivate.cc:115] Server received signal[2]
(2023-10-27T18:50:43.151254933) (2023-10-27T18:50:43.151263868) [Dbg] [Sensors.cc:433] SensorsPrivate::Stop
(2023-10-27T18:50:43.196878316) (2023-10-27T18:50:43.196896440) [Dbg] [Sensors.cc:419] SensorsPrivate::RenderThread stopped
(2023-10-27T18:50:43.204523585) (2023-10-27T18:50:43.204540735) [Dbg] [gz.cc:417] Shutting down gz-sim-server
((((2023-10-27T18:50:43.209196962) ((2023-10-27T18:50:43.209397739) (2023-10-27T18:50:43.209415508) [Dbg] [SimulationRunner.cc:530] Exiting postupdate worker thread (2)
2023-10-27T18:50:43.2092199992023-10-27T18:50:43.2094865222023-10-27T18:50:43.2092199992023-10-27T18:50:43.209486522) ) (2023-10-27T18:50:43.209542114) 2023-10-27T18:50:43.209568389) (2023-10-27T18:50:43.209602736) 2023-10-27T18:50:43.209160685) (2023-10-27T18:50:43.209650970) [Dbg] [SimulationRunner.cc:530] 2023-10-27T18:50:43.209577031Exiting postupdate worker thread (3))) (
2023-10-27T18:50:43.209725729) [Dbg] [SimulationRunner.cc:530] [Dbg] [SimulationRunner.cc:530] [Dbg] [SimulationRunner.cc:530] [Dbg] [SimulationRunner.cc:530] [Dbg] [SimulationRunner.cc:530] [Dbg] [SimulationRunner.cc:530] Exiting postupdate worker thread (0)
Exiting postupdate worker thread (5)1)
[Dbg] [SimulationRunner.cc:530] [Dbg] [SimulationRunner.cc:530] [Dbg] [SimulationRunner.cc:530] Exiting postupdate worker thread (4

(2023-10-27T18:50:43.250622331) (2023-10-27T18:50:43.250650081) [Dbg] [Sensors.cc:433] SensorsPrivate::Stop
