(2023-10-20T18:25:44.630653805) (2023-10-20T18:25:44.630684207) [Msg] Gazebo Sim Server v7.6.0
(2023-10-20T18:25:44.638990025) (2023-10-20T18:25:44.639018337) [Msg] Loading SDF world file[/home/bassam/PX4-Autopilot/Tools/simulation/gz/worlds/default.sdf].
(2023-10-20T18:25:44.921366657) (2023-10-20T18:25:44.921383711) [Msg] Serving entity system service on [/entity/system/add]
(2023-10-20T18:25:45.170333434) (2023-10-20T18:25:45.170359749) [Dbg] [Physics.cc:880] Loaded [gz::physics::dartsim::Plugin] from library [/usr/lib/x86_64-linux-gnu/gz-physics-6/engine-plugins/libgz-physics-dartsim-plugin.so]
(2023-10-20T18:25:45.170477357) (2023-10-20T18:25:45.170492859) [Dbg] [SystemManager.cc:74] Loaded system [gz::sim::systems::Physics] for entity [1]
(2023-10-20T18:25:45.280808610) (2023-10-20T18:25:45.280835872) [Msg] Create service on [/world/default/create]
(2023-10-20T18:25:45.281191087) (2023-10-20T18:25:45.281211716) [Msg] Remove service on [/world/default/remove]
(2023-10-20T18:25:45.281455385) (2023-10-20T18:25:45.281472967) [Msg] Pose service on [/world/default/set_pose]
(2023-10-20T18:25:45.281706730) (2023-10-20T18:25:45.281724333) [Msg] Pose service on [/world/default/set_pose_vector]
(2023-10-20T18:25:45.282085110) (2023-10-20T18:25:45.282104572) [Msg] Light configuration service on [/world/default/light_config]
(2023-10-20T18:25:45.282570319) (2023-10-20T18:25:45.282591716) [Msg] Physics service on [/world/default/set_physics]
(2023-10-20T18:25:45.282919157) (2023-10-20T18:25:45.282939180) [Msg] SphericalCoordinates service on [/world/default/set_spherical_coordinates]
(2023-10-20T18:25:45.283092333) (2023-10-20T18:25:45.283111321) [Msg] Enable collision service on [/world/default/enable_collision]
(2023-10-20T18:25:45.283255689) (2023-10-20T18:25:45.283274105) [Msg] Disable collision service on [/world/default/disable_collision]
(2023-10-20T18:25:45.283564447) (2023-10-20T18:25:45.283583176) [Msg] Material service on [/world/default/visual_config]
(2023-10-20T18:25:45.283810863) (2023-10-20T18:25:45.283829172) [Msg] Material service on [/world/default/wheel_slip]
(2023-10-20T18:25:45.283886722) (2023-10-20T18:25:45.283900717) [Dbg] [SystemManager.cc:74] Loaded system [gz::sim::systems::UserCommands] for entity [1]
(2023-10-20T18:25:45.286884017) (2023-10-20T18:25:45.286925207) [Dbg] [SystemManager.cc:74] Loaded system [gz::sim::systems::SceneBroadcaster] for entity [1]
(2023-10-20T18:25:45.289937918) (2023-10-20T18:25:45.289966318) [Dbg] [SystemManager.cc:74] Loaded system [gz::sim::systems::Contact] for entity [1]
(2023-10-20T18:25:45.293600959) (2023-10-20T18:25:45.293626689) [Dbg] [SystemManager.cc:74] Loaded system [gz::sim::systems::Imu] for entity [1]
(2023-10-20T18:25:45.296078160) (2023-10-20T18:25:45.296094212) [Dbg] [SystemManager.cc:74] Loaded system [gz::sim::systems::AirPressure] for entity [1]
(2023-10-20T18:25:45.298083535) (2023-10-20T18:25:45.298102216) [Msg] Listening to instantaneous wrench commands in [/world/default/wrench]
(2023-10-20T18:25:45.298293368) (2023-10-20T18:25:45.298310721) [Msg] Listening to persistent wrench commands in [/world/default/wrench/persistent]
(2023-10-20T18:25:45.298467535) (2023-10-20T18:25:45.298484314) [Msg] Listening to wrench clear commands in [/world/default/wrench/clear]
(2023-10-20T18:25:45.298522626) (2023-10-20T18:25:45.298530984) [Dbg] [SystemManager.cc:74] Loaded system [gz::sim::systems::ApplyLinkWrench] for entity [1]
(2023-10-20T18:25:45.313165748) (2023-10-20T18:25:45.313196355) [Dbg] [Sensors.cc:506] Configuring Sensors system
(2023-10-20T18:25:45.313465199) (2023-10-20T18:25:45.313485097) [Dbg] [Sensors.cc:425] SensorsPrivate::Run
(2023-10-20T18:25:45.313719253) (2023-10-20T18:25:45.313739206) [Dbg] [SystemManager.cc:74] Loaded system [gz::sim::systems::Sensors] for entity [1]
(2023-10-20T18:25:45.314428552) (2023-10-20T18:25:45.314469191) [Dbg] [Sensors.cc:402] SensorsPrivate::RenderThread started
(2023-10-20T18:25:45.314513691) (2023-10-20T18:25:45.314544881) [Dbg] [Sensors.cc:245] Waiting for init
(2023-10-20T18:25:45.321144862) (2023-10-20T18:25:45.321174068) [Wrn] [SystemLoader.cc:79] Trying to load deprecated plugin [ignition-gazebo-ackermann-steering-system]. Using [gz-sim-ackermann-steering-system] instead.
(2023-10-20T18:25:45.324210420) (2023-10-20T18:25:45.324238638) [Msg] AckermannSteering subscribing to twist messages on [/cmd_vel]
(2023-10-20T18:25:45.324955748) (2023-10-20T18:25:45.324977955) [Dbg] [SystemManager.cc:74] Loaded system [ignition::gazebo::systems::AckermannSteering] for entity [8]
(2023-10-20T18:25:45.325315990) (2023-10-20T18:25:45.325333025) [Msg] Loaded level [3]
(2023-10-20T18:25:45.329501256) (2023-10-20T18:25:45.329527952) [Msg] Serving world controls on [/world/default/control], [/world/default/control/state] and [/world/default/playback/control]
(2023-10-20T18:25:45.330244422) (2023-10-20T18:25:45.330266849) [Msg] Serving GUI information on [/world/default/gui/info]
(2023-10-20T18:25:45.330323309) (2023-10-20T18:25:45.330337256) [Msg] World [default] initialized with [default_physics] physics profile.
(2023-10-20T18:25:45.330784101) (2023-10-20T18:25:45.330804659) [Msg] Serving world SDF generation service on [/world/default/generate_world_sdf]
(2023-10-20T18:25:45.331144578) (2023-10-20T18:25:45.331165028) [Msg] Serving world names on [/gazebo/worlds]
(2023-10-20T18:25:45.331416632) (2023-10-20T18:25:45.331434989) [Msg] Resource path add service on [/gazebo/resource_paths/add].
(2023-10-20T18:25:45.331699881) (2023-10-20T18:25:45.331717384) [Msg] Resource path get service on [/gazebo/resource_paths/get].
(2023-10-20T18:25:45.331972457) (2023-10-20T18:25:45.331991074) [Msg] Resource path resolve service on [/gazebo/resource_paths/resolve].
(2023-10-20T18:25:45.332262484) (2023-10-20T18:25:45.332281277) [Msg] Resource paths published on [/gazebo/resource_paths].
(2023-10-20T18:25:45.332668639) (2023-10-20T18:25:45.332688419) [Msg] Server control service on [/server_control].
(2023-10-20T18:25:46.636298816) (2023-10-20T18:25:46.636317959) [Msg] Found no publishers on /stats, adding root stats topic
(2023-10-20T18:25:46.636572945) (2023-10-20T18:25:46.636585418) [Msg] Found no publishers on /clock, adding root clock topic
(2023-10-20T18:25:46.636898008) (2023-10-20T18:25:46.636917954) [Dbg] [SimulationRunner.cc:503] Creating PostUpdate worker threads: 7
(2023-10-20T18:25:46.636969439) (2023-10-20T18:25:46.636986677) [Dbg] [SimulationRunner.cc:514] Creating postupdate worker thread (0)
(2023-10-20T18:25:46.637157258) (2023-10-20T18:25:46.637174924) [Dbg] [SimulationRunner.cc:514] Creating postupdate worker thread (1)
(2023-10-20T18:25:46.637262438) (2023-10-20T18:25:46.637273399) [Dbg] [SimulationRunner.cc:514] Creating postupdate worker thread (2)
(2023-10-20T18:25:46.637349877) (2023-10-20T18:25:46.637359991) [Dbg] [SimulationRunner.cc:514] Creating postupdate worker thread (3)
(2023-10-20T18:25:46.637474012) (2023-10-20T18:25:46.637492334) [Dbg] [SimulationRunner.cc:514] Creating postupdate worker thread (4)
(2023-10-20T18:25:46.637603598) (2023-10-20T18:25:46.637621118) [Dbg] [SimulationRunner.cc:514] Creating postupdate worker thread (5)
(2023-10-20T18:25:47.7683471) (2023-10-20T18:25:47.7718466) [Wrn] [MulticopterMotorModel.cc:257] No robotNamespace set using entity name.
(2023-10-20T18:25:47.7782753) (2023-10-20T18:25:47.7796293) [Wrn] [MulticopterMotorModel.cc:295] <motorNumber> is depricated, please use <actuator_number>.
(2023-10-20T18:25:47.7932323) (2023-10-20T18:25:47.7949786) [Dbg] [MulticopterMotorModel.cc:386] Listening to topic: x500_depth_0/command/motor_speed
(2023-10-20T18:25:47.8445163) (2023-10-20T18:25:47.8467751) [Dbg] [SystemManager.cc:74] Loaded system [gz::sim::systems::MulticopterMotorModel] for entity [56]
(2023-10-20T18:25:47.9127054) (2023-10-20T18:25:47.9147834) [Wrn] [MulticopterMotorModel.cc:257] No robotNamespace set using entity name.
(2023-10-20T18:25:47.9190240) (2023-10-20T18:25:47.9205683) [Wrn] [MulticopterMotorModel.cc:295] <motorNumber> is depricated, please use <actuator_number>.
(2023-10-20T18:25:47.9305701) (2023-10-20T18:25:47.9322767) [Dbg] [MulticopterMotorModel.cc:386] Listening to topic: x500_depth_0/command/motor_speed
(2023-10-20T18:25:47.9640339) (2023-10-20T18:25:47.9659701) [Dbg] [SystemManager.cc:74] Loaded system [gz::sim::systems::MulticopterMotorModel] for entity [56]
(2023-10-20T18:25:47.10283866) (2023-10-20T18:25:47.10305506) [Wrn] [MulticopterMotorModel.cc:257] No robotNamespace set using entity name.
(2023-10-20T18:25:47.10347578) (2023-10-20T18:25:47.10362748) [Wrn] [MulticopterMotorModel.cc:295] <motorNumber> is depricated, please use <actuator_number>.
(2023-10-20T18:25:47.10464015) (2023-10-20T18:25:47.10480607) [Dbg] [MulticopterMotorModel.cc:386] Listening to topic: x500_depth_0/command/motor_speed
(2023-10-20T18:25:47.10836275) (2023-10-20T18:25:47.10855736) [Dbg] [SystemManager.cc:74] Loaded system [gz::sim::systems::MulticopterMotorModel] for entity [56]
(2023-10-20T18:25:47.11498317) (2023-10-20T18:25:47.11518396) [Wrn] [MulticopterMotorModel.cc:257] No robotNamespace set using entity name.
(2023-10-20T18:25:47.11560583) (2023-10-20T18:25:47.11576354) [Wrn] [MulticopterMotorModel.cc:295] <motorNumber> is depricated, please use <actuator_number>.
(2023-10-20T18:25:47.11674676) (2023-10-20T18:25:47.11691270) [Dbg] [MulticopterMotorModel.cc:386] Listening to topic: x500_depth_0/command/motor_speed
(2023-10-20T18:25:47.12076347) (2023-10-20T18:25:47.12095595) [Dbg] [SystemManager.cc:74] Loaded system [gz::sim::systems::MulticopterMotorModel] for entity [56]
(2023-10-20T18:25:47.12878664) (2023-10-20T18:25:47.12898624) [Dbg] [UserCommands.cc:1263] Created entity [56] named [x500_depth_0]
(2023-10-20T18:25:47.38992859) (2023-10-20T18:25:47.39010614) [Dbg] [SimulationFeatures.cc:72] Simulation timestep set to: 0.004
(2023-10-20T18:25:47.40940102) (2023-10-20T18:25:47.40968877) [Dbg] [Sensors.cc:659] Initialization needed
(2023-10-20T18:25:47.41072013) (2023-10-20T18:25:47.41090249) [Dbg] [Sensors.cc:257] Initializing render context
(2023-10-20T18:25:47.41234096) (2023-10-20T18:25:47.41245040) [Msg] Loading plugin [gz-rendering-ogre2]
(2023-10-20T18:25:47.41858359) (2023-10-20T18:25:47.41878798) [Dbg] [AirPressureSensor.cc:126] Air pressure for [x500_depth_0::base_link::air_pressure_sensor] advertised on [world/default/model/x500_depth_0/link/base_link/sensor/air_pressure_sensor/air_pressure]
(2023-10-20T18:25:47.42055808) (2023-10-20T18:25:47.42076343) [Dbg] [ImuSensor.cc:149] IMU data for [x500_depth_0::base_link::imu_sensor] advertised on [world/default/model/x500_depth_0/link/base_link/sensor/imu_sensor/imu]
(2023-10-20T18:25:47.43553430) (2023-10-20T18:25:47.43579326) [Msg] Serving scene information on [/world/default/scene/info]
(2023-10-20T18:25:47.43725147) (2023-10-20T18:25:47.43745829) [Msg] Serving graph information on [/world/default/scene/graph]
(2023-10-20T18:25:47.44054512) (2023-10-20T18:25:47.44073494) [Msg] Serving full state on [/world/default/state]
(2023-10-20T18:25:47.44218150) (2023-10-20T18:25:47.44234885) [Msg] Serving full state (async) on [/world/default/state_async]
(2023-10-20T18:25:47.44406180) (2023-10-20T18:25:47.44424599) [Msg] Publishing scene information on [/world/default/scene/info]
(2023-10-20T18:25:47.44645327) (2023-10-20T18:25:47.44664598) [Msg] Publishing entity deletions on [/world/default/scene/deletion]
(2023-10-20T18:25:47.44789814) (2023-10-20T18:25:47.44807770) [Msg] Publishing state changes on [/world/default/state]
(2023-10-20T18:25:47.44954121) (2023-10-20T18:25:47.44972499) [Msg] Publishing pose messages on [/world/default/pose/info]
(2023-10-20T18:25:47.45181270) (2023-10-20T18:25:47.45200250) [Msg] Publishing dynamic pose messages on [/world/default/dynamic_pose/info]
(2023-10-20T18:25:47.46310349) (2023-10-20T18:25:47.46331482) [Dbg] [EntityComponentManager.cc:1655] Updated state thread iterators: 8 threads processing around 13 entities each.
(2023-10-20T18:25:47.77064144) (2023-10-20T18:25:47.77090298) [Wrn] [Component.hh:144] Trying to serialize component with data type [N3sdf3v135WorldE], which doesn't have `operator<<`. Component will not be serialized.
(2023-10-20T18:25:47.77332101) (2023-10-20T18:25:47.77351649) [Wrn] [Model.hh:69] Skipping serialization / deserialization for models with //pose/@relative_to attribute.
(((((((2023-10-20T18:25:47.81718668) (2023-10-20T18:25:47.81746933) [Dbg] [SimulationRunner.cc:530] Exiting postupdate worker thread (3)
2023-10-20T18:25:47.81831537) (2023-10-20T18:25:47.81862146) [Dbg] [SimulationRunner.cc:530] Exiting postupdate worker thread (2)
((2023-10-20T18:25:47.819933782023-10-20T18:25:47.819933782023-10-20T18:25:47.82003095) (2023-10-20T18:25:47.819706882023-10-20T18:25:47.82035134) () (2023-10-20T18:25:47.82060648) ) ) (Exiting postupdate worker thread (2023-10-20T18:25:47.8209817302023-10-20T18:25:47.820981730) (2023-10-20T18:25:47.821417782023-10-20T18:25:47.82141778)) ) 
[Dbg] [SimulationRunner.cc:530] Exiting postupdate worker thread (4)
[Dbg] [SimulationRunner.cc:530] Exiting postupdate worker thread (5)
[Dbg] [SimulationRunner.cc:530] Exiting postupdate worker thread (1)
(2023-10-20T18:25:47.83027508) (2023-10-20T18:25:47.83041785) [Dbg] [SimulationRunner.cc:503] Creating PostUpdate worker threads: 7
(2023-10-20T18:25:47.83075773) (2023-10-20T18:25:47.83084667) [Dbg] [SimulationRunner.cc:514] Creating postupdate worker thread (0)
(2023-10-20T18:25:47.83677067) (2023-10-20T18:25:47.83693554) [Dbg] [SimulationRunner.cc:514] Creating postupdate worker thread (1)
(2023-10-20T18:25:47.83746084) (2023-10-20T18:25:47.83761011) [Dbg] [SimulationRunner.cc:514] Creating postupdate worker thread (2)
(2023-10-20T18:25:47.83825408) (2023-10-20T18:25:47.83839444) [Dbg] [SimulationRunner.cc:514] Creating postupdate worker thread (3)
(2023-10-20T18:25:47.83911687) (2023-10-20T18:25:47.83927144) [Dbg] [SimulationRunner.cc:514] Creating postupdate worker thread (4)
(2023-10-20T18:25:47.84032780) (2023-10-20T18:25:47.84049541) [Dbg] [SimulationRunner.cc:514] Creating postupdate worker thread (5)
(2023-10-20T18:25:47.665902296) (2023-10-20T18:25:47.665925775) [Dbg] [RenderUtil.cc:2720] Create scene [scene]
((2023-10-20T18:25:47.758491487) ((2023-10-20T18:25:47.758523770) (2023-10-20T18:25:47.7585803672023-10-20T18:25:47.758582830) ) Rendering Thread initialized
[Dbg] [Sensors.cc:659] Initialization needed
(2023-10-20T18:25:47.765926487) (2023-10-20T18:25:47.765941858) [Wrn] [FuelClient.cc:1952] The fuel.ignitionrobotics.org URL is deprecrated. Pleasse change https://fuel.ignitionrobotics.org/1.0/openrobotics/models/prius hybrid/2/files/meshes/Hybrid.obj to https://fuel.gazebosim.org/1.0/openrobotics/models/prius hybrid/2/files/meshes/Hybrid.obj
(2023-10-20T18:25:47.766061487) (2023-10-20T18:25:47.766071739) [Wrn] [FuelClient.cc:1952] The fuel.ignitionrobotics.org URL is deprecrated. Pleasse change https://fuel.ignitionrobotics.org/1.0/openrobotics/models/prius hybrid/2/files/meshes/Hybrid.obj to https://fuel.gazebosim.org/1.0/openrobotics/models/prius hybrid/2/files/meshes/Hybrid.obj
(2023-10-20T18:25:47.771155741) (2023-10-20T18:25:47.771179666) [Wrn] [OBJLoader.cc:91] Both `d` and `Tr` parameters defined for "Hybrid". Use the value of `d` for dissolve (line 8 in .mtl.)
Both `d` and `Tr` parameters defined for "Wheels3". Use the value of `d` for dissolve (line 22 in .mtl.)
Both `d` and `Tr` parameters defined for "Hybrid_Interior". Use the value of `d` for dissolve (line 36 in .mtl.)
Both `d` and `Tr` parameters defined for "Windows". Use the value of `d` for dissolve (line 50 in .mtl.)

(2023-10-20T18:25:50.947885616) (2023-10-20T18:25:50.947908832) [Dbg] [CameraSensor.cc:458] Camera images for [prius_hybrid::chassis::back_camera_sensor] advertised on [back_camera]
(2023-10-20T18:25:50.948212725) (2023-10-20T18:25:50.948226685) [Dbg] [CameraSensor.cc:786] Camera info for [prius_hybrid::chassis::back_camera_sensor] advertised on [/camera_info]
(2023-10-20T18:25:50.948403504) (2023-10-20T18:25:50.948415439) [Wrn] [Ogre2Camera.cc:412] Ogre2Camera::SetVisibilityMask: Mask bits c0000000 are set but will be ignored as they conflict with the reserved bits used internally by the ogre2 backend.
(2023-10-20T18:25:50.948928647) (2023-10-20T18:25:50.948948857) [Dbg] [CameraSensor.cc:458] Camera images for [prius_hybrid::chassis::front_camera_sensor] advertised on [front_camera]
(2023-10-20T18:25:50.949075440) (2023-10-20T18:25:50.949094222) [Dbg] [CameraSensor.cc:786] Camera info for [prius_hybrid::chassis::front_camera_sensor] advertised on [/camera_info]
(2023-10-20T18:25:50.949171126) (2023-10-20T18:25:50.949181398) [Wrn] [Ogre2Camera.cc:412] Ogre2Camera::SetVisibilityMask: Mask bits c0000000 are set but will be ignored as they conflict with the reserved bits used internally by the ogre2 backend.
(2023-10-20T18:25:50.949525785) (2023-10-20T18:25:50.949543742) [Dbg] [CameraSensor.cc:458] Camera images for [prius_hybrid::chassis::left_camera_sensor] advertised on [left_camera]
(2023-10-20T18:25:50.949713968) (2023-10-20T18:25:50.949729985) [Dbg] [CameraSensor.cc:786] Camera info for [prius_hybrid::chassis::left_camera_sensor] advertised on [/camera_info]
(2023-10-20T18:25:50.949798675) (2023-10-20T18:25:50.949808250) [Wrn] [Ogre2Camera.cc:412] Ogre2Camera::SetVisibilityMask: Mask bits c0000000 are set but will be ignored as they conflict with the reserved bits used internally by the ogre2 backend.
(2023-10-20T18:25:50.950089308) (2023-10-20T18:25:50.950108340) [Dbg] [CameraSensor.cc:458] Camera images for [prius_hybrid::chassis::right_camera_sensor] advertised on [right_camera]
(2023-10-20T18:25:50.950221305) (2023-10-20T18:25:50.950239655) [Dbg] [CameraSensor.cc:786] Camera info for [prius_hybrid::chassis::right_camera_sensor] advertised on [/camera_info]
(2023-10-20T18:25:50.950311862) (2023-10-20T18:25:50.950322116) [Wrn] [Ogre2Camera.cc:412] Ogre2Camera::SetVisibilityMask: Mask bits c0000000 are set but will be ignored as they conflict with the reserved bits used internally by the ogre2 backend.
(2023-10-20T18:25:50.950607698) (2023-10-20T18:25:50.950626350) [Dbg] [CameraSensor.cc:458] Camera images for [x500_depth_0::OakD-Lite/base_link::IMX214] advertised on [camera]
(2023-10-20T18:25:50.950851710) (2023-10-20T18:25:50.950868660) [Dbg] [CameraSensor.cc:786] Camera info for [x500_depth_0::OakD-Lite/base_link::IMX214] advertised on [/camera_info]
(2023-10-20T18:25:50.950974463) (2023-10-20T18:25:50.950990966) [Wrn] [Ogre2Camera.cc:412] Ogre2Camera::SetVisibilityMask: Mask bits c0000000 are set but will be ignored as they conflict with the reserved bits used internally by the ogre2 backend.
(2023-10-20T18:25:50.951442496) (2023-10-20T18:25:50.951461332) [Dbg] [DepthCameraSensor.cc:282] Depth images for [x500_depth_0::OakD-Lite/base_link::StereoOV7251] advertised on [depth_camera]
(2023-10-20T18:25:50.951643941) (2023-10-20T18:25:50.951660410) [Dbg] [CameraSensor.cc:786] Camera info for [x500_depth_0::OakD-Lite/base_link::StereoOV7251] advertised on [/camera_info]
(2023-10-20T18:25:50.951888543) (2023-10-20T18:25:50.951905859) [Dbg] [DepthCameraSensor.cc:299] Points for [x500_depth_0::OakD-Lite/base_link::StereoOV7251] advertised on [depth_camera/points]
(2023-10-20T18:25:50.973755431) (2023-10-20T18:25:50.973782775) [Dbg] [CameraSensor.cc:583] Enabling camera sensor: 'x500_depth_0::OakD-Lite/base_link::IMX214' data generation.
(2023-10-20T18:26:25.787649199) (2023-10-20T18:26:25.787669451) [Dbg] [CameraSensor.cc:583] Enabling camera sensor: 'prius_hybrid::chassis::back_camera_sensor' data generation.
