(2023-10-19T19:18:50.227241092) (2023-10-19T19:18:50.227264871) [Msg] Gazebo Sim Server v7.6.0
(2023-10-19T19:18:50.232052514) (2023-10-19T19:18:50.232063118) [Msg] Loading default world.
(2023-10-19T19:18:50.294227728) (2023-10-19T19:18:50.294239585) [Msg] Serving entity system service on [/entity/system/add]
(2023-10-19T19:18:50.295555866) (2023-10-19T19:18:50.295564161) [Msg] Loaded level [3]
(2023-10-19T19:18:50.295616894) (2023-10-19T19:18:50.295622505) [Msg] No systems loaded from SDF, loading defaults
(2023-10-19T19:18:50.295991597) (2023-10-19T19:18:50.295998161) [Dbg] [ServerConfig.cc:1062] Loaded (3) plugins from file [/home/bassam/.gz/sim/7/server.config]
(2023-10-19T19:18:50.506299464) (2023-10-19T19:18:50.506318981) [Dbg] [Physics.cc:880] Loaded [gz::physics::dartsim::Plugin] from library [/usr/lib/x86_64-linux-gnu/gz-physics-6/engine-plugins/libgz-physics-dartsim-plugin.so]
(2023-10-19T19:18:50.506406581) (2023-10-19T19:18:50.506417843) [Dbg] [SystemManager.cc:74] Loaded system [gz::sim::systems::Physics] for entity [1]
(2023-10-19T19:18:50.510243844) (2023-10-19T19:18:50.510259495) [Msg] Create service on [/world/default/create]
(2023-10-19T19:18:50.510549827) (2023-10-19T19:18:50.510563624) [Msg] Remove service on [/world/default/remove]
(2023-10-19T19:18:50.510827306) (2023-10-19T19:18:50.510840186) [Msg] Pose service on [/world/default/set_pose]
(2023-10-19T19:18:50.511063183) (2023-10-19T19:18:50.511075885) [Msg] Pose service on [/world/default/set_pose_vector]
(2023-10-19T19:18:50.511401578) (2023-10-19T19:18:50.511414425) [Msg] Light configuration service on [/world/default/light_config]
(2023-10-19T19:18:50.511823196) (2023-10-19T19:18:50.511836588) [Msg] Physics service on [/world/default/set_physics]
(2023-10-19T19:18:50.512148173) (2023-10-19T19:18:50.512161155) [Msg] SphericalCoordinates service on [/world/default/set_spherical_coordinates]
(2023-10-19T19:18:50.512406929) (2023-10-19T19:18:50.512419495) [Msg] Enable collision service on [/world/default/enable_collision]
(2023-10-19T19:18:50.512702692) (2023-10-19T19:18:50.512714837) [Msg] Disable collision service on [/world/default/disable_collision]
(2023-10-19T19:18:50.513426752) (2023-10-19T19:18:50.513441104) [Msg] Material service on [/world/default/visual_config]
(2023-10-19T19:18:50.513915157) (2023-10-19T19:18:50.513928734) [Msg] Material service on [/world/default/wheel_slip]
(2023-10-19T19:18:50.513980485) (2023-10-19T19:18:50.513990620) [Dbg] [SystemManager.cc:74] Loaded system [gz::sim::systems::UserCommands] for entity [1]
(2023-10-19T19:18:50.519121342) (2023-10-19T19:18:50.519139962) [Dbg] [SystemManager.cc:74] Loaded system [gz::sim::systems::SceneBroadcaster] for entity [1]
(2023-10-19T19:18:50.520854893) (2023-10-19T19:18:50.520869237) [Msg] Serving world controls on [/world/default/control], [/world/default/control/state] and [/world/default/playback/control]
(2023-10-19T19:18:50.521320421) (2023-10-19T19:18:50.521333367) [Msg] Serving GUI information on [/world/default/gui/info]
(2023-10-19T19:18:50.521374539) (2023-10-19T19:18:50.521384826) [Msg] World [default] initialized with [default_physics] physics profile.
(2023-10-19T19:18:50.521994687) (2023-10-19T19:18:50.522007793) [Msg] Serving world SDF generation service on [/world/default/generate_world_sdf]
(2023-10-19T19:18:50.522427852) (2023-10-19T19:18:50.522440958) [Msg] Serving world names on [/gazebo/worlds]
(2023-10-19T19:18:50.522755603) (2023-10-19T19:18:50.522768170) [Msg] Resource path add service on [/gazebo/resource_paths/add].
(2023-10-19T19:18:50.523065999) (2023-10-19T19:18:50.523078248) [Msg] Resource path get service on [/gazebo/resource_paths/get].
(2023-10-19T19:18:50.523366180) (2023-10-19T19:18:50.523378547) [Msg] Resource path resolve service on [/gazebo/resource_paths/resolve].
(2023-10-19T19:18:50.523689972) (2023-10-19T19:18:50.523702219) [Msg] Resource paths published on [/gazebo/resource_paths].
(2023-10-19T19:18:50.524220000) (2023-10-19T19:18:50.524235463) [Msg] Server control service on [/server_control].
(2023-10-19T19:18:51.858194994) (2023-10-19T19:18:51.858217745) [Msg] Found no publishers on /stats, adding root stats topic
(2023-10-19T19:18:51.858434924) (2023-10-19T19:18:51.858444754) [Msg] Found no publishers on /clock, adding root clock topic
(2023-10-19T19:18:51.858701300) (2023-10-19T19:18:51.858711897) [Dbg] [SimulationRunner.cc:503] Creating PostUpdate worker threads: 2
(2023-10-19T19:18:51.858745886) (2023-10-19T19:18:51.858753633) [Dbg] [SimulationRunner.cc:514] Creating postupdate worker thread (0)
(2023-10-19T19:18:51.865389998) (2023-10-19T19:18:51.865418626) [Msg] Serving scene information on [/world/default/scene/info]
(2023-10-19T19:18:51.865516478) (2023-10-19T19:18:51.865538645) [Msg] Serving graph information on [/world/default/scene/graph]
(2023-10-19T19:18:51.865723500) (2023-10-19T19:18:51.865734720) [Msg] Serving full state on [/world/default/state]
(2023-10-19T19:18:51.865824030) (2023-10-19T19:18:51.865833678) [Msg] Serving full state (async) on [/world/default/state_async]
(2023-10-19T19:18:51.865929636) (2023-10-19T19:18:51.865938868) [Msg] Publishing scene information on [/world/default/scene/info]
(2023-10-19T19:18:51.866062108) (2023-10-19T19:18:51.866072260) [Msg] Publishing entity deletions on [/world/default/scene/deletion]
(2023-10-19T19:18:51.866140461) (2023-10-19T19:18:51.866149637) [Msg] Publishing state changes on [/world/default/state]
(2023-10-19T19:18:51.866255297) (2023-10-19T19:18:51.866264997) [Msg] Publishing pose messages on [/world/default/pose/info]
(2023-10-19T19:18:51.866342302) (2023-10-19T19:18:51.866351128) [Msg] Publishing dynamic pose messages on [/world/default/dynamic_pose/info]
(2023-10-19T19:18:51.866516167) (2023-10-19T19:18:51.866526038) [Dbg] [EntityComponentManager.cc:1655] Updated state thread iterators: 3 threads processing around 1 entities each.
(2023-10-19T19:18:51.866812404) (2023-10-19T19:18:51.866821455) [Wrn] [Component.hh:144] Trying to serialize component with data type [N3sdf3v135WorldE], which doesn't have `operator<<`. Component will not be serialized.
(2023-10-19T19:21:22.142561275) (2023-10-19T19:21:22.142577593) [Dbg] [UserCommands.cc:1263] Created entity [4] named [turtle]
(2023-10-19T19:23:23.34148075) (2023-10-19T19:23:23.34167243) [Dbg] [EntityComponentManager.cc:1655] Updated state thread iterators: 7 threads processing around 1 entities each.
(2023-10-19T19:25:49.502890520) (2023-10-19T19:25:49.502908474) [Dbg] [SignalHandler.cc:142] Received signal[2].
(2023-10-19T19:25:49.502927744) (2023-10-19T19:25:49.502932407) [Dbg] [ServerPrivate.cc:115] Server received signal[2]
(2023-10-19T19:25:49.503253633) (2023-10-19T19:25:49.503260297) [Dbg] [gz.cc:417] Shutting down gz-sim-server
(2023-10-19T19:25:49.507093454) (2023-10-19T19:25:49.507105243) [Dbg] [SimulationRunner.cc:530] Exiting postupdate worker thread (0)
