(2023-10-28T16:40:11.65493175) (2023-10-28T16:40:11.65502986) [Msg] Gazebo Sim Server v7.6.0
(2023-10-28T16:40:11.68280162) (2023-10-28T16:40:11.68287608) [Msg] Loading SDF world file[/home/bassam/PX4-Autopilot/Tools/simulation/gz/worlds/default.sdf].
(2023-10-28T16:40:11.154928938) (2023-10-28T16:40:11.154939160) [Msg] Serving entity system service on [/entity/system/add]
(2023-10-28T16:40:11.249230529) (2023-10-28T16:40:11.249248212) [Dbg] [Physics.cc:880] Loaded [gz::physics::dartsim::Plugin] from library [/usr/lib/x86_64-linux-gnu/gz-physics-6/engine-plugins/libgz-physics-dartsim-plugin.so]
(2023-10-28T16:40:11.249327303) (2023-10-28T16:40:11.249338423) [Dbg] [SystemManager.cc:74] Loaded system [gz::sim::systems::Physics] for entity [1]
(2023-10-28T16:40:11.251890672) (2023-10-28T16:40:11.251906120) [Msg] Create service on [/world/default/create]
(2023-10-28T16:40:11.252115514) (2023-10-28T16:40:11.252129215) [Msg] Remove service on [/world/default/remove]
(2023-10-28T16:40:11.252315382) (2023-10-28T16:40:11.252327675) [Msg] Pose service on [/world/default/set_pose]
(2023-10-28T16:40:11.252481489) (2023-10-28T16:40:11.252494173) [Msg] Pose service on [/world/default/set_pose_vector]
(2023-10-28T16:40:11.252738384) (2023-10-28T16:40:11.252750975) [Msg] Light configuration service on [/world/default/light_config]
(2023-10-28T16:40:11.253093365) (2023-10-28T16:40:11.253106544) [Msg] Physics service on [/world/default/set_physics]
(2023-10-28T16:40:11.253330247) (2023-10-28T16:40:11.253343073) [Msg] SphericalCoordinates service on [/world/default/set_spherical_coordinates]
(2023-10-28T16:40:11.253451829) (2023-10-28T16:40:11.253463762) [Msg] Enable collision service on [/world/default/enable_collision]
(2023-10-28T16:40:11.253566841) (2023-10-28T16:40:11.253578849) [Msg] Disable collision service on [/world/default/disable_collision]
(2023-10-28T16:40:11.253832031) (2023-10-28T16:40:11.253844650) [Msg] Material service on [/world/default/visual_config]
(2023-10-28T16:40:11.254011318) (2023-10-28T16:40:11.254023747) [Msg] Material service on [/world/default/wheel_slip]
(2023-10-28T16:40:11.254068359) (2023-10-28T16:40:11.254078643) [Dbg] [SystemManager.cc:74] Loaded system [gz::sim::systems::UserCommands] for entity [1]
(2023-10-28T16:40:11.255912670) (2023-10-28T16:40:11.255927406) [Dbg] [SystemManager.cc:74] Loaded system [gz::sim::systems::SceneBroadcaster] for entity [1]
(2023-10-28T16:40:11.257276835) (2023-10-28T16:40:11.257291410) [Dbg] [SystemManager.cc:74] Loaded system [gz::sim::systems::Contact] for entity [1]
(2023-10-28T16:40:11.268024987) (2023-10-28T16:40:11.268039134) [Dbg] [SystemManager.cc:74] Loaded system [gz::sim::systems::Imu] for entity [1]
(2023-10-28T16:40:11.270860444) (2023-10-28T16:40:11.270876258) [Dbg] [SystemManager.cc:74] Loaded system [gz::sim::systems::AirPressure] for entity [1]
(2023-10-28T16:40:11.355397784) (2023-10-28T16:40:11.355413606) [Msg] Listening to instantaneous wrench commands in [/world/default/wrench]
(2023-10-28T16:40:11.355505042) (2023-10-28T16:40:11.355513336) [Msg] Listening to persistent wrench commands in [/world/default/wrench/persistent]
(2023-10-28T16:40:11.355563191) (2023-10-28T16:40:11.355581382) [Msg] Listening to wrench clear commands in [/world/default/wrench/clear]
(2023-10-28T16:40:11.355611015) (2023-10-28T16:40:11.355617853) [Dbg] [SystemManager.cc:74] Loaded system [gz::sim::systems::ApplyLinkWrench] for entity [1]
(2023-10-28T16:40:11.366159333) (2023-10-28T16:40:11.366173901) [Dbg] [Sensors.cc:506] Configuring Sensors system
(2023-10-28T16:40:11.366245709) (2023-10-28T16:40:11.366251737) [Dbg] [Sensors.cc:425] SensorsPrivate::Run
(2023-10-28T16:40:11.366320059) (2023-10-28T16:40:11.366326944) [Dbg] [SystemManager.cc:74] Loaded system [gz::sim::systems::Sensors] for entity [1]
(2023-10-28T16:40:11.366397588) (2023-10-28T16:40:11.366409127) [Dbg] [Sensors.cc:402] SensorsPrivate::RenderThread started
(2023-10-28T16:40:11.366430364) (2023-10-28T16:40:11.366435751) [Dbg] [Sensors.cc:245] Waiting for init
(2023-10-28T16:40:11.368611632) (2023-10-28T16:40:11.368620318) [Wrn] [SystemLoader.cc:79] Trying to load deprecated plugin [ignition-gazebo-ackermann-steering-system]. Using [gz-sim-ackermann-steering-system] instead.
(2023-10-28T16:40:11.370315453) (2023-10-28T16:40:11.370324190) [Msg] AckermannSteering subscribing to twist messages on [/cmd_vel]
(2023-10-28T16:40:11.370484676) (2023-10-28T16:40:11.370492394) [Dbg] [SystemManager.cc:74] Loaded system [ignition::gazebo::systems::AckermannSteering] for entity [12]
(2023-10-28T16:40:11.370604190) (2023-10-28T16:40:11.370613996) [Msg] Loaded level [3]
(2023-10-28T16:40:11.371939547) (2023-10-28T16:40:11.371947913) [Msg] Serving world controls on [/world/default/control], [/world/default/control/state] and [/world/default/playback/control]
(2023-10-28T16:40:11.372123644) (2023-10-28T16:40:11.372131220) [Msg] Serving GUI information on [/world/default/gui/info]
(2023-10-28T16:40:11.372150383) (2023-10-28T16:40:11.372155357) [Msg] World [default] initialized with [default_physics] physics profile.
(2023-10-28T16:40:11.372268116) (2023-10-28T16:40:11.372275003) [Msg] Serving world SDF generation service on [/world/default/generate_world_sdf]
(2023-10-28T16:40:11.372361311) (2023-10-28T16:40:11.372368024) [Msg] Serving world names on [/gazebo/worlds]
(2023-10-28T16:40:11.372420612) (2023-10-28T16:40:11.372427133) [Msg] Resource path add service on [/gazebo/resource_paths/add].
(2023-10-28T16:40:11.372475003) (2023-10-28T16:40:11.372481482) [Msg] Resource path get service on [/gazebo/resource_paths/get].
(2023-10-28T16:40:11.372532556) (2023-10-28T16:40:11.372539016) [Msg] Resource path resolve service on [/gazebo/resource_paths/resolve].
(2023-10-28T16:40:11.372583716) (2023-10-28T16:40:11.372589830) [Msg] Resource paths published on [/gazebo/resource_paths].
(2023-10-28T16:40:11.372674833) (2023-10-28T16:40:11.372681779) [Msg] Server control service on [/server_control].
(2023-10-28T16:40:13.67167941) (2023-10-28T16:40:13.67180492) [Msg] Found no publishers on /stats, adding root stats topic
(2023-10-28T16:40:13.67313913) (2023-10-28T16:40:13.67322051) [Msg] Found no publishers on /clock, adding root clock topic
(2023-10-28T16:40:13.67510102) (2023-10-28T16:40:13.67519650) [Dbg] [SimulationRunner.cc:503] Creating PostUpdate worker threads: 7
(2023-10-28T16:40:13.67539541) (2023-10-28T16:40:13.67544012) [Dbg] [SimulationRunner.cc:514] Creating postupdate worker thread (0)
(2023-10-28T16:40:13.67634881) (2023-10-28T16:40:13.67640481) [Dbg] [SimulationRunner.cc:514] Creating postupdate worker thread (1)
(2023-10-28T16:40:13.67692717) (2023-10-28T16:40:13.67700553) [Dbg] [SimulationRunner.cc:514] Creating postupdate worker thread (2)
(2023-10-28T16:40:13.67750152) (2023-10-28T16:40:13.67755945) [Dbg] [SimulationRunner.cc:514] Creating postupdate worker thread (3)
(2023-10-28T16:40:13.67789344) (2023-10-28T16:40:13.67794623) [Dbg] [SimulationRunner.cc:514] Creating postupdate worker thread (4)
(2023-10-28T16:40:13.67864258) (2023-10-28T16:40:13.67869798) [Dbg] [SimulationRunner.cc:514] Creating postupdate worker thread (5)
(2023-10-28T16:40:13.223260427) (2023-10-28T16:40:13.223271037) [Wrn] [MulticopterMotorModel.cc:257] No robotNamespace set using entity name.
(2023-10-28T16:40:13.223295510) (2023-10-28T16:40:13.223300512) [Wrn] [MulticopterMotorModel.cc:295] <motorNumber> is depricated, please use <actuator_number>.
(2023-10-28T16:40:13.223337814) (2023-10-28T16:40:13.223342836) [Dbg] [MulticopterMotorModel.cc:386] Listening to topic: x500_depth_0/command/motor_speed
(2023-10-28T16:40:13.223592630) (2023-10-28T16:40:13.223599578) [Dbg] [SystemManager.cc:74] Loaded system [gz::sim::systems::MulticopterMotorModel] for entity [60]
(2023-10-28T16:40:13.223814218) (2023-10-28T16:40:13.223820586) [Wrn] [MulticopterMotorModel.cc:257] No robotNamespace set using entity name.
(2023-10-28T16:40:13.223833772) (2023-10-28T16:40:13.223838349) [Wrn] [MulticopterMotorModel.cc:295] <motorNumber> is depricated, please use <actuator_number>.
(2023-10-28T16:40:13.223868119) (2023-10-28T16:40:13.223872906) [Dbg] [MulticopterMotorModel.cc:386] Listening to topic: x500_depth_0/command/motor_speed
(2023-10-28T16:40:13.223979265) (2023-10-28T16:40:13.223985719) [Dbg] [SystemManager.cc:74] Loaded system [gz::sim::systems::MulticopterMotorModel] for entity [60]
(2023-10-28T16:40:13.224178238) (2023-10-28T16:40:13.224184427) [Wrn] [MulticopterMotorModel.cc:257] No robotNamespace set using entity name.
(2023-10-28T16:40:13.224197524) (2023-10-28T16:40:13.224202026) [Wrn] [MulticopterMotorModel.cc:295] <motorNumber> is depricated, please use <actuator_number>.
(2023-10-28T16:40:13.224231311) (2023-10-28T16:40:13.224235955) [Dbg] [MulticopterMotorModel.cc:386] Listening to topic: x500_depth_0/command/motor_speed
(2023-10-28T16:40:13.224349933) (2023-10-28T16:40:13.224356133) [Dbg] [SystemManager.cc:74] Loaded system [gz::sim::systems::MulticopterMotorModel] for entity [60]
(2023-10-28T16:40:13.224545905) (2023-10-28T16:40:13.224552552) [Wrn] [MulticopterMotorModel.cc:257] No robotNamespace set using entity name.
(2023-10-28T16:40:13.224565351) (2023-10-28T16:40:13.224570009) [Wrn] [MulticopterMotorModel.cc:295] <motorNumber> is depricated, please use <actuator_number>.
(2023-10-28T16:40:13.224599005) (2023-10-28T16:40:13.224604087) [Dbg] [MulticopterMotorModel.cc:386] Listening to topic: x500_depth_0/command/motor_speed
(2023-10-28T16:40:13.224729048) (2023-10-28T16:40:13.224735570) [Dbg] [SystemManager.cc:74] Loaded system [gz::sim::systems::MulticopterMotorModel] for entity [60]
(2023-10-28T16:40:13.224954624) (2023-10-28T16:40:13.224960320) [Dbg] [UserCommands.cc:1263] Created entity [60] named [x500_depth_0]
(2023-10-28T16:40:13.235715591) (2023-10-28T16:40:13.235726207) [Dbg] [SimulationFeatures.cc:72] Simulation timestep set to: 0.004
(2023-10-28T16:40:13.236955876) (2023-10-28T16:40:13.236971268) [Dbg] [Sensors.cc:659] Initialization needed
(2023-10-28T16:40:13.237043829) (2023-10-28T16:40:13.237051837) [Dbg] [Sensors.cc:257] Initializing render context
(2023-10-28T16:40:13.237138805) (2023-10-28T16:40:13.237144292) [Msg] Loading plugin [gz-rendering-ogre2]
(2023-10-28T16:40:13.237311797) (2023-10-28T16:40:13.237322316) [Dbg] [AirPressureSensor.cc:126] Air pressure for [x500_depth_0::base_link::air_pressure_sensor] advertised on [world/default/model/x500_depth_0/link/base_link/sensor/air_pressure_sensor/air_pressure]
(2023-10-28T16:40:13.237383758) (2023-10-28T16:40:13.237394956) [Dbg] [ImuSensor.cc:149] IMU data for [x500_depth_0::base_link::imu_sensor] advertised on [world/default/model/x500_depth_0/link/base_link/sensor/imu_sensor/imu]
(2023-10-28T16:40:13.237980757) (2023-10-28T16:40:13.237989414) [Msg] Serving scene information on [/world/default/scene/info]
(2023-10-28T16:40:13.238052059) (2023-10-28T16:40:13.238060876) [Msg] Serving graph information on [/world/default/scene/graph]
(2023-10-28T16:40:13.238195358) (2023-10-28T16:40:13.238204670) [Msg] Serving full state on [/world/default/state]
(2023-10-28T16:40:13.238257612) (2023-10-28T16:40:13.238266183) [Msg] Serving full state (async) on [/world/default/state_async]
(2023-10-28T16:40:13.238312750) (2023-10-28T16:40:13.238318238) [Msg] Publishing scene information on [/world/default/scene/info]
(2023-10-28T16:40:13.238389838) (2023-10-28T16:40:13.238395916) [Msg] Publishing entity deletions on [/world/default/scene/deletion]
(2023-10-28T16:40:13.238432742) (2023-10-28T16:40:13.238437823) [Msg] Publishing state changes on [/world/default/state]
(2023-10-28T16:40:13.238486886) (2023-10-28T16:40:13.238492258) [Msg] Publishing pose messages on [/world/default/pose/info]
(2023-10-28T16:40:13.238533305) (2023-10-28T16:40:13.238538440) [Msg] Publishing dynamic pose messages on [/world/default/dynamic_pose/info]
((((((2023-10-28T16:40:13.239115144) () (2023-10-28T16:40:13.239136072) 2023-10-28T16:40:13.239145040) ) 2023-10-28T16:40:13.239101504) (2023-10-28T16:40:13.239175350) 2023-10-28T16:40:13.239145492) (2023-10-28T16:40:13.2391960332023-10-28T16:40:13.239196033) ((2023-10-28T16:40:13.239228479) 2023-10-28T16:40:13.239217897) Exiting postupdate worker thread (4[Dbg] [SimulationRunner.cc:530] )
[Dbg] [SimulationRunner.cc:530] )Exiting postupdate worker thread (55Exiting postupdate worker thread (3)
Exiting postupdate worker thread (1)

Exiting postupdate worker thread (0)
Exiting postupdate worker thread (2)
(2023-10-28T16:40:13.239423959) (2023-10-28T16:40:13.239447569) [Dbg] [SimulationRunner.cc:503] Creating PostUpdate worker threads: 7
(2023-10-28T16:40:13.239466661) (2023-10-28T16:40:13.239471201) [Dbg] [SimulationRunner.cc:514] Creating postupdate worker thread (0)
(2023-10-28T16:40:13.248012964) (2023-10-28T16:40:13.248024164) [Dbg] [SimulationRunner.cc:514] Creating postupdate worker thread (1)
(2023-10-28T16:40:13.248051427) (2023-10-28T16:40:13.248056348) [Dbg] [SimulationRunner.cc:514] Creating postupdate worker thread (2)
(2023-10-28T16:40:13.248085616) (2023-10-28T16:40:13.248093478) [Dbg] [SimulationRunner.cc:514] Creating postupdate worker thread (3)
(2023-10-28T16:40:13.248120811) (2023-10-28T16:40:13.248126087) [Dbg] [SimulationRunner.cc:514] Creating postupdate worker thread (4)
(2023-10-28T16:40:13.248167480) (2023-10-28T16:40:13.248175617) [Dbg] [SimulationRunner.cc:514] Creating postupdate worker thread (5)
(2023-10-28T16:40:13.448425917) (2023-10-28T16:40:13.448432434) [Dbg] [RenderUtil.cc:2720] Create scene [scene]
((2023-10-28T16:40:13.483606158) (2023-10-28T16:40:13.483638030) 2023-10-28T16:40:13.483622358) ([Dbg] [Sensors.cc:277] Rendering Thread initialized
2023-10-28T16:40:13.483653123) [Dbg] [Sensors.cc:659] Initialization needed
(2023-10-28T16:40:13.486658203) (2023-10-28T16:40:13.486665374) [Wrn] [FuelClient.cc:1952] The fuel.ignitionrobotics.org URL is deprecrated. Pleasse change https://fuel.ignitionrobotics.org/1.0/openrobotics/models/prius hybrid/2/files/meshes/Hybrid.obj to https://fuel.gazebosim.org/1.0/openrobotics/models/prius hybrid/2/files/meshes/Hybrid.obj
(2023-10-28T16:40:13.486725786) (2023-10-28T16:40:13.486730986) [Wrn] [FuelClient.cc:1952] The fuel.ignitionrobotics.org URL is deprecrated. Pleasse change https://fuel.ignitionrobotics.org/1.0/openrobotics/models/prius hybrid/2/files/meshes/Hybrid.obj to https://fuel.gazebosim.org/1.0/openrobotics/models/prius hybrid/2/files/meshes/Hybrid.obj
(2023-10-28T16:40:13.496893121) (2023-10-28T16:40:13.496902189) [Wrn] [OBJLoader.cc:91] Both `d` and `Tr` parameters defined for "Hybrid". Use the value of `d` for dissolve (line 8 in .mtl.)
Both `d` and `Tr` parameters defined for "Wheels3". Use the value of `d` for dissolve (line 22 in .mtl.)
Both `d` and `Tr` parameters defined for "Hybrid_Interior". Use the value of `d` for dissolve (line 36 in .mtl.)
Both `d` and `Tr` parameters defined for "Windows". Use the value of `d` for dissolve (line 50 in .mtl.)

(2023-10-28T16:40:13.559081870) (2023-10-28T16:40:13.559089465) [Err] [SceneManager.cc:887] PBR material: currently only metal workflow is supported. Gazebo will try to render the material using metal workflow but without Roughness / Metalness settings.
(2023-10-28T16:40:14.905020275) (2023-10-28T16:40:14.905028438) [Dbg] [CameraSensor.cc:458] Camera images for [prius_hybrid::chassis::back_camera_sensor] advertised on [back_camera]
(2023-10-28T16:40:14.905142526) (2023-10-28T16:40:14.905148650) [Dbg] [CameraSensor.cc:786] Camera info for [prius_hybrid::chassis::back_camera_sensor] advertised on [/camera_info]
(2023-10-28T16:40:14.905242476) (2023-10-28T16:40:14.905248048) [Wrn] [Ogre2Camera.cc:412] Ogre2Camera::SetVisibilityMask: Mask bits c0000000 are set but will be ignored as they conflict with the reserved bits used internally by the ogre2 backend.
(2023-10-28T16:40:14.905443254) (2023-10-28T16:40:14.905449019) [Dbg] [CameraSensor.cc:458] Camera images for [prius_hybrid::chassis::front_camera_sensor] advertised on [front_camera]
(2023-10-28T16:40:14.905487309) (2023-10-28T16:40:14.905492544) [Dbg] [CameraSensor.cc:786] Camera info for [prius_hybrid::chassis::front_camera_sensor] advertised on [/camera_info]
(2023-10-28T16:40:14.905525294) (2023-10-28T16:40:14.905530060) [Wrn] [Ogre2Camera.cc:412] Ogre2Camera::SetVisibilityMask: Mask bits c0000000 are set but will be ignored as they conflict with the reserved bits used internally by the ogre2 backend.
(2023-10-28T16:40:14.905666133) (2023-10-28T16:40:14.905671949) [Dbg] [CameraSensor.cc:458] Camera images for [prius_hybrid::chassis::left_camera_sensor] advertised on [left_camera]
(2023-10-28T16:40:14.905710271) (2023-10-28T16:40:14.905715541) [Dbg] [CameraSensor.cc:786] Camera info for [prius_hybrid::chassis::left_camera_sensor] advertised on [/camera_info]
(2023-10-28T16:40:14.905746602) (2023-10-28T16:40:14.905751537) [Wrn] [Ogre2Camera.cc:412] Ogre2Camera::SetVisibilityMask: Mask bits c0000000 are set but will be ignored as they conflict with the reserved bits used internally by the ogre2 backend.
(2023-10-28T16:40:14.905853950) (2023-10-28T16:40:14.905859674) [Dbg] [CameraSensor.cc:458] Camera images for [prius_hybrid::chassis::right_camera_sensor] advertised on [right_camera]
(2023-10-28T16:40:14.905898015) (2023-10-28T16:40:14.905903378) [Dbg] [CameraSensor.cc:786] Camera info for [prius_hybrid::chassis::right_camera_sensor] advertised on [/camera_info]
(2023-10-28T16:40:14.905934910) (2023-10-28T16:40:14.905940127) [Wrn] [Ogre2Camera.cc:412] Ogre2Camera::SetVisibilityMask: Mask bits c0000000 are set but will be ignored as they conflict with the reserved bits used internally by the ogre2 backend.
(2023-10-28T16:40:14.906043991) (2023-10-28T16:40:14.906050037) [Dbg] [CameraSensor.cc:458] Camera images for [x500_depth_0::OakD-Lite/base_link::IMX214] advertised on [camera]
(2023-10-28T16:40:14.906090207) (2023-10-28T16:40:14.906095347) [Dbg] [CameraSensor.cc:786] Camera info for [x500_depth_0::OakD-Lite/base_link::IMX214] advertised on [/camera_info]
(2023-10-28T16:40:14.906127914) (2023-10-28T16:40:14.906132540) [Wrn] [Ogre2Camera.cc:412] Ogre2Camera::SetVisibilityMask: Mask bits c0000000 are set but will be ignored as they conflict with the reserved bits used internally by the ogre2 backend.
(2023-10-28T16:40:14.906277451) (2023-10-28T16:40:14.906283438) [Dbg] [DepthCameraSensor.cc:282] Depth images for [x500_depth_0::OakD-Lite/base_link::StereoOV7251] advertised on [depth_camera]
(2023-10-28T16:40:14.906334999) (2023-10-28T16:40:14.906340507) [Dbg] [CameraSensor.cc:786] Camera info for [x500_depth_0::OakD-Lite/base_link::StereoOV7251] advertised on [/camera_info]
(2023-10-28T16:40:14.906431265) (2023-10-28T16:40:14.906436771) [Dbg] [DepthCameraSensor.cc:299] Points for [x500_depth_0::OakD-Lite/base_link::StereoOV7251] advertised on [depth_camera/points]
(2023-10-28T16:40:25.999505407) (2023-10-28T16:40:25.999513912) [Dbg] [EntityComponentManager.cc:1655] Updated state thread iterators: 8 threads processing around 13 entities each.
(2023-10-28T16:40:25.999946372) (2023-10-28T16:40:25.999958669) [Wrn] [Component.hh:144] Trying to serialize component with data type [N3sdf3v135WorldE], which doesn't have `operator<<`. Component will not be serialized.
(2023-10-28T16:40:25.999996853) (2023-10-28T16:40:26.8859) [Wrn] [Model.hh:69] Skipping serialization / deserialization for models with //pose/@relative_to attribute.
(2023-10-28T16:41:14.790295338) (2023-10-28T16:41:14.790313398) [Dbg] [SignalHandler.cc:142] Received signal[2].
(2023-10-28T16:41:14.790344589) (2023-10-28T16:41:14.790353571) [Dbg] [ServerPrivate.cc:115] Server received signal[2]
(2023-10-28T16:41:14.790379537) (2023-10-28T16:41:14.790388321) [Dbg] [Sensors.cc:433] SensorsPrivate::Stop
(2023-10-28T16:41:14.828406471) (2023-10-28T16:41:14.828423936) [Dbg] [Sensors.cc:419] SensorsPrivate::RenderThread stopped
(2023-10-28T16:41:14.834493132) (2023-10-28T16:41:14.834506719) [Dbg] [gz.cc:417] Shutting down gz-sim-server
(((((((((((2023-10-28T16:41:14.837706014) () (2023-10-28T16:41:14.837730102) (2023-10-28T16:41:14.837733276) (2023-10-28T16:41:14.8377542222023-10-28T16:41:14.8377647992023-10-28T16:41:14.8377542222023-10-28T16:41:14.8377647992023-10-28T16:41:14.837880548) ) ) [Dbg] [SimulationRunner.cc:530] Exiting postupdate worker thread (Exiting postupdate worker thread () (2023-10-28T16:41:14.8379143182023-10-28T16:41:14.8377166252(()2023-10-28T16:41:14.837934739()2023-10-28T16:41:14.837934739) ) 
[Dbg] [SimulationRunner.cc:530] Exiting postupdate worker thread (5)
2023-10-28T16:41:14.837957630) ) (2023-10-28T16:41:14.838070524) Exiting postupdate worker thread (1)
[Dbg] [SimulationRunner.cc:530] Exiting postupdate worker thread (0)
Exiting postupdate worker thread (4)
[Dbg] [SimulationRunner.cc:530] Exiting postupdate worker thread (3)
(2023-10-28T16:41:14.870866833) (2023-10-28T16:41:14.870884976) [Dbg] [Sensors.cc:433] SensorsPrivate::Stop
