(2023-11-06T15:37:37.171432755) (2023-11-06T15:37:37.171443762) [Msg] Gazebo Sim Server v7.6.0
(2023-11-06T15:37:37.176884058) (2023-11-06T15:37:37.176891593) [Msg] Loading SDF world file[/home/bassam/PX4-Autopilot/Tools/simulation/gz/worlds/default.sdf].
(2023-11-06T15:37:37.285082960) (2023-11-06T15:37:37.285091217) [Msg] Serving entity system service on [/entity/system/add]
(2023-11-06T15:37:37.463130736) (2023-11-06T15:37:37.463147941) [Dbg] [Physics.cc:880] Loaded [gz::physics::dartsim::Plugin] from library [/usr/lib/x86_64-linux-gnu/gz-physics-6/engine-plugins/libgz-physics-dartsim-plugin.so]
(2023-11-06T15:37:37.463229355) (2023-11-06T15:37:37.463239289) [Dbg] [SystemManager.cc:74] Loaded system [gz::sim::systems::Physics] for entity [1]
(2023-11-06T15:37:37.466700790) (2023-11-06T15:37:37.466715821) [Msg] Create service on [/world/default/create]
(2023-11-06T15:37:37.567043462) (2023-11-06T15:37:37.567054480) [Msg] Remove service on [/world/default/remove]
(2023-11-06T15:37:37.567152608) (2023-11-06T15:37:37.567162157) [Msg] Pose service on [/world/default/set_pose]
(2023-11-06T15:37:37.567254185) (2023-11-06T15:37:37.567263562) [Msg] Pose service on [/world/default/set_pose_vector]
(2023-11-06T15:37:37.567412352) (2023-11-06T15:37:37.567421225) [Msg] Light configuration service on [/world/default/light_config]
(2023-11-06T15:37:37.567595629) (2023-11-06T15:37:37.567605025) [Msg] Physics service on [/world/default/set_physics]
(2023-11-06T15:37:37.567731496) (2023-11-06T15:37:37.567741052) [Msg] SphericalCoordinates service on [/world/default/set_spherical_coordinates]
(2023-11-06T15:37:37.567787157) (2023-11-06T15:37:37.567795559) [Msg] Enable collision service on [/world/default/enable_collision]
(2023-11-06T15:37:37.567839800) (2023-11-06T15:37:37.567848071) [Msg] Disable collision service on [/world/default/disable_collision]
(2023-11-06T15:37:37.568007723) (2023-11-06T15:37:37.568016695) [Msg] Material service on [/world/default/visual_config]
(2023-11-06T15:37:37.568099298) (2023-11-06T15:37:37.568108331) [Msg] Material service on [/world/default/wheel_slip]
(2023-11-06T15:37:37.568138558) (2023-11-06T15:37:37.568143060) [Dbg] [SystemManager.cc:74] Loaded system [gz::sim::systems::UserCommands] for entity [1]
(2023-11-06T15:37:37.571061172) (2023-11-06T15:37:37.571069300) [Dbg] [SystemManager.cc:74] Loaded system [gz::sim::systems::SceneBroadcaster] for entity [1]
(2023-11-06T15:37:37.572388513) (2023-11-06T15:37:37.572395942) [Dbg] [SystemManager.cc:74] Loaded system [gz::sim::systems::Contact] for entity [1]
(2023-11-06T15:37:37.574246809) (2023-11-06T15:37:37.574254949) [Dbg] [SystemManager.cc:74] Loaded system [gz::sim::systems::Imu] for entity [1]
(2023-11-06T15:37:37.575691172) (2023-11-06T15:37:37.575698767) [Dbg] [SystemManager.cc:74] Loaded system [gz::sim::systems::AirPressure] for entity [1]
(2023-11-06T15:37:37.577065803) (2023-11-06T15:37:37.577074610) [Msg] Listening to instantaneous wrench commands in [/world/default/wrench]
(2023-11-06T15:37:37.577120239) (2023-11-06T15:37:37.577128715) [Msg] Listening to persistent wrench commands in [/world/default/wrench/persistent]
(2023-11-06T15:37:37.577173393) (2023-11-06T15:37:37.577181951) [Msg] Listening to wrench clear commands in [/world/default/wrench/clear]
(2023-11-06T15:37:37.577201079) (2023-11-06T15:37:37.577205488) [Dbg] [SystemManager.cc:74] Loaded system [gz::sim::systems::ApplyLinkWrench] for entity [1]
(2023-11-06T15:37:37.584826114) (2023-11-06T15:37:37.584839507) [Dbg] [Sensors.cc:506] Configuring Sensors system
(2023-11-06T15:37:37.585159113) (2023-11-06T15:37:37.585165409) [Dbg] [Sensors.cc:425] SensorsPrivate::Run
(2023-11-06T15:37:37.585222990) (2023-11-06T15:37:37.585228622) [Dbg] [SystemManager.cc:74] Loaded system [gz::sim::systems::Sensors] for entity [1]
(2023-11-06T15:37:37.585295773) (2023-11-06T15:37:37.585305812) [Dbg] [Sensors.cc:402] SensorsPrivate::RenderThread started
(2023-11-06T15:37:37.585325465) (2023-11-06T15:37:37.585330039) [Dbg] [Sensors.cc:245] Waiting for init
(2023-11-06T15:37:37.587285881) (2023-11-06T15:37:37.587294731) [Wrn] [SystemLoader.cc:79] Trying to load deprecated plugin [ignition-gazebo-ackermann-steering-system]. Using [gz-sim-ackermann-steering-system] instead.
(2023-11-06T15:37:37.588998459) (2023-11-06T15:37:37.589009491) [Msg] AckermannSteering subscribing to twist messages on [/cmd_vel]
(2023-11-06T15:37:37.589178228) (2023-11-06T15:37:37.589184944) [Dbg] [SystemManager.cc:74] Loaded system [ignition::gazebo::systems::AckermannSteering] for entity [8]
(2023-11-06T15:37:37.589292476) (2023-11-06T15:37:37.589298243) [Msg] Loaded level [3]
(2023-11-06T15:37:37.590484348) (2023-11-06T15:37:37.590495665) [Msg] Serving world controls on [/world/default/control], [/world/default/control/state] and [/world/default/playback/control]
(2023-11-06T15:37:37.590649554) (2023-11-06T15:37:37.590658817) [Msg] Serving GUI information on [/world/default/gui/info]
(2023-11-06T15:37:37.590679225) (2023-11-06T15:37:37.590683564) [Msg] World [default] initialized with [default_physics] physics profile.
(2023-11-06T15:37:37.590787395) (2023-11-06T15:37:37.590796140) [Msg] Serving world SDF generation service on [/world/default/generate_world_sdf]
(2023-11-06T15:37:37.590877935) (2023-11-06T15:37:37.590886874) [Msg] Serving world names on [/gazebo/worlds]
(2023-11-06T15:37:37.590933769) (2023-11-06T15:37:37.590941918) [Msg] Resource path add service on [/gazebo/resource_paths/add].
(2023-11-06T15:37:37.590988494) (2023-11-06T15:37:37.590996969) [Msg] Resource path get service on [/gazebo/resource_paths/get].
(2023-11-06T15:37:37.591041511) (2023-11-06T15:37:37.591050022) [Msg] Resource path resolve service on [/gazebo/resource_paths/resolve].
(2023-11-06T15:37:37.591103091) (2023-11-06T15:37:37.591110971) [Msg] Resource paths published on [/gazebo/resource_paths].
(2023-11-06T15:37:37.591190316) (2023-11-06T15:37:37.591199272) [Msg] Server control service on [/server_control].
(2023-11-06T15:37:39.174230259) (2023-11-06T15:37:39.174245496) [Msg] Found no publishers on /stats, adding root stats topic
(2023-11-06T15:37:39.174402335) (2023-11-06T15:37:39.174412437) [Msg] Found no publishers on /clock, adding root clock topic
(2023-11-06T15:37:39.181311299) (2023-11-06T15:37:39.181318631) [Dbg] [SimulationRunner.cc:503] Creating PostUpdate worker threads: 7
(2023-11-06T15:37:39.181340351) (2023-11-06T15:37:39.181344739) [Dbg] [SimulationRunner.cc:514] Creating postupdate worker thread (0)
(2023-11-06T15:37:39.181508553) (2023-11-06T15:37:39.181514801) [Dbg] [SimulationRunner.cc:514] Creating postupdate worker thread (1)
(2023-11-06T15:37:39.181561677) (2023-11-06T15:37:39.181567069) [Dbg] [SimulationRunner.cc:514] Creating postupdate worker thread (2)
(2023-11-06T15:37:39.181603746) (2023-11-06T15:37:39.181609239) [Dbg] [SimulationRunner.cc:514] Creating postupdate worker thread (3)
(2023-11-06T15:37:39.181646441) (2023-11-06T15:37:39.181651899) [Dbg] [SimulationRunner.cc:514] Creating postupdate worker thread (4)
(2023-11-06T15:37:39.181690113) (2023-11-06T15:37:39.181695627) [Dbg] [SimulationRunner.cc:514] Creating postupdate worker thread (5)
(2023-11-06T15:37:39.367147096) (2023-11-06T15:37:39.367158791) [Wrn] [MulticopterMotorModel.cc:257] No robotNamespace set using entity name.
(2023-11-06T15:37:39.367184142) (2023-11-06T15:37:39.367189239) [Wrn] [MulticopterMotorModel.cc:295] <motorNumber> is depricated, please use <actuator_number>.
(2023-11-06T15:37:39.367227663) (2023-11-06T15:37:39.367233165) [Dbg] [MulticopterMotorModel.cc:386] Listening to topic: x500_depth_0/command/motor_speed
(2023-11-06T15:37:39.367436707) (2023-11-06T15:37:39.367446373) [Dbg] [SystemManager.cc:74] Loaded system [gz::sim::systems::MulticopterMotorModel] for entity [56]
(2023-11-06T15:37:39.367724877) (2023-11-06T15:37:39.367734680) [Wrn] [MulticopterMotorModel.cc:257] No robotNamespace set using entity name.
(2023-11-06T15:37:39.367753366) (2023-11-06T15:37:39.367758544) [Wrn] [MulticopterMotorModel.cc:295] <motorNumber> is depricated, please use <actuator_number>.
(2023-11-06T15:37:39.367790631) (2023-11-06T15:37:39.367795671) [Dbg] [MulticopterMotorModel.cc:386] Listening to topic: x500_depth_0/command/motor_speed
(2023-11-06T15:37:39.367877129) (2023-11-06T15:37:39.367883278) [Dbg] [SystemManager.cc:74] Loaded system [gz::sim::systems::MulticopterMotorModel] for entity [56]
(2023-11-06T15:37:39.368095877) (2023-11-06T15:37:39.368102376) [Wrn] [MulticopterMotorModel.cc:257] No robotNamespace set using entity name.
(2023-11-06T15:37:39.368115940) (2023-11-06T15:37:39.368120431) [Wrn] [MulticopterMotorModel.cc:295] <motorNumber> is depricated, please use <actuator_number>.
(2023-11-06T15:37:39.368151670) (2023-11-06T15:37:39.368156730) [Dbg] [MulticopterMotorModel.cc:386] Listening to topic: x500_depth_0/command/motor_speed
(2023-11-06T15:37:39.368247771) (2023-11-06T15:37:39.368254031) [Dbg] [SystemManager.cc:74] Loaded system [gz::sim::systems::MulticopterMotorModel] for entity [56]
(2023-11-06T15:37:39.368456876) (2023-11-06T15:37:39.368463588) [Wrn] [MulticopterMotorModel.cc:257] No robotNamespace set using entity name.
(2023-11-06T15:37:39.368476712) (2023-11-06T15:37:39.368481466) [Wrn] [MulticopterMotorModel.cc:295] <motorNumber> is depricated, please use <actuator_number>.
(2023-11-06T15:37:39.368511691) (2023-11-06T15:37:39.368516601) [Dbg] [MulticopterMotorModel.cc:386] Listening to topic: x500_depth_0/command/motor_speed
(2023-11-06T15:37:39.368598446) (2023-11-06T15:37:39.368604641) [Dbg] [SystemManager.cc:74] Loaded system [gz::sim::systems::MulticopterMotorModel] for entity [56]
(2023-11-06T15:37:39.368926808) (2023-11-06T15:37:39.368933849) [Dbg] [UserCommands.cc:1263] Created entity [56] named [x500_depth_0]
(2023-11-06T15:37:39.387604375) (2023-11-06T15:37:39.387616538) [Dbg] [SimulationFeatures.cc:72] Simulation timestep set to: 0.004
(2023-11-06T15:37:39.389173896) (2023-11-06T15:37:39.389183672) [Dbg] [Sensors.cc:659] Initialization needed
(2023-11-06T15:37:39.389221217) (2023-11-06T15:37:39.389228555) [Dbg] [Sensors.cc:257] Initializing render context
(2023-11-06T15:37:39.389317163) (2023-11-06T15:37:39.389323081) [Msg] Loading plugin [gz-rendering-ogre2]
(2023-11-06T15:37:39.389786745) (2023-11-06T15:37:39.389796000) [Dbg] [ImuSensor.cc:149] IMU data for [(x500_depth_0::base_link::imu_sensor] advertised on [world/default/model/x500_depth_0/link/base_link/sensor/imu_sensor/imu]2023-11-06T15:37:39.389820828) (
2023-11-06T15:37:39.389847990) [Dbg] [AirPressureSensor.cc:126] Air pressure for [x500_depth_0::base_link::air_pressure_sensor] advertised on [world/default/model/x500_depth_0/link/base_link/sensor/air_pressure_sensor/air_pressure]
(2023-11-06T15:37:39.390180139) (2023-11-06T15:37:39.390190715) [Msg] Serving scene information on [/world/default/scene/info]
(2023-11-06T15:37:39.390250607) (2023-11-06T15:37:39.390259529) [Msg] Serving graph information on [/world/default/scene/graph]
(2023-11-06T15:37:39.390405947) (2023-11-06T15:37:39.390415769) [Msg] Serving full state on [/world/default/state]
(2023-11-06T15:37:39.390468036) (2023-11-06T15:37:39.390476451) [Msg] Serving full state (async) on [/world/default/state_async]
(2023-11-06T15:37:39.390529145) (2023-11-06T15:37:39.390538440) [Msg] Publishing scene information on [/world/default/scene/info]
(2023-11-06T15:37:39.390632477) (2023-11-06T15:37:39.390642171) [Msg] Publishing entity deletions on [/world/default/scene/deletion]
(2023-11-06T15:37:39.390693089) (2023-11-06T15:37:39.390702140) [Msg] Publishing state changes on [/world/default/state]
(2023-11-06T15:37:39.390778517) (2023-11-06T15:37:39.390785091) [Msg] Publishing pose messages on [/world/default/pose/info]
(2023-11-06T15:37:39.390864527) (2023-11-06T15:37:39.390873953) [Msg] Publishing dynamic pose messages on [/world/default/dynamic_pose/info]
(2023-11-06T15:37:39.391380762) (2023-11-06T15:37:39.391388239) [Dbg] [EntityComponentManager.cc:1655] Updated state thread iterators: 8 threads processing around 13 entities each.
(2023-11-06T15:37:39.400369279) (2023-11-06T15:37:39.400382389) [Wrn] [Component.hh:144] Trying to serialize component with data type [N3sdf3v135WorldE], which doesn't have `operator<<`. Component will not be serialized.
(2023-11-06T15:37:39.400523237) (2023-11-06T15:37:39.400533418) [Wrn] [Model.hh:69] Skipping serialization / deserialization for models with //pose/@relative_to attribute.
(2023-11-06T15:37:39.402890068) (2023-11-06T15:37:39.402904943) [Dbg] [SimulationRunner.cc:530] Exiting postupdate worker thread (4)
(2023-11-06T15:37:39.403034408) (2023-11-06T15:37:39.403050837) (((((Exiting postupdate worker thread (32023-11-06T15:37:39.403071146)2023-11-06T15:37:39.403071146)2023-11-06T15:37:39.403078426) 

2023-11-06T15:37:39.403072341) ) (2023-11-06T15:37:39.403111930(2023-11-06T15:37:39.403111930((2023-11-06T15:37:39.403129885) [Dbg] [SimulationRunner.cc:530] Exiting postupdate worker thread (1)
2023-11-06T15:37:39.403184882) ([Dbg] [SimulationRunner.cc:530] 2023-11-06T15:37:39.403204655[Dbg] [SimulationRunner.cc:530] 2023-11-06T15:37:39.403204655) ) (2023-11-06T15:37:39.403229491) Exiting postupdate worker thread (5)
[Dbg] [SimulationRunner.cc:530] Exiting postupdate worker thread (0)
Exiting postupdate worker thread (2)
(2023-11-06T15:37:39.403423621) (2023-11-06T15:37:39.403432343) [Dbg] [SimulationRunner.cc:503] Creating PostUpdate worker threads: 7
(2023-11-06T15:37:39.403469958) (2023-11-06T15:37:39.403474593) [Dbg] [SimulationRunner.cc:514] Creating postupdate worker thread (0)
(2023-11-06T15:37:39.404580470) (2023-11-06T15:37:39.404591700) [Dbg] [SimulationRunner.cc:514] Creating postupdate worker thread (1)
(2023-11-06T15:37:39.404638233) (2023-11-06T15:37:39.404647308) [Dbg] [SimulationRunner.cc:514] Creating postupdate worker thread (2)
(2023-11-06T15:37:39.404696764) (2023-11-06T15:37:39.404705621) [Dbg] [SimulationRunner.cc:514] Creating postupdate worker thread (3)
(2023-11-06T15:37:39.404747879) (2023-11-06T15:37:39.404756110) [Dbg] [SimulationRunner.cc:514] Creating postupdate worker thread (4)
(2023-11-06T15:37:39.404828795) (2023-11-06T15:37:39.404837845) [Dbg] [SimulationRunner.cc:514] Creating postupdate worker thread (5)
(2023-11-06T15:37:39.670808252) (2023-11-06T15:37:39.670815715) [Dbg] [RenderUtil.cc:2720] Create scene [scene]
(2023-11-06T15:37:39.719986409) (2023-11-06T15:37:39.719998990) [Dbg] [Sensors.cc:277] Rendering Thread initialized
(2023-11-06T15:37:39.720046027) (2023-11-06T15:37:39.720061156) [Dbg] [Sensors.cc:659] Initialization needed
(2023-11-06T15:37:39.724022758) (2023-11-06T15:37:39.724030963) [Wrn] [FuelClient.cc:1952] The fuel.ignitionrobotics.org URL is deprecrated. Pleasse change https://fuel.ignitionrobotics.org/1.0/openrobotics/models/prius hybrid/2/files/meshes/Hybrid.obj to https://fuel.gazebosim.org/1.0/openrobotics/models/prius hybrid/2/files/meshes/Hybrid.obj
(2023-11-06T15:37:39.724102283) (2023-11-06T15:37:39.724107825) [Wrn] [FuelClient.cc:1952] The fuel.ignitionrobotics.org URL is deprecrated. Pleasse change https://fuel.ignitionrobotics.org/1.0/openrobotics/models/prius hybrid/2/files/meshes/Hybrid.obj to https://fuel.gazebosim.org/1.0/openrobotics/models/prius hybrid/2/files/meshes/Hybrid.obj
(2023-11-06T15:37:39.727331526) (2023-11-06T15:37:39.727339122) [Wrn] [OBJLoader.cc:91] Both `d` and `Tr` parameters defined for "Hybrid". Use the value of `d` for dissolve (line 8 in .mtl.)
Both `d` and `Tr` parameters defined for "Wheels3". Use the value of `d` for dissolve (line 22 in .mtl.)
Both `d` and `Tr` parameters defined for "Hybrid_Interior". Use the value of `d` for dissolve (line 36 in .mtl.)
Both `d` and `Tr` parameters defined for "Windows". Use the value of `d` for dissolve (line 50 in .mtl.)

(2023-11-06T15:37:39.790734537) (2023-11-06T15:37:39.790742567) [Err] [SceneManager.cc:887] PBR material: currently only metal workflow is supported. Gazebo will try to render the material using metal workflow but without Roughness / Metalness settings.
(2023-11-06T15:37:41.257743724) (2023-11-06T15:37:41.257752022) [Dbg] [CameraSensor.cc:458] Camera images for [prius_hybrid::chassis::back_camera_sensor] advertised on [back_camera]
(2023-11-06T15:37:41.257857336) (2023-11-06T15:37:41.257863359) [Dbg] [CameraSensor.cc:786] Camera info for [prius_hybrid::chassis::back_camera_sensor] advertised on [/camera_info]
(2023-11-06T15:37:41.257968905) (2023-11-06T15:37:41.257974617) [Wrn] [Ogre2Camera.cc:412] Ogre2Camera::SetVisibilityMask: Mask bits c0000000 are set but will be ignored as they conflict with the reserved bits used internally by the ogre2 backend.
(2023-11-06T15:37:41.258199252) (2023-11-06T15:37:41.258205899) [Dbg] [CameraSensor.cc:458] Camera images for [prius_hybrid::chassis::front_camera_sensor] advertised on [front_camera]
(2023-11-06T15:37:41.258246390) (2023-11-06T15:37:41.258251628) [Dbg] [CameraSensor.cc:786] Camera info for [prius_hybrid::chassis::front_camera_sensor] advertised on [/camera_info]
(2023-11-06T15:37:41.258286530) (2023-11-06T15:37:41.258291470) [Wrn] [Ogre2Camera.cc:412] Ogre2Camera::SetVisibilityMask: Mask bits c0000000 are set but will be ignored as they conflict with the reserved bits used internally by the ogre2 backend.
(2023-11-06T15:37:41.258417570) (2023-11-06T15:37:41.258423571) [Dbg] [CameraSensor.cc:458] Camera images for [prius_hybrid::chassis::left_camera_sensor] advertised on [left_camera]
(2023-11-06T15:37:41.258478585) (2023-11-06T15:37:41.258484131) [Dbg] [CameraSensor.cc:786] Camera info for [prius_hybrid::chassis::left_camera_sensor] advertised on [/camera_info]
(2023-11-06T15:37:41.258517511) (2023-11-06T15:37:41.258522376) [Wrn] [Ogre2Camera.cc:412] Ogre2Camera::SetVisibilityMask: Mask bits c0000000 are set but will be ignored as they conflict with the reserved bits used internally by the ogre2 backend.
(2023-11-06T15:37:41.258639385) (2023-11-06T15:37:41.258645484) [Dbg] [CameraSensor.cc:458] Camera images for [prius_hybrid::chassis::right_camera_sensor] advertised on [right_camera]
(2023-11-06T15:37:41.258684586) (2023-11-06T15:37:41.258689756) [Dbg] [CameraSensor.cc:786] Camera info for [prius_hybrid::chassis::right_camera_sensor] advertised on [/camera_info]
(2023-11-06T15:37:41.258721959) (2023-11-06T15:37:41.258727094) [Wrn] [Ogre2Camera.cc:412] Ogre2Camera::SetVisibilityMask: Mask bits c0000000 are set but will be ignored as they conflict with the reserved bits used internally by the ogre2 backend.
(2023-11-06T15:37:41.258844229) (2023-11-06T15:37:41.258850375) [Dbg] [CameraSensor.cc:458] Camera images for [x500_depth_0::OakD-Lite/base_link::IMX214] advertised on [camera]
(2023-11-06T15:37:41.258893019) (2023-11-06T15:37:41.258898174) [Dbg] [CameraSensor.cc:786] Camera info for [x500_depth_0::OakD-Lite/base_link::IMX214] advertised on [/camera_info]
(2023-11-06T15:37:41.258956723) (2023-11-06T15:37:41.258962326) [Wrn] [Ogre2Camera.cc:412] Ogre2Camera::SetVisibilityMask: Mask bits c0000000 are set but will be ignored as they conflict with the reserved bits used internally by the ogre2 backend.
(2023-11-06T15:37:41.259130217) (2023-11-06T15:37:41.259136545) [Dbg] [DepthCameraSensor.cc:282] Depth images for [x500_depth_0::OakD-Lite/base_link::StereoOV7251] advertised on [depth_camera]
(2023-11-06T15:37:41.259187769) (2023-11-06T15:37:41.259193352) [Dbg] [CameraSensor.cc:786] Camera info for [x500_depth_0::OakD-Lite/base_link::StereoOV7251] advertised on [/camera_info]
(2023-11-06T15:37:41.259286307) (2023-11-06T15:37:41.259292290) [Dbg] [DepthCameraSensor.cc:299] Points for [x500_depth_0::OakD-Lite/base_link::StereoOV7251] advertised on [depth_camera/points]
(2023-11-06T15:40:49.608963561) (2023-11-06T15:40:49.608985189) [Dbg] [CameraSensor.cc:583] Enabling camera sensor: 'x500_depth_0::OakD-Lite/base_link::IMX214' data generation.
(2023-11-06T16:04:05.16140700) (2023-11-06T16:04:05.16179823) [Dbg] [SignalHandler.cc:142] Received signal[2].
(2023-11-06T16:04:05.16232458) (2023-11-06T16:04:05.16247359) [Dbg] [ServerPrivate.cc:115] Server received signal[2]
(2023-11-06T16:04:05.16302893) (2023-11-06T16:04:05.16315267) [Dbg] [Sensors.cc:433] SensorsPrivate::Stop
(2023-11-06T16:04:05.128381157) (2023-11-06T16:04:05.128411621) [Dbg] [Sensors.cc:419] SensorsPrivate::RenderThread stopped
(2023-11-06T16:04:05.137140504) (2023-11-06T16:04:05.137165563) [Dbg] [gz.cc:417] Shutting down gz-sim-server
((((2023-11-06T16:04:05.1451856152023-11-06T16:04:05.145177557) () (2023-11-06T16:04:05.145283404) [Dbg] [SimulationRunner.cc:530] Exiting postupdate worker thread (0)
2023-11-06T16:04:05.145210919) (2023-11-06T16:04:05.145348358) 2023-11-06T16:04:05.1452116672023-11-06T16:04:05.145211667[Dbg] [SimulationRunner.cc:530] 2023-11-06T16:04:05.145211667[Dbg] [SimulationRunner.cc:530] 2023-11-06T16:04:05.145353499) ) (((Exiting postupdate worker thread (Exiting postupdate worker thread (2023-11-06T16:04:05.145439088Exiting postupdate worker thread (2023-11-06T16:04:05.145439088Exiting postupdate worker thread (2023-11-06T16:04:05.1454390882023-11-06T16:04:05.145439421) (2023-11-06T16:04:05.145481160) ) 2023-11-06T16:04:05.145504242) ) 2)
(2023-11-06T16:04:05.145580173) [Dbg] [SimulationRunner.cc:530] Exiting postupdate worker thread (1)
[Dbg] [SimulationRunner.cc:530] Exiting postupdate worker thread (3)
[Dbg] [SimulationRunner.cc:530] Exiting postupdate worker thread (4)
Exiting postupdate worker thread (5)
(2023-11-06T16:04:05.217992499) (2023-11-06T16:04:05.218012290) [Dbg] [Sensors.cc:433] SensorsPrivate::Stop
