(2023-10-20T02:11:20.414202691) (2023-10-20T02:11:20.414221827) [Msg] Gazebo Sim Server v7.6.0
(2023-10-20T02:11:20.419842752) (2023-10-20T02:11:20.419859459) [Msg] Loading SDF world file[/home/bassam/PX4-Autopilot/Tools/simulation/gz/worlds/default.sdf].
(2023-10-20T02:11:20.619991514) (2023-10-20T02:11:20.620019190) [Msg] Serving entity system service on [/entity/system/add]
(2023-10-20T02:11:20.835760545) (2023-10-20T02:11:20.835786062) [Dbg] [Physics.cc:880] Loaded [gz::physics::dartsim::Plugin] from library [/usr/lib/x86_64-linux-gnu/gz-physics-6/engine-plugins/libgz-physics-dartsim-plugin.so]
(2023-10-20T02:11:20.835901876) (2023-10-20T02:11:20.835917475) [Dbg] [SystemManager.cc:74] Loaded system [gz::sim::systems::Physics] for entity [1]
(2023-10-20T02:11:20.945092670) (2023-10-20T02:11:20.945112758) [Msg] Create service on [/world/default/create]
(2023-10-20T02:11:20.945377230) (2023-10-20T02:11:20.945397931) [Msg] Remove service on [/world/default/remove]
(2023-10-20T02:11:20.945567702) (2023-10-20T02:11:20.945585696) [Msg] Pose service on [/world/default/set_pose]
(2023-10-20T02:11:20.945763297) (2023-10-20T02:11:20.945781599) [Msg] Pose service on [/world/default/set_pose_vector]
(2023-10-20T02:11:20.946035857) (2023-10-20T02:11:20.946054588) [Msg] Light configuration service on [/world/default/light_config]
(2023-10-20T02:11:20.946444362) (2023-10-20T02:11:20.946462358) [Msg] Physics service on [/world/default/set_physics]
(2023-10-20T02:11:20.946690517) (2023-10-20T02:11:20.946706799) [Msg] SphericalCoordinates service on [/world/default/set_spherical_coordinates]
(2023-10-20T02:11:20.946821172) (2023-10-20T02:11:20.946837297) [Msg] Enable collision service on [/world/default/enable_collision]
(2023-10-20T02:11:20.946947936) (2023-10-20T02:11:20.946965690) [Msg] Disable collision service on [/world/default/disable_collision]
(2023-10-20T02:11:20.947204660) (2023-10-20T02:11:20.947220810) [Msg] Material service on [/world/default/visual_config]
(2023-10-20T02:11:20.947388291) (2023-10-20T02:11:20.947406040) [Msg] Material service on [/world/default/wheel_slip]
(2023-10-20T02:11:20.947452944) (2023-10-20T02:11:20.947461349) [Dbg] [SystemManager.cc:74] Loaded system [gz::sim::systems::UserCommands] for entity [1]
(2023-10-20T02:11:20.949411793) (2023-10-20T02:11:20.949425999) [Dbg] [SystemManager.cc:74] Loaded system [gz::sim::systems::SceneBroadcaster] for entity [1]
(2023-10-20T02:11:20.950784200) (2023-10-20T02:11:20.950798246) [Dbg] [SystemManager.cc:74] Loaded system [gz::sim::systems::Contact] for entity [1]
(2023-10-20T02:11:20.952769156) (2023-10-20T02:11:20.952783433) [Dbg] [SystemManager.cc:74] Loaded system [gz::sim::systems::Imu] for entity [1]
(2023-10-20T02:11:20.954499544) (2023-10-20T02:11:20.954514044) [Dbg] [SystemManager.cc:74] Loaded system [gz::sim::systems::AirPressure] for entity [1]
(2023-10-20T02:11:20.956080181) (2023-10-20T02:11:20.956095082) [Msg] Listening to instantaneous wrench commands in [/world/default/wrench]
(2023-10-20T02:11:20.956195934) (2023-10-20T02:11:20.956207574) [Msg] Listening to persistent wrench commands in [/world/default/wrench/persistent]
(2023-10-20T02:11:20.956298021) (2023-10-20T02:11:20.956309348) [Msg] Listening to wrench clear commands in [/world/default/wrench/clear]
(2023-10-20T02:11:20.956346372) (2023-10-20T02:11:20.956360517) [Dbg] [SystemManager.cc:74] Loaded system [gz::sim::systems::ApplyLinkWrench] for entity [1]
(2023-10-20T02:11:20.965665261) (2023-10-20T02:11:20.965683090) [Dbg] [Sensors.cc:506] Configuring Sensors system
(2023-10-20T02:11:20.965831489) (2023-10-20T02:11:20.965846858) [Dbg] [Sensors.cc:425] SensorsPrivate::Run
(2023-10-20T02:11:20.965956667) (2023-10-20T02:11:20.965973468) [Dbg] [SystemManager.cc:74] Loaded system [gz::sim::systems::Sensors] for entity [1]
(2023-10-20T02:11:20.966064907) (2023-10-20T02:11:20.966085073) [Dbg] [Sensors.cc:402] SensorsPrivate::RenderThread started
(2023-10-20T02:11:20.966112302) (2023-10-20T02:11:20.966120564) [Dbg] [Sensors.cc:245] Waiting for init
(2023-10-20T02:11:20.969668543) (2023-10-20T02:11:20.969685288) [Wrn] [SystemLoader.cc:79] Trying to load deprecated plugin [ignition-gazebo-ackermann-steering-system]. Using [gz-sim-ackermann-steering-system] instead.
(2023-10-20T02:11:20.971628837) (2023-10-20T02:11:20.971643558) [Msg] AckermannSteering subscribing to twist messages on [/cmd_vel]
(2023-10-20T02:11:20.971944014) (2023-10-20T02:11:20.971956465) [Dbg] [SystemManager.cc:74] Loaded system [ignition::gazebo::systems::AckermannSteering] for entity [8]
(2023-10-20T02:11:20.972148056) (2023-10-20T02:11:20.972158704) [Msg] Loaded level [3]
(2023-10-20T02:11:20.974470627) (2023-10-20T02:11:20.974488924) [Msg] Serving world controls on [/world/default/control], [/world/default/control/state] and [/world/default/playback/control]
(2023-10-20T02:11:20.974784432) (2023-10-20T02:11:20.974803337) [Msg] Serving GUI information on [/world/default/gui/info]
(2023-10-20T02:11:20.974836548) (2023-10-20T02:11:20.974844940) [Msg] World [default] initialized with [default_physics] physics profile.
(2023-10-20T02:11:20.975056513) (2023-10-20T02:11:20.975074198) [Msg] Serving world SDF generation service on [/world/default/generate_world_sdf]
(2023-10-20T02:11:20.975234258) (2023-10-20T02:11:20.975251469) [Msg] Serving world names on [/gazebo/worlds]
(2023-10-20T02:11:20.975356584) (2023-10-20T02:11:20.975372193) [Msg] Resource path add service on [/gazebo/resource_paths/add].
(2023-10-20T02:11:20.975476818) (2023-10-20T02:11:20.975495130) [Msg] Resource path get service on [/gazebo/resource_paths/get].
(2023-10-20T02:11:20.975602357) (2023-10-20T02:11:20.975619008) [Msg] Resource path resolve service on [/gazebo/resource_paths/resolve].
(2023-10-20T02:11:20.975714297) (2023-10-20T02:11:20.975724518) [Msg] Resource paths published on [/gazebo/resource_paths].
(2023-10-20T02:11:20.975886365) (2023-10-20T02:11:20.975904270) [Msg] Server control service on [/server_control].
(2023-10-20T02:11:22.418236446) (2023-10-20T02:11:22.418308025) [Msg] Found no publishers on /stats, adding root stats topic
(2023-10-20T02:11:22.418716795) (2023-10-20T02:11:22.418735643) [Msg] Found no publishers on /clock, adding root clock topic
(2023-10-20T02:11:22.419120148) (2023-10-20T02:11:22.419140825) [Dbg] [SimulationRunner.cc:503] Creating PostUpdate worker threads: 7
(2023-10-20T02:11:22.419199326) (2023-10-20T02:11:22.419215556) [Dbg] [SimulationRunner.cc:514] Creating postupdate worker thread (0)
(2023-10-20T02:11:22.419465465) (2023-10-20T02:11:22.419483788) [Dbg] [SimulationRunner.cc:514] Creating postupdate worker thread (1)
(2023-10-20T02:11:22.419602251) (2023-10-20T02:11:22.419619366) [Dbg] [SimulationRunner.cc:514] Creating postupdate worker thread (2)
(2023-10-20T02:11:22.419723735) (2023-10-20T02:11:22.419740854) [Dbg] [SimulationRunner.cc:514] Creating postupdate worker thread (3)
(2023-10-20T02:11:22.419845060) (2023-10-20T02:11:22.419862472) [Dbg] [SimulationRunner.cc:514] Creating postupdate worker thread (4)
(2023-10-20T02:11:22.420029689) (2023-10-20T02:11:22.420045056) [Dbg] [SimulationRunner.cc:514] Creating postupdate worker thread (5)
(2023-10-20T02:11:22.729063329) (2023-10-20T02:11:22.729083297) [Wrn] [MulticopterMotorModel.cc:257] No robotNamespace set using entity name.
(2023-10-20T02:11:22.729145372) (2023-10-20T02:11:22.729155213) [Wrn] [MulticopterMotorModel.cc:295] <motorNumber> is depricated, please use <actuator_number>.
(2023-10-20T02:11:22.729224971) (2023-10-20T02:11:22.729234401) [Dbg] [MulticopterMotorModel.cc:386] Listening to topic: x500_depth_0/command/motor_speed
(2023-10-20T02:11:22.729643338) (2023-10-20T02:11:22.729659339) [Dbg] [SystemManager.cc:74] Loaded system [gz::sim::systems::MulticopterMotorModel] for entity [56]
(2023-10-20T02:11:22.730107381) (2023-10-20T02:11:22.730119988) [Wrn] [MulticopterMotorModel.cc:257] No robotNamespace set using entity name.
(2023-10-20T02:11:22.730144779) (2023-10-20T02:11:22.730153627) [Wrn] [MulticopterMotorModel.cc:295] <motorNumber> is depricated, please use <actuator_number>.
(2023-10-20T02:11:22.730218897) (2023-10-20T02:11:22.730228618) [Dbg] [MulticopterMotorModel.cc:386] Listening to topic: x500_depth_0/command/motor_speed
(2023-10-20T02:11:22.730456020) (2023-10-20T02:11:22.730474620) [Dbg] [SystemManager.cc:74] Loaded system [gz::sim::systems::MulticopterMotorModel] for entity [56]
(2023-10-20T02:11:22.730860674) (2023-10-20T02:11:22.730872221) [Wrn] [MulticopterMotorModel.cc:257] No robotNamespace set using entity name.
(2023-10-20T02:11:22.730897156) (2023-10-20T02:11:22.730905511) [Wrn] [MulticopterMotorModel.cc:295] <motorNumber> is depricated, please use <actuator_number>.
(2023-10-20T02:11:22.730969400) (2023-10-20T02:11:22.730985007) [Dbg] [MulticopterMotorModel.cc:386] Listening to topic: x500_depth_0/command/motor_speed
(2023-10-20T02:11:22.731295051) (2023-10-20T02:11:22.731314161) [Dbg] [SystemManager.cc:74] Loaded system [gz::sim::systems::MulticopterMotorModel] for entity [56]
(2023-10-20T02:11:22.731796712) (2023-10-20T02:11:22.731814995) [Wrn] [MulticopterMotorModel.cc:257] No robotNamespace set using entity name.
(2023-10-20T02:11:22.731842262) (2023-10-20T02:11:22.731850626) [Wrn] [MulticopterMotorModel.cc:295] <motorNumber> is depricated, please use <actuator_number>.
(2023-10-20T02:11:22.731908827) (2023-10-20T02:11:22.731917869) [Dbg] [MulticopterMotorModel.cc:386] Listening to topic: x500_depth_0/command/motor_speed
(2023-10-20T02:11:22.732226437) (2023-10-20T02:11:22.732246103) [Dbg] [SystemManager.cc:74] Loaded system [gz::sim::systems::MulticopterMotorModel] for entity [56]
(2023-10-20T02:11:22.732741662) (2023-10-20T02:11:22.732754103) [Dbg] [UserCommands.cc:1263] Created entity [56] named [x500_depth_0]
(2023-10-20T02:11:22.751743394) (2023-10-20T02:11:22.751761521) [Dbg] [SimulationFeatures.cc:72] Simulation timestep set to: 0.004
(2023-10-20T02:11:22.753584049) (2023-10-20T02:11:22.753627895) [Dbg] [Sensors.cc:659] Initialization needed
(2023-10-20T02:11:22.753692201) (2023-10-20T02:11:22.753708248) [Dbg] [Sensors.cc:257] Initializing render context
(2023-10-20T02:11:22.753858902) (2023-10-20T02:11:22.753870593) [Msg] Loading plugin [gz-rendering-ogre2]
(2023-10-20T02:11:22.754493925) (2023-10-20T02:11:22.754517617) [Dbg] [AirPressureSensor.cc:126] Air pressure for [x500_depth_0::base_link::air_pressure_sensor] advertised on [world/default/model/x500_depth_0/link/base_link/sensor/air_pressure_sensor/air_pressure]
(2023-10-20T02:11:22.754644451) (2023-10-20T02:11:22.754675732) [Dbg] [ImuSensor.cc:149] IMU data for [x500_depth_0::base_link::imu_sensor] advertised on [world/default/model/x500_depth_0/link/base_link/sensor/imu_sensor/imu]
(2023-10-20T02:11:22.755623188) (2023-10-20T02:11:22.755641575) [Msg] Serving scene information on [/world/default/scene/info]
(2023-10-20T02:11:22.755770796) (2023-10-20T02:11:22.755788591) [Msg] Serving graph information on [/world/default/scene/graph]
(2023-10-20T02:11:22.756053242) (2023-10-20T02:11:22.756071893) [Msg] Serving full state on [/world/default/state]
(2023-10-20T02:11:22.756186455) (2023-10-20T02:11:22.756206052) [Msg] Serving full state (async) on [/world/default/state_async]
(2023-10-20T02:11:22.756350229) (2023-10-20T02:11:22.756364148) [Msg] Publishing scene information on [/world/default/scene/info]
(2023-10-20T02:11:22.756535802) (2023-10-20T02:11:22.756550156) [Msg] Publishing entity deletions on [/world/default/scene/deletion]
(2023-10-20T02:11:22.756662161) (2023-10-20T02:11:22.756679437) [Msg] Publishing state changes on [/world/default/state]
(2023-10-20T02:11:22.756809627) (2023-10-20T02:11:22.756821334) [Msg] Publishing pose messages on [/world/default/pose/info]
(2023-10-20T02:11:22.756967814) (2023-10-20T02:11:22.756981128) [Msg] Publishing dynamic pose messages on [/world/default/dynamic_pose/info]
(2023-10-20T02:11:22.757867915) (2023-10-20T02:11:22.757882678) [Dbg] [EntityComponentManager.cc:1655] Updated state thread iterators: 8 threads processing around 13 entities each.
(2023-10-20T02:11:22.774556351) (2023-10-20T02:11:22.774583057) [Wrn] [Component.hh:144] Trying to serialize component with data type [N3sdf3v135WorldE], which doesn't have `operator<<`. Component will not be serialized.
(2023-10-20T02:11:22.774852615) (2023-10-20T02:11:22.774871150) [Wrn] [Model.hh:69] Skipping serialization / deserialization for models with //pose/@relative_to attribute.
(((2023-10-20T02:11:22.778669243(2023-10-20T02:11:22.7786692432023-10-20T02:11:22.778687441() (() (2023-10-20T02:11:22.778760182) (2023-10-20T02:11:22.778786463) (2023-10-20T02:11:22.7787657912023-10-20T02:11:22.7787657912023-10-20T02:11:22.778823676) [Dbg] [SimulationRunner.cc:530] ) () ) ) () [Dbg] [SimulationRunner.cc:530] [Dbg] [SimulationRunner.cc:530] ) Exiting postupdate worker thread (42023-10-20T02:11:22.779001947) (Exiting postupdate worker thread (2023-10-20T02:11:22.779030566) 22[Dbg] [SimulationRunner.cc:530] Exiting postupdate worker thread (5)

Exiting postupdate worker thread (11Exiting postupdate worker thread (3)
Exiting postupdate worker thread (0)

)Exiting postupdate worker thread (
)
(2023-10-20T02:11:22.779474531) (2023-10-20T02:11:22.779489007) [Dbg] [SimulationRunner.cc:503] Creating PostUpdate worker threads: 7
(2023-10-20T02:11:22.779524670) (2023-10-20T02:11:22.779533518) [Dbg] [SimulationRunner.cc:514] Creating postupdate worker thread (0)
(2023-10-20T02:11:22.780708261) (2023-10-20T02:11:22.780724636) [Dbg] [SimulationRunner.cc:514] Creating postupdate worker thread (1)
(2023-10-20T02:11:22.780785810) (2023-10-20T02:11:22.780803004) [Dbg] [SimulationRunner.cc:514] Creating postupdate worker thread (2)
(2023-10-20T02:11:22.780854826) (2023-10-20T02:11:22.780869015) [Dbg] [SimulationRunner.cc:514] Creating postupdate worker thread (3)
(2023-10-20T02:11:22.780925776) (2023-10-20T02:11:22.780939893) [Dbg] [SimulationRunner.cc:514] Creating postupdate worker thread (4)
(2023-10-20T02:11:22.781019181) (2023-10-20T02:11:22.781036195) [Dbg] [SimulationRunner.cc:514] Creating postupdate worker thread (5)
(2023-10-20T02:11:23.57836142) (2023-10-20T02:11:23.57848543) [Dbg] [RenderUtil.cc:2720] Create scene [scene]
((2023-10-20T02:11:23.109258035) (2023-10-20T02:11:23.109280416) [Dbg] [Sensors.cc:277] Rendering Thread initialized
2023-10-20T02:11:23.109303854) (2023-10-20T02:11:23.109343299) [Dbg] [Sensors.cc:659] Initialization needed
(2023-10-20T02:11:23.115053488) (2023-10-20T02:11:23.115068221) [Wrn] [FuelClient.cc:1952] The fuel.ignitionrobotics.org URL is deprecrated. Pleasse change https://fuel.ignitionrobotics.org/1.0/openrobotics/models/prius hybrid/2/files/meshes/Hybrid.obj to https://fuel.gazebosim.org/1.0/openrobotics/models/prius hybrid/2/files/meshes/Hybrid.obj
(2023-10-20T02:11:23.115181669) (2023-10-20T02:11:23.115191377) [Wrn] [FuelClient.cc:1952] The fuel.ignitionrobotics.org URL is deprecrated. Pleasse change https://fuel.ignitionrobotics.org/1.0/openrobotics/models/prius hybrid/2/files/meshes/Hybrid.obj to https://fuel.gazebosim.org/1.0/openrobotics/models/prius hybrid/2/files/meshes/Hybrid.obj
(2023-10-20T02:11:23.119687819) (2023-10-20T02:11:23.119706475) [Wrn] [OBJLoader.cc:91] Both `d` and `Tr` parameters defined for "Hybrid". Use the value of `d` for dissolve (line 8 in .mtl.)
Both `d` and `Tr` parameters defined for "Wheels3". Use the value of `d` for dissolve (line 22 in .mtl.)
Both `d` and `Tr` parameters defined for "Hybrid_Interior". Use the value of `d` for dissolve (line 36 in .mtl.)
Both `d` and `Tr` parameters defined for "Windows". Use the value of `d` for dissolve (line 50 in .mtl.)

(2023-10-20T02:11:26.77212584) (2023-10-20T02:11:26.77234200) [Dbg] [CameraSensor.cc:458] Camera images for [prius_hybrid::chassis::back_camera_sensor] advertised on [back_camera]
(2023-10-20T02:11:26.77453274) (2023-10-20T02:11:26.77466426) [Dbg] [CameraSensor.cc:786] Camera info for [prius_hybrid::chassis::back_camera_sensor] advertised on [/camera_info]
(2023-10-20T02:11:26.77680006) (2023-10-20T02:11:26.77692089) [Wrn] [Ogre2Camera.cc:412] Ogre2Camera::SetVisibilityMask: Mask bits c0000000 are set but will be ignored as they conflict with the reserved bits used internally by the ogre2 backend.
(2023-10-20T02:11:26.78138230) (2023-10-20T02:11:26.78157638) [Dbg] [CameraSensor.cc:458] Camera images for [prius_hybrid::chassis::front_camera_sensor] advertised on [front_camera]
(2023-10-20T02:11:26.78293987) (2023-10-20T02:11:26.78312984) [Dbg] [CameraSensor.cc:786] Camera info for [prius_hybrid::chassis::front_camera_sensor] advertised on [/camera_info]
(2023-10-20T02:11:26.78391535) (2023-10-20T02:11:26.78401773) [Wrn] [Ogre2Camera.cc:412] Ogre2Camera::SetVisibilityMask: Mask bits c0000000 are set but will be ignored as they conflict with the reserved bits used internally by the ogre2 backend.
(2023-10-20T02:11:26.78676979) (2023-10-20T02:11:26.78695668) [Dbg] [CameraSensor.cc:458] Camera images for [prius_hybrid::chassis::left_camera_sensor] advertised on [left_camera]
(2023-10-20T02:11:26.78817448) (2023-10-20T02:11:26.78835920) [Dbg] [CameraSensor.cc:786] Camera info for [prius_hybrid::chassis::left_camera_sensor] advertised on [/camera_info]
(2023-10-20T02:11:26.78908233) (2023-10-20T02:11:26.78918014) [Wrn] [Ogre2Camera.cc:412] Ogre2Camera::SetVisibilityMask: Mask bits c0000000 are set but will be ignored as they conflict with the reserved bits used internally by the ogre2 backend.
(2023-10-20T02:11:26.79161925) (2023-10-20T02:11:26.79180600) [Dbg] [CameraSensor.cc:458] Camera images for [prius_hybrid::chassis::right_camera_sensor] advertised on [right_camera]
(2023-10-20T02:11:26.79293647) (2023-10-20T02:11:26.79311765) [Dbg] [CameraSensor.cc:786] Camera info for [prius_hybrid::chassis::right_camera_sensor] advertised on [/camera_info]
(2023-10-20T02:11:26.79390263) (2023-10-20T02:11:26.79400726) [Wrn] [Ogre2Camera.cc:412] Ogre2Camera::SetVisibilityMask: Mask bits c0000000 are set but will be ignored as they conflict with the reserved bits used internally by the ogre2 backend.
(2023-10-20T02:11:26.79653454) (2023-10-20T02:11:26.79672843) [Dbg] [CameraSensor.cc:458] Camera images for [x500_depth_0::OakD-Lite/base_link::IMX214] advertised on [camera]
(2023-10-20T02:11:26.79789791) (2023-10-20T02:11:26.79807404) [Dbg] [CameraSensor.cc:786] Camera info for [x500_depth_0::OakD-Lite/base_link::IMX214] advertised on [/camera_info]
(2023-10-20T02:11:26.79889999) (2023-10-20T02:11:26.79900589) [Wrn] [Ogre2Camera.cc:412] Ogre2Camera::SetVisibilityMask: Mask bits c0000000 are set but will be ignored as they conflict with the reserved bits used internally by the ogre2 backend.
(2023-10-20T02:11:26.80294837) (2023-10-20T02:11:26.80313679) [Dbg] [DepthCameraSensor.cc:282] Depth images for [x500_depth_0::OakD-Lite/base_link::StereoOV7251] advertised on [depth_camera]
(2023-10-20T02:11:26.80444721) (2023-10-20T02:11:26.80462488) [Dbg] [CameraSensor.cc:786] Camera info for [x500_depth_0::OakD-Lite/base_link::StereoOV7251] advertised on [/camera_info]
(2023-10-20T02:11:26.80679301) (2023-10-20T02:11:26.80697640) [Dbg] [DepthCameraSensor.cc:299] Points for [x500_depth_0::OakD-Lite/base_link::StereoOV7251] advertised on [depth_camera/points]
(2023-10-20T02:11:45.115310801) (2023-10-20T02:11:45.115522233) [Dbg] [SignalHandler.cc:142] Received signal[2].
(2023-10-20T02:11:45.115582036) (2023-10-20T02:11:45.115595469) [Dbg] [ServerPrivate.cc:115] Server received signal[2]
(2023-10-20T02:11:45.115651444) (2023-10-20T02:11:45.115665972) [Dbg] [Sensors.cc:433] SensorsPrivate::Stop
(2023-10-20T02:11:45.279872784) (2023-10-20T02:11:45.279899019) [Dbg] [Sensors.cc:419] SensorsPrivate::RenderThread stopped
(2023-10-20T02:11:45.282732196) (2023-10-20T02:11:45.282781252) [Dbg] [gz.cc:417] Shutting down gz-sim-server
((((2023-10-20T02:11:45.287756377) (2023-10-20T02:11:45.287783859) [Dbg] [SimulationRunner.cc:530] 2023-10-20T02:11:45.2877260232023-10-20T02:11:45.2877260232023-10-20T02:11:45.2878453332023-10-20T02:11:45.287856612) (((2023-10-20T02:11:45.2880468842023-10-20T02:11:45.2880634012023-10-20T02:11:45.288063401) 2023-10-20T02:11:45.2880648011) ) () (2023-10-20T02:11:45.2881486582023-10-20T02:11:45.288165681)
[Dbg] [SimulationRunner.cc:530] Exiting postupdate worker thread (00) ()
) [Dbg] [SimulationRunner.cc:530] Exiting postupdate worker thread (2)[Dbg] [SimulationRunner.cc:530] Exiting postupdate worker thread (3)

[Dbg] [SimulationRunner.cc:530] Exiting postupdate worker thread ([Dbg] [SimulationRunner.cc:530] Exiting postupdate worker thread (5)
4)
(2023-10-20T02:11:45.340209328) (2023-10-20T02:11:45.340228498) [Dbg] [Sensors.cc:433] SensorsPrivate::Stop
