(2023-10-29T12:48:19.662795844) (2023-10-29T12:48:19.662802325) [Msg] Gazebo Sim Server v7.6.0
(2023-10-29T12:48:19.665212748) (2023-10-29T12:48:19.665221359) [Msg] Loading default world.
(2023-10-29T12:48:19.747344375) (2023-10-29T12:48:19.747359118) [Msg] Serving entity system service on [/entity/system/add]
(2023-10-29T12:48:19.747721487) (2023-10-29T12:48:19.747729441) [Msg] Loaded level [3]
(2023-10-29T12:48:19.747773450) (2023-10-29T12:48:19.747778629) [Msg] No systems loaded from SDF, loading defaults
(2023-10-29T12:48:19.748177054) (2023-10-29T12:48:19.748187016) [Dbg] [ServerConfig.cc:1062] Loaded (3) plugins from file [/home/bassam/.gz/sim/7/server.config]
(2023-10-29T12:48:19.875376865) (2023-10-29T12:48:19.875391288) [Dbg] [Physics.cc:880] Loaded [gz::physics::dartsim::Plugin] from library [/usr/lib/x86_64-linux-gnu/gz-physics-6/engine-plugins/libgz-physics-dartsim-plugin.so]
(2023-10-29T12:48:19.875455546) (2023-10-29T12:48:19.875463467) [Dbg] [SystemManager.cc:74] Loaded system [gz::sim::systems::Physics] for entity [1]
(2023-10-29T12:48:19.877713235) (2023-10-29T12:48:19.877726209) [Msg] Create service on [/world/default/create]
(2023-10-29T12:48:19.881928466) (2023-10-29T12:48:19.881942125) [Msg] Remove service on [/world/default/remove]
(2023-10-29T12:48:19.882160941) (2023-10-29T12:48:19.882170511) [Msg] Pose service on [/world/default/set_pose]
(2023-10-29T12:48:19.882319224) (2023-10-29T12:48:19.882328626) [Msg] Pose service on [/world/default/set_pose_vector]
(2023-10-29T12:48:19.882554378) (2023-10-29T12:48:19.882564067) [Msg] Light configuration service on [/world/default/light_config]
(2023-10-29T12:48:19.882881256) (2023-10-29T12:48:19.882891310) [Msg] Physics service on [/world/default/set_physics]
(2023-10-29T12:48:19.883100849) (2023-10-29T12:48:19.883111771) [Msg] SphericalCoordinates service on [/world/default/set_spherical_coordinates]
(2023-10-29T12:48:19.883226284) (2023-10-29T12:48:19.883235531) [Msg] Enable collision service on [/world/default/enable_collision]
(2023-10-29T12:48:19.883344547) (2023-10-29T12:48:19.883353566) [Msg] Disable collision service on [/world/default/disable_collision]
(2023-10-29T12:48:19.883606175) (2023-10-29T12:48:19.883615369) [Msg] Material service on [/world/default/visual_config]
(2023-10-29T12:48:19.883768765) (2023-10-29T12:48:19.883777857) [Msg] Material service on [/world/default/wheel_slip]
(2023-10-29T12:48:19.883815800) (2023-10-29T12:48:19.883823432) [Dbg] [SystemManager.cc:74] Loaded system [gz::sim::systems::UserCommands] for entity [1]
(2023-10-29T12:48:19.885398749) (2023-10-29T12:48:19.885410564) [Dbg] [SystemManager.cc:74] Loaded system [gz::sim::systems::SceneBroadcaster] for entity [1]
(2023-10-29T12:48:19.895711438) (2023-10-29T12:48:19.895726566) [Msg] Serving world controls on [/world/default/control], [/world/default/control/state] and [/world/default/playback/control]
(2023-10-29T12:48:19.895888802) (2023-10-29T12:48:19.895898306) [Msg] Serving GUI information on [/world/default/gui/info]
(2023-10-29T12:48:19.895926779) (2023-10-29T12:48:19.895933825) [Msg] World [default] initialized with [default_physics] physics profile.
(2023-10-29T12:48:19.896186509) (2023-10-29T12:48:19.896196206) [Msg] Serving world SDF generation service on [/world/default/generate_world_sdf]
(2023-10-29T12:48:19.896382282) (2023-10-29T12:48:19.896391397) [Msg] Serving world names on [/gazebo/worlds]
(2023-10-29T12:48:19.896526097) (2023-10-29T12:48:19.896534900) [Msg] Resource path add service on [/gazebo/resource_paths/add].
(2023-10-29T12:48:19.896709039) (2023-10-29T12:48:19.896718098) [Msg] Resource path get service on [/gazebo/resource_paths/get].
(2023-10-29T12:48:19.896853570) (2023-10-29T12:48:19.896862633) [Msg] Resource path resolve service on [/gazebo/resource_paths/resolve].
(2023-10-29T12:48:19.897144448) (2023-10-29T12:48:19.897154093) [Msg] Resource paths published on [/gazebo/resource_paths].
(2023-10-29T12:48:19.897355889) (2023-10-29T12:48:19.897365497) [Msg] Server control service on [/server_control].
(2023-10-29T12:48:19.897590817) (2023-10-29T12:48:19.897600328) [Wrn] [SimulationRunner.cc:676] Found additional publishers on /stats, using namespaced stats topic only
(2023-10-29T12:48:19.897634449) (2023-10-29T12:48:19.897642227) [Dbg] [SimulationRunner.cc:678] Publishers [Address, Message Type]:
(2023-10-29T12:48:19.897656500) (2023-10-29T12:48:19.897664100) [Dbg] [SimulationRunner.cc:683]   tcp://172.28.244.235:46083, gz.msgs.WorldStatistics
(2023-10-29T12:48:19.897892134) (2023-10-29T12:48:19.897901484) [Wrn] [SimulationRunner.cc:709] Found additional publishers on /clock, using namespaced clock topic only
(2023-10-29T12:48:19.897924740) (2023-10-29T12:48:19.897932139) [Dbg] [SimulationRunner.cc:711] Publishers [Address, Message Type]:
(2023-10-29T12:48:19.897946483) (2023-10-29T12:48:19.897953937) [Dbg] [SimulationRunner.cc:716]   tcp://172.28.244.235:46083, gz.msgs.Clock
(2023-10-29T12:48:19.898049289) (2023-10-29T12:48:19.898057748) [Dbg] [SimulationRunner.cc:503] Creating PostUpdate worker threads: 2
(2023-10-29T12:48:19.898082393) (2023-10-29T12:48:19.898089900) [Dbg] [SimulationRunner.cc:514] Creating postupdate worker thread (0)
(2023-10-29T12:48:19.905866955) (2023-10-29T12:48:19.905884825) [Msg] Serving scene information on [/world/default/scene/info]
(2023-10-29T12:48:19.905995644) (2023-10-29T12:48:19.906006108) [Msg] Serving graph information on [/world/default/scene/graph]
(2023-10-29T12:48:19.906201333) (2023-10-29T12:48:19.906212096) [Msg] Serving full state on [/world/default/state]
(2023-10-29T12:48:19.906307687) (2023-10-29T12:48:19.906317819) [Msg] Serving full state (async) on [/world/default/state_async]
(2023-10-29T12:48:19.906417025) (2023-10-29T12:48:19.906426668) [Msg] Publishing scene information on [/world/default/scene/info]
(2023-10-29T12:48:19.906541294) (2023-10-29T12:48:19.906550316) [Msg] Publishing entity deletions on [/world/default/scene/deletion]
(2023-10-29T12:48:19.906643039) (2023-10-29T12:48:19.906652239) [Msg] Publishing state changes on [/world/default/state]
(2023-10-29T12:48:19.906914468) (2023-10-29T12:48:19.907052033) [Msg] Publishing pose messages on [/world/default/pose/info]
(2023-10-29T12:48:19.907167830) (2023-10-29T12:48:19.907176999) [Msg] Publishing dynamic pose messages on [/world/default/dynamic_pose/info]
