(2023-10-16T22:54:22.885414124) (2023-10-16T22:54:22.885428234) [Msg] Gazebo Sim Server v7.6.0
(2023-10-16T22:54:22.891064690) (2023-10-16T22:54:22.891078880) [Msg] Loading SDF world file[/home/bassam/ros2_ws/install/ardupilot_gz_gazebo/share/ardupilot_gz_gazebo/worlds/iris_runway.sdf].
(2023-10-16T22:54:23.153802172) (2023-10-16T22:54:23.153812550) [Msg] Serving entity system service on [/entity/system/add]
(2023-10-16T22:54:23.300157976) (2023-10-16T22:54:23.300172429) [Dbg] [Physics.cc:880] Loaded [gz::physics::dartsim::Plugin] from library [/usr/lib/x86_64-linux-gnu/gz-physics-6/engine-plugins/libgz-physics-dartsim-plugin.so]
(2023-10-16T22:54:23.300249207) (2023-10-16T22:54:23.300258329) [Dbg] [SystemManager.cc:74] Loaded system [gz::sim::systems::Physics] for entity [1]
(2023-10-16T22:54:23.307781596) (2023-10-16T22:54:23.307796521) [Dbg] [Sensors.cc:506] Configuring Sensors system
(2023-10-16T22:54:23.307892439) (2023-10-16T22:54:23.307901637) [Dbg] [Sensors.cc:425] SensorsPrivate::Run
(2023-10-16T22:54:23.307990990) (2023-10-16T22:54:23.308000036) [Dbg] [SystemManager.cc:74] Loaded system [gz::sim::systems::Sensors] for entity [1]
(2023-10-16T22:54:23.310427970) (2023-10-16T22:54:23.310439230) [Msg] Create service on [/world/map/create]
(2023-10-16T22:54:23.310745412) (2023-10-16T22:54:23.310756926) [Msg] Remove service on [/world/map/remove]
(2023-10-16T22:54:23.311030541) (2023-10-16T22:54:23.311040549) [Msg] Pose service on [/world/map/set_pose]
(2023-10-16T22:54:23.311311072) (2023-10-16T22:54:23.311320807) [Msg] Pose service on [/world/map/set_pose_vector]
(2023-10-16T22:54:23.311651146) (2023-10-16T22:54:23.311661096) [Msg] Light configuration service on [/world/map/light_config]
(2023-10-16T22:54:23.312039412) (2023-10-16T22:54:23.312054109) [Dbg] [Sensors.cc:402] SensorsPrivate::RenderThread started
(2023-10-16T22:54:23.312084050) (2023-10-16T22:54:23.312092261) [Dbg] [Sensors.cc:245] Waiting for init
(2023-10-16T22:54:23.312142320) (2023-10-16T22:54:23.312152439) [Msg] Physics service on [/world/map/set_physics]
(2023-10-16T22:54:23.312470559) (2023-10-16T22:54:23.312480870) [Msg] SphericalCoordinates service on [/world/map/set_spherical_coordinates]
(2023-10-16T22:54:23.312721971) (2023-10-16T22:54:23.312731545) [Msg] Enable collision service on [/world/map/enable_collision]
(2023-10-16T22:54:23.312960710) (2023-10-16T22:54:23.312970367) [Msg] Disable collision service on [/world/map/disable_collision]
(2023-10-16T22:54:23.313304151) (2023-10-16T22:54:23.313314083) [Msg] Material service on [/world/map/visual_config]
(2023-10-16T22:54:23.313592473) (2023-10-16T22:54:23.313602514) [Msg] Material service on [/world/map/wheel_slip]
(2023-10-16T22:54:23.313650706) (2023-10-16T22:54:23.313658431) [Dbg] [SystemManager.cc:74] Loaded system [gz::sim::systems::UserCommands] for entity [1]
(2023-10-16T22:54:23.334849526) (2023-10-16T22:54:23.334864808) [Dbg] [SystemManager.cc:74] Loaded system [gz::sim::systems::SceneBroadcaster] for entity [1]
(2023-10-16T22:54:23.336366585) (2023-10-16T22:54:23.336378314) [Dbg] [SystemManager.cc:74] Loaded system [gz::sim::systems::AirPressure] for entity [1]
(2023-10-16T22:54:23.337708048) (2023-10-16T22:54:23.337718743) [Dbg] [SystemManager.cc:74] Loaded system [gz::sim::systems::AirSpeed] for entity [1]
(2023-10-16T22:54:23.339042573) (2023-10-16T22:54:23.339053145) [Dbg] [SystemManager.cc:74] Loaded system [gz::sim::systems::Altimeter] for entity [1]
(2023-10-16T22:54:23.340436384) (2023-10-16T22:54:23.340447166) [Dbg] [SystemManager.cc:74] Loaded system [gz::sim::systems::Imu] for entity [1]
(2023-10-16T22:54:23.341788732) (2023-10-16T22:54:23.341799283) [Dbg] [SystemManager.cc:74] Loaded system [gz::sim::systems::Magnetometer] for entity [1]
(2023-10-16T22:54:23.343088284) (2023-10-16T22:54:23.343098826) [Dbg] [SystemManager.cc:74] Loaded system [gz::sim::systems::NavSat] for entity [1]
(2023-10-16T22:54:23.426673964) (2023-10-16T22:54:23.426685574) [Dbg] [SystemManager.cc:74] Loaded system [gz::sim::systems::JointStatePublisher] for entity [9]
(2023-10-16T22:54:23.427748222) (2023-10-16T22:54:23.427764797) [Msg] OdometryPublisher publishing odometry on [/model/iris/odometry]
(2023-10-16T22:54:23.427863109) (2023-10-16T22:54:23.427869701) [Msg] OdometryPublisher publishing odometry with covariance on [/model/iris/odometry_with_covariance]
(2023-10-16T22:54:23.427937740) (2023-10-16T22:54:23.427943973) [Msg] OdometryPublisher publishing Pose_V (TF) on [/model/iris/pose]
(2023-10-16T22:54:23.427967384) (2023-10-16T22:54:23.427972053) [Dbg] [SystemManager.cc:74] Loaded system [gz::sim::systems::OdometryPublisher] for entity [9]
(2023-10-16T22:54:23.428986245) (2023-10-16T22:54:23.428993955) [Dbg] [SystemManager.cc:74] Loaded system [gz::sim::systems::LiftDrag] for entity [9]
(2023-10-16T22:54:23.429291294) (2023-10-16T22:54:23.429298732) [Dbg] [SystemManager.cc:74] Loaded system [gz::sim::systems::LiftDrag] for entity [9]
(2023-10-16T22:54:23.429574270) (2023-10-16T22:54:23.429583933) [Dbg] [SystemManager.cc:74] Loaded system [gz::sim::systems::LiftDrag] for entity [9]
(2023-10-16T22:54:23.429824907) (2023-10-16T22:54:23.429831579) [Dbg] [SystemManager.cc:74] Loaded system [gz::sim::systems::LiftDrag] for entity [9]
(2023-10-16T22:54:23.430072300) (2023-10-16T22:54:23.430078854) [Dbg] [SystemManager.cc:74] Loaded system [gz::sim::systems::LiftDrag] for entity [9]
(2023-10-16T22:54:23.430311425) (2023-10-16T22:54:23.430317641) [Dbg] [SystemManager.cc:74] Loaded system [gz::sim::systems::LiftDrag] for entity [9]
(2023-10-16T22:54:23.430598447) (2023-10-16T22:54:23.430610037) [Dbg] [SystemManager.cc:74] Loaded system [gz::sim::systems::LiftDrag] for entity [9]
(2023-10-16T22:54:23.431116192) (2023-10-16T22:54:23.431161023) [Dbg] [SystemManager.cc:74] Loaded system [gz::sim::systems::LiftDrag] for entity [9]
(2023-10-16T22:54:23.432913551) (2023-10-16T22:54:23.432930852) [Msg] ApplyJointForce subscribing to Double messages on [/model/iris/joint/rotor_0_joint/cmd_force]
(2023-10-16T22:54:23.432982185) (2023-10-16T22:54:23.432990452) [Dbg] [SystemManager.cc:74] Loaded system [gz::sim::systems::ApplyJointForce] for entity [9]
(2023-10-16T22:54:23.433596885) (2023-10-16T22:54:23.433609166) [Msg] ApplyJointForce subscribing to Double messages on [/model/iris/joint/rotor_1_joint/cmd_force]
(2023-10-16T22:54:23.433651374) (2023-10-16T22:54:23.433659774) [Dbg] [SystemManager.cc:74] Loaded system [gz::sim::systems::ApplyJointForce] for entity [9]
(2023-10-16T22:54:23.434764850) (2023-10-16T22:54:23.434782465) [Msg] ApplyJointForce subscribing to Double messages on [/model/iris/joint/rotor_2_joint/cmd_force]
(2023-10-16T22:54:23.434819786) (2023-10-16T22:54:23.434827623) [Dbg] [SystemManager.cc:74] Loaded system [gz::sim::systems::ApplyJointForce] for entity [9]
(2023-10-16T22:54:23.435294539) (2023-10-16T22:54:23.435304617) [Msg] ApplyJointForce subscribing to Double messages on [/model/iris/joint/rotor_3_joint/cmd_force]
(2023-10-16T22:54:23.435339260) (2023-10-16T22:54:23.435346064) [Dbg] [SystemManager.cc:74] Loaded system [gz::sim::systems::ApplyJointForce] for entity [9]
(2023-10-16T22:54:23.437032224) (2023-10-16T22:54:23.437045711) [Msg] JointPositionController subscribing to Double messages on [/gimbal/cmd_roll]
(2023-10-16T22:54:23.437086349) (2023-10-16T22:54:23.437094310) [Dbg] [JointPositionController.cc:302] [JointPositionController] system parameters:
(2023-10-16T22:54:23.437118763) (2023-10-16T22:54:23.437126254) [Dbg] [JointPositionController.cc:303] p_gain: [2]
(2023-10-16T22:54:23.437166880) (2023-10-16T22:54:23.437174818) [Dbg] [JointPositionController.cc:304] i_gain: [0.1]
(2023-10-16T22:54:23.437206179) (2023-10-16T22:54:23.437213936) [Dbg] [JointPositionController.cc:305] d_gain: [0.01]
(2023-10-16T22:54:23.437244529) (2023-10-16T22:54:23.437252244) [Dbg] [JointPositionController.cc:306] i_max: [1]
(2023-10-16T22:54:23.437282640) (2023-10-16T22:54:23.437290079) [Dbg] [JointPositionController.cc:307] i_min: [-1]
(2023-10-16T22:54:23.437320038) (2023-10-16T22:54:23.437327395) [Dbg] [JointPositionController.cc:308] cmd_max: [1000]
(2023-10-16T22:54:23.437358229) (2023-10-16T22:54:23.437365644) [Dbg] [JointPositionController.cc:309] cmd_min: [-1000]
(2023-10-16T22:54:23.437407412) (2023-10-16T22:54:23.437415140) [Dbg] [JointPositionController.cc:310] cmd_offset: [0]
(2023-10-16T22:54:23.437449965) (2023-10-16T22:54:23.437457327) [Dbg] [JointPositionController.cc:311] Topic: [/gimbal/cmd_roll]
(2023-10-16T22:54:23.437487010) (2023-10-16T22:54:23.437494676) [Dbg] [JointPositionController.cc:312] initial_position: [0]
(2023-10-16T22:54:23.437530355) (2023-10-16T22:54:23.437537944) [Dbg] [SystemManager.cc:74] Loaded system [gz::sim::systems::JointPositionController] for entity [9]
(2023-10-16T22:54:23.438065209) (2023-10-16T22:54:23.438076280) [Msg] JointPositionController subscribing to Double messages on [/gimbal/cmd_tilt]
(2023-10-16T22:54:23.438113034) (2023-10-16T22:54:23.438121213) [Dbg] [JointPositionController.cc:302] [JointPositionController] system parameters:
(2023-10-16T22:54:23.438144173) (2023-10-16T22:54:23.438151952) [Dbg] [JointPositionController.cc:303] p_gain: [2]
(2023-10-16T22:54:23.438183898) (2023-10-16T22:54:23.438193343) [Dbg] [JointPositionController.cc:304] i_gain: [0.1]
(2023-10-16T22:54:23.438222615) (2023-10-16T22:54:23.438230309) [Dbg] [JointPositionController.cc:305] d_gain: [0.01]
(2023-10-16T22:54:23.438261206) (2023-10-16T22:54:23.438268693) [Dbg] [JointPositionController.cc:306] i_max: [1]
(2023-10-16T22:54:23.438298341) (2023-10-16T22:54:23.438305600) [Dbg] [JointPositionController.cc:307] i_min: [-1]
(2023-10-16T22:54:23.438335461) (2023-10-16T22:54:23.438343340) [Dbg] [JointPositionController.cc:308] cmd_max: [1000]
(2023-10-16T22:54:23.438374275) (2023-10-16T22:54:23.438381800) [Dbg] [JointPositionController.cc:309] cmd_min: [-1000]
(2023-10-16T22:54:23.438412247) (2023-10-16T22:54:23.438419777) [Dbg] [JointPositionController.cc:310] cmd_offset: [0]
(2023-10-16T22:54:23.438449135) (2023-10-16T22:54:23.438457008) [Dbg] [JointPositionController.cc:311] Topic: [/gimbal/cmd_tilt]
(2023-10-16T22:54:23.438485686) (2023-10-16T22:54:23.438492527) [Dbg] [JointPositionController.cc:312] initial_position: [0]
(2023-10-16T22:54:23.438527353) (2023-10-16T22:54:23.438535331) [Dbg] [SystemManager.cc:74] Loaded system [gz::sim::systems::JointPositionController] for entity [9]
(2023-10-16T22:54:23.439885519) (2023-10-16T22:54:23.439893558) [Msg] LinearBatteryPlugin configured. Battery name: lipo_3500mAh
(2023-10-16T22:54:23.439917155) (2023-10-16T22:54:23.439921776) [Dbg] [LinearBatteryPlugin.cc:405] Battery initial voltage: 12.6
(2023-10-16T22:54:23.440094706) (2023-10-16T22:54:23.440101321) [Dbg] [SystemManager.cc:74] Loaded system [gz::sim::systems::LinearBatteryPlugin] for entity [9]
(2023-10-16T22:54:23.445227167) (2023-10-16T22:54:23.445237786) [Msg] [iris] Advertising on /gimbal/cmd_roll.
(2023-10-16T22:54:23.445411816) (2023-10-16T22:54:23.445418300) [Msg] [iris] Advertising on /gimbal/cmd_tilt.
(2023-10-16T22:54:23.445578311) [iris] flight dynamics model @ 127.0.0.1:9002
(2023-10-16T22:54:23.445691913) [iris] ArduPilot ready to fly. The force will be with you
(2023-10-16T22:54:23.445731960) (2023-10-16T22:54:23.445736667) [Dbg] [SystemManager.cc:74] Loaded system [ArduPilotPlugin] for entity [9]
(2023-10-16T22:54:23.447243193) (2023-10-16T22:54:23.447266460) [Msg] Loaded level [3]
(2023-10-16T22:54:23.452664395) (2023-10-16T22:54:23.452676341) [Msg] Serving world controls on [/world/map/control], [/world/map/control/state] and [/world/map/playback/control]
(2023-10-16T22:54:23.452779437) (2023-10-16T22:54:23.452786027) [Msg] Serving GUI information on [/world/map/gui/info]
(2023-10-16T22:54:23.452810273) (2023-10-16T22:54:23.452814832) [Msg] World [map] initialized with [1ms] physics profile.
(2023-10-16T22:54:23.452936636) (2023-10-16T22:54:23.452942969) [Msg] Serving world SDF generation service on [/world/map/generate_world_sdf]
(2023-10-16T22:54:23.453031718) (2023-10-16T22:54:23.453037967) [Msg] Serving world names on [/gazebo/worlds]
(2023-10-16T22:54:23.453095846) (2023-10-16T22:54:23.453101888) [Msg] Resource path add service on [/gazebo/resource_paths/add].
(2023-10-16T22:54:23.453154715) (2023-10-16T22:54:23.453171268) [Msg] Resource path get service on [/gazebo/resource_paths/get].
(2023-10-16T22:54:23.453227906) (2023-10-16T22:54:23.453233855) [Msg] Resource path resolve service on [/gazebo/resource_paths/resolve].
(2023-10-16T22:54:23.453297796) (2023-10-16T22:54:23.453304022) [Msg] Resource paths published on [/gazebo/resource_paths].
(2023-10-16T22:54:23.453415450) (2023-10-16T22:54:23.453425057) [Msg] Server control service on [/server_control].
(2023-10-16T22:54:24.893741034) (2023-10-16T22:54:24.893790089) [Wrn] [SimulationRunner.cc:676] Found additional publishers on /stats, using namespaced stats topic only
(2023-10-16T22:54:24.893956478) (2023-10-16T22:54:24.893984760) [Dbg] [SimulationRunner.cc:678] Publishers [Address, Message Type]:
(2023-10-16T22:54:24.894047328) (2023-10-16T22:54:24.894074390) [Dbg] [SimulationRunner.cc:683]   tcp://172.28.247.77:37185, gz.msgs.WorldStatistics
(2023-10-16T22:54:24.894647500) (2023-10-16T22:54:24.894680557) [Wrn] [SimulationRunner.cc:709] Found additional publishers on /clock, using namespaced clock topic only
(2023-10-16T22:54:24.894829694) (2023-10-16T22:54:24.894857382) [Dbg] [SimulationRunner.cc:711] Publishers [Address, Message Type]:
(2023-10-16T22:54:24.894915163) (2023-10-16T22:54:24.894939457) [Dbg] [SimulationRunner.cc:716]   tcp://172.28.247.77:37185, gz.msgs.Clock
(2023-10-16T22:54:24.895717020) (2023-10-16T22:54:24.895751914) [Dbg] [SimulationRunner.cc:503] Creating PostUpdate worker threads: 13
(2023-10-16T22:54:24.895856296) (2023-10-16T22:54:24.895882258) [Dbg] [SimulationRunner.cc:514] Creating postupdate worker thread (0)
(2023-10-16T22:54:24.896171177) (2023-10-16T22:54:24.896202033) [Dbg] [SimulationRunner.cc:514] Creating postupdate worker thread (1)
(2023-10-16T22:54:24.896422604) (2023-10-16T22:54:24.896451095) [Dbg] [SimulationRunner.cc:514] Creating postupdate worker thread (2)
(2023-10-16T22:54:24.896666987) (2023-10-16T22:54:24.896699137) [Dbg] [SimulationRunner.cc:514] Creating postupdate worker thread (3)
(2023-10-16T22:54:24.896998168) (2023-10-16T22:54:24.897030477) [Dbg] [SimulationRunner.cc:514] Creating postupdate worker thread (4)
(2023-10-16T22:54:24.897236439) (2023-10-16T22:54:24.897256340) [Dbg] [SimulationRunner.cc:514] Creating postupdate worker thread (5)
(2023-10-16T22:54:24.897437473) (2023-10-16T22:54:24.897458229) [Dbg] [SimulationRunner.cc:514] Creating postupdate worker thread (6)
(2023-10-16T22:54:24.897767645) (2023-10-16T22:54:24.897789772) [Dbg] [SimulationRunner.cc:514] Creating postupdate worker thread (7)
(2023-10-16T22:54:24.897935147) (2023-10-16T22:54:24.897954168) [Dbg] [SimulationRunner.cc:514] Creating postupdate worker thread (8)
(2023-10-16T22:54:24.898127754) (2023-10-16T22:54:24.898149695) [Dbg] [SimulationRunner.cc:514] Creating postupdate worker thread (9)
(2023-10-16T22:54:24.898326054) (2023-10-16T22:54:24.898357753) [Dbg] [SimulationRunner.cc:514] Creating postupdate worker thread (10)
(2023-10-16T22:54:24.898576485) (2023-10-16T22:54:24.898609344) [Dbg] [SimulationRunner.cc:514] Creating postupdate worker thread (11)
(2023-10-16T22:54:24.902949889) (2023-10-16T22:54:24.902994031) [Dbg] [JointPositionController.cc:361] Identified joint [roll_joint] as Entity [53]
(2023-10-16T22:54:24.903206165) (2023-10-16T22:54:24.903237314) [Dbg] [JointPositionController.cc:361] Identified joint [tilt_joint] as Entity [54]
(2023-10-16T22:54:24.903595632) (2023-10-16T22:54:24.903630310) [Msg] Found IMU sensor with name [imu_link::imu_sensor]
(2023-10-16T22:54:24.903798713) (2023-10-16T22:54:24.903828759) [Dbg] [ArduPilotPlugin.cc:1154] Computed IMU topic to be: world/map/model/iris/link/imu_link/sensor/imu_sensor/imu
(2023-10-16T22:54:24.917566786) (2023-10-16T22:54:24.917600429) [Dbg] [SDFFeatures.cc:328] Mesh construction from an SDF has not been implemented yet for dartsim. Use AttachMeshShapeFeature to use mesh shapes.
(2023-10-16T22:54:24.917647093) (2023-10-16T22:54:24.917656347) [Err] [SDFFeatures.cc:843] The geometry element of collision [roll_col] couldn't be created
(2023-10-16T22:54:24.917857609) (2023-10-16T22:54:24.917915434) [Dbg] [SDFFeatures.cc:328] Mesh construction from an SDF has not been implemented yet for dartsim. Use AttachMeshShapeFeature to use mesh shapes.
(2023-10-16T22:54:24.917961984) (2023-10-16T22:54:24.917980357) [Err] [SDFFeatures.cc:843] The geometry element of collision [tilt_col] couldn't be created
(2023-10-16T22:54:25.350725924) (2023-10-16T22:54:25.350765356) [Dbg] [Sensors.cc:659] Initialization needed
(2023-10-16T22:54:25.350836025) (2023-10-16T22:54:25.350847595) [Dbg] [Sensors.cc:257] Initializing render context
(2023-10-16T22:54:25.350958432) (2023-10-16T22:54:25.350967439) [Msg] Loading plugin [gz-rendering-ogre2]
(2023-10-16T22:54:25.351221776) (2023-10-16T22:54:25.351234760) [Dbg] [ImuSensor.cc:149] IMU data for [iris::imu_link::imu_sensor] advertised on [world/map/model/iris/link/imu_link/sensor/imu_sensor/imu]
(2023-10-16T22:54:25.351621801) (2023-10-16T22:54:25.351633606) [Dbg] [AltimeterSensor.cc:114] Altimeter data for [iris::base_link::altimeter_sensor] advertised on [world/map/model/iris/link/base_link/sensor/altimeter_sensor/altimeter]
(2023-10-16T22:54:25.351797449) (2023-10-16T22:54:25.351808155) [Dbg] [AirPressureSensor.cc:126] Air pressure for [iris::base_link::air_pressure_sensor] advertised on [world/map/model/iris/link/base_link/sensor/air_pressure_sensor/air_pressure]
(2023-10-16T22:54:25.351924890) (2023-10-16T22:54:25.351935516) [Dbg] [AirSpeedSensor.cc:125] Air speed for [iris::base_link::air_speed_sensor] advertised on [world/map/model/iris/link/base_link/sensor/air_speed_sensor/air_speed]
(2023-10-16T22:54:25.352194957) (2023-10-16T22:54:25.352205421) [Msg] Serving scene information on [/world/map/scene/info]
(2023-10-16T22:54:25.352316336) (2023-10-16T22:54:25.352325512) [Msg] Serving graph information on [/world/map/scene/graph]
(2023-10-16T22:54:25.352487618) (2023-10-16T22:54:25.352498268) [Dbg] [MagnetometerSensor.cc:117] Magnetometer data for [iris::base_link::magnetometer_sensor] advertised on [world/map/model/iris/link/base_link/sensor/magnetometer_sensor/magnetometer]
(2023-10-16T22:54:25.352749990) (2023-10-16T22:54:25.352761700) [Msg] Serving full state on [/world/map/state]
(2023-10-16T22:54:25.352871763) (2023-10-16T22:54:25.352881936) [Msg] Serving full state (async) on [/world/map/state_async]
(2023-10-16T22:54:25.353083835) (2023-10-16T22:54:25.353094473) [Msg] Publishing scene information on [/world/map/scene/info]
(2023-10-16T22:54:25.353234017) (2023-10-16T22:54:25.353244128) [Msg] Publishing entity deletions on [/world/map/scene/deletion]
(2023-10-16T22:54:25.353335668) (2023-10-16T22:54:25.353345499) [Msg] Publishing state changes on [/world/map/state]
(2023-10-16T22:54:25.353454050) (2023-10-16T22:54:25.353464830) [Msg] Publishing pose messages on [/world/map/pose/info]
(2023-10-16T22:54:25.353570201) (2023-10-16T22:54:25.353579705) [Msg] Publishing dynamic pose messages on [/world/map/dynamic_pose/info]
(2023-10-16T22:54:25.354362799) (2023-10-16T22:54:25.354375557) [Wrn] [Component.hh:144] Trying to serialize component with data type [St6vectorIdSaIdEE], which doesn't have `operator<<`. Component will not be serialized.
(2023-10-16T22:54:25.355997353) (2023-10-16T22:54:25.356032005) [Wrn] [Model.hh:69] Skipping serialization / deserialization for models with //pose/@relative_to attribute.
(2023-10-16T22:54:25.356684046) (2023-10-16T22:54:25.356706344) [Wrn] [Component.hh:144] Trying to serialize component with data type [N3sdf3v135WorldE], which doesn't have `operator<<`. Component will not be serialized.
(2023-10-16T22:54:25.358699597) [iris] Connected to ArduPilot controller @ 127.0.0.1:48917
(2023-10-16T22:54:25.358727186) (2023-10-16T22:54:25.358732016) [Wrn] [ArduPilotPlugin.cc:1583] ArduPilot controller has reset
(2023-10-16T22:54:25.359675303) (2023-10-16T22:54:25.359687231) [Dbg] [LinearBatteryPlugin.cc:574] [Battery Plugin] Battery drain: 0 minutes passed.
(2023-10-16T22:54:25.537606935) (2023-10-16T22:54:25.537624951) [Dbg] [RenderUtil.cc:2720] Create scene [scene]
((2023-10-16T22:54:25.571970142) (2023-10-16T22:54:25.572027242) () 2023-10-16T22:54:25.572038257) [Dbg] [Sensors.cc:277] [Dbg] [Sensors.cc:659] Initialization neededInitialization needed

(2023-10-16T22:54:25.573669139) (2023-10-16T22:54:25.573694692) [Wrn] [ArduPilotPlugin.cc:1436] [iris] Drained n packets: 1
(2023-10-16T22:54:27.448220170) (2023-10-16T22:54:27.448234425) [Dbg] [CameraSensor.cc:458] Camera images for [iris::tilt_link::camera] advertised on [world/map/model/iris/link/tilt_link/sensor/camera/image]
(2023-10-16T22:54:27.448396854) (2023-10-16T22:54:27.448407852) [Dbg] [CameraSensor.cc:786] Camera info for [iris::tilt_link::camera] advertised on [/world/map/model/iris/link/tilt_link/sensor/camera/camera_info]
(2023-10-16T22:54:27.448726786) (2023-10-16T22:54:27.448733292) [Wrn] [Ogre2Camera.cc:412] Ogre2Camera::SetVisibilityMask: Mask bits c0000000 are set but will be ignored as they conflict with the reserved bits used internally by the ogre2 backend.
(2023-10-16T22:54:27.565294688) (2023-10-16T22:54:27.565335944) [Dbg] [CameraSensor.cc:583] Enabling camera sensor: 'iris::tilt_link::camera' data generation.
(2023-10-16T22:54:27.742718158) (2023-10-16T22:54:27.742750951) [Wrn] [ArduPilotPlugin.cc:1436] [iris] Drained n packets: 1
(2023-10-16T22:54:27.744702339) (2023-10-16T22:54:27.744729647) [Wrn] [ArduPilotPlugin.cc:1436] [iris] Drained n packets: 1
(2023-10-16T22:55:55.433326648) (2023-10-16T22:55:55.433353499) [Wrn] [ArduPilotPlugin.cc:1583] ArduPilot controller has reset
(2023-10-16T22:55:55.518811630) (2023-10-16T22:55:55.518850984) [Dbg] [EntityComponentManager.cc:1655] Updated state thread iterators: 8 threads processing around 8 entities each.
(2023-10-16T23:48:52.570102209) (2023-10-16T23:48:52.570126801) [Wrn] [ArduPilotPlugin.cc:1589] Duplicate input frame
(2023-10-17T00:10:25.958733223) (2023-10-17T00:10:25.958754801) [Wrn] [ArduPilotPlugin.cc:1583] ArduPilot controller has reset
(2023-10-17T00:12:00.622315956) (2023-10-17T00:12:00.622336351) [Wrn] [ArduPilotPlugin.cc:1583] ArduPilot controller has reset
(2023-10-17T02:52:41.990469593) (2023-10-17T02:52:41.990515763) [Wrn] [ArduPilotPlugin.cc:1583] ArduPilot controller has reset
