(2023-10-16T22:02:35.188760351) (2023-10-16T22:02:35.188779248) [Msg] Gazebo Sim Server v7.6.0
(2023-10-16T22:02:35.194709114) (2023-10-16T22:02:35.194725182) [Msg] Loading SDF world file[/home/bassam/px4/PX4-Autopilot/Tools/simulation/gz/worlds/default.sdf].
(2023-10-16T22:02:35.320394982) (2023-10-16T22:02:35.320414186) [Msg] Serving entity system service on [/entity/system/add]
(2023-10-16T22:02:35.553453160) (2023-10-16T22:02:35.553483439) [Dbg] [Physics.cc:880] Loaded [gz::physics::dartsim::Plugin] from library [/usr/lib/x86_64-linux-gnu/gz-physics-6/engine-plugins/libgz-physics-dartsim-plugin.so]
(2023-10-16T22:02:35.553607547) (2023-10-16T22:02:35.553622784) [Dbg] [SystemManager.cc:74] Loaded system [gz::sim::systems::Physics] for entity [1]
(2023-10-16T22:02:35.563231434) (2023-10-16T22:02:35.563252752) [Msg] Create service on [/world/default/create]
(2023-10-16T22:02:35.663686191) (2023-10-16T22:02:35.663713640) [Msg] Remove service on [/world/default/remove]
(2023-10-16T22:02:35.663955891) (2023-10-16T22:02:35.663975363) [Msg] Pose service on [/world/default/set_pose]
(2023-10-16T22:02:35.664184964) (2023-10-16T22:02:35.664203845) [Msg] Pose service on [/world/default/set_pose_vector]
(2023-10-16T22:02:35.664513566) (2023-10-16T22:02:35.664532433) [Msg] Light configuration service on [/world/default/light_config]
(2023-10-16T22:02:35.664914298) (2023-10-16T22:02:35.664933494) [Msg] Physics service on [/world/default/set_physics]
(2023-10-16T22:02:35.665200734) (2023-10-16T22:02:35.665220713) [Msg] SphericalCoordinates service on [/world/default/set_spherical_coordinates]
(2023-10-16T22:02:35.665370113) (2023-10-16T22:02:35.665387892) [Msg] Enable collision service on [/world/default/enable_collision]
(2023-10-16T22:02:35.665506774) (2023-10-16T22:02:35.665525129) [Msg] Disable collision service on [/world/default/disable_collision]
(2023-10-16T22:02:35.665779445) (2023-10-16T22:02:35.665798035) [Msg] Material service on [/world/default/visual_config]
(2023-10-16T22:02:35.666023341) (2023-10-16T22:02:35.666042254) [Msg] Material service on [/world/default/wheel_slip]
(2023-10-16T22:02:35.666138815) (2023-10-16T22:02:35.666149685) [Dbg] [SystemManager.cc:74] Loaded system [gz::sim::systems::UserCommands] for entity [1]
(2023-10-16T22:02:35.668081060) (2023-10-16T22:02:35.668095502) [Dbg] [SystemManager.cc:74] Loaded system [gz::sim::systems::SceneBroadcaster] for entity [1]
(2023-10-16T22:02:35.669425383) (2023-10-16T22:02:35.669439654) [Dbg] [SystemManager.cc:74] Loaded system [gz::sim::systems::Contact] for entity [1]
(2023-10-16T22:02:35.671507675) (2023-10-16T22:02:35.671522898) [Dbg] [SystemManager.cc:74] Loaded system [gz::sim::systems::Imu] for entity [1]
(2023-10-16T22:02:35.673270834) (2023-10-16T22:02:35.673285882) [Dbg] [SystemManager.cc:74] Loaded system [gz::sim::systems::AirPressure] for entity [1]
(2023-10-16T22:02:35.675162900) (2023-10-16T22:02:35.675197958) [Msg] Listening to instantaneous wrench commands in [/world/default/wrench]
(2023-10-16T22:02:35.675365205) (2023-10-16T22:02:35.675382843) [Msg] Listening to persistent wrench commands in [/world/default/wrench/persistent]
(2023-10-16T22:02:35.675492795) (2023-10-16T22:02:35.675504122) [Msg] Listening to wrench clear commands in [/world/default/wrench/clear]
(2023-10-16T22:02:35.675540922) (2023-10-16T22:02:35.675549760) [Dbg] [SystemManager.cc:74] Loaded system [gz::sim::systems::ApplyLinkWrench] for entity [1]
(2023-10-16T22:02:35.684490040) (2023-10-16T22:02:35.684511819) [Dbg] [Sensors.cc:506] Configuring Sensors system
(2023-10-16T22:02:35.684665433) (2023-10-16T22:02:35.684681827) [Dbg] [Sensors.cc:425] SensorsPrivate::Run
(2023-10-16T22:02:35.684813928) (2023-10-16T22:02:35.684828718) [Dbg] [SystemManager.cc:74] Loaded system [gz::sim::systems::Sensors] for entity [1]
2023-10-16T22:02:35.684879453) (2023-10-16T22:02:35.684928455) [Dbg] [Sensors.cc:402] SensorsPrivate::RenderThread started
(2023-10-16T22:02:35.684966623) (2023-10-16T22:02:35.684975525) [Dbg] [Sensors.cc:245] Waiting for init
(2023-10-16T22:02:35.687026084) (2023-10-16T22:02:35.687042355) [Msg] Loaded level [3]
(2023-10-16T22:02:35.688294117) (2023-10-16T22:02:35.688316595) [Msg] Serving world controls on [/world/default/control], [/world/default/control/state] and [/world/default/playback/control]
(2023-10-16T22:02:35.688607023) (2023-10-16T22:02:35.688626869) [Msg] Serving GUI information on [/world/default/gui/info]
(2023-10-16T22:02:35.688669008) (2023-10-16T22:02:35.688677939) [Msg] World [default] initialized with [default_physics] physics profile.
(2023-10-16T22:02:35.688891507) (2023-10-16T22:02:35.688909981) [Msg] Serving world SDF generation service on [/world/default/generate_world_sdf]
(2023-10-16T22:02:35.689102222) (2023-10-16T22:02:35.689120646) [Msg] Serving world names on [/gazebo/worlds]
(2023-10-16T22:02:35.689238581) (2023-10-16T22:02:35.689256141) [Msg] Resource path add service on [/gazebo/resource_paths/add].
(2023-10-16T22:02:35.689370761) (2023-10-16T22:02:35.689388201) [Msg] Resource path get service on [/gazebo/resource_paths/get].
(2023-10-16T22:02:35.689506111) (2023-10-16T22:02:35.689523249) [Msg] Resource path resolve service on [/gazebo/resource_paths/resolve].
(2023-10-16T22:02:35.689687390) (2023-10-16T22:02:35.689704780) [Msg] Resource paths published on [/gazebo/resource_paths].
(2023-10-16T22:02:35.689975953) (2023-10-16T22:02:35.689994599) [Msg] Server control service on [/server_control].
(2023-10-16T22:02:37.192702780) (2023-10-16T22:02:37.192718809) [Msg] Found no publishers on /stats, adding root stats topic
(2023-10-16T22:02:37.193026520) (2023-10-16T22:02:37.193038781) [Msg] Found no publishers on /clock, adding root clock topic
(2023-10-16T22:02:37.193316532) (2023-10-16T22:02:37.193329654) [Dbg] [SimulationRunner.cc:503] Creating PostUpdate worker threads: 6
(2023-10-16T22:02:37.193385076) (2023-10-16T22:02:37.193401286) [Dbg] [SimulationRunner.cc:514] Creating postupdate worker thread (0)
(2023-10-16T22:02:37.193559508) (2023-10-16T22:02:37.193575724) [Dbg] [SimulationRunner.cc:514] Creating postupdate worker thread (1)
(2023-10-16T22:02:37.193712148) (2023-10-16T22:02:37.193726038) [Dbg] [SimulationRunner.cc:514] Creating postupdate worker thread (2)
(2023-10-16T22:02:37.193848789) (2023-10-16T22:02:37.193864547) [Dbg] [SimulationRunner.cc:514] Creating postupdate worker thread (3)
(2023-10-16T22:02:37.193968584) (2023-10-16T22:02:37.193986185) [Dbg] [SimulationRunner.cc:514] Creating postupdate worker thread (4)
(2023-10-16T22:02:37.482957394) (2023-10-16T22:02:37.482976245) [Wrn] [MulticopterMotorModel.cc:257] No robotNamespace set using entity name.
(2023-10-16T22:02:37.483021863) (2023-10-16T22:02:37.483031443) [Wrn] [MulticopterMotorModel.cc:295] <motorNumber> is depricated, please use <actuator_number>.
(2023-10-16T22:02:37.483101076) (2023-10-16T22:02:37.483110992) [Dbg] [MulticopterMotorModel.cc:386] Listening to topic: x500_vision_0/command/motor_speed
(2023-10-16T22:02:37.483530973) (2023-10-16T22:02:37.483544071) [Dbg] [SystemManager.cc:74] Loaded system [gz::sim::systems::MulticopterMotorModel] for entity [10]
(2023-10-16T22:02:37.484055569) (2023-10-16T22:02:37.484068480) [Wrn] [MulticopterMotorModel.cc:257] No robotNamespace set using entity name.
(2023-10-16T22:02:37.484094191) (2023-10-16T22:02:37.484102755) [Wrn] [MulticopterMotorModel.cc:295] <motorNumber> is depricated, please use <actuator_number>.
(2023-10-16T22:02:37.484161239) (2023-10-16T22:02:37.484170232) [Dbg] [MulticopterMotorModel.cc:386] Listening to topic: x500_vision_0/command/motor_speed
(2023-10-16T22:02:37.484409065) (2023-10-16T22:02:37.484426579) [Dbg] [SystemManager.cc:74] Loaded system [gz::sim::systems::MulticopterMotorModel] for entity [10]
(2023-10-16T22:02:37.484809403) (2023-10-16T22:02:37.484821895) [Wrn] [MulticopterMotorModel.cc:257] No robotNamespace set using entity name.
(2023-10-16T22:02:37.484845986) (2023-10-16T22:02:37.484854574) [Wrn] [MulticopterMotorModel.cc:295] <motorNumber> is depricated, please use <actuator_number>.
(2023-10-16T22:02:37.484911615) (2023-10-16T22:02:37.484920882) [Dbg] [MulticopterMotorModel.cc:386] Listening to topic: x500_vision_0/command/motor_speed
(2023-10-16T22:02:37.485297773) (2023-10-16T22:02:37.485310926) [Dbg] [SystemManager.cc:74] Loaded system [gz::sim::systems::MulticopterMotorModel] for entity [10]
(2023-10-16T22:02:37.485847630) (2023-10-16T22:02:37.485866187) [Wrn] [MulticopterMotorModel.cc:257] No robotNamespace set using entity name.
(2023-10-16T22:02:37.485906845) (2023-10-16T22:02:37.485922640) [Wrn] [MulticopterMotorModel.cc:295] <motorNumber> is depricated, please use <actuator_number>.
(2023-10-16T22:02:37.486015102) (2023-10-16T22:02:37.486029920) [Dbg] [MulticopterMotorModel.cc:386] Listening to topic: x500_vision_0/command/motor_speed
(2023-10-16T22:02:37.486389126) (2023-10-16T22:02:37.486405393) [Dbg] [SystemManager.cc:74] Loaded system [gz::sim::systems::MulticopterMotorModel] for entity [10]
(2023-10-16T22:02:37.488670231) (2023-10-16T22:02:37.488692692) [Dbg] [OdometryPublisher.cc:151] OdometryPublisher system plugin missing <odom_frame>, defaults to "x500_vision_0/odom"
(2023-10-16T22:02:37.488756690) (2023-10-16T22:02:37.488772305) [Dbg] [OdometryPublisher.cc:181] OdometryPublisher system plugin missing <robot_base_frame>, defaults to "x500_vision_0/base_footprint"
(2023-10-16T22:02:37.489073769) (2023-10-16T22:02:37.489092746) [Msg] OdometryPublisher publishing odometry on [/model/x500_vision_0/odometry]
(2023-10-16T22:02:37.489325421) (2023-10-16T22:02:37.489344370) [Msg] OdometryPublisher publishing odometry with covariance on [/model/x500_vision_0/odometry_with_covariance]
(2023-10-16T22:02:37.489505539) (2023-10-16T22:02:37.489523152) [Msg] OdometryPublisher publishing Pose_V (TF) on [/model/x500_vision_0/pose]
(2023-10-16T22:02:37.489579949) (2023-10-16T22:02:37.489594941) [Dbg] [SystemManager.cc:74] Loaded system [gz::sim::systems::OdometryPublisher] for entity [10]
(2023-10-16T22:02:37.490537157) (2023-10-16T22:02:37.490557157) [Dbg] [UserCommands.cc:1263] Created entity [10] named [x500_vision_0]
(2023-10-16T22:02:37.506647701) (2023-10-16T22:02:37.506665943) [Dbg] [SimulationFeatures.cc:72] Simulation timestep set to: 0.004
(2023-10-16T22:02:37.508714195) (2023-10-16T22:02:37.508737889) [Msg] Serving scene information on [/world/default/scene/info]
(2023-10-16T22:02:37.5088131562023-10-16T22:02:37.5088131562023-10-16T22:02:37.508813156(2023-10-16T22:02:37.508842388) () 2023-10-16T22:02:37.508867498(() 2023-10-16T22:02:37.508897850Air pressure for [x500_vision_0::base_link::air_pressure_sensor] advertised on [world/default/model/x500_vision_0/link/base_link/sensor/air_pressure_sensor/air_pressure]
2023-10-16T22:02:37.508976371) (2023-10-16T22:02:37.509000811) [Msg] Serving graph information on [Serving graph information on [x500_vision_0::base_link::imu_sensor] advertised on [world/default/model/x500_vision_0/link/base_link/sensor/imu_sensor/imu]]/
scene/graph]
(2023-10-16T22:02:37.509375454) (2023-10-16T22:02:37.509397327) [Msg] Serving full state on [/world/default/state]
(2023-10-16T22:02:37.509560355) (2023-10-16T22:02:37.509574970) [Msg] Serving full state (async) on [/world/default/state_async]
(2023-10-16T22:02:37.509749789) (2023-10-16T22:02:37.509763473) [Msg] Publishing scene information on [/world/default/scene/info]
(2023-10-16T22:02:37.509925836) (2023-10-16T22:02:37.509937650) [Msg] Publishing entity deletions on [/world/default/scene/deletion]
(2023-10-16T22:02:37.510041364) (2023-10-16T22:02:37.510059503) [Msg] Publishing state changes on [/world/default/state]
(2023-10-16T22:02:37.510238442) (2023-10-16T22:02:37.510256845) [Msg] Publishing pose messages on [/world/default/pose/info]
(2023-10-16T22:02:37.510414052) (2023-10-16T22:02:37.510432529) [Msg] Publishing dynamic pose messages on [/world/default/dynamic_pose/info]
(2023-10-16T22:02:37.511050199) (2023-10-16T22:02:37.511069467) [Dbg] [EntityComponentManager.cc:1655] Updated state thread iterators: 8 threads processing around 6 entities each.
(2023-10-16T22:02:37.511958904) (2023-10-16T22:02:37.511981391) [Wrn] [Model.hh:69] Skipping serialization / deserialization for models with //pose/@relative_to attribute.
(2023-10-16T22:02:37.512089294) (2023-10-16T22:02:37.512121335) [Wrn] [Component.hh:144] Trying to serialize component with data type [N3sdf3v135WorldE], which doesn't have `operator<<`. Component will not be serialized.
(((((((2023-10-16T22:02:37.515054297) (((2023-10-16T22:02:37.515105045) ) (2023-10-16T22:02:37.5150786322023-10-16T22:02:37.515147594) [Dbg] [SimulationRunner.cc:530] Exiting postupdate worker thread (2)
2023-10-16T22:02:37.515090470) (2023-10-16T22:02:37.5152423582023-10-16T22:02:37.515248748) ([Dbg] [SimulationRunner.cc:530] 2023-10-16T22:02:37.515289541[Dbg] [SimulationRunner.cc:530] 2023-10-16T22:02:37.515289541Exiting postupdate worker thread (Exiting postupdate worker thread (3)
[Dbg] [SimulationRunner.cc:530] Exiting postupdate worker thread (Exiting postupdate worker thread ([Dbg] [SimulationRunner.cc:530] Exiting postupdate worker thread (4)
0)
) (2023-10-16T22:02:37.515592141) [Dbg] [SimulationRunner.cc:530] Exiting postupdate worker thread (1)
(2023-10-16T22:02:37.515919721) (2023-10-16T22:02:37.515940864) [Dbg] [SimulationRunner.cc:503] Creating PostUpdate worker threads: 7
(2023-10-16T22:02:37.515992938) (2023-10-16T22:02:37.516007515) [Dbg] [SimulationRunner.cc:514] Creating postupdate worker thread (0)
(2023-10-16T22:02:37.516123027) (2023-10-16T22:02:37.516140032) [Dbg] [SimulationRunner.cc:514] Creating postupdate worker thread (1)
(2023-10-16T22:02:37.516213607) (2023-10-16T22:02:37.516228099) [Dbg] [SimulationRunner.cc:514] Creating postupdate worker thread (2)
(2023-10-16T22:02:37.516302765) (2023-10-16T22:02:37.516318082) [Dbg] [SimulationRunner.cc:514] Creating postupdate worker thread (3)
(2023-10-16T22:02:37.516389387) (2023-10-16T22:02:37.516404616) [Dbg] [SimulationRunner.cc:514] Creating postupdate worker thread (4)
(2023-10-16T22:02:37.516514452) (2023-10-16T22:02:37.516531714) [Dbg] [SimulationRunner.cc:514] Creating postupdate worker thread (5)
(2023-10-16T22:07:30.391106353) (2023-10-16T22:07:30.391134853) [Dbg] [SignalHandler.cc:142] Received signal[2].
(2023-10-16T22:07:30.391175150) (2023-10-16T22:07:30.391184954) [Dbg] [ServerPrivate.cc:115] Server received signal[2]
(2023-10-16T22:07:30.391215508) (2023-10-16T22:07:30.391226203) [Dbg] [Sensors.cc:433] SensorsPrivate::Stop
(2023-10-16T22:07:30.391300202) (2023-10-16T22:07:30.391314943) [Dbg] [Sensors.cc:277] Rendering Thread initialized
(2023-10-16T22:07:30.391366120) (2023-10-16T22:07:30.391375351) [Dbg] [Sensors.cc:419] SensorsPrivate::RenderThread stopped
(2023-10-16T22:07:30.393253163) (2023-10-16T22:07:30.393274005) [Dbg] [gz.cc:417] Shutting down gz-sim-server
((((2023-10-16T22:07:30.399744255) (2023-10-16T22:07:30.399771868(2023-10-16T22:07:30.4000086792023-10-16T22:07:30.4000086792023-10-16T22:07:30.400078679) (2023-10-16T22:07:30.400098108) 2023-10-16T22:07:30.400000592) () (2023-10-16T22:07:30.400151804) [Dbg] [SimulationRunner.cc:530] Exiting postupdate worker thread (00) ) ) (2023-10-16T22:07:30.400247936) ) ()) 
[Dbg] [SimulationRunner.cc:530] [Dbg] [SimulationRunner.cc:530] Exiting postupdate worker thread (Exiting postupdate worker thread (Exiting postupdate worker thread (Exiting postupdate worker thread ([Dbg] [SimulationRunner.cc:530] Exiting postupdate worker thread (5)
)
[Dbg] [SimulationRunner.cc:530] Exiting postupdate worker thread (2)
Exiting postupdate worker thread (3)

)
(2023-10-16T22:07:30.432308629) (2023-10-16T22:07:30.432327378) [Dbg] [Sensors.cc:433] SensorsPrivate::Stop
