(2023-10-19T17:56:19.840292264) (2023-10-19T17:56:19.840303419) [Msg] Gazebo Sim Server v7.6.0
(2023-10-19T17:56:19.844265834) (2023-10-19T17:56:19.844273918) [Msg] Loading SDF world file[/home/bassam/PX4-Autopilot/Tools/simulation/gz/worlds/default.sdf].
(2023-10-19T17:56:19.909938865) (2023-10-19T17:56:19.909951404) [Msg] Serving entity system service on [/entity/system/add]
(2023-10-19T17:56:20.126061343) (2023-10-19T17:56:20.126079630) [Dbg] [Physics.cc:880] Loaded [gz::physics::dartsim::Plugin] from library [/usr/lib/x86_64-linux-gnu/gz-physics-6/engine-plugins/libgz-physics-dartsim-plugin.so]
(2023-10-19T17:56:20.126156489) (2023-10-19T17:56:20.126164960) [Dbg] [SystemManager.cc:74] Loaded system [gz::sim::systems::Physics] for entity [1]
(2023-10-19T17:56:20.129351652) (2023-10-19T17:56:20.129362542) [Msg] Create service on [/world/default/create]
(2023-10-19T17:56:20.129508937) (2023-10-19T17:56:20.129518605) [Msg] Remove service on [/world/default/remove]
(2023-10-19T17:56:20.129647189) (2023-10-19T17:56:20.129656652) [Msg] Pose service on [/world/default/set_pose]
(2023-10-19T17:56:20.129768175) (2023-10-19T17:56:20.129777276) [Msg] Pose service on [/world/default/set_pose_vector]
(2023-10-19T17:56:20.129963824) (2023-10-19T17:56:20.129972555) [Msg] Light configuration service on [/world/default/light_config]
(2023-10-19T17:56:20.130191184) (2023-10-19T17:56:20.130200369) [Msg] Physics service on [/world/default/set_physics]
(2023-10-19T17:56:20.130357137) (2023-10-19T17:56:20.130366142) [Msg] SphericalCoordinates service on [/world/default/set_spherical_coordinates]
(2023-10-19T17:56:20.130440874) (2023-10-19T17:56:20.130449279) [Msg] Enable collision service on [/world/default/enable_collision]
(2023-10-19T17:56:20.130520372) (2023-10-19T17:56:20.130528679) [Msg] Disable collision service on [/world/default/disable_collision]
(2023-10-19T17:56:20.130711558) (2023-10-19T17:56:20.130720376) [Msg] Material service on [/world/default/visual_config]
(2023-10-19T17:56:20.130834235) (2023-10-19T17:56:20.130842882) [Msg] Material service on [/world/default/wheel_slip]
(2023-10-19T17:56:20.130888989) (2023-10-19T17:56:20.130896778) [Dbg] [SystemManager.cc:74] Loaded system [gz::sim::systems::UserCommands] for entity [1]
(2023-10-19T17:56:20.134086921) (2023-10-19T17:56:20.134097608) [Dbg] [SystemManager.cc:74] Loaded system [gz::sim::systems::SceneBroadcaster] for entity [1]
(2023-10-19T17:56:20.135608921) (2023-10-19T17:56:20.135619054) [Dbg] [SystemManager.cc:74] Loaded system [gz::sim::systems::Contact] for entity [1]
(2023-10-19T17:56:20.138717090) (2023-10-19T17:56:20.138728209) [Dbg] [SystemManager.cc:74] Loaded system [gz::sim::systems::Imu] for entity [1]
(2023-10-19T17:56:20.140781263) (2023-10-19T17:56:20.140791548) [Dbg] [SystemManager.cc:74] Loaded system [gz::sim::systems::AirPressure] for entity [1]
(2023-10-19T17:56:20.231663433) (2023-10-19T17:56:20.231680087) [Msg] Listening to instantaneous wrench commands in [/world/default/wrench]
(2023-10-19T17:56:20.231767916) (2023-10-19T17:56:20.231777792) [Msg] Listening to persistent wrench commands in [/world/default/wrench/persistent]
(2023-10-19T17:56:20.231841025) (2023-10-19T17:56:20.231847005) [Msg] Listening to wrench clear commands in [/world/default/wrench/clear]
(2023-10-19T17:56:20.231871343) (2023-10-19T17:56:20.231875959) [Dbg] [SystemManager.cc:74] Loaded system [gz::sim::systems::ApplyLinkWrench] for entity [1]
(2023-10-19T17:56:20.248077318) (2023-10-19T17:56:20.248092436) [Dbg] [Sensors.cc:506] Configuring Sensors system
(2023-10-19T17:56:20.248210974) (2023-10-19T17:56:20.248220465) [Dbg] [Sensors.cc:425] SensorsPrivate::Run
(2023-10-19T17:56:20.248308951) (2023-10-19T17:56:20.248318438) [Dbg] [SystemManager.cc:74] Loaded system [gz::sim::systems::Sensors] for entity [1]
(2023-10-19T17:56:20.248385889) (2023-10-19T17:56:20.248396222) [Dbg] [Sensors.cc:402] SensorsPrivate::RenderThread started
(2023-10-19T17:56:20.248415110) (2023-10-19T17:56:20.248419673) [Dbg] [Sensors.cc:245] Waiting for init
(2023-10-19T17:56:20.249858955) (2023-10-19T17:56:20.249869715) [Msg] Loaded level [3]
(2023-10-19T17:56:20.250891895) (2023-10-19T17:56:20.250902451) [Msg] Serving world controls on [/world/default/control], [/world/default/control/state] and [/world/default/playback/control]
(2023-10-19T17:56:20.251129611) (2023-10-19T17:56:20.251139169) [Msg] Serving GUI information on [/world/default/gui/info]
(2023-10-19T17:56:20.251168735) (2023-10-19T17:56:20.251176302) [Msg] World [default] initialized with [default_physics] physics profile.
(2023-10-19T17:56:20.251327781) (2023-10-19T17:56:20.251336982) [Msg] Serving world SDF generation service on [/world/default/generate_world_sdf]
(2023-10-19T17:56:20.251447880) (2023-10-19T17:56:20.251457081) [Msg] Serving world names on [/gazebo/worlds]
(2023-10-19T17:56:20.251528724) (2023-10-19T17:56:20.251537522) [Msg] Resource path add service on [/gazebo/resource_paths/add].
(2023-10-19T17:56:20.251635013) (2023-10-19T17:56:20.251643720) [Msg] Resource path get service on [/gazebo/resource_paths/get].
(2023-10-19T17:56:20.251713356) (2023-10-19T17:56:20.251721859) [Msg] Resource path resolve service on [/gazebo/resource_paths/resolve].
(2023-10-19T17:56:20.251797555) (2023-10-19T17:56:20.251805968) [Msg] Resource paths published on [/gazebo/resource_paths].
(2023-10-19T17:56:20.251924092) (2023-10-19T17:56:20.251933356) [Msg] Server control service on [/server_control].
(2023-10-19T17:56:21.842926241) (2023-10-19T17:56:21.842941293) [Msg] Found no publishers on /stats, adding root stats topic
(2023-10-19T17:56:21.843087383) (2023-10-19T17:56:21.843093939) [Msg] Found no publishers on /clock, adding root clock topic
(2023-10-19T17:56:21.843264461) (2023-10-19T17:56:21.843272663) [Dbg] [SimulationRunner.cc:503] Creating PostUpdate worker threads: 6
(2023-10-19T17:56:21.843299920) (2023-10-19T17:56:21.843307217) [Dbg] [SimulationRunner.cc:514] Creating postupdate worker thread (0)
(2023-10-19T17:56:21.843398321) (2023-10-19T17:56:21.843404760) [Dbg] [SimulationRunner.cc:514] Creating postupdate worker thread (1)
(2023-10-19T17:56:21.843452048) (2023-10-19T17:56:21.843457423) [Dbg] [SimulationRunner.cc:514] Creating postupdate worker thread (2)
(2023-10-19T17:56:21.843500778) (2023-10-19T17:56:21.843508964) [Dbg] [SimulationRunner.cc:514] Creating postupdate worker thread (3)
(2023-10-19T17:56:21.843572265) (2023-10-19T17:56:21.843578900) [Dbg] [SimulationRunner.cc:514] Creating postupdate worker thread (4)
(2023-10-19T17:56:22.27322941) (2023-10-19T17:56:22.27335541) [Wrn] [MulticopterMotorModel.cc:257] No robotNamespace set using entity name.
(2023-10-19T17:56:22.27360985) (2023-10-19T17:56:22.27365933) [Wrn] [MulticopterMotorModel.cc:295] <motorNumber> is depricated, please use <actuator_number>.
(2023-10-19T17:56:22.27403125) (2023-10-19T17:56:22.27408270) [Dbg] [MulticopterMotorModel.cc:386] Listening to topic: x500_depth_0/command/motor_speed
(2023-10-19T17:56:22.27667877) (2023-10-19T17:56:22.27674733) [Dbg] [SystemManager.cc:74] Loaded system [gz::sim::systems::MulticopterMotorModel] for entity [10]
(2023-10-19T17:56:22.27901621) (2023-10-19T17:56:22.27908287) [Wrn] [MulticopterMotorModel.cc:257] No robotNamespace set using entity name.
(2023-10-19T17:56:22.27921840) (2023-10-19T17:56:22.27926560) [Wrn] [MulticopterMotorModel.cc:295] <motorNumber> is depricated, please use <actuator_number>.
(2023-10-19T17:56:22.27958035) (2023-10-19T17:56:22.27965153) [Dbg] [MulticopterMotorModel.cc:386] Listening to topic: x500_depth_0/command/motor_speed
(2023-10-19T17:56:22.28065996) (2023-10-19T17:56:22.28075354) [Dbg] [SystemManager.cc:74] Loaded system [gz::sim::systems::MulticopterMotorModel] for entity [10]
(2023-10-19T17:56:22.28271914) (2023-10-19T17:56:22.28278377) [Wrn] [MulticopterMotorModel.cc:257] No robotNamespace set using entity name.
(2023-10-19T17:56:22.28296396) (2023-10-19T17:56:22.28301319) [Wrn] [MulticopterMotorModel.cc:295] <motorNumber> is depricated, please use <actuator_number>.
(2023-10-19T17:56:22.28331726) (2023-10-19T17:56:22.28336674) [Dbg] [MulticopterMotorModel.cc:386] Listening to topic: x500_depth_0/command/motor_speed
(2023-10-19T17:56:22.28463489) (2023-10-19T17:56:22.28471614) [Dbg] [SystemManager.cc:74] Loaded system [gz::sim::systems::MulticopterMotorModel] for entity [10]
(2023-10-19T17:56:22.28740965) (2023-10-19T17:56:22.28751175) [Wrn] [MulticopterMotorModel.cc:257] No robotNamespace set using entity name.
(2023-10-19T17:56:22.28771587) (2023-10-19T17:56:22.28778482) [Wrn] [MulticopterMotorModel.cc:295] <motorNumber> is depricated, please use <actuator_number>.
(2023-10-19T17:56:22.28821572) (2023-10-19T17:56:22.28828618) [Dbg] [MulticopterMotorModel.cc:386] Listening to topic: x500_depth_0/command/motor_speed
(2023-10-19T17:56:22.29000171) (2023-10-19T17:56:22.29008705) [Dbg] [SystemManager.cc:74] Loaded system [gz::sim::systems::MulticopterMotorModel] for entity [10]
(2023-10-19T17:56:22.29368350) (2023-10-19T17:56:22.29378983) [Dbg] [UserCommands.cc:1263] Created entity [10] named [x500_depth_0]
(2023-10-19T17:56:22.46685379) (2023-10-19T17:56:22.46697576) [Dbg] [SimulationFeatures.cc:72] Simulation timestep set to: 0.004
(2023-10-19T17:56:22.47644189) (2023-10-19T17:56:22.47666428) [Dbg] [Sensors.cc:659] Initialization needed
(2023-10-19T17:56:22.47715673) (2023-10-19T17:56:22.47726862) [Dbg] [Sensors.cc:257] Initializing render context
(2023-10-19T17:56:22.47884163) (2023-10-19T17:56:22.47893684) [Msg] Loading plugin [gz-rendering-ogre2]
(2023-10-19T17:56:22.48441548) (2023-10-19T17:56:22.48454239) [Dbg] [AirPressureSensor.cc:126] Air pressure for [x500_depth_0::base_link::air_pressure_sensor] advertised on [world/default/model/x500_depth_0/link/base_link/sensor/air_pressure_sensor/air_pressure](2023-10-19T17:56:22.48521324) (2023-10-19T17:56:22.48532027) 
[Dbg] [ImuSensor.cc:149] IMU data for [x500_depth_0::base_link::imu_sensor] advertised on [world/default/model/x500_depth_0/link/base_link/sensor/imu_sensor/imu]
(2023-10-19T17:56:22.49056802) (2023-10-19T17:56:22.49068362) [Msg] Serving scene information on [/world/default/scene/info]
(2023-10-19T17:56:22.49226188) (2023-10-19T17:56:22.49236486) [Msg] Serving graph information on [/world/default/scene/graph]
(2023-10-19T17:56:22.49455229) (2023-10-19T17:56:22.49466590) [Msg] Serving full state on [/world/default/state]
(2023-10-19T17:56:22.49554951) (2023-10-19T17:56:22.49566636) [Msg] Serving full state (async) on [/world/default/state_async]
(2023-10-19T17:56:22.49679615) (2023-10-19T17:56:22.49689256) [Msg] Publishing scene information on [/world/default/scene/info]
(2023-10-19T17:56:22.49800610) (2023-10-19T17:56:22.49810399) [Msg] Publishing entity deletions on [/world/default/scene/deletion]
(2023-10-19T17:56:22.49865499) (2023-10-19T17:56:22.49875469) [Msg] Publishing state changes on [/world/default/state]
(2023-10-19T17:56:22.50009568) (2023-10-19T17:56:22.50018033) [Msg] Publishing pose messages on [/world/default/pose/info]
(2023-10-19T17:56:22.50094476) (2023-10-19T17:56:22.50104441) [Msg] Publishing dynamic pose messages on [/world/default/dynamic_pose/info]
(2023-10-19T17:56:22.50740253) (2023-10-19T17:56:22.50751888) [Dbg] [EntityComponentManager.cc:1655] Updated state thread iterators: 8 threads processing around 7 entities each.
(2023-10-19T17:56:22.61451437) (2023-10-19T17:56:22.61481039) ([Wrn] [Component.hh:144] Trying to serialize component with data type [N3sdf3v135WorldE], which doesn't have `operator<<`. Component will not be serialized.
2023-10-19T17:56:22.61509449) (2023-10-19T17:56:22.61530839) [Wrn] [Model.hh:69] Skipping serialization / deserialization for models with //pose/@relative_to attribute.
((2023-10-19T17:56:22.62954452) ((2023-10-19T17:56:22.62974332) (((2023-10-19T17:56:22.62965108) (2023-10-19T17:56:22.630097322023-10-19T17:56:22.630097322023-10-19T17:56:22.63034518) ) [Dbg] [SimulationRunner.cc:530] () ) Exiting postupdate worker thread (1))) (2023-10-19T17:56:22.63093675) (
(
2023-10-19T17:56:22.63105472) 2023-10-19T17:56:22.63120676) [Dbg] [SimulationRunner.cc:530] Exiting postupdate worker thread ([Dbg] [SimulationRunner.cc:530] 4[Dbg] [SimulationRunner.cc:530] 4Exiting postupdate worker thread (3)
)
[Dbg] [SimulationRunner.cc:530] Exiting postupdate worker thread (0)Exiting postupdate worker thread (2)
(2023-10-19T17:56:22.63400624) (2023-10-19T17:56:22.63407400) [Dbg] [SimulationRunner.cc:503] Creating PostUpdate worker threads: 6
(2023-10-19T17:56:22.63437124) (2023-10-19T17:56:22.63441798) [Dbg] [SimulationRunner.cc:514] Creating postupdate worker thread (0)
(2023-10-19T17:56:22.64128079) (2023-10-19T17:56:22.64139913) [Dbg] [SimulationRunner.cc:514] Creating postupdate worker thread (1)
(2023-10-19T17:56:22.64183824) (2023-10-19T17:56:22.64191328) [Dbg] [SimulationRunner.cc:514] Creating postupdate worker thread (2)
(2023-10-19T17:56:22.64240639) (2023-10-19T17:56:22.64247807) [Dbg] [SimulationRunner.cc:514] Creating postupdate worker thread (3)
(2023-10-19T17:56:22.64310172) (2023-10-19T17:56:22.64317479) [Dbg] [SimulationRunner.cc:514] Creating postupdate worker thread (4)
(2023-10-19T17:56:22.211854093) (2023-10-19T17:56:22.211860943) [Dbg] [RenderUtil.cc:2720] Create scene [scene]
((2023-10-19T17:56:22.240192119) (2023-10-19T17:56:22.240216170) 2023-10-19T17:56:22.240206617) (2023-10-19T17:56:22.240234068) [Dbg] [Sensors.cc:277] Rendering Thread initialized
[Dbg] [Sensors.cc:659] Initialization needed
(2023-10-19T17:56:23.779792567) (2023-10-19T17:56:23.779805199) [Dbg] [CameraSensor.cc:458] Camera images for [x500_depth_0::OakD-Lite/base_link::IMX214] advertised on [camera]
(2023-10-19T17:56:23.779929109) (2023-10-19T17:56:23.779938609) [Dbg] [CameraSensor.cc:786] Camera info for [x500_depth_0::OakD-Lite/base_link::IMX214] advertised on [/camera_info]
(2023-10-19T17:56:23.780047525) (2023-10-19T17:56:23.780053255) [Wrn] [Ogre2Camera.cc:412] Ogre2Camera::SetVisibilityMask: Mask bits c0000000 are set but will be ignored as they conflict with the reserved bits used internally by the ogre2 backend.
(2023-10-19T17:56:23.780298945) (2023-10-19T17:56:23.780308520) [Dbg] [DepthCameraSensor.cc:282] Depth images for [x500_depth_0::OakD-Lite/base_link::StereoOV7251] advertised on [depth_camera]
(2023-10-19T17:56:23.780376621) (2023-10-19T17:56:23.780406307) [Dbg] [CameraSensor.cc:786] Camera info for [x500_depth_0::OakD-Lite/base_link::StereoOV7251] advertised on [/camera_info]
(2023-10-19T17:56:23.780521912) (2023-10-19T17:56:23.780531496) [Dbg] [DepthCameraSensor.cc:299] Points for [x500_depth_0::OakD-Lite/base_link::StereoOV7251] advertised on [depth_camera/points]
(2023-10-19T18:05:14.483669634) (2023-10-19T18:05:14.483692817) [Dbg] [SignalHandler.cc:142] Received signal[2].
(2023-10-19T18:05:14.483728608) (2023-10-19T18:05:14.483739842) [Dbg] [ServerPrivate.cc:115] Server received signal[2]
(2023-10-19T18:05:14.483772706) (2023-10-19T18:05:14.483780195) [Dbg] [Sensors.cc:433] SensorsPrivate::Stop
(2023-10-19T18:05:14.560372850) (2023-10-19T18:05:14.560383850) [Dbg] [Sensors.cc:419] SensorsPrivate::RenderThread stopped
(2023-10-19T18:05:14.561710800) (2023-10-19T18:05:14.561720056) [Dbg] [gz.cc:417] Shutting down gz-sim-server
((2023-10-19T18:05:14.564624997(((((() ) ) 2023-10-19T18:05:14.564653587(2023-10-19T18:05:14.564672621) ) ) [Dbg] [SimulationRunner.cc:530] ((((2023-10-19T18:05:14.564699694) ) 2023-10-19T18:05:14.564698128(2023-10-19T18:05:14.564719147) ) 2023-10-19T18:05:14.564750428) (Exiting postupdate worker thread (2023-10-19T18:05:14.5647677870)
[Dbg] [SimulationRunner.cc:530] Exiting postupdate worker thread (3)
) [Dbg] [SimulationRunner.cc:530] Exiting postupdate worker thread (1)
Exiting postupdate worker thread (4)
[Dbg] [SimulationRunner.cc:530] Exiting postupdate worker thread (2)
(2023-10-19T18:05:14.586815494) (2023-10-19T18:05:14.586827186) [Dbg] [Sensors.cc:433] SensorsPrivate::Stop
