(2023-10-19T19:17:47.524943461) (2023-10-19T19:17:47.524970187) [Msg] Gazebo Sim Server v7.6.0
(2023-10-19T19:17:47.529601222) (2023-10-19T19:17:47.529609786) [Msg] Loading default world.
(2023-10-19T19:17:47.587361596) (2023-10-19T19:17:47.587371286) [Msg] Serving entity system service on [/entity/system/add]
(2023-10-19T19:17:47.587657886) (2023-10-19T19:17:47.587664933) [Msg] Loaded level [3]
(2023-10-19T19:17:47.587705682) (2023-10-19T19:17:47.587710542) [Msg] No systems loaded from SDF, loading defaults
(2023-10-19T19:17:47.587897595) (2023-10-19T19:17:47.587906276) [Dbg] [ServerConfig.cc:1062] Loaded (3) plugins from file [/home/bassam/.gz/sim/7/server.config]
(2023-10-19T19:17:47.707396215) (2023-10-19T19:17:47.707410256) [Dbg] [Physics.cc:880] Loaded [gz::physics::dartsim::Plugin] from library [/usr/lib/x86_64-linux-gnu/gz-physics-6/engine-plugins/libgz-physics-dartsim-plugin.so]
(2023-10-19T19:17:47.707471319) (2023-10-19T19:17:47.707478764) [Dbg] [SystemManager.cc:74] Loaded system [gz::sim::systems::Physics] for entity [1]
(2023-10-19T19:17:47.713630992) (2023-10-19T19:17:47.713664723) [Msg] Create service on [/world/default/create]
(2023-10-19T19:17:47.714273198) (2023-10-19T19:17:47.714283059) [Msg] Remove service on [/world/default/remove]
(2023-10-19T19:17:47.714666312) (2023-10-19T19:17:47.714675551) [Msg] Pose service on [/world/default/set_pose]
(2023-10-19T19:17:47.714943176) (2023-10-19T19:17:47.714951817) [Msg] Pose service on [/world/default/set_pose_vector]
(2023-10-19T19:17:47.715355822) (2023-10-19T19:17:47.715364749) [Msg] Light configuration service on [/world/default/light_config]
(2023-10-19T19:17:47.715932738) (2023-10-19T19:17:47.715943199) [Msg] Physics service on [/world/default/set_physics]
(2023-10-19T19:17:47.716348254) (2023-10-19T19:17:47.716357954) [Msg] SphericalCoordinates service on [/world/default/set_spherical_coordinates]
(2023-10-19T19:17:47.716567809) (2023-10-19T19:17:47.716576747) [Msg] Enable collision service on [/world/default/enable_collision]
(2023-10-19T19:17:47.716789527) (2023-10-19T19:17:47.716798494) [Msg] Disable collision service on [/world/default/disable_collision]
(2023-10-19T19:17:47.717268509) (2023-10-19T19:17:47.717277335) [Msg] Material service on [/world/default/visual_config]
(2023-10-19T19:17:47.717581925) (2023-10-19T19:17:47.717590848) [Msg] Material service on [/world/default/wheel_slip]
(2023-10-19T19:17:47.717627449) (2023-10-19T19:17:47.717634737) [Dbg] [SystemManager.cc:74] Loaded system [gz::sim::systems::UserCommands] for entity [1]
(2023-10-19T19:17:47.719155002) (2023-10-19T19:17:47.719165744) [Dbg] [SystemManager.cc:74] Loaded system [gz::sim::systems::SceneBroadcaster] for entity [1]
(2023-10-19T19:17:47.721727181) (2023-10-19T19:17:47.721740380) [Msg] Serving world controls on [/world/default/control], [/world/default/control/state] and [/world/default/playback/control]
(2023-10-19T19:17:47.722087453) (2023-10-19T19:17:47.722096875) [Msg] Serving GUI information on [/world/default/gui/info]
(2023-10-19T19:17:47.722126453) (2023-10-19T19:17:47.722133862) [Msg] World [default] initialized with [default_physics] physics profile.
(2023-10-19T19:17:47.722587179) (2023-10-19T19:17:47.722596697) [Msg] Serving world SDF generation service on [/world/default/generate_world_sdf]
(2023-10-19T19:17:47.722906682) (2023-10-19T19:17:47.722915898) [Msg] Serving world names on [/gazebo/worlds]
(2023-10-19T19:17:47.723133828) (2023-10-19T19:17:47.723142691) [Msg] Resource path add service on [/gazebo/resource_paths/add].
(2023-10-19T19:17:47.723357840) (2023-10-19T19:17:47.723366661) [Msg] Resource path get service on [/gazebo/resource_paths/get].
(2023-10-19T19:17:47.723587394) (2023-10-19T19:17:47.723596507) [Msg] Resource path resolve service on [/gazebo/resource_paths/resolve].
(2023-10-19T19:17:47.723776979) (2023-10-19T19:17:47.723785992) [Msg] Resource paths published on [/gazebo/resource_paths].
(2023-10-19T19:17:47.724122731) (2023-10-19T19:17:47.724131431) [Msg] Server control service on [/server_control].
(2023-10-19T19:17:49.235771267) (2023-10-19T19:17:49.235783441) [Msg] Found no publishers on /stats, adding root stats topic
(2023-10-19T19:17:49.235955776) (2023-10-19T19:17:49.235962532) [Msg] Found no publishers on /clock, adding root clock topic
(2023-10-19T19:17:49.236115173) (2023-10-19T19:17:49.236121726) [Dbg] [SimulationRunner.cc:503] Creating PostUpdate worker threads: 2
(2023-10-19T19:17:49.236150603) (2023-10-19T19:17:49.236157527) [Dbg] [SimulationRunner.cc:514] Creating postupdate worker thread (0)
(2023-10-19T19:17:49.237028098) (2023-10-19T19:17:49.237041132) [Msg] Serving scene information on [/world/default/scene/info]
(2023-10-19T19:17:49.237104245) (2023-10-19T19:17:49.237110185) [Msg] Serving graph information on [/world/default/scene/graph]
(2023-10-19T19:17:49.237225543) (2023-10-19T19:17:49.237231752) [Msg] Serving full state on [/world/default/state]
(2023-10-19T19:17:49.237284401) (2023-10-19T19:17:49.237290104) [Msg] Serving full state (async) on [/world/default/state_async]
(2023-10-19T19:17:49.237381488) (2023-10-19T19:17:49.237390631) [Msg] Publishing scene information on [/world/default/scene/info]
(2023-10-19T19:17:49.237481149) (2023-10-19T19:17:49.237491150) [Msg] Publishing entity deletions on [/world/default/scene/deletion]
(2023-10-19T19:17:49.237545395) (2023-10-19T19:17:49.237554629) [Msg] Publishing state changes on [/world/default/state]
(2023-10-19T19:17:49.237645323) (2023-10-19T19:17:49.237653629) [Msg] Publishing pose messages on [/world/default/pose/info]
(2023-10-19T19:17:49.237710471) (2023-10-19T19:17:49.237719536) [Msg] Publishing dynamic pose messages on [/world/default/dynamic_pose/info]
(2023-10-19T19:17:49.237819394) (2023-10-19T19:17:49.237825628) [Dbg] [EntityComponentManager.cc:1655] Updated state thread iterators: 3 threads processing around 1 entities each.
(2023-10-19T19:17:49.238122219) (2023-10-19T19:17:49.238132494) [Wrn] [Component.hh:144] Trying to serialize component with data type [N3sdf3v135WorldE], which doesn't have `operator<<`. Component will not be serialized.
