(2023-10-20T02:10:19.272535915) (2023-10-20T02:10:19.272556147) [Msg] Gazebo Sim Server v7.6.0
(2023-10-20T02:10:19.278262075) (2023-10-20T02:10:19.278277568) [Msg] Loading SDF world file[/home/bassam/PX4-Autopilot/Tools/simulation/gz/worlds/default.sdf].
(2023-10-20T02:10:19.463994798) (2023-10-20T02:10:19.464013232) [Msg] Serving entity system service on [/entity/system/add]
(2023-10-20T02:10:19.670116726) (2023-10-20T02:10:19.670141640) [Dbg] [Physics.cc:880] Loaded [gz::physics::dartsim::Plugin] from library [/usr/lib/x86_64-linux-gnu/gz-physics-6/engine-plugins/libgz-physics-dartsim-plugin.so]
(2023-10-20T02:10:19.670257772) (2023-10-20T02:10:19.670273197) [Dbg] [SystemManager.cc:74] Loaded system [gz::sim::systems::Physics] for entity [1]
(2023-10-20T02:10:19.785226406) (2023-10-20T02:10:19.785246866) [Msg] Create service on [/world/default/create]
(2023-10-20T02:10:19.785537086) (2023-10-20T02:10:19.785554364) [Msg] Remove service on [/world/default/remove]
(2023-10-20T02:10:19.785776874) (2023-10-20T02:10:19.785796809) [Msg] Pose service on [/world/default/set_pose]
(2023-10-20T02:10:19.785982503) (2023-10-20T02:10:19.785997002) [Msg] Pose service on [/world/default/set_pose_vector]
(2023-10-20T02:10:19.786233947) (2023-10-20T02:10:19.786250613) [Msg] Light configuration service on [/world/default/light_config]
(2023-10-20T02:10:19.786561948) (2023-10-20T02:10:19.786580060) [Msg] Physics service on [/world/default/set_physics]
(2023-10-20T02:10:19.786800600) (2023-10-20T02:10:19.786818965) [Msg] SphericalCoordinates service on [/world/default/set_spherical_coordinates]
(2023-10-20T02:10:19.786927168) (2023-10-20T02:10:19.786944488) [Msg] Enable collision service on [/world/default/enable_collision]
(2023-10-20T02:10:19.787046666) (2023-10-20T02:10:19.787064086) [Msg] Disable collision service on [/world/default/disable_collision]
(2023-10-20T02:10:19.787316045) (2023-10-20T02:10:19.787334413) [Msg] Material service on [/world/default/visual_config]
(2023-10-20T02:10:19.787501844) (2023-10-20T02:10:19.787520887) [Msg] Material service on [/world/default/wheel_slip]
(2023-10-20T02:10:19.787567997) (2023-10-20T02:10:19.787576259) [Dbg] [SystemManager.cc:74] Loaded system [gz::sim::systems::UserCommands] for entity [1]
(2023-10-20T02:10:19.789466517) (2023-10-20T02:10:19.789480389) [Dbg] [SystemManager.cc:74] Loaded system [gz::sim::systems::SceneBroadcaster] for entity [1]
(2023-10-20T02:10:19.790823559) (2023-10-20T02:10:19.790837075) [Dbg] [SystemManager.cc:74] Loaded system [gz::sim::systems::Contact] for entity [1]
(2023-10-20T02:10:19.792739453) (2023-10-20T02:10:19.792753289) [Dbg] [SystemManager.cc:74] Loaded system [gz::sim::systems::Imu] for entity [1]
(2023-10-20T02:10:19.794348656) (2023-10-20T02:10:19.794362318) [Dbg] [SystemManager.cc:74] Loaded system [gz::sim::systems::AirPressure] for entity [1]
(2023-10-20T02:10:19.795789894) (2023-10-20T02:10:19.795803809) [Msg] Listening to instantaneous wrench commands in [/world/default/wrench]
(2023-10-20T02:10:19.795893826) (2023-10-20T02:10:19.795904755) [Msg] Listening to persistent wrench commands in [/world/default/wrench/persistent]
(2023-10-20T02:10:19.795984920) (2023-10-20T02:10:19.795994937) [Msg] Listening to wrench clear commands in [/world/default/wrench/clear]
(2023-10-20T02:10:19.796029776) (2023-10-20T02:10:19.796038314) [Dbg] [SystemManager.cc:74] Loaded system [gz::sim::systems::ApplyLinkWrench] for entity [1]
(2023-10-20T02:10:19.804718985) (2023-10-20T02:10:19.804737191) [Dbg] [Sensors.cc:506] Configuring Sensors system
(2023-10-20T02:10:19.804854970) (2023-10-20T02:10:19.804865010) [Dbg] [Sensors.cc:425] SensorsPrivate::Run
(2023-10-20T02:10:19.804952248) (2023-10-20T02:10:19.804963186) [Dbg] [SystemManager.cc:74] Loaded system [gz::sim::systems::Sensors] for entity [1]
(2023-10-20T02:10:19.805049669) (2023-10-20T02:10:19.805069478) [Dbg] [Sensors.cc:402] SensorsPrivate::RenderThread started
(2023-10-20T02:10:19.805097176) (2023-10-20T02:10:19.805105298) [Dbg] [Sensors.cc:245] Waiting for init
(2023-10-20T02:10:19.808672124) (2023-10-20T02:10:19.808690186) [Wrn] [SystemLoader.cc:79] Trying to load deprecated plugin [ignition-gazebo-ackermann-steering-system]. Using [gz-sim-ackermann-steering-system] instead.
(2023-10-20T02:10:19.810616314) (2023-10-20T02:10:19.810632329) [Msg] AckermannSteering subscribing to twist messages on [/cmd_vel]
(2023-10-20T02:10:19.810930768) (2023-10-20T02:10:19.810943591) [Dbg] [SystemManager.cc:74] Loaded system [ignition::gazebo::systems::AckermannSteering] for entity [8]
(2023-10-20T02:10:19.811138832) (2023-10-20T02:10:19.811149728) [Msg] Loaded level [3]
(2023-10-20T02:10:19.813410722) (2023-10-20T02:10:19.813429469) [Msg] Serving world controls on [/world/default/control], [/world/default/control/state] and [/world/default/playback/control]
(2023-10-20T02:10:19.813746139) (2023-10-20T02:10:19.813765522) [Msg] Serving GUI information on [/world/default/gui/info]
(2023-10-20T02:10:19.813798788) (2023-10-20T02:10:19.813806890) [Msg] World [default] initialized with [default_physics] physics profile.
(2023-10-20T02:10:19.814028763) (2023-10-20T02:10:19.814048352) [Msg] Serving world SDF generation service on [/world/default/generate_world_sdf]
(2023-10-20T02:10:19.814212765) (2023-10-20T02:10:19.814231299) [Msg] Serving world names on [/gazebo/worlds]
(2023-10-20T02:10:19.814337917) (2023-10-20T02:10:19.814353771) [Msg] Resource path add service on [/gazebo/resource_paths/add].
(2023-10-20T02:10:19.814459887) (2023-10-20T02:10:19.814474276) [Msg] Resource path get service on [/gazebo/resource_paths/get].
(2023-10-20T02:10:19.814580076) (2023-10-20T02:10:19.814595087) [Msg] Resource path resolve service on [/gazebo/resource_paths/resolve].
(2023-10-20T02:10:19.814696102) (2023-10-20T02:10:19.814707034) [Msg] Resource paths published on [/gazebo/resource_paths].
(2023-10-20T02:10:19.814870527) (2023-10-20T02:10:19.814887276) [Msg] Server control service on [/server_control].
(2023-10-20T02:10:21.276588228) (2023-10-20T02:10:21.276612832) [Msg] Found no publishers on /stats, adding root stats topic
(2023-10-20T02:10:21.276865442) (2023-10-20T02:10:21.276877525) [Msg] Found no publishers on /clock, adding root clock topic
(2023-10-20T02:10:21.277213331) (2023-10-20T02:10:21.277233674) [Dbg] [SimulationRunner.cc:503] Creating PostUpdate worker threads: 7
(2023-10-20T02:10:21.277305773) (2023-10-20T02:10:21.277314365) [Dbg] [SimulationRunner.cc:514] Creating postupdate worker thread (0)
(2023-10-20T02:10:21.277477716) (2023-10-20T02:10:21.277494924) [Dbg] [SimulationRunner.cc:514] Creating postupdate worker thread (1)
(2023-10-20T02:10:21.277584460) (2023-10-20T02:10:21.277614721) [Dbg] [SimulationRunner.cc:514] Creating postupdate worker thread (2)
(2023-10-20T02:10:21.277718334) (2023-10-20T02:10:21.277736759) [Dbg] [SimulationRunner.cc:514] Creating postupdate worker thread (3)
(2023-10-20T02:10:21.277853798) (2023-10-20T02:10:21.277871712) [Dbg] [SimulationRunner.cc:514] Creating postupdate worker thread (4)
(2023-10-20T02:10:21.277990553) (2023-10-20T02:10:21.278008255) [Dbg] [SimulationRunner.cc:514] Creating postupdate worker thread (5)
(2023-10-20T02:10:21.627544860) (2023-10-20T02:10:21.627572227) [Wrn] [MulticopterMotorModel.cc:257] No robotNamespace set using entity name.
(2023-10-20T02:10:21.627639357) (2023-10-20T02:10:21.627656236) [Wrn] [MulticopterMotorModel.cc:295] <motorNumber> is depricated, please use <actuator_number>.
(2023-10-20T02:10:21.627765111) (2023-10-20T02:10:21.627782282) [Dbg] [MulticopterMotorModel.cc:386] Listening to topic: x500_depth_0/command/motor_speed
(2023-10-20T02:10:21.628274479) (2023-10-20T02:10:21.628295700) [Dbg] [SystemManager.cc:74] Loaded system [gz::sim::systems::MulticopterMotorModel] for entity [56]
(2023-10-20T02:10:21.628915345) (2023-10-20T02:10:21.628935890) [Wrn] [MulticopterMotorModel.cc:257] No robotNamespace set using entity name.
(2023-10-20T02:10:21.628979289) (2023-10-20T02:10:21.628994771) [Wrn] [MulticopterMotorModel.cc:295] <motorNumber> is depricated, please use <actuator_number>.
(2023-10-20T02:10:21.629088949) (2023-10-20T02:10:21.629104478) [Dbg] [MulticopterMotorModel.cc:386] Listening to topic: x500_depth_0/command/motor_speed
(2023-10-20T02:10:21.629373835) (2023-10-20T02:10:21.629391771) [Dbg] [SystemManager.cc:74] Loaded system [gz::sim::systems::MulticopterMotorModel] for entity [56]
(2023-10-20T02:10:21.629962950) (2023-10-20T02:10:21.629977752) [Wrn] [MulticopterMotorModel.cc:257] No robotNamespace set using entity name.
(2023-10-20T02:10:21.630005737) (2023-10-20T02:10:21.630014657) [Wrn] [MulticopterMotorModel.cc:295] <motorNumber> is depricated, please use <actuator_number>.
(2023-10-20T02:10:21.630073478) (2023-10-20T02:10:21.630082780) [Dbg] [MulticopterMotorModel.cc:386] Listening to topic: x500_depth_0/command/motor_speed
(2023-10-20T02:10:21.630366497) (2023-10-20T02:10:21.630386587) [Dbg] [SystemManager.cc:74] Loaded system [gz::sim::systems::MulticopterMotorModel] for entity [56]
(2023-10-20T02:10:21.630763965) (2023-10-20T02:10:21.630776220) [Wrn] [MulticopterMotorModel.cc:257] No robotNamespace set using entity name.
(2023-10-20T02:10:21.630801351) (2023-10-20T02:10:21.630809649) [Wrn] [MulticopterMotorModel.cc:295] <motorNumber> is depricated, please use <actuator_number>.
(2023-10-20T02:10:21.630865511) (2023-10-20T02:10:21.630874122) [Dbg] [MulticopterMotorModel.cc:386] Listening to topic: x500_depth_0/command/motor_speed
(2023-10-20T02:10:21.631180374) (2023-10-20T02:10:21.631199931) [Dbg] [SystemManager.cc:74] Loaded system [gz::sim::systems::MulticopterMotorModel] for entity [56]
(2023-10-20T02:10:21.631626995) (2023-10-20T02:10:21.631638794) [Dbg] [UserCommands.cc:1263] Created entity [56] named [x500_depth_0]
(2023-10-20T02:10:21.652108481) (2023-10-20T02:10:21.652136792) [Dbg] [SimulationFeatures.cc:72] Simulation timestep set to: 0.004
(2023-10-20T02:10:21.654779807) (2023-10-20T02:10:21.654814175) [Dbg] [Sensors.cc:659] Initialization needed
(2023-10-20T02:10:21.654890917) (2023-10-20T02:10:21.654914500) [Dbg] [Sensors.cc:257] Initializing render context
(2023-10-20T02:10:21.655131728) (2023-10-20T02:10:21.655149870) [Msg] Loading plugin [gz-rendering-ogre2]
(2023-10-20T02:10:21.655851125) (2023-10-20T02:10:21.655880722) [Dbg] [AirPressureSensor.cc:126] Air pressure for [x500_depth_0::base_link::air_pressure_sensor] advertised on [world/default/model/x500_depth_0/link/base_link/sensor/air_pressure_sensor/air_pressure]
(2023-10-20T02:10:21.655978600) (2023-10-20T02:10:21.656000389) [Dbg] [ImuSensor.cc:149] IMU data for [x500_depth_0::base_link::imu_sensor] advertised on [world/default/model/x500_depth_0/link/base_link/sensor/imu_sensor/imu]
(2023-10-20T02:10:21.657683235) (2023-10-20T02:10:21.657709037) [Msg] Serving scene information on [/world/default/scene/info]
(2023-10-20T02:10:21.657863733) (2023-10-20T02:10:21.657876372) [Msg] Serving graph information on [/world/default/scene/graph]
(2023-10-20T02:10:21.658270960) (2023-10-20T02:10:21.658286136) [Msg] Serving full state on [/world/default/state]
(2023-10-20T02:10:21.658420719) (2023-10-20T02:10:21.658432409) [Msg] Serving full state (async) on [/world/default/state_async]
(2023-10-20T02:10:21.658565793) (2023-10-20T02:10:21.658583359) [Msg] Publishing scene information on [/world/default/scene/info]
(2023-10-20T02:10:21.658761229) (2023-10-20T02:10:21.658775083) [Msg] Publishing entity deletions on [/world/default/scene/deletion]
(2023-10-20T02:10:21.658924522) (2023-10-20T02:10:21.658942091) [Msg] Publishing state changes on [/world/default/state]
(2023-10-20T02:10:21.659061435) (2023-10-20T02:10:21.659078380) [Msg] Publishing pose messages on [/world/default/pose/info]
(2023-10-20T02:10:21.659262181) (2023-10-20T02:10:21.659280114) [Msg] Publishing dynamic pose messages on [/world/default/dynamic_pose/info]
(2023-10-20T02:10:21.660251894) (2023-10-20T02:10:21.660267033) [Dbg] [EntityComponentManager.cc:1655] Updated state thread iterators: 8 threads processing around 13 entities each.
(2023-10-20T02:10:21.685368946) (2023-10-20T02:10:21.685402254) [Wrn] [Component.hh:144] Trying to serialize component with data type [N3sdf3v135WorldE], which doesn't have `operator<<`. Component will not be serialized.
(2023-10-20T02:10:21.685846154) (2023-10-20T02:10:21.685870718) [Wrn] [Model.hh:69] Skipping serialization / deserialization for models with //pose/@relative_to attribute.
((((2023-10-20T02:10:21.6903379802023-10-20T02:10:21.6902774992023-10-20T02:10:21.6903379802023-10-20T02:10:21.6902774992023-10-20T02:10:21.690288291) (2023-10-20T02:10:21.690405100) ) () ([Dbg] [SimulationRunner.cc:530] 2023-10-20T02:10:21.690464924) 2023-10-20T02:10:21.6903539982023-10-20T02:10:21.6904463662023-10-20T02:10:21.6903539982023-10-20T02:10:21.690446366([Dbg] [SimulationRunner.cc:530] Exiting postupdate worker thread (Exiting postupdate worker thread (5Exiting postupdate worker thread (5) 2023-10-20T02:10:21.690549986) (Exiting postupdate worker thread (5[Dbg] [SimulationRunner.cc:530] 2023-10-20T02:10:21.690615396) ) () (2023-10-20T02:10:21.690653163) 2023-10-20T02:10:21.6906727982023-10-20T02:10:21.690672798Exiting postupdate worker thread (4)[Dbg] [SimulationRunner.cc:530]  Exiting postupdate worker thread ([Dbg] [SimulationRunner.cc:530] 1)
)
[Dbg] [SimulationRunner.cc:530] Exiting postupdate worker thread (3)
Exiting postupdate worker thread (2)
0)
(2023-10-20T02:10:21.691223543) (2023-10-20T02:10:21.691245527) [Dbg] [SimulationRunner.cc:503] Creating PostUpdate worker threads: 7
(2023-10-20T02:10:21.691300659) (2023-10-20T02:10:21.691316303) [Dbg] [SimulationRunner.cc:514] Creating postupdate worker thread (0)
(2023-10-20T02:10:21.691950708) (2023-10-20T02:10:21.691970272) [Dbg] [SimulationRunner.cc:514] Creating postupdate worker thread (1)
(2023-10-20T02:10:21.692053519) (2023-10-20T02:10:21.692070069) [Dbg] [SimulationRunner.cc:514] Creating postupdate worker thread (2)
(2023-10-20T02:10:21.692149200) (2023-10-20T02:10:21.692160532) [Dbg] [SimulationRunner.cc:514] Creating postupdate worker thread (3)
(2023-10-20T02:10:21.692231966) (2023-10-20T02:10:21.692249333) [Dbg] [SimulationRunner.cc:514] Creating postupdate worker thread (4)
(2023-10-20T02:10:21.692361471) (2023-10-20T02:10:21.692379879) [Dbg] [SimulationRunner.cc:514] Creating postupdate worker thread (5)
(2023-10-20T02:10:21.956251230) (2023-10-20T02:10:21.956263375) [Dbg] [RenderUtil.cc:2720] Create scene [scene]
((2023-10-20T02:10:22.8752214) (2023-10-20T02:10:22.8802577) ) (Rendering Thread initialized
2023-10-20T02:10:22.8832148) [Dbg] [Sensors.cc:659] Initialization needed
(2023-10-20T02:10:22.15998492) (2023-10-20T02:10:22.16018541) [Wrn] [FuelClient.cc:1952] The fuel.ignitionrobotics.org URL is deprecrated. Pleasse change https://fuel.ignitionrobotics.org/1.0/openrobotics/models/prius hybrid/2/files/meshes/Hybrid.obj to https://fuel.gazebosim.org/1.0/openrobotics/models/prius hybrid/2/files/meshes/Hybrid.obj
(2023-10-20T02:10:22.16153755) (2023-10-20T02:10:22.16164483) [Wrn] [FuelClient.cc:1952] The fuel.ignitionrobotics.org URL is deprecrated. Pleasse change https://fuel.ignitionrobotics.org/1.0/openrobotics/models/prius hybrid/2/files/meshes/Hybrid.obj to https://fuel.gazebosim.org/1.0/openrobotics/models/prius hybrid/2/files/meshes/Hybrid.obj
(2023-10-20T02:10:22.20684776) (2023-10-20T02:10:22.20699550) [Wrn] [OBJLoader.cc:91] Both `d` and `Tr` parameters defined for "Hybrid". Use the value of `d` for dissolve (line 8 in .mtl.)
Both `d` and `Tr` parameters defined for "Wheels3". Use the value of `d` for dissolve (line 22 in .mtl.)
Both `d` and `Tr` parameters defined for "Hybrid_Interior". Use the value of `d` for dissolve (line 36 in .mtl.)
Both `d` and `Tr` parameters defined for "Windows". Use the value of `d` for dissolve (line 50 in .mtl.)

(2023-10-20T02:10:24.946050955) (2023-10-20T02:10:24.946074652) [Dbg] [CameraSensor.cc:458] Camera images for [prius_hybrid::chassis::back_camera_sensor] advertised on [back_camera]
(2023-10-20T02:10:24.946295980) (2023-10-20T02:10:24.946308353) [Dbg] [CameraSensor.cc:786] Camera info for [prius_hybrid::chassis::back_camera_sensor] advertised on [/camera_info]
(2023-10-20T02:10:24.946545260) (2023-10-20T02:10:24.946556148) [Wrn] [Ogre2Camera.cc:412] Ogre2Camera::SetVisibilityMask: Mask bits c0000000 are set but will be ignored as they conflict with the reserved bits used internally by the ogre2 backend.
(2023-10-20T02:10:24.947023380) (2023-10-20T02:10:24.947042859) [Dbg] [CameraSensor.cc:458] Camera images for [prius_hybrid::chassis::front_camera_sensor] advertised on [front_camera]
(2023-10-20T02:10:24.947154454) (2023-10-20T02:10:24.947171680) [Dbg] [CameraSensor.cc:786] Camera info for [prius_hybrid::chassis::front_camera_sensor] advertised on [/camera_info]
(2023-10-20T02:10:24.947243548) (2023-10-20T02:10:24.947253464) [Wrn] [Ogre2Camera.cc:412] Ogre2Camera::SetVisibilityMask: Mask bits c0000000 are set but will be ignored as they conflict with the reserved bits used internally by the ogre2 backend.
(2023-10-20T02:10:24.947547091) (2023-10-20T02:10:24.947565031) [Dbg] [CameraSensor.cc:458] Camera images for [prius_hybrid::chassis::left_camera_sensor] advertised on [left_camera]
(2023-10-20T02:10:24.947675220) (2023-10-20T02:10:24.947692852) [Dbg] [CameraSensor.cc:786] Camera info for [prius_hybrid::chassis::left_camera_sensor] advertised on [/camera_info]
(2023-10-20T02:10:24.947758196) (2023-10-20T02:10:24.947767321) [Wrn] [Ogre2Camera.cc:412] Ogre2Camera::SetVisibilityMask: Mask bits c0000000 are set but will be ignored as they conflict with the reserved bits used internally by the ogre2 backend.
(2023-10-20T02:10:24.948009666) (2023-10-20T02:10:24.948027372) [Dbg] [CameraSensor.cc:458] Camera images for [prius_hybrid::chassis::right_camera_sensor] advertised on [right_camera]
(2023-10-20T02:10:24.948133137) (2023-10-20T02:10:24.948150767) [Dbg] [CameraSensor.cc:786] Camera info for [prius_hybrid::chassis::right_camera_sensor] advertised on [/camera_info]
(2023-10-20T02:10:24.948217227) (2023-10-20T02:10:24.948226953) [Wrn] [Ogre2Camera.cc:412] Ogre2Camera::SetVisibilityMask: Mask bits c0000000 are set but will be ignored as they conflict with the reserved bits used internally by the ogre2 backend.
(2023-10-20T02:10:24.948472366) (2023-10-20T02:10:24.948490498) [Dbg] [CameraSensor.cc:458] Camera images for [x500_depth_0::OakD-Lite/base_link::IMX214] advertised on [camera]
(2023-10-20T02:10:24.948602335) (2023-10-20T02:10:24.948619804) [Dbg] [CameraSensor.cc:786] Camera info for [x500_depth_0::OakD-Lite/base_link::IMX214] advertised on [/camera_info]
(2023-10-20T02:10:24.948688203) (2023-10-20T02:10:24.948697746) [Wrn] [Ogre2Camera.cc:412] Ogre2Camera::SetVisibilityMask: Mask bits c0000000 are set but will be ignored as they conflict with the reserved bits used internally by the ogre2 backend.
(2023-10-20T02:10:24.949084788) (2023-10-20T02:10:24.949100081) [Dbg] [DepthCameraSensor.cc:282] Depth images for [x500_depth_0::OakD-Lite/base_link::StereoOV7251] advertised on [depth_camera]
(2023-10-20T02:10:24.949229886) (2023-10-20T02:10:24.949247858) [Dbg] [CameraSensor.cc:786] Camera info for [x500_depth_0::OakD-Lite/base_link::StereoOV7251] advertised on [/camera_info]
(2023-10-20T02:10:24.949454779) (2023-10-20T02:10:24.949471471) [Dbg] [DepthCameraSensor.cc:299] Points for [x500_depth_0::OakD-Lite/base_link::StereoOV7251] advertised on [depth_camera/points]
(2023-10-20T02:10:38.106381505) (2023-10-20T02:10:38.106419054) [Dbg] [SignalHandler.cc:142] Received signal[2].
(2023-10-20T02:10:38.106473154) (2023-10-20T02:10:38.106483263) [Dbg] [ServerPrivate.cc:115] Server received signal[2]
(2023-10-20T02:10:38.106532635) (2023-10-20T02:10:38.106545452) [Dbg] [Sensors.cc:433] SensorsPrivate::Stop
(2023-10-20T02:10:38.286412283) (2023-10-20T02:10:38.286438817) [Dbg] [Sensors.cc:419] SensorsPrivate::RenderThread stopped
(2023-10-20T02:10:38.289650443) (2023-10-20T02:10:38.289671410) [Dbg] [gz.cc:417] Shutting down gz-sim-server
(((2023-10-20T02:10:38.294996476) ) () () (2023-10-20T02:10:38.295010789(2023-10-20T02:10:38.295066346) () 2023-10-20T02:10:38.295106431) ) (2023-10-20T02:10:38.295123900[Dbg] [SimulationRunner.cc:530] ) (2023-10-20T02:10:38.295173088) 2023-10-20T02:10:38.295067869) ((2023-10-20T02:10:38.2952189422023-10-20T02:10:38.2952189422023-10-20T02:10:38.295143011) ) 2023-10-20T02:10:38.295207724) [Dbg] [SimulationRunner.cc:530] Exiting postupdate worker thread (3)
[Dbg] [SimulationRunner.cc:530] Exiting postupdate worker thread ([Dbg] [SimulationRunner.cc:530] 4)5)
)Exiting postupdate worker thread (1)
[Dbg] [SimulationRunner.cc:530] 4[Dbg] [SimulationRunner.cc:530] [Dbg] [SimulationRunner.cc:530] Exiting postupdate worker thread (2)
Exiting postupdate worker thread (0)
(2023-10-20T02:10:38.344272161) (2023-10-20T02:10:38.344289162) [Dbg] [Sensors.cc:433] SensorsPrivate::Stop
