(2023-11-06T18:09:04.726748224) (2023-11-06T18:09:04.726770330) [Msg] Gazebo Sim Server v7.6.0
(2023-11-06T18:09:04.731966645) (2023-11-06T18:09:04.731982168) [Msg] Loading SDF world file[/home/bassam/PX4-Autopilot/Tools/simulation/gz/worlds/default.sdf].
(2023-11-06T18:09:04.911790523) (2023-11-06T18:09:04.911810442) [Msg] Serving entity system service on [/entity/system/add]
(2023-11-06T18:09:05.102557917) (2023-11-06T18:09:05.102583216) [Dbg] [Physics.cc:880] Loaded [gz::physics::dartsim::Plugin] from library [/usr/lib/x86_64-linux-gnu/gz-physics-6/engine-plugins/libgz-physics-dartsim-plugin.so]
(2023-11-06T18:09:05.102701311) (2023-11-06T18:09:05.102716528) [Dbg] [SystemManager.cc:74] Loaded system [gz::sim::systems::Physics] for entity [1]
(2023-11-06T18:09:05.106458601) (2023-11-06T18:09:05.106480592) [Msg] Create service on [/world/default/create]
(2023-11-06T18:09:05.207025478) (2023-11-06T18:09:05.207055348) [Msg] Remove service on [/world/default/remove]
(2023-11-06T18:09:05.207265863) (2023-11-06T18:09:05.207284603) [Msg] Pose service on [/world/default/set_pose]
(2023-11-06T18:09:05.207509046) (2023-11-06T18:09:05.207528588) [Msg] Pose service on [/world/default/set_pose_vector]
(2023-11-06T18:09:05.207825166) (2023-11-06T18:09:05.207844448) [Msg] Light configuration service on [/world/default/light_config]
(2023-11-06T18:09:05.208270967) (2023-11-06T18:09:05.208290960) [Msg] Physics service on [/world/default/set_physics]
(2023-11-06T18:09:05.208595872) (2023-11-06T18:09:05.208614019) [Msg] SphericalCoordinates service on [/world/default/set_spherical_coordinates]
(2023-11-06T18:09:05.208751112) (2023-11-06T18:09:05.208768129) [Msg] Enable collision service on [/world/default/enable_collision]
(2023-11-06T18:09:05.208881495) (2023-11-06T18:09:05.208893458) [Msg] Disable collision service on [/world/default/disable_collision]
(2023-11-06T18:09:05.209122748) (2023-11-06T18:09:05.209134486) [Msg] Material service on [/world/default/visual_config]
(2023-11-06T18:09:05.209301556) (2023-11-06T18:09:05.209313349) [Msg] Material service on [/world/default/wheel_slip]
(2023-11-06T18:09:05.209359188) (2023-11-06T18:09:05.209367489) [Dbg] [SystemManager.cc:74] Loaded system [gz::sim::systems::UserCommands] for entity [1]
(2023-11-06T18:09:05.211584400) (2023-11-06T18:09:05.211598962) [Dbg] [SystemManager.cc:74] Loaded system [gz::sim::systems::SceneBroadcaster] for entity [1]
(2023-11-06T18:09:05.213354567) (2023-11-06T18:09:05.213371870) [Dbg] [SystemManager.cc:74] Loaded system [gz::sim::systems::Contact] for entity [1]
(2023-11-06T18:09:05.215509676) (2023-11-06T18:09:05.215533825) [Dbg] [SystemManager.cc:74] Loaded system [gz::sim::systems::Imu] for entity [1]
(2023-11-06T18:09:05.217278616) (2023-11-06T18:09:05.217293530) [Dbg] [SystemManager.cc:74] Loaded system [gz::sim::systems::AirPressure] for entity [1]
(2023-11-06T18:09:05.218837223) (2023-11-06T18:09:05.218853200) [Msg] Listening to instantaneous wrench commands in [/world/default/wrench]
(2023-11-06T18:09:05.218960081) (2023-11-06T18:09:05.218978535) [Msg] Listening to persistent wrench commands in [/world/default/wrench/persistent]
(2023-11-06T18:09:05.219079869) (2023-11-06T18:09:05.219091355) [Msg] Listening to wrench clear commands in [/world/default/wrench/clear]
(2023-11-06T18:09:05.219127169) (2023-11-06T18:09:05.219135584) [Dbg] [SystemManager.cc:74] Loaded system [gz::sim::systems::ApplyLinkWrench] for entity [1]
(2023-11-06T18:09:05.227921391) (2023-11-06T18:09:05.227939311) [Dbg] [Sensors.cc:506] Configuring Sensors system
(2023-11-06T18:09:05.228055090) (2023-11-06T18:09:05.228065374) [Dbg] [Sensors.cc:425] SensorsPrivate::Run
(2023-11-06T18:09:05.228174685) (2023-11-06T18:09:05.228185927) [Dbg] [SystemManager.cc:74] Loaded system [gz::sim::systems::Sensors] for entity [1]
(2023-11-06T18:09:05.228325634) (2023-11-06T18:09:05.228345053) [Dbg] [Sensors.cc:402] SensorsPrivate::RenderThread started
(2023-11-06T18:09:05.228372424) (2023-11-06T18:09:05.228385098) [Dbg] [Sensors.cc:245] Waiting for init
(2023-11-06T18:09:05.233017170) (2023-11-06T18:09:05.233040528) [Wrn] [SystemLoader.cc:79] Trying to load deprecated plugin [ignition-gazebo-ackermann-steering-system]. Using [gz-sim-ackermann-steering-system] instead.
(2023-11-06T18:09:05.235200069) (2023-11-06T18:09:05.235216098) [Msg] AckermannSteering subscribing to twist messages on [/cmd_vel]
(2023-11-06T18:09:05.235535940) (2023-11-06T18:09:05.235548145) [Dbg] [SystemManager.cc:74] Loaded system [ignition::gazebo::systems::AckermannSteering] for entity [8]
(2023-11-06T18:09:05.235754789) (2023-11-06T18:09:05.235766450) [Msg] Loaded level [3]
(2023-11-06T18:09:05.238043288) (2023-11-06T18:09:05.238065193) [Msg] Serving world controls on [/world/default/control], [/world/default/control/state] and [/world/default/playback/control]
(2023-11-06T18:09:05.238386840) (2023-11-06T18:09:05.238406180) [Msg] Serving GUI information on [/world/default/gui/info]
(2023-11-06T18:09:05.238449518) (2023-11-06T18:09:05.238458695) [Msg] World [default] initialized with [default_physics] physics profile.
(2023-11-06T18:09:05.238671107) (2023-11-06T18:09:05.238689878) [Msg] Serving world SDF generation service on [/world/default/generate_world_sdf]
(2023-11-06T18:09:05.238861163) (2023-11-06T18:09:05.238878464) [Msg] Serving world names on [/gazebo/worlds]
(2023-11-06T18:09:05.239005381) (2023-11-06T18:09:05.239022985) [Msg] Resource path add service on [/gazebo/resource_paths/add].
(2023-11-06T18:09:05.239137946) (2023-11-06T18:09:05.239155521) [Msg] Resource path get service on [/gazebo/resource_paths/get].
(2023-11-06T18:09:05.239274746) (2023-11-06T18:09:05.239292323) [Msg] Resource path resolve service on [/gazebo/resource_paths/resolve].
(2023-11-06T18:09:05.239394900) (2023-11-06T18:09:05.239411108) [Msg] Resource paths published on [/gazebo/resource_paths].
(2023-11-06T18:09:05.239578986) (2023-11-06T18:09:05.239596947) [Msg] Server control service on [/server_control].
(2023-11-06T18:09:06.730138037) (2023-11-06T18:09:06.730160323) [Msg] Found no publishers on /stats, adding root stats topic
(2023-11-06T18:09:06.730450961) (2023-11-06T18:09:06.730470853) [Msg] Found no publishers on /clock, adding root clock topic
(2023-11-06T18:09:06.730906660) (2023-11-06T18:09:06.730928200) [Dbg] [SimulationRunner.cc:503] Creating PostUpdate worker threads: 7
(2023-11-06T18:09:06.730974557) (2023-11-06T18:09:06.730990361) [Dbg] [SimulationRunner.cc:514] Creating postupdate worker thread (0)
(2023-11-06T18:09:06.731148169) (2023-11-06T18:09:06.731166285) [Dbg] [SimulationRunner.cc:514] Creating postupdate worker thread (1)
(2023-11-06T18:09:06.731272973) (2023-11-06T18:09:06.731290449) [Dbg] [SimulationRunner.cc:514] Creating postupdate worker thread (2)
(2023-11-06T18:09:06.731373887) (2023-11-06T18:09:06.731390756) [Dbg] [SimulationRunner.cc:514] Creating postupdate worker thread (3)
(2023-11-06T18:09:06.731485027) (2023-11-06T18:09:06.731501676) [Dbg] [SimulationRunner.cc:514] Creating postupdate worker thread (4)
(2023-11-06T18:09:06.731594289) (2023-11-06T18:09:06.731606437) [Dbg] [SimulationRunner.cc:514] Creating postupdate worker thread (5)
(2023-11-06T18:09:07.47453121) (2023-11-06T18:09:07.47483690) [Wrn] [MulticopterMotorModel.cc:257] No robotNamespace set using entity name.
(2023-11-06T18:09:07.47559463) (2023-11-06T18:09:07.47570487) [Wrn] [MulticopterMotorModel.cc:295] <motorNumber> is depricated, please use <actuator_number>.
(2023-11-06T18:09:07.47656283) (2023-11-06T18:09:07.47670659) [Dbg] [MulticopterMotorModel.cc:386] Listening to topic: x500_depth_0/command/motor_speed
(2023-11-06T18:09:07.48170827) (2023-11-06T18:09:07.48188719) [Dbg] [SystemManager.cc:74] Loaded system [gz::sim::systems::MulticopterMotorModel] for entity [56]
(2023-11-06T18:09:07.48816201) (2023-11-06T18:09:07.48831183) [Wrn] [MulticopterMotorModel.cc:257] No robotNamespace set using entity name.
(2023-11-06T18:09:07.48860551) (2023-11-06T18:09:07.48869474) [Wrn] [MulticopterMotorModel.cc:295] <motorNumber> is depricated, please use <actuator_number>.
(2023-11-06T18:09:07.48936877) (2023-11-06T18:09:07.48946289) [Dbg] [MulticopterMotorModel.cc:386] Listening to topic: x500_depth_0/command/motor_speed
(2023-11-06T18:09:07.49249710) (2023-11-06T18:09:07.49268359) [Dbg] [SystemManager.cc:74] Loaded system [gz::sim::systems::MulticopterMotorModel] for entity [56]
(2023-11-06T18:09:07.49840620) (2023-11-06T18:09:07.49853445) [Wrn] [MulticopterMotorModel.cc:257] No robotNamespace set using entity name.
(2023-11-06T18:09:07.49880145) (2023-11-06T18:09:07.49888775) [Wrn] [MulticopterMotorModel.cc:295] <motorNumber> is depricated, please use <actuator_number>.
(2023-11-06T18:09:07.49951165) (2023-11-06T18:09:07.49960520) [Dbg] [MulticopterMotorModel.cc:386] Listening to topic: x500_depth_0/command/motor_speed
(2023-11-06T18:09:07.50276235) (2023-11-06T18:09:07.50294346) [Dbg] [SystemManager.cc:74] Loaded system [gz::sim::systems::MulticopterMotorModel] for entity [56]
(2023-11-06T18:09:07.50787615) (2023-11-06T18:09:07.50800023) [Wrn] [MulticopterMotorModel.cc:257] No robotNamespace set using entity name.
(2023-11-06T18:09:07.50827261) (2023-11-06T18:09:07.50836284) [Wrn] [MulticopterMotorModel.cc:295] <motorNumber> is depricated, please use <actuator_number>.
(2023-11-06T18:09:07.50898764) (2023-11-06T18:09:07.50908039) [Dbg] [MulticopterMotorModel.cc:386] Listening to topic: x500_depth_0/command/motor_speed
(2023-11-06T18:09:07.51231629) (2023-11-06T18:09:07.51244510) [Dbg] [SystemManager.cc:74] Loaded system [gz::sim::systems::MulticopterMotorModel] for entity [56]
(2023-11-06T18:09:07.51733673) (2023-11-06T18:09:07.51744948) [Dbg] [UserCommands.cc:1263] Created entity [56] named [x500_depth_0]
(2023-11-06T18:09:07.71726905) (2023-11-06T18:09:07.71745574) [Dbg] [SimulationFeatures.cc:72] Simulation timestep set to: 0.004
(2023-11-06T18:09:07.73430221) (2023-11-06T18:09:07.73464950) [Dbg] [Sensors.cc:659] Initialization needed
(2023-11-06T18:09:07.73542362) (2023-11-06T18:09:07.73568397) [Dbg] [Sensors.cc:257] Initializing render context
(2023-11-06T18:09:07.73760402) (2023-11-06T18:09:07.73779068) [Msg] Loading plugin [gz-rendering-ogre2]
(2023-11-06T18:09:07.74339342) (2023-11-06T18:09:07.74362476) [Dbg] [ImuSensor.cc:149] IMU data for [x500_depth_0::base_link::imu_sensor] advertised on [world/default/model/x500_depth_0/link/base_link/sensor/imu_sensor/imu](2023-11-06T18:09:07.74444647) (2023-11-06T18:09:07.74469641) [Dbg] [AirPressureSensor.cc:126] Air pressure for [x500_depth_0::base_link::air_pressure_sensor] advertised on [world/default/model/x500_depth_0/link/base_link/sensor/air_pressure_sensor/air_pressure]
(2023-11-06T18:09:07.75433511) (2023-11-06T18:09:07.75457017) [Msg] Serving scene information on [/world/default/scene/info]
(2023-11-06T18:09:07.75591155) (2023-11-06T18:09:07.75609147) [Msg] Serving graph information on [/world/default/scene/graph]
(2023-11-06T18:09:07.75869791) (2023-11-06T18:09:07.75889640) [Msg] Serving full state on [/world/default/state]
(2023-11-06T18:09:07.76026860) (2023-11-06T18:09:07.76044203) [Msg] Serving full state (async) on [/world/default/state_async]
(2023-11-06T18:09:07.76183111) (2023-11-06T18:09:07.76201655) [Msg] Publishing scene information on [/world/default/scene/info]
(2023-11-06T18:09:07.76370142) (2023-11-06T18:09:07.76387810) [Msg] Publishing entity deletions on [/world/default/scene/deletion]
(2023-11-06T18:09:07.76508114) (2023-11-06T18:09:07.76525747) [Msg] Publishing state changes on [/world/default/state]
(2023-11-06T18:09:07.76661061) (2023-11-06T18:09:07.76678075) [Msg] Publishing pose messages on [/world/default/pose/info]
(2023-11-06T18:09:07.76878506) (2023-11-06T18:09:07.76896323) [Msg] Publishing dynamic pose messages on [/world/default/dynamic_pose/info]
(2023-11-06T18:09:07.77845777) (2023-11-06T18:09:07.77861084) [Dbg] [EntityComponentManager.cc:1655] Updated state thread iterators: 8 threads processing around 13 entities each.
(2023-11-06T18:09:07.94742602) (2023-11-06T18:09:07.94761868) [Wrn] [Component.hh:144] Trying to serialize component with data type [N3sdf3v135WorldE], which doesn't have `operator<<`. Component will not be serialized.
(2023-11-06T18:09:07.94990196) (2023-11-06T18:09:07.95008304) [Wrn] [Model.hh:69] Skipping serialization / deserialization for models with //pose/@relative_to attribute.
(((2023-11-06T18:09:07.99023288) ((2023-11-06T18:09:07.99028073) ) 2023-11-06T18:09:07.99042101) (2023-11-06T18:09:07.99108512(2023-11-06T18:09:07.99108512(() [Dbg] [SimulationRunner.cc:530] Exiting postupdate worker thread (Exiting postupdate worker thread (2023-11-06T18:09:07.9914360632023-11-06T18:09:07.991436063) ) )2023-11-06T18:09:07.992365852023-11-06T18:09:07.99236585() (2023-11-06T18:09:07.99300058) 2023-11-06T18:09:07.99300058) 2023-11-06T18:09:07.992650712023-11-06T18:09:07.99240803) ) 
) (2023-11-06T18:09:07.99380917) Exiting postupdate worker thread (2)
[Dbg] [SimulationRunner.cc:530] Exiting postupdate worker thread (5)
[Dbg] [SimulationRunner.cc:530] Exiting postupdate worker thread (4)
Exiting postupdate worker thread (0)
Exiting postupdate worker thread (1)
(2023-11-06T18:09:07.99846553) (2023-11-06T18:09:07.99866054) [Dbg] [SimulationRunner.cc:503] Creating PostUpdate worker threads: 7
(2023-11-06T18:09:07.99917955) (2023-11-06T18:09:07.99932291) [Dbg] [SimulationRunner.cc:514] Creating postupdate worker thread (0)
(2023-11-06T18:09:07.100748218) (2023-11-06T18:09:07.100767546) [Dbg] [SimulationRunner.cc:514] Creating postupdate worker thread (1)
(2023-11-06T18:09:07.100840684) (2023-11-06T18:09:07.100860656) [Dbg] [SimulationRunner.cc:514] Creating postupdate worker thread (2)
(2023-11-06T18:09:07.100947487) (2023-11-06T18:09:07.100965048) [Dbg] [SimulationRunner.cc:514] Creating postupdate worker thread (3)
(2023-11-06T18:09:07.101040469) (2023-11-06T18:09:07.101058708) [Dbg] [SimulationRunner.cc:514] Creating postupdate worker thread (4)
(2023-11-06T18:09:07.101189231) (2023-11-06T18:09:07.101207182) [Dbg] [SimulationRunner.cc:514] Creating postupdate worker thread (5)
(2023-11-06T18:09:07.528961847) (2023-11-06T18:09:07.528974733) [Dbg] [RenderUtil.cc:2720] Create scene [scene]
((2023-11-06T18:09:07.607451719) (2023-11-06T18:09:07.607479224) (2023-11-06T18:09:07.607554745) ) [Dbg] [Sensors.cc:659] Initialization needed
[Dbg] [Sensors.cc:277] Rendering Thread initialized

(2023-11-06T18:09:07.615971453) (2023-11-06T18:09:07.615994309) [Wrn] [FuelClient.cc:1952] The fuel.ignitionrobotics.org URL is deprecrated. Pleasse change https://fuel.ignitionrobotics.org/1.0/openrobotics/models/prius hybrid/2/files/meshes/Hybrid.obj to https://fuel.gazebosim.org/1.0/openrobotics/models/prius hybrid/2/files/meshes/Hybrid.obj
(2023-11-06T18:09:07.616187482) (2023-11-06T18:09:07.616205152) [Wrn] [FuelClient.cc:1952] The fuel.ignitionrobotics.org URL is deprecrated. Pleasse change https://fuel.ignitionrobotics.org/1.0/openrobotics/models/prius hybrid/2/files/meshes/Hybrid.obj to https://fuel.gazebosim.org/1.0/openrobotics/models/prius hybrid/2/files/meshes/Hybrid.obj
(2023-11-06T18:09:07.624147456) (2023-11-06T18:09:07.624175610) [Wrn] [OBJLoader.cc:91] Both `d` and `Tr` parameters defined for "Hybrid". Use the value of `d` for dissolve (line 8 in .mtl.)
Both `d` and `Tr` parameters defined for "Wheels3". Use the value of `d` for dissolve (line 22 in .mtl.)
Both `d` and `Tr` parameters defined for "Hybrid_Interior". Use the value of `d` for dissolve (line 36 in .mtl.)
Both `d` and `Tr` parameters defined for "Windows". Use the value of `d` for dissolve (line 50 in .mtl.)

(2023-11-06T18:09:07.744252111) (2023-11-06T18:09:07.744265741) [Err] [SceneManager.cc:887] PBR material: currently only metal workflow is supported. Gazebo will try to render the material using metal workflow but without Roughness / Metalness settings.
(2023-11-06T18:09:10.682552144) (2023-11-06T18:09:10.682568769) [Dbg] [CameraSensor.cc:458] Camera images for [prius_hybrid::chassis::back_camera_sensor] advertised on [back_camera]
(2023-11-06T18:09:10.682803957) (2023-11-06T18:09:10.682824405) [Dbg] [CameraSensor.cc:786] Camera info for [prius_hybrid::chassis::back_camera_sensor] advertised on [/camera_info]
(2023-11-06T18:09:10.683007449) (2023-11-06T18:09:10.683018524) [Wrn] [Ogre2Camera.cc:412] Ogre2Camera::SetVisibilityMask: Mask bits c0000000 are set but will be ignored as they conflict with the reserved bits used internally by the ogre2 backend.
(2023-11-06T18:09:10.683493760) (2023-11-06T18:09:10.683512943) [Dbg] [CameraSensor.cc:458] Camera images for [prius_hybrid::chassis::front_camera_sensor] advertised on [front_camera]
(2023-11-06T18:09:10.683631720) (2023-11-06T18:09:10.683650191) [Dbg] [CameraSensor.cc:786] Camera info for [prius_hybrid::chassis::front_camera_sensor] advertised on [/camera_info]
(2023-11-06T18:09:10.683729215) (2023-11-06T18:09:10.683739488) [Wrn] [Ogre2Camera.cc:412] Ogre2Camera::SetVisibilityMask: Mask bits c0000000 are set but will be ignored as they conflict with the reserved bits used internally by the ogre2 backend.
(2023-11-06T18:09:10.684044302) (2023-11-06T18:09:10.684062775) [Dbg] [CameraSensor.cc:458] Camera images for [prius_hybrid::chassis::left_camera_sensor] advertised on [left_camera]
(2023-11-06T18:09:10.684181036) (2023-11-06T18:09:10.684199044) [Dbg] [CameraSensor.cc:786] Camera info for [prius_hybrid::chassis::left_camera_sensor] advertised on [/camera_info]
(2023-11-06T18:09:10.684279108) (2023-11-06T18:09:10.684289397) [Wrn] [Ogre2Camera.cc:412] Ogre2Camera::SetVisibilityMask: Mask bits c0000000 are set but will be ignored as they conflict with the reserved bits used internally by the ogre2 backend.
(2023-11-06T18:09:10.684585581) (2023-11-06T18:09:10.684604360) [Dbg] [CameraSensor.cc:458] Camera images for [prius_hybrid::chassis::right_camera_sensor] advertised on [right_camera]
(2023-11-06T18:09:10.684720671) (2023-11-06T18:09:10.684738261) [Dbg] [CameraSensor.cc:786] Camera info for [prius_hybrid::chassis::right_camera_sensor] advertised on [/camera_info]
(2023-11-06T18:09:10.684827489) (2023-11-06T18:09:10.684838778) [Wrn] [Ogre2Camera.cc:412] Ogre2Camera::SetVisibilityMask: Mask bits c0000000 are set but will be ignored as they conflict with the reserved bits used internally by the ogre2 backend.
(2023-11-06T18:09:10.685102855) (2023-11-06T18:09:10.685122473) [Dbg] [CameraSensor.cc:458] Camera images for [x500_depth_0::OakD-Lite/base_link::IMX214] advertised on [camera]
(2023-11-06T18:09:10.685247310) (2023-11-06T18:09:10.685264248) [Dbg] [CameraSensor.cc:786] Camera info for [x500_depth_0::OakD-Lite/base_link::IMX214] advertised on [/camera_info]
(2023-11-06T18:09:10.685348115) (2023-11-06T18:09:10.685358744) [Wrn] [Ogre2Camera.cc:412] Ogre2Camera::SetVisibilityMask: Mask bits c0000000 are set but will be ignored as they conflict with the reserved bits used internally by the ogre2 backend.
(2023-11-06T18:09:10.685730852) (2023-11-06T18:09:10.685751410) [Dbg] [DepthCameraSensor.cc:282] Depth images for [x500_depth_0::OakD-Lite/base_link::StereoOV7251] advertised on [depth_camera]
(2023-11-06T18:09:10.685886892) (2023-11-06T18:09:10.685904673) [Dbg] [CameraSensor.cc:786] Camera info for [x500_depth_0::OakD-Lite/base_link::StereoOV7251] advertised on [/camera_info]
(2023-11-06T18:09:10.686146243) (2023-11-06T18:09:10.686165162) [Dbg] [DepthCameraSensor.cc:299] Points for [x500_depth_0::OakD-Lite/base_link::StereoOV7251] advertised on [depth_camera/points]
(2023-11-06T18:09:14.284820617) (2023-11-06T18:09:14.284846162) [Dbg] [CameraSensor.cc:583] Enabling camera sensor: 'x500_depth_0::OakD-Lite/base_link::IMX214' data generation.
(2023-11-06T18:10:57.999749390) (2023-11-06T18:10:57.999776026) [Dbg] [SignalHandler.cc:142] Received signal[2].
(2023-11-06T18:10:57.999815119) (2023-11-06T18:10:57.999828044) [Dbg] [ServerPrivate.cc:115] Server received signal[2]
(2023-11-06T18:10:57.999870649) (2023-11-06T18:10:57.999884547) [Dbg] [Sensors.cc:433] SensorsPrivate::Stop
(2023-11-06T18:10:58.64951685) (2023-11-06T18:10:58.64980377) [Dbg] [Sensors.cc:419] SensorsPrivate::RenderThread stopped
(2023-11-06T18:10:58.70826654) (2023-11-06T18:10:58.70844900) [Dbg] [gz.cc:417] Shutting down gz-sim-server
((((((2023-11-06T18:10:58.75422094) (2023-11-06T18:10:58.75471004) ([Dbg] [SimulationRunner.cc:530] 2023-11-06T18:10:58.75513823Exiting postupdate worker thread (2023-11-06T18:10:58.75513823Exiting postupdate worker thread () (2023-11-06T18:10:58.75593301) 2023-11-06T18:10:58.75505079) (2023-11-06T18:10:58.75655206) ) (2023-11-06T18:10:58.757284892023-11-06T18:10:58.75728489) (112023-11-06T18:10:58.75763741)
) ) [Dbg] [SimulationRunner.cc:530] ) Exiting postupdate worker thread (4)(
2023-11-06T18:10:58.75883787[Dbg] [SimulationRunner.cc:530] ) Exiting postupdate worker thread (3)
[Dbg] [SimulationRunner.cc:530] Exiting postupdate worker thread (Exiting postupdate worker thread (5)

[Dbg] [SimulationRunner.cc:530] Exiting postupdate worker thread (2)
00)
(2023-11-06T18:10:58.117583186) (2023-11-06T18:10:58.117602604) [Dbg] [Sensors.cc:433] SensorsPrivate::Stop
