(2023-10-20T02:09:37.552391969) (2023-10-20T02:09:37.552412184) [Msg] Gazebo Sim Server v7.6.0
(2023-10-20T02:09:37.559308757) (2023-10-20T02:09:37.559334284) [Msg] Loading SDF world file[/home/bassam/PX4-Autopilot/Tools/simulation/gz/worlds/default.sdf].
(2023-10-20T02:09:37.736768968) (2023-10-20T02:09:37.736788805) [Msg] Serving entity system service on [/entity/system/add]
(2023-10-20T02:09:37.960709306) (2023-10-20T02:09:37.960735132) [Dbg] [Physics.cc:880] Loaded [gz::physics::dartsim::Plugin] from library [/usr/lib/x86_64-linux-gnu/gz-physics-6/engine-plugins/libgz-physics-dartsim-plugin.so]
(2023-10-20T02:09:37.960878144) (2023-10-20T02:09:37.960894003) [Dbg] [SystemManager.cc:74] Loaded system [gz::sim::systems::Physics] for entity [1]
(2023-10-20T02:09:37.968908189) (2023-10-20T02:09:37.968928999) [Msg] Create service on [/world/default/create]
(2023-10-20T02:09:38.69462198) (2023-10-20T02:09:38.69491174) [Msg] Remove service on [/world/default/remove]
(2023-10-20T02:09:38.69744845) (2023-10-20T02:09:38.69764147) [Msg] Pose service on [/world/default/set_pose]
(2023-10-20T02:09:38.69942451) (2023-10-20T02:09:38.69955417) [Msg] Pose service on [/world/default/set_pose_vector]
(2023-10-20T02:09:38.70263004) (2023-10-20T02:09:38.70276220) [Msg] Light configuration service on [/world/default/light_config]
(2023-10-20T02:09:38.70631953) (2023-10-20T02:09:38.70644797) [Msg] Physics service on [/world/default/set_physics]
(2023-10-20T02:09:38.70932366) (2023-10-20T02:09:38.70949638) [Msg] SphericalCoordinates service on [/world/default/set_spherical_coordinates]
(2023-10-20T02:09:38.71062069) (2023-10-20T02:09:38.71077437) [Msg] Enable collision service on [/world/default/enable_collision]
(2023-10-20T02:09:38.71183974) (2023-10-20T02:09:38.71199074) [Msg] Disable collision service on [/world/default/disable_collision]
(2023-10-20T02:09:38.71442457) (2023-10-20T02:09:38.71458888) [Msg] Material service on [/world/default/visual_config]
(2023-10-20T02:09:38.71629083) (2023-10-20T02:09:38.71645533) [Msg] Material service on [/world/default/wheel_slip]
(2023-10-20T02:09:38.71697425) (2023-10-20T02:09:38.71712635) [Dbg] [SystemManager.cc:74] Loaded system [gz::sim::systems::UserCommands] for entity [1]
(2023-10-20T02:09:38.73730027) (2023-10-20T02:09:38.73745085) [Dbg] [SystemManager.cc:74] Loaded system [gz::sim::systems::SceneBroadcaster] for entity [1]
(2023-10-20T02:09:38.75108157) (2023-10-20T02:09:38.75122087) [Dbg] [SystemManager.cc:74] Loaded system [gz::sim::systems::Contact] for entity [1]
(2023-10-20T02:09:38.77152306) (2023-10-20T02:09:38.77168804) [Dbg] [SystemManager.cc:74] Loaded system [gz::sim::systems::Imu] for entity [1]
(2023-10-20T02:09:38.78809235) (2023-10-20T02:09:38.78823596) [Dbg] [SystemManager.cc:74] Loaded system [gz::sim::systems::AirPressure] for entity [1]
(2023-10-20T02:09:38.80374129) (2023-10-20T02:09:38.80389562) [Msg] Listening to instantaneous wrench commands in [/world/default/wrench]
(2023-10-20T02:09:38.80498834) (2023-10-20T02:09:38.80516370) [Msg] Listening to persistent wrench commands in [/world/default/wrench/persistent]
(2023-10-20T02:09:38.80616192) (2023-10-20T02:09:38.80632617) [Msg] Listening to wrench clear commands in [/world/default/wrench/clear]
(2023-10-20T02:09:38.80668653) (2023-10-20T02:09:38.80677260) [Dbg] [SystemManager.cc:74] Loaded system [gz::sim::systems::ApplyLinkWrench] for entity [1]
(2023-10-20T02:09:38.89571482) (2023-10-20T02:09:38.89590368) [Dbg] [Sensors.cc:506] Configuring Sensors system
(2023-10-20T02:09:38.89729661) (2023-10-20T02:09:38.89741043) [Dbg] [Sensors.cc:425] SensorsPrivate::Run
(2023-10-20T02:09:38.89853711) (2023-10-20T02:09:38.89864934) [Dbg] [SystemManager.cc:74] Loaded system [gz::sim::systems::Sensors] for entity [1]
(2023-10-20T02:09:38.89926832) (2023-10-20T02:09:38.89946659) [Dbg] [Sensors.cc:402] SensorsPrivate::RenderThread started
(2023-10-20T02:09:38.89974052) (2023-10-20T02:09:38.89982558) [Dbg] [Sensors.cc:245] Waiting for init
(2023-10-20T02:09:38.93525688) (2023-10-20T02:09:38.93543017) [Wrn] [SystemLoader.cc:79] Trying to load deprecated plugin [ignition-gazebo-ackermann-steering-system]. Using [gz-sim-ackermann-steering-system] instead.
(2023-10-20T02:09:38.95434791) (2023-10-20T02:09:38.95451202) [Msg] AckermannSteering subscribing to twist messages on [/cmd_vel]
(2023-10-20T02:09:38.95805032) (2023-10-20T02:09:38.95818879) [Dbg] [SystemManager.cc:74] Loaded system [ignition::gazebo::systems::AckermannSteering] for entity [8]
(2023-10-20T02:09:38.96019252) (2023-10-20T02:09:38.96030825) [Msg] Loaded level [3]
(2023-10-20T02:09:38.98336782) (2023-10-20T02:09:38.98355649) [Msg] Serving world controls on [/world/default/control], [/world/default/control/state] and [/world/default/playback/control]
(2023-10-20T02:09:38.98650152) (2023-10-20T02:09:38.98670567) [Msg] Serving GUI information on [/world/default/gui/info]
(2023-10-20T02:09:38.98704392) (2023-10-20T02:09:38.98712956) [Msg] World [default] initialized with [default_physics] physics profile.
(2023-10-20T02:09:38.98937120) (2023-10-20T02:09:38.98956688) [Msg] Serving world SDF generation service on [/world/default/generate_world_sdf]
(2023-10-20T02:09:38.99126781) (2023-10-20T02:09:38.99144894) [Msg] Serving world names on [/gazebo/worlds]
(2023-10-20T02:09:38.99263106) (2023-10-20T02:09:38.99279024) [Msg] Resource path add service on [/gazebo/resource_paths/add].
(2023-10-20T02:09:38.99385550) (2023-10-20T02:09:38.99400665) [Msg] Resource path get service on [/gazebo/resource_paths/get].
(2023-10-20T02:09:38.99506673) (2023-10-20T02:09:38.99522435) [Msg] Resource path resolve service on [/gazebo/resource_paths/resolve].
(2023-10-20T02:09:38.99630022) (2023-10-20T02:09:38.99647367) [Msg] Resource paths published on [/gazebo/resource_paths].
(2023-10-20T02:09:38.99823921) (2023-10-20T02:09:38.99841872) [Msg] Server control service on [/server_control].
(2023-10-20T02:09:39.556468735) (2023-10-20T02:09:39.556487441) [Msg] Found no publishers on /stats, adding root stats topic
(2023-10-20T02:09:39.556767108) (2023-10-20T02:09:39.556786698) [Msg] Found no publishers on /clock, adding root clock topic
(2023-10-20T02:09:39.557122569) (2023-10-20T02:09:39.557142472) [Dbg] [SimulationRunner.cc:503] Creating PostUpdate worker threads: 7
(2023-10-20T02:09:39.557195719) (2023-10-20T02:09:39.557210558) [Dbg] [SimulationRunner.cc:514] Creating postupdate worker thread (0)
(2023-10-20T02:09:39.557381209) (2023-10-20T02:09:39.557399266) [Dbg] [SimulationRunner.cc:514] Creating postupdate worker thread (1)
(2023-10-20T02:09:39.557506693) (2023-10-20T02:09:39.557518856) [Dbg] [SimulationRunner.cc:514] Creating postupdate worker thread (2)
(2023-10-20T02:09:39.557618050) (2023-10-20T02:09:39.557632732) [Dbg] [SimulationRunner.cc:514] Creating postupdate worker thread (3)
(2023-10-20T02:09:39.557716454) (2023-10-20T02:09:39.557728216) [Dbg] [SimulationRunner.cc:514] Creating postupdate worker thread (4)
(2023-10-20T02:09:39.557806502) (2023-10-20T02:09:39.557818196) [Dbg] [SimulationRunner.cc:514] Creating postupdate worker thread (5)
(2023-10-20T02:09:39.864332858) (2023-10-20T02:09:39.864351982) [Wrn] [MulticopterMotorModel.cc:257] No robotNamespace set using entity name.
(2023-10-20T02:09:39.864396585) (2023-10-20T02:09:39.864406206) [Wrn] [MulticopterMotorModel.cc:295] <motorNumber> is depricated, please use <actuator_number>.
(2023-10-20T02:09:39.864474001) (2023-10-20T02:09:39.864484029) [Dbg] [MulticopterMotorModel.cc:386] Listening to topic: x500_depth_0/command/motor_speed
(2023-10-20T02:09:39.864896866) (2023-10-20T02:09:39.864910709) [Dbg] [SystemManager.cc:74] Loaded system [gz::sim::systems::MulticopterMotorModel] for entity [56]
(2023-10-20T02:09:39.865296668) (2023-10-20T02:09:39.865309195) [Wrn] [MulticopterMotorModel.cc:257] No robotNamespace set using entity name.
(2023-10-20T02:09:39.865336153) (2023-10-20T02:09:39.865344820) [Wrn] [MulticopterMotorModel.cc:295] <motorNumber> is depricated, please use <actuator_number>.
(2023-10-20T02:09:39.865403944) (2023-10-20T02:09:39.865413299) [Dbg] [MulticopterMotorModel.cc:386] Listening to topic: x500_depth_0/command/motor_speed
(2023-10-20T02:09:39.865662304) (2023-10-20T02:09:39.865697269) [Dbg] [SystemManager.cc:74] Loaded system [gz::sim::systems::MulticopterMotorModel] for entity [56]
(2023-10-20T02:09:39.866082655) (2023-10-20T02:09:39.866094916) [Wrn] [MulticopterMotorModel.cc:257] No robotNamespace set using entity name.
(2023-10-20T02:09:39.866120087) (2023-10-20T02:09:39.866128593) [Wrn] [MulticopterMotorModel.cc:295] <motorNumber> is depricated, please use <actuator_number>.
(2023-10-20T02:09:39.866185438) (2023-10-20T02:09:39.866194395) [Dbg] [MulticopterMotorModel.cc:386] Listening to topic: x500_depth_0/command/motor_speed
(2023-10-20T02:09:39.866462480) (2023-10-20T02:09:39.866481302) [Dbg] [SystemManager.cc:74] Loaded system [gz::sim::systems::MulticopterMotorModel] for entity [56]
(2023-10-20T02:09:39.866872485) (2023-10-20T02:09:39.866885207) [Wrn] [MulticopterMotorModel.cc:257] No robotNamespace set using entity name.
(2023-10-20T02:09:39.866910571) (2023-10-20T02:09:39.866919198) [Wrn] [MulticopterMotorModel.cc:295] <motorNumber> is depricated, please use <actuator_number>.
(2023-10-20T02:09:39.866976161) (2023-10-20T02:09:39.866985445) [Dbg] [MulticopterMotorModel.cc:386] Listening to topic: x500_depth_0/command/motor_speed
(2023-10-20T02:09:39.867294870) (2023-10-20T02:09:39.867315346) [Dbg] [SystemManager.cc:74] Loaded system [gz::sim::systems::MulticopterMotorModel] for entity [56]
(2023-10-20T02:09:39.867751753) (2023-10-20T02:09:39.867763770) [Dbg] [UserCommands.cc:1263] Created entity [56] named [x500_depth_0]
(2023-10-20T02:09:39.887359199) (2023-10-20T02:09:39.887388431) [Dbg] [SimulationFeatures.cc:72] Simulation timestep set to: 0.004
(2023-10-20T02:09:39.891690487) (2023-10-20T02:09:39.891727800) [Dbg] [Sensors.cc:659] Initialization needed
(2023-10-20T02:09:39.891813233) (2023-10-20T02:09:39.891833722) [Dbg] [Sensors.cc:257] Initializing render context
(2023-10-20T02:09:39.891994874) (2023-10-20T02:09:39.892008004) [Msg] Loading plugin [gz-rendering-ogre2]
(2023-10-20T02:09:39.892442530) (2023-10-20T02:09:39.892481877) [Dbg] [ImuSensor.cc:149] IMU data for [x500_depth_0::base_link::imu_sensor] advertised on [world/default/model/x500_depth_0/link/base_link/sensor/imu_sensor/imu]
(2023-10-20T02:09:39.892627871) (2023-10-20T02:09:39.892650024) [Dbg] [AirPressureSensor.cc:126] Air pressure for [x500_depth_0::base_link::air_pressure_sensor] advertised on [world/default/model/x500_depth_0/link/base_link/sensor/air_pressure_sensor/air_pressure]
(2023-10-20T02:09:39.893557890) (2023-10-20T02:09:39.893572964) [Msg] Serving scene information on [/world/default/scene/info]
(2023-10-20T02:09:39.893742799) (2023-10-20T02:09:39.893756027) [Msg] Serving graph information on [/world/default/scene/graph]
(2023-10-20T02:09:39.894026779) (2023-10-20T02:09:39.894039234) [Msg] Serving full state on [/world/default/state]
(2023-10-20T02:09:39.894141082) (2023-10-20T02:09:39.894152224) [Msg] Serving full state (async) on [/world/default/state_async]
(2023-10-20T02:09:39.894280101) (2023-10-20T02:09:39.894298048) [Msg] Publishing scene information on [/world/default/scene/info]
(2023-10-20T02:09:39.894484166) (2023-10-20T02:09:39.894498740) [Msg] Publishing entity deletions on [/world/default/scene/deletion]
(2023-10-20T02:09:39.894615927) (2023-10-20T02:09:39.894631821) [Msg] Publishing state changes on [/world/default/state]
(2023-10-20T02:09:39.894775242) (2023-10-20T02:09:39.894793254) [Msg] Publishing pose messages on [/world/default/pose/info]
(2023-10-20T02:09:39.894933527) (2023-10-20T02:09:39.894951001) [Msg] Publishing dynamic pose messages on [/world/default/dynamic_pose/info]
(2023-10-20T02:09:39.895913123) (2023-10-20T02:09:39.895935051) [Dbg] [EntityComponentManager.cc:1655] Updated state thread iterators: 8 threads processing around 13 entities each.
(2023-10-20T02:09:39.924590617) (2023-10-20T02:09:39.924634720) [Wrn] [Component.hh:144] Trying to serialize component with data type [N3sdf3v135WorldE], which doesn't have `operator<<`. Component will not be serialized.
(2023-10-20T02:09:39.925208136) (2023-10-20T02:09:39.925246166) [Wrn] [Model.hh:69] Skipping serialization / deserialization for models with //pose/@relative_to attribute.
((((((2023-10-20T02:09:39.929250456) ) ) () () 2023-10-20T02:09:39.929295771) (((2023-10-20T02:09:39.929351661) 2023-10-20T02:09:39.929371253) ([Dbg] [SimulationRunner.cc:530] 2023-10-20T02:09:39.929421000[Dbg] [SimulationRunner.cc:530] 2023-10-20T02:09:39.9294210002023-10-20T02:09:39.929357906[Dbg] [SimulationRunner.cc:530] 2023-10-20T02:09:39.9294210002023-10-20T02:09:39.929357906[Dbg] [SimulationRunner.cc:530] 2023-10-20T02:09:39.9294210002023-10-20T02:09:39.929357906[Dbg] [SimulationRunner.cc:530] 2023-10-20T02:09:39.9294210002023-10-20T02:09:39.929357906Exiting postupdate worker thread (55) (2023-10-20T02:09:39.929500285) ) (2023-10-20T02:09:39.929534346) ) )
) [Dbg] [SimulationRunner.cc:530] Exiting postupdate worker thread (1)
[Dbg] [SimulationRunner.cc:530] Exiting postupdate worker thread (3)
[Dbg] [SimulationRunner.cc:530] Exiting postupdate worker thread (4)

[Dbg] [SimulationRunner.cc:530] [Dbg] [SimulationRunner.cc:530] Exiting postupdate worker thread (0)
Exiting postupdate worker thread (2)
(2023-10-20T02:09:39.930009344) (2023-10-20T02:09:39.930023008) [Dbg] [SimulationRunner.cc:503] Creating PostUpdate worker threads: 7
(2023-10-20T02:09:39.930065031) (2023-10-20T02:09:39.930077744) [Dbg] [SimulationRunner.cc:514] Creating postupdate worker thread (0)
(2023-10-20T02:09:39.930429073) (2023-10-20T02:09:39.930441529) [Dbg] [SimulationRunner.cc:514] Creating postupdate worker thread (1)
(2023-10-20T02:09:39.930491917) (2023-10-20T02:09:39.930502309) [Dbg] [SimulationRunner.cc:514] Creating postupdate worker thread (2)
(2023-10-20T02:09:39.930556871) (2023-10-20T02:09:39.930566365) [Dbg] [SimulationRunner.cc:514] Creating postupdate worker thread (3)
(2023-10-20T02:09:39.930610638) (2023-10-20T02:09:39.930620027) [Dbg] [SimulationRunner.cc:514] Creating postupdate worker thread (4)
(2023-10-20T02:09:39.930698229) (2023-10-20T02:09:39.930714532) [Dbg] [SimulationRunner.cc:514] Creating postupdate worker thread (5)
(2023-10-20T02:09:40.212464545) (2023-10-20T02:09:40.212476947) [Dbg] [RenderUtil.cc:2720] Create scene [scene]
(2023-10-20T02:09:40.268273288) (2023-10-20T02:09:40.268307373) ([Dbg] [Sensors.cc:277] Rendering Thread initialized
2023-10-20T02:09:40.268341162) (2023-10-20T02:09:40.268395247) [Dbg] [Sensors.cc:659] Initialization needed
(2023-10-20T02:09:40.274885441) (2023-10-20T02:09:40.274900298) [Wrn] [FuelClient.cc:1952] The fuel.ignitionrobotics.org URL is deprecrated. Pleasse change https://fuel.ignitionrobotics.org/1.0/openrobotics/models/prius hybrid/2/files/meshes/Hybrid.obj to https://fuel.gazebosim.org/1.0/openrobotics/models/prius hybrid/2/files/meshes/Hybrid.obj
(2023-10-20T02:09:40.275017513) (2023-10-20T02:09:40.275027676) [Wrn] [FuelClient.cc:1952] The fuel.ignitionrobotics.org URL is deprecrated. Pleasse change https://fuel.ignitionrobotics.org/1.0/openrobotics/models/prius hybrid/2/files/meshes/Hybrid.obj to https://fuel.gazebosim.org/1.0/openrobotics/models/prius hybrid/2/files/meshes/Hybrid.obj
(2023-10-20T02:09:40.279576835) (2023-10-20T02:09:40.279591888) [Wrn] [OBJLoader.cc:91] Both `d` and `Tr` parameters defined for "Hybrid". Use the value of `d` for dissolve (line 8 in .mtl.)
Both `d` and `Tr` parameters defined for "Wheels3". Use the value of `d` for dissolve (line 22 in .mtl.)
Both `d` and `Tr` parameters defined for "Hybrid_Interior". Use the value of `d` for dissolve (line 36 in .mtl.)
Both `d` and `Tr` parameters defined for "Windows". Use the value of `d` for dissolve (line 50 in .mtl.)

(2023-10-20T02:09:43.273973502) (2023-10-20T02:09:43.273994948) [Dbg] [CameraSensor.cc:458] Camera images for [prius_hybrid::chassis::back_camera_sensor] advertised on [back_camera]
(2023-10-20T02:09:43.274223671) (2023-10-20T02:09:43.274236411) [Dbg] [CameraSensor.cc:786] Camera info for [prius_hybrid::chassis::back_camera_sensor] advertised on [/camera_info]
(2023-10-20T02:09:43.274433555) (2023-10-20T02:09:43.274445170) [Wrn] [Ogre2Camera.cc:412] Ogre2Camera::SetVisibilityMask: Mask bits c0000000 are set but will be ignored as they conflict with the reserved bits used internally by the ogre2 backend.
(2023-10-20T02:09:43.275034300) (2023-10-20T02:09:43.275052573) [Dbg] [CameraSensor.cc:458] Camera images for [prius_hybrid::chassis::front_camera_sensor] advertised on [front_camera]
(2023-10-20T02:09:43.275168971) (2023-10-20T02:09:43.275181328) [Dbg] [CameraSensor.cc:786] Camera info for [prius_hybrid::chassis::front_camera_sensor] advertised on [/camera_info]
(2023-10-20T02:09:43.275252747) (2023-10-20T02:09:43.275263905) [Wrn] [Ogre2Camera.cc:412] Ogre2Camera::SetVisibilityMask: Mask bits c0000000 are set but will be ignored as they conflict with the reserved bits used internally by the ogre2 backend.
(2023-10-20T02:09:43.275548942) (2023-10-20T02:09:43.275567939) [Dbg] [CameraSensor.cc:458] Camera images for [prius_hybrid::chassis::left_camera_sensor] advertised on [left_camera]
(2023-10-20T02:09:43.275682855) (2023-10-20T02:09:43.275701069) [Dbg] [CameraSensor.cc:786] Camera info for [prius_hybrid::chassis::left_camera_sensor] advertised on [/camera_info]
(2023-10-20T02:09:43.275768912) (2023-10-20T02:09:43.275779196) [Wrn] [Ogre2Camera.cc:412] Ogre2Camera::SetVisibilityMask: Mask bits c0000000 are set but will be ignored as they conflict with the reserved bits used internally by the ogre2 backend.
(2023-10-20T02:09:43.276026224) (2023-10-20T02:09:43.276044621) [Dbg] [CameraSensor.cc:458] Camera images for [prius_hybrid::chassis::right_camera_sensor] advertised on [right_camera]
(2023-10-20T02:09:43.276176505) (2023-10-20T02:09:43.276191081) [Dbg] [CameraSensor.cc:786] Camera info for [prius_hybrid::chassis::right_camera_sensor] advertised on [/camera_info]
(2023-10-20T02:09:43.276258775) (2023-10-20T02:09:43.276269020) [Wrn] [Ogre2Camera.cc:412] Ogre2Camera::SetVisibilityMask: Mask bits c0000000 are set but will be ignored as they conflict with the reserved bits used internally by the ogre2 backend.
(2023-10-20T02:09:43.276605223) (2023-10-20T02:09:43.276624039) [Dbg] [CameraSensor.cc:458] Camera images for [x500_depth_0::OakD-Lite/base_link::IMX214] advertised on [camera]
(2023-10-20T02:09:43.276767353) (2023-10-20T02:09:43.276785129) [Dbg] [CameraSensor.cc:786] Camera info for [x500_depth_0::OakD-Lite/base_link::IMX214] advertised on [/camera_info]
(2023-10-20T02:09:43.276858275) (2023-10-20T02:09:43.276868950) [Wrn] [Ogre2Camera.cc:412] Ogre2Camera::SetVisibilityMask: Mask bits c0000000 are set but will be ignored as they conflict with the reserved bits used internally by the ogre2 backend.
(2023-10-20T02:09:43.277275412) (2023-10-20T02:09:43.277295630) [Dbg] [DepthCameraSensor.cc:282] Depth images for [x500_depth_0::OakD-Lite/base_link::StereoOV7251] advertised on [depth_camera]
(2023-10-20T02:09:43.277426198) (2023-10-20T02:09:43.277444084) [Dbg] [CameraSensor.cc:786] Camera info for [x500_depth_0::OakD-Lite/base_link::StereoOV7251] advertised on [/camera_info]
(2023-10-20T02:09:43.277683502) (2023-10-20T02:09:43.277702159) [Dbg] [DepthCameraSensor.cc:299] Points for [x500_depth_0::OakD-Lite/base_link::StereoOV7251] advertised on [depth_camera/points]
(2023-10-20T02:10:15.147652863) (2023-10-20T02:10:15.147679852) [Dbg] [SignalHandler.cc:142] Received signal[2].
(2023-10-20T02:10:15.147734951) (2023-10-20T02:10:15.147749008) [Dbg] [ServerPrivate.cc:115] Server received signal[2]
(2023-10-20T02:10:15.147791666) (2023-10-20T02:10:15.147801068) [Dbg] [Sensors.cc:433] SensorsPrivate::Stop
(2023-10-20T02:10:15.325165660) (2023-10-20T02:10:15.325186334) [Dbg] [Sensors.cc:419] SensorsPrivate::RenderThread stopped
(2023-10-20T02:10:15.328238868) (2023-10-20T02:10:15.328256418) [Dbg] [gz.cc:417] Shutting down gz-sim-server
((((((((((2023-10-20T02:10:15.3343159412023-10-20T02:10:15.334359633) ((2023-10-20T02:10:15.334402077) 2023-10-20T02:10:15.334383390) (() (2023-10-20T02:10:15.334466539) 2023-10-20T02:10:15.334507145) (2023-10-20T02:10:15.334533845) 2023-10-20T02:10:15.334554025) [Dbg] [SimulationRunner.cc:530] Exiting postupdate worker thread (2)
) (2023-10-20T02:10:15.334359272Exiting postupdate worker thread (0) ((2023-10-20T02:10:15.3347063662023-10-20T02:10:15.3347671782023-10-20T02:10:15.3347063662023-10-20T02:10:15.3347671782023-10-20T02:10:15.3347063662023-10-20T02:10:15.334767178) ) 
Exiting postupdate worker thread (3)
[Dbg] [SimulationRunner.cc:530] Exiting postupdate worker thread (4)
[Dbg] [SimulationRunner.cc:530] Exiting postupdate worker thread (5)
[Dbg] [SimulationRunner.cc:530] Exiting postupdate worker thread (
1)
(2023-10-20T02:10:15.388875590) (2023-10-20T02:10:15.388894115) [Dbg] [Sensors.cc:433] SensorsPrivate::Stop
