(2023-10-11T23:57:45.73567238) (2023-10-11T23:57:45.73596121) [Msg] Gazebo Sim Server v7.6.0
(2023-10-11T23:57:45.79331291) (2023-10-11T23:57:45.79339778) [Msg] Loading SDF world file[/home/bassam/gz_ws/src/ardupilot_gazebo/worlds/zephyr_runway.sdf].
(2023-10-11T23:57:45.274389723) (2023-10-11T23:57:45.274401677) [Msg] Serving entity system service on [/entity/system/add]
(2023-10-11T23:57:45.376436967) (2023-10-11T23:57:45.376451375) [Dbg] [Physics.cc:880] Loaded [gz::physics::dartsim::Plugin] from library [/usr/lib/x86_64-linux-gnu/gz-physics-6/engine-plugins/libgz-physics-dartsim-plugin.so]
(2023-10-11T23:57:45.376638569) (2023-10-11T23:57:45.376647892) [Dbg] [SystemManager.cc:74] Loaded system [gz::sim::systems::Physics] for entity [1]
(2023-10-11T23:57:45.378790346) (2023-10-11T23:57:45.378801428) [Msg] Create service on [/world/zephyr_runway/create]
(2023-10-11T23:57:45.379066513) (2023-10-11T23:57:45.379076030) [Msg] Remove service on [/world/zephyr_runway/remove]
(2023-10-11T23:57:45.379317372) (2023-10-11T23:57:45.379326682) [Msg] Pose service on [/world/zephyr_runway/set_pose]
(2023-10-11T23:57:45.379543815) (2023-10-11T23:57:45.379553252) [Msg] Pose service on [/world/zephyr_runway/set_pose_vector]
(2023-10-11T23:57:45.379865501) (2023-10-11T23:57:45.379874794) [Msg] Light configuration service on [/world/zephyr_runway/light_config]
(2023-10-11T23:57:45.380252005) (2023-10-11T23:57:45.380261742) [Msg] Physics service on [/world/zephyr_runway/set_physics]
(2023-10-11T23:57:45.380539068) (2023-10-11T23:57:45.380548659) [Msg] SphericalCoordinates service on [/world/zephyr_runway/set_spherical_coordinates]
(2023-10-11T23:57:45.380742845) (2023-10-11T23:57:45.380751922) [Msg] Enable collision service on [/world/zephyr_runway/enable_collision]
(2023-10-11T23:57:45.380936654) (2023-10-11T23:57:45.380945371) [Msg] Disable collision service on [/world/zephyr_runway/disable_collision]
(2023-10-11T23:57:45.381246350) (2023-10-11T23:57:45.381255993) [Msg] Material service on [/world/zephyr_runway/visual_config]
(2023-10-11T23:57:45.381496106) (2023-10-11T23:57:45.381505511) [Msg] Material service on [/world/zephyr_runway/wheel_slip]
(2023-10-11T23:57:45.381598977) (2023-10-11T23:57:45.381607255) [Dbg] [SystemManager.cc:74] Loaded system [gz::sim::systems::UserCommands] for entity [1]
(2023-10-11T23:57:45.383147335) (2023-10-11T23:57:45.383157771) [Dbg] [SystemManager.cc:74] Loaded system [gz::sim::systems::SceneBroadcaster] for entity [1]
(2023-10-11T23:57:45.384745712) (2023-10-11T23:57:45.384756162) [Dbg] [SystemManager.cc:74] Loaded system [gz::sim::systems::Imu] for entity [1]
(2023-10-11T23:57:45.386019161) (2023-10-11T23:57:45.386029588) [Dbg] [SystemManager.cc:74] Loaded system [gz::sim::systems::NavSat] for entity [1]
(2023-10-11T23:57:45.397114860) (2023-10-11T23:57:45.397129322) [Dbg] [SystemManager.cc:74] Loaded system [gz::sim::systems::JointStatePublisher] for entity [15]
(2023-10-11T23:57:45.398329978) (2023-10-11T23:57:45.398341279) [Dbg] [SystemManager.cc:74] Loaded system [gz::sim::systems::LiftDrag] for entity [15]
(2023-10-11T23:57:45.398734011) (2023-10-11T23:57:45.398744279) [Dbg] [SystemManager.cc:74] Loaded system [gz::sim::systems::LiftDrag] for entity [15]
(2023-10-11T23:57:45.399142480) (2023-10-11T23:57:45.399152568) [Dbg] [SystemManager.cc:74] Loaded system [gz::sim::systems::LiftDrag] for entity [15]
(2023-10-11T23:57:45.399507850) (2023-10-11T23:57:45.399517034) [Dbg] [SystemManager.cc:74] Loaded system [gz::sim::systems::LiftDrag] for entity [15]
(2023-10-11T23:57:45.399847673) (2023-10-11T23:57:45.399856944) [Dbg] [SystemManager.cc:74] Loaded system [gz::sim::systems::LiftDrag] for entity [15]
(2023-10-11T23:57:45.400185246) (2023-10-11T23:57:45.400194382) [Dbg] [SystemManager.cc:74] Loaded system [gz::sim::systems::LiftDrag] for entity [15]
(2023-10-11T23:57:45.400522116) (2023-10-11T23:57:45.400531286) [Dbg] [SystemManager.cc:74] Loaded system [gz::sim::systems::LiftDrag] for entity [15]
(2023-10-11T23:57:45.402063505) (2023-10-11T23:57:45.402076035) [Msg] ApplyJointForce subscribing to Double messages on [/model/zephyr_with_ardupilot/joint/zephyr::propeller_joint/cmd_force]
(2023-10-11T23:57:45.402203916) (2023-10-11T23:57:45.402213321) [Dbg] [SystemManager.cc:74] Loaded system [gz::sim::systems::ApplyJointForce] for entity [15]
(2023-10-11T23:57:45.405614144) (2023-10-11T23:57:45.405626215) [Msg] ApplyJointForce subscribing to Double messages on [/model/zephyr_with_ardupilot/joint/zephyr::flap_left_joint/cmd_force]
(2023-10-11T23:57:45.405721604) (2023-10-11T23:57:45.405729872) [Dbg] [SystemManager.cc:74] Loaded system [gz::sim::systems::ApplyJointForce] for entity [15]
(2023-10-11T23:57:45.406189887) (2023-10-11T23:57:45.406200181) [Msg] ApplyJointForce subscribing to Double messages on [/model/zephyr_with_ardupilot/joint/zephyr::flap_right_joint/cmd_force]
(2023-10-11T23:57:45.406295918) (2023-10-11T23:57:45.406304499) [Dbg] [SystemManager.cc:74] Loaded system [gz::sim::systems::ApplyJointForce] for entity [15]
(2023-10-11T23:57:45.409925518) [zephyr_with_ardupilot] flight dynamics model @ 127.0.0.1:9002
(2023-10-11T23:57:45.409966479) [zephyr_with_ardupilot] ArduPilot ready to fly. The force will be with you
(2023-10-11T23:57:45.410066761) (2023-10-11T23:57:45.410075111) [Dbg] [SystemManager.cc:74] Loaded system [ArduPilotPlugin] for entity [15]
(2023-10-11T23:57:45.410855960) (2023-10-11T23:57:45.410865148) [Msg] Loaded level [3]
(2023-10-11T23:57:45.414945321) (2023-10-11T23:57:45.414955324) [Msg] Serving world controls on [/world/zephyr_runway/control], [/world/zephyr_runway/control/state] and [/world/zephyr_runway/playback/control]
(2023-10-11T23:57:45.415238088) (2023-10-11T23:57:45.415247521) [Msg] Serving GUI information on [/world/zephyr_runway/gui/info]
(2023-10-11T23:57:45.415352458) (2023-10-11T23:57:45.415361185) [Msg] World [zephyr_runway] initialized with [1ms] physics profile.
(2023-10-11T23:57:45.415652435) (2023-10-11T23:57:45.415662327) [Msg] Serving world SDF generation service on [/world/zephyr_runway/generate_world_sdf]
(2023-10-11T23:57:45.415967442) (2023-10-11T23:57:45.415977417) [Msg] Serving world names on [/gazebo/worlds]
(2023-10-11T23:57:45.416170955) (2023-10-11T23:57:45.416180132) [Msg] Resource path add service on [/gazebo/resource_paths/add].
(2023-10-11T23:57:45.416376426) (2023-10-11T23:57:45.416385578) [Msg] Resource path get service on [/gazebo/resource_paths/get].
(2023-10-11T23:57:45.416579121) (2023-10-11T23:57:45.416588198) [Msg] Resource path resolve service on [/gazebo/resource_paths/resolve].
(2023-10-11T23:57:45.416785598) (2023-10-11T23:57:45.416794762) [Msg] Resource paths published on [/gazebo/resource_paths].
(2023-10-11T23:57:45.417040164) (2023-10-11T23:57:45.417049490) [Msg] Server control service on [/server_control].
(2023-10-11T23:57:46.970318626) (2023-10-11T23:57:46.970334189) [Msg] Found no publishers on /stats, adding root stats topic
(2023-10-11T23:57:46.970543350) (2023-10-11T23:57:46.970553884) [Msg] Found no publishers on /clock, adding root clock topic
(2023-10-11T23:57:46.970825071) (2023-10-11T23:57:46.970834973) [Dbg] [SimulationRunner.cc:503] Creating PostUpdate worker threads: 6
(2023-10-11T23:57:46.970872158) (2023-10-11T23:57:46.970880189) [Dbg] [SimulationRunner.cc:514] Creating postupdate worker thread (0)
(2023-10-11T23:57:46.970978391) (2023-10-11T23:57:46.970987655) [Dbg] [SimulationRunner.cc:514] Creating postupdate worker thread (1)
(2023-10-11T23:57:46.971063125) (2023-10-11T23:57:46.971071920) [Dbg] [SimulationRunner.cc:514] Creating postupdate worker thread (2)
(2023-10-11T23:57:46.971168753) (2023-10-11T23:57:46.971177790) [Dbg] [SimulationRunner.cc:514] Creating postupdate worker thread (3)
(2023-10-11T23:57:46.971243621) (2023-10-11T23:57:46.971252395) [Dbg] [SimulationRunner.cc:514] Creating postupdate worker thread (4)
(2023-10-11T23:57:46.971719494) (2023-10-11T23:57:46.971726766) [Msg] Found IMU sensor with name [zephyr::imu_link::imu_sensor]
(2023-10-11T23:57:46.971775243) (2023-10-11T23:57:46.971780270) [Dbg] [ArduPilotPlugin.cc:1154] Computed IMU topic to be: world/zephyr_runway/model/zephyr_with_ardupilot/model/zephyr/link/imu_link/sensor/imu_sensor/imu
(2023-10-11T23:57:46.974001340) (2023-10-11T23:57:46.974011425) [Dbg] [SDFFeatures.cc:328] Mesh construction from an SDF has not been implemented yet for dartsim. Use AttachMeshShapeFeature to use mesh shapes.
(2023-10-11T23:57:46.974038913) (2023-10-11T23:57:46.974043691) [Err] [SDFFeatures.cc:843] The geometry element of collision [body_collision] couldn't be created
(2023-10-11T23:57:46.982223170) (2023-10-11T23:57:46.982238640) [Dbg] [ImuSensor.cc:149] IMU data for [zephyr_with_ardupilot::zephyr::imu_link::imu_sensor] advertised on [world/zephyr_runway/model/zephyr_with_ardupilot/model/zephyr/link/imu_link/sensor/imu_sensor/imu]
(2023-10-11T23:57:46.982385937) (2023-10-11T23:57:46.982398503) [Msg] Serving scene information on [/world/zephyr_runway/scene/info]
(2023-10-11T23:57:46.982506570) (2023-10-11T23:57:46.982515893) [Msg] Serving graph information on [/world/zephyr_runway/scene/graph]
(2023-10-11T23:57:46.982690129) (2023-10-11T23:57:46.982699822) [Msg] Serving full state on [/world/zephyr_runway/state]
(2023-10-11T23:57:46.982791640) (2023-10-11T23:57:46.982801084) [Msg] Serving full state (async) on [/world/zephyr_runway/state_async]
(2023-10-11T23:57:46.982888634) (2023-10-11T23:57:46.982897577) [Msg] Publishing scene information on [/world/zephyr_runway/scene/info]
(2023-10-11T23:57:46.983012210) (2023-10-11T23:57:46.983021232) [Msg] Publishing entity deletions on [/world/zephyr_runway/scene/deletion]
(2023-10-11T23:57:46.983096202) (2023-10-11T23:57:46.983105117) [Msg] Publishing state changes on [/world/zephyr_runway/state]
(2023-10-11T23:57:46.983194991) (2023-10-11T23:57:46.983203795) [Msg] Publishing pose messages on [/world/zephyr_runway/pose/info]
(2023-10-11T23:57:46.983291818) (2023-10-11T23:57:46.983300601) [Msg] Publishing dynamic pose messages on [/world/zephyr_runway/dynamic_pose/info]
(2023-10-11T23:57:46.983559617) (2023-10-11T23:57:46.983569882) [Dbg] [EntityComponentManager.cc:1655] Updated state thread iterators: 8 threads processing around 6 entities each.
(2023-10-11T23:57:46.984241639) (2023-10-11T23:57:46.984252030) [Wrn] [Model.hh:69] Skipping serialization / deserialization for models with //pose/@relative_to attribute.
(2023-10-11T23:57:46.984430884) (2023-10-11T23:57:46.984445624) [Wrn] [Component.hh:144] Trying to serialize component with data type [N3sdf3v135WorldE], which doesn't have `operator<<`. Component will not be serialized.
(2023-10-11T23:57:47.34465338) (2023-10-11T23:57:47.34481416) [Dbg] [SignalHandler.cc:142] Received signal[2].
(2023-10-11T23:57:47.34526604) (2023-10-11T23:57:47.34534553) [Dbg] [ServerPrivate.cc:115] Server received signal[2]
(2023-10-11T23:57:47.34571584) (2023-10-11T23:57:47.34579314) [Dbg] [SignalHandler.cc:142] Received signal[2].
(2023-10-11T23:57:47.34607121) (2023-10-11T23:57:47.34613809) [Dbg] [ArduPilotPlugin.cc:370] Plugin received signal[2]
(2023-10-11T23:57:47.35100349) (2023-10-11T23:57:47.35107742) [Dbg] [gz.cc:417] Shutting down gz-sim-server
(((2023-10-11T23:57:47.39619300) ) 2023-10-11T23:57:47.39608866() 2023-10-11T23:57:47.39608866() (2023-10-11T23:57:47.39641456) ) (2023-10-11T23:57:47.39658280) 2023-10-11T23:57:47.39670106) (2023-10-11T23:57:47.39689886) [Dbg] [SimulationRunner.cc:530] (2023-10-11T23:57:47.39763638) 2023-10-11T23:57:47.39768078) (2023-10-11T23:57:47.39786485) 2[Dbg] [SimulationRunner.cc:530] Exiting postupdate worker thread ([Dbg] [SimulationRunner.cc:530] Exiting postupdate worker thread ([Dbg] [SimulationRunner.cc:530] Exiting postupdate worker thread (0)
Exiting postupdate worker thread (4141))Exiting postupdate worker thread (

)


)
