(2023-10-20T02:18:06.684204913) (2023-10-20T02:18:06.684223078) [Msg] Gazebo Sim Server v7.6.0
(2023-10-20T02:18:06.689814072) (2023-10-20T02:18:06.689830585) [Msg] Loading SDF world file[/home/bassam/PX4-Autopilot/Tools/simulation/gz/worlds/default.sdf].
(2023-10-20T02:18:06.869297987) (2023-10-20T02:18:06.869316206) [Msg] Serving entity system service on [/entity/system/add]
(2023-10-20T02:18:07.77924381) (2023-10-20T02:18:07.77990380) [Dbg] [Physics.cc:880] Loaded [gz::physics::dartsim::Plugin] from library [/usr/lib/x86_64-linux-gnu/gz-physics-6/engine-plugins/libgz-physics-dartsim-plugin.so]
(2023-10-20T02:18:07.78105178) (2023-10-20T02:18:07.78120394) [Dbg] [SystemManager.cc:74] Loaded system [gz::sim::systems::Physics] for entity [1]
(2023-10-20T02:18:07.92659324) (2023-10-20T02:18:07.92681458) [Msg] Create service on [/world/default/create]
(2023-10-20T02:18:07.193155023) (2023-10-20T02:18:07.193181212) [Msg] Remove service on [/world/default/remove]
(2023-10-20T02:18:07.193421167) (2023-10-20T02:18:07.193441442) [Msg] Pose service on [/world/default/set_pose]
(2023-10-20T02:18:07.193670098) (2023-10-20T02:18:07.193688783) [Msg] Pose service on [/world/default/set_pose_vector]
(2023-10-20T02:18:07.194015888) (2023-10-20T02:18:07.194035528) [Msg] Light configuration service on [/world/default/light_config]
(2023-10-20T02:18:07.194474677) (2023-10-20T02:18:07.194494038) [Msg] Physics service on [/world/default/set_physics]
(2023-10-20T02:18:07.194735026) (2023-10-20T02:18:07.194747110) [Msg] SphericalCoordinates service on [/world/default/set_spherical_coordinates]
(2023-10-20T02:18:07.194843470) (2023-10-20T02:18:07.194854169) [Msg] Enable collision service on [/world/default/enable_collision]
(2023-10-20T02:18:07.194940390) (2023-10-20T02:18:07.194950445) [Msg] Disable collision service on [/world/default/disable_collision]
(2023-10-20T02:18:07.195175911) (2023-10-20T02:18:07.195187700) [Msg] Material service on [/world/default/visual_config]
(2023-10-20T02:18:07.195344087) (2023-10-20T02:18:07.195355278) [Msg] Material service on [/world/default/wheel_slip]
(2023-10-20T02:18:07.195400418) (2023-10-20T02:18:07.195408383) [Dbg] [SystemManager.cc:74] Loaded system [gz::sim::systems::UserCommands] for entity [1]
(2023-10-20T02:18:07.197353496) (2023-10-20T02:18:07.197367662) [Dbg] [SystemManager.cc:74] Loaded system [gz::sim::systems::SceneBroadcaster] for entity [1]
(2023-10-20T02:18:07.198697522) (2023-10-20T02:18:07.198711197) [Dbg] [SystemManager.cc:74] Loaded system [gz::sim::systems::Contact] for entity [1]
(2023-10-20T02:18:07.200597492) (2023-10-20T02:18:07.200611858) [Dbg] [SystemManager.cc:74] Loaded system [gz::sim::systems::Imu] for entity [1]
(2023-10-20T02:18:07.202253058) (2023-10-20T02:18:07.202267219) [Dbg] [SystemManager.cc:74] Loaded system [gz::sim::systems::AirPressure] for entity [1]
(2023-10-20T02:18:07.203703277) (2023-10-20T02:18:07.203717804) [Msg] Listening to instantaneous wrench commands in [/world/default/wrench]
(2023-10-20T02:18:07.203819792) (2023-10-20T02:18:07.203831183) [Msg] Listening to persistent wrench commands in [/world/default/wrench/persistent]
(2023-10-20T02:18:07.203927669) (2023-10-20T02:18:07.203938399) [Msg] Listening to wrench clear commands in [/world/default/wrench/clear]
(2023-10-20T02:18:07.203973245) (2023-10-20T02:18:07.203981437) [Dbg] [SystemManager.cc:74] Loaded system [gz::sim::systems::ApplyLinkWrench] for entity [1]
(2023-10-20T02:18:07.213131169) (2023-10-20T02:18:07.213147620) [Dbg] [Sensors.cc:506] Configuring Sensors system
(2023-10-20T02:18:07.213263770) (2023-10-20T02:18:07.213273826) [Dbg] [Sensors.cc:425] SensorsPrivate::Run
(2023-10-20T02:18:07.213366912) (2023-10-20T02:18:07.213377403) [Dbg] [SystemManager.cc:74] Loaded system [gz::sim::systems::Sensors] for entity [1]
(2023-10-20T02:18:07.213460921) (2023-10-20T02:18:07.213480686) [Dbg] [Sensors.cc:402] SensorsPrivate::RenderThread started
(2023-10-20T02:18:07.213508594) (2023-10-20T02:18:07.213516779) [Dbg] [Sensors.cc:245] Waiting for init
(2023-10-20T02:18:07.217263124) (2023-10-20T02:18:07.217281000) [Wrn] [SystemLoader.cc:79] Trying to load deprecated plugin [ignition-gazebo-ackermann-steering-system]. Using [gz-sim-ackermann-steering-system] instead.
(2023-10-20T02:18:07.219161939) (2023-10-20T02:18:07.219176442) [Msg] AckermannSteering subscribing to twist messages on [/cmd_vel]
(2023-10-20T02:18:07.219471996) (2023-10-20T02:18:07.219484770) [Dbg] [SystemManager.cc:74] Loaded system [ignition::gazebo::systems::AckermannSteering] for entity [8]
(2023-10-20T02:18:07.219677569) (2023-10-20T02:18:07.219688895) [Msg] Loaded level [3]
(2023-10-20T02:18:07.221904810) (2023-10-20T02:18:07.221919554) [Msg] Serving world controls on [/world/default/control], [/world/default/control/state] and [/world/default/playback/control]
(2023-10-20T02:18:07.222219447) (2023-10-20T02:18:07.222232191) [Msg] Serving GUI information on [/world/default/gui/info]
(2023-10-20T02:18:07.222271475) (2023-10-20T02:18:07.222280300) [Msg] World [default] initialized with [default_physics] physics profile.
(2023-10-20T02:18:07.222490864) (2023-10-20T02:18:07.222502520) [Msg] Serving world SDF generation service on [/world/default/generate_world_sdf]
(2023-10-20T02:18:07.222665209) (2023-10-20T02:18:07.222677258) [Msg] Serving world names on [/gazebo/worlds]
(2023-10-20T02:18:07.222777112) (2023-10-20T02:18:07.222787528) [Msg] Resource path add service on [/gazebo/resource_paths/add].
(2023-10-20T02:18:07.222886011) (2023-10-20T02:18:07.222897431) [Msg] Resource path get service on [/gazebo/resource_paths/get].
(2023-10-20T02:18:07.223000979) (2023-10-20T02:18:07.223012124) [Msg] Resource path resolve service on [/gazebo/resource_paths/resolve].
(2023-10-20T02:18:07.223108504) (2023-10-20T02:18:07.223119910) [Msg] Resource paths published on [/gazebo/resource_paths].
(2023-10-20T02:18:07.223280536) (2023-10-20T02:18:07.223294652) [Msg] Server control service on [/server_control].
(2023-10-20T02:18:08.687870526) (2023-10-20T02:18:08.687892762) [Msg] Found no publishers on /stats, adding root stats topic
(2023-10-20T02:18:08.688218795) (2023-10-20T02:18:08.688237246) [Msg] Found no publishers on /clock, adding root clock topic
(2023-10-20T02:18:08.688625605) (2023-10-20T02:18:08.688644624) [Dbg] [SimulationRunner.cc:503] Creating PostUpdate worker threads: 7
(2023-10-20T02:18:08.688698759) (2023-10-20T02:18:08.688714024) [Dbg] [SimulationRunner.cc:514] Creating postupdate worker thread (0)
(2023-10-20T02:18:08.688856731) (2023-10-20T02:18:08.688874431) [Dbg] [SimulationRunner.cc:514] Creating postupdate worker thread (1)
(2023-10-20T02:18:08.688995896) (2023-10-20T02:18:08.689013145) [Dbg] [SimulationRunner.cc:514] Creating postupdate worker thread (2)
(2023-10-20T02:18:08.689123669) (2023-10-20T02:18:08.689140767) [Dbg] [SimulationRunner.cc:514] Creating postupdate worker thread (3)
(2023-10-20T02:18:08.689257772) (2023-10-20T02:18:08.689275774) [Dbg] [SimulationRunner.cc:514] Creating postupdate worker thread (4)
(2023-10-20T02:18:08.689391883) (2023-10-20T02:18:08.689410193) [Dbg] [SimulationRunner.cc:514] Creating postupdate worker thread (5)
(2023-10-20T02:18:09.2544394) (2023-10-20T02:18:09.2563479) [Err] [UserCommands.cc:1097] Error Code 9: [/pose:/home/bassam/PX4-Autopilot/Tools/simulation/gz/models/x500_depth/model.sdf:L9]: Msg: Error reading element <pose>
(2023-10-20T02:18:09.2668419) (2023-10-20T02:18:09.2677773) [Err] [UserCommands.cc:1097] Error Code 9: [:/home/bassam/PX4-Autopilot/Tools/simulation/gz/models/x500_depth/model.sdf:L7]: Msg: Error reading element <include>
(2023-10-20T02:18:09.41267855) (2023-10-20T02:18:09.41287493) [Dbg] [SimulationFeatures.cc:72] Simulation timestep set to: 0.004
(2023-10-20T02:18:09.42502550) (2023-10-20T02:18:09.42528091) [Dbg] [Sensors.cc:659] Initialization needed
(2023-10-20T02:18:09.42589362) (2023-10-20T02:18:09.42603576) [Dbg] [Sensors.cc:257] Initializing render context
(2023-10-20T02:18:09.42753963) (2023-10-20T02:18:09.42764799) [Msg] Loading plugin [gz-rendering-ogre2]
(2023-10-20T02:18:09.43647370) (2023-10-20T02:18:09.43670864) [Msg] Serving scene information on [/world/default/scene/info]
(2023-10-20T02:18:09.43823445) (2023-10-20T02:18:09.43841997) [Msg] Serving graph information on [/world/default/scene/graph]
(2023-10-20T02:18:09.44105189) (2023-10-20T02:18:09.44121728) [Msg] Serving full state on [/world/default/state]
(2023-10-20T02:18:09.44264500) (2023-10-20T02:18:09.44279913) [Msg] Serving full state (async) on [/world/default/state_async]
(2023-10-20T02:18:09.44437411) (2023-10-20T02:18:09.44451930) [Msg] Publishing scene information on [/world/default/scene/info]
(2023-10-20T02:18:09.44639033) (2023-10-20T02:18:09.44656885) [Msg] Publishing entity deletions on [/world/default/scene/deletion]
(2023-10-20T02:18:09.44806489) (2023-10-20T02:18:09.44824788) [Msg] Publishing state changes on [/world/default/state]
(2023-10-20T02:18:09.45026322) (2023-10-20T02:18:09.45047091) [Msg] Publishing pose messages on [/world/default/pose/info]
(2023-10-20T02:18:09.45183826) (2023-10-20T02:18:09.45198115) [Msg] Publishing dynamic pose messages on [/world/default/dynamic_pose/info]
(2023-10-20T02:18:09.46053553) (2023-10-20T02:18:09.46076319) [Dbg] [EntityComponentManager.cc:1655] Updated state thread iterators: 8 threads processing around 7 entities each.
(2023-10-20T02:18:09.68186745) (2023-10-20T02:18:09.68220665) [Wrn] [Model.hh:69] Skipping serialization / deserialization for models with //pose/@relative_to attribute.
(2023-10-20T02:18:09.68358199) (2023-10-20T02:18:09.68376192) [Wrn] [Component.hh:144] Trying to serialize component with data type [N3sdf3v135WorldE], which doesn't have `operator<<`. Component will not be serialized.
(2023-10-20T02:18:09.343163459) (2023-10-20T02:18:09.343175652) [Dbg] [RenderUtil.cc:2720] Create scene [scene]
(2023-10-20T02:18:09.394848015) (2023-10-20T02:18:09.394874393) ([Dbg] [Sensors.cc:277] Rendering Thread initialized
2023-10-20T02:18:09.394925949) (2023-10-20T02:18:09.394953024) [Dbg] [Sensors.cc:659] Initialization needed
(2023-10-20T02:18:09.399695958) (2023-10-20T02:18:09.399711092) [Wrn] [FuelClient.cc:1952] The fuel.ignitionrobotics.org URL is deprecrated. Pleasse change https://fuel.ignitionrobotics.org/1.0/openrobotics/models/prius hybrid/2/files/meshes/Hybrid.obj to https://fuel.gazebosim.org/1.0/openrobotics/models/prius hybrid/2/files/meshes/Hybrid.obj
(2023-10-20T02:18:09.399826264) (2023-10-20T02:18:09.399836533) [Wrn] [FuelClient.cc:1952] The fuel.ignitionrobotics.org URL is deprecrated. Pleasse change https://fuel.ignitionrobotics.org/1.0/openrobotics/models/prius hybrid/2/files/meshes/Hybrid.obj to https://fuel.gazebosim.org/1.0/openrobotics/models/prius hybrid/2/files/meshes/Hybrid.obj
(2023-10-20T02:18:09.404366071) (2023-10-20T02:18:09.404380631) [Wrn] [OBJLoader.cc:91] Both `d` and `Tr` parameters defined for "Hybrid". Use the value of `d` for dissolve (line 8 in .mtl.)
Both `d` and `Tr` parameters defined for "Wheels3". Use the value of `d` for dissolve (line 22 in .mtl.)
Both `d` and `Tr` parameters defined for "Hybrid_Interior". Use the value of `d` for dissolve (line 36 in .mtl.)
Both `d` and `Tr` parameters defined for "Windows". Use the value of `d` for dissolve (line 50 in .mtl.)

(2023-10-20T02:18:09.609287802) (2023-10-20T02:18:09.609310604) [Dbg] [CameraSensor.cc:458] Camera images for [prius_hybrid::chassis::back_camera_sensor] advertised on [back_camera]
(2023-10-20T02:18:09.609552463) (2023-10-20T02:18:09.609571864) [Dbg] [CameraSensor.cc:786] Camera info for [prius_hybrid::chassis::back_camera_sensor] advertised on [/camera_info]
(2023-10-20T02:18:09.609773666) (2023-10-20T02:18:09.609785402) [Wrn] [Ogre2Camera.cc:412] Ogre2Camera::SetVisibilityMask: Mask bits c0000000 are set but will be ignored as they conflict with the reserved bits used internally by the ogre2 backend.
(2023-10-20T02:18:09.610257880) (2023-10-20T02:18:09.610277334) [Dbg] [CameraSensor.cc:458] Camera images for [prius_hybrid::chassis::front_camera_sensor] advertised on [front_camera]
(2023-10-20T02:18:09.610394312) (2023-10-20T02:18:09.610411625) [Dbg] [CameraSensor.cc:786] Camera info for [prius_hybrid::chassis::front_camera_sensor] advertised on [/camera_info]
(2023-10-20T02:18:09.610503639) (2023-10-20T02:18:09.610514923) [Wrn] [Ogre2Camera.cc:412] Ogre2Camera::SetVisibilityMask: Mask bits c0000000 are set but will be ignored as they conflict with the reserved bits used internally by the ogre2 backend.
(2023-10-20T02:18:09.610825638) (2023-10-20T02:18:09.610844833) [Dbg] [CameraSensor.cc:458] Camera images for [prius_hybrid::chassis::left_camera_sensor] advertised on [left_camera]
(2023-10-20T02:18:09.610961536) (2023-10-20T02:18:09.610978820) [Dbg] [CameraSensor.cc:786] Camera info for [prius_hybrid::chassis::left_camera_sensor] advertised on [/camera_info]
(2023-10-20T02:18:09.611054442) (2023-10-20T02:18:09.611064958) [Wrn] [Ogre2Camera.cc:412] Ogre2Camera::SetVisibilityMask: Mask bits c0000000 are set but will be ignored as they conflict with the reserved bits used internally by the ogre2 backend.
(2023-10-20T02:18:09.611429670) (2023-10-20T02:18:09.611446975) [Dbg] [CameraSensor.cc:458] Camera images for [prius_hybrid::chassis::right_camera_sensor] advertised on [right_camera]
(2023-10-20T02:18:09.611577984) (2023-10-20T02:18:09.611589959) [Dbg] [CameraSensor.cc:786] Camera info for [prius_hybrid::chassis::right_camera_sensor] advertised on [/camera_info]
(2023-10-20T02:18:09.611656209) (2023-10-20T02:18:09.611665959) [Wrn] [Ogre2Camera.cc:412] Ogre2Camera::SetVisibilityMask: Mask bits c0000000 are set but will be ignored as they conflict with the reserved bits used internally by the ogre2 backend.
(2023-10-20T02:18:40.509174697) (2023-10-20T02:18:40.509202570) [Dbg] [SignalHandler.cc:142] Received signal[2].
(2023-10-20T02:18:40.509251450) (2023-10-20T02:18:40.509266163) [Dbg] [ServerPrivate.cc:115] Server received signal[2]
(2023-10-20T02:18:40.509308436) (2023-10-20T02:18:40.509321116) [Dbg] [Sensors.cc:433] SensorsPrivate::Stop
(2023-10-20T02:18:40.585270363) (2023-10-20T02:18:40.585291550) [Dbg] [Sensors.cc:419] SensorsPrivate::RenderThread stopped
(2023-10-20T02:18:40.586176338) (2023-10-20T02:18:40.586191951) [Dbg] [gz.cc:417] Shutting down gz-sim-server
(((((2023-10-20T02:18:40.590679621) (2023-10-20T02:18:40.590716534) ) (2023-10-20T02:18:40.590710338() (2023-10-20T02:18:40.590754148) (2023-10-20T02:18:40.5907929082023-10-20T02:18:40.590792908) (2023-10-20T02:18:40.590819598) [Dbg] [SimulationRunner.cc:530] Exiting postupdate worker thread (2023-10-20T02:18:40.5907507401(2023-10-20T02:18:40.590892849) ) ) ) (
2023-10-20T02:18:40.590960574) [Dbg] [SimulationRunner.cc:530] Exiting postupdate worker thread (4)[Dbg] [SimulationRunner.cc:530] Exiting postupdate worker thread (3)
[Dbg] [SimulationRunner.cc:530] Exiting postupdate worker thread ([Dbg] [SimulationRunner.cc:530] Exiting postupdate worker thread (02)
)

[Dbg] [SimulationRunner.cc:530] Exiting postupdate worker thread (5)
(2023-10-20T02:18:40.619509540) (2023-10-20T02:18:40.619527292) [Dbg] [Sensors.cc:433] SensorsPrivate::Stop
