(2023-11-06T16:06:46.573232636) (2023-11-06T16:06:46.573262478) [Msg] Gazebo Sim Server v7.6.0
(2023-11-06T16:06:46.578356503) (2023-11-06T16:06:46.578371839) [Msg] Loading SDF world file[/home/bassam/PX4-Autopilot/Tools/simulation/gz/worlds/default.sdf].
(2023-11-06T16:06:46.759368723) (2023-11-06T16:06:46.759385508) [Msg] Serving entity system service on [/entity/system/add]
(2023-11-06T16:06:46.975178370) (2023-11-06T16:06:46.975203017) [Dbg] [Physics.cc:880] Loaded [gz::physics::dartsim::Plugin] from library [/usr/lib/x86_64-linux-gnu/gz-physics-6/engine-plugins/libgz-physics-dartsim-plugin.so]
(2023-11-06T16:06:46.975318205) (2023-11-06T16:06:46.975333947) [Dbg] [SystemManager.cc:74] Loaded system [gz::sim::systems::Physics] for entity [1]
(2023-11-06T16:06:47.93922562) (2023-11-06T16:06:47.93947270) [Msg] Create service on [/world/default/create]
(2023-11-06T16:06:47.94238215) (2023-11-06T16:06:47.94257805) [Msg] Remove service on [/world/default/remove]
(2023-11-06T16:06:47.94480321) (2023-11-06T16:06:47.94499280) [Msg] Pose service on [/world/default/set_pose]
(2023-11-06T16:06:47.94722302) (2023-11-06T16:06:47.94741695) [Msg] Pose service on [/world/default/set_pose_vector]
(2023-11-06T16:06:47.95100961) (2023-11-06T16:06:47.95120133) [Msg] Light configuration service on [/world/default/light_config]
(2023-11-06T16:06:47.95523404) (2023-11-06T16:06:47.95542308) [Msg] Physics service on [/world/default/set_physics]
(2023-11-06T16:06:47.95792281) (2023-11-06T16:06:47.95811060) [Msg] SphericalCoordinates service on [/world/default/set_spherical_coordinates]
(2023-11-06T16:06:47.95922818) (2023-11-06T16:06:47.95934650) [Msg] Enable collision service on [/world/default/enable_collision]
(2023-11-06T16:06:47.96022262) (2023-11-06T16:06:47.96032707) [Msg] Disable collision service on [/world/default/disable_collision]
(2023-11-06T16:06:47.96302591) (2023-11-06T16:06:47.96314531) [Msg] Material service on [/world/default/visual_config]
(2023-11-06T16:06:47.96499788) (2023-11-06T16:06:47.96513183) [Msg] Material service on [/world/default/wheel_slip]
(2023-11-06T16:06:47.96559590) (2023-11-06T16:06:47.96568536) [Dbg] [SystemManager.cc:74] Loaded system [gz::sim::systems::UserCommands] for entity [1]
(2023-11-06T16:06:47.98917919) (2023-11-06T16:06:47.98936930) [Dbg] [SystemManager.cc:74] Loaded system [gz::sim::systems::SceneBroadcaster] for entity [1]
(2023-11-06T16:06:47.100483580) (2023-11-06T16:06:47.100498499) [Dbg] [SystemManager.cc:74] Loaded system [gz::sim::systems::Contact] for entity [1]
(2023-11-06T16:06:47.102575531) (2023-11-06T16:06:47.102590382) [Dbg] [SystemManager.cc:74] Loaded system [gz::sim::systems::Imu] for entity [1]
(2023-11-06T16:06:47.104217438) (2023-11-06T16:06:47.104232050) [Dbg] [SystemManager.cc:74] Loaded system [gz::sim::systems::AirPressure] for entity [1]
(2023-11-06T16:06:47.105760993) (2023-11-06T16:06:47.105775725) [Msg] Listening to instantaneous wrench commands in [/world/default/wrench]
(2023-11-06T16:06:47.105887805) (2023-11-06T16:06:47.105901739) [Msg] Listening to persistent wrench commands in [/world/default/wrench/persistent]
(2023-11-06T16:06:47.106000851) (2023-11-06T16:06:47.106014803) [Msg] Listening to wrench clear commands in [/world/default/wrench/clear]
(2023-11-06T16:06:47.106049872) (2023-11-06T16:06:47.106058470) [Dbg] [SystemManager.cc:74] Loaded system [gz::sim::systems::ApplyLinkWrench] for entity [1]
(2023-11-06T16:06:47.115214739) (2023-11-06T16:06:47.115231687) [Dbg] [Sensors.cc:506] Configuring Sensors system
(2023-11-06T16:06:47.115351640) (2023-11-06T16:06:47.115361642) [Dbg] [Sensors.cc:425] SensorsPrivate::Run
(2023-11-06T16:06:47.115459474) (2023-11-06T16:06:47.115470871) [Dbg] [SystemManager.cc:74] Loaded system [gz::sim::systems::Sensors] for entity [1]
(2023-11-06T16:06:47.115536982) (2023-11-06T16:06:47.115556837) [Dbg] [Sensors.cc:402] SensorsPrivate::RenderThread started
(2023-11-06T16:06:47.115583995) (2023-11-06T16:06:47.115592376) [Dbg] [Sensors.cc:245] Waiting for init
(2023-11-06T16:06:47.119735431) (2023-11-06T16:06:47.119752113) [Wrn] [SystemLoader.cc:79] Trying to load deprecated plugin [ignition-gazebo-ackermann-steering-system]. Using [gz-sim-ackermann-steering-system] instead.
(2023-11-06T16:06:47.121697054) (2023-11-06T16:06:47.121712150) [Msg] AckermannSteering subscribing to twist messages on [/cmd_vel]
(2023-11-06T16:06:47.122050305) (2023-11-06T16:06:47.122063156) [Dbg] [SystemManager.cc:74] Loaded system [ignition::gazebo::systems::AckermannSteering] for entity [8]
(2023-11-06T16:06:47.122249905) (2023-11-06T16:06:47.122260795) [Msg] Loaded level [3]
(2023-11-06T16:06:47.124505633) (2023-11-06T16:06:47.124520242) [Msg] Serving world controls on [/world/default/control], [/world/default/control/state] and [/world/default/playback/control]
(2023-11-06T16:06:47.124819125) (2023-11-06T16:06:47.124831281) [Msg] Serving GUI information on [/world/default/gui/info]
(2023-11-06T16:06:47.124863918) (2023-11-06T16:06:47.124872374) [Msg] World [default] initialized with [default_physics] physics profile.
(2023-11-06T16:06:47.125122174) (2023-11-06T16:06:47.125139733) [Msg] Serving world SDF generation service on [/world/default/generate_world_sdf]
(2023-11-06T16:06:47.125357670) (2023-11-06T16:06:47.125374566) [Msg] Serving world names on [/gazebo/worlds]
(2023-11-06T16:06:47.125519274) (2023-11-06T16:06:47.125537152) [Msg] Resource path add service on [/gazebo/resource_paths/add].
(2023-11-06T16:06:47.125676761) (2023-11-06T16:06:47.125694161) [Msg] Resource path get service on [/gazebo/resource_paths/get].
(2023-11-06T16:06:47.125835506) (2023-11-06T16:06:47.125851572) [Msg] Resource path resolve service on [/gazebo/resource_paths/resolve].
(2023-11-06T16:06:47.125992343) (2023-11-06T16:06:47.126009544) [Msg] Resource paths published on [/gazebo/resource_paths].
(2023-11-06T16:06:47.126244908) (2023-11-06T16:06:47.126264302) [Msg] Server control service on [/server_control].
(2023-11-06T16:06:48.576337264) (2023-11-06T16:06:48.576369057) [Msg] Found no publishers on /stats, adding root stats topic
(2023-11-06T16:06:48.576641421) (2023-11-06T16:06:48.576660091) [Msg] Found no publishers on /clock, adding root clock topic
(2023-11-06T16:06:48.577027828) (2023-11-06T16:06:48.577047726) [Dbg] [SimulationRunner.cc:503] Creating PostUpdate worker threads: 7
(2023-11-06T16:06:48.577089139) (2023-11-06T16:06:48.577103366) [Dbg] [SimulationRunner.cc:514] Creating postupdate worker thread (0)
(2023-11-06T16:06:48.577253294) (2023-11-06T16:06:48.577265437) [Dbg] [SimulationRunner.cc:514] Creating postupdate worker thread (1)
(2023-11-06T16:06:48.577347073) (2023-11-06T16:06:48.577357290) [Dbg] [SimulationRunner.cc:514] Creating postupdate worker thread (2)
(2023-11-06T16:06:48.577427055) (2023-11-06T16:06:48.577437284) [Dbg] [SimulationRunner.cc:514] Creating postupdate worker thread (3)
(2023-11-06T16:06:48.577518202) (2023-11-06T16:06:48.577528843) [Dbg] [SimulationRunner.cc:514] Creating postupdate worker thread (4)
(2023-11-06T16:06:48.577625808) (2023-11-06T16:06:48.577637713) [Dbg] [SimulationRunner.cc:514] Creating postupdate worker thread (5)
(2023-11-06T16:06:48.934477326) (2023-11-06T16:06:48.934500086) [Wrn] [MulticopterMotorModel.cc:257] No robotNamespace set using entity name.
(2023-11-06T16:06:48.934563358) (2023-11-06T16:06:48.934578665) [Wrn] [MulticopterMotorModel.cc:295] <motorNumber> is depricated, please use <actuator_number>.
(2023-11-06T16:06:48.934700150) (2023-11-06T16:06:48.934716684) [Dbg] [MulticopterMotorModel.cc:386] Listening to topic: x500_depth_0/command/motor_speed
(2023-11-06T16:06:48.935226366) (2023-11-06T16:06:48.935246886) [Dbg] [SystemManager.cc:74] Loaded system [gz::sim::systems::MulticopterMotorModel] for entity [56]
(2023-11-06T16:06:48.935872909) (2023-11-06T16:06:48.935893290) [Wrn] [MulticopterMotorModel.cc:257] No robotNamespace set using entity name.
(2023-11-06T16:06:48.935937051) (2023-11-06T16:06:48.935952334) [Wrn] [MulticopterMotorModel.cc:295] <motorNumber> is depricated, please use <actuator_number>.
(2023-11-06T16:06:48.936050532) (2023-11-06T16:06:48.936066784) [Dbg] [MulticopterMotorModel.cc:386] Listening to topic: x500_depth_0/command/motor_speed
(2023-11-06T16:06:48.936542945) (2023-11-06T16:06:48.936562449) [Dbg] [SystemManager.cc:74] Loaded system [gz::sim::systems::MulticopterMotorModel] for entity [56]
(2023-11-06T16:06:48.937150620) (2023-11-06T16:06:48.937169819) [Wrn] [MulticopterMotorModel.cc:257] No robotNamespace set using entity name.
(2023-11-06T16:06:48.937213380) (2023-11-06T16:06:48.937228898) [Wrn] [MulticopterMotorModel.cc:295] <motorNumber> is depricated, please use <actuator_number>.
(2023-11-06T16:06:48.937327077) (2023-11-06T16:06:48.937343414) [Dbg] [MulticopterMotorModel.cc:386] Listening to topic: x500_depth_0/command/motor_speed
(2023-11-06T16:06:48.937840694) (2023-11-06T16:06:48.937858925) [Dbg] [SystemManager.cc:74] Loaded system [gz::sim::systems::MulticopterMotorModel] for entity [56]
(2023-11-06T16:06:48.938435310) (2023-11-06T16:06:48.938455543) [Wrn] [MulticopterMotorModel.cc:257] No robotNamespace set using entity name.
(2023-11-06T16:06:48.938495173) (2023-11-06T16:06:48.938510495) [Wrn] [MulticopterMotorModel.cc:295] <motorNumber> is depricated, please use <actuator_number>.
(2023-11-06T16:06:48.938605218) (2023-11-06T16:06:48.938620958) [Dbg] [MulticopterMotorModel.cc:386] Listening to topic: x500_depth_0/command/motor_speed
(2023-11-06T16:06:48.939007892) (2023-11-06T16:06:48.939026608) [Dbg] [SystemManager.cc:74] Loaded system [gz::sim::systems::MulticopterMotorModel] for entity [56]
(2023-11-06T16:06:48.939675390) (2023-11-06T16:06:48.939695144) [Dbg] [UserCommands.cc:1263] Created entity [56] named [x500_depth_0]
(2023-11-06T16:06:48.968083270) (2023-11-06T16:06:48.968111149) [Dbg] [SimulationFeatures.cc:72] Simulation timestep set to: 0.004
(2023-11-06T16:06:48.970917683) (2023-11-06T16:06:48.970959183) [Dbg] [Sensors.cc:659] Initialization needed
(2023-11-06T16:06:48.971051742) (2023-11-06T16:06:48.971076337) [Dbg] [Sensors.cc:257] Initializing render context
(2023-11-06T16:06:48.971277445) (2023-11-06T16:06:48.971294560) [Msg] Loading plugin [gz-rendering-ogre2]
(2023-11-06T16:06:48.971767172) (2023-11-06T16:06:48.971789932) [Dbg] [AirPressureSensor.cc:126] Air pressure for [x500_depth_0::base_link::air_pressure_sensor] advertised on [world/default/model/x500_depth_0/link/base_link/sensor/air_pressure_sensor/air_pressure]
(2023-11-06T16:06:48.972249802) (2023-11-06T16:06:48.972271191) [Dbg] [ImuSensor.cc:149] IMU data for [x500_depth_0::base_link::imu_sensor] advertised on [world/default/model/x500_depth_0/link/base_link/sensor/imu_sensor/imu]
(2023-11-06T16:06:48.973911911) (2023-11-06T16:06:48.973937461) [Msg] Serving scene information on [/world/default/scene/info]
(2023-11-06T16:06:48.974097949) (2023-11-06T16:06:48.974116293) [Msg] Serving graph information on [/world/default/scene/graph]
(2023-11-06T16:06:48.974460091) (2023-11-06T16:06:48.974479447) [Msg] Serving full state on [/world/default/state]
(2023-11-06T16:06:48.974625672) (2023-11-06T16:06:48.974643400) [Msg] Serving full state (async) on [/world/default/state_async]
(2023-11-06T16:06:48.974817221) (2023-11-06T16:06:48.974834086) [Msg] Publishing scene information on [/world/default/scene/info]
(2023-11-06T16:06:48.975101832) (2023-11-06T16:06:48.975119777) [Msg] Publishing entity deletions on [/world/default/scene/deletion]
(2023-11-06T16:06:48.975283607) (2023-11-06T16:06:48.975301804) [Msg] Publishing state changes on [/world/default/state]
(2023-11-06T16:06:48.975450944) (2023-11-06T16:06:48.975469064) [Msg] Publishing pose messages on [/world/default/pose/info]
(2023-11-06T16:06:48.975738915) (2023-11-06T16:06:48.975757180) [Msg] Publishing dynamic pose messages on [/world/default/dynamic_pose/info]
(2023-11-06T16:06:48.977186434) (2023-11-06T16:06:48.977212472) [Dbg] [EntityComponentManager.cc:1655] Updated state thread iterators: 8 threads processing around 13 entities each.
(2023-11-06T16:06:48.996044423) (2023-11-06T16:06:48.996069987) [Wrn] [Component.hh:144] Trying to serialize component with data type [N3sdf3v135WorldE], which doesn't have `operator<<`. Component will not be serialized.
(2023-11-06T16:06:48.996309749) (2023-11-06T16:06:48.996354728) [Wrn] [Model.hh:69] Skipping serialization / deserialization for models with //pose/@relative_to attribute.
(2023-11-06T16:06:49.247063) (2023-11-06T16:06:49.283785) [Dbg] [SimulationRunner.cc:530] (2023-11-06T16:06:49.3305612023-11-06T16:06:49.330561Exiting postupdate worker thread (5)
2023-11-06T16:06:49.385212) (2023-11-06T16:06:49.442111) ([Dbg] [SimulationRunner.cc:530] [Dbg] [SimulationRunner.cc:530] 2023-11-06T16:06:49.338861) (2023-11-06T16:06:49.493280) 2023-11-06T16:06:49.463567) ((1)
) (2023-11-06T16:06:49.573446) [Dbg] [SimulationRunner.cc:530] Exiting postupdate worker thread (3)
2023-11-06T16:06:49.662924) [Dbg] [SimulationRunner.cc:530] Exiting postupdate worker thread (4)
[Dbg] [SimulationRunner.cc:530] Exiting postupdate worker thread (2)
(2023-11-06T16:06:49.806049) (2023-11-06T16:06:49.821930) [Dbg] [SimulationRunner.cc:530] Exiting postupdate worker thread (0)
(2023-11-06T16:06:49.1140599) (2023-11-06T16:06:49.1160773) [Dbg] [SimulationRunner.cc:503] Creating PostUpdate worker threads: 7
(2023-11-06T16:06:49.1218505) (2023-11-06T16:06:49.1232249) [Dbg] [SimulationRunner.cc:514] Creating postupdate worker thread (0)
(2023-11-06T16:06:49.2680558) (2023-11-06T16:06:49.2701505) [Dbg] [SimulationRunner.cc:514] Creating postupdate worker thread (1)
(2023-11-06T16:06:49.2777486) (2023-11-06T16:06:49.2792897) [Dbg] [SimulationRunner.cc:514] Creating postupdate worker thread (2)
(2023-11-06T16:06:49.2874757) (2023-11-06T16:06:49.2889953) [Dbg] [SimulationRunner.cc:514] Creating postupdate worker thread (3)
(2023-11-06T16:06:49.2963704) (2023-11-06T16:06:49.2979181) [Dbg] [SimulationRunner.cc:514] Creating postupdate worker thread (4)
(2023-11-06T16:06:49.3106431) (2023-11-06T16:06:49.3123204) [Dbg] [SimulationRunner.cc:514] Creating postupdate worker thread (5)
(2023-11-06T16:06:49.409911176) (2023-11-06T16:06:49.409924771) [Dbg] [RenderUtil.cc:2720] Create scene [scene]
((2023-11-06T16:06:49.480662095) (2023-11-06T16:06:49.480680544) () 2023-11-06T16:06:49.480725542) [Dbg] [Sensors.cc:277] Rendering Thread initialized
Initialization needed
(2023-11-06T16:06:49.486646171) (2023-11-06T16:06:49.486661578) [Wrn] [FuelClient.cc:1952] The fuel.ignitionrobotics.org URL is deprecrated. Pleasse change https://fuel.ignitionrobotics.org/1.0/openrobotics/models/prius hybrid/2/files/meshes/Hybrid.obj to https://fuel.gazebosim.org/1.0/openrobotics/models/prius hybrid/2/files/meshes/Hybrid.obj
(2023-11-06T16:06:49.486777585) (2023-11-06T16:06:49.486788233) [Wrn] [FuelClient.cc:1952] The fuel.ignitionrobotics.org URL is deprecrated. Pleasse change https://fuel.ignitionrobotics.org/1.0/openrobotics/models/prius hybrid/2/files/meshes/Hybrid.obj to https://fuel.gazebosim.org/1.0/openrobotics/models/prius hybrid/2/files/meshes/Hybrid.obj
(2023-11-06T16:06:49.491467743) (2023-11-06T16:06:49.491482556) [Wrn] [OBJLoader.cc:91] Both `d` and `Tr` parameters defined for "Hybrid". Use the value of `d` for dissolve (line 8 in .mtl.)
Both `d` and `Tr` parameters defined for "Wheels3". Use the value of `d` for dissolve (line 22 in .mtl.)
Both `d` and `Tr` parameters defined for "Hybrid_Interior". Use the value of `d` for dissolve (line 36 in .mtl.)
Both `d` and `Tr` parameters defined for "Windows". Use the value of `d` for dissolve (line 50 in .mtl.)

(2023-11-06T16:06:49.638125608) (2023-11-06T16:06:49.638139684) [Err] [SceneManager.cc:887] PBR material: currently only metal workflow is supported. Gazebo will try to render the material using metal workflow but without Roughness / Metalness settings.
(2023-11-06T16:06:52.438044219) (2023-11-06T16:06:52.438061695) [Dbg] [CameraSensor.cc:458] Camera images for [prius_hybrid::chassis::back_camera_sensor] advertised on [back_camera]
(2023-11-06T16:06:52.438282690) (2023-11-06T16:06:52.438295121) [Dbg] [CameraSensor.cc:786] Camera info for [prius_hybrid::chassis::back_camera_sensor] advertised on [/camera_info]
(2023-11-06T16:06:52.438469612) (2023-11-06T16:06:52.438480412) [Wrn] [Ogre2Camera.cc:412] Ogre2Camera::SetVisibilityMask: Mask bits c0000000 are set but will be ignored as they conflict with the reserved bits used internally by the ogre2 backend.
(2023-11-06T16:06:52.439020669) (2023-11-06T16:06:52.439037362) [Dbg] [CameraSensor.cc:458] Camera images for [prius_hybrid::chassis::front_camera_sensor] advertised on [front_camera]
(2023-11-06T16:06:52.439155369) (2023-11-06T16:06:52.439172132) [Dbg] [CameraSensor.cc:786] Camera info for [prius_hybrid::chassis::front_camera_sensor] advertised on [/camera_info]
(2023-11-06T16:06:52.439246578) (2023-11-06T16:06:52.439256515) [Wrn] [Ogre2Camera.cc:412] Ogre2Camera::SetVisibilityMask: Mask bits c0000000 are set but will be ignored as they conflict with the reserved bits used internally by the ogre2 backend.
(2023-11-06T16:06:52.439603286) (2023-11-06T16:06:52.439622456) [Dbg] [CameraSensor.cc:458] Camera images for [prius_hybrid::chassis::left_camera_sensor] advertised on [left_camera]
(2023-11-06T16:06:52.439737349) (2023-11-06T16:06:52.439756244) [Dbg] [CameraSensor.cc:786] Camera info for [prius_hybrid::chassis::left_camera_sensor] advertised on [/camera_info]
(2023-11-06T16:06:52.439896412) (2023-11-06T16:06:52.439907224) [Wrn] [Ogre2Camera.cc:412] Ogre2Camera::SetVisibilityMask: Mask bits c0000000 are set but will be ignored as they conflict with the reserved bits used internally by the ogre2 backend.
(2023-11-06T16:06:52.440216472) (2023-11-06T16:06:52.440232426) [Dbg] [CameraSensor.cc:458] Camera images for [prius_hybrid::chassis::right_camera_sensor] advertised on [right_camera]
(2023-11-06T16:06:52.440361306) (2023-11-06T16:06:52.440379292) [Dbg] [CameraSensor.cc:786] Camera info for [prius_hybrid::chassis::right_camera_sensor] advertised on [/camera_info]
(2023-11-06T16:06:52.440448335) (2023-11-06T16:06:52.440458634) [Wrn] [Ogre2Camera.cc:412] Ogre2Camera::SetVisibilityMask: Mask bits c0000000 are set but will be ignored as they conflict with the reserved bits used internally by the ogre2 backend.
(2023-11-06T16:06:52.440762401) (2023-11-06T16:06:52.440781275) [Dbg] [CameraSensor.cc:458] Camera images for [x500_depth_0::OakD-Lite/base_link::IMX214] advertised on [camera]
(2023-11-06T16:06:52.440924224) (2023-11-06T16:06:52.440942541) [Dbg] [CameraSensor.cc:786] Camera info for [x500_depth_0::OakD-Lite/base_link::IMX214] advertised on [/camera_info]
(2023-11-06T16:06:52.441021200) (2023-11-06T16:06:52.441031757) [Wrn] [Ogre2Camera.cc:412] Ogre2Camera::SetVisibilityMask: Mask bits c0000000 are set but will be ignored as they conflict with the reserved bits used internally by the ogre2 backend.
(2023-11-06T16:06:52.441382952) (2023-11-06T16:06:52.441403131) [Dbg] [DepthCameraSensor.cc:282] Depth images for [x500_depth_0::OakD-Lite/base_link::StereoOV7251] advertised on [depth_camera]
(2023-11-06T16:06:52.441536249) (2023-11-06T16:06:52.441554639) [Dbg] [CameraSensor.cc:786] Camera info for [x500_depth_0::OakD-Lite/base_link::StereoOV7251] advertised on [/camera_info]
(2023-11-06T16:06:52.441775900) (2023-11-06T16:06:52.441794062) [Dbg] [DepthCameraSensor.cc:299] Points for [x500_depth_0::OakD-Lite/base_link::StereoOV7251] advertised on [depth_camera/points]
(2023-11-06T16:06:52.465632405) (2023-11-06T16:06:52.465648768) [Dbg] [CameraSensor.cc:583] Enabling camera sensor: 'x500_depth_0::OakD-Lite/base_link::IMX214' data generation.
