(2023-10-20T03:39:50.284413222) (2023-10-20T03:39:50.284433099) [Msg] Gazebo Sim Server v7.6.0
(2023-10-20T03:39:50.290395660) (2023-10-20T03:39:50.290411253) [Msg] Loading SDF world file[/home/bassam/PX4-Autopilot/Tools/simulation/gz/worlds/default.sdf].
(2023-10-20T03:39:50.467778622) (2023-10-20T03:39:50.467805198) [Msg] Serving entity system service on [/entity/system/add]
(2023-10-20T03:39:50.671236812) (2023-10-20T03:39:50.671263138) [Dbg] [Physics.cc:880] Loaded [gz::physics::dartsim::Plugin] from library [/usr/lib/x86_64-linux-gnu/gz-physics-6/engine-plugins/libgz-physics-dartsim-plugin.so]
(2023-10-20T03:39:50.671381333) (2023-10-20T03:39:50.671397059) [Dbg] [SystemManager.cc:74] Loaded system [gz::sim::systems::Physics] for entity [1]
(2023-10-20T03:39:50.684345178) (2023-10-20T03:39:50.684367349) [Msg] Create service on [/world/default/create]
(2023-10-20T03:39:50.784980960) (2023-10-20T03:39:50.785007773) [Msg] Remove service on [/world/default/remove]
(2023-10-20T03:39:50.785251842) (2023-10-20T03:39:50.785271973) [Msg] Pose service on [/world/default/set_pose]
(2023-10-20T03:39:50.785488908) (2023-10-20T03:39:50.785508781) [Msg] Pose service on [/world/default/set_pose_vector]
(2023-10-20T03:39:50.785898609) (2023-10-20T03:39:50.785919034) [Msg] Light configuration service on [/world/default/light_config]
(2023-10-20T03:39:50.786382334) (2023-10-20T03:39:50.786402845) [Msg] Physics service on [/world/default/set_physics]
(2023-10-20T03:39:50.786692228) (2023-10-20T03:39:50.786704936) [Msg] SphericalCoordinates service on [/world/default/set_spherical_coordinates]
(2023-10-20T03:39:50.786817742) (2023-10-20T03:39:50.786829423) [Msg] Enable collision service on [/world/default/enable_collision]
(2023-10-20T03:39:50.786934497) (2023-10-20T03:39:50.786947216) [Msg] Disable collision service on [/world/default/disable_collision]
(2023-10-20T03:39:50.787204910) (2023-10-20T03:39:50.787217629) [Msg] Material service on [/world/default/visual_config]
(2023-10-20T03:39:50.787387661) (2023-10-20T03:39:50.787403877) [Msg] Material service on [/world/default/wheel_slip]
(2023-10-20T03:39:50.787475276) (2023-10-20T03:39:50.787484197) [Dbg] [SystemManager.cc:74] Loaded system [gz::sim::systems::UserCommands] for entity [1]
(2023-10-20T03:39:50.790053634) (2023-10-20T03:39:50.790085902) [Dbg] [SystemManager.cc:74] Loaded system [gz::sim::systems::SceneBroadcaster] for entity [1]
(2023-10-20T03:39:50.791687730) (2023-10-20T03:39:50.791706123) [Dbg] [SystemManager.cc:74] Loaded system [gz::sim::systems::Contact] for entity [1]
(2023-10-20T03:39:50.794846242) (2023-10-20T03:39:50.794861590) [Dbg] [SystemManager.cc:74] Loaded system [gz::sim::systems::Imu] for entity [1]
(2023-10-20T03:39:50.796837356) (2023-10-20T03:39:50.796852027) [Dbg] [SystemManager.cc:74] Loaded system [gz::sim::systems::AirPressure] for entity [1]
(2023-10-20T03:39:50.798752932) (2023-10-20T03:39:50.798771823) [Msg] Listening to instantaneous wrench commands in [/world/default/wrench]
(2023-10-20T03:39:50.798872001) (2023-10-20T03:39:50.798885409) [Msg] Listening to persistent wrench commands in [/world/default/wrench/persistent]
(2023-10-20T03:39:50.798972755) (2023-10-20T03:39:50.798989698) [Msg] Listening to wrench clear commands in [/world/default/wrench/clear]
(2023-10-20T03:39:50.799025865) (2023-10-20T03:39:50.799034498) [Dbg] [SystemManager.cc:74] Loaded system [gz::sim::systems::ApplyLinkWrench] for entity [1]
(2023-10-20T03:39:50.810902664) (2023-10-20T03:39:50.810919199) [Dbg] [Sensors.cc:506] Configuring Sensors system
(2023-10-20T03:39:50.811037029) (2023-10-20T03:39:50.811047607) [Dbg] [Sensors.cc:425] SensorsPrivate::Run
(2023-10-20T03:39:50.811152560) (2023-10-20T03:39:50.811163290) [Dbg] [SystemManager.cc:74] Loaded system [gz::sim::systems::Sensors] for entity [1]
(2023-10-20T03:39:50.811252088) (2023-10-20T03:39:50.811271926) [Dbg] [Sensors.cc:402] SensorsPrivate::RenderThread started
(2023-10-20T03:39:50.811298599) (2023-10-20T03:39:50.811307161) [Dbg] [Sensors.cc:245] Waiting for init
(2023-10-20T03:39:50.814888668) (2023-10-20T03:39:50.814903991) [Wrn] [SystemLoader.cc:79] Trying to load deprecated plugin [ignition-gazebo-ackermann-steering-system]. Using [gz-sim-ackermann-steering-system] instead.
(2023-10-20T03:39:50.817040153) (2023-10-20T03:39:50.817056567) [Msg] AckermannSteering subscribing to twist messages on [/cmd_vel]
(2023-10-20T03:39:50.817382420) (2023-10-20T03:39:50.817395863) [Dbg] [SystemManager.cc:74] Loaded system [ignition::gazebo::systems::AckermannSteering] for entity [8]
(2023-10-20T03:39:50.817617735) (2023-10-20T03:39:50.817629957) [Msg] Loaded level [3]
(2023-10-20T03:39:50.819919616) (2023-10-20T03:39:50.819934583) [Msg] Serving world controls on [/world/default/control], [/world/default/control/state] and [/world/default/playback/control]
(2023-10-20T03:39:50.820229356) (2023-10-20T03:39:50.820244199) [Msg] Serving GUI information on [/world/default/gui/info]
(2023-10-20T03:39:50.820276688) (2023-10-20T03:39:50.820284697) [Msg] World [default] initialized with [default_physics] physics profile.
(2023-10-20T03:39:50.820490766) (2023-10-20T03:39:50.820502860) [Msg] Serving world SDF generation service on [/world/default/generate_world_sdf]
(2023-10-20T03:39:50.820674905) (2023-10-20T03:39:50.820690907) [Msg] Serving world names on [/gazebo/worlds]
(2023-10-20T03:39:50.820795991) (2023-10-20T03:39:50.820807426) [Msg] Resource path add service on [/gazebo/resource_paths/add].
(2023-10-20T03:39:50.820910215) (2023-10-20T03:39:50.820921887) [Msg] Resource path get service on [/gazebo/resource_paths/get].
(2023-10-20T03:39:50.821026028) (2023-10-20T03:39:50.821037074) [Msg] Resource path resolve service on [/gazebo/resource_paths/resolve].
(2023-10-20T03:39:50.821140455) (2023-10-20T03:39:50.821151629) [Msg] Resource paths published on [/gazebo/resource_paths].
(2023-10-20T03:39:50.821320023) (2023-10-20T03:39:50.821332114) [Msg] Server control service on [/server_control].
(2023-10-20T03:39:52.288289491) (2023-10-20T03:39:52.288309805) [Msg] Found no publishers on /stats, adding root stats topic
(2023-10-20T03:39:52.288580506) (2023-10-20T03:39:52.288594333) [Msg] Found no publishers on /clock, adding root clock topic
(2023-10-20T03:39:52.288961364) (2023-10-20T03:39:52.288978908) [Dbg] [SimulationRunner.cc:503] Creating PostUpdate worker threads: 7
(2023-10-20T03:39:52.289038682) (2023-10-20T03:39:52.289055094) [Dbg] [SimulationRunner.cc:514] Creating postupdate worker thread (0)
(2023-10-20T03:39:52.289178842) (2023-10-20T03:39:52.289190410) [Dbg] [SimulationRunner.cc:514] Creating postupdate worker thread (1)
(2023-10-20T03:39:52.289273683) (2023-10-20T03:39:52.289283719) [Dbg] [SimulationRunner.cc:514] Creating postupdate worker thread (2)
(2023-10-20T03:39:52.289353287) (2023-10-20T03:39:52.289362992) [Dbg] [SimulationRunner.cc:514] Creating postupdate worker thread (3)
(2023-10-20T03:39:52.289437851) (2023-10-20T03:39:52.289465119) [Dbg] [SimulationRunner.cc:514] Creating postupdate worker thread (4)
(2023-10-20T03:39:52.289554008) (2023-10-20T03:39:52.289565678) [Dbg] [SimulationRunner.cc:514] Creating postupdate worker thread (5)
(2023-10-20T03:39:52.607513391) (2023-10-20T03:39:52.607532829) [Wrn] [MulticopterMotorModel.cc:257] No robotNamespace set using entity name.
(2023-10-20T03:39:52.607578559) (2023-10-20T03:39:52.607588541) [Wrn] [MulticopterMotorModel.cc:295] <motorNumber> is depricated, please use <actuator_number>.
(2023-10-20T03:39:52.607657523) (2023-10-20T03:39:52.607667520) [Dbg] [MulticopterMotorModel.cc:386] Listening to topic: x500_depth_0/command/motor_speed
(2023-10-20T03:39:52.608167817) (2023-10-20T03:39:52.608188068) [Dbg] [SystemManager.cc:74] Loaded system [gz::sim::systems::MulticopterMotorModel] for entity [56]
(2023-10-20T03:39:52.608645183) (2023-10-20T03:39:52.608658016) [Wrn] [MulticopterMotorModel.cc:257] No robotNamespace set using entity name.
(2023-10-20T03:39:52.608684223) (2023-10-20T03:39:52.608692795) [Wrn] [MulticopterMotorModel.cc:295] <motorNumber> is depricated, please use <actuator_number>.
(2023-10-20T03:39:52.608761274) (2023-10-20T03:39:52.608771188) [Dbg] [MulticopterMotorModel.cc:386] Listening to topic: x500_depth_0/command/motor_speed
(2023-10-20T03:39:52.609009877) (2023-10-20T03:39:52.609026185) [Dbg] [SystemManager.cc:74] Loaded system [gz::sim::systems::MulticopterMotorModel] for entity [56]
(2023-10-20T03:39:52.609434697) (2023-10-20T03:39:52.609450783) [Wrn] [MulticopterMotorModel.cc:257] No robotNamespace set using entity name.
(2023-10-20T03:39:52.609479885) (2023-10-20T03:39:52.609488992) [Wrn] [MulticopterMotorModel.cc:295] <motorNumber> is depricated, please use <actuator_number>.
(2023-10-20T03:39:52.609545851) (2023-10-20T03:39:52.609557155) [Dbg] [MulticopterMotorModel.cc:386] Listening to topic: x500_depth_0/command/motor_speed
(2023-10-20T03:39:52.609834936) (2023-10-20T03:39:52.609847209) [Dbg] [SystemManager.cc:74] Loaded system [gz::sim::systems::MulticopterMotorModel] for entity [56]
(2023-10-20T03:39:52.610232029) (2023-10-20T03:39:52.610245967) [Wrn] [MulticopterMotorModel.cc:257] No robotNamespace set using entity name.
(2023-10-20T03:39:52.610271354) (2023-10-20T03:39:52.610280000) [Wrn] [MulticopterMotorModel.cc:295] <motorNumber> is depricated, please use <actuator_number>.
(2023-10-20T03:39:52.610341550) (2023-10-20T03:39:52.610352726) [Dbg] [MulticopterMotorModel.cc:386] Listening to topic: x500_depth_0/command/motor_speed
(2023-10-20T03:39:52.610637350) (2023-10-20T03:39:52.610649874) [Dbg] [SystemManager.cc:74] Loaded system [gz::sim::systems::MulticopterMotorModel] for entity [56]
(2023-10-20T03:39:52.611134579) (2023-10-20T03:39:52.611146591) [Dbg] [UserCommands.cc:1263] Created entity [56] named [x500_depth_0]
(2023-10-20T03:39:52.630271243) (2023-10-20T03:39:52.630290539) [Dbg] [SimulationFeatures.cc:72] Simulation timestep set to: 0.004
(2023-10-20T03:39:52.632058407) (2023-10-20T03:39:52.632093459) [Dbg] [Sensors.cc:659] Initialization needed
(2023-10-20T03:39:52.632171556) (2023-10-20T03:39:52.632187569) [Dbg] [Sensors.cc:257] Initializing render context
(2023-10-20T03:39:52.632337101) (2023-10-20T03:39:52.632348938) [Msg] Loading plugin [gz-rendering-ogre2]
(2023-10-20T03:39:52.632917738) (2023-10-20T03:39:52.632940598) [Dbg] [ImuSensor.cc:149] IMU data for [x500_depth_0::base_link::imu_sensor] advertised on [(2023-10-20T03:39:52.633033887) (2023-10-20T03:39:52.633062904) world/default/model/x500_depth_0/link/base_link/sensor/imu_sensor/imuAir pressure for [x500_depth_0::base_link::air_pressure_sensor] advertised on [world/default/model/x500_depth_0/link/base_link/sensor/air_pressure_sensor/air_pressure]

(2023-10-20T03:39:52.634494450) (2023-10-20T03:39:52.634518346) [Msg] Serving scene information on [/world/default/scene/info]
(2023-10-20T03:39:52.634723517) (2023-10-20T03:39:52.634745511) [Msg] Serving graph information on [/world/default/scene/graph]
(2023-10-20T03:39:52.635107936) (2023-10-20T03:39:52.635126882) [Msg] Serving full state on [/world/default/state]
(2023-10-20T03:39:52.635281014) (2023-10-20T03:39:52.635298236) [Msg] Serving full state (async) on [/world/default/state_async]
(2023-10-20T03:39:52.635501087) (2023-10-20T03:39:52.635521409) [Msg] Publishing scene information on [/world/default/scene/info]
(2023-10-20T03:39:52.635806724) (2023-10-20T03:39:52.635825459) [Msg] Publishing entity deletions on [/world/default/scene/deletion]
(2023-10-20T03:39:52.635991132) (2023-10-20T03:39:52.636009337) [Msg] Publishing state changes on [/world/default/state]
(2023-10-20T03:39:52.636158819) (2023-10-20T03:39:52.636178069) [Msg] Publishing pose messages on [/world/default/pose/info]
(2023-10-20T03:39:52.636338766) (2023-10-20T03:39:52.636355846) [Msg] Publishing dynamic pose messages on [/world/default/dynamic_pose/info]
(2023-10-20T03:39:52.637677256) (2023-10-20T03:39:52.637698808) [Dbg] [EntityComponentManager.cc:1655] Updated state thread iterators: 8 threads processing around 13 entities each.
(2023-10-20T03:39:52.654620081) (2023-10-20T03:39:52.654646209) [Wrn] [Component.hh:144] Trying to serialize component with data type [N3sdf3v135WorldE], which doesn't have `operator<<`. Component will not be serialized.
(2023-10-20T03:39:52.654872033) (2023-10-20T03:39:52.654909157) [Wrn] [Model.hh:69] Skipping serialization / deserialization for models with //pose/@relative_to attribute.
(((((((((2023-10-20T03:39:52.658888580) (2023-10-20T03:39:52.658912631) ) ) ((2023-10-20T03:39:52.6589569842023-10-20T03:39:52.6589569842023-10-20T03:39:52.658969390) ) ) 2023-10-20T03:39:52.658957891() 2023-10-20T03:39:52.659030438) 2023-10-20T03:39:52.659030438[Dbg] [SimulationRunner.cc:530] Exiting postupdate worker thread () () (2023-10-20T03:39:52.659104332() 2023-10-20T03:39:52.659166057) ) 2023-10-20T03:39:52.659134316) Exiting postupdate worker thread ([Dbg] [SimulationRunner.cc:530] [Dbg] [SimulationRunner.cc:530] [Dbg] [SimulationRunner.cc:530] Exiting postupdate worker thread (5Exiting postupdate worker thread (3)
[Dbg] [SimulationRunner.cc:530] Exiting postupdate worker thread (4Exiting postupdate worker thread (1))[Dbg] [SimulationRunner.cc:530] 0
Exiting postupdate worker thread (2))
)
Exiting postupdate worker thread ()

(2023-10-20T03:39:52.659766350) (2023-10-20T03:39:52.659786063) [Dbg] [SimulationRunner.cc:503] Creating PostUpdate worker threads: 7
(2023-10-20T03:39:52.659842076) (2023-10-20T03:39:52.659857939) [Dbg] [SimulationRunner.cc:514] Creating postupdate worker thread (0)
(2023-10-20T03:39:52.659953922) (2023-10-20T03:39:52.659970953) [Dbg] [SimulationRunner.cc:514] Creating postupdate worker thread (1)
(2023-10-20T03:39:52.660043066) (2023-10-20T03:39:52.660059645) [Dbg] [SimulationRunner.cc:514] Creating postupdate worker thread (2)
(2023-10-20T03:39:52.660141795) (2023-10-20T03:39:52.660158473) [Dbg] [SimulationRunner.cc:514] Creating postupdate worker thread (3)
(2023-10-20T03:39:52.660234724) (2023-10-20T03:39:52.660250904) [Dbg] [SimulationRunner.cc:514] Creating postupdate worker thread (4)
(2023-10-20T03:39:52.660370481) (2023-10-20T03:39:52.660388211) [Dbg] [SimulationRunner.cc:514] Creating postupdate worker thread (5)
(2023-10-20T03:39:52.975945801) (2023-10-20T03:39:52.975958125) [Dbg] [RenderUtil.cc:2720] Create scene [scene]
((2023-10-20T03:39:53.27030200) (2023-10-20T03:39:53.27051256) [Dbg] [Sensors.cc:277] 2023-10-20T03:39:53.270634712023-10-20T03:39:53.27063471) (2023-10-20T03:39:53.27107684) Rendering Thread initialized
Initialization needed
(2023-10-20T03:39:53.32936853) (2023-10-20T03:39:53.32951330) [Wrn] [FuelClient.cc:1952] The fuel.ignitionrobotics.org URL is deprecrated. Pleasse change https://fuel.ignitionrobotics.org/1.0/openrobotics/models/prius hybrid/2/files/meshes/Hybrid.obj to https://fuel.gazebosim.org/1.0/openrobotics/models/prius hybrid/2/files/meshes/Hybrid.obj
(2023-10-20T03:39:53.33067832) (2023-10-20T03:39:53.33077874) [Wrn] [FuelClient.cc:1952] The fuel.ignitionrobotics.org URL is deprecrated. Pleasse change https://fuel.ignitionrobotics.org/1.0/openrobotics/models/prius hybrid/2/files/meshes/Hybrid.obj to https://fuel.gazebosim.org/1.0/openrobotics/models/prius hybrid/2/files/meshes/Hybrid.obj
(2023-10-20T03:39:53.44970186) (2023-10-20T03:39:53.44988961) [Wrn] [OBJLoader.cc:91] Both `d` and `Tr` parameters defined for "Hybrid". Use the value of `d` for dissolve (line 8 in .mtl.)
Both `d` and `Tr` parameters defined for "Wheels3". Use the value of `d` for dissolve (line 22 in .mtl.)
Both `d` and `Tr` parameters defined for "Hybrid_Interior". Use the value of `d` for dissolve (line 36 in .mtl.)
Both `d` and `Tr` parameters defined for "Windows". Use the value of `d` for dissolve (line 50 in .mtl.)

(2023-10-20T03:39:55.997016901) (2023-10-20T03:39:55.997036619) [Dbg] [CameraSensor.cc:458] Camera images for [prius_hybrid::chassis::back_camera_sensor] advertised on [back_camera]
(2023-10-20T03:39:55.997255245) (2023-10-20T03:39:55.997267458) [Dbg] [CameraSensor.cc:786] Camera info for [prius_hybrid::chassis::back_camera_sensor] advertised on [/camera_info]
(2023-10-20T03:39:55.997452425) (2023-10-20T03:39:55.997463464) [Wrn] [Ogre2Camera.cc:412] Ogre2Camera::SetVisibilityMask: Mask bits c0000000 are set but will be ignored as they conflict with the reserved bits used internally by the ogre2 backend.
(2023-10-20T03:39:55.997955454) (2023-10-20T03:39:55.997985024) [Dbg] [CameraSensor.cc:458] Camera images for [prius_hybrid::chassis::front_camera_sensor] advertised on [front_camera]
(2023-10-20T03:39:55.998097290) (2023-10-20T03:39:55.998114948) [Dbg] [CameraSensor.cc:786] Camera info for [prius_hybrid::chassis::front_camera_sensor] advertised on [/camera_info]
(2023-10-20T03:39:55.998184946) (2023-10-20T03:39:55.998194808) [Wrn] [Ogre2Camera.cc:412] Ogre2Camera::SetVisibilityMask: Mask bits c0000000 are set but will be ignored as they conflict with the reserved bits used internally by the ogre2 backend.
(2023-10-20T03:39:55.998502331) (2023-10-20T03:39:55.998519585) [Dbg] [CameraSensor.cc:458] Camera images for [prius_hybrid::chassis::left_camera_sensor] advertised on [left_camera]
(2023-10-20T03:39:55.998628240) (2023-10-20T03:39:55.998644535) [Dbg] [CameraSensor.cc:786] Camera info for [prius_hybrid::chassis::left_camera_sensor] advertised on [/camera_info]
(2023-10-20T03:39:55.998710252) (2023-10-20T03:39:55.998719800) [Wrn] [Ogre2Camera.cc:412] Ogre2Camera::SetVisibilityMask: Mask bits c0000000 are set but will be ignored as they conflict with the reserved bits used internally by the ogre2 backend.
(2023-10-20T03:39:55.998995007) (2023-10-20T03:39:55.999010728) [Dbg] [CameraSensor.cc:458] Camera images for [prius_hybrid::chassis::right_camera_sensor] advertised on [right_camera]
(2023-10-20T03:39:55.999116437) (2023-10-20T03:39:55.999133378) [Dbg] [CameraSensor.cc:786] Camera info for [prius_hybrid::chassis::right_camera_sensor] advertised on [/camera_info]
(2023-10-20T03:39:55.999196847) (2023-10-20T03:39:55.999206714) [Wrn] [Ogre2Camera.cc:412] Ogre2Camera::SetVisibilityMask: Mask bits c0000000 are set but will be ignored as they conflict with the reserved bits used internally by the ogre2 backend.
(2023-10-20T03:39:55.999585416) (2023-10-20T03:39:55.999599584) [Dbg] [CameraSensor.cc:458] Camera images for [x500_depth_0::OakD-Lite/base_link::IMX214] advertised on [camera]
(2023-10-20T03:39:55.999736623) (2023-10-20T03:39:55.999753464) [Dbg] [CameraSensor.cc:786] Camera info for [x500_depth_0::OakD-Lite/base_link::IMX214] advertised on [/camera_info]
(2023-10-20T03:39:55.999856256) (2023-10-20T03:39:55.999872637) [Wrn] [Ogre2Camera.cc:412] Ogre2Camera::SetVisibilityMask: Mask bits c0000000 are set but will be ignored as they conflict with the reserved bits used internally by the ogre2 backend.
(2023-10-20T03:39:56.382174) (2023-10-20T03:39:56.400693) [Dbg] [DepthCameraSensor.cc:282] Depth images for [x500_depth_0::OakD-Lite/base_link::StereoOV7251] advertised on [depth_camera]
(2023-10-20T03:39:56.533030) (2023-10-20T03:39:56.551161) [Dbg] [CameraSensor.cc:786] Camera info for [x500_depth_0::OakD-Lite/base_link::StereoOV7251] advertised on [/camera_info]
(2023-10-20T03:39:56.767476) (2023-10-20T03:39:56.785934) [Dbg] [DepthCameraSensor.cc:299] Points for [x500_depth_0::OakD-Lite/base_link::StereoOV7251] advertised on [depth_camera/points]
(2023-10-20T03:39:56.145151199) (2023-10-20T03:39:56.145170545) [Dbg] [CameraSensor.cc:583] Enabling camera sensor: 'x500_depth_0::OakD-Lite/base_link::IMX214' data generation.
(2023-10-20T03:58:45.49487191) (2023-10-20T03:58:45.49516404) [Dbg] [SignalHandler.cc:142] Received signal[2].
(2023-10-20T03:58:45.49553516) (2023-10-20T03:58:45.49566525) [Dbg] [ServerPrivate.cc:115] Server received signal[2]
(2023-10-20T03:58:45.49611659) (2023-10-20T03:58:45.49626743) [Dbg] [Sensors.cc:433] SensorsPrivate::Stop
(2023-10-20T03:58:45.153576804) (2023-10-20T03:58:45.153596505) [Dbg] [Sensors.cc:419] SensorsPrivate::RenderThread stopped
(2023-10-20T03:58:45.175769400) (2023-10-20T03:58:45.175789430) [Dbg] [gz.cc:417] Shutting down gz-sim-server
((((((((((2023-10-20T03:58:45.180405466(2023-10-20T03:58:45.180445863) () ) ) (2023-10-20T03:58:45.1804933462023-10-20T03:58:45.1805409062023-10-20T03:58:45.1804933462023-10-20T03:58:45.1805409062023-10-20T03:58:45.1804543562023-10-20T03:58:45.1804933462023-10-20T03:58:45.1805409062023-10-20T03:58:45.180454356) 2023-10-20T03:58:45.1804933462023-10-20T03:58:45.1805409062023-10-20T03:58:45.180454356) 2023-10-20T03:58:45.180448314) (2023-10-20T03:58:45.180599225) [Dbg] [SimulationRunner.cc:530] Exiting postupdate worker thread (3)
) [Dbg] [SimulationRunner.cc:530] Exiting postupdate worker thread (() ) (2023-10-20T03:58:45.180728885) ) 2023-10-20T03:58:45.180695275) 2)

[Dbg] [SimulationRunner.cc:530] [Dbg] [SimulationRunner.cc:530] Exiting postupdate worker thread (0Exiting postupdate worker thread (1)
0)
Exiting postupdate worker thread (4)
[Dbg] [SimulationRunner.cc:530] Exiting postupdate worker thread (5)

(2023-10-20T03:58:45.232821151) (2023-10-20T03:58:45.232849155) [Dbg] [Sensors.cc:433] SensorsPrivate::Stop
