(2023-10-12T19:36:40.783597675) (2023-10-12T19:36:40.783628680) [Msg] Gazebo Sim Server v7.6.0
(2023-10-12T19:36:40.792976956) (2023-10-12T19:36:40.793002396) [Msg] Loading SDF world file[/home/bassam/ros2_ws/install/ardupilot_gz_gazebo/share/ardupilot_gz_gazebo/worlds/iris_runway.sdf].
(2023-10-12T19:36:41.218723226) (2023-10-12T19:36:41.218752088) [Msg] Serving entity system service on [/entity/system/add]
(2023-10-12T19:36:41.492083532) (2023-10-12T19:36:41.492109066) [Dbg] [Physics.cc:880] Loaded [gz::physics::dartsim::Plugin] from library [/usr/lib/x86_64-linux-gnu/gz-physics-6/engine-plugins/libgz-physics-dartsim-plugin.so]
(2023-10-12T19:36:41.492247689) (2023-10-12T19:36:41.492263588) [Dbg] [SystemManager.cc:74] Loaded system [gz::sim::systems::Physics] for entity [1]
(2023-10-12T19:36:41.528090188) (2023-10-12T19:36:41.528117256) [Dbg] [Sensors.cc:506] Configuring Sensors system
(2023-10-12T19:36:41.528299420) (2023-10-12T19:36:41.528317329) [Dbg] [Sensors.cc:425] SensorsPrivate::Run
(2023-10-12T19:36:41.528467037) (2023-10-12T19:36:41.528484461) [Dbg] [SystemManager.cc:74] Loaded system [gz::sim::systems::Sensors] for entity [1]
(2023-10-12T19:36:41.534518174) (2023-10-12T19:36:41.534545814) [Dbg] [Sensors.cc:402] SensorsPrivate::RenderThread started
(2023-10-12T19:36:41.534603364) (2023-10-12T19:36:41.534617984) [Dbg] [Sensors.cc:245] Waiting for init
(2023-10-12T19:36:41.536993894) (2023-10-12T19:36:41.537018690) [Msg] Create service on [/world/map/create]
(2023-10-12T19:36:41.537415359) (2023-10-12T19:36:41.537434709) [Msg] Remove service on [/world/map/remove]
(2023-10-12T19:36:41.537760131) (2023-10-12T19:36:41.537778622) [Msg] Pose service on [/world/map/set_pose]
(2023-10-12T19:36:41.538080980) (2023-10-12T19:36:41.538099014) [Msg] Pose service on [/world/map/set_pose_vector]
(2023-10-12T19:36:41.538539698) (2023-10-12T19:36:41.538559030) [Msg] Light configuration service on [/world/map/light_config]
(2023-10-12T19:36:41.539142536) (2023-10-12T19:36:41.539162086) [Msg] Physics service on [/world/map/set_physics]
(2023-10-12T19:36:41.539553451) (2023-10-12T19:36:41.539572828) [Msg] SphericalCoordinates service on [/world/map/set_spherical_coordinates]
(2023-10-12T19:36:41.539817464) (2023-10-12T19:36:41.539835397) [Msg] Enable collision service on [/world/map/enable_collision]
(2023-10-12T19:36:41.540080044) (2023-10-12T19:36:41.540097296) [Msg] Disable collision service on [/world/map/disable_collision]
(2023-10-12T19:36:41.540531953) (2023-10-12T19:36:41.540550072) [Msg] Material service on [/world/map/visual_config]
(2023-10-12T19:36:41.540881984) (2023-10-12T19:36:41.540900653) [Msg] Material service on [/world/map/wheel_slip]
(2023-10-12T19:36:41.540993221) (2023-10-12T19:36:41.541007873) [Dbg] [SystemManager.cc:74] Loaded system [gz::sim::systems::UserCommands] for entity [1]
(2023-10-12T19:36:41.543565514) (2023-10-12T19:36:41.543582916) [Dbg] [SystemManager.cc:74] Loaded system [gz::sim::systems::SceneBroadcaster] for entity [1]
(2023-10-12T19:36:41.545411114) (2023-10-12T19:36:41.545427166) [Dbg] [SystemManager.cc:74] Loaded system [gz::sim::systems::AirPressure] for entity [1]
(2023-10-12T19:36:41.547148299) (2023-10-12T19:36:41.547163639) [Dbg] [SystemManager.cc:74] Loaded system [gz::sim::systems::AirSpeed] for entity [1]
(2023-10-12T19:36:41.548893950) (2023-10-12T19:36:41.548909528) [Dbg] [SystemManager.cc:74] Loaded system [gz::sim::systems::Altimeter] for entity [1]
(2023-10-12T19:36:41.551095929) (2023-10-12T19:36:41.551114834) [Dbg] [SystemManager.cc:74] Loaded system [gz::sim::systems::Imu] for entity [1]
(2023-10-12T19:36:41.552893907) (2023-10-12T19:36:41.552909802) [Dbg] [SystemManager.cc:74] Loaded system [gz::sim::systems::Magnetometer] for entity [1]
(2023-10-12T19:36:41.554632645) (2023-10-12T19:36:41.554647414) [Dbg] [SystemManager.cc:74] Loaded system [gz::sim::systems::NavSat] for entity [1]
(2023-10-12T19:36:41.574967857) (2023-10-12T19:36:41.574994508) [Dbg] [SystemManager.cc:74] Loaded system [gz::sim::systems::JointStatePublisher] for entity [9]
(2023-10-12T19:36:41.577706183) (2023-10-12T19:36:41.577747210) [Msg] OdometryPublisher publishing odometry on [/model/iris/odometry]
(2023-10-12T19:36:41.578011613) (2023-10-12T19:36:41.578031965) [Msg] OdometryPublisher publishing odometry with covariance on [/model/iris/odometry_with_covariance]
(2023-10-12T19:36:41.578224138) (2023-10-12T19:36:41.578243637) [Msg] OdometryPublisher publishing Pose_V (TF) on [/model/iris/pose]
(2023-10-12T19:36:41.578312383) (2023-10-12T19:36:41.578327503) [Dbg] [SystemManager.cc:74] Loaded system [gz::sim::systems::OdometryPublisher] for entity [9]
(2023-10-12T19:36:41.580815373) (2023-10-12T19:36:41.580842863) [Dbg] [SystemManager.cc:74] Loaded system [gz::sim::systems::LiftDrag] for entity [9]
(2023-10-12T19:36:41.581568599) (2023-10-12T19:36:41.581582867) [Dbg] [SystemManager.cc:74] Loaded system [gz::sim::systems::LiftDrag] for entity [9]
(2023-10-12T19:36:41.582026794) (2023-10-12T19:36:41.582038665) [Dbg] [SystemManager.cc:74] Loaded system [gz::sim::systems::LiftDrag] for entity [9]
(2023-10-12T19:36:41.582445416) (2023-10-12T19:36:41.582457190) [Dbg] [SystemManager.cc:74] Loaded system [gz::sim::systems::LiftDrag] for entity [9]
(2023-10-12T19:36:41.582939316) (2023-10-12T19:36:41.582951284) [Dbg] [SystemManager.cc:74] Loaded system [gz::sim::systems::LiftDrag] for entity [9]
(2023-10-12T19:36:41.583386946) (2023-10-12T19:36:41.583401250) [Dbg] [SystemManager.cc:74] Loaded system [gz::sim::systems::LiftDrag] for entity [9]
(2023-10-12T19:36:41.583896628) (2023-10-12T19:36:41.583909969) [Dbg] [SystemManager.cc:74] Loaded system [gz::sim::systems::LiftDrag] for entity [9]
(2023-10-12T19:36:41.584327055) (2023-10-12T19:36:41.584339238) [Dbg] [SystemManager.cc:74] Loaded system [gz::sim::systems::LiftDrag] for entity [9]
(2023-10-12T19:36:41.586267671) (2023-10-12T19:36:41.586286308) [Msg] ApplyJointForce subscribing to Double messages on [/model/iris/joint/rotor_0_joint/cmd_force]
(2023-10-12T19:36:41.586344696) (2023-10-12T19:36:41.586354135) [Dbg] [SystemManager.cc:74] Loaded system [gz::sim::systems::ApplyJointForce] for entity [9]
(2023-10-12T19:36:41.586891185) (2023-10-12T19:36:41.586904060) [Msg] ApplyJointForce subscribing to Double messages on [/model/iris/joint/rotor_1_joint/cmd_force]
(2023-10-12T19:36:41.586951495) (2023-10-12T19:36:41.586960450) [Dbg] [SystemManager.cc:74] Loaded system [gz::sim::systems::ApplyJointForce] for entity [9]
(2023-10-12T19:36:41.587437011) (2023-10-12T19:36:41.587449593) [Msg] ApplyJointForce subscribing to Double messages on [/model/iris/joint/rotor_2_joint/cmd_force]
(2023-10-12T19:36:41.587494823) (2023-10-12T19:36:41.587503730) [Dbg] [SystemManager.cc:74] Loaded system [gz::sim::systems::ApplyJointForce] for entity [9]
(2023-10-12T19:36:41.588035341) (2023-10-12T19:36:41.588055074) [Msg] ApplyJointForce subscribing to Double messages on [/model/iris/joint/rotor_3_joint/cmd_force]
(2023-10-12T19:36:41.588108880) (2023-10-12T19:36:41.588118249) [Dbg] [SystemManager.cc:74] Loaded system [gz::sim::systems::ApplyJointForce] for entity [9]
(2023-10-12T19:36:41.589856818) (2023-10-12T19:36:41.589874648) [Msg] JointPositionController subscribing to Double messages on [/gimbal/cmd_roll]
(2023-10-12T19:36:41.589922947) (2023-10-12T19:36:41.589931783) [Dbg] [JointPositionController.cc:302] [JointPositionController] system parameters:
(2023-10-12T19:36:41.589957610) (2023-10-12T19:36:41.589965618) [Dbg] [JointPositionController.cc:303] p_gain: [2]
(2023-10-12T19:36:41.590013895) (2023-10-12T19:36:41.590022951) [Dbg] [JointPositionController.cc:304] i_gain: [0.1]
(2023-10-12T19:36:41.590057523) (2023-10-12T19:36:41.590065660) [Dbg] [JointPositionController.cc:305] d_gain: [0.01]
(2023-10-12T19:36:41.590098526) (2023-10-12T19:36:41.590106876) [Dbg] [JointPositionController.cc:306] i_max: [1]
(2023-10-12T19:36:41.590139109) (2023-10-12T19:36:41.590147474) [Dbg] [JointPositionController.cc:307] i_min: [-1]
(2023-10-12T19:36:41.590179272) (2023-10-12T19:36:41.590187431) [Dbg] [JointPositionController.cc:308] cmd_max: [1000]
(2023-10-12T19:36:41.590220600) (2023-10-12T19:36:41.590229028) [Dbg] [JointPositionController.cc:309] cmd_min: [-1000]
(2023-10-12T19:36:41.590276844) (2023-10-12T19:36:41.590285647) [Dbg] [JointPositionController.cc:310] cmd_offset: [0]
(2023-10-12T19:36:41.590326390) (2023-10-12T19:36:41.590335162) [Dbg] [JointPositionController.cc:311] Topic: [/gimbal/cmd_roll]
(2023-10-12T19:36:41.590366840) (2023-10-12T19:36:41.590375104) [Dbg] [JointPositionController.cc:312] initial_position: [0]
(2023-10-12T19:36:41.590415302) (2023-10-12T19:36:41.590423632) [Dbg] [SystemManager.cc:74] Loaded system [gz::sim::systems::JointPositionController] for entity [9]
(2023-10-12T19:36:41.591201082) (2023-10-12T19:36:41.591221655) [Msg] JointPositionController subscribing to Double messages on [/gimbal/cmd_tilt]
(2023-10-12T19:36:41.591285098) (2023-10-12T19:36:41.591299562) [Dbg] [JointPositionController.cc:302] [JointPositionController] system parameters:
(2023-10-12T19:36:41.591340974) (2023-10-12T19:36:41.591354959) [Dbg] [JointPositionController.cc:303] p_gain: [2]
(2023-10-12T19:36:41.591412238) (2023-10-12T19:36:41.591426903) [Dbg] [JointPositionController.cc:304] i_gain: [0.1]
(2023-10-12T19:36:41.591489260) (2023-10-12T19:36:41.591499239) [Dbg] [JointPositionController.cc:305] d_gain: [0.01]
(2023-10-12T19:36:41.591533566) (2023-10-12T19:36:41.591541718) [Dbg] [JointPositionController.cc:306] i_max: [1]
(2023-10-12T19:36:41.591585075) (2023-10-12T19:36:41.591598188) [Dbg] [JointPositionController.cc:307] i_min: [-1]
(2023-10-12T19:36:41.591652090) (2023-10-12T19:36:41.591666870) [Dbg] [JointPositionController.cc:308] cmd_max: [1000]
(2023-10-12T19:36:41.591702348) (2023-10-12T19:36:41.591713065) [Dbg] [JointPositionController.cc:309] cmd_min: [-1000]
(2023-10-12T19:36:41.591762749) (2023-10-12T19:36:41.591771942) [Dbg] [JointPositionController.cc:310] cmd_offset: [0]
(2023-10-12T19:36:41.591804220) (2023-10-12T19:36:41.591812300) [Dbg] [JointPositionController.cc:311] Topic: [/gimbal/cmd_tilt]
(2023-10-12T19:36:41.591843132) (2023-10-12T19:36:41.591851380) [Dbg] [JointPositionController.cc:312] initial_position: [0]
(2023-10-12T19:36:41.591890891) (2023-10-12T19:36:41.591899394) [Dbg] [SystemManager.cc:74] Loaded system [gz::sim::systems::JointPositionController] for entity [9]
(2023-10-12T19:36:41.594009063) (2023-10-12T19:36:41.594025863) [Msg] LinearBatteryPlugin configured. Battery name: lipo_3500mAh
(2023-10-12T19:36:41.594070012) (2023-10-12T19:36:41.594078484) [Dbg] [LinearBatteryPlugin.cc:405] Battery initial voltage: 12.6
(2023-10-12T19:36:41.594465575) (2023-10-12T19:36:41.594479839) [Dbg] [SystemManager.cc:74] Loaded system [gz::sim::systems::LinearBatteryPlugin] for entity [9]
(2023-10-12T19:36:41.605636833) (2023-10-12T19:36:41.605662544) [Msg] [iris] Advertising on /gimbal/cmd_roll.
(2023-10-12T19:36:41.606219786) (2023-10-12T19:36:41.606240028) [Msg] [iris] Advertising on /gimbal/cmd_tilt.
(2023-10-12T19:36:41.606795270) [iris] flight dynamics model @ 127.0.0.1:9002
(2023-10-12T19:36:41.607089916) [iris] ArduPilot ready to fly. The force will be with you
(2023-10-12T19:36:41.607179635) (2023-10-12T19:36:41.607189505) [Dbg] [SystemManager.cc:74] Loaded system [ArduPilotPlugin] for entity [9]
(2023-10-12T19:36:41.608914497) (2023-10-12T19:36:41.608928043) [Msg] Loaded level [3]
(2023-10-12T19:36:41.616552255) (2023-10-12T19:36:41.616571069) [Msg] Serving world controls on [/world/map/control], [/world/map/control/state] and [/world/map/playback/control]
(2023-10-12T19:36:41.616759798) (2023-10-12T19:36:41.616772140) [Msg] Serving GUI information on [/world/map/gui/info]
(2023-10-12T19:36:41.616829943) (2023-10-12T19:36:41.616839312) [Msg] World [map] initialized with [1ms] physics profile.
(2023-10-12T19:36:41.617155689) (2023-10-12T19:36:41.617174699) [Msg] Serving world SDF generation service on [/world/map/generate_world_sdf]
(2023-10-12T19:36:41.617366637) (2023-10-12T19:36:41.617382704) [Msg] Serving world names on [/gazebo/worlds]
(2023-10-12T19:36:41.617588305) (2023-10-12T19:36:41.617601071) [Msg] Resource path add service on [/gazebo/resource_paths/add].
(2023-10-12T19:36:41.718083405) (2023-10-12T19:36:41.718118756) [Msg] Resource path get service on [/gazebo/resource_paths/get].
(2023-10-12T19:36:41.718296772) (2023-10-12T19:36:41.718313302) [Msg] Resource path resolve service on [/gazebo/resource_paths/resolve].
(2023-10-12T19:36:41.718473928) (2023-10-12T19:36:41.718491077) [Msg] Resource paths published on [/gazebo/resource_paths].
(2023-10-12T19:36:41.718716345) (2023-10-12T19:36:41.718733703) [Msg] Server control service on [/server_control].
(2023-10-12T19:36:42.788926129) (2023-10-12T19:36:42.788954032) [Msg] Found no publishers on /stats, adding root stats topic
(2023-10-12T19:36:42.789283205) (2023-10-12T19:36:42.789297427) [Msg] Found no publishers on /clock, adding root clock topic
(2023-10-12T19:36:42.789762182) (2023-10-12T19:36:42.789775845) [Dbg] [SimulationRunner.cc:503] Creating PostUpdate worker threads: 13
(2023-10-12T19:36:42.789815581) (2023-10-12T19:36:42.789824054) [Dbg] [SimulationRunner.cc:514] Creating postupdate worker thread (0)
(2023-10-12T19:36:42.789940974) (2023-10-12T19:36:42.789951918) [Dbg] [SimulationRunner.cc:514] Creating postupdate worker thread (1)
(2023-10-12T19:36:42.790075708) (2023-10-12T19:36:42.790093062) [Dbg] [SimulationRunner.cc:514] Creating postupdate worker thread (2)
(2023-10-12T19:36:42.790198727) (2023-10-12T19:36:42.790210106) [Dbg] [SimulationRunner.cc:514] Creating postupdate worker thread (3)
(2023-10-12T19:36:42.790322578) (2023-10-12T19:36:42.790334604) [Dbg] [SimulationRunner.cc:514] Creating postupdate worker thread (4)
(2023-10-12T19:36:42.790410969) (2023-10-12T19:36:42.790421149) [Dbg] [SimulationRunner.cc:514] Creating postupdate worker thread (5)
(2023-10-12T19:36:42.790526017) (2023-10-12T19:36:42.790543794) [Dbg] [SimulationRunner.cc:514] Creating postupdate worker thread (6)
(2023-10-12T19:36:42.790643897) (2023-10-12T19:36:42.790655037) [Dbg] [SimulationRunner.cc:514] Creating postupdate worker thread (7)
(2023-10-12T19:36:42.790772035) (2023-10-12T19:36:42.790789551) [Dbg] [SimulationRunner.cc:514] Creating postupdate worker thread (8)
(2023-10-12T19:36:42.790892886) (2023-10-12T19:36:42.790904549) [Dbg] [SimulationRunner.cc:514] Creating postupdate worker thread (9)
(2023-10-12T19:36:42.790999512) (2023-10-12T19:36:42.791010691) [Dbg] [SimulationRunner.cc:514] Creating postupdate worker thread (10)
(2023-10-12T19:36:42.791120472) (2023-10-12T19:36:42.791138419) [Dbg] [SimulationRunner.cc:514] Creating postupdate worker thread (11)
(2023-10-12T19:36:42.792700049) (2023-10-12T19:36:42.792713801) [Dbg] [JointPositionController.cc:361] Identified joint [roll_joint] as Entity [53]
(2023-10-12T19:36:42.792788419) (2023-10-12T19:36:42.792797356) [Dbg] [JointPositionController.cc:361] Identified joint [tilt_joint] as Entity [54]
(2023-10-12T19:36:42.792933605) (2023-10-12T19:36:42.792943909) [Msg] Found IMU sensor with name [imu_link::imu_sensor]
(2023-10-12T19:36:42.792999066) (2023-10-12T19:36:42.793007909) [Dbg] [ArduPilotPlugin.cc:1154] Computed IMU topic to be: world/map/model/iris/link/imu_link/sensor/imu_sensor/imu
(2023-10-12T19:36:42.799034187) (2023-10-12T19:36:42.799052455) [Dbg] [SDFFeatures.cc:328] Mesh construction from an SDF has not been implemented yet for dartsim. Use AttachMeshShapeFeature to use mesh shapes.
(2023-10-12T19:36:42.799086919) (2023-10-12T19:36:42.799095871) [Err] [SDFFeatures.cc:843] The geometry element of collision [roll_col] couldn't be created
(2023-10-12T19:36:42.799229211) (2023-10-12T19:36:42.799240481) [Dbg] [SDFFeatures.cc:328] Mesh construction from an SDF has not been implemented yet for dartsim. Use AttachMeshShapeFeature to use mesh shapes.
(2023-10-12T19:36:42.799266743) (2023-10-12T19:36:42.799275114) [Err] [SDFFeatures.cc:843] The geometry element of collision [tilt_col] couldn't be created
(2023-10-12T19:36:43.522478117) (2023-10-12T19:36:43.522534536) [Dbg] [Sensors.cc:659] Initialization needed
(2023-10-12T19:36:43.522947285) (2023-10-12T19:36:43.522969944) [Dbg] [Sensors.cc:257] Initializing render context
(2023-10-12T19:36:43.523177944) (2023-10-12T19:36:43.523196906) [Msg] Loading plugin [gz-rendering-ogre2]
(2023-10-12T19:36:43.523525749) (2023-10-12T19:36:43.523550332) [Dbg] [AltimeterSensor.cc:114] Altimeter data for [iris::base_link::altimeter_sensor] advertised on [world/map/model/iris/link/base_link/sensor/altimeter_sensor/altimeter]
(2023-10-12T19:36:43.524501663) (2023-10-12T19:36:43.524524672) [Dbg] [MagnetometerSensor.cc:117] Magnetometer data for [iris::base_link::magnetometer_sensor] advertised on [world/map/model/iris/link/base_link/sensor/magnetometer_sensor/magnetometer]((2023-10-12T19:36:43.524641826) (2023-10-12T19:36:43.524668514) 
[Dbg] [AirPressureSensor.cc:126] (Air pressure for [2023-10-12T19:36:43.524745227) iris::base_link::air_pressure_sensor] advertised on [world/map/model/iris/link/base_link/sensor/air_pressure_sensor/air_pressure]
2023-10-12T19:36:43.524830321) [Dbg] [AirSpeedSensor.cc:125] Air speed for [iris::base_link::air_speed_sensor] advertised on [world/map/model/iris/link/base_link/sensor/air_speed_sensor/air_speed]
(2023-10-12T19:36:43.525410417) (2023-10-12T19:36:43.525433893) [Msg] Serving scene information on [/world/map/scene/info]
(2023-10-12T19:36:43.525649564) (2023-10-12T19:36:43.525670693) [Dbg] [ImuSensor.cc:149] IMU data for [iris::imu_link::imu_sensor] advertised on [world/map/model/iris/link/imu_link/sensor/imu_sensor/imu]
(2023-10-12T19:36:43.526053185) (2023-10-12T19:36:43.526074760) [Msg] Serving graph information on [/world/map/scene/graph]
(2023-10-12T19:36:43.526683233) (2023-10-12T19:36:43.526705478) [Msg] Serving full state on [/world/map/state]
(2023-10-12T19:36:43.526906995) (2023-10-12T19:36:43.526925767) [Msg] Serving full state (async) on [/world/map/state_async]
(2023-10-12T19:36:43.527153700) (2023-10-12T19:36:43.527171952) [Msg] Publishing scene information on [/world/map/scene/info]
(2023-10-12T19:36:43.527744808) (2023-10-12T19:36:43.527764258) [Msg] Publishing entity deletions on [/world/map/scene/deletion]
(2023-10-12T19:36:43.527912195) (2023-10-12T19:36:43.527931524) [Msg] Publishing state changes on [/world/map/state]
(2023-10-12T19:36:43.528172107) (2023-10-12T19:36:43.528190732) [Msg] Publishing pose messages on [/world/map/pose/info]
(2023-10-12T19:36:43.528346705) (2023-10-12T19:36:43.528364837) [Msg] Publishing dynamic pose messages on [/world/map/dynamic_pose/info]
(2023-10-12T19:36:43.528948563) (2023-10-12T19:36:43.528967741) [Dbg] [EntityComponentManager.cc:1655] Updated state thread iterators: 8 threads processing around 8 entities each.
(2023-10-12T19:36:43.551396900) (2023-10-12T19:36:43.551423207) [Wrn] [Component.hh:144] (2023-10-12T19:36:43.551482971) (2023-10-12T19:36:43.551507155) Trying to serialize component with data type [St6vectorIdSaIdEE[Wrn] [Model.hh:69] ], which doesn't have Skipping serialization / deserialization for models with //pose/@relative_to attribute.[Wrn] [Model.hh:69] ], which doesn't have 

(2023-10-12T19:36:43.551955349) (2023-10-12T19:36:43.551984054) [Wrn] [Component.hh:144] Trying to serialize component with data type [N3sdf3v135WorldE], which doesn't have `operator<<`. Component will not be serialized.
(2023-10-12T19:36:43.555405726) [iris] Connected to ArduPilot controller @ 127.0.0.1:52601
(2023-10-12T19:36:43.555468182) (2023-10-12T19:36:43.555484833) [Wrn] [ArduPilotPlugin.cc:1583] ArduPilot controller has reset
(2023-10-12T19:36:43.556506179) (2023-10-12T19:36:43.556528615) [Dbg] [LinearBatteryPlugin.cc:574] [Battery Plugin] Battery drain: 0 minutes passed.
(2023-10-12T19:36:43.944733896) (2023-10-12T19:36:43.944745965) [Dbg] [RenderUtil.cc:2720] Create scene [scene]
((2023-10-12T19:36:44.44062154) (2023-10-12T19:36:44.44085737) 2023-10-12T19:36:44.44034218) ([Dbg] [Sensors.cc:659] 2023-10-12T19:36:44.44113152) Initialization needed
[Dbg] [Sensors.cc:277] Rendering Thread initialized
(2023-10-12T19:36:44.46262897) (2023-10-12T19:36:44.46284419) [Wrn] [ArduPilotPlugin.cc:1436] [iris] Drained n packets: 1
(2023-10-12T19:36:47.153678747) (2023-10-12T19:36:47.153703541) [Dbg] [CameraSensor.cc:458] Camera images for [iris::tilt_link::camera] advertised on [world/map/model/iris/link/tilt_link/sensor/camera/image]
(2023-10-12T19:36:47.154091964) (2023-10-12T19:36:47.154110364) [Dbg] [CameraSensor.cc:786] Camera info for [iris::tilt_link::camera] advertised on [/world/map/model/iris/link/tilt_link/sensor/camera/camera_info]
(2023-10-12T19:36:47.154571511) (2023-10-12T19:36:47.154582339) [Wrn] [Ogre2Camera.cc:412] Ogre2Camera::SetVisibilityMask: Mask bits c0000000 are set but will be ignored as they conflict with the reserved bits used internally by the ogre2 backend.
(2023-10-12T19:36:47.369375348) (2023-10-12T19:36:47.369392174) [Dbg] [CameraSensor.cc:583] Enabling camera sensor: 'iris::tilt_link::camera' data generation.
(2023-10-12T19:36:47.713547405) (2023-10-12T19:36:47.713601549) [Wrn] [ArduPilotPlugin.cc:1436] [iris] Drained n packets: 3
(2023-10-12T19:39:25.777836501) (2023-10-12T19:39:25.777857548) [Dbg] [LinearBatteryPlugin.cc:574] [Battery Plugin] Battery drain: 1 minutes passed.
(2023-10-12T19:39:35.731622624) (2023-10-12T19:39:35.731655349) [Wrn] [ArduPilotPlugin.cc:1583] ArduPilot controller has reset
(2023-10-12T19:39:53.348627340) (2023-10-12T19:39:53.348667507) [Dbg] [LinearBatteryPlugin.cc:710] Battery: lipo_3500mAh
(2023-10-12T19:39:53.348776800) (2023-10-12T19:39:53.348790465) [Dbg] [LinearBatteryPlugin.cc:711] PowerLoads().size(): 1
(2023-10-12T19:39:53.348847624) (2023-10-12T19:39:53.348863927) [Dbg] [LinearBatteryPlugin.cc:713] charging status: false
(2023-10-12T19:39:53.348926068) (2023-10-12T19:39:53.348941649) [Dbg] [LinearBatteryPlugin.cc:715] charging current: inf
(2023-10-12T19:39:53.349021320) (2023-10-12T19:39:53.349036259) [Dbg] [LinearBatteryPlugin.cc:716] voltage: 12.357
(2023-10-12T19:39:53.349115542) (2023-10-12T19:39:53.349173111) [Dbg] [LinearBatteryPlugin.cc:717] state of charge: 0.909999 (q 3.185)

(2023-10-12T19:42:06.19663222) (2023-10-12T19:42:06.19741679) [Dbg] [LinearBatteryPlugin.cc:574] [Battery Plugin] Battery drain: 2 minutes passed.
(2023-10-12T19:42:25.900864244) (2023-10-12T19:42:25.900889201) [Wrn] [ArduPilotPlugin.cc:1583] ArduPilot controller has reset
(2023-10-12T19:42:51.747110623) (2023-10-12T19:42:51.747129035) [Dbg] [LinearBatteryPlugin.cc:710] Battery: lipo_3500mAh
(2023-10-12T19:42:51.747171133) (2023-10-12T19:42:51.747180209) [Dbg] [LinearBatteryPlugin.cc:711] PowerLoads().size(): 1
(2023-10-12T19:42:51.747209548) (2023-10-12T19:42:51.747218059) [Dbg] [LinearBatteryPlugin.cc:713] charging status: false
(2023-10-12T19:42:51.747246528) (2023-10-12T19:42:51.747254814) [Dbg] [LinearBatteryPlugin.cc:715] charging current: inf
(2023-10-12T19:42:51.747286513) (2023-10-12T19:42:51.747294694) [Dbg] [LinearBatteryPlugin.cc:716] voltage: 12.087
(2023-10-12T19:42:51.747327054) (2023-10-12T19:42:51.747335529) [Dbg] [LinearBatteryPlugin.cc:717] state of charge: 0.81 (q 2.835)

(2023-10-12T19:44:01.866547068) (2023-10-12T19:44:01.866575927) [Dbg] [LinearBatteryPlugin.cc:574] [Battery Plugin] Battery drain: 3 minutes passed.
(2023-10-12T19:44:49.435055667) (2023-10-12T19:44:49.435084602) [Wrn] [ArduPilotPlugin.cc:1583] ArduPilot controller has reset
(2023-10-12T19:46:09.261494127) (2023-10-12T19:46:09.261516440) [Dbg] [LinearBatteryPlugin.cc:710] Battery: lipo_3500mAh
(2023-10-12T19:46:09.261568631) (2023-10-12T19:46:09.261578419) [Dbg] [LinearBatteryPlugin.cc:711] PowerLoads().size(): 1
(2023-10-12T19:46:09.261609345) (2023-10-12T19:46:09.261618711) [Dbg] [LinearBatteryPlugin.cc:713] charging status: false
(2023-10-12T19:46:09.261652644) (2023-10-12T19:46:09.261668448) [Dbg] [LinearBatteryPlugin.cc:715] charging current: inf
(2023-10-12T19:46:09.261722506) (2023-10-12T19:46:09.261731618) [Dbg] [LinearBatteryPlugin.cc:716] voltage: 11.817
(2023-10-12T19:46:09.261770821) (2023-10-12T19:46:09.261780066) [Dbg] [LinearBatteryPlugin.cc:717] state of charge: 0.71 (q 2.485)

(2023-10-12T19:46:38.370057014) (2023-10-12T19:46:38.370083067) [Dbg] [LinearBatteryPlugin.cc:574] [Battery Plugin] Battery drain: 4 minutes passed.
(2023-10-12T19:47:10.469653783) (2023-10-12T19:47:10.469679127) [Wrn] [ArduPilotPlugin.cc:1583] ArduPilot controller has reset
(2023-10-12T19:48:02.319346095) (2023-10-12T19:48:02.319364405) [Dbg] [LinearBatteryPlugin.cc:710] Battery: lipo_3500mAh
(2023-10-12T19:48:02.319405665) (2023-10-12T19:48:02.319414781) [Dbg] [LinearBatteryPlugin.cc:711] PowerLoads().size(): 1
(2023-10-12T19:48:02.319443493) (2023-10-12T19:48:02.319451984) [Dbg] [LinearBatteryPlugin.cc:713] charging status: false
(2023-10-12T19:48:02.319480848) (2023-10-12T19:48:02.319488905) [Dbg] [LinearBatteryPlugin.cc:715] charging current: inf
(2023-10-12T19:48:02.319520578) (2023-10-12T19:48:02.319528725) [Dbg] [LinearBatteryPlugin.cc:716] voltage: 11.547
(2023-10-12T19:48:02.319561425) (2023-10-12T19:48:02.319570055) [Dbg] [LinearBatteryPlugin.cc:717] state of charge: 0.61 (q 2.135)

(2023-10-12T19:48:05.673437566) (2023-10-12T19:48:05.673458006) [Dbg] [LinearBatteryPlugin.cc:574] [Battery Plugin] Battery drain: 5 minutes passed.
(2023-10-12T19:48:45.775398863) (2023-10-12T19:48:45.775424890) [Wrn] [ArduPilotPlugin.cc:1583] ArduPilot controller has reset
(2023-10-12T19:49:32.805842119) (2023-10-12T19:49:32.805867978) [Dbg] [LinearBatteryPlugin.cc:574] [Battery Plugin] Battery drain: 6 minutes passed.
(2023-10-12T19:49:46.622963766) (2023-10-12T19:49:46.622982821) [Dbg] [LinearBatteryPlugin.cc:710] Battery: lipo_3500mAh
(2023-10-12T19:49:46.623022151) (2023-10-12T19:49:46.623031072) [Dbg] [LinearBatteryPlugin.cc:711] PowerLoads().size(): 1
(2023-10-12T19:49:46.623059897) (2023-10-12T19:49:46.623067964) [Dbg] [LinearBatteryPlugin.cc:713] charging status: false
(2023-10-12T19:49:46.623101886) (2023-10-12T19:49:46.623110304) [Dbg] [LinearBatteryPlugin.cc:715] charging current: inf
(2023-10-12T19:49:46.623140665) (2023-10-12T19:49:46.623149126) [Dbg] [LinearBatteryPlugin.cc:716] voltage: 11.277
(2023-10-12T19:49:46.623180107) (2023-10-12T19:49:46.623188428) [Dbg] [LinearBatteryPlugin.cc:717] state of charge: 0.51 (q 1.785)

(2023-10-12T19:50:21.181194426) (2023-10-12T19:50:21.181221834) [Wrn] [ArduPilotPlugin.cc:1583] ArduPilot controller has reset
(2023-10-12T19:50:59.833696259) (2023-10-12T19:50:59.833714374) [Dbg] [LinearBatteryPlugin.cc:574] [Battery Plugin] Battery drain: 7 minutes passed.
(2023-10-12T19:51:29.140960598) (2023-10-12T19:51:29.140988873) [Dbg] [LinearBatteryPlugin.cc:710] Battery: lipo_3500mAh
(2023-10-12T19:51:29.141060756) (2023-10-12T19:51:29.141075468) [Dbg] [LinearBatteryPlugin.cc:711] PowerLoads().size(): 1
(2023-10-12T19:51:29.141143654) (2023-10-12T19:51:29.141161342) [Dbg] [LinearBatteryPlugin.cc:713] charging status: false
(2023-10-12T19:51:29.141212696) (2023-10-12T19:51:29.141229214) [Dbg] [LinearBatteryPlugin.cc:715] charging current: inf
(2023-10-12T19:51:29.141284588) (2023-10-12T19:51:29.141299001) [Dbg] [LinearBatteryPlugin.cc:716] voltage: 11.007
(2023-10-12T19:51:29.141357565) (2023-10-12T19:51:29.141371835) [Dbg] [LinearBatteryPlugin.cc:717] state of charge: 0.41 (q 1.435)

(2023-10-12T19:51:56.720866627) (2023-10-12T19:51:56.720885478) [Wrn] [ArduPilotPlugin.cc:1583] ArduPilot controller has reset
(2023-10-12T19:52:27.314159019) (2023-10-12T19:52:27.314177672) [Dbg] [LinearBatteryPlugin.cc:574] [Battery Plugin] Battery drain: 8 minutes passed.
(2023-10-12T19:53:08.339992835) (2023-10-12T19:53:08.340017724) [Dbg] [LinearBatteryPlugin.cc:710] Battery: lipo_3500mAh
(2023-10-12T19:53:08.340078657) (2023-10-12T19:53:08.340091764) [Dbg] [LinearBatteryPlugin.cc:711] PowerLoads().size(): 1
(2023-10-12T19:53:08.340137556) (2023-10-12T19:53:08.340150181) [Dbg] [LinearBatteryPlugin.cc:713] charging status: false
(2023-10-12T19:53:08.340196052) (2023-10-12T19:53:08.340209457) [Dbg] [LinearBatteryPlugin.cc:715] charging current: inf
(2023-10-12T19:53:08.340257679) (2023-10-12T19:53:08.340270865) [Dbg] [LinearBatteryPlugin.cc:716] voltage: 10.737
(2023-10-12T19:53:08.340322349) (2023-10-12T19:53:08.340335102) [Dbg] [LinearBatteryPlugin.cc:717] state of charge: 0.309999 (q 1.085)

(2023-10-12T19:53:31.254123767) (2023-10-12T19:53:31.254142340) [Wrn] [ArduPilotPlugin.cc:1583] ArduPilot controller has reset
(2023-10-12T19:53:54.79951268) (2023-10-12T19:53:54.79975625) [Dbg] [LinearBatteryPlugin.cc:574] [Battery Plugin] Battery drain: 9 minutes passed.
(2023-10-12T19:54:44.901444898) (2023-10-12T19:54:44.901469677) [Dbg] [LinearBatteryPlugin.cc:710] Battery: lipo_3500mAh
(2023-10-12T19:54:44.901530565) (2023-10-12T19:54:44.901544609) [Dbg] [LinearBatteryPlugin.cc:711] PowerLoads().size(): 1
(2023-10-12T19:54:44.901590851) (2023-10-12T19:54:44.901603454) [Dbg] [LinearBatteryPlugin.cc:713] charging status: false
(2023-10-12T19:54:44.901647865) (2023-10-12T19:54:44.901660511) [Dbg] [LinearBatteryPlugin.cc:715] charging current: inf
(2023-10-12T19:54:44.901709641) (2023-10-12T19:54:44.901722729) [Dbg] [LinearBatteryPlugin.cc:716] voltage: 10.467
(2023-10-12T19:54:44.901773343) (2023-10-12T19:54:44.901786475) [Dbg] [LinearBatteryPlugin.cc:717] state of charge: 0.209999 (q 0.734995)

(2023-10-12T19:55:05.893555579) (2023-10-12T19:55:05.893575117) [Wrn] [ArduPilotPlugin.cc:1583] ArduPilot controller has reset
(2023-10-12T19:55:20.829818999) (2023-10-12T19:55:20.829846089) [Dbg] [LinearBatteryPlugin.cc:574] [Battery Plugin] Battery drain: 10 minutes passed.
(2023-10-12T19:56:19.2987524) (2023-10-12T19:56:19.3005988) [Dbg] [LinearBatteryPlugin.cc:710] Battery: lipo_3500mAh
(2023-10-12T19:56:19.3047689) (2023-10-12T19:56:19.3056257) [Dbg] [LinearBatteryPlugin.cc:711] PowerLoads().size(): 1
(2023-10-12T19:56:19.3085405) (2023-10-12T19:56:19.3093682) [Dbg] [LinearBatteryPlugin.cc:713] charging status: false
(2023-10-12T19:56:19.3122186) (2023-10-12T19:56:19.3130575) [Dbg] [LinearBatteryPlugin.cc:715] charging current: inf
(2023-10-12T19:56:19.3162186) (2023-10-12T19:56:19.3170469) [Dbg] [LinearBatteryPlugin.cc:716] voltage: 10.197
(2023-10-12T19:56:19.3202341) (2023-10-12T19:56:19.3210441) [Dbg] [LinearBatteryPlugin.cc:717] state of charge: 0.11 (q 0.384999)

(2023-10-12T19:56:40.635294248) (2023-10-12T19:56:40.635324325) [Wrn] [ArduPilotPlugin.cc:1583] ArduPilot controller has reset
(2023-10-12T19:56:47.428513323) (2023-10-12T19:56:47.428538644) [Dbg] [LinearBatteryPlugin.cc:574] [Battery Plugin] Battery drain: 11 minutes passed.
(2023-10-12T19:57:50.317316466) (2023-10-12T19:57:50.317343493) [Dbg] [LinearBatteryPlugin.cc:710] Battery: lipo_3500mAh
(2023-10-12T19:57:50.317412747) (2023-10-12T19:57:50.317428626) [Dbg] [LinearBatteryPlugin.cc:711] PowerLoads().size(): 1
(2023-10-12T19:57:50.317483372) (2023-10-12T19:57:50.317498160) [Dbg] [LinearBatteryPlugin.cc:713] charging status: false
(2023-10-12T19:57:50.317551325) (2023-10-12T19:57:50.317566608) [Dbg] [LinearBatteryPlugin.cc:715] charging current: inf
(2023-10-12T19:57:50.317625938) (2023-10-12T19:57:50.317641572) [Dbg] [LinearBatteryPlugin.cc:716] voltage: 9.927
(2023-10-12T19:57:50.317700768) (2023-10-12T19:57:50.317716183) [Dbg] [LinearBatteryPlugin.cc:717] state of charge: 0.00999866 (q 0.0349953)

(2023-10-12T19:57:59.401530123) (2023-10-12T19:57:59.401555074) [Wrn] [LinearBatteryPlugin.cc:722] Model iris out of battery.
(2023-10-12T19:58:13.810437301) (2023-10-12T19:58:13.810456947) [Dbg] [LinearBatteryPlugin.cc:574] [Battery Plugin] Battery drain: 12 minutes passed.
(2023-10-12T19:58:15.123392449) (2023-10-12T19:58:15.123417249) [Wrn] [ArduPilotPlugin.cc:1583] ArduPilot controller has reset
(2023-10-12T19:59:42.289426207) (2023-10-12T19:59:42.289444365) [Dbg] [LinearBatteryPlugin.cc:574] [Battery Plugin] Battery drain: 13 minutes passed.
(2023-10-12T19:59:51.961205362) (2023-10-12T19:59:51.961232392) [Wrn] [ArduPilotPlugin.cc:1583] ArduPilot controller has reset
(2023-10-12T20:02:24.956680783) (2023-10-12T20:02:24.956731626) [Dbg] [LinearBatteryPlugin.cc:574] [Battery Plugin] Battery drain: 14 minutes passed.
(2023-10-12T20:02:42.628512238) (2023-10-12T20:02:42.628559105) [Dbg] [SignalHandler.cc:142] Received signal[2].
(2023-10-12T20:02:42.628693086) (2023-10-12T20:02:42.628709423) [Dbg] [ServerPrivate.cc:115] Server received signal[2]
(2023-10-12T20:02:42.628783850) (2023-10-12T20:02:42.628800126) [Dbg] [Sensors.cc:433] SensorsPrivate::Stop
(2023-10-12T20:02:42.785740114) (2023-10-12T20:02:42.785762958) [Dbg] [Sensors.cc:419] SensorsPrivate::RenderThread stopped
(2023-10-12T20:02:42.786187232) (2023-10-12T20:02:42.786204470) [Dbg] [SignalHandler.cc:142] Received signal[2].
(2023-10-12T20:02:42.786420251) (2023-10-12T20:02:42.786430073) [Dbg] [ArduPilotPlugin.cc:370] Plugin received signal[2]
(2023-10-12T20:02:42.797852496) (2023-10-12T20:02:42.797872270) [Dbg] [gz.cc:417] Shutting down gz-sim-server
(((2023-10-12T20:02:42.811413073) ((2023-10-12T20:02:42.811720210) (2023-10-12T20:02:42.811746295) [Dbg] [SimulationRunner.cc:530] Exiting postupdate worker thread (8)
(2023-10-12T20:02:42.811873166) (2023-10-12T20:02:42.811888764) [Dbg] [SimulationRunner.cc:530] Exiting postupdate worker thread (1)
2023-10-12T20:02:42.811416321) (2023-10-12T20:02:42.8120416272023-10-12T20:02:42.812041627) [Dbg] [SimulationRunner.cc:530] [Dbg] [SimulationRunner.cc:530] ([Dbg] [SimulationRunner.cc:530] (([Dbg] [SimulationRunner.cc:530] ((2023-10-12T20:02:42.811398889[Dbg] [SimulationRunner.cc:530] ((2023-10-12T20:02:42.8113988892023-10-12T20:02:42.812065425[Dbg] [SimulationRunner.cc:530] ((2023-10-12T20:02:42.8113988892023-10-12T20:02:42.8120654252023-10-12T20:02:42.812129742) ) ((2023-10-12T20:02:42.812169726) (2023-10-12T20:02:42.812189945) ) 2023-10-12T20:02:42.812210870) (2023-10-12T20:02:42.812222733) (2023-10-12T20:02:42.812266653) ) ) ((2023-10-12T20:02:42.8123181732023-10-12T20:02:42.8123181732023-10-12T20:02:42.812342997) ) 2023-10-12T20:02:42.812133625) (2023-10-12T20:02:42.8113749692023-10-12T20:02:42.8123982122023-10-12T20:02:42.8113749692023-10-12T20:02:42.812398212Exiting postupdate worker thread (2023-10-12T20:02:42.8113749692023-10-12T20:02:42.812398212Exiting postupdate worker thread (() (2023-10-12T20:02:42.8124288402023-10-12T20:02:42.812428840) ) 6)
[Dbg] [SimulationRunner.cc:530] [Dbg] [SimulationRunner.cc:530] [Dbg] [SimulationRunner.cc:530] 2023-10-12T20:02:42.812447346) [Dbg] [SimulationRunner.cc:530] [Dbg] [SimulationRunner.cc:530] [Dbg] [SimulationRunner.cc:530] Exiting postupdate worker thread (7)
[Dbg] [SimulationRunner.cc:530] [Dbg] [SimulationRunner.cc:530] Exiting postupdate worker thread (9)
[Dbg] [SimulationRunner.cc:530] Exiting postupdate worker thread (0)
[Dbg] [SimulationRunner.cc:530] Exiting postupdate worker thread (10)
Exiting postupdate worker thread (11)
[Dbg] [SimulationRunner.cc:530] Exiting postupdate worker thread (3)
[Dbg] [SimulationRunner.cc:530] Exiting postupdate worker thread (4)
Exiting postupdate worker thread (2)
Exiting postupdate worker thread (5)
(2023-10-12T20:02:42.821316885) (2023-10-12T20:02:42.821345162) [Dbg] [SignalHandler.cc:142] Received signal[2].
(2023-10-12T20:02:42.821421061) (2023-10-12T20:02:42.821435927) [Dbg] [ArduPilotPlugin.cc:370] Plugin received signal[2]
(2023-10-12T20:02:42.862857685) (2023-10-12T20:02:42.862884986) [Dbg] [Sensors.cc:433] SensorsPrivate::Stop
