(2023-10-20T00:49:17.997573844) (2023-10-20T00:49:17.997592185) [Msg] Gazebo Sim Server v7.6.0
(2023-10-20T00:49:18.3297488) (2023-10-20T00:49:18.3313507) [Msg] Loading SDF world file[/home/bassam/PX4-Autopilot/Tools/simulation/gz/worlds/default.sdf].
(2023-10-20T00:49:18.175427163) (2023-10-20T00:49:18.175445220) [Msg] Serving entity system service on [/entity/system/add]
(2023-10-20T00:49:18.388666501) (2023-10-20T00:49:18.388691895) [Dbg] [Physics.cc:880] Loaded [gz::physics::dartsim::Plugin] from library [/usr/lib/x86_64-linux-gnu/gz-physics-6/engine-plugins/libgz-physics-dartsim-plugin.so]
(2023-10-20T00:49:18.388807228) (2023-10-20T00:49:18.388822355) [Dbg] [SystemManager.cc:74] Loaded system [gz::sim::systems::Physics] for entity [1]
(2023-10-20T00:49:18.392170161) (2023-10-20T00:49:18.392191145) [Msg] Create service on [/world/default/create]
(2023-10-20T00:49:18.392484461) (2023-10-20T00:49:18.392502144) [Msg] Remove service on [/world/default/remove]
(2023-10-20T00:49:18.492949032) (2023-10-20T00:49:18.492973641) [Msg] Pose service on [/world/default/set_pose]
(2023-10-20T00:49:18.493170301) (2023-10-20T00:49:18.493189390) [Msg] Pose service on [/world/default/set_pose_vector]
(2023-10-20T00:49:18.493507725) (2023-10-20T00:49:18.493520588) [Msg] Light configuration service on [/world/default/light_config]
(2023-10-20T00:49:18.493869898) (2023-10-20T00:49:18.493885483) [Msg] Physics service on [/world/default/set_physics]
(2023-10-20T00:49:18.494109798) (2023-10-20T00:49:18.494125786) [Msg] SphericalCoordinates service on [/world/default/set_spherical_coordinates]
(2023-10-20T00:49:18.494243505) (2023-10-20T00:49:18.494254645) [Msg] Enable collision service on [/world/default/enable_collision]
(2023-10-20T00:49:18.494347516) (2023-10-20T00:49:18.494357993) [Msg] Disable collision service on [/world/default/disable_collision]
(2023-10-20T00:49:18.494587643) (2023-10-20T00:49:18.494598944) [Msg] Material service on [/world/default/visual_config]
(2023-10-20T00:49:18.494754793) (2023-10-20T00:49:18.494766543) [Msg] Material service on [/world/default/wheel_slip]
(2023-10-20T00:49:18.494811731) (2023-10-20T00:49:18.494820012) [Dbg] [SystemManager.cc:74] Loaded system [gz::sim::systems::UserCommands] for entity [1]
(2023-10-20T00:49:18.496799331) (2023-10-20T00:49:18.496814037) [Dbg] [SystemManager.cc:74] Loaded system [gz::sim::systems::SceneBroadcaster] for entity [1]
(2023-10-20T00:49:18.498135188) (2023-10-20T00:49:18.498149420) [Dbg] [SystemManager.cc:74] Loaded system [gz::sim::systems::Contact] for entity [1]
(2023-10-20T00:49:18.500041170) (2023-10-20T00:49:18.500055224) [Dbg] [SystemManager.cc:74] Loaded system [gz::sim::systems::Imu] for entity [1]
(2023-10-20T00:49:18.501668616) (2023-10-20T00:49:18.501683300) [Dbg] [SystemManager.cc:74] Loaded system [gz::sim::systems::AirPressure] for entity [1]
(2023-10-20T00:49:18.503137072) (2023-10-20T00:49:18.503151593) [Msg] Listening to instantaneous wrench commands in [/world/default/wrench]
(2023-10-20T00:49:18.503241100) (2023-10-20T00:49:18.503251450) [Msg] Listening to persistent wrench commands in [/world/default/wrench/persistent]
(2023-10-20T00:49:18.503333509) (2023-10-20T00:49:18.503344600) [Msg] Listening to wrench clear commands in [/world/default/wrench/clear]
(2023-10-20T00:49:18.503379386) (2023-10-20T00:49:18.503388052) [Dbg] [SystemManager.cc:74] Loaded system [gz::sim::systems::ApplyLinkWrench] for entity [1]
(2023-10-20T00:49:18.512082185) (2023-10-20T00:49:18.512099349) [Dbg] [Sensors.cc:506] Configuring Sensors system
(2023-10-20T00:49:18.512213425) (2023-10-20T00:49:18.512223460) [Dbg] [Sensors.cc:425] SensorsPrivate::Run
(2023-10-20T00:49:18.512328732) (2023-10-20T00:49:18.512339387) [Dbg] [SystemManager.cc:74] Loaded system [gz::sim::systems::Sensors] for entity [1]
(2023-10-20T00:49:18.512442226) (2023-10-20T00:49:18.512462840) [Dbg] [Sensors.cc:402] SensorsPrivate::RenderThread started
(2023-10-20T00:49:18.512490271) (2023-10-20T00:49:18.512498840) [Dbg] [Sensors.cc:245] Waiting for init
(2023-10-20T00:49:18.515799706) (2023-10-20T00:49:18.515814343) [Wrn] [SystemLoader.cc:79] Trying to load deprecated plugin [ignition-gazebo-ackermann-steering-system]. Using [gz-sim-ackermann-steering-system] instead.
(2023-10-20T00:49:18.517562988) (2023-10-20T00:49:18.517577934) [Msg] AckermannSteering subscribing to twist messages on [/cmd_vel]
(2023-10-20T00:49:18.517879844) (2023-10-20T00:49:18.517892534) [Dbg] [SystemManager.cc:74] Loaded system [ignition::gazebo::systems::AckermannSteering] for entity [8]
(2023-10-20T00:49:18.518075311) (2023-10-20T00:49:18.518086949) [Msg] Loaded level [3]
(2023-10-20T00:49:18.520157381) (2023-10-20T00:49:18.520171731) [Msg] Serving world controls on [/world/default/control], [/world/default/control/state] and [/world/default/playback/control]
(2023-10-20T00:49:18.520441561) (2023-10-20T00:49:18.520453786) [Msg] Serving GUI information on [/world/default/gui/info]
(2023-10-20T00:49:18.520486395) (2023-10-20T00:49:18.520494744) [Msg] World [default] initialized with [default_physics] physics profile.
(2023-10-20T00:49:18.520686067) (2023-10-20T00:49:18.520697128) [Msg] Serving world SDF generation service on [/world/default/generate_world_sdf]
(2023-10-20T00:49:18.520842529) (2023-10-20T00:49:18.520858851) [Msg] Serving world names on [/gazebo/worlds]
(2023-10-20T00:49:18.520959982) (2023-10-20T00:49:18.520970689) [Msg] Resource path add service on [/gazebo/resource_paths/add].
(2023-10-20T00:49:18.521060780) (2023-10-20T00:49:18.521075029) [Msg] Resource path get service on [/gazebo/resource_paths/get].
(2023-10-20T00:49:18.521178962) (2023-10-20T00:49:18.521189315) [Msg] Resource path resolve service on [/gazebo/resource_paths/resolve].
(2023-10-20T00:49:18.521284609) (2023-10-20T00:49:18.521295750) [Msg] Resource paths published on [/gazebo/resource_paths].
(2023-10-20T00:49:18.521447961) (2023-10-20T00:49:18.521459737) [Msg] Server control service on [/server_control].
(2023-10-20T00:49:20.1423205) (2023-10-20T00:49:20.1440159) [Msg] Found no publishers on /stats, adding root stats topic
(2023-10-20T00:49:20.1700199) (2023-10-20T00:49:20.1716685) [Msg] Found no publishers on /clock, adding root clock topic
(2023-10-20T00:49:20.2113349) (2023-10-20T00:49:20.2130495) [Dbg] [SimulationRunner.cc:503] Creating PostUpdate worker threads: 7
(2023-10-20T00:49:20.2182664) (2023-10-20T00:49:20.2197701) [Dbg] [SimulationRunner.cc:514] Creating postupdate worker thread (0)
(2023-10-20T00:49:20.2323505) (2023-10-20T00:49:20.2339383) [Dbg] [SimulationRunner.cc:514] Creating postupdate worker thread (1)
(2023-10-20T00:49:20.2428887) (2023-10-20T00:49:20.2446642) [Dbg] [SimulationRunner.cc:514] Creating postupdate worker thread (2)
(2023-10-20T00:49:20.2529653) (2023-10-20T00:49:20.2545899) [Dbg] [SimulationRunner.cc:514] Creating postupdate worker thread (3)
(2023-10-20T00:49:20.2658791) (2023-10-20T00:49:20.2677380) [Dbg] [SimulationRunner.cc:514] Creating postupdate worker thread (4)
(2023-10-20T00:49:20.2790726) (2023-10-20T00:49:20.2807976) [Dbg] [SimulationRunner.cc:514] Creating postupdate worker thread (5)
(2023-10-20T00:49:20.335904690) (2023-10-20T00:49:20.335923414) [Wrn] [MulticopterMotorModel.cc:257] No robotNamespace set using entity name.
(2023-10-20T00:49:20.335979124) (2023-10-20T00:49:20.335988720) [Wrn] [MulticopterMotorModel.cc:295] <motorNumber> is depricated, please use <actuator_number>.
(2023-10-20T00:49:20.336056120) (2023-10-20T00:49:20.336065838) [Dbg] [MulticopterMotorModel.cc:386] Listening to topic: x500_depth_0/command/motor_speed
(2023-10-20T00:49:20.336430551) (2023-10-20T00:49:20.336443178) [Dbg] [SystemManager.cc:74] Loaded system [gz::sim::systems::MulticopterMotorModel] for entity [55]
(2023-10-20T00:49:20.336850437) (2023-10-20T00:49:20.336862564) [Wrn] [MulticopterMotorModel.cc:257] No robotNamespace set using entity name.
(2023-10-20T00:49:20.336887849) (2023-10-20T00:49:20.336896218) [Wrn] [MulticopterMotorModel.cc:295] <motorNumber> is depricated, please use <actuator_number>.
(2023-10-20T00:49:20.336961706) (2023-10-20T00:49:20.336971732) [Dbg] [MulticopterMotorModel.cc:386] Listening to topic: x500_depth_0/command/motor_speed
(2023-10-20T00:49:20.337181469) (2023-10-20T00:49:20.337193963) [Dbg] [SystemManager.cc:74] Loaded system [gz::sim::systems::MulticopterMotorModel] for entity [55]
(2023-10-20T00:49:20.337563109) (2023-10-20T00:49:20.337579426) [Wrn] [MulticopterMotorModel.cc:257] No robotNamespace set using entity name.
(2023-10-20T00:49:20.337627625) (2023-10-20T00:49:20.337637363) [Wrn] [MulticopterMotorModel.cc:295] <motorNumber> is depricated, please use <actuator_number>.
(2023-10-20T00:49:20.337702020) (2023-10-20T00:49:20.337711745) [Dbg] [MulticopterMotorModel.cc:386] Listening to topic: x500_depth_0/command/motor_speed
(2023-10-20T00:49:20.337923693) (2023-10-20T00:49:20.337935546) [Dbg] [SystemManager.cc:74] Loaded system [gz::sim::systems::MulticopterMotorModel] for entity [55]
(2023-10-20T00:49:20.338337758) (2023-10-20T00:49:20.338353643) [Wrn] [MulticopterMotorModel.cc:257] No robotNamespace set using entity name.
(2023-10-20T00:49:20.338384987) (2023-10-20T00:49:20.338394033) [Wrn] [MulticopterMotorModel.cc:295] <motorNumber> is depricated, please use <actuator_number>.
(2023-10-20T00:49:20.338450724) (2023-10-20T00:49:20.338491182) [Dbg] [MulticopterMotorModel.cc:386] Listening to topic: x500_depth_0/command/motor_speed
(2023-10-20T00:49:20.338774670) (2023-10-20T00:49:20.338787040) [Dbg] [SystemManager.cc:74] Loaded system [gz::sim::systems::MulticopterMotorModel] for entity [55]
(2023-10-20T00:49:20.339191973) (2023-10-20T00:49:20.339203842) [Dbg] [UserCommands.cc:1263] Created entity [55] named [x500_depth_0]
(2023-10-20T00:49:20.361486392) (2023-10-20T00:49:20.361507221) [Dbg] [SimulationFeatures.cc:72] Simulation timestep set to: 0.004
(2023-10-20T00:49:20.363809001) (2023-10-20T00:49:20.363852673) [Dbg] [Sensors.cc:659] Initialization needed
(2023-10-20T00:49:20.364006550) (2023-10-20T00:49:20.364037481) [Dbg] [Sensors.cc:257] Initializing render context
(2023-10-20T00:49:20.364340549) (2023-10-20T00:49:20.364358899) [Msg] Loading plugin [gz-rendering-ogre2]
(2023-10-20T00:49:20.364801481) (2023-10-20T00:49:20.364820866) [Dbg] [AirPressureSensor.cc:126] Air pressure for [x500_depth_0::base_link::air_pressure_sensor] advertised on [world/default/model/x500_depth_0/link/base_link/sensor/air_pressure_sensor/air_pressure]
(2023-10-20T00:49:20.364995272) (2023-10-20T00:49:20.365017490) [Dbg] [ImuSensor.cc:149] IMU data for [x500_depth_0::base_link::imu_sensor] advertised on [world/default/model/x500_depth_0/link/base_link/sensor/imu_sensor/imu]
(2023-10-20T00:49:20.366413691) (2023-10-20T00:49:20.366438849) [Msg] Serving scene information on [/world/default/scene/info]
(2023-10-20T00:49:20.366622337) (2023-10-20T00:49:20.366641179) [Msg] Serving graph information on [/world/default/scene/graph]
(2023-10-20T00:49:20.367063975) (2023-10-20T00:49:20.367084214) [Msg] Serving full state on [/world/default/state]
(2023-10-20T00:49:20.367244673) (2023-10-20T00:49:20.367265453) [Msg] Serving full state (async) on [/world/default/state_async]
(2023-10-20T00:49:20.367417952) (2023-10-20T00:49:20.367438348) [Msg] Publishing scene information on [/world/default/scene/info]
(2023-10-20T00:49:20.367645475) (2023-10-20T00:49:20.367664156) [Msg] Publishing entity deletions on [/world/default/scene/deletion]
(2023-10-20T00:49:20.367811730) (2023-10-20T00:49:20.367830627) [Msg] Publishing state changes on [/world/default/state]
(2023-10-20T00:49:20.367987542) (2023-10-20T00:49:20.368006431) [Msg] Publishing pose messages on [/world/default/pose/info]
(2023-10-20T00:49:20.368195985) (2023-10-20T00:49:20.368215416) [Msg] Publishing dynamic pose messages on [/world/default/dynamic_pose/info]
(2023-10-20T00:49:20.369450503) (2023-10-20T00:49:20.369471940) [Dbg] [EntityComponentManager.cc:1655] Updated state thread iterators: 8 threads processing around 13 entities each.
(2023-10-20T00:49:20.388609606) (2023-10-20T00:49:20.388642416) [Wrn] [Component.hh:144] Trying to serialize component with data type [N3sdf3v135WorldE], which doesn't have `operator<<`. Component will not be serialized.
(2023-10-20T00:49:20.388879039) (2023-10-20T00:49:20.388912779) [Wrn] [Model.hh:69] Skipping serialization / deserialization for models with //pose/@relative_to attribute.
(2023-10-20T00:49:20.392538210) (2023-10-20T00:49:20.392568964) [Dbg] [SimulationRunner.cc:530] Exiting postupdate worker thread (2)
(2023-10-20T00:49:20.392751080) (2023-10-20T00:49:20.392784031) [Dbg] [SimulationRunner.cc:530] Exiting postupdate worker thread (5)
((2023-10-20T00:49:20.392934799(2023-10-20T00:49:20.392934799((2023-10-20T00:49:20.392934799() ) 2023-10-20T00:49:20.392976140) (2023-10-20T00:49:20.393009307(2023-10-20T00:49:20.393027680) (2023-10-20T00:49:20.393054396) [Dbg] [SimulationRunner.cc:530] [Dbg] [SimulationRunner.cc:530] Exiting postupdate worker thread (3)
[Dbg] [SimulationRunner.cc:530] Exiting postupdate worker thread (4)
Exiting postupdate worker thread (0)
(2023-10-20T00:49:20.393471038) (2023-10-20T00:49:20.393494745) [Dbg] [SimulationRunner.cc:530] Exiting postupdate worker thread (1)
(2023-10-20T00:49:20.393857605) (2023-10-20T00:49:20.393881176) [Dbg] [SimulationRunner.cc:503] Creating PostUpdate worker threads: 7
(2023-10-20T00:49:20.393932500) (2023-10-20T00:49:20.393949160) [Dbg] [SimulationRunner.cc:514] Creating postupdate worker thread (0)
(2023-10-20T00:49:20.394445716) (2023-10-20T00:49:20.394470665) [Dbg] [SimulationRunner.cc:514] Creating postupdate worker thread (1)
(2023-10-20T00:49:20.394590042) (2023-10-20T00:49:20.394606919) [Dbg] [SimulationRunner.cc:514] Creating postupdate worker thread (2)
(2023-10-20T00:49:20.394741141) (2023-10-20T00:49:20.394758050) [Dbg] [SimulationRunner.cc:514] Creating postupdate worker thread (3)
(2023-10-20T00:49:20.394842079) (2023-10-20T00:49:20.394857835) [Dbg] [SimulationRunner.cc:514] Creating postupdate worker thread (4)
(2023-10-20T00:49:20.394995264) (2023-10-20T00:49:20.395010260) [Dbg] [SimulationRunner.cc:514] Creating postupdate worker thread (5)
(2023-10-20T00:49:20.655819921) (2023-10-20T00:49:20.655832516) [Dbg] [RenderUtil.cc:2720] Create scene [scene]
(2023-10-20T00:49:20.706893146) ((2023-10-20T00:49:20.706917969) [Dbg] [Sensors.cc:277] Rendering Thread initialized
(2023-10-20T00:49:20.706981945) [Dbg] [Sensors.cc:659] Initialization needed
(2023-10-20T00:49:20.712911563) (2023-10-20T00:49:20.712926112) [Wrn] [FuelClient.cc:1952] The fuel.ignitionrobotics.org URL is deprecrated. Pleasse change https://fuel.ignitionrobotics.org/1.0/openrobotics/models/prius hybrid/2/files/meshes/Hybrid.obj to https://fuel.gazebosim.org/1.0/openrobotics/models/prius hybrid/2/files/meshes/Hybrid.obj
(2023-10-20T00:49:20.713041330) (2023-10-20T00:49:20.713051524) [Wrn] [FuelClient.cc:1952] The fuel.ignitionrobotics.org URL is deprecrated. Pleasse change https://fuel.ignitionrobotics.org/1.0/openrobotics/models/prius hybrid/2/files/meshes/Hybrid.obj to https://fuel.gazebosim.org/1.0/openrobotics/models/prius hybrid/2/files/meshes/Hybrid.obj
(2023-10-20T00:49:20.717928873) (2023-10-20T00:49:20.717943978) [Wrn] [OBJLoader.cc:91] Both `d` and `Tr` parameters defined for "Hybrid". Use the value of `d` for dissolve (line 8 in .mtl.)
Both `d` and `Tr` parameters defined for "Wheels3". Use the value of `d` for dissolve (line 22 in .mtl.)
Both `d` and `Tr` parameters defined for "Hybrid_Interior". Use the value of `d` for dissolve (line 36 in .mtl.)
Both `d` and `Tr` parameters defined for "Windows". Use the value of `d` for dissolve (line 50 in .mtl.)

(2023-10-20T00:49:23.574131732) (2023-10-20T00:49:23.574158928) [Dbg] [CameraSensor.cc:458] Camera images for [prius_hybrid::chassis::back_camera_sensor] advertised on [back_camera]
(2023-10-20T00:49:23.574394195) (2023-10-20T00:49:23.574412564) [Dbg] [CameraSensor.cc:786] Camera info for [prius_hybrid::chassis::back_camera_sensor] advertised on [/camera_info]
(2023-10-20T00:49:23.574611310) (2023-10-20T00:49:23.574622138) [Wrn] [Ogre2Camera.cc:412] Ogre2Camera::SetVisibilityMask: Mask bits c0000000 are set but will be ignored as they conflict with the reserved bits used internally by the ogre2 backend.
(2023-10-20T00:49:23.575060610) (2023-10-20T00:49:23.575079340) [Dbg] [CameraSensor.cc:458] Camera images for [prius_hybrid::chassis::front_camera_sensor] advertised on [front_camera]
(2023-10-20T00:49:23.575201020) (2023-10-20T00:49:23.575219343) [Dbg] [CameraSensor.cc:786] Camera info for [prius_hybrid::chassis::front_camera_sensor] advertised on [/camera_info]
(2023-10-20T00:49:23.575291251) (2023-10-20T00:49:23.575301344) [Wrn] [Ogre2Camera.cc:412] Ogre2Camera::SetVisibilityMask: Mask bits c0000000 are set but will be ignored as they conflict with the reserved bits used internally by the ogre2 backend.
(2023-10-20T00:49:23.575586446) (2023-10-20T00:49:23.575604738) [Dbg] [CameraSensor.cc:458] Camera images for [prius_hybrid::chassis::left_camera_sensor] advertised on [left_camera]
(2023-10-20T00:49:23.575713059) (2023-10-20T00:49:23.575730584) [Dbg] [CameraSensor.cc:786] Camera info for [prius_hybrid::chassis::left_camera_sensor] advertised on [/camera_info]
(2023-10-20T00:49:23.575796472) (2023-10-20T00:49:23.575805926) [Wrn] [Ogre2Camera.cc:412] Ogre2Camera::SetVisibilityMask: Mask bits c0000000 are set but will be ignored as they conflict with the reserved bits used internally by the ogre2 backend.
(2023-10-20T00:49:23.576136491) (2023-10-20T00:49:23.576154755) [Dbg] [CameraSensor.cc:458] Camera images for [prius_hybrid::chassis::right_camera_sensor] advertised on [right_camera]
(2023-10-20T00:49:23.576291154) (2023-10-20T00:49:23.576308536) [Dbg] [CameraSensor.cc:786] Camera info for [prius_hybrid::chassis::right_camera_sensor] advertised on [/camera_info]
(2023-10-20T00:49:23.576404797) (2023-10-20T00:49:23.576416448) [Wrn] [Ogre2Camera.cc:412] Ogre2Camera::SetVisibilityMask: Mask bits c0000000 are set but will be ignored as they conflict with the reserved bits used internally by the ogre2 backend.
(2023-10-20T00:49:23.576700796) (2023-10-20T00:49:23.576719703) [Dbg] [CameraSensor.cc:458] Camera images for [x500_depth_0::OakD-Lite/base_link::IMX214] advertised on [camera]
(2023-10-20T00:49:23.576834503) (2023-10-20T00:49:23.576851727) [Dbg] [CameraSensor.cc:786] Camera info for [x500_depth_0::OakD-Lite/base_link::IMX214] advertised on [/camera_info]
(2023-10-20T00:49:23.576923056) (2023-10-20T00:49:23.576932939) [Wrn] [Ogre2Camera.cc:412] Ogre2Camera::SetVisibilityMask: Mask bits c0000000 are set but will be ignored as they conflict with the reserved bits used internally by the ogre2 backend.
(2023-10-20T00:49:23.577357655) (2023-10-20T00:49:23.577376074) [Dbg] [DepthCameraSensor.cc:282] Depth images for [x500_depth_0::OakD-Lite/base_link::StereoOV7251] advertised on [depth_camera]
(2023-10-20T00:49:23.577500844) (2023-10-20T00:49:23.577517417) [Dbg] [CameraSensor.cc:786] Camera info for [x500_depth_0::OakD-Lite/base_link::StereoOV7251] advertised on [/camera_info]
(2023-10-20T00:49:23.577763082) (2023-10-20T00:49:23.577780762) [Dbg] [DepthCameraSensor.cc:299] Points for [x500_depth_0::OakD-Lite/base_link::StereoOV7251] advertised on [depth_camera/points]
(2023-10-20T00:51:05.592079980) (2023-10-20T00:51:05.592125483) [Dbg] [SignalHandler.cc:142] Received signal[2].
(2023-10-20T00:51:05.592195696) (2023-10-20T00:51:05.592206453) [Dbg] [ServerPrivate.cc:115] Server received signal[2]
(2023-10-20T00:51:05.592245475) (2023-10-20T00:51:05.592259626) [Dbg] [Sensors.cc:433] SensorsPrivate::Stop
(2023-10-20T00:51:05.743288922) (2023-10-20T00:51:05.743309168) [Dbg] [Sensors.cc:419] SensorsPrivate::RenderThread stopped
(2023-10-20T00:51:05.746374735) (2023-10-20T00:51:05.746392883) [Dbg] [gz.cc:417] Shutting down gz-sim-server
((2023-10-20T00:51:05.751580737) ((2023-10-20T00:51:05.751661900) 2023-10-20T00:51:05.751670988) 2023-10-20T00:51:05.751670988) ([Dbg] [SimulationRunner.cc:530] [Dbg] [SimulationRunner.cc:530] 2023-10-20T00:51:05.751735850) (2023-10-20T00:51:05.751750127) (2023-10-20T00:51:05.751805244) (2023-10-20T00:51:05.751822134) ) 2023-10-20T00:51:05.751682837) (2023-10-20T00:51:05.751860656) Exiting postupdate worker thread (5)(2023-10-20T00:51:05.751948235) (2023-10-20T00:51:05.751967822) 2023-10-20T00:51:05.751716318) )[Dbg] [SimulationRunner.cc:530] Exiting postupdate worker thread (0)
[Dbg] [SimulationRunner.cc:530] Exiting postupdate worker thread (2)

[Dbg] [SimulationRunner.cc:530] Exiting postupdate worker thread (3)
[Dbg] [SimulationRunner.cc:530] Exiting postupdate worker thread (4)

[Dbg] [SimulationRunner.cc:530] Exiting postupdate worker thread (1)
(2023-10-20T00:51:05.795580868) (2023-10-20T00:51:05.795600992) [Dbg] [Sensors.cc:433] SensorsPrivate::Stop
