(2023-11-06T16:04:12.188317972) (2023-11-06T16:04:12.188350934) [Msg] Gazebo Sim Server v7.6.0
(2023-11-06T16:04:12.194165256) (2023-11-06T16:04:12.194186995) [Msg] Loading SDF world file[/home/bassam/PX4-Autopilot/Tools/simulation/gz/worlds/default.sdf].
(2023-11-06T16:04:12.388895540) (2023-11-06T16:04:12.388923233) [Msg] Serving entity system service on [/entity/system/add]
(2023-11-06T16:04:12.609206899) (2023-11-06T16:04:12.609233054) [Dbg] [Physics.cc:880] Loaded [gz::physics::dartsim::Plugin] from library [/usr/lib/x86_64-linux-gnu/gz-physics-6/engine-plugins/libgz-physics-dartsim-plugin.so]
(2023-11-06T16:04:12.609348767) (2023-11-06T16:04:12.609363997) [Dbg] [SystemManager.cc:74] Loaded system [gz::sim::systems::Physics] for entity [1]
(2023-11-06T16:04:12.613786601) (2023-11-06T16:04:12.613807300) [Msg] Create service on [/world/default/create]
(2023-11-06T16:04:12.614366316) (2023-11-06T16:04:12.614385262) [Msg] Remove service on [/world/default/remove]
(2023-11-06T16:04:12.615046838) (2023-11-06T16:04:12.615065955) [Msg] Pose service on [/world/default/set_pose]
(2023-11-06T16:04:12.715409569) (2023-11-06T16:04:12.715436774) [Msg] Pose service on [/world/default/set_pose_vector]
(2023-11-06T16:04:12.715766869) (2023-11-06T16:04:12.715785201) [Msg] Light configuration service on [/world/default/light_config]
(2023-11-06T16:04:12.716175291) (2023-11-06T16:04:12.716194928) [Msg] Physics service on [/world/default/set_physics]
(2023-11-06T16:04:12.716478893) (2023-11-06T16:04:12.716497750) [Msg] SphericalCoordinates service on [/world/default/set_spherical_coordinates]
(2023-11-06T16:04:12.716654503) (2023-11-06T16:04:12.716668681) [Msg] Enable collision service on [/world/default/enable_collision]
(2023-11-06T16:04:12.716849731) (2023-11-06T16:04:12.716867342) [Msg] Disable collision service on [/world/default/disable_collision]
(2023-11-06T16:04:12.717168156) (2023-11-06T16:04:12.717186998) [Msg] Material service on [/world/default/visual_config]
(2023-11-06T16:04:12.717372935) (2023-11-06T16:04:12.717391710) [Msg] Material service on [/world/default/wheel_slip]
(2023-11-06T16:04:12.717444222) (2023-11-06T16:04:12.717453415) [Dbg] [SystemManager.cc:74] Loaded system [gz::sim::systems::UserCommands] for entity [1]
(2023-11-06T16:04:12.719907628) (2023-11-06T16:04:12.719922342) [Dbg] [SystemManager.cc:74] Loaded system [gz::sim::systems::SceneBroadcaster] for entity [1]
(2023-11-06T16:04:12.721714739) (2023-11-06T16:04:12.721728680) [Dbg] [SystemManager.cc:74] Loaded system [gz::sim::systems::Contact] for entity [1]
(2023-11-06T16:04:12.724029996) (2023-11-06T16:04:12.724045787) [Dbg] [SystemManager.cc:74] Loaded system [gz::sim::systems::Imu] for entity [1]
(2023-11-06T16:04:12.726009818) (2023-11-06T16:04:12.726025169) [Dbg] [SystemManager.cc:74] Loaded system [gz::sim::systems::AirPressure] for entity [1]
(2023-11-06T16:04:12.727794705) (2023-11-06T16:04:12.727810049) [Msg] Listening to instantaneous wrench commands in [/world/default/wrench]
(2023-11-06T16:04:12.727921044) (2023-11-06T16:04:12.727937251) [Msg] Listening to persistent wrench commands in [/world/default/wrench/persistent]
(2023-11-06T16:04:12.728043295) (2023-11-06T16:04:12.728056108) [Msg] Listening to wrench clear commands in [/world/default/wrench/clear]
(2023-11-06T16:04:12.728091978) (2023-11-06T16:04:12.728100375) [Dbg] [SystemManager.cc:74] Loaded system [gz::sim::systems::ApplyLinkWrench] for entity [1]
(2023-11-06T16:04:12.737509395) (2023-11-06T16:04:12.737526845) [Dbg] [Sensors.cc:506] Configuring Sensors system
(2023-11-06T16:04:12.737639091) (2023-11-06T16:04:12.737649702) [Dbg] [Sensors.cc:425] SensorsPrivate::Run
(2023-11-06T16:04:12.737763057) (2023-11-06T16:04:12.737774630) [Dbg] [SystemManager.cc:74] Loaded system [gz::sim::systems::Sensors] for entity [1]
(2023-11-06T16:04:12.737874180) (2023-11-06T16:04:12.737893916) [Dbg] [Sensors.cc:402] SensorsPrivate::RenderThread started
(2023-11-06T16:04:12.737921087) (2023-11-06T16:04:12.737929541) [Dbg] [Sensors.cc:245] Waiting for init
(2023-11-06T16:04:12.741502464) (2023-11-06T16:04:12.741517328) [Wrn] [SystemLoader.cc:79] Trying to load deprecated plugin [ignition-gazebo-ackermann-steering-system]. Using [gz-sim-ackermann-steering-system] instead.
(2023-11-06T16:04:12.743615332) (2023-11-06T16:04:12.743633528) [Msg] AckermannSteering subscribing to twist messages on [/cmd_vel]
(2023-11-06T16:04:12.744008636) (2023-11-06T16:04:12.744021611) [Dbg] [SystemManager.cc:74] Loaded system [ignition::gazebo::systems::AckermannSteering] for entity [8]
(2023-11-06T16:04:12.744218861) (2023-11-06T16:04:12.744229760) [Msg] Loaded level [3]
(2023-11-06T16:04:12.746523277) (2023-11-06T16:04:12.746545146) [Msg] Serving world controls on [/world/default/control], [/world/default/control/state] and [/world/default/playback/control]
(2023-11-06T16:04:12.746845941) (2023-11-06T16:04:12.746865981) [Msg] Serving GUI information on [/world/default/gui/info]
(2023-11-06T16:04:12.746908562) (2023-11-06T16:04:12.746917976) [Msg] World [default] initialized with [default_physics] physics profile.
(2023-11-06T16:04:12.747136851) (2023-11-06T16:04:12.747156074) [Msg] Serving world SDF generation service on [/world/default/generate_world_sdf]
(2023-11-06T16:04:12.747332100) (2023-11-06T16:04:12.747350892) [Msg] Serving world names on [/gazebo/worlds]
(2023-11-06T16:04:12.747473401) (2023-11-06T16:04:12.747491309) [Msg] Resource path add service on [/gazebo/resource_paths/add].
(2023-11-06T16:04:12.747606749) (2023-11-06T16:04:12.747625208) [Msg] Resource path get service on [/gazebo/resource_paths/get].
(2023-11-06T16:04:12.747746302) (2023-11-06T16:04:12.747764473) [Msg] Resource path resolve service on [/gazebo/resource_paths/resolve].
(2023-11-06T16:04:12.747882728) (2023-11-06T16:04:12.747897091) [Msg] Resource paths published on [/gazebo/resource_paths].
(2023-11-06T16:04:12.748068720) (2023-11-06T16:04:12.748087114) [Msg] Server control service on [/server_control].
(2023-11-06T16:04:14.191688345) (2023-11-06T16:04:14.191715459) [Msg] Found no publishers on /stats, adding root stats topic
(2023-11-06T16:04:14.192139489) (2023-11-06T16:04:14.192160888) [Msg] Found no publishers on /clock, adding root clock topic
(2023-11-06T16:04:14.192566509) (2023-11-06T16:04:14.192588625) [Dbg] [SimulationRunner.cc:503] Creating PostUpdate worker threads: 7
(2023-11-06T16:04:14.192644310) (2023-11-06T16:04:14.192660691) [Dbg] [SimulationRunner.cc:514] Creating postupdate worker thread (0)
(2023-11-06T16:04:14.192826754) (2023-11-06T16:04:14.192845920) [Dbg] [SimulationRunner.cc:514] Creating postupdate worker thread (1)
(2023-11-06T16:04:14.192977066) (2023-11-06T16:04:14.192995323) [Dbg] [SimulationRunner.cc:514] Creating postupdate worker thread (2)
(2023-11-06T16:04:14.193112571) (2023-11-06T16:04:14.193130255) [Dbg] [SimulationRunner.cc:514] Creating postupdate worker thread (3)
(2023-11-06T16:04:14.193253842) (2023-11-06T16:04:14.193272625) [Dbg] [SimulationRunner.cc:514] Creating postupdate worker thread (4)
(2023-11-06T16:04:14.193391872) (2023-11-06T16:04:14.193409970) [Dbg] [SimulationRunner.cc:514] Creating postupdate worker thread (5)
(2023-11-06T16:04:14.545100730) (2023-11-06T16:04:14.545121391) [Wrn] [MulticopterMotorModel.cc:257] No robotNamespace set using entity name.
(2023-11-06T16:04:14.545168514) (2023-11-06T16:04:14.545178153) [Wrn] [MulticopterMotorModel.cc:295] <motorNumber> is depricated, please use <actuator_number>.
(2023-11-06T16:04:14.545250361) (2023-11-06T16:04:14.545260802) [Dbg] [MulticopterMotorModel.cc:386] Listening to topic: x500_depth_0/command/motor_speed
(2023-11-06T16:04:14.545709491) (2023-11-06T16:04:14.545722507) [Dbg] [SystemManager.cc:74] Loaded system [gz::sim::systems::MulticopterMotorModel] for entity [56]
(2023-11-06T16:04:14.546174397) (2023-11-06T16:04:14.546191531) [Wrn] [MulticopterMotorModel.cc:257] No robotNamespace set using entity name.
(2023-11-06T16:04:14.546220907) (2023-11-06T16:04:14.546229760) [Wrn] [MulticopterMotorModel.cc:295] <motorNumber> is depricated, please use <actuator_number>.
(2023-11-06T16:04:14.546286972) (2023-11-06T16:04:14.546299692) [Dbg] [MulticopterMotorModel.cc:386] Listening to topic: x500_depth_0/command/motor_speed
(2023-11-06T16:04:14.546577673) (2023-11-06T16:04:14.546596447) [Dbg] [SystemManager.cc:74] Loaded system [gz::sim::systems::MulticopterMotorModel] for entity [56]
(2023-11-06T16:04:14.547012589) (2023-11-06T16:04:14.547025355) [Wrn] [MulticopterMotorModel.cc:257] No robotNamespace set using entity name.
(2023-11-06T16:04:14.547050396) (2023-11-06T16:04:14.547059466) [Wrn] [MulticopterMotorModel.cc:295] <motorNumber> is depricated, please use <actuator_number>.
(2023-11-06T16:04:14.547123927) (2023-11-06T16:04:14.547134175) [Dbg] [MulticopterMotorModel.cc:386] Listening to topic: x500_depth_0/command/motor_speed
(2023-11-06T16:04:14.547421296) (2023-11-06T16:04:14.547439268) [Dbg] [SystemManager.cc:74] Loaded system [gz::sim::systems::MulticopterMotorModel] for entity [56]
(2023-11-06T16:04:14.547879057) (2023-11-06T16:04:14.547896085) [Wrn] [MulticopterMotorModel.cc:257] No robotNamespace set using entity name.
(2023-11-06T16:04:14.547926735) (2023-11-06T16:04:14.547935803) [Wrn] [MulticopterMotorModel.cc:295] <motorNumber> is depricated, please use <actuator_number>.
(2023-11-06T16:04:14.547992277) (2023-11-06T16:04:14.548005902) [Dbg] [MulticopterMotorModel.cc:386] Listening to topic: x500_depth_0/command/motor_speed
(2023-11-06T16:04:14.548358221) (2023-11-06T16:04:14.548375050) [Dbg] [SystemManager.cc:74] Loaded system [gz::sim::systems::MulticopterMotorModel] for entity [56]
(2023-11-06T16:04:14.548815379) (2023-11-06T16:04:14.548826318) [Dbg] [UserCommands.cc:1263] Created entity [56] named [x500_depth_0]
(2023-11-06T16:04:14.570289613) (2023-11-06T16:04:14.570313725) [Dbg] [SimulationFeatures.cc:72] Simulation timestep set to: 0.004
(2023-11-06T16:04:14.572324747) (2023-11-06T16:04:14.572378997) [Dbg] [Sensors.cc:659] Initialization needed
(2023-11-06T16:04:14.572469068) (2023-11-06T16:04:14.572491520) [Dbg] [Sensors.cc:257] Initializing render context
(2023-11-06T16:04:14.572713641) (2023-11-06T16:04:14.572728431) [Msg] Loading plugin [gz-rendering-ogre2]
(2023-11-06T16:04:14.573288478) (2023-11-06T16:04:14.573307488) [Dbg] [ImuSensor.cc:149] IMU data for [x500_depth_0::base_link::imu_sensor] advertised on [world/default/model/x500_depth_0/link/base_link/sensor/imu_sensor/imu]
2023-11-06T16:04:14.573656064) (2023-11-06T16:04:14.573680864) [Dbg] [AirPressureSensor.cc:126] Air pressure for [x500_depth_0::base_link::air_pressure_sensor] advertised on [world/default/model/x500_depth_0/link/base_link/sensor/air_pressure_sensor/air_pressure]
(2023-11-06T16:04:14.574623822) (2023-11-06T16:04:14.574644281) [Msg] Serving scene information on [/world/default/scene/info]
(2023-11-06T16:04:14.574783064) (2023-11-06T16:04:14.574801314) [Msg] Serving graph information on [/world/default/scene/graph]
(2023-11-06T16:04:14.575081718) (2023-11-06T16:04:14.575100450) [Msg] Serving full state on [/world/default/state]
(2023-11-06T16:04:14.575221806) (2023-11-06T16:04:14.575241139) [Msg] Serving full state (async) on [/world/default/state_async]
(2023-11-06T16:04:14.575422965) (2023-11-06T16:04:14.575441882) [Msg] Publishing scene information on [/world/default/scene/info]
(2023-11-06T16:04:14.575616529) (2023-11-06T16:04:14.575634566) [Msg] Publishing entity deletions on [/world/default/scene/deletion]
(2023-11-06T16:04:14.575760339) (2023-11-06T16:04:14.575777921) [Msg] Publishing state changes on [/world/default/state]
(2023-11-06T16:04:14.575906443) (2023-11-06T16:04:14.575918232) [Msg] Publishing pose messages on [/world/default/pose/info]
(2023-11-06T16:04:14.576122695) (2023-11-06T16:04:14.576140198) [Msg] Publishing dynamic pose messages on [/world/default/dynamic_pose/info]
(2023-11-06T16:04:14.577104203) (2023-11-06T16:04:14.577120486) [Dbg] [EntityComponentManager.cc:1655] Updated state thread iterators: 8 threads processing around 13 entities each.
(2023-11-06T16:04:14.603474493) (2023-11-06T16:04:14.603522513) [Wrn] [Component.hh:144] Trying to serialize component with data type [N3sdf3v135WorldE], which doesn't have `operator<<`. Component will not be serialized.
(2023-11-06T16:04:14.603811727) (2023-11-06T16:04:14.603870827) [Wrn] [Model.hh:69] Skipping serialization / deserialization for models with //pose/@relative_to attribute.
(2023-11-06T16:04:14.607002983) (2023-11-06T16:04:14.607029729) (((2023-11-06T16:04:14.607083730) [Dbg] [SimulationRunner.cc:530] ) (Exiting postupdate worker thread ((2023-11-06T16:04:14.607142460) 2023-11-06T16:04:14.607182304) (2023-11-06T16:04:14.6071074042023-11-06T16:04:14.6071074042023-11-06T16:04:14.607206068) () () 44) ) ) (2023-11-06T16:04:14.607295041) ) 2023-11-06T16:04:14.607285674)
) [Dbg] [SimulationRunner.cc:530] Exiting postupdate worker thread (1)
[Dbg] [SimulationRunner.cc:530] Exiting postupdate worker thread (0)
[Dbg] [SimulationRunner.cc:530] Exiting postupdate worker thread (3)

Exiting postupdate worker thread ([Dbg] [SimulationRunner.cc:530] Exiting postupdate worker thread (2)
5)
(2023-11-06T16:04:14.607811760) (2023-11-06T16:04:14.607833033) [Dbg] [SimulationRunner.cc:503] Creating PostUpdate worker threads: 7
(2023-11-06T16:04:14.607887998) (2023-11-06T16:04:14.607902986) [Dbg] [SimulationRunner.cc:514] Creating postupdate worker thread (0)
(2023-11-06T16:04:14.609738867) (2023-11-06T16:04:14.609760666) [Dbg] [SimulationRunner.cc:514] Creating postupdate worker thread (1)
(2023-11-06T16:04:14.609841489) (2023-11-06T16:04:14.609858771) [Dbg] [SimulationRunner.cc:514] Creating postupdate worker thread (2)
(2023-11-06T16:04:14.609944224) (2023-11-06T16:04:14.609961263) [Dbg] [SimulationRunner.cc:514] Creating postupdate worker thread (3)
(2023-11-06T16:04:14.610039421) (2023-11-06T16:04:14.610055220) [Dbg] [SimulationRunner.cc:514] Creating postupdate worker thread (4)
(2023-11-06T16:04:14.610168699) (2023-11-06T16:04:14.610186338) [Dbg] [SimulationRunner.cc:514] Creating postupdate worker thread (5)
(2023-11-06T16:04:15.18126799) (2023-11-06T16:04:15.18141975) [Dbg] [RenderUtil.cc:2720] Create scene [scene]
(2023-11-06T16:04:15.91088665) (2023-11-06T16:04:15.91107606) [Dbg] [Sensors.cc:277] Rendering Thread initialized
(2023-11-06T16:04:15.91166899) (2023-11-06T16:04:15.91192409) [Dbg] [Sensors.cc:659] Initialization needed
(2023-11-06T16:04:15.97572451) (2023-11-06T16:04:15.97588259) [Wrn] [FuelClient.cc:1952] The fuel.ignitionrobotics.org URL is deprecrated. Pleasse change https://fuel.ignitionrobotics.org/1.0/openrobotics/models/prius hybrid/2/files/meshes/Hybrid.obj to https://fuel.gazebosim.org/1.0/openrobotics/models/prius hybrid/2/files/meshes/Hybrid.obj
(2023-11-06T16:04:15.97703751) (2023-11-06T16:04:15.97714338) [Wrn] [FuelClient.cc:1952] The fuel.ignitionrobotics.org URL is deprecrated. Pleasse change https://fuel.ignitionrobotics.org/1.0/openrobotics/models/prius hybrid/2/files/meshes/Hybrid.obj to https://fuel.gazebosim.org/1.0/openrobotics/models/prius hybrid/2/files/meshes/Hybrid.obj
(2023-11-06T16:04:15.102259044) (2023-11-06T16:04:15.102273827) [Wrn] [OBJLoader.cc:91] Both `d` and `Tr` parameters defined for "Hybrid". Use the value of `d` for dissolve (line 8 in .mtl.)
Both `d` and `Tr` parameters defined for "Wheels3". Use the value of `d` for dissolve (line 22 in .mtl.)
Both `d` and `Tr` parameters defined for "Hybrid_Interior". Use the value of `d` for dissolve (line 36 in .mtl.)
Both `d` and `Tr` parameters defined for "Windows". Use the value of `d` for dissolve (line 50 in .mtl.)

(2023-11-06T16:04:15.233330797) (2023-11-06T16:04:15.233344801) [Err] [SceneManager.cc:887] PBR material: currently only metal workflow is supported. Gazebo will try to render the material using metal workflow but without Roughness / Metalness settings.
(2023-11-06T16:04:18.26912541) (2023-11-06T16:04:18.26930530) [Dbg] [CameraSensor.cc:458] Camera images for [prius_hybrid::chassis::back_camera_sensor] advertised on [back_camera]
(2023-11-06T16:04:18.27179674) (2023-11-06T16:04:18.27195977) [Dbg] [CameraSensor.cc:786] Camera info for [prius_hybrid::chassis::back_camera_sensor] advertised on [/camera_info]
(2023-11-06T16:04:18.27389216) (2023-11-06T16:04:18.27400674) [Wrn] [Ogre2Camera.cc:412] Ogre2Camera::SetVisibilityMask: Mask bits c0000000 are set but will be ignored as they conflict with the reserved bits used internally by the ogre2 backend.
(2023-11-06T16:04:18.27970800) (2023-11-06T16:04:18.27987717) [Dbg] [CameraSensor.cc:458] Camera images for [prius_hybrid::chassis::front_camera_sensor] advertised on [front_camera]
(2023-11-06T16:04:18.28101466) (2023-11-06T16:04:18.28119610) [Dbg] [CameraSensor.cc:786] Camera info for [prius_hybrid::chassis::front_camera_sensor] advertised on [/camera_info]
(2023-11-06T16:04:18.28196059) (2023-11-06T16:04:18.28206086) [Wrn] [Ogre2Camera.cc:412] Ogre2Camera::SetVisibilityMask: Mask bits c0000000 are set but will be ignored as they conflict with the reserved bits used internally by the ogre2 backend.
(2023-11-06T16:04:18.28587256) (2023-11-06T16:04:18.28606575) [Dbg] [CameraSensor.cc:458] Camera images for [prius_hybrid::chassis::left_camera_sensor] advertised on [left_camera]
(2023-11-06T16:04:18.28721110) (2023-11-06T16:04:18.28738386) [Dbg] [CameraSensor.cc:786] Camera info for [prius_hybrid::chassis::left_camera_sensor] advertised on [/camera_info]
(2023-11-06T16:04:18.28830487) (2023-11-06T16:04:18.28841138) [Wrn] [Ogre2Camera.cc:412] Ogre2Camera::SetVisibilityMask: Mask bits c0000000 are set but will be ignored as they conflict with the reserved bits used internally by the ogre2 backend.
(2023-11-06T16:04:18.29130617) (2023-11-06T16:04:18.29150675) [Dbg] [CameraSensor.cc:458] Camera images for [prius_hybrid::chassis::right_camera_sensor] advertised on [right_camera]
(2023-11-06T16:04:18.29296613) (2023-11-06T16:04:18.29314958) [Dbg] [CameraSensor.cc:786] Camera info for [prius_hybrid::chassis::right_camera_sensor] advertised on [/camera_info]
(2023-11-06T16:04:18.29386329) (2023-11-06T16:04:18.29396266) [Wrn] [Ogre2Camera.cc:412] Ogre2Camera::SetVisibilityMask: Mask bits c0000000 are set but will be ignored as they conflict with the reserved bits used internally by the ogre2 backend.
(2023-11-06T16:04:18.29692275) (2023-11-06T16:04:18.29709198) [Dbg] [CameraSensor.cc:458] Camera images for [x500_depth_0::OakD-Lite/base_link::IMX214] advertised on [camera]
(2023-11-06T16:04:18.29835385) (2023-11-06T16:04:18.29853363) [Dbg] [CameraSensor.cc:786] Camera info for [x500_depth_0::OakD-Lite/base_link::IMX214] advertised on [/camera_info]
(2023-11-06T16:04:18.29962197) (2023-11-06T16:04:18.29978933) [Wrn] [Ogre2Camera.cc:412] Ogre2Camera::SetVisibilityMask: Mask bits c0000000 are set but will be ignored as they conflict with the reserved bits used internally by the ogre2 backend.
(2023-11-06T16:04:18.30457718) (2023-11-06T16:04:18.30475595) [Dbg] [DepthCameraSensor.cc:282] Depth images for [x500_depth_0::OakD-Lite/base_link::StereoOV7251] advertised on [depth_camera]
(2023-11-06T16:04:18.30617919) (2023-11-06T16:04:18.30635866) [Dbg] [CameraSensor.cc:786] Camera info for [x500_depth_0::OakD-Lite/base_link::StereoOV7251] advertised on [/camera_info]
(2023-11-06T16:04:18.30872516) (2023-11-06T16:04:18.30891174) [Dbg] [DepthCameraSensor.cc:299] Points for [x500_depth_0::OakD-Lite/base_link::StereoOV7251] advertised on [depth_camera/points]
(2023-11-06T16:04:18.56915864) (2023-11-06T16:04:18.56934182) [Dbg] [CameraSensor.cc:583] Enabling camera sensor: 'x500_depth_0::OakD-Lite/base_link::IMX214' data generation.
(2023-11-06T16:06:42.626721289) (2023-11-06T16:06:42.626758275) [Dbg] [SignalHandler.cc:142] Received signal[2].
(2023-11-06T16:06:42.626840424) (2023-11-06T16:06:42.626858333) [Dbg] [ServerPrivate.cc:115] Server received signal[2]
(2023-11-06T16:06:42.626910443) (2023-11-06T16:06:42.626927214) [Dbg] [Sensors.cc:433] SensorsPrivate::Stop
(2023-11-06T16:06:42.734793890) (2023-11-06T16:06:42.734814662) [Dbg] [Sensors.cc:419] SensorsPrivate::RenderThread stopped
(2023-11-06T16:06:42.740413975) (2023-11-06T16:06:42.740442536) [Dbg] [gz.cc:417] Shutting down gz-sim-server
((((2023-11-06T16:06:42.747930699) ((2023-11-06T16:06:42.7480460852023-11-06T16:06:42.747954627) () 2023-11-06T16:06:42.748082002) 2023-11-06T16:06:42.748082002) () 2023-11-06T16:06:42.748082002) () 2023-11-06T16:06:42.748082002) (() ) 2023-11-06T16:06:42.748145064) ) [Dbg] [SimulationRunner.cc:530] ) [Dbg] [SimulationRunner.cc:530] 2023-11-06T16:06:42.7481137652023-11-06T16:06:42.747997379) ) ) ) 2023-11-06T16:06:42.7482028112023-11-06T16:06:42.748202811() (Exiting postupdate worker thread (2023-11-06T16:06:42.748235522Exiting postupdate worker thread (2023-11-06T16:06:42.7482355222023-11-06T16:06:42.748252957) ) Exiting postupdate worker thread ([Dbg] [SimulationRunner.cc:530] Exiting postupdate worker thread ([Dbg] [SimulationRunner.cc:530] 2023-11-06T16:06:42.7482901232023-11-06T16:06:42.748290123Exiting postupdate worker thread (0)
[Dbg] [SimulationRunner.cc:530] Exiting postupdate worker thread ([Dbg] [SimulationRunner.cc:530] 4)) ) 
[Dbg] [SimulationRunner.cc:530] Exiting postupdate worker thread (5)
[Dbg] [SimulationRunner.cc:530] Exiting postupdate worker thread (2)
Exiting postupdate worker thread (1)
3)
(2023-11-06T16:06:42.809174542) (2023-11-06T16:06:42.809217937) [Dbg] [Sensors.cc:433] SensorsPrivate::Stop
