(2023-11-02T08:29:35.314409148) (2023-11-02T08:29:35.314419232) [Msg] Gazebo Sim Server v7.6.0
(2023-11-02T08:29:35.318007260) (2023-11-02T08:29:35.318014924) [Msg] Loading SDF world file[/home/bassam/PX4-Autopilot/Tools/simulation/gz/worlds/default.sdf].
(2023-11-02T08:29:35.417260756) (2023-11-02T08:29:35.417269576) [Msg] Serving entity system service on [/entity/system/add]
(2023-11-02T08:29:35.607110788) (2023-11-02T08:29:35.607126796) [Dbg] [Physics.cc:880] Loaded [gz::physics::dartsim::Plugin] from library [/usr/lib/x86_64-linux-gnu/gz-physics-6/engine-plugins/libgz-physics-dartsim-plugin.so]
(2023-11-02T08:29:35.607199149) (2023-11-02T08:29:35.607207102) [Dbg] [SystemManager.cc:74] Loaded system [gz::sim::systems::Physics] for entity [1]
(2023-11-02T08:29:35.610099956) (2023-11-02T08:29:35.610111824) [Msg] Create service on [/world/default/create]
(2023-11-02T08:29:35.710597724) (2023-11-02T08:29:35.710613984) [Msg] Remove service on [/world/default/remove]
(2023-11-02T08:29:35.710734344) (2023-11-02T08:29:35.710743767) [Msg] Pose service on [/world/default/set_pose]
(2023-11-02T08:29:35.710851999) (2023-11-02T08:29:35.710861680) [Msg] Pose service on [/world/default/set_pose_vector]
(2023-11-02T08:29:35.711007088) (2023-11-02T08:29:35.711016055) [Msg] Light configuration service on [/world/default/light_config]
(2023-11-02T08:29:35.711235582) (2023-11-02T08:29:35.711244028) [Msg] Physics service on [/world/default/set_physics]
(2023-11-02T08:29:35.711379067) (2023-11-02T08:29:35.711385449) [Msg] SphericalCoordinates service on [/world/default/set_spherical_coordinates]
(2023-11-02T08:29:35.711438436) (2023-11-02T08:29:35.711446551) [Msg] Enable collision service on [/world/default/enable_collision]
(2023-11-02T08:29:35.711498150) (2023-11-02T08:29:35.711503612) [Msg] Disable collision service on [/world/default/disable_collision]
(2023-11-02T08:29:35.711635122) (2023-11-02T08:29:35.711641086) [Msg] Material service on [/world/default/visual_config]
(2023-11-02T08:29:35.711727783) (2023-11-02T08:29:35.711733592) [Msg] Material service on [/world/default/wheel_slip]
(2023-11-02T08:29:35.711760721) (2023-11-02T08:29:35.711767690) [Dbg] [SystemManager.cc:74] Loaded system [gz::sim::systems::UserCommands] for entity [1]
(2023-11-02T08:29:35.714670253) (2023-11-02T08:29:35.714679471) [Dbg] [SystemManager.cc:74] Loaded system [gz::sim::systems::SceneBroadcaster] for entity [1]
(2023-11-02T08:29:35.715988014) (2023-11-02T08:29:35.715995295) [Dbg] [SystemManager.cc:74] Loaded system [gz::sim::systems::Contact] for entity [1]
(2023-11-02T08:29:35.718866261) (2023-11-02T08:29:35.718876361) [Dbg] [SystemManager.cc:74] Loaded system [gz::sim::systems::Imu] for entity [1]
(2023-11-02T08:29:35.720568254) (2023-11-02T08:29:35.720576014) [Dbg] [SystemManager.cc:74] Loaded system [gz::sim::systems::AirPressure] for entity [1]
(2023-11-02T08:29:35.722448499) (2023-11-02T08:29:35.722458327) [Msg] Listening to instantaneous wrench commands in [/world/default/wrench]
(2023-11-02T08:29:35.722559750) (2023-11-02T08:29:35.722568446) [Msg] Listening to persistent wrench commands in [/world/default/wrench/persistent]
(2023-11-02T08:29:35.722634184) (2023-11-02T08:29:35.722641399) [Msg] Listening to wrench clear commands in [/world/default/wrench/clear]
(2023-11-02T08:29:35.722670655) (2023-11-02T08:29:35.722675889) [Dbg] [SystemManager.cc:74] Loaded system [gz::sim::systems::ApplyLinkWrench] for entity [1]
(2023-11-02T08:29:35.736484023) (2023-11-02T08:29:35.736495041) [Dbg] [Sensors.cc:506] Configuring Sensors system
(2023-11-02T08:29:35.736646749) (2023-11-02T08:29:35.736654217) [Dbg] [Sensors.cc:425] SensorsPrivate::Run
(2023-11-02T08:29:35.736734732) (2023-11-02T08:29:35.736741983) [Dbg] [SystemManager.cc:74] Loaded system [gz::sim::systems::Sensors] for entity [1]
(2023-11-02T08:29:35.736789800) (2023-11-02T08:29:35.736803793) [Dbg] [Sensors.cc:402] SensorsPrivate::RenderThread started
(2023-11-02T08:29:35.736831265) (2023-11-02T08:29:35.736838482) [Dbg] [Sensors.cc:245] Waiting for init
(2023-11-02T08:29:35.739884472) (2023-11-02T08:29:35.739902814) [Wrn] [SystemLoader.cc:79] Trying to load deprecated plugin [ignition-gazebo-ackermann-steering-system]. Using [gz-sim-ackermann-steering-system] instead.
(2023-11-02T08:29:35.742248588) (2023-11-02T08:29:35.742263493) [Msg] AckermannSteering subscribing to twist messages on [/cmd_vel]
(2023-11-02T08:29:35.742529337) (2023-11-02T08:29:35.742539715) [Dbg] [SystemManager.cc:74] Loaded system [ignition::gazebo::systems::AckermannSteering] for entity [8]
(2023-11-02T08:29:35.742711182) (2023-11-02T08:29:35.742721387) [Msg] Loaded level [3]
(2023-11-02T08:29:35.744754736) (2023-11-02T08:29:35.744769561) [Msg] Serving world controls on [/world/default/control], [/world/default/control/state] and [/world/default/playback/control]
(2023-11-02T08:29:35.745026375) (2023-11-02T08:29:35.745037264) [Msg] Serving GUI information on [/world/default/gui/info]
(2023-11-02T08:29:35.745066269) (2023-11-02T08:29:35.745074353) [Msg] World [default] initialized with [default_physics] physics profile.
(2023-11-02T08:29:35.745237687) (2023-11-02T08:29:35.745247633) [Msg] Serving world SDF generation service on [/world/default/generate_world_sdf]
(2023-11-02T08:29:35.745369530) (2023-11-02T08:29:35.745379417) [Msg] Serving world names on [/gazebo/worlds]
(2023-11-02T08:29:35.745456477) (2023-11-02T08:29:35.745465299) [Msg] Resource path add service on [/gazebo/resource_paths/add].
(2023-11-02T08:29:35.745537337) (2023-11-02T08:29:35.745546605) [Msg] Resource path get service on [/gazebo/resource_paths/get].
(2023-11-02T08:29:35.745622155) (2023-11-02T08:29:35.745631491) [Msg] Resource path resolve service on [/gazebo/resource_paths/resolve].
(2023-11-02T08:29:35.745735903) (2023-11-02T08:29:35.745745081) [Msg] Resource paths published on [/gazebo/resource_paths].
(2023-11-02T08:29:35.846154756) (2023-11-02T08:29:35.846166533) [Msg] Server control service on [/server_control].
(2023-11-02T08:29:37.316712155) (2023-11-02T08:29:37.316722981) [Msg] Found no publishers on /stats, adding root stats topic
(2023-11-02T08:29:37.316905628) (2023-11-02T08:29:37.316915428) [Msg] Found no publishers on /clock, adding root clock topic
(2023-11-02T08:29:37.317135368) (2023-11-02T08:29:37.317145165) [Dbg] [SimulationRunner.cc:503] Creating PostUpdate worker threads: 7
(2023-11-02T08:29:37.317174260) (2023-11-02T08:29:37.317182172) [Dbg] [SimulationRunner.cc:514] Creating postupdate worker thread (0)
(2023-11-02T08:29:37.317264670) (2023-11-02T08:29:37.317274009) [Dbg] [SimulationRunner.cc:514] Creating postupdate worker thread (1)
(2023-11-02T08:29:37.317329765) (2023-11-02T08:29:37.317338134) [Dbg] [SimulationRunner.cc:514] Creating postupdate worker thread (2)
(2023-11-02T08:29:37.317400933) (2023-11-02T08:29:37.317410353) [Dbg] [SimulationRunner.cc:514] Creating postupdate worker thread (3)
(2023-11-02T08:29:37.317477361) (2023-11-02T08:29:37.317486481) [Dbg] [SimulationRunner.cc:514] Creating postupdate worker thread (4)
(2023-11-02T08:29:37.317546574) (2023-11-02T08:29:37.317555725) [Dbg] [SimulationRunner.cc:514] Creating postupdate worker thread (5)
(2023-11-02T08:29:37.497418271) (2023-11-02T08:29:37.497429217) [Wrn] [MulticopterMotorModel.cc:257] No robotNamespace set using entity name.
(2023-11-02T08:29:37.497453807) (2023-11-02T08:29:37.497458943) [Wrn] [MulticopterMotorModel.cc:295] <motorNumber> is depricated, please use <actuator_number>.
(2023-11-02T08:29:37.497502703) (2023-11-02T08:29:37.497507861) [Dbg] [MulticopterMotorModel.cc:386] Listening to topic: x500_depth_0/command/motor_speed
(2023-11-02T08:29:37.497728598) (2023-11-02T08:29:37.497734937) [Dbg] [SystemManager.cc:74] Loaded system [gz::sim::systems::MulticopterMotorModel] for entity [56]
(2023-11-02T08:29:37.497949046) (2023-11-02T08:29:37.497955475) [Wrn] [MulticopterMotorModel.cc:257] No robotNamespace set using entity name.
(2023-11-02T08:29:37.497968805) (2023-11-02T08:29:37.497973388) [Wrn] [MulticopterMotorModel.cc:295] <motorNumber> is depricated, please use <actuator_number>.
(2023-11-02T08:29:37.498003984) (2023-11-02T08:29:37.498008871) [Dbg] [MulticopterMotorModel.cc:386] Listening to topic: x500_depth_0/command/motor_speed
(2023-11-02T08:29:37.498110433) (2023-11-02T08:29:37.498116773) [Dbg] [SystemManager.cc:74] Loaded system [gz::sim::systems::MulticopterMotorModel] for entity [56]
(2023-11-02T08:29:37.498300951) (2023-11-02T08:29:37.498307005) [Wrn] [MulticopterMotorModel.cc:257] No robotNamespace set using entity name.
(2023-11-02T08:29:37.498319945) (2023-11-02T08:29:37.498324459) [Wrn] [MulticopterMotorModel.cc:295] <motorNumber> is depricated, please use <actuator_number>.
(2023-11-02T08:29:37.498354004) (2023-11-02T08:29:37.498371744) [Dbg] [MulticopterMotorModel.cc:386] Listening to topic: x500_depth_0/command/motor_speed
(2023-11-02T08:29:37.498477012) (2023-11-02T08:29:37.498483076) [Dbg] [SystemManager.cc:74] Loaded system [gz::sim::systems::MulticopterMotorModel] for entity [56]
(2023-11-02T08:29:37.498665387) (2023-11-02T08:29:37.498671514) [Wrn] [MulticopterMotorModel.cc:257] No robotNamespace set using entity name.
(2023-11-02T08:29:37.498684644) (2023-11-02T08:29:37.498689117) [Wrn] [MulticopterMotorModel.cc:295] <motorNumber> is depricated, please use <actuator_number>.
(2023-11-02T08:29:37.498718785) (2023-11-02T08:29:37.498723576) [Dbg] [MulticopterMotorModel.cc:386] Listening to topic: x500_depth_0/command/motor_speed
(2023-11-02T08:29:37.498834621) (2023-11-02T08:29:37.498840883) [Dbg] [SystemManager.cc:74] Loaded system [gz::sim::systems::MulticopterMotorModel] for entity [56]
(2023-11-02T08:29:37.499069397) (2023-11-02T08:29:37.499075053) [Dbg] [UserCommands.cc:1263] Created entity [56] named [x500_depth_0]
(2023-11-02T08:29:37.516267841) (2023-11-02T08:29:37.516278778) [Dbg] [SimulationFeatures.cc:72] Simulation timestep set to: 0.004
(2023-11-02T08:29:37.517443628) (2023-11-02T08:29:37.517460455) [Dbg] [Sensors.cc:659] Initialization needed
(2023-11-02T08:29:37.517500701) (2023-11-02T08:29:37.517509674) [Dbg] [Sensors.cc:257] Initializing render context
(2023-11-02T08:29:37.517599466) (2023-11-02T08:29:37.517605564) [Msg] Loading plugin [gz-rendering-ogre2]
(2023-11-02T08:29:37.517907428) (2023-11-02T08:29:37.517916754) [Dbg] [AirPressureSensor.cc:126] Air pressure for [x500_depth_0::base_link::air_pressure_sensor] advertised on [(world/default/model/x500_depth_0/link/base_link/sensor/air_pressure_sensor/air_pressure]2023-11-02T08:29:37.517954379) (2023-11-02T08:29:37.517974669) 
[Dbg] [ImuSensor.cc:149] IMU data for [x500_depth_0::base_link::imu_sensor] advertised on [world/default/model/x500_depth_0/link/base_link/sensor/imu_sensor/imu]
(2023-11-02T08:29:37.518470754) (2023-11-02T08:29:37.518480699) [Msg] Serving scene information on [/world/default/scene/info]
(2023-11-02T08:29:37.518564571) (2023-11-02T08:29:37.518570874) [Msg] Serving graph information on [/world/default/scene/graph]
(2023-11-02T08:29:37.518722447) (2023-11-02T08:29:37.518729029) [Msg] Serving full state on [/world/default/state]
(2023-11-02T08:29:37.518788506) (2023-11-02T08:29:37.518794652) [Msg] Serving full state (async) on [/world/default/state_async]
(2023-11-02T08:29:37.518854810) (2023-11-02T08:29:37.518864253) [Msg] Publishing scene information on [/world/default/scene/info]
(2023-11-02T08:29:37.518965428) (2023-11-02T08:29:37.518974940) [Msg] Publishing entity deletions on [/world/default/scene/deletion]
(2023-11-02T08:29:37.519037789) (2023-11-02T08:29:37.519046870) [Msg] Publishing state changes on [/world/default/state]
(2023-11-02T08:29:37.519123577) (2023-11-02T08:29:37.519132411) [Msg] Publishing pose messages on [/world/default/pose/info]
(2023-11-02T08:29:37.519228796) (2023-11-02T08:29:37.519237036) [Msg] Publishing dynamic pose messages on [/world/default/dynamic_pose/info]
(2023-11-02T08:29:37.519730080) (2023-11-02T08:29:37.519737671) [Dbg] [EntityComponentManager.cc:1655] Updated state thread iterators: 8 threads processing around 13 entities each.
(2023-11-02T08:29:37.529485923) (2023-11-02T08:29:37.529504814) [Wrn] [Component.hh:144] Trying to serialize component with data type [N3sdf3v135WorldE], which doesn't have `operator<<`. Component will not be serialized.
(2023-11-02T08:29:37.529647061) (2023-11-02T08:29:37.529656085) [Wrn] [Model.hh:69] Skipping serialization / deserialization for models with //pose/@relative_to attribute.
(((2023-11-02T08:29:37.531354005) (2023-11-02T08:29:37.531358392) ((2023-11-02T08:29:37.531380774(2023-11-02T08:29:37.531380774(2023-11-02T08:29:37.5313664522023-11-02T08:29:37.5313966302023-11-02T08:29:37.531396630) 2023-11-02T08:29:37.531396630) [Dbg] [SimulationRunner.cc:530] Exiting postupdate worker thread (0)
2023-11-02T08:29:37.5314299562023-11-02T08:29:37.531429956) (2023-11-02T08:29:37.531441040) (2023-11-02T08:29:37.531467521) [Dbg] [SimulationRunner.cc:530] 2023-11-02T08:29:37.5314718582023-11-02T08:29:37.5314718582023-11-02T08:29:37.531482243) (2023-11-02T08:29:37.5314998712023-11-02T08:29:37.531499871) (2023-11-02T08:29:37.531517676) ) Exiting postupdate worker thread (4)
[Dbg] [SimulationRunner.cc:530] Exiting postupdate worker thread (3)
Exiting postupdate worker thread (2)
[Dbg] [SimulationRunner.cc:530] Exiting postupdate worker thread (1Exiting postupdate worker thread (5)

(2023-11-02T08:29:37.531730290) (2023-11-02T08:29:37.531738441) [Dbg] [SimulationRunner.cc:503] Creating PostUpdate worker threads: 7
(2023-11-02T08:29:37.531759542) (2023-11-02T08:29:37.531765447) [Dbg] [SimulationRunner.cc:514] Creating postupdate worker thread (0)
(2023-11-02T08:29:37.532780864) (2023-11-02T08:29:37.532791373) [Dbg] [SimulationRunner.cc:514] Creating postupdate worker thread (1)
(2023-11-02T08:29:37.532829524) (2023-11-02T08:29:37.532837608) [Dbg] [SimulationRunner.cc:514] Creating postupdate worker thread (2)
(2023-11-02T08:29:37.532880842) (2023-11-02T08:29:37.532886825) [Dbg] [SimulationRunner.cc:514] Creating postupdate worker thread (3)
(2023-11-02T08:29:37.532913377) (2023-11-02T08:29:37.532918465) [Dbg] [SimulationRunner.cc:514] Creating postupdate worker thread (4)
(2023-11-02T08:29:37.532964973) (2023-11-02T08:29:37.532970233) [Dbg] [SimulationRunner.cc:514] Creating postupdate worker thread (5)
(2023-11-02T08:29:37.755053759) (2023-11-02T08:29:37.755060693) [Dbg] [RenderUtil.cc:2720] Create scene [scene]
((2023-11-02T08:29:37.802017595) (2023-11-02T08:29:37.802031595) (2023-11-02T08:29:37.802047020) 2023-11-02T08:29:37.802039738) [Dbg] [Sensors.cc:659] Initialization needed
Rendering Thread initialized

(2023-11-02T08:29:37.805877429) (2023-11-02T08:29:37.805885649) [Wrn] [FuelClient.cc:1952] The fuel.ignitionrobotics.org URL is deprecrated. Pleasse change https://fuel.ignitionrobotics.org/1.0/openrobotics/models/prius hybrid/2/files/meshes/Hybrid.obj to https://fuel.gazebosim.org/1.0/openrobotics/models/prius hybrid/2/files/meshes/Hybrid.obj
(2023-11-02T08:29:37.805950134) (2023-11-02T08:29:37.805955509) [Wrn] [FuelClient.cc:1952] The fuel.ignitionrobotics.org URL is deprecrated. Pleasse change https://fuel.ignitionrobotics.org/1.0/openrobotics/models/prius hybrid/2/files/meshes/Hybrid.obj to https://fuel.gazebosim.org/1.0/openrobotics/models/prius hybrid/2/files/meshes/Hybrid.obj
(2023-11-02T08:29:37.809364378) (2023-11-02T08:29:37.809373988) [Wrn] [OBJLoader.cc:91] Both `d` and `Tr` parameters defined for "Hybrid". Use the value of `d` for dissolve (line 8 in .mtl.)
Both `d` and `Tr` parameters defined for "Wheels3". Use the value of `d` for dissolve (line 22 in .mtl.)
Both `d` and `Tr` parameters defined for "Hybrid_Interior". Use the value of `d` for dissolve (line 36 in .mtl.)
Both `d` and `Tr` parameters defined for "Windows". Use the value of `d` for dissolve (line 50 in .mtl.)

(2023-11-02T08:29:37.875237480) (2023-11-02T08:29:37.875244788) [Err] [SceneManager.cc:887] PBR material: currently only metal workflow is supported. Gazebo will try to render the material using metal workflow but without Roughness / Metalness settings.
(2023-11-02T08:29:39.323285803) (2023-11-02T08:29:39.323295602) [Dbg] [CameraSensor.cc:458] Camera images for [prius_hybrid::chassis::back_camera_sensor] advertised on [back_camera]
(2023-11-02T08:29:39.323421156) (2023-11-02T08:29:39.323431215) [Dbg] [CameraSensor.cc:786] Camera info for [prius_hybrid::chassis::back_camera_sensor] advertised on [/camera_info]
(2023-11-02T08:29:39.323579299) (2023-11-02T08:29:39.323585157) [Wrn] [Ogre2Camera.cc:412] Ogre2Camera::SetVisibilityMask: Mask bits c0000000 are set but will be ignored as they conflict with the reserved bits used internally by the ogre2 backend.
(2023-11-02T08:29:39.323851091) (2023-11-02T08:29:39.323861117) [Dbg] [CameraSensor.cc:458] Camera images for [prius_hybrid::chassis::front_camera_sensor] advertised on [front_camera]
(2023-11-02T08:29:39.323922866) (2023-11-02T08:29:39.323932485) [Dbg] [CameraSensor.cc:786] Camera info for [prius_hybrid::chassis::front_camera_sensor] advertised on [/camera_info]
(2023-11-02T08:29:39.323973207) (2023-11-02T08:29:39.323978480) [Wrn] [Ogre2Camera.cc:412] Ogre2Camera::SetVisibilityMask: Mask bits c0000000 are set but will be ignored as they conflict with the reserved bits used internally by the ogre2 backend.
(2023-11-02T08:29:39.324125808) (2023-11-02T08:29:39.324135875) [Dbg] [CameraSensor.cc:458] Camera images for [prius_hybrid::chassis::left_camera_sensor] advertised on [left_camera]
(2023-11-02T08:29:39.324195326) (2023-11-02T08:29:39.324204309) [Dbg] [CameraSensor.cc:786] Camera info for [prius_hybrid::chassis::left_camera_sensor] advertised on [/camera_info]
(2023-11-02T08:29:39.324243504) (2023-11-02T08:29:39.324248756) [Wrn] [Ogre2Camera.cc:412] Ogre2Camera::SetVisibilityMask: Mask bits c0000000 are set but will be ignored as they conflict with the reserved bits used internally by the ogre2 backend.
(2023-11-02T08:29:39.324376785) (2023-11-02T08:29:39.324386693) [Dbg] [CameraSensor.cc:458] Camera images for [prius_hybrid::chassis::right_camera_sensor] advertised on [right_camera]
(2023-11-02T08:29:39.324445255) (2023-11-02T08:29:39.324454542) [Dbg] [CameraSensor.cc:786] Camera info for [prius_hybrid::chassis::right_camera_sensor] advertised on [/camera_info]
(2023-11-02T08:29:39.324491420) (2023-11-02T08:29:39.324496679) [Wrn] [Ogre2Camera.cc:412] Ogre2Camera::SetVisibilityMask: Mask bits c0000000 are set but will be ignored as they conflict with the reserved bits used internally by the ogre2 backend.
(2023-11-02T08:29:39.324656483) (2023-11-02T08:29:39.324666427) [Dbg] [CameraSensor.cc:458] Camera images for [x500_depth_0::OakD-Lite/base_link::IMX214] advertised on [camera]
(2023-11-02T08:29:39.324729432) (2023-11-02T08:29:39.324738315) [Dbg] [CameraSensor.cc:786] Camera info for [x500_depth_0::OakD-Lite/base_link::IMX214] advertised on [/camera_info]
(2023-11-02T08:29:39.324783119) (2023-11-02T08:29:39.324788477) [Wrn] [Ogre2Camera.cc:412] Ogre2Camera::SetVisibilityMask: Mask bits c0000000 are set but will be ignored as they conflict with the reserved bits used internally by the ogre2 backend.
(2023-11-02T08:29:39.324985258) (2023-11-02T08:29:39.324994819) [Dbg] [DepthCameraSensor.cc:282] Depth images for [x500_depth_0::OakD-Lite/base_link::StereoOV7251] advertised on [depth_camera]
(2023-11-02T08:29:39.325063637) (2023-11-02T08:29:39.325073137) [Dbg] [CameraSensor.cc:786] Camera info for [x500_depth_0::OakD-Lite/base_link::StereoOV7251] advertised on [/camera_info]
(2023-11-02T08:29:39.325195251) (2023-11-02T08:29:39.325204702) [Dbg] [DepthCameraSensor.cc:299] Points for [x500_depth_0::OakD-Lite/base_link::StereoOV7251] advertised on [depth_camera/points]
(2023-11-02T08:30:46.948973998) (2023-11-02T08:30:46.949001496) [Dbg] [SignalHandler.cc:142] Received signal[2].
(2023-11-02T08:30:46.949050607) (2023-11-02T08:30:46.949065115) [Dbg] [ServerPrivate.cc:115] Server received signal[2]
(2023-11-02T08:30:46.949107192) (2023-11-02T08:30:46.949121563) [Dbg] [Sensors.cc:433] SensorsPrivate::Stop
(2023-11-02T08:30:46.995480468) (2023-11-02T08:30:46.995501805) [Dbg] [Sensors.cc:419] SensorsPrivate::RenderThread stopped
(2023-11-02T08:30:47.6030649) (2023-11-02T08:30:47.6053105) [Dbg] [gz.cc:417] Shutting down gz-sim-server
(((2023-11-02T08:30:47.10610686((2023-11-02T08:30:47.10610686) ((2023-11-02T08:30:47.10663629) [Dbg] [SimulationRunner.cc:530] Exiting postupdate worker thread (3)
2023-11-02T08:30:47.10643164) ((2023-11-02T08:30:47.10781798) (2023-11-02T08:30:47.10798031) [Dbg] [SimulationRunner.cc:530] Exiting postupdate worker thread (2)2023-11-02T08:30:47.10816031)2023-11-02T08:30:47.10816031) (2023-11-02T08:30:47.10852459) 

(
(2023-11-02T08:30:47.10890214) [Dbg] [SimulationRunner.cc:530] Exiting postupdate worker thread (4)
2023-11-02T08:30:47.10903123) (2023-11-02T08:30:47.11055045) ) (2023-11-02T08:30:47.11092086) [Dbg] [SimulationRunner.cc:530] Exiting postupdate worker thread (5)
[Dbg] [SimulationRunner.cc:530] Exiting postupdate worker thread (0)
[Dbg] [SimulationRunner.cc:530] Exiting postupdate worker thread (1)
(2023-11-02T08:30:47.49996725) (2023-11-02T08:30:47.50015012) [Dbg] [Sensors.cc:433] SensorsPrivate::Stop
