(2023-10-16T21:07:40.840059941) (2023-10-16T21:07:40.840078953) [Msg] Gazebo Sim Server v7.6.0
(2023-10-16T21:07:40.848146214) (2023-10-16T21:07:40.848179851) [Wrn] [LocalCache.cc:165] Server directory does not exist [/home/bassam/.gz/fuel/fuel.gazebosim.org]
(2023-10-16T21:07:40.848252390) (2023-10-16T21:07:40.848263320) [Wrn] [LocalCache.cc:165] Server directory does not exist [/home/bassam/.gz/fuel/fuel.ignitionrobotics.org]
(2023-10-16T21:07:40.848468191) (2023-10-16T21:07:40.848479241) [Msg] Downloading world [fuel.gazebosim.org/openrobotics/worlds/tugbot in warehouse]
(2023-10-16T21:07:42.399808600) (2023-10-16T21:07:42.399824138) [Dbg] [FuelClient.cc:1976] Downloading from a referral link [https://gz-fuel-resources-production.s3.amazonaws.com/OpenRobotics/e9dd022b-dd3a-483d-9bf9-2ba439cd354b/.zips/2.zip?X-Amz-Algorithm=AWS4-HMAC-SHA256&X-Amz-Credential=AKIAS5OHIRKDBY6VUUFF%2F20231016%2Fus-east-1%2Fs3%2Faws4_request&X-Amz-Date=20231016T153742Z&X-Amz-Expires=3600&X-Amz-SignedHeaders=host&X-Amz-Signature=a56d15958c4a0e058d27ab20ede73224b692489d7070c798991976aa7c38aceb]
(2023-10-16T21:07:54.811104977) (2023-10-16T21:07:54.811132897) [Dbg] [Zip.cc:180] Created file [/home/bassam/.gz/fuel/fuel.gazebosim.org/openrobotics/worlds/tugbot in warehouse/2/thumbnails/0.png]
(2023-10-16T21:07:54.813209731) (2023-10-16T21:07:54.813222364) [Dbg] [Zip.cc:180] Created file [/home/bassam/.gz/fuel/fuel.gazebosim.org/openrobotics/worlds/tugbot in warehouse/2/thumbnails/1.png]
(2023-10-16T21:07:54.818039057) (2023-10-16T21:07:54.818070874) [Dbg] [Zip.cc:180] Created file [/home/bassam/.gz/fuel/fuel.gazebosim.org/openrobotics/worlds/tugbot in warehouse/2/thumbnails/2.png]
(2023-10-16T21:07:54.819869022) (2023-10-16T21:07:54.819879720) [Dbg] [Zip.cc:180] Created file [/home/bassam/.gz/fuel/fuel.gazebosim.org/openrobotics/worlds/tugbot in warehouse/2/thumbnails/3.png]
(2023-10-16T21:07:54.821683793) (2023-10-16T21:07:54.821693395) [Dbg] [Zip.cc:180] Created file [/home/bassam/.gz/fuel/fuel.gazebosim.org/openrobotics/worlds/tugbot in warehouse/2/thumbnails/4.png]
(2023-10-16T21:07:54.821804814) (2023-10-16T21:07:54.821810728) [Dbg] [Zip.cc:180] Created file [/home/bassam/.gz/fuel/fuel.gazebosim.org/openrobotics/worlds/tugbot in warehouse/2/tugbot_warehouse.sdf]
(2023-10-16T21:07:54.822606186) (2023-10-16T21:07:54.822616617) [Msg] Saved world at:
  /home/bassam/.gz/fuel/fuel.gazebosim.org/openrobotics/worlds/tugbot in warehouse/2
(2023-10-16T21:07:54.822750415) (2023-10-16T21:07:54.822758909) [Msg] Loading SDF world file[/home/bassam/.gz/fuel/fuel.gazebosim.org/openrobotics/worlds/tugbot in warehouse/2/tugbot_warehouse.sdf].
(2023-10-16T21:07:54.890652881) (2023-10-16T21:07:54.890667348) [Wrn] [LocalCache.cc:105] Server directory does not exist [/home/bassam/.gz/fuel/fuel.ignitionrobotics.org]
(2023-10-16T21:07:54.890720536) (2023-10-16T21:07:54.890725897) [Wrn] [FuelClient.cc:1952] The fuel.ignitionrobotics.org URL is deprecrated. Pleasse change https://fuel.ignitionrobotics.org to https://fuel.gazebosim.org
(2023-10-16T21:07:54.890758793) (2023-10-16T21:07:54.890765719) [Msg] Downloading model [https://fuel.ignitionrobotics.org/openrobotics/models/warehouse]
(2023-10-16T21:08:35.782434554) (2023-10-16T21:08:35.782446611) [Dbg] [Zip.cc:180] Created file [/home/bassam/.gz/fuel/fuel.ignitionrobotics.org/openrobotics/models/warehouse/5/meshes/Asphalt010_1K_Color.jpg]
(2023-10-16T21:08:35.782631930) (2023-10-16T21:08:35.782637963) [Dbg] [Zip.cc:180] Created file [/home/bassam/.gz/fuel/fuel.ignitionrobotics.org/openrobotics/models/warehouse/5/meshes/Rough_Square_Concrete_Block.jpg]
(2023-10-16T21:08:35.782799903) (2023-10-16T21:08:35.782805768) [Dbg] [Zip.cc:180] Created file [/home/bassam/.gz/fuel/fuel.ignitionrobotics.org/openrobotics/models/warehouse/5/meshes/Tape001_1K_Color.png]
(2023-10-16T21:08:35.785092886) (2023-10-16T21:08:35.785100362) [Dbg] [Zip.cc:180] Created file [/home/bassam/.gz/fuel/fuel.ignitionrobotics.org/openrobotics/models/warehouse/5/meshes/Terrazzo005_1K_Color.jpg]
(2023-10-16T21:08:35.785201428) (2023-10-16T21:08:35.785207290) [Dbg] [Zip.cc:180] Created file [/home/bassam/.gz/fuel/fuel.ignitionrobotics.org/openrobotics/models/warehouse/5/meshes/ground.png]
(2023-10-16T21:08:35.786331794) (2023-10-16T21:08:35.786339138) [Dbg] [Zip.cc:180] Created file [/home/bassam/.gz/fuel/fuel.ignitionrobotics.org/openrobotics/models/warehouse/5/meshes/warehouse.dae]
(2023-10-16T21:08:35.786938840) (2023-10-16T21:08:35.786945364) [Dbg] [Zip.cc:180] Created file [/home/bassam/.gz/fuel/fuel.ignitionrobotics.org/openrobotics/models/warehouse/5/meshes/warehouse_colision.stl]
(2023-10-16T21:08:35.786995448) (2023-10-16T21:08:35.787001062) [Dbg] [Zip.cc:180] Created file [/home/bassam/.gz/fuel/fuel.ignitionrobotics.org/openrobotics/models/warehouse/5/model.config]
(2023-10-16T21:08:35.787060783) (2023-10-16T21:08:35.787066309) [Dbg] [Zip.cc:180] Created file [/home/bassam/.gz/fuel/fuel.ignitionrobotics.org/openrobotics/models/warehouse/5/model.sdf]
(2023-10-16T21:08:35.788736372) (2023-10-16T21:08:35.788744649) [Dbg] [Zip.cc:180] Created file [/home/bassam/.gz/fuel/fuel.ignitionrobotics.org/openrobotics/models/warehouse/5/thumbnails/1.png]
(2023-10-16T21:08:35.790644965) (2023-10-16T21:08:35.790652373) [Dbg] [Zip.cc:180] Created file [/home/bassam/.gz/fuel/fuel.ignitionrobotics.org/openrobotics/models/warehouse/5/thumbnails/2.png]
(2023-10-16T21:08:35.799221022) (2023-10-16T21:08:35.799234587) [Dbg] [Zip.cc:180] Created file [/home/bassam/.gz/fuel/fuel.ignitionrobotics.org/openrobotics/models/warehouse/5/thumbnails/3.png]
(2023-10-16T21:08:35.801521567) (2023-10-16T21:08:35.801533263) [Dbg] [Zip.cc:180] Created file [/home/bassam/.gz/fuel/fuel.ignitionrobotics.org/openrobotics/models/warehouse/5/thumbnails/4.png]
(2023-10-16T21:08:35.869349179) (2023-10-16T21:08:35.869359964) [Wrn] [FuelClient.cc:1952] The fuel.ignitionrobotics.org URL is deprecrated. Pleasse change https://fuel.ignitionrobotics.org to https://fuel.gazebosim.org
(2023-10-16T21:08:35.869386658) (2023-10-16T21:08:35.869391237) [Msg] Downloading model [https://fuel.ignitionrobotics.org/movai/models/tugbot-charging-station]
(2023-10-16T21:08:54.663674962) (2023-10-16T21:08:54.663688909) [Dbg] [SignalHandler.cc:142] Received signal[2].
(2023-10-16T21:08:54.663722001) (2023-10-16T21:08:54.663728645) [Dbg] [ServerPrivate.cc:115] Server received signal[2]
