(2023-10-17T06:33:50.51596712) (2023-10-17T06:33:50.51629245) [Msg] Gazebo Sim Server v7.6.0
(2023-10-17T06:33:50.62988732) (2023-10-17T06:33:50.63017808) [Msg] Loading SDF world file[/home/bassam/ros2_ws/install/ardupilot_gz_gazebo/share/ardupilot_gz_gazebo/worlds/iris_runway.sdf].
(2023-10-17T06:33:51.39738770) (2023-10-17T06:33:51.39765465) [Msg] Serving entity system service on [/entity/system/add]
(2023-10-17T06:33:51.297327598) (2023-10-17T06:33:51.297353430) [Dbg] [Physics.cc:880] Loaded [gz::physics::dartsim::Plugin] from library [/usr/lib/x86_64-linux-gnu/gz-physics-6/engine-plugins/libgz-physics-dartsim-plugin.so]
(2023-10-17T06:33:51.297502932) (2023-10-17T06:33:51.297519058) [Dbg] [SystemManager.cc:74] Loaded system [gz::sim::systems::Physics] for entity [1]
(2023-10-17T06:33:51.311908797) (2023-10-17T06:33:51.311936265) [Dbg] [Sensors.cc:506] Configuring Sensors system
(2023-10-17T06:33:51.312180395) (2023-10-17T06:33:51.312198186) [Dbg] [Sensors.cc:425] SensorsPrivate::Run
(2023-10-17T06:33:51.312381773) (2023-10-17T06:33:51.312399720) [Dbg] [SystemManager.cc:74] Loaded system [gz::sim::systems::Sensors] for entity [1]
(2023-10-17T06:33:51.317646448) (2023-10-17T06:33:51.317672284) [Msg] Create service on [/world/map/create]
(2023-10-17T06:33:51.318357232) (2023-10-17T06:33:51.318377564) [Msg] Remove service on [/world/map/remove]
(2023-10-17T06:33:51.319022420) (2023-10-17T06:33:51.319042118) [Msg] Pose service on [/world/map/set_pose]
(2023-10-17T06:33:51.319663733) (2023-10-17T06:33:51.319683012) [Msg] Pose service on [/world/map/set_pose_vector]
(2023-10-17T06:33:51.320400588) (2023-10-17T06:33:51.320420050) [Msg] Light configuration service on [/world/map/light_config]
(2023-10-17T06:33:51.320785688) (2023-10-17T06:33:51.320812630) [Dbg] [Sensors.cc:402] SensorsPrivate::RenderThread started
(2023-10-17T06:33:51.321486453) (2023-10-17T06:33:51.321519933) (2023-10-17T06:33:51.321562502[Dbg] [Sensors.cc:245] ) (2023-10-17T06:33:51.321605544) Waiting for init[Msg] Physics service on [/world/map/set_physics]

(2023-10-17T06:33:51.322392682) (2023-10-17T06:33:51.322413228) [Msg] SphericalCoordinates service on [/world/map/set_spherical_coordinates]
(2023-10-17T06:33:51.322978864) (2023-10-17T06:33:51.322998014) [Msg] Enable collision service on [/world/map/enable_collision]
(2023-10-17T06:33:51.323526820) (2023-10-17T06:33:51.323545913) [Msg] Disable collision service on [/world/map/disable_collision]
(2023-10-17T06:33:51.324286720) (2023-10-17T06:33:51.324307254) [Msg] Material service on [/world/map/visual_config]
(2023-10-17T06:33:51.324944704) (2023-10-17T06:33:51.324964136) [Msg] Material service on [/world/map/wheel_slip]
(2023-10-17T06:33:51.325081140) (2023-10-17T06:33:51.325096533) [Dbg] [SystemManager.cc:74] Loaded system [gz::sim::systems::UserCommands] for entity [1]
(2023-10-17T06:33:51.328002395) (2023-10-17T06:33:51.328025624) [Dbg] [SystemManager.cc:74] Loaded system [gz::sim::systems::SceneBroadcaster] for entity [1]
(2023-10-17T06:33:51.330704780) (2023-10-17T06:33:51.330727265) [Dbg] [SystemManager.cc:74] Loaded system [gz::sim::systems::AirPressure] for entity [1]
(2023-10-17T06:33:51.333271153) (2023-10-17T06:33:51.333293004) [Dbg] [SystemManager.cc:74] Loaded system [gz::sim::systems::AirSpeed] for entity [1]
(2023-10-17T06:33:51.335944743) (2023-10-17T06:33:51.335979724) [Dbg] [SystemManager.cc:74] Loaded system [gz::sim::systems::Altimeter] for entity [1]
(2023-10-17T06:33:51.339755789) (2023-10-17T06:33:51.339786947) [Dbg] [SystemManager.cc:74] Loaded system [gz::sim::systems::Imu] for entity [1]
(2023-10-17T06:33:51.342826848) (2023-10-17T06:33:51.342859393) [Dbg] [SystemManager.cc:74] Loaded system [gz::sim::systems::Magnetometer] for entity [1]
(2023-10-17T06:33:51.345744726) (2023-10-17T06:33:51.345780947) [Dbg] [SystemManager.cc:74] Loaded system [gz::sim::systems::NavSat] for entity [1]
(2023-10-17T06:33:51.376703865) (2023-10-17T06:33:51.376725916) [Dbg] [SystemManager.cc:74] Loaded system [gz::sim::systems::JointStatePublisher] for entity [9]
(2023-10-17T06:33:51.379250751) (2023-10-17T06:33:51.379286145) [Msg] OdometryPublisher publishing odometry on [/model/iris/odometry]
(2023-10-17T06:33:51.379850588) (2023-10-17T06:33:51.379878171) [Msg] OdometryPublisher publishing odometry with covariance on [/model/iris/odometry_with_covariance]
(2023-10-17T06:33:51.380202014) (2023-10-17T06:33:51.380218093) [Msg] OdometryPublisher publishing Pose_V (TF) on [/model/iris/pose]
(2023-10-17T06:33:51.380293000) (2023-10-17T06:33:51.380309539) [Dbg] [SystemManager.cc:74] Loaded system [gz::sim::systems::OdometryPublisher] for entity [9]
(2023-10-17T06:33:51.382739913) (2023-10-17T06:33:51.382758683) [Dbg] [SystemManager.cc:74] Loaded system [gz::sim::systems::LiftDrag] for entity [9]
(2023-10-17T06:33:51.383384776) (2023-10-17T06:33:51.383399426) [Dbg] [SystemManager.cc:74] Loaded system [gz::sim::systems::LiftDrag] for entity [9]
(2023-10-17T06:33:51.383863650) (2023-10-17T06:33:51.383876369) [Dbg] [SystemManager.cc:74] Loaded system [gz::sim::systems::LiftDrag] for entity [9]
(2023-10-17T06:33:51.384276914) (2023-10-17T06:33:51.384289031) [Dbg] [SystemManager.cc:74] Loaded system [gz::sim::systems::LiftDrag] for entity [9]
(2023-10-17T06:33:51.384745150) (2023-10-17T06:33:51.384759846) [Dbg] [SystemManager.cc:74] Loaded system [gz::sim::systems::LiftDrag] for entity [9]
(2023-10-17T06:33:51.385318710) (2023-10-17T06:33:51.385331872) [Dbg] [SystemManager.cc:74] Loaded system [gz::sim::systems::LiftDrag] for entity [9]
(2023-10-17T06:33:51.385750866) (2023-10-17T06:33:51.385763286) [Dbg] [SystemManager.cc:74] Loaded system [gz::sim::systems::LiftDrag] for entity [9]
(2023-10-17T06:33:51.386173320) (2023-10-17T06:33:51.386185639) [Dbg] [SystemManager.cc:74] Loaded system [gz::sim::systems::LiftDrag] for entity [9]
(2023-10-17T06:33:51.387982455) (2023-10-17T06:33:51.387998278) [Msg] ApplyJointForce subscribing to Double messages on [/model/iris/joint/rotor_0_joint/cmd_force]
(2023-10-17T06:33:51.388053360) (2023-10-17T06:33:51.388062680) [Dbg] [SystemManager.cc:74] Loaded system [gz::sim::systems::ApplyJointForce] for entity [9]
(2023-10-17T06:33:51.388583836) (2023-10-17T06:33:51.388604376) [Msg] ApplyJointForce subscribing to Double messages on [/model/iris/joint/rotor_1_joint/cmd_force]
(2023-10-17T06:33:51.388652600) (2023-10-17T06:33:51.388661740) [Dbg] [SystemManager.cc:74] Loaded system [gz::sim::systems::ApplyJointForce] for entity [9]
(2023-10-17T06:33:51.389358887) (2023-10-17T06:33:51.389373786) [Msg] ApplyJointForce subscribing to Double messages on [/model/iris/joint/rotor_2_joint/cmd_force]
(2023-10-17T06:33:51.389424124) (2023-10-17T06:33:51.389436943) [Dbg] [SystemManager.cc:74] Loaded system [gz::sim::systems::ApplyJointForce] for entity [9]
(2023-10-17T06:33:51.390012113) (2023-10-17T06:33:51.390032959) [Msg] ApplyJointForce subscribing to Double messages on [/model/iris/joint/rotor_3_joint/cmd_force]
(2023-10-17T06:33:51.390096131) (2023-10-17T06:33:51.390106331) [Dbg] [SystemManager.cc:74] Loaded system [gz::sim::systems::ApplyJointForce] for entity [9]
(2023-10-17T06:33:51.392265527) (2023-10-17T06:33:51.392301505) [Msg] JointPositionController subscribing to Double messages on [/gimbal/cmd_roll]
(2023-10-17T06:33:51.392383377) (2023-10-17T06:33:51.392396391) [Dbg] [JointPositionController.cc:302] [JointPositionController] system parameters:
(2023-10-17T06:33:51.392432995) (2023-10-17T06:33:51.392443758) [Dbg] [JointPositionController.cc:303] p_gain: [2]
(2023-10-17T06:33:51.392535852) (2023-10-17T06:33:51.392549936) [Dbg] [JointPositionController.cc:304] i_gain: [0.1]
(2023-10-17T06:33:51.392603211) (2023-10-17T06:33:51.392612238) [Dbg] [JointPositionController.cc:305] d_gain: [0.01]
(2023-10-17T06:33:51.392646051) (2023-10-17T06:33:51.392654455) [Dbg] [JointPositionController.cc:306] i_max: [1]
(2023-10-17T06:33:51.392698621) (2023-10-17T06:33:51.392707712) [Dbg] [JointPositionController.cc:307] i_min: [-1]
(2023-10-17T06:33:51.392740022) (2023-10-17T06:33:51.392748097) [Dbg] [JointPositionController.cc:308] cmd_max: [1000]
(2023-10-17T06:33:51.392781939) (2023-10-17T06:33:51.392790200) [Dbg] [JointPositionController.cc:309] cmd_min: [-1000]
(2023-10-17T06:33:51.392845495) (2023-10-17T06:33:51.392853843) [Dbg] [JointPositionController.cc:310] cmd_offset: [0]
(2023-10-17T06:33:51.392886984) (2023-10-17T06:33:51.392895299) [Dbg] [JointPositionController.cc:311] Topic: [/gimbal/cmd_roll]
(2023-10-17T06:33:51.392927677) (2023-10-17T06:33:51.392935813) [Dbg] [JointPositionController.cc:312] initial_position: [0]
(2023-10-17T06:33:51.392994058) (2023-10-17T06:33:51.393003405) [Dbg] [SystemManager.cc:74] Loaded system [gz::sim::systems::JointPositionController] for entity [9]
(2023-10-17T06:33:51.393820997) (2023-10-17T06:33:51.393843442) [Msg] JointPositionController subscribing to Double messages on [/gimbal/cmd_tilt]
(2023-10-17T06:33:51.393893965) (2023-10-17T06:33:51.393903416) [Dbg] [JointPositionController.cc:302] [JointPositionController] system parameters:
(2023-10-17T06:33:51.393928615) (2023-10-17T06:33:51.393936676) [Dbg] [JointPositionController.cc:303] p_gain: [2]
(2023-10-17T06:33:51.393976449) (2023-10-17T06:33:51.393984618) [Dbg] [JointPositionController.cc:304] i_gain: [0.1]
(2023-10-17T06:33:51.394018638) (2023-10-17T06:33:51.394026976) [Dbg] [JointPositionController.cc:305] d_gain: [0.01]
(2023-10-17T06:33:51.394070422) (2023-10-17T06:33:51.394079183) [Dbg] [JointPositionController.cc:306] i_max: [1]
(2023-10-17T06:33:51.394111708) (2023-10-17T06:33:51.394119768) [Dbg] [JointPositionController.cc:307] i_min: [-1]
(2023-10-17T06:33:51.394151848) (2023-10-17T06:33:51.394160152) [Dbg] [JointPositionController.cc:308] cmd_max: [1000]
(2023-10-17T06:33:51.394195588) (2023-10-17T06:33:51.394208165) [Dbg] [JointPositionController.cc:309] cmd_min: [-1000]
(2023-10-17T06:33:51.394254978) (2023-10-17T06:33:51.394263809) [Dbg] [JointPositionController.cc:310] cmd_offset: [0]
(2023-10-17T06:33:51.394297112) (2023-10-17T06:33:51.394305472) [Dbg] [JointPositionController.cc:311] Topic: [/gimbal/cmd_tilt]
(2023-10-17T06:33:51.394336690) (2023-10-17T06:33:51.394345021) [Dbg] [JointPositionController.cc:312] initial_position: [0]
(2023-10-17T06:33:51.394390998) (2023-10-17T06:33:51.394399470) [Dbg] [SystemManager.cc:74] Loaded system [gz::sim::systems::JointPositionController] for entity [9]
(2023-10-17T06:33:51.396761338) (2023-10-17T06:33:51.396777908) [Msg] LinearBatteryPlugin configured. Battery name: lipo_3500mAh
(2023-10-17T06:33:51.396821808) (2023-10-17T06:33:51.396830653) [Dbg] [LinearBatteryPlugin.cc:405] Battery initial voltage: 12.6
(2023-10-17T06:33:51.397159574) (2023-10-17T06:33:51.397179860) [Dbg] [SystemManager.cc:74] Loaded system [gz::sim::systems::LinearBatteryPlugin] for entity [9]
(2023-10-17T06:33:51.407754564) (2023-10-17T06:33:51.407772390) [Msg] [iris] Advertising on /gimbal/cmd_roll.
(2023-10-17T06:33:51.408161929) (2023-10-17T06:33:51.408175916) [Msg] [iris] Advertising on /gimbal/cmd_tilt.
(2023-10-17T06:33:51.408627850) [iris] flight dynamics model @ 127.0.0.1:9002
(2023-10-17T06:33:51.408983526) [iris] ArduPilot ready to fly. The force will be with you
(2023-10-17T06:33:51.409095708) (2023-10-17T06:33:51.409110830) [Dbg] [SystemManager.cc:74] Loaded system [ArduPilotPlugin] for entity [9]
(2023-10-17T06:33:51.422929618) (2023-10-17T06:33:51.422952807) [Dbg] [SystemManager.cc:74] Loaded system [gz::sim::systems::JointStatePublisher] for entity [57]
(2023-10-17T06:33:51.423725729) (2023-10-17T06:33:51.423744453) [Msg] OdometryPublisher publishing odometry on [/model/wildthumper/odometry]
(2023-10-17T06:33:51.424059680) (2023-10-17T06:33:51.424077253) [Msg] OdometryPublisher publishing odometry with covariance on [/model/wildthumper/odometry_with_covariance]
(2023-10-17T06:33:51.424263156) (2023-10-17T06:33:51.424282302) [Msg] OdometryPublisher publishing Pose_V (TF) on [/model/wildthumper/pose]
(2023-10-17T06:33:51.424329374) (2023-10-17T06:33:51.424337952) [Dbg] [SystemManager.cc:74] Loaded system [gz::sim::systems::OdometryPublisher] for entity [57]
(2023-10-17T06:33:51.425096777) (2023-10-17T06:33:51.425112217) [Msg] ApplyJointForce subscribing to Double messages on [/model/wildthumper/joint/front_left_wheel_joint/cmd_force]
(2023-10-17T06:33:51.425212698) (2023-10-17T06:33:51.425223342) [Dbg] [SystemManager.cc:74] Loaded system [gz::sim::systems::ApplyJointForce] for entity [57]
(2023-10-17T06:33:51.425995991) (2023-10-17T06:33:51.426015814) [Msg] ApplyJointForce subscribing to Double messages on [/model/wildthumper/joint/front_right_wheel_joint/cmd_force]
(2023-10-17T06:33:51.426064628) (2023-10-17T06:33:51.426073700) [Dbg] [SystemManager.cc:74] Loaded system [gz::sim::systems::ApplyJointForce] for entity [57]
(2023-10-17T06:33:51.426738940) (2023-10-17T06:33:51.426761674) [Msg] ApplyJointForce subscribing to Double messages on [/model/wildthumper/joint/mid_left_wheel_joint/cmd_force]
(2023-10-17T06:33:51.427148657) (2023-10-17T06:33:51.427162734) [Dbg] [SystemManager.cc:74] Loaded system [gz::sim::systems::ApplyJointForce] for entity [57]
(2023-10-17T06:33:51.428651504) (2023-10-17T06:33:51.428670057) [Msg] ApplyJointForce subscribing to Double messages on [/model/wildthumper/joint/mid_right_wheel_joint/cmd_force]
(2023-10-17T06:33:51.428722308) (2023-10-17T06:33:51.428731262) [Dbg] [SystemManager.cc:74] Loaded system [gz::sim::systems::ApplyJointForce] for entity [57]
(2023-10-17T06:33:51.429886939) (2023-10-17T06:33:51.429908062) [Msg] ApplyJointForce subscribing to Double messages on [/model/wildthumper/joint/rear_left_wheel_joint/cmd_force]
(2023-10-17T06:33:51.429957835) (2023-10-17T06:33:51.429966895) [Dbg] [SystemManager.cc:74] Loaded system [gz::sim::systems::ApplyJointForce] for entity [57]
(2023-10-17T06:33:51.430980022) (2023-10-17T06:33:51.431005857) [Msg] ApplyJointForce subscribing to Double messages on [/model/wildthumper/joint/rear_right_wheel_joint/cmd_force]
(2023-10-17T06:33:51.431063249) (2023-10-17T06:33:51.431072651) [Dbg] [SystemManager.cc:74] Loaded system [gz::sim::systems::ApplyJointForce] for entity [57]
(2023-10-17T06:33:51.433467417) [wildthumper] flight dynamics model @ 127.0.0.1:9002
(2023-10-17T06:33:51.433522634) [wildthumper] ArduPilot ready to fly. The force will be with you
(2023-10-17T06:33:51.433613786) (2023-10-17T06:33:51.433622954) [Dbg] [SystemManager.cc:74] Loaded system [ArduPilotPlugin] for entity [57]
(2023-10-17T06:33:51.434383961) (2023-10-17T06:33:51.434399569) [Msg] Loaded level [3]
(2023-10-17T06:33:51.446996645) (2023-10-17T06:33:51.447020835) [Msg] Serving world controls on [/world/map/control], [/world/map/control/state] and [/world/map/playback/control]
(2023-10-17T06:33:51.447223144) (2023-10-17T06:33:51.447242230) [Msg] Serving GUI information on [/world/map/gui/info]
(2023-10-17T06:33:51.447295269) (2023-10-17T06:33:51.447304427) [Msg] World [map] initialized with [1ms] physics profile.
(2023-10-17T06:33:51.447527866) (2023-10-17T06:33:51.447546306) [Msg] Serving world SDF generation service on [/world/map/generate_world_sdf]
(2023-10-17T06:33:51.447744215) (2023-10-17T06:33:51.447762775) [Msg] Serving world names on [/gazebo/worlds]
(2023-10-17T06:33:51.447896307) (2023-10-17T06:33:51.447915404) [Msg] Resource path add service on [/gazebo/resource_paths/add].
(2023-10-17T06:33:51.448046653) (2023-10-17T06:33:51.448064886) [Msg] Resource path get service on [/gazebo/resource_paths/get].
(2023-10-17T06:33:51.548440005) (2023-10-17T06:33:51.548464785) [Msg] Resource path resolve service on [/gazebo/resource_paths/resolve].
(2023-10-17T06:33:51.548655217) (2023-10-17T06:33:51.548672901) [Msg] Resource paths published on [/gazebo/resource_paths].
(2023-10-17T06:33:51.549012564) (2023-10-17T06:33:51.549033674) [Msg] Server control service on [/server_control].
(2023-10-17T06:33:52.64345354) (2023-10-17T06:33:52.64378516) [Msg] Found no publishers on /stats, adding root stats topic
(2023-10-17T06:33:52.64801959) (2023-10-17T06:33:52.64823154) [Msg] Found no publishers on /clock, adding root clock topic
(2023-10-17T06:33:52.66038336) (2023-10-17T06:33:52.66060700) [Dbg] [SimulationRunner.cc:503] Creating PostUpdate worker threads: 16
(2023-10-17T06:33:52.66125714) (2023-10-17T06:33:52.66139361) [Dbg] [SimulationRunner.cc:514] Creating postupdate worker thread (0)
(2023-10-17T06:33:52.66327005) (2023-10-17T06:33:52.66343907) [Dbg] [SimulationRunner.cc:514] Creating postupdate worker thread (1)
(2023-10-17T06:33:52.66482015) (2023-10-17T06:33:52.66499690) [Dbg] [SimulationRunner.cc:514] Creating postupdate worker thread (2)
(2023-10-17T06:33:52.66619745) (2023-10-17T06:33:52.66637172) [Dbg] [SimulationRunner.cc:514] Creating postupdate worker thread (3)
(2023-10-17T06:33:52.66762292) (2023-10-17T06:33:52.66779503) [Dbg] [SimulationRunner.cc:514] Creating postupdate worker thread (4)
(2023-10-17T06:33:52.66892947) (2023-10-17T06:33:52.66909117) [Dbg] [SimulationRunner.cc:514] Creating postupdate worker thread (5)
(2023-10-17T06:33:52.67038192) (2023-10-17T06:33:52.67054942) [Dbg] [SimulationRunner.cc:514] Creating postupdate worker thread (6)
(2023-10-17T06:33:52.67163750) (2023-10-17T06:33:52.67180099) [Dbg] [SimulationRunner.cc:514] Creating postupdate worker thread (7)
(2023-10-17T06:33:52.67308561) (2023-10-17T06:33:52.67325223) [Dbg] [SimulationRunner.cc:514] Creating postupdate worker thread (8)
(2023-10-17T06:33:52.67434319) (2023-10-17T06:33:52.67450039) [Dbg] [SimulationRunner.cc:514] Creating postupdate worker thread (9)
(2023-10-17T06:33:52.67580499) (2023-10-17T06:33:52.67597218) [Dbg] [SimulationRunner.cc:514] Creating postupdate worker thread (10)
(2023-10-17T06:33:52.67713843) (2023-10-17T06:33:52.67730535) [Dbg] [SimulationRunner.cc:514] Creating postupdate worker thread (11)
(2023-10-17T06:33:52.67852698) (2023-10-17T06:33:52.67869751) [Dbg] [SimulationRunner.cc:514] Creating postupdate worker thread (12)
(2023-10-17T06:33:52.67987135) (2023-10-17T06:33:52.68003838) [Dbg] [SimulationRunner.cc:514] Creating postupdate worker thread (13)
(2023-10-17T06:33:52.68121349) (2023-10-17T06:33:52.68137985) [Dbg] [SimulationRunner.cc:514] Creating postupdate worker thread (14)
(2023-10-17T06:33:52.74572350) (2023-10-17T06:33:52.74598190) [Dbg] [JointPositionController.cc:361] Identified joint [roll_joint] as Entity [53]
(2023-10-17T06:33:52.74765830) (2023-10-17T06:33:52.74781169) [Dbg] [JointPositionController.cc:361] Identified joint [tilt_joint] as Entity [54]
(2023-10-17T06:33:52.75148053) (2023-10-17T06:33:52.75166294) [Msg] Found IMU sensor with name [imu_link::imu_sensor]
(2023-10-17T06:33:52.75261716) (2023-10-17T06:33:52.75276880) [Dbg] [ArduPilotPlugin.cc:1154] Computed IMU topic to be: world/map/model/iris/link/imu_link/sensor/imu_sensor/imu
(2023-10-17T06:33:52.81421223) (2023-10-17T06:33:52.81448182) [Msg] Found IMU sensor with name [imu_sensor]
(2023-10-17T06:33:52.81528986) (2023-10-17T06:33:52.81542727) [Dbg] [ArduPilotPlugin.cc:1154] Computed IMU topic to be: world/map/model/wildthumper/link/imu_link/sensor/imu_sensor/imu
(2023-10-17T06:33:52.91825655) (2023-10-17T06:33:52.91851533) [Dbg] [SDFFeatures.cc:328] Mesh construction from an SDF has not been implemented yet for dartsim. Use AttachMeshShapeFeature to use mesh shapes.
(2023-10-17T06:33:52.91902924) (2023-10-17T06:33:52.91917147) [Err] [SDFFeatures.cc:843] The geometry element of collision [roll_col] couldn't be created
(2023-10-17T06:33:52.96296657) (2023-10-17T06:33:52.96322917) [Dbg] [SDFFeatures.cc:328] Mesh construction from an SDF has not been implemented yet for dartsim. Use AttachMeshShapeFeature to use mesh shapes.
(2023-10-17T06:33:52.96369851) (2023-10-17T06:33:52.96384058) [Err] [SDFFeatures.cc:843] The geometry element of collision [tilt_col] couldn't be created
(2023-10-17T06:34:05.620537791) (2023-10-17T06:34:05.620580222) [Dbg] [SignalHandler.cc:142] Received signal[2].
(2023-10-17T06:34:05.620664720) (2023-10-17T06:34:05.620678752) [Dbg] [ServerPrivate.cc:115] Server received signal[2]
(2023-10-17T06:34:05.620737767) (2023-10-17T06:34:05.620750639) [Dbg] [Sensors.cc:433] SensorsPrivate::Stop
(2023-10-17T06:34:05.622257918) (2023-10-17T06:34:05.622286508) [Dbg] [Sensors.cc:277] Rendering Thread initialized
(2023-10-17T06:34:05.622434581) (2023-10-17T06:34:05.622450642) [Dbg] [Sensors.cc:419] SensorsPrivate::RenderThread stopped
(2023-10-17T06:34:05.622623051) (2023-10-17T06:34:05.622656689) [Dbg] [SignalHandler.cc:142] Received signal[2].
(2023-10-17T06:34:05.623228500) (2023-10-17T06:34:05.623260427) [Dbg] [ArduPilotPlugin.cc:370] Plugin received signal[2]
(2023-10-17T06:34:05.623336579) (2023-10-17T06:34:05.623350671) [Dbg] [SignalHandler.cc:142] Received signal[2].
(2023-10-17T06:34:05.623411476) (2023-10-17T06:34:05.623425238) [Dbg] [ArduPilotPlugin.cc:370] Plugin received signal[2]
(2023-10-17T06:34:05.842775644) (2023-10-17T06:34:05.842804653) [Dbg] [SignalHandler.cc:142] Received signal[2].
(2023-10-17T06:34:05.842864061) (2023-10-17T06:34:05.842877836) [Dbg] [ServerPrivate.cc:115] Server received signal[2]
(2023-10-17T06:34:05.842927707) (2023-10-17T06:34:05.842941292) [Dbg] [SignalHandler.cc:142] Received signal[2].
(2023-10-17T06:34:05.842998182) (2023-10-17T06:34:05.843011914) [Dbg] [ArduPilotPlugin.cc:370] Plugin received signal[2]
(2023-10-17T06:34:05.843057557) (2023-10-17T06:34:05.843070801) [Dbg] [SignalHandler.cc:142] Received signal[2].
(2023-10-17T06:34:05.843116734) (2023-10-17T06:34:05.843130409) [Dbg] [ArduPilotPlugin.cc:370] Plugin received signal[2]
(2023-10-17T06:34:06.811014794) (2023-10-17T06:34:06.811046401) [Dbg] [SignalHandler.cc:142] Received signal[2].
(2023-10-17T06:34:06.811110945) (2023-10-17T06:34:06.811126839) [Dbg] [ServerPrivate.cc:115] Server received signal[2]
(2023-10-17T06:34:06.811176384) (2023-10-17T06:34:06.811190297) [Dbg] [SignalHandler.cc:142] Received signal[2].
(2023-10-17T06:34:06.811249493) (2023-10-17T06:34:06.811264448) [Dbg] [ArduPilotPlugin.cc:370] Plugin received signal[2]
(2023-10-17T06:34:06.811312471) (2023-10-17T06:34:06.811326942) [Dbg] [SignalHandler.cc:142] Received signal[2].
(2023-10-17T06:34:06.811378202) (2023-10-17T06:34:06.811388391) [Dbg] [ArduPilotPlugin.cc:370] Plugin received signal[2]
(2023-10-17T06:34:07.2988042) (2023-10-17T06:34:07.3017735) [Dbg] [SignalHandler.cc:142] Received signal[2].
(2023-10-17T06:34:07.3069294) (2023-10-17T06:34:07.3077794) [Dbg] [ServerPrivate.cc:115] Server received signal[2]
(2023-10-17T06:34:07.3114704) (2023-10-17T06:34:07.3123213) [Dbg] [SignalHandler.cc:142] Received signal[2].
(2023-10-17T06:34:07.3172544) (2023-10-17T06:34:07.3180996) [Dbg] [ArduPilotPlugin.cc:370] Plugin received signal[2]
(2023-10-17T06:34:07.3211353) (2023-10-17T06:34:07.3219451) [Dbg] [SignalHandler.cc:142] Received signal[2].
(2023-10-17T06:34:07.3246282) (2023-10-17T06:34:07.3254355) [Dbg] [ArduPilotPlugin.cc:370] Plugin received signal[2]
(2023-10-17T06:34:07.730781064) (2023-10-17T06:34:07.730802373) [Dbg] [SignalHandler.cc:142] Received signal[2].
(2023-10-17T06:34:07.730844567) (2023-10-17T06:34:07.730853234) [Dbg] [ServerPrivate.cc:115] Server received signal[2]
(2023-10-17T06:34:07.730886232) (2023-10-17T06:34:07.730894244) [Dbg] [SignalHandler.cc:142] Received signal[2].
(2023-10-17T06:34:07.730933737) (2023-10-17T06:34:07.730941917) [Dbg] [ArduPilotPlugin.cc:370] Plugin received signal[2]
(2023-10-17T06:34:07.730970396) (2023-10-17T06:34:07.730978533) [Dbg] [SignalHandler.cc:142] Received signal[2].
(2023-10-17T06:34:07.731004696) (2023-10-17T06:34:07.731012769) [Dbg] [ArduPilotPlugin.cc:370] Plugin received signal[2]
(2023-10-17T06:34:07.906843963) (2023-10-17T06:34:07.906863852) [Dbg] [SignalHandler.cc:142] Received signal[2].
(2023-10-17T06:34:07.906907761) (2023-10-17T06:34:07.906916361) [Dbg] [ServerPrivate.cc:115] Server received signal[2]
(2023-10-17T06:34:07.906950681) (2023-10-17T06:34:07.906958750) [Dbg] [SignalHandler.cc:142] Received signal[2].
(2023-10-17T06:34:07.907000462) (2023-10-17T06:34:07.907008978) [Dbg] [ArduPilotPlugin.cc:370] Plugin received signal[2]
(2023-10-17T06:34:07.907038269) (2023-10-17T06:34:07.907046552) [Dbg] [SignalHandler.cc:142] Received signal[2].
(2023-10-17T06:34:07.907073545) (2023-10-17T06:34:07.907081573) [Dbg] [ArduPilotPlugin.cc:370] Plugin received signal[2]
(2023-10-17T06:34:08.58966055) (2023-10-17T06:34:08.58987367) [Dbg] [SignalHandler.cc:142] Received signal[2].
(2023-10-17T06:34:08.59030544) (2023-10-17T06:34:08.59039314) [Dbg] [ServerPrivate.cc:115] Server received signal[2]
(2023-10-17T06:34:08.59089001) (2023-10-17T06:34:08.59097833) [Dbg] [SignalHandler.cc:142] Received signal[2].
(2023-10-17T06:34:08.59138604) (2023-10-17T06:34:08.59146935) [Dbg] [ArduPilotPlugin.cc:370] Plugin received signal[2]
(2023-10-17T06:34:08.59175656) (2023-10-17T06:34:08.59183530) [Dbg] [SignalHandler.cc:142] Received signal[2].
(2023-10-17T06:34:08.59210018) (2023-10-17T06:34:08.59218015) [Dbg] [ArduPilotPlugin.cc:370] Plugin received signal[2]
(2023-10-17T06:34:08.226753801) (2023-10-17T06:34:08.226773376) [Dbg] [SignalHandler.cc:142] Received signal[2].
(2023-10-17T06:34:08.226815286) (2023-10-17T06:34:08.226823892) [Dbg] [ServerPrivate.cc:115] Server received signal[2]
(2023-10-17T06:34:08.226856193) (2023-10-17T06:34:08.226864221) [Dbg] [SignalHandler.cc:142] Received signal[2].
(2023-10-17T06:34:08.226903343) (2023-10-17T06:34:08.226911311) [Dbg] [ArduPilotPlugin.cc:370] Plugin received signal[2]
(2023-10-17T06:34:08.226939574) (2023-10-17T06:34:08.226947536) [Dbg] [SignalHandler.cc:142] Received signal[2].
(2023-10-17T06:34:08.226973561) (2023-10-17T06:34:08.226981600) [Dbg] [ArduPilotPlugin.cc:370] Plugin received signal[2]
(2023-10-17T06:34:08.402726113) (2023-10-17T06:34:08.402752870) [Dbg] [SignalHandler.cc:142] Received signal[2].
(2023-10-17T06:34:08.402810041) (2023-10-17T06:34:08.402823602) [Dbg] [ServerPrivate.cc:115] Server received signal[2]
(2023-10-17T06:34:08.402871339) (2023-10-17T06:34:08.402884607) [Dbg] [SignalHandler.cc:142] Received signal[2].
(2023-10-17T06:34:08.402941473) (2023-10-17T06:34:08.402954372) [Dbg] [ArduPilotPlugin.cc:370] Plugin received signal[2]
(2023-10-17T06:34:08.403000899) (2023-10-17T06:34:08.403014136) [Dbg] [SignalHandler.cc:142] Received signal[2].
(2023-10-17T06:34:08.403063075) (2023-10-17T06:34:08.403077691) [Dbg] [ArduPilotPlugin.cc:370] Plugin received signal[2]
(2023-10-17T06:34:08.634764413) (2023-10-17T06:34:08.634784749) [Dbg] [SignalHandler.cc:142] Received signal[2].
(2023-10-17T06:34:08.634826378) (2023-10-17T06:34:08.634835205) [Dbg] [ServerPrivate.cc:115] Server received signal[2]
(2023-10-17T06:34:08.634867890) (2023-10-17T06:34:08.634876066) [Dbg] [SignalHandler.cc:142] Received signal[2].
(2023-10-17T06:34:08.634915898) (2023-10-17T06:34:08.634924028) [Dbg] [ArduPilotPlugin.cc:370] Plugin received signal[2]
(2023-10-17T06:34:08.634952932) (2023-10-17T06:34:08.634961240) [Dbg] [SignalHandler.cc:142] Received signal[2].
(2023-10-17T06:34:08.634988035) (2023-10-17T06:34:08.634996176) [Dbg] [ArduPilotPlugin.cc:370] Plugin received signal[2]
(2023-10-17T06:34:08.810847023) (2023-10-17T06:34:08.810867471) [Dbg] [SignalHandler.cc:142] Received signal[2].
(2023-10-17T06:34:08.810912824) (2023-10-17T06:34:08.810921930) [Dbg] [ServerPrivate.cc:115] Server received signal[2]
(2023-10-17T06:34:08.810953763) (2023-10-17T06:34:08.810962015) [Dbg] [SignalHandler.cc:142] Received signal[2].
(2023-10-17T06:34:08.811001302) (2023-10-17T06:34:08.811009340) [Dbg] [ArduPilotPlugin.cc:370] Plugin received signal[2]
(2023-10-17T06:34:08.811037521) (2023-10-17T06:34:08.811045527) [Dbg] [SignalHandler.cc:142] Received signal[2].
(2023-10-17T06:34:08.811071821) (2023-10-17T06:34:08.811080033) [Dbg] [ArduPilotPlugin.cc:370] Plugin received signal[2]
(2023-10-17T06:34:09.938751639) (2023-10-17T06:34:09.938789438) [Dbg] [SignalHandler.cc:142] Received signal[2].
(2023-10-17T06:34:09.938841112) (2023-10-17T06:34:09.938850103) [Dbg] [ServerPrivate.cc:115] Server received signal[2]
(2023-10-17T06:34:09.938887406) (2023-10-17T06:34:09.938895510) [Dbg] [SignalHandler.cc:142] Received signal[2].
(2023-10-17T06:34:09.938940448) (2023-10-17T06:34:09.938948877) [Dbg] [ArduPilotPlugin.cc:370] Plugin received signal[2]
(2023-10-17T06:34:09.938977749) (2023-10-17T06:34:09.938985955) [Dbg] [SignalHandler.cc:142] Received signal[2].
(2023-10-17T06:34:09.939012112) (2023-10-17T06:34:09.939020252) [Dbg] [ArduPilotPlugin.cc:370] Plugin received signal[2]
(2023-10-17T06:34:10.234683210) (2023-10-17T06:34:10.234712271) [Dbg] [SignalHandler.cc:142] Received signal[2].
(2023-10-17T06:34:10.234769281) (2023-10-17T06:34:10.234778311) [Dbg] [ServerPrivate.cc:115] Server received signal[2]
(2023-10-17T06:34:10.234810444) (2023-10-17T06:34:10.234818534) [Dbg] [SignalHandler.cc:142] Received signal[2].
(2023-10-17T06:34:10.234857338) (2023-10-17T06:34:10.234865572) [Dbg] [ArduPilotPlugin.cc:370] Plugin received signal[2]
(2023-10-17T06:34:10.234893831) (2023-10-17T06:34:10.234901980) [Dbg] [SignalHandler.cc:142] Received signal[2].
(2023-10-17T06:34:10.234927919) (2023-10-17T06:34:10.234935869) [Dbg] [ArduPilotPlugin.cc:370] Plugin received signal[2]
(2023-10-17T06:34:10.466624357) (2023-10-17T06:34:10.466653654) [Dbg] [SignalHandler.cc:142] Received signal[2].
(2023-10-17T06:34:10.466696895) (2023-10-17T06:34:10.466705545) [Dbg] [ServerPrivate.cc:115] Server received signal[2]
(2023-10-17T06:34:10.466737873) (2023-10-17T06:34:10.466745916) [Dbg] [SignalHandler.cc:142] Received signal[2].
(2023-10-17T06:34:10.466785191) (2023-10-17T06:34:10.466793436) [Dbg] [ArduPilotPlugin.cc:370] Plugin received signal[2]
(2023-10-17T06:34:10.466821655) (2023-10-17T06:34:10.466829892) [Dbg] [SignalHandler.cc:142] Received signal[2].
(2023-10-17T06:34:10.466856362) (2023-10-17T06:34:10.466864372) [Dbg] [ArduPilotPlugin.cc:370] Plugin received signal[2]
(2023-10-17T06:34:10.683750500) (2023-10-17T06:34:10.683773884) [Dbg] [SignalHandler.cc:142] Received signal[2].
(2023-10-17T06:34:10.683817213) (2023-10-17T06:34:10.683826017) [Dbg] [ServerPrivate.cc:115] Server received signal[2]
(2023-10-17T06:34:10.683860490) (2023-10-17T06:34:10.683868756) [Dbg] [SignalHandler.cc:142] Received signal[2].
(2023-10-17T06:34:10.683911256) (2023-10-17T06:34:10.683919385) [Dbg] [ArduPilotPlugin.cc:370] Plugin received signal[2]
(2023-10-17T06:34:10.683948795) (2023-10-17T06:34:10.683956931) [Dbg] [SignalHandler.cc:142] Received signal[2].
(2023-10-17T06:34:10.683983725) (2023-10-17T06:34:10.683991809) [Dbg] [ArduPilotPlugin.cc:370] Plugin received signal[2]
