(2023-11-02T11:55:13.296883449) (2023-11-02T11:55:13.296903648) [Msg] Gazebo Sim Server v7.6.0
(2023-11-02T11:55:13.299883645) (2023-11-02T11:55:13.299894752) [Msg] Loading SDF world file[/home/bassam/PX4-Autopilot/Tools/simulation/gz/worlds/default.sdf].
(2023-11-02T11:55:13.397059164) (2023-11-02T11:55:13.397069052) [Msg] Serving entity system service on [/entity/system/add]
(2023-11-02T11:55:13.500261128) (2023-11-02T11:55:13.500275564) [Dbg] [Physics.cc:880] Loaded [gz::physics::dartsim::Plugin] from library [/usr/lib/x86_64-linux-gnu/gz-physics-6/engine-plugins/libgz-physics-dartsim-plugin.so]
(2023-11-02T11:55:13.500342783) (2023-11-02T11:55:13.500350845) [Dbg] [SystemManager.cc:74] Loaded system [gz::sim::systems::Physics] for entity [1]
(2023-11-02T11:55:13.602743300) (2023-11-02T11:55:13.602761090) [Msg] Create service on [/world/default/create]
(2023-11-02T11:55:13.602954162) (2023-11-02T11:55:13.602966016) [Msg] Remove service on [/world/default/remove]
(2023-11-02T11:55:13.603098689) (2023-11-02T11:55:13.603109824) [Msg] Pose service on [/world/default/set_pose]
(2023-11-02T11:55:13.603236940) (2023-11-02T11:55:13.603248285) [Msg] Pose service on [/world/default/set_pose_vector]
(2023-11-02T11:55:13.603444898) (2023-11-02T11:55:13.603456018) [Msg] Light configuration service on [/world/default/light_config]
(2023-11-02T11:55:13.603669167) (2023-11-02T11:55:13.603676562) [Msg] Physics service on [/world/default/set_physics]
(2023-11-02T11:55:13.603808881) (2023-11-02T11:55:13.603816195) [Msg] SphericalCoordinates service on [/world/default/set_spherical_coordinates]
(2023-11-02T11:55:13.603871699) (2023-11-02T11:55:13.603878185) [Msg] Enable collision service on [/world/default/enable_collision]
(2023-11-02T11:55:13.603931464) (2023-11-02T11:55:13.603937875) [Msg] Disable collision service on [/world/default/disable_collision]
(2023-11-02T11:55:13.604072143) (2023-11-02T11:55:13.604079089) [Msg] Material service on [/world/default/visual_config]
(2023-11-02T11:55:13.604186418) (2023-11-02T11:55:13.604195430) [Msg] Material service on [/world/default/wheel_slip]
(2023-11-02T11:55:13.604227962) (2023-11-02T11:55:13.604233109) [Dbg] [SystemManager.cc:74] Loaded system [gz::sim::systems::UserCommands] for entity [1]
(2023-11-02T11:55:13.605441848) (2023-11-02T11:55:13.605450476) [Dbg] [SystemManager.cc:74] Loaded system [gz::sim::systems::SceneBroadcaster] for entity [1]
(2023-11-02T11:55:13.606309179) (2023-11-02T11:55:13.606318214) [Dbg] [SystemManager.cc:74] Loaded system [gz::sim::systems::Contact] for entity [1]
(2023-11-02T11:55:13.607527766) (2023-11-02T11:55:13.607536168) [Dbg] [SystemManager.cc:74] Loaded system [gz::sim::systems::Imu] for entity [1]
(2023-11-02T11:55:13.608535914) (2023-11-02T11:55:13.608544219) [Dbg] [SystemManager.cc:74] Loaded system [gz::sim::systems::AirPressure] for entity [1]
(2023-11-02T11:55:13.609702915) (2023-11-02T11:55:13.609712122) [Msg] Listening to instantaneous wrench commands in [/world/default/wrench]
(2023-11-02T11:55:13.609768922) (2023-11-02T11:55:13.609775615) [Msg] Listening to persistent wrench commands in [/world/default/wrench/persistent]
(2023-11-02T11:55:13.609828840) (2023-11-02T11:55:13.609835389) [Msg] Listening to wrench clear commands in [/world/default/wrench/clear]
(2023-11-02T11:55:13.609856214) (2023-11-02T11:55:13.609861178) [Dbg] [SystemManager.cc:74] Loaded system [gz::sim::systems::ApplyLinkWrench] for entity [1]
(2023-11-02T11:55:13.616186906) (2023-11-02T11:55:13.616199017) [Dbg] [Sensors.cc:506] Configuring Sensors system
(2023-11-02T11:55:13.616275163) (2023-11-02T11:55:13.616281233) [Dbg] [Sensors.cc:425] SensorsPrivate::Run
(2023-11-02T11:55:13.616341996) (2023-11-02T11:55:13.616348386) [Dbg] [SystemManager.cc:74] Loaded system [gz::sim::systems::Sensors] for entity [1]
(2023-11-02T11:55:13.616387282) (2023-11-02T11:55:13.616399911) [Dbg] [Sensors.cc:402] SensorsPrivate::RenderThread started
(2023-11-02T11:55:13.616416195) (2023-11-02T11:55:13.616421239) [Dbg] [Sensors.cc:245] Waiting for init
(2023-11-02T11:55:13.618809074) (2023-11-02T11:55:13.618820573) [Wrn] [SystemLoader.cc:79] Trying to load deprecated plugin [ignition-gazebo-ackermann-steering-system]. Using [gz-sim-ackermann-steering-system] instead.
(2023-11-02T11:55:13.619956679) (2023-11-02T11:55:13.619965609) [Msg] AckermannSteering subscribing to twist messages on [/cmd_vel]
(2023-11-02T11:55:13.620153077) (2023-11-02T11:55:13.620172295) [Dbg] [SystemManager.cc:74] Loaded system [ignition::gazebo::systems::AckermannSteering] for entity [8]
(2023-11-02T11:55:13.620296737) (2023-11-02T11:55:13.620303430) [Msg] Loaded level [3]
(2023-11-02T11:55:13.621630853) (2023-11-02T11:55:13.621639324) [Msg] Serving world controls on [/world/default/control], [/world/default/control/state] and [/world/default/playback/control]
(2023-11-02T11:55:13.621823572) (2023-11-02T11:55:13.621831053) [Msg] Serving GUI information on [/world/default/gui/info]
(2023-11-02T11:55:13.621850667) (2023-11-02T11:55:13.621855646) [Msg] World [default] initialized with [default_physics] physics profile.
(2023-11-02T11:55:13.621989004) (2023-11-02T11:55:13.621999244) [Msg] Serving world SDF generation service on [/world/default/generate_world_sdf]
(2023-11-02T11:55:13.622122377) (2023-11-02T11:55:13.622132935) [Msg] Serving world names on [/gazebo/worlds]
(2023-11-02T11:55:13.622218788) (2023-11-02T11:55:13.622228791) [Msg] Resource path add service on [/gazebo/resource_paths/add].
(2023-11-02T11:55:13.622366941) (2023-11-02T11:55:13.622376636) [Msg] Resource path get service on [/gazebo/resource_paths/get].
(2023-11-02T11:55:13.622459535) (2023-11-02T11:55:13.622469614) [Msg] Resource path resolve service on [/gazebo/resource_paths/resolve].
(2023-11-02T11:55:13.622554567) (2023-11-02T11:55:13.622564028) [Msg] Resource paths published on [/gazebo/resource_paths].
(2023-11-02T11:55:13.622703344) (2023-11-02T11:55:13.622714217) [Msg] Server control service on [/server_control].
(2023-11-02T11:55:15.298843333) (2023-11-02T11:55:15.298854730) [Msg] Found no publishers on /stats, adding root stats topic
(2023-11-02T11:55:15.299005561) (2023-11-02T11:55:15.299012869) [Msg] Found no publishers on /clock, adding root clock topic
(2023-11-02T11:55:15.299160379) (2023-11-02T11:55:15.299166799) [Dbg] [SimulationRunner.cc:503] Creating PostUpdate worker threads: 7
(2023-11-02T11:55:15.299185713) (2023-11-02T11:55:15.299190279) [Dbg] [SimulationRunner.cc:514] Creating postupdate worker thread (0)
(2023-11-02T11:55:15.299265073) (2023-11-02T11:55:15.299270854) [Dbg] [SimulationRunner.cc:514] Creating postupdate worker thread (1)
(2023-11-02T11:55:15.299341002) (2023-11-02T11:55:15.299347442) [Dbg] [SimulationRunner.cc:514] Creating postupdate worker thread (2)
(2023-11-02T11:55:15.299397606) (2023-11-02T11:55:15.299405762) [Dbg] [SimulationRunner.cc:514] Creating postupdate worker thread (3)
(2023-11-02T11:55:15.299462075) (2023-11-02T11:55:15.299468419) [Dbg] [SimulationRunner.cc:514] Creating postupdate worker thread (4)
(2023-11-02T11:55:15.299516669) (2023-11-02T11:55:15.299525192) [Dbg] [SimulationRunner.cc:514] Creating postupdate worker thread (5)
(2023-11-02T11:55:15.480370518) (2023-11-02T11:55:15.480381983) [Wrn] [MulticopterMotorModel.cc:257] No robotNamespace set using entity name.
(2023-11-02T11:55:15.480408564) (2023-11-02T11:55:15.480413560) [Wrn] [MulticopterMotorModel.cc:295] <motorNumber> is depricated, please use <actuator_number>.
(2023-11-02T11:55:15.480452990) (2023-11-02T11:55:15.480458155) [Dbg] [MulticopterMotorModel.cc:386] Listening to topic: x500_depth_0/command/motor_speed
(2023-11-02T11:55:15.480715610) (2023-11-02T11:55:15.480725278) [Dbg] [SystemManager.cc:74] Loaded system [gz::sim::systems::MulticopterMotorModel] for entity [56]
(2023-11-02T11:55:15.481068189) (2023-11-02T11:55:15.481075563) [Wrn] [MulticopterMotorModel.cc:257] No robotNamespace set using entity name.
(2023-11-02T11:55:15.481089608) (2023-11-02T11:55:15.481094321) [Wrn] [MulticopterMotorModel.cc:295] <motorNumber> is depricated, please use <actuator_number>.
(2023-11-02T11:55:15.481131919) (2023-11-02T11:55:15.481151015) [Dbg] [MulticopterMotorModel.cc:386] Listening to topic: x500_depth_0/command/motor_speed
(2023-11-02T11:55:15.481296990) (2023-11-02T11:55:15.481307285) [Dbg] [SystemManager.cc:74] Loaded system [gz::sim::systems::MulticopterMotorModel] for entity [56]
(2023-11-02T11:55:15.481554164) (2023-11-02T11:55:15.481560835) [Wrn] [MulticopterMotorModel.cc:257] No robotNamespace set using entity name.
(2023-11-02T11:55:15.481574030) (2023-11-02T11:55:15.481578704) [Wrn] [MulticopterMotorModel.cc:295] <motorNumber> is depricated, please use <actuator_number>.
(2023-11-02T11:55:15.481615396) (2023-11-02T11:55:15.481623775) [Dbg] [MulticopterMotorModel.cc:386] Listening to topic: x500_depth_0/command/motor_speed
(2023-11-02T11:55:15.481797070) (2023-11-02T11:55:15.481803912) [Dbg] [SystemManager.cc:74] Loaded system [gz::sim::systems::MulticopterMotorModel] for entity [56]
(2023-11-02T11:55:15.482025623) (2023-11-02T11:55:15.482032318) [Wrn] [MulticopterMotorModel.cc:257] No robotNamespace set using entity name.
(2023-11-02T11:55:15.482045790) (2023-11-02T11:55:15.482050610) [Wrn] [MulticopterMotorModel.cc:295] <motorNumber> is depricated, please use <actuator_number>.
(2023-11-02T11:55:15.482081836) (2023-11-02T11:55:15.482087081) [Dbg] [MulticopterMotorModel.cc:386] Listening to topic: x500_depth_0/command/motor_speed
(2023-11-02T11:55:15.482279457) (2023-11-02T11:55:15.482288967) [Dbg] [SystemManager.cc:74] Loaded system [gz::sim::systems::MulticopterMotorModel] for entity [56]
(2023-11-02T11:55:15.482632697) (2023-11-02T11:55:15.482639885) [Dbg] [UserCommands.cc:1263] Created entity [56] named [x500_depth_0]
(2023-11-02T11:55:15.494521605) (2023-11-02T11:55:15.494532930) [Dbg] [SimulationFeatures.cc:72] Simulation timestep set to: 0.004
(2023-11-02T11:55:15.495963860) (2023-11-02T11:55:15.495984419) [Dbg] [Sensors.cc:659] Initialization needed
(2023-11-02T11:55:15.496034084) (2023-11-02T11:55:15.496047575) [Dbg] [Sensors.cc:257] Initializing render context
(2023-11-02T11:55:15.496175829) (2023-11-02T11:55:15.496184752) [Msg] Loading plugin [gz-rendering-ogre2]
(2023-11-02T11:55:15.496477263) (2023-11-02T11:55:15.496550987) [Dbg] [AirPressureSensor.cc:126] Air pressure for [(2023-11-02T11:55:15.496619088) (2023-11-02T11:55:15.496629860) [Dbg] [ImuSensor.cc:149] IMU data for [x500_depth_0::base_link::imu_sensor] advertised on [world/default/model/x500_depth_0/link/base_link/sensor/imu_sensor/imu]
x500_depth_0::base_link::air_pressure_sensor] advertised on [world/default/model/x500_depth_0/link/base_link/sensor/air_pressure_sensor/air_pressure]
(2023-11-02T11:55:15.497333488) (2023-11-02T11:55:15.497347326) [Msg] Serving scene information on [/world/default/scene/info]
(2023-11-02T11:55:15.497445616) (2023-11-02T11:55:15.497457087) [Msg] Serving graph information on [/world/default/scene/graph]
(2023-11-02T11:55:15.497661586) (2023-11-02T11:55:15.497672192) [Msg] Serving full state on [/world/default/state]
(2023-11-02T11:55:15.497757508) (2023-11-02T11:55:15.497768199) [Msg] Serving full state (async) on [/world/default/state_async]
(2023-11-02T11:55:15.497889420) (2023-11-02T11:55:15.497899191) [Msg] Publishing scene information on [/world/default/scene/info]
(2023-11-02T11:55:15.498015411) (2023-11-02T11:55:15.498026406) [Msg] Publishing entity deletions on [/world/default/scene/deletion]
(2023-11-02T11:55:15.498107306) (2023-11-02T11:55:15.498116930) [Msg] Publishing state changes on [/world/default/state]
(2023-11-02T11:55:15.498212838) (2023-11-02T11:55:15.498222408) [Msg] Publishing pose messages on [/world/default/pose/info]
(2023-11-02T11:55:15.498315620) (2023-11-02T11:55:15.498325888) [Msg] Publishing dynamic pose messages on [/world/default/dynamic_pose/info]
(2023-11-02T11:55:15.499136593) (2023-11-02T11:55:15.499148858) [Dbg] [EntityComponentManager.cc:1655] Updated state thread iterators: 8 threads processing around 13 entities each.
(2023-11-02T11:55:15.509373389) (2023-11-02T11:55:15.509385996) [Wrn] [Component.hh:144] Trying to serialize component with data type [N3sdf3v135WorldE], which doesn't have `operator<<`. Component will not be serialized.
(2023-11-02T11:55:15.509524416) (2023-11-02T11:55:15.509531097) [Wrn] [Model.hh:69] Skipping serialization / deserialization for models with //pose/@relative_to attribute.
(((2023-11-02T11:55:15.511759963) (2023-11-02T11:55:15.5117790692023-11-02T11:55:15.511779069(2023-11-02T11:55:15.511779069() (2023-11-02T11:55:15.511814030) 2023-11-02T11:55:15.511797314[Dbg] [SimulationRunner.cc:530] 2023-11-02T11:55:15.511838280) () (2023-11-02T11:55:15.511868965) 2023-11-02T11:55:15.511871241) (2023-11-02T11:55:15.511889376) ) ) Exiting postupdate worker thread (3)
[Dbg] [SimulationRunner.cc:530] Exiting postupdate worker thread (4)
[Dbg] [SimulationRunner.cc:530] Exiting postupdate worker thread (5)
[Dbg] [SimulationRunner.cc:530] Exiting postupdate worker thread (2)

Exiting postupdate worker thread (00)
(2023-11-02T11:55:15.512200032) (2023-11-02T11:55:15.512215625) [Dbg] [SimulationRunner.cc:530] Exiting postupdate worker thread (1)
(2023-11-02T11:55:15.512373546) (2023-11-02T11:55:15.512384057) [Dbg] [SimulationRunner.cc:503] Creating PostUpdate worker threads: 7
(2023-11-02T11:55:15.512418181) (2023-11-02T11:55:15.512426283) [Dbg] [SimulationRunner.cc:514] Creating postupdate worker thread (0)
(2023-11-02T11:55:15.513446813) (2023-11-02T11:55:15.513463375) [Dbg] [SimulationRunner.cc:514] Creating postupdate worker thread (1)
(2023-11-02T11:55:15.513517858) (2023-11-02T11:55:15.513526247) [Dbg] [SimulationRunner.cc:514] Creating postupdate worker thread (2)
(2023-11-02T11:55:15.513565128) (2023-11-02T11:55:15.513572787) [Dbg] [SimulationRunner.cc:514] Creating postupdate worker thread (3)
(2023-11-02T11:55:15.513609125) (2023-11-02T11:55:15.513616973) [Dbg] [SimulationRunner.cc:514] Creating postupdate worker thread (4)
(2023-11-02T11:55:15.513691337) (2023-11-02T11:55:15.513700799) [Dbg] [SimulationRunner.cc:514] Creating postupdate worker thread (5)
(2023-11-02T11:55:15.770170014) (2023-11-02T11:55:15.770179714) [Dbg] [RenderUtil.cc:2720] Create scene [scene]
((2023-11-02T11:55:15.816262277) (2023-11-02T11:55:15.816295821) 2023-11-02T11:55:15.816277805) (2023-11-02T11:55:15.816315223) [Dbg] [Sensors.cc:277] Rendering Thread initialized
[Dbg] [Sensors.cc:659] Initialization needed
(2023-11-02T11:55:15.820491519) (2023-11-02T11:55:15.820500292) [Wrn] [FuelClient.cc:1952] The fuel.ignitionrobotics.org URL is deprecrated. Pleasse change https://fuel.ignitionrobotics.org/1.0/openrobotics/models/prius hybrid/2/files/meshes/Hybrid.obj to https://fuel.gazebosim.org/1.0/openrobotics/models/prius hybrid/2/files/meshes/Hybrid.obj
(2023-11-02T11:55:15.820590652) (2023-11-02T11:55:15.820596607) [Wrn] [FuelClient.cc:1952] The fuel.ignitionrobotics.org URL is deprecrated. Pleasse change https://fuel.ignitionrobotics.org/1.0/openrobotics/models/prius hybrid/2/files/meshes/Hybrid.obj to https://fuel.gazebosim.org/1.0/openrobotics/models/prius hybrid/2/files/meshes/Hybrid.obj
(2023-11-02T11:55:15.823287356) (2023-11-02T11:55:15.823298141) [Wrn] [OBJLoader.cc:91] Both `d` and `Tr` parameters defined for "Hybrid". Use the value of `d` for dissolve (line 8 in .mtl.)
Both `d` and `Tr` parameters defined for "Wheels3". Use the value of `d` for dissolve (line 22 in .mtl.)
Both `d` and `Tr` parameters defined for "Hybrid_Interior". Use the value of `d` for dissolve (line 36 in .mtl.)
Both `d` and `Tr` parameters defined for "Windows". Use the value of `d` for dissolve (line 50 in .mtl.)

(2023-11-02T11:55:15.895751492) (2023-11-02T11:55:15.895761956) [Err] [SceneManager.cc:887] PBR material: currently only metal workflow is supported. Gazebo will try to render the material using metal workflow but without Roughness / Metalness settings.
(2023-11-02T11:55:17.442353251) (2023-11-02T11:55:17.442362450) [Dbg] [CameraSensor.cc:458] Camera images for [prius_hybrid::chassis::back_camera_sensor] advertised on [back_camera]
(2023-11-02T11:55:17.442508713) (2023-11-02T11:55:17.442515930) [Dbg] [CameraSensor.cc:786] Camera info for [prius_hybrid::chassis::back_camera_sensor] advertised on [/camera_info]
(2023-11-02T11:55:17.442661423) (2023-11-02T11:55:17.442668233) [Wrn] [Ogre2Camera.cc:412] Ogre2Camera::SetVisibilityMask: Mask bits c0000000 are set but will be ignored as they conflict with the reserved bits used internally by the ogre2 backend.
(2023-11-02T11:55:17.442982739) (2023-11-02T11:55:17.442992775) [Dbg] [CameraSensor.cc:458] Camera images for [prius_hybrid::chassis::front_camera_sensor] advertised on [front_camera]
(2023-11-02T11:55:17.443057253) (2023-11-02T11:55:17.443066808) [Dbg] [CameraSensor.cc:786] Camera info for [prius_hybrid::chassis::front_camera_sensor] advertised on [/camera_info]
(2023-11-02T11:55:17.443110920) (2023-11-02T11:55:17.443116574) [Wrn] [Ogre2Camera.cc:412] Ogre2Camera::SetVisibilityMask: Mask bits c0000000 are set but will be ignored as they conflict with the reserved bits used internally by the ogre2 backend.
(2023-11-02T11:55:17.443266180) (2023-11-02T11:55:17.443276021) [Dbg] [CameraSensor.cc:458] Camera images for [prius_hybrid::chassis::left_camera_sensor] advertised on [left_camera]
(2023-11-02T11:55:17.443340397) (2023-11-02T11:55:17.443349396) [Dbg] [CameraSensor.cc:786] Camera info for [prius_hybrid::chassis::left_camera_sensor] advertised on [/camera_info]
(2023-11-02T11:55:17.443392330) (2023-11-02T11:55:17.443398008) [Wrn] [Ogre2Camera.cc:412] Ogre2Camera::SetVisibilityMask: Mask bits c0000000 are set but will be ignored as they conflict with the reserved bits used internally by the ogre2 backend.
(2023-11-02T11:55:17.443530839) (2023-11-02T11:55:17.443540656) [Dbg] [CameraSensor.cc:458] Camera images for [prius_hybrid::chassis::right_camera_sensor] advertised on [right_camera]
(2023-11-02T11:55:17.443600874) (2023-11-02T11:55:17.443610176) [Dbg] [CameraSensor.cc:786] Camera info for [prius_hybrid::chassis::right_camera_sensor] advertised on [/camera_info]
(2023-11-02T11:55:17.443648306) (2023-11-02T11:55:17.443653628) [Wrn] [Ogre2Camera.cc:412] Ogre2Camera::SetVisibilityMask: Mask bits c0000000 are set but will be ignored as they conflict with the reserved bits used internally by the ogre2 backend.
(2023-11-02T11:55:17.443807070) (2023-11-02T11:55:17.443813529) [Dbg] [CameraSensor.cc:458] Camera images for [x500_depth_0::OakD-Lite/base_link::IMX214] advertised on [camera]
(2023-11-02T11:55:17.443872593) (2023-11-02T11:55:17.443881709) [Dbg] [CameraSensor.cc:786] Camera info for [x500_depth_0::OakD-Lite/base_link::IMX214] advertised on [/camera_info]
(2023-11-02T11:55:17.443921177) (2023-11-02T11:55:17.443926467) [Wrn] [Ogre2Camera.cc:412] Ogre2Camera::SetVisibilityMask: Mask bits c0000000 are set but will be ignored as they conflict with the reserved bits used internally by the ogre2 backend.
(2023-11-02T11:55:17.444120429) (2023-11-02T11:55:17.444127925) [Dbg] [DepthCameraSensor.cc:282] Depth images for [x500_depth_0::OakD-Lite/base_link::StereoOV7251] advertised on [depth_camera]
(2023-11-02T11:55:17.444218389) (2023-11-02T11:55:17.444226700) [Dbg] [CameraSensor.cc:786] Camera info for [x500_depth_0::OakD-Lite/base_link::StereoOV7251] advertised on [/camera_info]
(2023-11-02T11:55:17.444349779) (2023-11-02T11:55:17.444356918) [Dbg] [DepthCameraSensor.cc:299] Points for [x500_depth_0::OakD-Lite/base_link::StereoOV7251] advertised on [depth_camera/points]
(2023-11-02T11:55:21.175477479) (2023-11-02T11:55:21.175500328) [Dbg] [CameraSensor.cc:583] Enabling camera sensor: 'x500_depth_0::OakD-Lite/base_link::IMX214' data generation.
(2023-11-02T12:01:50.728227108) (2023-11-02T12:01:50.728249534) [Dbg] [SignalHandler.cc:142] Received signal[2].
(2023-11-02T12:01:50.728283654) (2023-11-02T12:01:50.728293167) [Dbg] [ServerPrivate.cc:115] Server received signal[2]
(2023-11-02T12:01:50.728322794) (2023-11-02T12:01:50.728331728) [Dbg] [Sensors.cc:433] SensorsPrivate::Stop
(2023-11-02T12:01:50.802905996) (2023-11-02T12:01:50.802939370) [Dbg] [Sensors.cc:419] SensorsPrivate::RenderThread stopped
(2023-11-02T12:01:50.807816454) (2023-11-02T12:01:50.807835476) [Dbg] [gz.cc:417] Shutting down gz-sim-server
(((2023-11-02T12:01:50.816546086) (2023-11-02T12:01:50.816575835) [Dbg] [SimulationRunner.cc:530] [Dbg] [SimulationRunner.cc:530] 2023-11-02T12:01:50.816578054(2023-11-02T12:01:50.816622699) (2023-11-02T12:01:50.816633215) 2023-11-02T12:01:50.816647916) (2023-11-02T12:01:50.816657752) 2023-11-02T12:01:50.816669624) (2023-11-02T12:01:50.816681167) 2023-11-02T12:01:50.816559889) (2023-11-02T12:01:50.816699582) ) (2023-11-02T12:01:50.816715963) Exiting postupdate worker thread (1)
[Dbg] [SimulationRunner.cc:530] Exiting postupdate worker thread (0)
[Dbg] [SimulationRunner.cc:530] Exiting postupdate worker thread (3)
[Dbg] [SimulationRunner.cc:530] Exiting postupdate worker thread (4)
[Dbg] [SimulationRunner.cc:530] Exiting postupdate worker thread (2)
[Dbg] [SimulationRunner.cc:530] Exiting postupdate worker thread (5)
(2023-11-02T12:01:50.903111518) (2023-11-02T12:01:50.903130821) [Dbg] [Sensors.cc:433] SensorsPrivate::Stop
