(2023-10-20T00:30:22.257941612) (2023-10-20T00:30:22.257951947) [Msg] Gazebo Sim Server v7.6.0
(2023-10-20T00:30:22.261200405) (2023-10-20T00:30:22.261209887) [Msg] Loading SDF world file[/home/bassam/PX4-Autopilot/Tools/simulation/gz/worlds/default.sdf].
(2023-10-20T00:30:22.354994752) (2023-10-20T00:30:22.355010196) [Msg] Serving entity system service on [/entity/system/add]
(2023-10-20T00:30:22.454000804) (2023-10-20T00:30:22.454014765) [Dbg] [Physics.cc:880] Loaded [gz::physics::dartsim::Plugin] from library [/usr/lib/x86_64-linux-gnu/gz-physics-6/engine-plugins/libgz-physics-dartsim-plugin.so]
(2023-10-20T00:30:22.454076384) (2023-10-20T00:30:22.454084119) [Dbg] [SystemManager.cc:74] Loaded system [gz::sim::systems::Physics] for entity [1]
(2023-10-20T00:30:22.464437485) (2023-10-20T00:30:22.464451925) [Msg] Create service on [/world/default/create]
(2023-10-20T00:30:22.564818924) (2023-10-20T00:30:22.564835670) [Msg] Remove service on [/world/default/remove]
(2023-10-20T00:30:22.564941069) (2023-10-20T00:30:22.564950703) [Msg] Pose service on [/world/default/set_pose]
(2023-10-20T00:30:22.565048843) (2023-10-20T00:30:22.565055118) [Msg] Pose service on [/world/default/set_pose_vector]
(2023-10-20T00:30:22.565201883) (2023-10-20T00:30:22.565210768) [Msg] Light configuration service on [/world/default/light_config]
(2023-10-20T00:30:22.565384578) (2023-10-20T00:30:22.565393961) [Msg] Physics service on [/world/default/set_physics]
(2023-10-20T00:30:22.565520275) (2023-10-20T00:30:22.565530047) [Msg] SphericalCoordinates service on [/world/default/set_spherical_coordinates]
(2023-10-20T00:30:22.565595345) (2023-10-20T00:30:22.565614595) [Msg] Enable collision service on [/world/default/enable_collision]
(2023-10-20T00:30:22.565671679) (2023-10-20T00:30:22.565678390) [Msg] Disable collision service on [/world/default/disable_collision]
(2023-10-20T00:30:22.565835984) (2023-10-20T00:30:22.565843940) [Msg] Material service on [/world/default/visual_config]
(2023-10-20T00:30:22.565934363) (2023-10-20T00:30:22.565940645) [Msg] Material service on [/world/default/wheel_slip]
(2023-10-20T00:30:22.565967350) (2023-10-20T00:30:22.565971642) [Dbg] [SystemManager.cc:74] Loaded system [gz::sim::systems::UserCommands] for entity [1]
(2023-10-20T00:30:22.567130394) (2023-10-20T00:30:22.567137800) [Dbg] [SystemManager.cc:74] Loaded system [gz::sim::systems::SceneBroadcaster] for entity [1]
(2023-10-20T00:30:22.567860171) (2023-10-20T00:30:22.567867367) [Dbg] [SystemManager.cc:74] Loaded system [gz::sim::systems::Contact] for entity [1]
(2023-10-20T00:30:22.568887885) (2023-10-20T00:30:22.568895327) [Dbg] [SystemManager.cc:74] Loaded system [gz::sim::systems::Imu] for entity [1]
(2023-10-20T00:30:22.569749485) (2023-10-20T00:30:22.569756922) [Dbg] [SystemManager.cc:74] Loaded system [gz::sim::systems::AirPressure] for entity [1]
(2023-10-20T00:30:22.570567853) (2023-10-20T00:30:22.570575460) [Msg] Listening to instantaneous wrench commands in [/world/default/wrench]
(2023-10-20T00:30:22.570629618) (2023-10-20T00:30:22.570637803) [Msg] Listening to persistent wrench commands in [/world/default/wrench/persistent]
(2023-10-20T00:30:22.570691476) (2023-10-20T00:30:22.570698672) [Msg] Listening to wrench clear commands in [/world/default/wrench/clear]
(2023-10-20T00:30:22.570717387) (2023-10-20T00:30:22.570721782) [Dbg] [SystemManager.cc:74] Loaded system [gz::sim::systems::ApplyLinkWrench] for entity [1]
(2023-10-20T00:30:22.575416519) (2023-10-20T00:30:22.575426086) [Dbg] [Sensors.cc:506] Configuring Sensors system
(2023-10-20T00:30:22.575492667) (2023-10-20T00:30:22.575497901) [Dbg] [Sensors.cc:425] SensorsPrivate::Run
(2023-10-20T00:30:22.575565100) (2023-10-20T00:30:22.575570804) [Dbg] [SystemManager.cc:74] Loaded system [gz::sim::systems::Sensors] for entity [1]
(2023-10-20T00:30:22.575649193) (2023-10-20T00:30:22.575659783) [Dbg] [Sensors.cc:402] SensorsPrivate::RenderThread started
(2023-10-20T00:30:22.575674455) (2023-10-20T00:30:22.575678924) [Dbg] [Sensors.cc:245] Waiting for init
(2023-10-20T00:30:22.577532913) (2023-10-20T00:30:22.577540661) [Wrn] [SystemLoader.cc:79] Trying to load deprecated plugin [ignition-gazebo-ackermann-steering-system]. Using [gz-sim-ackermann-steering-system] instead.
(2023-10-20T00:30:22.623274477) (2023-10-20T00:30:22.623296255) [Msg] AckermannSteering subscribing to twist messages on [/cmd_vel]
(2023-10-20T00:30:22.623654398) (2023-10-20T00:30:22.623664930) [Dbg] [SystemManager.cc:74] Loaded system [ignition::gazebo::systems::AckermannSteering] for entity [8]
(2023-10-20T00:30:22.624033102) (2023-10-20T00:30:22.624045219) [Msg] Loaded level [3]
(2023-10-20T00:30:22.626534813) (2023-10-20T00:30:22.626552008) [Msg] Serving world controls on [/world/default/control], [/world/default/control/state] and [/world/default/playback/control]
(2023-10-20T00:30:22.626813038) (2023-10-20T00:30:22.626824270) [Msg] Serving GUI information on [/world/default/gui/info]
(2023-10-20T00:30:22.626852600) (2023-10-20T00:30:22.626861008) [Msg] World [default] initialized with [default_physics] physics profile.
(2023-10-20T00:30:22.627024628) (2023-10-20T00:30:22.627034676) [Msg] Serving world SDF generation service on [/world/default/generate_world_sdf]
(2023-10-20T00:30:22.627154796) (2023-10-20T00:30:22.627164768) [Msg] Serving world names on [/gazebo/worlds]
(2023-10-20T00:30:22.627243914) (2023-10-20T00:30:22.627254016) [Msg] Resource path add service on [/gazebo/resource_paths/add].
(2023-10-20T00:30:22.627332702) (2023-10-20T00:30:22.627342847) [Msg] Resource path get service on [/gazebo/resource_paths/get].
(2023-10-20T00:30:22.627419008) (2023-10-20T00:30:22.627428387) [Msg] Resource path resolve service on [/gazebo/resource_paths/resolve].
(2023-10-20T00:30:22.627521676) (2023-10-20T00:30:22.627531490) [Msg] Resource paths published on [/gazebo/resource_paths].
(2023-10-20T00:30:22.627737290) (2023-10-20T00:30:22.627747633) [Msg] Server control service on [/server_control].
(2023-10-20T00:30:24.260209546) (2023-10-20T00:30:24.260225187) [Msg] Found no publishers on /stats, adding root stats topic
(2023-10-20T00:30:24.260379067) (2023-10-20T00:30:24.260385938) [Msg] Found no publishers on /clock, adding root clock topic
(2023-10-20T00:30:24.260576476) (2023-10-20T00:30:24.260587370) [Dbg] [SimulationRunner.cc:503] Creating PostUpdate worker threads: 7
(2023-10-20T00:30:24.260626795) (2023-10-20T00:30:24.260634054) [Dbg] [SimulationRunner.cc:514] Creating postupdate worker thread (0)
(2023-10-20T00:30:24.260707432) (2023-10-20T00:30:24.260713717) [Dbg] [SimulationRunner.cc:514] Creating postupdate worker thread (1)
(2023-10-20T00:30:24.260759088) (2023-10-20T00:30:24.260767306) [Dbg] [SimulationRunner.cc:514] Creating postupdate worker thread (2)
(2023-10-20T00:30:24.260826185) (2023-10-20T00:30:24.260832315) [Dbg] [SimulationRunner.cc:514] Creating postupdate worker thread (3)
(2023-10-20T00:30:24.260868329) (2023-10-20T00:30:24.260873770) [Dbg] [SimulationRunner.cc:514] Creating postupdate worker thread (4)
(2023-10-20T00:30:24.260910289) (2023-10-20T00:30:24.260915681) [Dbg] [SimulationRunner.cc:514] Creating postupdate worker thread (5)
(2023-10-20T00:30:24.439340353) (2023-10-20T00:30:24.439352464) [Wrn] [MulticopterMotorModel.cc:257] No robotNamespace set using entity name.
(2023-10-20T00:30:24.439378861) (2023-10-20T00:30:24.439384172) [Wrn] [MulticopterMotorModel.cc:295] <motorNumber> is depricated, please use <actuator_number>.
(2023-10-20T00:30:24.439423138) (2023-10-20T00:30:24.439428280) [Dbg] [MulticopterMotorModel.cc:386] Listening to topic: x500_depth_0/command/motor_speed
(2023-10-20T00:30:24.439664139) (2023-10-20T00:30:24.439671416) [Dbg] [SystemManager.cc:74] Loaded system [gz::sim::systems::MulticopterMotorModel] for entity [55]
(2023-10-20T00:30:24.439890647) (2023-10-20T00:30:24.439897265) [Wrn] [MulticopterMotorModel.cc:257] No robotNamespace set using entity name.
(2023-10-20T00:30:24.439910799) (2023-10-20T00:30:24.439915496) [Wrn] [MulticopterMotorModel.cc:295] <motorNumber> is depricated, please use <actuator_number>.
(2023-10-20T00:30:24.439946535) (2023-10-20T00:30:24.439951364) [Dbg] [MulticopterMotorModel.cc:386] Listening to topic: x500_depth_0/command/motor_speed
(2023-10-20T00:30:24.440054678) (2023-10-20T00:30:24.440060809) [Dbg] [SystemManager.cc:74] Loaded system [gz::sim::systems::MulticopterMotorModel] for entity [55]
(2023-10-20T00:30:24.440253028) (2023-10-20T00:30:24.440260122) [Wrn] [MulticopterMotorModel.cc:257] No robotNamespace set using entity name.
(2023-10-20T00:30:24.440273470) (2023-10-20T00:30:24.440278270) [Wrn] [MulticopterMotorModel.cc:295] <motorNumber> is depricated, please use <actuator_number>.
(2023-10-20T00:30:24.440308302) (2023-10-20T00:30:24.440313312) [Dbg] [MulticopterMotorModel.cc:386] Listening to topic: x500_depth_0/command/motor_speed
(2023-10-20T00:30:24.440417686) (2023-10-20T00:30:24.440423754) [Dbg] [SystemManager.cc:74] Loaded system [gz::sim::systems::MulticopterMotorModel] for entity [55]
(2023-10-20T00:30:24.440614540) (2023-10-20T00:30:24.440621496) [Wrn] [MulticopterMotorModel.cc:257] No robotNamespace set using entity name.
(2023-10-20T00:30:24.440634503) (2023-10-20T00:30:24.440639205) [Wrn] [MulticopterMotorModel.cc:295] <motorNumber> is depricated, please use <actuator_number>.
(2023-10-20T00:30:24.440669119) (2023-10-20T00:30:24.440674110) [Dbg] [MulticopterMotorModel.cc:386] Listening to topic: x500_depth_0/command/motor_speed
(2023-10-20T00:30:24.440792364) (2023-10-20T00:30:24.440798453) [Dbg] [SystemManager.cc:74] Loaded system [gz::sim::systems::MulticopterMotorModel] for entity [55]
(2023-10-20T00:30:24.441041148) (2023-10-20T00:30:24.441046939) [Dbg] [UserCommands.cc:1263] Created entity [55] named [x500_depth_0]
(2023-10-20T00:30:24.453039259) (2023-10-20T00:30:24.453052155) [Dbg] [SimulationFeatures.cc:72] Simulation timestep set to: 0.004
(2023-10-20T00:30:24.454305764) (2023-10-20T00:30:24.454351093) [Dbg] [Sensors.cc:659] Initialization needed
(2023-10-20T00:30:24.454441667) (2023-10-20T00:30:24.454455442) [Dbg] [Sensors.cc:257] Initializing render context
(2023-10-20T00:30:24.454711285) (2023-10-20T00:30:24.454718986) [Msg] Loading plugin [gz-rendering-ogre2]
(2023-10-20T00:30:24.455160435) (2023-10-20T00:30:24.455178254) ([Dbg] [AirPressureSensor.cc:126] 2023-10-20T00:30:24.455195542) (Air pressure for [2023-10-20T00:30:24.455213612) x500_depth_0::base_link::air_pressure_sensor] advertised on [world/default/model/x500_depth_0/link/base_link/sensor/air_pressure_sensor/air_pressure][Dbg] [ImuSensor.cc:149] IMU data for [] advertised on [world/default/model/x500_depth_0/link/base_link/sensor/imu_sensor/imu]
(2023-10-20T00:30:24.455654366) (2023-10-20T00:30:24.455662861) [Msg] Serving scene information on [/world/default/scene/info]
(2023-10-20T00:30:24.455726048) (2023-10-20T00:30:24.455732315) [Msg] Serving graph information on [/world/default/scene/graph]
(2023-10-20T00:30:24.455885119) (2023-10-20T00:30:24.455891770) [Msg] Serving full state on [/world/default/state]
(2023-10-20T00:30:24.455945457) (2023-10-20T00:30:24.455951583) [Msg] Serving full state (async) on [/world/default/state_async]
(2023-10-20T00:30:24.456011811) (2023-10-20T00:30:24.456021620) [Msg] Publishing scene information on [/world/default/scene/info]
(2023-10-20T00:30:24.456110699) (2023-10-20T00:30:24.456120871) [Msg] Publishing entity deletions on [/world/default/scene/deletion]
(2023-10-20T00:30:24.456185646) (2023-10-20T00:30:24.456194737) [Msg] Publishing state changes on [/world/default/state]
(2023-10-20T00:30:24.456275824) (2023-10-20T00:30:24.456283129) [Msg] Publishing pose messages on [/world/default/pose/info]
(2023-10-20T00:30:24.456358899) (2023-10-20T00:30:24.456367974) [Msg] Publishing dynamic pose messages on [/world/default/dynamic_pose/info]
(2023-10-20T00:30:24.456836628) (2023-10-20T00:30:24.456844329) [Dbg] [EntityComponentManager.cc:1655] Updated state thread iterators: 8 threads processing around 13 entities each.
(2023-10-20T00:30:24.466987748) (2023-10-20T00:30:24.467011318) [Wrn] [Component.hh:144] Trying to serialize component with data type [N3sdf3v135WorldE], which doesn't have `operator<<`. Component will not be serialized.
(2023-10-20T00:30:24.467158505) (2023-10-20T00:30:24.467176888) [Wrn] [Model.hh:69] Skipping serialization / deserialization for models with //pose/@relative_to attribute.
(((2023-10-20T00:30:24.469660151) (2023-10-20T00:30:24.4696874212023-10-20T00:30:24.469687421(2023-10-20T00:30:24.469673894) () 2023-10-20T00:30:24.469701623) (2023-10-20T00:30:24.469655837) ([Dbg] [SimulationRunner.cc:530] 2023-10-20T00:30:24.469755240) ) (2023-10-20T00:30:24.469770181) (Exiting postupdate worker thread ((Exiting postupdate worker thread (2023-10-20T00:30:24.469739339) (2023-10-20T00:30:24.469805889) 2)
) ) 2023-10-20T00:30:24.469823872) ([Dbg] [SimulationRunner.cc:530] 2023-10-20T00:30:24.469862229[Dbg] [SimulationRunner.cc:530] 2023-10-20T00:30:24.469862229) ) Exiting postupdate worker thread (44[Dbg] [SimulationRunner.cc:530] Exiting postupdate worker thread (1)
[Dbg] [SimulationRunner.cc:530] Exiting postupdate worker thread (0)
[Dbg] [SimulationRunner.cc:530] Exiting postupdate worker thread (3)
[Dbg] [SimulationRunner.cc:530] Exiting postupdate worker thread (5)
)
(2023-10-20T00:30:24.470104932) (2023-10-20T00:30:24.470117486) [Dbg] [SimulationRunner.cc:503] Creating PostUpdate worker threads: 7
(2023-10-20T00:30:24.470151297) (2023-10-20T00:30:24.470162208) [Dbg] [SimulationRunner.cc:514] Creating postupdate worker thread (0)
(2023-10-20T00:30:24.470312007) (2023-10-20T00:30:24.470322799) [Dbg] [SimulationRunner.cc:514] Creating postupdate worker thread (1)
(2023-10-20T00:30:24.470377357) (2023-10-20T00:30:24.470385848) [Dbg] [SimulationRunner.cc:514] Creating postupdate worker thread (2)
(2023-10-20T00:30:24.470499204) (2023-10-20T00:30:24.470507748) [Dbg] [SimulationRunner.cc:514] Creating postupdate worker thread (3)
(2023-10-20T00:30:24.470564626) (2023-10-20T00:30:24.470572053) [Dbg] [SimulationRunner.cc:514] Creating postupdate worker thread (4)
(2023-10-20T00:30:24.470725235) (2023-10-20T00:30:24.470736752) [Dbg] [SimulationRunner.cc:514] Creating postupdate worker thread (5)
(2023-10-20T00:30:24.623350732) (2023-10-20T00:30:24.623357581) [Dbg] [RenderUtil.cc:2720] Create scene [scene]
(2023-10-20T00:30:24.652032199) (2023-10-20T00:30:24.652046932) [Dbg] [Sensors.cc:277] Rendering Thread initialized
(2023-10-20T00:30:24.652084236) (2023-10-20T00:30:24.652099185) [Dbg] [Sensors.cc:659] Initialization needed
(2023-10-20T00:30:24.655401221) (2023-10-20T00:30:24.655409715) [Wrn] [FuelClient.cc:1952] The fuel.ignitionrobotics.org URL is deprecrated. Pleasse change https://fuel.ignitionrobotics.org/1.0/openrobotics/models/prius hybrid/2/files/meshes/Hybrid.obj to https://fuel.gazebosim.org/1.0/openrobotics/models/prius hybrid/2/files/meshes/Hybrid.obj
(2023-10-20T00:30:24.655474271) (2023-10-20T00:30:24.655479521) [Wrn] [FuelClient.cc:1952] The fuel.ignitionrobotics.org URL is deprecrated. Pleasse change https://fuel.ignitionrobotics.org/1.0/openrobotics/models/prius hybrid/2/files/meshes/Hybrid.obj to https://fuel.gazebosim.org/1.0/openrobotics/models/prius hybrid/2/files/meshes/Hybrid.obj
(2023-10-20T00:30:24.665386028) (2023-10-20T00:30:24.665397414) [Wrn] [OBJLoader.cc:91] Both `d` and `Tr` parameters defined for "Hybrid". Use the value of `d` for dissolve (line 8 in .mtl.)
Both `d` and `Tr` parameters defined for "Wheels3". Use the value of `d` for dissolve (line 22 in .mtl.)
Both `d` and `Tr` parameters defined for "Hybrid_Interior". Use the value of `d` for dissolve (line 36 in .mtl.)
Both `d` and `Tr` parameters defined for "Windows". Use the value of `d` for dissolve (line 50 in .mtl.)

(2023-10-20T00:30:26.185982096) (2023-10-20T00:30:26.185991341) [Dbg] [CameraSensor.cc:458] Camera images for [prius_hybrid::chassis::back_camera_sensor] advertised on [back_camera]
(2023-10-20T00:30:26.186105868) (2023-10-20T00:30:26.186112458) [Dbg] [CameraSensor.cc:786] Camera info for [prius_hybrid::chassis::back_camera_sensor] advertised on [/camera_info]
(2023-10-20T00:30:26.186215650) (2023-10-20T00:30:26.186221418) [Wrn] [Ogre2Camera.cc:412] Ogre2Camera::SetVisibilityMask: Mask bits c0000000 are set but will be ignored as they conflict with the reserved bits used internally by the ogre2 backend.
(2023-10-20T00:30:26.186471364) (2023-10-20T00:30:26.186478042) [Dbg] [CameraSensor.cc:458] Camera images for [prius_hybrid::chassis::front_camera_sensor] advertised on [front_camera]
(2023-10-20T00:30:26.186525843) (2023-10-20T00:30:26.186531291) [Dbg] [CameraSensor.cc:786] Camera info for [prius_hybrid::chassis::front_camera_sensor] advertised on [/camera_info]
(2023-10-20T00:30:26.186579858) (2023-10-20T00:30:26.186585331) [Wrn] [Ogre2Camera.cc:412] Ogre2Camera::SetVisibilityMask: Mask bits c0000000 are set but will be ignored as they conflict with the reserved bits used internally by the ogre2 backend.
(2023-10-20T00:30:26.186740287) (2023-10-20T00:30:26.186747024) [Dbg] [CameraSensor.cc:458] Camera images for [prius_hybrid::chassis::left_camera_sensor] advertised on [left_camera]
(2023-10-20T00:30:26.186794424) (2023-10-20T00:30:26.186800080) [Dbg] [CameraSensor.cc:786] Camera info for [prius_hybrid::chassis::left_camera_sensor] advertised on [/camera_info]
(2023-10-20T00:30:26.186834280) (2023-10-20T00:30:26.186839222) [Wrn] [Ogre2Camera.cc:412] Ogre2Camera::SetVisibilityMask: Mask bits c0000000 are set but will be ignored as they conflict with the reserved bits used internally by the ogre2 backend.
(2023-10-20T00:30:26.186973518) (2023-10-20T00:30:26.186980263) [Dbg] [CameraSensor.cc:458] Camera images for [prius_hybrid::chassis::right_camera_sensor] advertised on [right_camera]
(2023-10-20T00:30:26.187026897) (2023-10-20T00:30:26.187032561) [Dbg] [CameraSensor.cc:786] Camera info for [prius_hybrid::chassis::right_camera_sensor] advertised on [/camera_info]
(2023-10-20T00:30:26.187066167) (2023-10-20T00:30:26.187071467) [Wrn] [Ogre2Camera.cc:412] Ogre2Camera::SetVisibilityMask: Mask bits c0000000 are set but will be ignored as they conflict with the reserved bits used internally by the ogre2 backend.
(2023-10-20T00:30:26.187206134) (2023-10-20T00:30:26.187212577) [Dbg] [CameraSensor.cc:458] Camera images for [x500_depth_0::OakD-Lite/base_link::IMX214] advertised on [camera]
(2023-10-20T00:30:26.187263419) (2023-10-20T00:30:26.187269033) [Dbg] [CameraSensor.cc:786] Camera info for [x500_depth_0::OakD-Lite/base_link::IMX214] advertised on [/camera_info]
(2023-10-20T00:30:26.187304278) (2023-10-20T00:30:26.187309326) [Wrn] [Ogre2Camera.cc:412] Ogre2Camera::SetVisibilityMask: Mask bits c0000000 are set but will be ignored as they conflict with the reserved bits used internally by the ogre2 backend.
(2023-10-20T00:30:26.187518754) (2023-10-20T00:30:26.187525436) [Dbg] [DepthCameraSensor.cc:282] Depth images for [x500_depth_0::OakD-Lite/base_link::StereoOV7251] advertised on [depth_camera]
(2023-10-20T00:30:26.187583149) (2023-10-20T00:30:26.187588934) [Dbg] [CameraSensor.cc:786] Camera info for [x500_depth_0::OakD-Lite/base_link::StereoOV7251] advertised on [/camera_info]
(2023-10-20T00:30:26.187692372) (2023-10-20T00:30:26.187698492) [Dbg] [DepthCameraSensor.cc:299] Points for [x500_depth_0::OakD-Lite/base_link::StereoOV7251] advertised on [depth_camera/points]
(2023-10-20T00:31:36.547767127) (2023-10-20T00:31:36.547827323) [Dbg] [SignalHandler.cc:142] Received signal[2].
(2023-10-20T00:31:36.547918339) (2023-10-20T00:31:36.547938274) [Dbg] [ServerPrivate.cc:115] Server received signal[2]
(2023-10-20T00:31:36.548006106) (2023-10-20T00:31:36.548024644) [Dbg] [Sensors.cc:433] SensorsPrivate::Stop
(2023-10-20T00:31:36.594119596) (2023-10-20T00:31:36.594132092) [Dbg] [Sensors.cc:419] SensorsPrivate::RenderThread stopped
(2023-10-20T00:31:36.596897516) (2023-10-20T00:31:36.596906537) [Dbg] [gz.cc:417] Shutting down gz-sim-server
(() (2023-10-20T00:31:36.599746560) ((2023-10-20T00:31:36.599765549) ) (2023-10-20T00:31:36.5997517992023-10-20T00:31:36.599751799[Dbg] [SimulationRunner.cc:530] Exiting postupdate worker thread (0))2023-10-20T00:31:36.5997837162023-10-20T00:31:36.599813869) (
2023-10-20T00:31:36.599822913) ((2023-10-20T00:31:36.599831892) [Dbg] [SimulationRunner.cc:530] Exiting postupdate worker thread (3)2023-10-20T00:31:36.599836478) ) 2023-10-20T00:31:36.599877625
(2023-10-20T00:31:36.599877625
(2023-10-20T00:31:36.5999300262023-10-20T00:31:36.599930026) ) ) ) [Dbg] [SimulationRunner.cc:530] [Dbg] [SimulationRunner.cc:530] Exiting postupdate worker thread (4)[Dbg] [SimulationRunner.cc:530] [Dbg] [SimulationRunner.cc:530] Exiting postupdate worker thread (2)

[Dbg] [SimulationRunner.cc:530] Exiting postupdate worker thread (1)[Dbg] [SimulationRunner.cc:530] [Dbg] [SimulationRunner.cc:530] Exiting postupdate worker thread (5)

(2023-10-20T00:31:36.625381767) (2023-10-20T00:31:36.625393331) [Dbg] [Sensors.cc:433] SensorsPrivate::Stop
