(2023-10-28T16:29:22.40990109) (2023-10-28T16:29:22.40998157) [Msg] Gazebo Sim Server v7.6.0
(2023-10-28T16:29:22.42952463) (2023-10-28T16:29:22.42962188) [Msg] Loading SDF world file[/usr/share/gz/gz-sim7/worlds/empty.sdf].
(2023-10-28T16:29:22.119805283) (2023-10-28T16:29:22.119816637) [Msg] Serving entity system service on [/entity/system/add]
(2023-10-28T16:29:22.277245542) (2023-10-28T16:29:22.277261803) [Dbg] [Physics.cc:880] Loaded [gz::physics::dartsim::Plugin] from library [/usr/lib/x86_64-linux-gnu/gz-physics-6/engine-plugins/libgz-physics-dartsim-plugin.so]
(2023-10-28T16:29:22.277351740) (2023-10-28T16:29:22.277363042) [Dbg] [SystemManager.cc:74] Loaded system [gz::sim::systems::Physics] for entity [1]
(2023-10-28T16:29:22.280270971) (2023-10-28T16:29:22.280287286) [Msg] Create service on [/world/empty/create]
(2023-10-28T16:29:22.280563833) (2023-10-28T16:29:22.280578273) [Msg] Remove service on [/world/empty/remove]
(2023-10-28T16:29:22.280832109) (2023-10-28T16:29:22.280846390) [Msg] Pose service on [/world/empty/set_pose]
(2023-10-28T16:29:22.281068390) (2023-10-28T16:29:22.281081990) [Msg] Pose service on [/world/empty/set_pose_vector]
(2023-10-28T16:29:22.281417820) (2023-10-28T16:29:22.281431951) [Msg] Light configuration service on [/world/empty/light_config]
(2023-10-28T16:29:22.281857895) (2023-10-28T16:29:22.281872398) [Msg] Physics service on [/world/empty/set_physics]
(2023-10-28T16:29:22.282188925) (2023-10-28T16:29:22.282202401) [Msg] SphericalCoordinates service on [/world/empty/set_spherical_coordinates]
(2023-10-28T16:29:22.282366765) (2023-10-28T16:29:22.282379605) [Msg] Enable collision service on [/world/empty/enable_collision]
(2023-10-28T16:29:22.282544427) (2023-10-28T16:29:22.282557011) [Msg] Disable collision service on [/world/empty/disable_collision]
(2023-10-28T16:29:22.282892297) (2023-10-28T16:29:22.282906030) [Msg] Material service on [/world/empty/visual_config]
(2023-10-28T16:29:22.283145238) (2023-10-28T16:29:22.283158539) [Msg] Material service on [/world/empty/wheel_slip]
(2023-10-28T16:29:22.283206065) (2023-10-28T16:29:22.283217270) [Dbg] [SystemManager.cc:74] Loaded system [gz::sim::systems::UserCommands] for entity [1]
(2023-10-28T16:29:22.285284795) (2023-10-28T16:29:22.285299845) [Dbg] [SystemManager.cc:74] Loaded system [gz::sim::systems::SceneBroadcaster] for entity [1]
(2023-10-28T16:29:22.286690155) (2023-10-28T16:29:22.286705371) [Dbg] [SystemManager.cc:74] Loaded system [gz::sim::systems::Contact] for entity [1]
(2023-10-28T16:29:22.287365003) (2023-10-28T16:29:22.287379620) [Msg] Loaded level [3]
(2023-10-28T16:29:22.288227433) (2023-10-28T16:29:22.288241649) [Msg] Serving world controls on [/world/empty/control], [/world/empty/control/state] and [/world/empty/playback/control]
(2023-10-28T16:29:22.288484851) (2023-10-28T16:29:22.288497879) [Msg] Serving GUI information on [/world/empty/gui/info]
(2023-10-28T16:29:22.288537712) (2023-10-28T16:29:22.288548122) [Msg] World [empty] initialized with [1ms] physics profile.
(2023-10-28T16:29:22.288831540) (2023-10-28T16:29:22.288844531) [Msg] Serving world SDF generation service on [/world/empty/generate_world_sdf]
(2023-10-28T16:29:22.289210479) (2023-10-28T16:29:22.289224641) [Msg] Serving world names on [/gazebo/worlds]
(2023-10-28T16:29:22.389503947) (2023-10-28T16:29:22.389515711) [Msg] Resource path add service on [/gazebo/resource_paths/add].
(2023-10-28T16:29:22.389582135) (2023-10-28T16:29:22.389588265) [Msg] Resource path get service on [/gazebo/resource_paths/get].
(2023-10-28T16:29:22.389640602) (2023-10-28T16:29:22.389649046) [Msg] Resource path resolve service on [/gazebo/resource_paths/resolve].
(2023-10-28T16:29:22.389730866) (2023-10-28T16:29:22.389738945) [Msg] Resource paths published on [/gazebo/resource_paths].
(2023-10-28T16:29:22.389874290) (2023-10-28T16:29:22.389882795) [Msg] Server control service on [/server_control].
(2023-10-28T16:29:22.390003835) (2023-10-28T16:29:22.390009790) [Msg] Found no publishers on /stats, adding root stats topic
(2023-10-28T16:29:22.390109617) (2023-10-28T16:29:22.390115321) [Msg] Found no publishers on /clock, adding root clock topic
(2023-10-28T16:29:22.390211865) (2023-10-28T16:29:22.390217624) [Dbg] [SimulationRunner.cc:503] Creating PostUpdate worker threads: 3
(2023-10-28T16:29:22.390234596) (2023-10-28T16:29:22.390238964) [Dbg] [SimulationRunner.cc:514] Creating postupdate worker thread (0)
(2023-10-28T16:29:22.390298284) (2023-10-28T16:29:22.390303739) [Dbg] [SimulationRunner.cc:514] Creating postupdate worker thread (1)
(2023-10-28T16:29:22.490531045) (2023-10-28T16:29:22.490542511) [Msg] Serving scene information on [/world/empty/scene/info]
(2023-10-28T16:29:22.490619433) (2023-10-28T16:29:22.490628663) [Msg] Serving graph information on [/world/empty/scene/graph]
(2023-10-28T16:29:22.490749159) (2023-10-28T16:29:22.490758583) [Msg] Serving full state on [/world/empty/state]
(2023-10-28T16:29:22.490818908) (2023-10-28T16:29:22.490828100) [Msg] Serving full state (async) on [/world/empty/state_async]
(2023-10-28T16:29:22.490884443) (2023-10-28T16:29:22.490889939) [Msg] Publishing scene information on [/world/empty/scene/info]
(2023-10-28T16:29:22.490984003) (2023-10-28T16:29:22.490992426) [Msg] Publishing entity deletions on [/world/empty/scene/deletion]
(2023-10-28T16:29:22.491041509) (2023-10-28T16:29:22.491049023) [Msg] Publishing state changes on [/world/empty/state]
(2023-10-28T16:29:22.491128303) (2023-10-28T16:29:22.491134443) [Msg] Publishing pose messages on [/world/empty/pose/info]
(2023-10-28T16:29:22.491188907) (2023-10-28T16:29:22.491194422) [Msg] Publishing dynamic pose messages on [/world/empty/dynamic_pose/info]
(2023-10-28T16:29:22.491317142) (2023-10-28T16:29:22.491323207) [Dbg] [EntityComponentManager.cc:1655] Updated state thread iterators: 8 threads processing around 2 entities each.
(2023-10-28T16:29:22.491634392) (2023-10-28T16:29:22.491649757) [Wrn] [Component.hh:144] Trying to serialize component with data type [N3sdf3v135WorldE], which doesn't have `operator<<`. Component will not be serialized.
(2023-10-28T16:30:26.180226289) (2023-10-28T16:30:26.180244710) [Dbg] [SignalHandler.cc:142] Received signal[2].
(2023-10-28T16:30:26.180283839) (2023-10-28T16:30:26.180298287) [Dbg] [ServerPrivate.cc:115] Server received signal[2]
(2023-10-28T16:30:26.180675493) (2023-10-28T16:30:26.180692340) [Dbg] [gz.cc:417] Shutting down gz-sim-server
((((2023-10-28T16:30:26.186153357) 2023-10-28T16:30:26.186156695() (2023-10-28T16:30:26.186188313) 2023-10-28T16:30:26.186207281) [Dbg] [SimulationRunner.cc:530] 1)
Exiting postupdate worker thread (0
Exiting postupdate worker thread ()
