(2023-10-30T09:07:49.203737284) (2023-10-30T09:07:49.203776066) [Msg] Gazebo Sim Server v7.6.0
(2023-10-30T09:07:49.211477492) (2023-10-30T09:07:49.211513183) [Msg] Loading default world.
(2023-10-30T09:07:49.286658194) (2023-10-30T09:07:49.286670658) [Msg] Serving entity system service on [/entity/system/add]
(2023-10-30T09:07:49.286928530) (2023-10-30T09:07:49.286935573) [Msg] Loaded level [3]
(2023-10-30T09:07:49.286972729) (2023-10-30T09:07:49.286977740) [Msg] No systems loaded from SDF, loading defaults
(2023-10-30T09:07:49.287287293) (2023-10-30T09:07:49.287293874) [Dbg] [ServerConfig.cc:1062] Loaded (3) plugins from file [/home/bassam/.gz/sim/7/server.config]
(2023-10-30T09:07:49.409845132) (2023-10-30T09:07:49.409861158) [Dbg] [Physics.cc:880] Loaded [gz::physics::dartsim::Plugin] from library [/usr/lib/x86_64-linux-gnu/gz-physics-6/engine-plugins/libgz-physics-dartsim-plugin.so]
(2023-10-30T09:07:49.409929454) (2023-10-30T09:07:49.409938820) [Dbg] [SystemManager.cc:74] Loaded system [gz::sim::systems::Physics] for entity [1]
(2023-10-30T09:07:49.412161541) (2023-10-30T09:07:49.412173141) [Msg] Create service on [/world/default/create]
(2023-10-30T09:07:49.412408042) (2023-10-30T09:07:49.412420596) [Msg] Remove service on [/world/default/remove]
(2023-10-30T09:07:49.417106198) (2023-10-30T09:07:49.417125975) [Msg] Pose service on [/world/default/set_pose]
(2023-10-30T09:07:49.417475262) (2023-10-30T09:07:49.417487073) [Msg] Pose service on [/world/default/set_pose_vector]
(2023-10-30T09:07:49.417844999) (2023-10-30T09:07:49.417856466) [Msg] Light configuration service on [/world/default/light_config]
(2023-10-30T09:07:49.420476282) (2023-10-30T09:07:49.420491052) [Msg] Physics service on [/world/default/set_physics]
(2023-10-30T09:07:49.420765640) (2023-10-30T09:07:49.420779747) [Msg] SphericalCoordinates service on [/world/default/set_spherical_coordinates]
(2023-10-30T09:07:49.420927088) (2023-10-30T09:07:49.420938827) [Msg] Enable collision service on [/world/default/enable_collision]
(2023-10-30T09:07:49.421083523) (2023-10-30T09:07:49.421095208) [Msg] Disable collision service on [/world/default/disable_collision]
(2023-10-30T09:07:49.421392913) (2023-10-30T09:07:49.421403568) [Msg] Material service on [/world/default/visual_config]
(2023-10-30T09:07:49.421582944) (2023-10-30T09:07:49.421593303) [Msg] Material service on [/world/default/wheel_slip]
(2023-10-30T09:07:49.421647371) (2023-10-30T09:07:49.421655970) [Dbg] [SystemManager.cc:74] Loaded system [gz::sim::systems::UserCommands] for entity [1]
(2023-10-30T09:07:49.423407520) (2023-10-30T09:07:49.423420211) [Dbg] [SystemManager.cc:74] Loaded system [gz::sim::systems::SceneBroadcaster] for entity [1]
(2023-10-30T09:07:49.426305424) (2023-10-30T09:07:49.426321526) [Msg] Serving world controls on [/world/default/control], [/world/default/control/state] and [/world/default/playback/control]
(2023-10-30T09:07:49.426542586) (2023-10-30T09:07:49.426555225) [Msg] Serving GUI information on [/world/default/gui/info]
(2023-10-30T09:07:49.426593457) (2023-10-30T09:07:49.426603253) [Msg] World [default] initialized with [default_physics] physics profile.
(2023-10-30T09:07:49.427381995) (2023-10-30T09:07:49.427394175) [Msg] Serving world SDF generation service on [/world/default/generate_world_sdf]
(2023-10-30T09:07:49.427984019) (2023-10-30T09:07:49.427996137) [Msg] Serving world names on [/gazebo/worlds]
(2023-10-30T09:07:49.428128770) (2023-10-30T09:07:49.428139248) [Msg] Resource path add service on [/gazebo/resource_paths/add].
(2023-10-30T09:07:49.428271441) (2023-10-30T09:07:49.428280410) [Msg] Resource path get service on [/gazebo/resource_paths/get].
(2023-10-30T09:07:49.428391526) (2023-10-30T09:07:49.428400679) [Msg] Resource path resolve service on [/gazebo/resource_paths/resolve].
(2023-10-30T09:07:49.429419448) (2023-10-30T09:07:49.429431190) [Msg] Resource paths published on [/gazebo/resource_paths].
(2023-10-30T09:07:49.429613375) (2023-10-30T09:07:49.429623198) [Msg] Server control service on [/server_control].
(2023-10-30T09:07:49.429839629) (2023-10-30T09:07:49.429849268) [Wrn] [SimulationRunner.cc:676] Found additional publishers on /stats, using namespaced stats topic only
(2023-10-30T09:07:49.429884116) (2023-10-30T09:07:49.429892051) [Dbg] [SimulationRunner.cc:678] Publishers [Address, Message Type]:
(2023-10-30T09:07:49.429906775) (2023-10-30T09:07:49.429914341) [Dbg] [SimulationRunner.cc:683]   tcp://172.28.244.235:32887, gz.msgs.WorldStatistics
(2023-10-30T09:07:49.430089812) (2023-10-30T09:07:49.430099037) [Wrn] [SimulationRunner.cc:709] Found additional publishers on /clock, using namespaced clock topic only
(2023-10-30T09:07:49.430139662) (2023-10-30T09:07:49.430147749) [Dbg] [SimulationRunner.cc:711] Publishers [Address, Message Type]:
(2023-10-30T09:07:49.430162228) (2023-10-30T09:07:49.430169676) [Dbg] [SimulationRunner.cc:716]   tcp://172.28.244.235:32887, gz.msgs.Clock
(2023-10-30T09:07:49.430265519) (2023-10-30T09:07:49.430274526) [Dbg] [SimulationRunner.cc:503] Creating PostUpdate worker threads: 2
(2023-10-30T09:07:49.430301235) (2023-10-30T09:07:49.430309634) [Dbg] [SimulationRunner.cc:514] Creating postupdate worker thread (0)
(2023-10-30T09:07:49.435126179) (2023-10-30T09:07:49.435150580) [Msg] Serving scene information on [/world/default/scene/info]
(2023-10-30T09:07:49.435362457) (2023-10-30T09:07:49.435376439) [Msg] Serving graph information on [/world/default/scene/graph]
(2023-10-30T09:07:49.435680363) (2023-10-30T09:07:49.435694284) [Msg] Serving full state on [/world/default/state]
(2023-10-30T09:07:49.435864494) (2023-10-30T09:07:49.435877900) [Msg] Serving full state (async) on [/world/default/state_async]
(2023-10-30T09:07:49.436006394) (2023-10-30T09:07:49.436019720) [Msg] Publishing scene information on [/world/default/scene/info]
(2023-10-30T09:07:49.436182925) (2023-10-30T09:07:49.436196766) [Msg] Publishing entity deletions on [/world/default/scene/deletion]
(2023-10-30T09:07:49.436300284) (2023-10-30T09:07:49.436309281) [Msg] Publishing state changes on [/world/default/state]
(2023-10-30T09:07:49.436395077) (2023-10-30T09:07:49.436404080) [Msg] Publishing pose messages on [/world/default/pose/info]
(2023-10-30T09:07:49.436476417) (2023-10-30T09:07:49.436485036) [Msg] Publishing dynamic pose messages on [/world/default/dynamic_pose/info]
(2023-10-30T09:32:20.589207926) (2023-10-30T09:32:20.589236037) [Dbg] [SignalHandler.cc:142] Received signal[2].
(2023-10-30T09:32:20.589283591) (2023-10-30T09:32:20.589295767) [Dbg] [ServerPrivate.cc:115] Server received signal[2]
(2023-10-30T09:32:20.590286484) (2023-10-30T09:32:20.590298543) [Dbg] [gz.cc:417] Shutting down gz-sim-server
(2023-10-30T09:32:20.595277557) (2023-10-30T09:32:20.595297554) [Dbg] [SimulationRunner.cc:530] Exiting postupdate worker thread (0)
