(2023-10-26T11:47:22.726507764) (2023-10-26T11:47:22.726529546) [Msg] Gazebo Sim Server v7.6.0
(2023-10-26T11:47:22.729928938) (2023-10-26T11:47:22.729943946) [Msg] Loading default world.
(2023-10-26T11:47:22.876472082) (2023-10-26T11:47:22.876490740) [Msg] Serving entity system service on [/entity/system/add]
(2023-10-26T11:47:22.877107886) (2023-10-26T11:47:22.877122644) [Msg] Loaded level [3]
(2023-10-26T11:47:22.877211404) (2023-10-26T11:47:22.877225336) [Msg] No systems loaded from SDF, loading defaults
(2023-10-26T11:47:22.877605470) (2023-10-26T11:47:22.877622930) [Dbg] [ServerConfig.cc:1062] Loaded (3) plugins from file [/home/bassam/.gz/sim/7/server.config]
(2023-10-26T11:47:23.99595974) (2023-10-26T11:47:23.99622004) [Dbg] [Physics.cc:880] Loaded [gz::physics::dartsim::Plugin] from library [/usr/lib/x86_64-linux-gnu/gz-physics-6/engine-plugins/libgz-physics-dartsim-plugin.so]
(2023-10-26T11:47:23.99731624) (2023-10-26T11:47:23.99746751) [Dbg] [SystemManager.cc:74] Loaded system [gz::sim::systems::Physics] for entity [1]
(2023-10-26T11:47:23.104099850) (2023-10-26T11:47:23.104124479) [Msg] Create service on [/world/default/create]
(2023-10-26T11:47:23.104659512) (2023-10-26T11:47:23.104679232) [Msg] Remove service on [/world/default/remove]
(2023-10-26T11:47:23.105206569) (2023-10-26T11:47:23.105225363) [Msg] Pose service on [/world/default/set_pose]
(2023-10-26T11:47:23.105692579) (2023-10-26T11:47:23.105710816) [Msg] Pose service on [/world/default/set_pose_vector]
(2023-10-26T11:47:23.106332985) (2023-10-26T11:47:23.106351603) [Msg] Light configuration service on [/world/default/light_config]
(2023-10-26T11:47:23.107116036) (2023-10-26T11:47:23.107135303) [Msg] Physics service on [/world/default/set_physics]
(2023-10-26T11:47:23.107707709) (2023-10-26T11:47:23.107726830) [Msg] SphericalCoordinates service on [/world/default/set_spherical_coordinates]
(2023-10-26T11:47:23.108138043) (2023-10-26T11:47:23.108156100) [Msg] Enable collision service on [/world/default/enable_collision]
(2023-10-26T11:47:23.108538987) (2023-10-26T11:47:23.108557015) [Msg] Disable collision service on [/world/default/disable_collision]
(2023-10-26T11:47:23.109201120) (2023-10-26T11:47:23.109219874) [Msg] Material service on [/world/default/visual_config]
(2023-10-26T11:47:23.109777732) (2023-10-26T11:47:23.109796988) [Msg] Material service on [/world/default/wheel_slip]
(2023-10-26T11:47:23.109867703) (2023-10-26T11:47:23.109882594) [Dbg] [SystemManager.cc:74] Loaded system [gz::sim::systems::UserCommands] for entity [1]
(2023-10-26T11:47:23.112690459) (2023-10-26T11:47:23.112711669) [Dbg] [SystemManager.cc:74] Loaded system [gz::sim::systems::SceneBroadcaster] for entity [1]
(2023-10-26T11:47:23.114219033) (2023-10-26T11:47:23.114239266) [Msg] Serving world controls on [/world/default/control], [/world/default/control/state] and [/world/default/playback/control]
(2023-10-26T11:47:23.114760344) (2023-10-26T11:47:23.114779800) [Msg] Serving GUI information on [/world/default/gui/info]
(2023-10-26T11:47:23.114835487) (2023-10-26T11:47:23.114849454) [Msg] World [default] initialized with [default_physics] physics profile.
(2023-10-26T11:47:23.115439645) (2023-10-26T11:47:23.115458165) [Msg] Serving world SDF generation service on [/world/default/generate_world_sdf]
(2023-10-26T11:47:23.115947396) (2023-10-26T11:47:23.115965668) [Msg] Serving world names on [/gazebo/worlds]
(2023-10-26T11:47:23.116390840) (2023-10-26T11:47:23.116408186) [Msg] Resource path add service on [/gazebo/resource_paths/add].
(2023-10-26T11:47:23.116844413) (2023-10-26T11:47:23.116863429) [Msg] Resource path get service on [/gazebo/resource_paths/get].
(2023-10-26T11:47:23.117273147) (2023-10-26T11:47:23.117291735) [Msg] Resource path resolve service on [/gazebo/resource_paths/resolve].
(2023-10-26T11:47:23.118162649) (2023-10-26T11:47:23.118182388) [Msg] Resource paths published on [/gazebo/resource_paths].
(2023-10-26T11:47:23.118708619) (2023-10-26T11:47:23.118727780) [Msg] Server control service on [/server_control].
(2023-10-26T11:47:23.119159090) (2023-10-26T11:47:23.119177461) [Wrn] [SimulationRunner.cc:676] Found additional publishers on /stats, using namespaced stats topic only
(2023-10-26T11:47:23.119250323) (2023-10-26T11:47:23.119264338) [Dbg] [SimulationRunner.cc:678] Publishers [Address, Message Type]:
(2023-10-26T11:47:23.119291229) (2023-10-26T11:47:23.119305015) [Dbg] [SimulationRunner.cc:683]   tcp://172.28.245.108:44875, gz.msgs.WorldStatistics
(2023-10-26T11:47:23.119736771) (2023-10-26T11:47:23.119755921) [Wrn] [SimulationRunner.cc:709] Found additional publishers on /clock, using namespaced clock topic only
(2023-10-26T11:47:23.119799051) (2023-10-26T11:47:23.119813529) [Dbg] [SimulationRunner.cc:711] Publishers [Address, Message Type]:
(2023-10-26T11:47:23.119841556) (2023-10-26T11:47:23.119855070) [Dbg] [SimulationRunner.cc:716]   tcp://172.28.245.108:44875, gz.msgs.Clock
(2023-10-26T11:47:23.120027113) (2023-10-26T11:47:23.120044465) [Dbg] [SimulationRunner.cc:503] Creating PostUpdate worker threads: 2
(2023-10-26T11:47:23.120090815) (2023-10-26T11:47:23.120105165) [Dbg] [SimulationRunner.cc:514] Creating postupdate worker thread (0)
(2023-10-26T11:47:23.132248447) (2023-10-26T11:47:23.132274594) [Msg] Serving scene information on [/world/default/scene/info]
(2023-10-26T11:47:23.132742080) (2023-10-26T11:47:23.132760074) [Msg] Serving graph information on [/world/default/scene/graph]
(2023-10-26T11:47:23.133475420) (2023-10-26T11:47:23.133502757) [Msg] Serving full state on [/world/default/state]
(2023-10-26T11:47:23.134093421) (2023-10-26T11:47:23.134112976) [Msg] Serving full state (async) on [/world/default/state_async]
(2023-10-26T11:47:23.134670607) (2023-10-26T11:47:23.134689684) [Msg] Publishing scene information on [/world/default/scene/info]
(2023-10-26T11:47:23.136366921) (2023-10-26T11:47:23.136386925) [Msg] Publishing entity deletions on [/world/default/scene/deletion]
(2023-10-26T11:47:23.136823668) (2023-10-26T11:47:23.136841701) [Msg] Publishing state changes on [/world/default/state]
(2023-10-26T11:47:23.137599870) (2023-10-26T11:47:23.137619079) [Msg] Publishing pose messages on [/world/default/pose/info]
(2023-10-26T11:47:23.138169001) (2023-10-26T11:47:23.138187140) [Msg] Publishing dynamic pose messages on [/world/default/dynamic_pose/info]
(2023-10-26T11:47:35.76104582) (2023-10-26T11:47:35.76137208) [Dbg] [SignalHandler.cc:142] Received signal[2].
(2023-10-26T11:47:35.76189138) (2023-10-26T11:47:35.76205747) [Dbg] [ServerPrivate.cc:115] Server received signal[2]
(2023-10-26T11:47:35.77005020) (2023-10-26T11:47:35.77019963) [Dbg] [gz.cc:417] Shutting down gz-sim-server
(2023-10-26T11:47:35.83167906) (2023-10-26T11:47:35.83188060) [Dbg] [SimulationRunner.cc:530] Exiting postupdate worker thread (0)
