(2023-10-28T12:44:07.214407135) (2023-10-28T12:44:07.214444226) [Msg] Gazebo Sim Server v7.6.0
(2023-10-28T12:44:07.222911397) (2023-10-28T12:44:07.222937349) [Msg] Loading SDF world file[/home/bassam/PX4-Autopilot/Tools/simulation/gz/worlds/default.sdf].
(2023-10-28T12:44:07.427532385) (2023-10-28T12:44:07.427557601) [Msg] Serving entity system service on [/entity/system/add]
(2023-10-28T12:44:07.662122470) (2023-10-28T12:44:07.662163491) [Dbg] [Physics.cc:880] Loaded [gz::physics::dartsim::Plugin] from library [/usr/lib/x86_64-linux-gnu/gz-physics-6/engine-plugins/libgz-physics-dartsim-plugin.so]
(2023-10-28T12:44:07.662285820) (2023-10-28T12:44:07.662302504) [Dbg] [SystemManager.cc:74] Loaded system [gz::sim::systems::Physics] for entity [1]
(2023-10-28T12:44:07.671405296) (2023-10-28T12:44:07.671432314) [Msg] Create service on [/world/default/create]
(2023-10-28T12:44:07.771998241) (2023-10-28T12:44:07.772037054) [Msg] Remove service on [/world/default/remove]
(2023-10-28T12:44:07.772292548) (2023-10-28T12:44:07.772311653) [Msg] Pose service on [/world/default/set_pose]
(2023-10-28T12:44:07.772562002) (2023-10-28T12:44:07.772580220) [Msg] Pose service on [/world/default/set_pose_vector]
(2023-10-28T12:44:07.772928757) (2023-10-28T12:44:07.772949023) [Msg] Light configuration service on [/world/default/light_config]
(2023-10-28T12:44:07.773410145) (2023-10-28T12:44:07.773430062) [Msg] Physics service on [/world/default/set_physics]
(2023-10-28T12:44:07.773737584) (2023-10-28T12:44:07.773756982) [Msg] SphericalCoordinates service on [/world/default/set_spherical_coordinates]
(2023-10-28T12:44:07.773924458) (2023-10-28T12:44:07.773942962) [Msg] Enable collision service on [/world/default/enable_collision]
(2023-10-28T12:44:07.774111607) (2023-10-28T12:44:07.774144963) [Msg] Disable collision service on [/world/default/disable_collision]
(2023-10-28T12:44:07.774503299) (2023-10-28T12:44:07.774523865) [Msg] Material service on [/world/default/visual_config]
(2023-10-28T12:44:07.774794482) (2023-10-28T12:44:07.774814208) [Msg] Material service on [/world/default/wheel_slip]
(2023-10-28T12:44:07.774881479) (2023-10-28T12:44:07.774897406) [Dbg] [SystemManager.cc:74] Loaded system [gz::sim::systems::UserCommands] for entity [1]
(2023-10-28T12:44:07.776994040) (2023-10-28T12:44:07.777011103) [Dbg] [SystemManager.cc:74] Loaded system [gz::sim::systems::SceneBroadcaster] for entity [1]
(2023-10-28T12:44:07.778842619) (2023-10-28T12:44:07.778858861) [Dbg] [SystemManager.cc:74] Loaded system [gz::sim::systems::Contact] for entity [1]
(2023-10-28T12:44:07.781030247) (2023-10-28T12:44:07.781047444) [Dbg] [SystemManager.cc:74] Loaded system [gz::sim::systems::Imu] for entity [1]
(2023-10-28T12:44:07.783124061) (2023-10-28T12:44:07.783146335) [Dbg] [SystemManager.cc:74] Loaded system [gz::sim::systems::AirPressure] for entity [1]
(2023-10-28T12:44:07.785439661) (2023-10-28T12:44:07.785460930) [Msg] Listening to instantaneous wrench commands in [/world/default/wrench]
(2023-10-28T12:44:07.785708523) (2023-10-28T12:44:07.785722617) [Msg] Listening to persistent wrench commands in [/world/default/wrench/persistent]
(2023-10-28T12:44:07.785937373) (2023-10-28T12:44:07.785953609) [Msg] Listening to wrench clear commands in [/world/default/wrench/clear]
(2023-10-28T12:44:07.786008421) (2023-10-28T12:44:07.786023408) [Dbg] [SystemManager.cc:74] Loaded system [gz::sim::systems::ApplyLinkWrench] for entity [1]
(2023-10-28T12:44:07.798705948) (2023-10-28T12:44:07.798724175) [Dbg] [Sensors.cc:506] Configuring Sensors system
(2023-10-28T12:44:07.798843822) (2023-10-28T12:44:07.798854528) [Dbg] [Sensors.cc:425] SensorsPrivate::Run
(2023-10-28T12:44:07.798975228) (2023-10-28T12:44:07.798990648) [Dbg] [SystemManager.cc:74] Loaded system [gz::sim::systems::Sensors] for entity [1]
2023-10-28T12:44:07.799048631) (2023-10-28T12:44:07.799080087) [Dbg] [Sensors.cc:402] SensorsPrivate::RenderThread started
(2023-10-28T12:44:07.799107579) (2023-10-28T12:44:07.799115929) [Dbg] [Sensors.cc:245] Waiting for init
(2023-10-28T12:44:07.804117789) (2023-10-28T12:44:07.804137655) [Wrn] [SystemLoader.cc:79] Trying to load deprecated plugin [ignition-gazebo-ackermann-steering-system]. Using [gz-sim-ackermann-steering-system] instead.
(2023-10-28T12:44:07.806742127) (2023-10-28T12:44:07.806767560) [Msg] AckermannSteering subscribing to twist messages on [/cmd_vel]
(2023-10-28T12:44:07.807236029) (2023-10-28T12:44:07.807257401) [Dbg] [SystemManager.cc:74] Loaded system [ignition::gazebo::systems::AckermannSteering] for entity [8]
(2023-10-28T12:44:07.807551980) (2023-10-28T12:44:07.807570955) [Msg] Loaded level [3]
(2023-10-28T12:44:07.811755348) (2023-10-28T12:44:07.811777331) [Msg] Serving world controls on [/world/default/control], [/world/default/control/state] and [/world/default/playback/control]
(2023-10-28T12:44:07.812340453) (2023-10-28T12:44:07.812355633) [Msg] Serving GUI information on [/world/default/gui/info]
(2023-10-28T12:44:07.812388702) (2023-10-28T12:44:07.812396653) [Msg] World [default] initialized with [default_physics] physics profile.
(2023-10-28T12:44:07.812737639) (2023-10-28T12:44:07.812751086) [Msg] Serving world SDF generation service on [/world/default/generate_world_sdf]
(2023-10-28T12:44:07.812973991) (2023-10-28T12:44:07.812986080) [Msg] Serving world names on [/gazebo/worlds]
(2023-10-28T12:44:07.813176841) (2023-10-28T12:44:07.813188780) [Msg] Resource path add service on [/gazebo/resource_paths/add].
(2023-10-28T12:44:07.813380922) (2023-10-28T12:44:07.813398999) [Msg] Resource path get service on [/gazebo/resource_paths/get].
(2023-10-28T12:44:07.813641634) (2023-10-28T12:44:07.813660366) [Msg] Resource path resolve service on [/gazebo/resource_paths/resolve].
(2023-10-28T12:44:07.914059820) (2023-10-28T12:44:07.914083808) [Msg] Resource paths published on [/gazebo/resource_paths].
(2023-10-28T12:44:07.914396409) (2023-10-28T12:44:07.914415015) [Msg] Server control service on [/server_control].
(2023-10-28T12:44:09.218864886) (2023-10-28T12:44:09.218884324) [Msg] Found no publishers on /stats, adding root stats topic
(2023-10-28T12:44:09.219241799) (2023-10-28T12:44:09.219262188) [Msg] Found no publishers on /clock, adding root clock topic
(2023-10-28T12:44:09.219643737) (2023-10-28T12:44:09.219661849) [Dbg] [SimulationRunner.cc:503] Creating PostUpdate worker threads: 7
(2023-10-28T12:44:09.219712868) (2023-10-28T12:44:09.219723264) [Dbg] [SimulationRunner.cc:514] Creating postupdate worker thread (0)
(2023-10-28T12:44:09.219879885) (2023-10-28T12:44:09.219891265) [Dbg] [SimulationRunner.cc:514] Creating postupdate worker thread (1)
(2023-10-28T12:44:09.219999970) (2023-10-28T12:44:09.220010156) [Dbg] [SimulationRunner.cc:514] Creating postupdate worker thread (2)
(2023-10-28T12:44:09.220111188) (2023-10-28T12:44:09.220128212) [Dbg] [SimulationRunner.cc:514] Creating postupdate worker thread (3)
(2023-10-28T12:44:09.220258859) (2023-10-28T12:44:09.220276154) [Dbg] [SimulationRunner.cc:514] Creating postupdate worker thread (4)
(2023-10-28T12:44:09.220390631) (2023-10-28T12:44:09.220408567) [Dbg] [SimulationRunner.cc:514] Creating postupdate worker thread (5)
(2023-10-28T12:44:09.635226367) (2023-10-28T12:44:09.635246552) [Wrn] [MulticopterMotorModel.cc:257] No robotNamespace set using entity name.
(2023-10-28T12:44:09.635292766) (2023-10-28T12:44:09.635302253) [Wrn] [MulticopterMotorModel.cc:295] <motorNumber> is depricated, please use <actuator_number>.
(2023-10-28T12:44:09.635370649) (2023-10-28T12:44:09.635380503) [Dbg] [MulticopterMotorModel.cc:386] Listening to topic: x500_depth_0/command/motor_speed
(2023-10-28T12:44:09.635887290) (2023-10-28T12:44:09.635905429) [Dbg] [SystemManager.cc:74] Loaded system [gz::sim::systems::MulticopterMotorModel] for entity [56]
(2023-10-28T12:44:09.636407089) (2023-10-28T12:44:09.636428212) [Wrn] [MulticopterMotorModel.cc:257] No robotNamespace set using entity name.
(2023-10-28T12:44:09.636471535) (2023-10-28T12:44:09.636484469) [Wrn] [MulticopterMotorModel.cc:295] <motorNumber> is depricated, please use <actuator_number>.
(2023-10-28T12:44:09.636569553) (2023-10-28T12:44:09.636579940) [Dbg] [MulticopterMotorModel.cc:386] Listening to topic: x500_depth_0/command/motor_speed
(2023-10-28T12:44:09.636856637) (2023-10-28T12:44:09.636874172) [Dbg] [SystemManager.cc:74] Loaded system [gz::sim::systems::MulticopterMotorModel] for entity [56]
(2023-10-28T12:44:09.637258519) (2023-10-28T12:44:09.637270974) [Wrn] [MulticopterMotorModel.cc:257] No robotNamespace set using entity name.
(2023-10-28T12:44:09.637295820) (2023-10-28T12:44:09.637305048) [Wrn] [MulticopterMotorModel.cc:295] <motorNumber> is depricated, please use <actuator_number>.
(2023-10-28T12:44:09.637361942) (2023-10-28T12:44:09.637371494) [Dbg] [MulticopterMotorModel.cc:386] Listening to topic: x500_depth_0/command/motor_speed
(2023-10-28T12:44:09.637663277) (2023-10-28T12:44:09.637681115) [Dbg] [SystemManager.cc:74] Loaded system [gz::sim::systems::MulticopterMotorModel] for entity [56]
(2023-10-28T12:44:09.638052049) (2023-10-28T12:44:09.638064578) [Wrn] [MulticopterMotorModel.cc:257] No robotNamespace set using entity name.
(2023-10-28T12:44:09.638089888) (2023-10-28T12:44:09.638098731) [Wrn] [MulticopterMotorModel.cc:295] <motorNumber> is depricated, please use <actuator_number>.
(2023-10-28T12:44:09.638185737) (2023-10-28T12:44:09.638196536) [Dbg] [MulticopterMotorModel.cc:386] Listening to topic: x500_depth_0/command/motor_speed
(2023-10-28T12:44:09.638526234) (2023-10-28T12:44:09.638544997) [Dbg] [SystemManager.cc:74] Loaded system [gz::sim::systems::MulticopterMotorModel] for entity [56]
(2023-10-28T12:44:09.639059143) (2023-10-28T12:44:09.639070528) [Dbg] [UserCommands.cc:1263] Created entity [56] named [x500_depth_0]
(2023-10-28T12:44:09.659561296) (2023-10-28T12:44:09.659578166) [Dbg] [SimulationFeatures.cc:72] Simulation timestep set to: 0.004
(2023-10-28T12:44:09.661535335) (2023-10-28T12:44:09.661567137) [Dbg] [Sensors.cc:659] Initialization needed
(2023-10-28T12:44:09.661661035) (2023-10-28T12:44:09.661683608) [Dbg] [Sensors.cc:257] Initializing render context
(2023-10-28T12:44:09.661858709) (2023-10-28T12:44:09.661876792) [Msg] Loading plugin [gz-rendering-ogre2]
(2023-10-28T12:44:09.662466838) (2023-10-28T12:44:09.662488902) [Dbg] [AirPressureSensor.cc:126] Air pressure for [x500_depth_0::base_link::air_pressure_sensor] advertised on [world/default/model/x500_depth_0/link/base_link/sensor/air_pressure_sensor/air_pressure]
(2023-10-28T12:44:09.662656518) (2023-10-28T12:44:09.662678383) [Dbg] [ImuSensor.cc:149] IMU data for [x500_depth_0::base_link::imu_sensor] advertised on [world/default/model/x500_depth_0/link/base_link/sensor/imu_sensor/imu]
(2023-10-28T12:44:09.663792700) (2023-10-28T12:44:09.663816064) [Msg] Serving scene information on [/world/default/scene/info]
(2023-10-28T12:44:09.664061151) (2023-10-28T12:44:09.664080760) [Msg] Serving graph information on [/world/default/scene/graph]
(2023-10-28T12:44:09.664416938) (2023-10-28T12:44:09.664435798) [Msg] Serving full state on [/world/default/state]
(2023-10-28T12:44:09.664563581) (2023-10-28T12:44:09.664579302) [Msg] Serving full state (async) on [/world/default/state_async]
(2023-10-28T12:44:09.664738071) (2023-10-28T12:44:09.664756530) [Msg] Publishing scene information on [/world/default/scene/info]
(2023-10-28T12:44:09.664940891) (2023-10-28T12:44:09.664959219) [Msg] Publishing entity deletions on [/world/default/scene/deletion]
(2023-10-28T12:44:09.665122850) (2023-10-28T12:44:09.665139260) [Msg] Publishing state changes on [/world/default/state]
(2023-10-28T12:44:09.665293814) (2023-10-28T12:44:09.665311272) [Msg] Publishing pose messages on [/world/default/pose/info]
(2023-10-28T12:44:09.665464198) (2023-10-28T12:44:09.665482111) [Msg] Publishing dynamic pose messages on [/world/default/dynamic_pose/info]
(2023-10-28T12:44:09.666512358) (2023-10-28T12:44:09.666534999) [Dbg] [EntityComponentManager.cc:1655] Updated state thread iterators: 8 threads processing around 13 entities each.
(2023-10-28T12:44:09.684268433) (2023-10-28T12:44:09.684292842) [Wrn] [Component.hh:144] Trying to serialize component with data type [N3sdf3v135WorldE], which doesn't have `operator<<`. Component will not be serialized.
(2023-10-28T12:44:09.684622559) (2023-10-28T12:44:09.684642516) [Wrn] [Model.hh:69] Skipping serialization / deserialization for models with //pose/@relative_to attribute.
((2023-10-28T12:44:09.688991720) (2023-10-28T12:44:09.6890244462023-10-28T12:44:09.689024446(2023-10-28T12:44:09.689062809) (2023-10-28T12:44:09.689076076) ) ([Dbg] [SimulationRunner.cc:530] ([Dbg] [SimulationRunner.cc:530] (2023-10-28T12:44:09.6891165892023-10-28T12:44:09.689116589Exiting postupdate worker thread (4)
) (2023-10-28T12:44:09.689201781) 2023-10-28T12:44:09.689216234) ((2023-10-28T12:44:09.689042978(2023-10-28T12:44:09.689042978) 2023-10-28T12:44:09.689281740) () 2023-10-28T12:44:09.689318900) (2023-10-28T12:44:09.689348367) [Dbg] [SimulationRunner.cc:530] Exiting postupdate worker thread (5)
[Dbg] [SimulationRunner.cc:530] Exiting postupdate worker thread (2)
[Dbg] [SimulationRunner.cc:530] Exiting postupdate worker thread (00[Dbg] [SimulationRunner.cc:530] Exiting postupdate worker thread (3)
)

[Dbg] [SimulationRunner.cc:530] Exiting postupdate worker thread (1)
(2023-10-28T12:44:09.690066153) (2023-10-28T12:44:09.690088529) [Dbg] [SimulationRunner.cc:503] Creating PostUpdate worker threads: 7
(2023-10-28T12:44:09.690166357) (2023-10-28T12:44:09.690179927) [Dbg] [SimulationRunner.cc:514] Creating postupdate worker thread (0)
(2023-10-28T12:44:09.693501933) (2023-10-28T12:44:09.693550114) [Dbg] [SimulationRunner.cc:514] Creating postupdate worker thread (1)
(2023-10-28T12:44:09.693643284) (2023-10-28T12:44:09.693659440) [Dbg] [SimulationRunner.cc:514] Creating postupdate worker thread (2)
(2023-10-28T12:44:09.693760385) (2023-10-28T12:44:09.693774656) [Dbg] [SimulationRunner.cc:514] Creating postupdate worker thread (3)
(2023-10-28T12:44:09.693847400) (2023-10-28T12:44:09.693863304) [Dbg] [SimulationRunner.cc:514] Creating postupdate worker thread (4)
(2023-10-28T12:44:09.694043429) (2023-10-28T12:44:09.694060875) [Dbg] [SimulationRunner.cc:514] Creating postupdate worker thread (5)
(2023-10-28T12:44:10.176081206) (2023-10-28T12:44:10.176103269) [Dbg] [RenderUtil.cc:2720] Create scene [scene]
(2023-10-28T12:44:10.266623528) (2023-10-28T12:44:10.266642633) [Dbg] [Sensors.cc:277] Rendering Thread initialized
(2023-10-28T12:44:10.266690962) (2023-10-28T12:44:10.266717485) [Dbg] [Sensors.cc:659] Initialization needed
(2023-10-28T12:44:10.273223086) (2023-10-28T12:44:10.273242836) [Wrn] [FuelClient.cc:1952] The fuel.ignitionrobotics.org URL is deprecrated. Pleasse change https://fuel.ignitionrobotics.org/1.0/openrobotics/models/prius hybrid/2/files/meshes/Hybrid.obj to https://fuel.gazebosim.org/1.0/openrobotics/models/prius hybrid/2/files/meshes/Hybrid.obj
(2023-10-28T12:44:10.273360466) (2023-10-28T12:44:10.273370647) [Wrn] [FuelClient.cc:1952] The fuel.ignitionrobotics.org URL is deprecrated. Pleasse change https://fuel.ignitionrobotics.org/1.0/openrobotics/models/prius hybrid/2/files/meshes/Hybrid.obj to https://fuel.gazebosim.org/1.0/openrobotics/models/prius hybrid/2/files/meshes/Hybrid.obj
(2023-10-28T12:44:10.278679132) (2023-10-28T12:44:10.278705682) [Wrn] [OBJLoader.cc:91] Both `d` and `Tr` parameters defined for "Hybrid". Use the value of `d` for dissolve (line 8 in .mtl.)
Both `d` and `Tr` parameters defined for "Wheels3". Use the value of `d` for dissolve (line 22 in .mtl.)
Both `d` and `Tr` parameters defined for "Hybrid_Interior". Use the value of `d` for dissolve (line 36 in .mtl.)
Both `d` and `Tr` parameters defined for "Windows". Use the value of `d` for dissolve (line 50 in .mtl.)

(2023-10-28T12:44:10.434067964) (2023-10-28T12:44:10.434087946) [Err] [SceneManager.cc:887] PBR material: currently only metal workflow is supported. Gazebo will try to render the material using metal workflow but without Roughness / Metalness settings.
(2023-10-28T12:44:13.425391615) (2023-10-28T12:44:13.425414292) [Dbg] [CameraSensor.cc:458] Camera images for [prius_hybrid::chassis::back_camera_sensor] advertised on [back_camera]
(2023-10-28T12:44:13.425656860) (2023-10-28T12:44:13.425675952) [Dbg] [CameraSensor.cc:786] Camera info for [prius_hybrid::chassis::back_camera_sensor] advertised on [/camera_info]
(2023-10-28T12:44:13.425880112) (2023-10-28T12:44:13.425891716) [Wrn] [Ogre2Camera.cc:412] Ogre2Camera::SetVisibilityMask: Mask bits c0000000 are set but will be ignored as they conflict with the reserved bits used internally by the ogre2 backend.
(2023-10-28T12:44:13.426430487) (2023-10-28T12:44:13.426448942) [Dbg] [CameraSensor.cc:458] Camera images for [prius_hybrid::chassis::front_camera_sensor] advertised on [front_camera]
(2023-10-28T12:44:13.426565592) (2023-10-28T12:44:13.426583812) [Dbg] [CameraSensor.cc:786] Camera info for [prius_hybrid::chassis::front_camera_sensor] advertised on [/camera_info]
(2023-10-28T12:44:13.426661527) (2023-10-28T12:44:13.426672324) [Wrn] [Ogre2Camera.cc:412] Ogre2Camera::SetVisibilityMask: Mask bits c0000000 are set but will be ignored as they conflict with the reserved bits used internally by the ogre2 backend.
(2023-10-28T12:44:13.427159555) (2023-10-28T12:44:13.427172438) [Dbg] [CameraSensor.cc:458] Camera images for [prius_hybrid::chassis::left_camera_sensor] advertised on [left_camera]
(2023-10-28T12:44:13.427352145) (2023-10-28T12:44:13.427363943) [Dbg] [CameraSensor.cc:786] Camera info for [prius_hybrid::chassis::left_camera_sensor] advertised on [/camera_info]
(2023-10-28T12:44:13.427443790) (2023-10-28T12:44:13.427453500) [Wrn] [Ogre2Camera.cc:412] Ogre2Camera::SetVisibilityMask: Mask bits c0000000 are set but will be ignored as they conflict with the reserved bits used internally by the ogre2 backend.
(2023-10-28T12:44:13.427915359) (2023-10-28T12:44:13.427928929) [Dbg] [CameraSensor.cc:458] Camera images for [prius_hybrid::chassis::right_camera_sensor] advertised on [right_camera]
(2023-10-28T12:44:13.428123224) (2023-10-28T12:44:13.428135391) [Dbg] [CameraSensor.cc:786] Camera info for [prius_hybrid::chassis::right_camera_sensor] advertised on [/camera_info]
(2023-10-28T12:44:13.428222376) (2023-10-28T12:44:13.428233698) [Wrn] [Ogre2Camera.cc:412] Ogre2Camera::SetVisibilityMask: Mask bits c0000000 are set but will be ignored as they conflict with the reserved bits used internally by the ogre2 backend.
(2023-10-28T12:44:13.428677872) (2023-10-28T12:44:13.428690646) [Dbg] [CameraSensor.cc:458] Camera images for [x500_depth_0::OakD-Lite/base_link::IMX214] advertised on [camera]
(2023-10-28T12:44:13.428836699) (2023-10-28T12:44:13.428855067) [Dbg] [CameraSensor.cc:786] Camera info for [x500_depth_0::OakD-Lite/base_link::IMX214] advertised on [/camera_info]
(2023-10-28T12:44:13.428963745) (2023-10-28T12:44:13.428981674) [Wrn] [Ogre2Camera.cc:412] Ogre2Camera::SetVisibilityMask: Mask bits c0000000 are set but will be ignored as they conflict with the reserved bits used internally by the ogre2 backend.
(2023-10-28T12:44:13.429495422) (2023-10-28T12:44:13.429514122) [Dbg] [DepthCameraSensor.cc:282] Depth images for [x500_depth_0::OakD-Lite/base_link::StereoOV7251] advertised on [depth_camera]
(2023-10-28T12:44:13.429657432) (2023-10-28T12:44:13.429675028) [Dbg] [CameraSensor.cc:786] Camera info for [x500_depth_0::OakD-Lite/base_link::StereoOV7251] advertised on [/camera_info]
(2023-10-28T12:44:13.429910598) (2023-10-28T12:44:13.429928257) [Dbg] [DepthCameraSensor.cc:299] Points for [x500_depth_0::OakD-Lite/base_link::StereoOV7251] advertised on [depth_camera/points]
(2023-10-28T12:44:13.564543697) (2023-10-28T12:44:13.564562756) [Dbg] [CameraSensor.cc:583] Enabling camera sensor: 'x500_depth_0::OakD-Lite/base_link::IMX214' data generation.
(2023-10-28T14:19:54.658554226) (2023-10-28T14:19:54.658583324) [Dbg] [SignalHandler.cc:142] Received signal[2].
(2023-10-28T14:19:54.658629904) (2023-10-28T14:19:54.658642900) [Dbg] [ServerPrivate.cc:115] Server received signal[2]
(2023-10-28T14:19:54.658684114) (2023-10-28T14:19:54.658694486) [Dbg] [Sensors.cc:433] SensorsPrivate::Stop
(2023-10-28T14:19:54.797628726) (2023-10-28T14:19:54.797648802) [Dbg] [Sensors.cc:419] SensorsPrivate::RenderThread stopped
(2023-10-28T14:19:54.804497337) (2023-10-28T14:19:54.804516813) [Dbg] [gz.cc:417] Shutting down gz-sim-server
((((((((((2023-10-28T14:19:54.809175100) (2023-10-28T14:19:54.809198954) [Dbg] [SimulationRunner.cc:530] Exiting postupdate worker thread (0)) (2023-10-28T14:19:54.809269659((2023-10-28T14:19:54.809281672) (2023-10-28T14:19:54.809309406) ) 
([Dbg] [SimulationRunner.cc:530] Exiting postupdate worker thread (42023-10-28T14:19:54.8093496162023-10-28T14:19:54.8093496162023-10-28T14:19:54.809473642) (2023-10-28T14:19:54.809489570) ) (2023-10-28T14:19:54.809525085) )
2023-10-28T14:19:54.809503902) (2023-10-28T14:19:54.809590221) Exiting postupdate worker thread ([Dbg] [SimulationRunner.cc:530] 22Exiting postupdate worker thread ()
1)

Exiting postupdate worker thread (5)

Exiting postupdate worker thread (3)
(2023-10-28T14:19:54.853316907) (2023-10-28T14:19:54.853333434) [Dbg] [Sensors.cc:433] SensorsPrivate::Stop
