(2023-11-06T22:10:42.142095258) (2023-11-06T22:10:42.142116140) [Msg] Gazebo Sim Server v7.6.0
(2023-11-06T22:10:42.147121083) (2023-11-06T22:10:42.147136598) [Msg] Loading SDF world file[/home/bassam/PX4-Autopilot/Tools/simulation/gz/worlds/default.sdf].
(2023-11-06T22:10:42.355741769) (2023-11-06T22:10:42.355761417) [Msg] Serving entity system service on [/entity/system/add]
(2023-11-06T22:10:42.565028012) (2023-11-06T22:10:42.565052766) [Dbg] [Physics.cc:880] Loaded [gz::physics::dartsim::Plugin] from library [/usr/lib/x86_64-linux-gnu/gz-physics-6/engine-plugins/libgz-physics-dartsim-plugin.so]
(2023-11-06T22:10:42.565168640) (2023-11-06T22:10:42.565184237) [Dbg] [SystemManager.cc:74] Loaded system [gz::sim::systems::Physics] for entity [1]
(2023-11-06T22:10:42.683241715) (2023-11-06T22:10:42.683271081) [Msg] Create service on [/world/default/create]
(2023-11-06T22:10:42.683577723) (2023-11-06T22:10:42.683596101) [Msg] Remove service on [/world/default/remove]
(2023-11-06T22:10:42.683833945) (2023-11-06T22:10:42.683850162) [Msg] Pose service on [/world/default/set_pose]
(2023-11-06T22:10:42.684088400) (2023-11-06T22:10:42.684105977) [Msg] Pose service on [/world/default/set_pose_vector]
(2023-11-06T22:10:42.684450520) (2023-11-06T22:10:42.684468355) [Msg] Light configuration service on [/world/default/light_config]
(2023-11-06T22:10:42.684893427) (2023-11-06T22:10:42.684911106) [Msg] Physics service on [/world/default/set_physics]
(2023-11-06T22:10:42.685214432) (2023-11-06T22:10:42.685231883) [Msg] SphericalCoordinates service on [/world/default/set_spherical_coordinates]
(2023-11-06T22:10:42.685369335) (2023-11-06T22:10:42.685385892) [Msg] Enable collision service on [/world/default/enable_collision]
(2023-11-06T22:10:42.685521398) (2023-11-06T22:10:42.685552342) [Msg] Disable collision service on [/world/default/disable_collision]
(2023-11-06T22:10:42.685897917) (2023-11-06T22:10:42.685915347) [Msg] Material service on [/world/default/visual_config]
(2023-11-06T22:10:42.686142431) (2023-11-06T22:10:42.686159515) [Msg] Material service on [/world/default/wheel_slip]
(2023-11-06T22:10:42.686229449) (2023-11-06T22:10:42.686243731) [Dbg] [SystemManager.cc:74] Loaded system [gz::sim::systems::UserCommands] for entity [1]
(2023-11-06T22:10:42.688988463) (2023-11-06T22:10:42.689008595) [Dbg] [SystemManager.cc:74] Loaded system [gz::sim::systems::SceneBroadcaster] for entity [1]
(2023-11-06T22:10:42.690906941) (2023-11-06T22:10:42.690926747) [Dbg] [SystemManager.cc:74] Loaded system [gz::sim::systems::Contact] for entity [1]
(2023-11-06T22:10:42.693620149) (2023-11-06T22:10:42.693640013) [Dbg] [SystemManager.cc:74] Loaded system [gz::sim::systems::Imu] for entity [1]
(2023-11-06T22:10:42.695898908) (2023-11-06T22:10:42.695918463) [Dbg] [SystemManager.cc:74] Loaded system [gz::sim::systems::AirPressure] for entity [1]
(2023-11-06T22:10:42.697951667) (2023-11-06T22:10:42.697971796) [Msg] Listening to instantaneous wrench commands in [/world/default/wrench]
(2023-11-06T22:10:42.698112877) (2023-11-06T22:10:42.698130647) [Msg] Listening to persistent wrench commands in [/world/default/wrench/persistent]
(2023-11-06T22:10:42.698257509) (2023-11-06T22:10:42.698273867) [Msg] Listening to wrench clear commands in [/world/default/wrench/clear]
(2023-11-06T22:10:42.698329947) (2023-11-06T22:10:42.698344106) [Dbg] [SystemManager.cc:74] Loaded system [gz::sim::systems::ApplyLinkWrench] for entity [1]
(2023-11-06T22:10:42.710638790) (2023-11-06T22:10:42.710658686) [Dbg] [Sensors.cc:506] Configuring Sensors system
(2023-11-06T22:10:42.710813385) (2023-11-06T22:10:42.710829757) [Dbg] [Sensors.cc:425] SensorsPrivate::Run
(2023-11-06T22:10:42.710970123) (2023-11-06T22:10:42.710987136) [Dbg] [SystemManager.cc:74] Loaded system [gz::sim::systems::Sensors] for entity [(1]
2023-11-06T22:10:42.711049642) (2023-11-06T22:10:42.711080923) [Dbg] [Sensors.cc:402] SensorsPrivate::RenderThread started
(2023-11-06T22:10:42.711108451) (2023-11-06T22:10:42.711117036) [Dbg] [Sensors.cc:245] Waiting for init
(2023-11-06T22:10:42.716899271) (2023-11-06T22:10:42.716919292) [Wrn] [SystemLoader.cc:79] Trying to load deprecated plugin [ignition-gazebo-ackermann-steering-system]. Using [gz-sim-ackermann-steering-system] instead.
(2023-11-06T22:10:42.719328423) (2023-11-06T22:10:42.719348441) [Msg] AckermannSteering subscribing to twist messages on [/cmd_vel]
(2023-11-06T22:10:42.720346500) (2023-11-06T22:10:42.720394690) [Dbg] [SystemManager.cc:74] Loaded system [ignition::gazebo::systems::AckermannSteering] for entity [11]
(2023-11-06T22:10:42.720657635) (2023-11-06T22:10:42.720674621) [Msg] Loaded level [3]
(2023-11-06T22:10:42.724176619) (2023-11-06T22:10:42.724196761) [Msg] Serving world controls on [/world/default/control], [/world/default/control/state] and [/world/default/playback/control]
(2023-11-06T22:10:42.724630266) (2023-11-06T22:10:42.724648671) [Msg] Serving GUI information on [/world/default/gui/info]
(2023-11-06T22:10:42.724703993) (2023-11-06T22:10:42.724718092) [Msg] World [default] initialized with [default_physics] physics profile.
(2023-11-06T22:10:42.725016271) (2023-11-06T22:10:42.725034106) [Msg] Serving world SDF generation service on [/world/default/generate_world_sdf]
(2023-11-06T22:10:42.725242791) (2023-11-06T22:10:42.725260438) [Msg] Serving world names on [/gazebo/worlds]
(2023-11-06T22:10:42.725399196) (2023-11-06T22:10:42.725415796) [Msg] Resource path add service on [/gazebo/resource_paths/add].
(2023-11-06T22:10:42.725583105) (2023-11-06T22:10:42.725600527) [Msg] Resource path get service on [/gazebo/resource_paths/get].
(2023-11-06T22:10:42.725748057) (2023-11-06T22:10:42.725764485) [Msg] Resource path resolve service on [/gazebo/resource_paths/resolve].
(2023-11-06T22:10:42.725896242) (2023-11-06T22:10:42.725912914) [Msg] Resource paths published on [/gazebo/resource_paths].
(2023-11-06T22:10:42.726264478) (2023-11-06T22:10:42.726282807) [Msg] Server control service on [/server_control].
(2023-11-06T22:10:44.145436731) (2023-11-06T22:10:44.145455105) [Msg] Found no publishers on /stats, adding root stats topic
(2023-11-06T22:10:44.145768999) (2023-11-06T22:10:44.145782176) [Msg] Found no publishers on /clock, adding root clock topic
(2023-11-06T22:10:44.146121243) (2023-11-06T22:10:44.146141950) [Dbg] [SimulationRunner.cc:503] Creating PostUpdate worker threads: 7
(2023-11-06T22:10:44.146193908) (2023-11-06T22:10:44.146210494) [Dbg] [SimulationRunner.cc:514] Creating postupdate worker thread (0)
(2023-11-06T22:10:44.146358289) (2023-11-06T22:10:44.146377106) [Dbg] [SimulationRunner.cc:514] Creating postupdate worker thread (1)
(2023-11-06T22:10:44.146466393) (2023-11-06T22:10:44.146477677) [Dbg] [SimulationRunner.cc:514] Creating postupdate worker thread (2)
(2023-11-06T22:10:44.146558867) (2023-11-06T22:10:44.146569384) [Dbg] [SimulationRunner.cc:514] Creating postupdate worker thread (3)
(2023-11-06T22:10:44.146653241) (2023-11-06T22:10:44.146664257) [Dbg] [SimulationRunner.cc:514] Creating postupdate worker thread (4)
(2023-11-06T22:10:44.146736092) (2023-11-06T22:10:44.146746620) [Dbg] [SimulationRunner.cc:514] Creating postupdate worker thread (5)
(2023-11-06T22:10:44.448132785) (2023-11-06T22:10:44.448149372) [Wrn] [MulticopterMotorModel.cc:257] No robotNamespace set using entity name.
(2023-11-06T22:10:44.448193121) (2023-11-06T22:10:44.448203063) [Wrn] [MulticopterMotorModel.cc:295] <motorNumber> is depricated, please use <actuator_number>.
(2023-11-06T22:10:44.448271041) (2023-11-06T22:10:44.448281394) [Dbg] [MulticopterMotorModel.cc:386] Listening to topic: x500_depth_0/command/motor_speed
(2023-11-06T22:10:44.448722055) (2023-11-06T22:10:44.448735456) [Dbg] [SystemManager.cc:74] Loaded system [gz::sim::systems::MulticopterMotorModel] for entity [59]
(2023-11-06T22:10:44.449124969) (2023-11-06T22:10:44.449137481) [Wrn] [MulticopterMotorModel.cc:257] No robotNamespace set using entity name.
(2023-11-06T22:10:44.449163310) (2023-11-06T22:10:44.449171958) [Wrn] [MulticopterMotorModel.cc:295] <motorNumber> is depricated, please use <actuator_number>.
(2023-11-06T22:10:44.449229662) (2023-11-06T22:10:44.449238916) [Dbg] [MulticopterMotorModel.cc:386] Listening to topic: x500_depth_0/command/motor_speed
(2023-11-06T22:10:44.449494277) (2023-11-06T22:10:44.449513175) [Dbg] [SystemManager.cc:74] Loaded system [gz::sim::systems::MulticopterMotorModel] for entity [59]
(2023-11-06T22:10:44.449930657) (2023-11-06T22:10:44.449943280) [Wrn] [MulticopterMotorModel.cc:257] No robotNamespace set using entity name.
(2023-11-06T22:10:44.449968912) (2023-11-06T22:10:44.449977474) [Wrn] [MulticopterMotorModel.cc:295] <motorNumber> is depricated, please use <actuator_number>.
(2023-11-06T22:10:44.450034629) (2023-11-06T22:10:44.450043696) [Dbg] [MulticopterMotorModel.cc:386] Listening to topic: x500_depth_0/command/motor_speed
(2023-11-06T22:10:44.450327663) (2023-11-06T22:10:44.450346715) [Dbg] [SystemManager.cc:74] Loaded system [gz::sim::systems::MulticopterMotorModel] for entity [59]
(2023-11-06T22:10:44.450733621) (2023-11-06T22:10:44.450746490) [Wrn] [MulticopterMotorModel.cc:257] No robotNamespace set using entity name.
(2023-11-06T22:10:44.450771973) (2023-11-06T22:10:44.450780950) [Wrn] [MulticopterMotorModel.cc:295] <motorNumber> is depricated, please use <actuator_number>.
(2023-11-06T22:10:44.450838890) (2023-11-06T22:10:44.450847954) [Dbg] [MulticopterMotorModel.cc:386] Listening to topic: x500_depth_0/command/motor_speed
(2023-11-06T22:10:44.451166690) (2023-11-06T22:10:44.451186581) [Dbg] [SystemManager.cc:74] Loaded system [gz::sim::systems::MulticopterMotorModel] for entity [59]
(2023-11-06T22:10:44.451612136) (2023-11-06T22:10:44.451624200) [Dbg] [UserCommands.cc:1263] Created entity [59] named [x500_depth_0]
(2023-11-06T22:10:44.471109683) (2023-11-06T22:10:44.471125496) [Dbg] [SimulationFeatures.cc:72] Simulation timestep set to: 0.004
(2023-11-06T22:10:44.472991591) (2023-11-06T22:10:44.473021240) [Dbg] [Sensors.cc:659] Initialization needed
(2023-11-06T22:10:44.473086304) (2023-11-06T22:10:44.473107835) [Dbg] [Sensors.cc:257] Initializing render context
(2023-11-06T22:10:44.473305692) (2023-11-06T22:10:44.473323578) [Msg] Loading plugin [gz-rendering-ogre2]
(2023-11-06T22:10:44.473953888) (2023-11-06T22:10:44.473974735) [Dbg] [ImuSensor.cc:149] IMU data for [x500_depth_0::base_link::imu_sensor] advertised on [world/default/model/x500_depth_0/link/base_link/sensor/imu_sensor/imu]
(2023-11-06T22:10:44.474074580) (2023-11-06T22:10:44.474096257) [Dbg] [AirPressureSensor.cc:126] Air pressure for [x500_depth_0::base_link::air_pressure_sensor] advertised on [world/default/model/x500_depth_0/link/base_link/sensor/air_pressure_sensor/air_pressure]
(2023-11-06T22:10:44.475669320) (2023-11-06T22:10:44.475694916) [Msg] Serving scene information on [/world/default/scene/info]
(2023-11-06T22:10:44.475895882) (2023-11-06T22:10:44.475914371) [Msg] Serving graph information on [/world/default/scene/graph]
(2023-11-06T22:10:44.476279026) (2023-11-06T22:10:44.476301412) [Msg] Serving full state on [/world/default/state]
(2023-11-06T22:10:44.476463732) (2023-11-06T22:10:44.476481128) [Msg] Serving full state (async) on [/world/default/state_async]
(2023-11-06T22:10:44.476673877) (2023-11-06T22:10:44.476694097) [Msg] Publishing scene information on [/world/default/scene/info]
(2023-11-06T22:10:44.477017539) (2023-11-06T22:10:44.477036055) [Msg] Publishing entity deletions on [/world/default/scene/deletion]
(2023-11-06T22:10:44.477177956) (2023-11-06T22:10:44.477195648) [Msg] Publishing state changes on [/world/default/state]
(2023-11-06T22:10:44.477369622) (2023-11-06T22:10:44.477388831) [Msg] Publishing pose messages on [/world/default/pose/info]
(2023-11-06T22:10:44.477677691) (2023-11-06T22:10:44.477696754) [Msg] Publishing dynamic pose messages on [/world/default/dynamic_pose/info]
(2023-11-06T22:10:44.479152081) (2023-11-06T22:10:44.479178077) [Dbg] [EntityComponentManager.cc:1655] Updated state thread iterators: 8 threads processing around 13 entities each.
(2023-11-06T22:10:44.497319644) (2023-11-06T22:10:44.497346207) [Wrn] [Model.hh:69] Skipping serialization / deserialization for models with //pose/@relative_to attribute.
(2023-11-06T22:10:44.498135312) (2023-11-06T22:10:44.498157981) [Wrn] [Component.hh:144] Trying to serialize component with data type [N3sdf3v135WorldE], which doesn't have `operator<<`. Component will not be serialized.
((((2023-11-06T22:10:44.5011073742023-11-06T22:10:44.501128965) 2023-11-06T22:10:44.501149726() ) ) ((((2023-11-06T22:10:44.5012299602023-11-06T22:10:44.5012375362023-11-06T22:10:44.5012299602023-11-06T22:10:44.5012375362023-11-06T22:10:44.501198285) ) ) ) (2023-11-06T22:10:44.501290065) 2023-11-06T22:10:44.501311195) [Dbg] [SimulationRunner.cc:530] Exiting postupdate worker thread (3)
[Dbg] [SimulationRunner.cc:530] Exiting postupdate worker thread ([Dbg] [SimulationRunner.cc:530] 4[Dbg] [SimulationRunner.cc:530] 4[Dbg] [SimulationRunner.cc:530] Exiting postupdate worker thread (5)
)
Exiting postupdate worker thread (1)
(2023-11-06T22:10:44.501587768) (2023-11-06T22:10:44.501608215) [Dbg] [SimulationRunner.cc:530] Exiting postupdate worker thread (2)
(2023-11-06T22:10:44.502031574) (2023-11-06T22:10:44.502044570) [Dbg] [SimulationRunner.cc:530] Exiting postupdate worker thread (0)
(2023-11-06T22:10:44.502276259) (2023-11-06T22:10:44.502295138) [Dbg] [SimulationRunner.cc:503] Creating PostUpdate worker threads: 7
(2023-11-06T22:10:44.502344562) (2023-11-06T22:10:44.502358833) [Dbg] [SimulationRunner.cc:514] Creating postupdate worker thread (0)
(2023-11-06T22:10:44.502440323) (2023-11-06T22:10:44.502456887) [Dbg] [SimulationRunner.cc:514] Creating postupdate worker thread (1)
(2023-11-06T22:10:44.502522297) (2023-11-06T22:10:44.502538137) [Dbg] [SimulationRunner.cc:514] Creating postupdate worker thread (2)
(2023-11-06T22:10:44.502616058) (2023-11-06T22:10:44.502632090) [Dbg] [SimulationRunner.cc:514] Creating postupdate worker thread (3)
(2023-11-06T22:10:44.502706106) (2023-11-06T22:10:44.502722001) [Dbg] [SimulationRunner.cc:514] Creating postupdate worker thread (4)
(2023-11-06T22:10:44.502831413) (2023-11-06T22:10:44.502847509) [Dbg] [SimulationRunner.cc:514] Creating postupdate worker thread (5)
(2023-11-06T22:10:44.969158035) (2023-11-06T22:10:44.969171173) [Dbg] [RenderUtil.cc:2720] Create scene [scene]
((2023-11-06T22:10:45.41807097) (2023-11-06T22:10:45.41834245) [Dbg] [Sensors.cc:277] 2023-11-06T22:10:45.41837447) (2023-11-06T22:10:45.41887355) 
[Dbg] [Sensors.cc:659] Initialization needed
(2023-11-06T22:10:45.47896528) (2023-11-06T22:10:45.47920013) [Wrn] [FuelClient.cc:1952] The fuel.ignitionrobotics.org URL is deprecrated. Pleasse change https://fuel.ignitionrobotics.org/1.0/openrobotics/models/prius hybrid/2/files/meshes/Hybrid.obj to https://fuel.gazebosim.org/1.0/openrobotics/models/prius hybrid/2/files/meshes/Hybrid.obj
(2023-11-06T22:10:45.48108177) (2023-11-06T22:10:45.48129080) [Wrn] [FuelClient.cc:1952] The fuel.ignitionrobotics.org URL is deprecrated. Pleasse change https://fuel.ignitionrobotics.org/1.0/openrobotics/models/prius hybrid/2/files/meshes/Hybrid.obj to https://fuel.gazebosim.org/1.0/openrobotics/models/prius hybrid/2/files/meshes/Hybrid.obj
(2023-11-06T22:10:45.54925223) (2023-11-06T22:10:45.54949654) [Wrn] [OBJLoader.cc:91] Both `d` and `Tr` parameters defined for "Hybrid". Use the value of `d` for dissolve (line 8 in .mtl.)
Both `d` and `Tr` parameters defined for "Wheels3". Use the value of `d` for dissolve (line 22 in .mtl.)
Both `d` and `Tr` parameters defined for "Hybrid_Interior". Use the value of `d` for dissolve (line 36 in .mtl.)
Both `d` and `Tr` parameters defined for "Windows". Use the value of `d` for dissolve (line 50 in .mtl.)

(2023-11-06T22:10:45.181157260) (2023-11-06T22:10:45.181171529) [Err] [SceneManager.cc:887] PBR material: currently only metal workflow is supported. Gazebo will try to render the material using metal workflow but without Roughness / Metalness settings.
(2023-11-06T22:10:47.903202395) (2023-11-06T22:10:47.903222279) [Dbg] [CameraSensor.cc:458] Camera images for [prius_hybrid::chassis::back_camera_sensor] advertised on [back_camera]
(2023-11-06T22:10:47.903461017) (2023-11-06T22:10:47.903481126) [Dbg] [CameraSensor.cc:786] Camera info for [prius_hybrid::chassis::back_camera_sensor] advertised on [/camera_info]
(2023-11-06T22:10:47.903672406) (2023-11-06T22:10:47.903683564) [Wrn] [Ogre2Camera.cc:412] Ogre2Camera::SetVisibilityMask: Mask bits c0000000 are set but will be ignored as they conflict with the reserved bits used internally by the ogre2 backend.
(2023-11-06T22:10:47.904157065) (2023-11-06T22:10:47.904176784) [Dbg] [CameraSensor.cc:458] Camera images for [prius_hybrid::chassis::front_camera_sensor] advertised on [front_camera]
(2023-11-06T22:10:47.904320520) (2023-11-06T22:10:47.904338607) [Dbg] [CameraSensor.cc:786] Camera info for [prius_hybrid::chassis::front_camera_sensor] advertised on [/camera_info]
(2023-11-06T22:10:47.904414704) (2023-11-06T22:10:47.904424948) [Wrn] [Ogre2Camera.cc:412] Ogre2Camera::SetVisibilityMask: Mask bits c0000000 are set but will be ignored as they conflict with the reserved bits used internally by the ogre2 backend.
(2023-11-06T22:10:47.904786278) (2023-11-06T22:10:47.904805274) [Dbg] [CameraSensor.cc:458] Camera images for [prius_hybrid::chassis::left_camera_sensor] advertised on [left_camera]
(2023-11-06T22:10:47.904919040) (2023-11-06T22:10:47.904936756) [Dbg] [CameraSensor.cc:786] Camera info for [prius_hybrid::chassis::left_camera_sensor] advertised on [/camera_info]
(2023-11-06T22:10:47.905009789) (2023-11-06T22:10:47.905019831) [Wrn] [Ogre2Camera.cc:412] Ogre2Camera::SetVisibilityMask: Mask bits c0000000 are set but will be ignored as they conflict with the reserved bits used internally by the ogre2 backend.
(2023-11-06T22:10:47.905339953) (2023-11-06T22:10:47.905355917) [Dbg] [CameraSensor.cc:458] Camera images for [prius_hybrid::chassis::right_camera_sensor] advertised on [right_camera]
(2023-11-06T22:10:47.905468778) (2023-11-06T22:10:47.905487060) [Dbg] [CameraSensor.cc:786] Camera info for [prius_hybrid::chassis::right_camera_sensor] advertised on [/camera_info]
(2023-11-06T22:10:47.905568803) (2023-11-06T22:10:47.905579991) [Wrn] [Ogre2Camera.cc:412] Ogre2Camera::SetVisibilityMask: Mask bits c0000000 are set but will be ignored as they conflict with the reserved bits used internally by the ogre2 backend.
(2023-11-06T22:10:47.905903484) (2023-11-06T22:10:47.905922507) [Dbg] [CameraSensor.cc:458] Camera images for [x500_depth_0::OakD-Lite/base_link::IMX214] advertised on [camera]
(2023-11-06T22:10:47.906041563) (2023-11-06T22:10:47.906059102) [Dbg] [CameraSensor.cc:786] Camera info for [x500_depth_0::OakD-Lite/base_link::IMX214] advertised on [/camera_info]
(2023-11-06T22:10:47.906140084) (2023-11-06T22:10:47.906150439) [Wrn] [Ogre2Camera.cc:412] Ogre2Camera::SetVisibilityMask: Mask bits c0000000 are set but will be ignored as they conflict with the reserved bits used internally by the ogre2 backend.
(2023-11-06T22:10:47.906556803) (2023-11-06T22:10:47.906572311) [Dbg] [DepthCameraSensor.cc:282] Depth images for [x500_depth_0::OakD-Lite/base_link::StereoOV7251] advertised on [depth_camera]
(2023-11-06T22:10:47.906704189) (2023-11-06T22:10:47.906722427) [Dbg] [CameraSensor.cc:786] Camera info for [x500_depth_0::OakD-Lite/base_link::StereoOV7251] advertised on [/camera_info]
(2023-11-06T22:10:47.906942094) (2023-11-06T22:10:47.906959919) [Dbg] [DepthCameraSensor.cc:299] Points for [x500_depth_0::OakD-Lite/base_link::StereoOV7251] advertised on [depth_camera/points]
(2023-11-06T22:11:02.101142240) (2023-11-06T22:11:02.101169197) [Dbg] [SignalHandler.cc:142] Received signal[2].
(2023-11-06T22:11:02.101213897) (2023-11-06T22:11:02.101226299) [Dbg] [ServerPrivate.cc:115] Server received signal[2]
(2023-11-06T22:11:02.101264922) (2023-11-06T22:11:02.101276832) [Dbg] [Sensors.cc:433] SensorsPrivate::Stop
(2023-11-06T22:11:02.398167117) (2023-11-06T22:11:02.398186404) [Dbg] [Sensors.cc:419] SensorsPrivate::RenderThread stopped
(2023-11-06T22:11:02.404262909) (2023-11-06T22:11:02.404290064) [Dbg] [gz.cc:417] Shutting down gz-sim-server
(((((2023-11-06T22:11:02.409639192) ((2023-11-06T22:11:02.4096555792023-11-06T22:11:02.409655579(2023-11-06T22:11:02.409701843) ) 2023-11-06T22:11:02.409608551) (2023-11-06T22:11:02.409734617() ) 2023-11-06T22:11:02.409736456) ((2023-11-06T22:11:02.409792329(2023-11-06T22:11:02.409792329) ) 2023-11-06T22:11:02.409679700) () ) ) [Dbg] [SimulationRunner.cc:530] 2023-11-06T22:11:02.409863719) 2023-11-06T22:11:02.409830225) 2023-11-06T22:11:02.409884012) Exiting postupdate worker thread (0)
[Dbg] [SimulationRunner.cc:530] Exiting postupdate worker thread (3[Dbg] [SimulationRunner.cc:530] )

[Dbg] [SimulationRunner.cc:530] Exiting postupdate worker thread (5)
Exiting postupdate worker thread (1)
Exiting postupdate worker thread (4)
Exiting postupdate worker thread (2)
(2023-11-06T22:11:02.458970029) (2023-11-06T22:11:02.458990222) [Dbg] [Sensors.cc:433] SensorsPrivate::Stop
