(2023-10-11T23:57:16.439552351) (2023-10-11T23:57:16.439582066) [Msg] Gazebo Sim Server v7.6.0
(2023-10-11T23:57:16.448279348) (2023-10-11T23:57:16.448327540) [Msg] Loading SDF world file[/home/bassam/gz_ws/src/ardupilot_gazebo/worlds/zephyr_runway.sdf].
(2023-10-11T23:57:16.665831894) (2023-10-11T23:57:16.665843434) [Msg] Serving entity system service on [/entity/system/add]
(2023-10-11T23:57:16.777210564) (2023-10-11T23:57:16.777225133) [Dbg] [Physics.cc:880] Loaded [gz::physics::dartsim::Plugin] from library [/usr/lib/x86_64-linux-gnu/gz-physics-6/engine-plugins/libgz-physics-dartsim-plugin.so]
(2023-10-11T23:57:16.777417659) (2023-10-11T23:57:16.777428739) [Dbg] [SystemManager.cc:74] Loaded system [gz::sim::systems::Physics] for entity [1]
(2023-10-11T23:57:16.779721806) (2023-10-11T23:57:16.779734465) [Msg] Create service on [/world/zephyr_runway/create]
(2023-10-11T23:57:16.780050485) (2023-10-11T23:57:16.780061147) [Msg] Remove service on [/world/zephyr_runway/remove]
(2023-10-11T23:57:16.780326801) (2023-10-11T23:57:16.780337106) [Msg] Pose service on [/world/zephyr_runway/set_pose]
(2023-10-11T23:57:16.780586272) (2023-10-11T23:57:16.780596642) [Msg] Pose service on [/world/zephyr_runway/set_pose_vector]
(2023-10-11T23:57:16.780941306) (2023-10-11T23:57:16.780952539) [Msg] Light configuration service on [/world/zephyr_runway/light_config]
(2023-10-11T23:57:16.781374283) (2023-10-11T23:57:16.781385128) [Msg] Physics service on [/world/zephyr_runway/set_physics]
(2023-10-11T23:57:16.781699699) (2023-10-11T23:57:16.781710215) [Msg] SphericalCoordinates service on [/world/zephyr_runway/set_spherical_coordinates]
(2023-10-11T23:57:16.781976866) (2023-10-11T23:57:16.781987194) [Msg] Enable collision service on [/world/zephyr_runway/enable_collision]
(2023-10-11T23:57:16.782207451) (2023-10-11T23:57:16.782216972) [Msg] Disable collision service on [/world/zephyr_runway/disable_collision]
(2023-10-11T23:57:16.782552540) (2023-10-11T23:57:16.782563300) [Msg] Material service on [/world/zephyr_runway/visual_config]
(2023-10-11T23:57:16.782846697) (2023-10-11T23:57:16.782857213) [Msg] Material service on [/world/zephyr_runway/wheel_slip]
(2023-10-11T23:57:16.782958952) (2023-10-11T23:57:16.782968022) [Dbg] [SystemManager.cc:74] Loaded system [gz::sim::systems::UserCommands] for entity [1]
(2023-10-11T23:57:16.785028229) (2023-10-11T23:57:16.785041647) [Dbg] [SystemManager.cc:74] Loaded system [gz::sim::systems::SceneBroadcaster] for entity [1]
(2023-10-11T23:57:16.787275889) (2023-10-11T23:57:16.787286534) [Dbg] [SystemManager.cc:74] Loaded system [gz::sim::systems::Imu] for entity [1]
(2023-10-11T23:57:16.791342907) (2023-10-11T23:57:16.791356730) [Dbg] [SystemManager.cc:74] Loaded system [gz::sim::systems::NavSat] for entity [1]
(2023-10-11T23:57:16.799335965) (2023-10-11T23:57:16.799348352) [Dbg] [SystemManager.cc:74] Loaded system [gz::sim::systems::JointStatePublisher] for entity [15]
(2023-10-11T23:57:16.800560161) (2023-10-11T23:57:16.800572589) [Dbg] [SystemManager.cc:74] Loaded system [gz::sim::systems::LiftDrag] for entity [15]
(2023-10-11T23:57:16.800965598) (2023-10-11T23:57:16.800974527) [Dbg] [SystemManager.cc:74] Loaded system [gz::sim::systems::LiftDrag] for entity [15]
(2023-10-11T23:57:16.801338753) (2023-10-11T23:57:16.801349458) [Dbg] [SystemManager.cc:74] Loaded system [gz::sim::systems::LiftDrag] for entity [15]
(2023-10-11T23:57:16.801698580) (2023-10-11T23:57:16.801708685) [Dbg] [SystemManager.cc:74] Loaded system [gz::sim::systems::LiftDrag] for entity [15]
(2023-10-11T23:57:16.802049728) (2023-10-11T23:57:16.802058815) [Dbg] [SystemManager.cc:74] Loaded system [gz::sim::systems::LiftDrag] for entity [15]
(2023-10-11T23:57:16.802376372) (2023-10-11T23:57:16.802385340) [Dbg] [SystemManager.cc:74] Loaded system [gz::sim::systems::LiftDrag] for entity [15]
(2023-10-11T23:57:16.803227559) (2023-10-11T23:57:16.803238119) [Dbg] [SystemManager.cc:74] Loaded system [gz::sim::systems::LiftDrag] for entity [15]
(2023-10-11T23:57:16.808540719) (2023-10-11T23:57:16.808555866) [Msg] ApplyJointForce subscribing to Double messages on [/model/zephyr_with_ardupilot/joint/zephyr::propeller_joint/cmd_force]
(2023-10-11T23:57:16.808680311) (2023-10-11T23:57:16.808689368) [Dbg] [SystemManager.cc:74] Loaded system [gz::sim::systems::ApplyJointForce] for entity [15]
(2023-10-11T23:57:16.809181879) (2023-10-11T23:57:16.809192495) [Msg] ApplyJointForce subscribing to Double messages on [/model/zephyr_with_ardupilot/joint/zephyr::flap_left_joint/cmd_force]
(2023-10-11T23:57:16.809291170) (2023-10-11T23:57:16.809299937) [Dbg] [SystemManager.cc:74] Loaded system [gz::sim::systems::ApplyJointForce] for entity [15]
(2023-10-11T23:57:16.809721220) (2023-10-11T23:57:16.809744020) [Msg] ApplyJointForce subscribing to Double messages on [/model/zephyr_with_ardupilot/joint/zephyr::flap_right_joint/cmd_force]
(2023-10-11T23:57:16.809834932) (2023-10-11T23:57:16.809843205) [Dbg] [SystemManager.cc:74] Loaded system [gz::sim::systems::ApplyJointForce] for entity [15]
(2023-10-11T23:57:16.813375862) [zephyr_with_ardupilot] flight dynamics model @ 127.0.0.1:9002
(2023-10-11T23:57:16.813426308) [zephyr_with_ardupilot] ArduPilot ready to fly. The force will be with you
(2023-10-11T23:57:16.813526844) (2023-10-11T23:57:16.813536676) [Dbg] [SystemManager.cc:74] Loaded system [ArduPilotPlugin] for entity [15]
(2023-10-11T23:57:16.814420189) (2023-10-11T23:57:16.814431234) [Msg] Loaded level [3]
(2023-10-11T23:57:16.818629343) (2023-10-11T23:57:16.818640520) [Msg] Serving world controls on [/world/zephyr_runway/control], [/world/zephyr_runway/control/state] and [/world/zephyr_runway/playback/control]
(2023-10-11T23:57:16.818955910) (2023-10-11T23:57:16.818965612) [Msg] Serving GUI information on [/world/zephyr_runway/gui/info]
(2023-10-11T23:57:16.819066117) (2023-10-11T23:57:16.819076176) [Msg] World [zephyr_runway] initialized with [1ms] physics profile.
(2023-10-11T23:57:16.819397679) (2023-10-11T23:57:16.819409256) [Msg] Serving world SDF generation service on [/world/zephyr_runway/generate_world_sdf]
(2023-10-11T23:57:16.819680915) (2023-10-11T23:57:16.819740765) [Msg] Serving world names on [/gazebo/worlds]
(2023-10-11T23:57:16.819956929) (2023-10-11T23:57:16.819966086) [Msg] Resource path add service on [/gazebo/resource_paths/add].
(2023-10-11T23:57:16.820161521) (2023-10-11T23:57:16.820169934) [Msg] Resource path get service on [/gazebo/resource_paths/get].
(2023-10-11T23:57:16.820400920) (2023-10-11T23:57:16.820412114) [Msg] Resource path resolve service on [/gazebo/resource_paths/resolve].
(2023-10-11T23:57:16.820620450) (2023-10-11T23:57:16.820629192) [Msg] Resource paths published on [/gazebo/resource_paths].
(2023-10-11T23:57:16.820922296) (2023-10-11T23:57:16.820932361) [Msg] Server control service on [/server_control].
(2023-10-11T23:57:18.335906499) (2023-10-11T23:57:18.335917310) [Msg] Found no publishers on /stats, adding root stats topic
(2023-10-11T23:57:18.336087654) (2023-10-11T23:57:18.336094582) [Msg] Found no publishers on /clock, adding root clock topic
(2023-10-11T23:57:18.336342255) (2023-10-11T23:57:18.336353483) [Dbg] [SimulationRunner.cc:503] Creating PostUpdate worker threads: 6
(2023-10-11T23:57:18.336394469) (2023-10-11T23:57:18.336403332) [Dbg] [SimulationRunner.cc:514] Creating postupdate worker thread (0)
(2023-10-11T23:57:18.336528244) (2023-10-11T23:57:18.336538316) [Dbg] [SimulationRunner.cc:514] Creating postupdate worker thread (1)
(2023-10-11T23:57:18.336646837) (2023-10-11T23:57:18.336656743) [Dbg] [SimulationRunner.cc:514] Creating postupdate worker thread (2)
(2023-10-11T23:57:18.336736210) (2023-10-11T23:57:18.336745971) [Dbg] [SimulationRunner.cc:514] Creating postupdate worker thread (3)
(2023-10-11T23:57:18.336823518) (2023-10-11T23:57:18.336833264) [Dbg] [SimulationRunner.cc:514] Creating postupdate worker thread (4)
(2023-10-11T23:57:18.337563367) (2023-10-11T23:57:18.337576387) [Msg] Found IMU sensor with name [zephyr::imu_link::imu_sensor]
(2023-10-11T23:57:18.337679084) (2023-10-11T23:57:18.337688766) [Dbg] [ArduPilotPlugin.cc:1154] Computed IMU topic to be: world/zephyr_runway/model/zephyr_with_ardupilot/model/zephyr/link/imu_link/sensor/imu_sensor/imu
(2023-10-11T23:57:18.340917943) (2023-10-11T23:57:18.340929318) [Dbg] [SDFFeatures.cc:328] Mesh construction from an SDF has not been implemented yet for dartsim. Use AttachMeshShapeFeature to use mesh shapes.
(2023-10-11T23:57:18.340959710) (2023-10-11T23:57:18.340964689) [Err] [SDFFeatures.cc:843] The geometry element of collision [body_collision] couldn't be created
(2023-10-11T23:57:18.349458784) (2023-10-11T23:57:18.349474471) [Dbg] [ImuSensor.cc:149] IMU data for [zephyr_with_ardupilot::zephyr::imu_link::imu_sensor] advertised on [world/zephyr_runway/model/zephyr_with_ardupilot/model/zephyr/link/imu_link/sensor/imu_sensor/imu]
(2023-10-11T23:57:18.349723878) (2023-10-11T23:57:18.349734659) [Msg] Serving scene information on [/world/zephyr_runway/scene/info]
(2023-10-11T23:57:18.349823266) (2023-10-11T23:57:18.349829604) [Msg] Serving graph information on [/world/zephyr_runway/scene/graph]
(2023-10-11T23:57:18.349948337) (2023-10-11T23:57:18.349954613) [Msg] Serving full state on [/world/zephyr_runway/state]
(2023-10-11T23:57:18.350016738) (2023-10-11T23:57:18.350022623) [Msg] Serving full state (async) on [/world/zephyr_runway/state_async]
(2023-10-11T23:57:18.350091261) (2023-10-11T23:57:18.350100409) [Msg] Publishing scene information on [/world/zephyr_runway/scene/info]
(2023-10-11T23:57:18.350191459) (2023-10-11T23:57:18.350197675) [Msg] Publishing entity deletions on [/world/zephyr_runway/scene/deletion]
(2023-10-11T23:57:18.350251463) (2023-10-11T23:57:18.350257445) [Msg] Publishing state changes on [/world/zephyr_runway/state]
(2023-10-11T23:57:18.350341181) (2023-10-11T23:57:18.350347583) [Msg] Publishing pose messages on [/world/zephyr_runway/pose/info]
(2023-10-11T23:57:18.350408594) (2023-10-11T23:57:18.350414582) [Msg] Publishing dynamic pose messages on [/world/zephyr_runway/dynamic_pose/info]
(2023-10-11T23:57:18.350604485) (2023-10-11T23:57:18.350611345) [Dbg] [EntityComponentManager.cc:1655] Updated state thread iterators: 8 threads processing around 6 entities each.
((2023-10-11T23:57:18.351159438) (2023-10-11T23:57:18.351171481) ) ([Wrn] [Model.hh:69] 2023-10-11T23:57:18.351186159) Skipping serialization / deserialization for models with //pose/@relative_to attribute.
[Wrn] [Component.hh:144] 
[Wrn] [Component.hh:144] Trying to serialize component with data type [N3sdf3v135WorldE], which doesn't have `operator<<`. Component will not be serialized.
(2023-10-11T23:57:41.792409959) (2023-10-11T23:57:41.792422731) [Dbg] [SignalHandler.cc:142] Received signal[2].
(2023-10-11T23:57:41.792454217) (2023-10-11T23:57:41.792460706) [Dbg] [ServerPrivate.cc:115] Server received signal[2]
(2023-10-11T23:57:41.792501518) (2023-10-11T23:57:41.792510602) [Dbg] [SignalHandler.cc:142] Received signal[2].
(2023-10-11T23:57:41.792531940) (2023-10-11T23:57:41.792539084) [Dbg] [ArduPilotPlugin.cc:370] Plugin received signal[2]
(2023-10-11T23:57:41.793442508) (2023-10-11T23:57:41.793452658) [Dbg] [gz.cc:417] Shutting down gz-sim-server
((((2023-10-11T23:57:41.798087435((2023-10-11T23:57:41.7980874352023-10-11T23:57:41.798137807) () ) 2023-10-11T23:57:41.798144464) 2023-10-11T23:57:41.798144464) (2023-10-11T23:57:41.798174844) (2023-10-11T23:57:41.798186231) 2023-10-11T23:57:41.798189670) ) (2023-10-11T23:57:41.798318554) (2023-10-11T23:57:41.798335704) (2023-10-11T23:57:41.798344443) Exiting postupdate worker thread (Exiting postupdate worker thread ([Dbg] [SimulationRunner.cc:530] Exiting postupdate worker thread (Exiting postupdate worker thread (4Exiting postupdate worker thread (2)
[Dbg] [SimulationRunner.cc:530] Exiting postupdate worker thread (1)
)
3)
Exiting postupdate worker thread (0)
