(2023-10-30T09:07:05.828255264) (2023-10-30T09:07:05.828277597) [Msg] Gazebo Sim Server v7.6.0
(2023-10-30T09:07:05.833963643) (2023-10-30T09:07:05.833976664) [Msg] Loading SDF world file[/home/bassam/PX4-Autopilot/Tools/simulation/gz/worlds/default.sdf].
(2023-10-30T09:07:05.929896586) (2023-10-30T09:07:05.929906825) [Msg] Serving entity system service on [/entity/system/add]
(2023-10-30T09:07:06.104869041) (2023-10-30T09:07:06.104881663) [Dbg] [Physics.cc:880] Loaded [gz::physics::dartsim::Plugin] from library [/usr/lib/x86_64-linux-gnu/gz-physics-6/engine-plugins/libgz-physics-dartsim-plugin.so]
(2023-10-30T09:07:06.104942438) (2023-10-30T09:07:06.104949750) [Dbg] [SystemManager.cc:74] Loaded system [gz::sim::systems::Physics] for entity [1]
(2023-10-30T09:07:06.208991686) (2023-10-30T09:07:06.209016083) [Msg] Create service on [/world/default/create]
(2023-10-30T09:07:06.209223089) (2023-10-30T09:07:06.209236591) [Msg] Remove service on [/world/default/remove]
(2023-10-30T09:07:06.209376386) (2023-10-30T09:07:06.209387403) [Msg] Pose service on [/world/default/set_pose]
(2023-10-30T09:07:06.209513027) (2023-10-30T09:07:06.209525204) [Msg] Pose service on [/world/default/set_pose_vector]
(2023-10-30T09:07:06.209779206) (2023-10-30T09:07:06.209794156) [Msg] Light configuration service on [/world/default/light_config]
(2023-10-30T09:07:06.210045850) (2023-10-30T09:07:06.210054921) [Msg] Physics service on [/world/default/set_physics]
(2023-10-30T09:07:06.210210872) (2023-10-30T09:07:06.210219567) [Msg] SphericalCoordinates service on [/world/default/set_spherical_coordinates]
(2023-10-30T09:07:06.210282085) (2023-10-30T09:07:06.210290149) [Msg] Enable collision service on [/world/default/enable_collision]
(2023-10-30T09:07:06.210357515) (2023-10-30T09:07:06.210365394) [Msg] Disable collision service on [/world/default/disable_collision]
(2023-10-30T09:07:06.210547348) (2023-10-30T09:07:06.210555933) [Msg] Material service on [/world/default/visual_config]
(2023-10-30T09:07:06.210674678) (2023-10-30T09:07:06.210683279) [Msg] Material service on [/world/default/wheel_slip]
(2023-10-30T09:07:06.210717631) (2023-10-30T09:07:06.210724028) [Dbg] [SystemManager.cc:74] Loaded system [gz::sim::systems::UserCommands] for entity [1]
(2023-10-30T09:07:06.214065113) (2023-10-30T09:07:06.214077582) [Dbg] [SystemManager.cc:74] Loaded system [gz::sim::systems::SceneBroadcaster] for entity [1]
(2023-10-30T09:07:06.215817828) (2023-10-30T09:07:06.215833881) [Dbg] [SystemManager.cc:74] Loaded system [gz::sim::systems::Contact] for entity [1]
(2023-10-30T09:07:06.219507209) (2023-10-30T09:07:06.219519381) [Dbg] [SystemManager.cc:74] Loaded system [gz::sim::systems::Imu] for entity [1]
(2023-10-30T09:07:06.221418877) (2023-10-30T09:07:06.221426963) [Dbg] [SystemManager.cc:74] Loaded system [gz::sim::systems::AirPressure] for entity [1]
(2023-10-30T09:07:06.222813085) (2023-10-30T09:07:06.222824302) [Msg] Listening to instantaneous wrench commands in [/world/default/wrench]
(2023-10-30T09:07:06.222874019) (2023-10-30T09:07:06.222880058) [Msg] Listening to persistent wrench commands in [/world/default/wrench/persistent]
(2023-10-30T09:07:06.222920810) (2023-10-30T09:07:06.222928789) [Msg] Listening to wrench clear commands in [/world/default/wrench/clear]
(2023-10-30T09:07:06.222952864) (2023-10-30T09:07:06.222958065) [Dbg] [SystemManager.cc:74] Loaded system [gz::sim::systems::ApplyLinkWrench] for entity [1]
(2023-10-30T09:07:06.236164086) (2023-10-30T09:07:06.236172649) [Dbg] [Sensors.cc:506] Configuring Sensors system
(2023-10-30T09:07:06.236266804) (2023-10-30T09:07:06.236273371) [Dbg] [Sensors.cc:425] SensorsPrivate::Run
(2023-10-30T09:07:06.236329683) (2023-10-30T09:07:06.236335609) [Dbg] [SystemManager.cc:74] Loaded system [gz::sim::systems::Sensors] for entity [1]
(2023-10-30T09:07:06.236399433) (2023-10-30T09:07:06.236410930) [Dbg] [Sensors.cc:402] SensorsPrivate::RenderThread started
(2023-10-30T09:07:06.236432061) (2023-10-30T09:07:06.236437276) [Dbg] [Sensors.cc:245] Waiting for init
(2023-10-30T09:07:06.238487727) (2023-10-30T09:07:06.238496121) [Wrn] [SystemLoader.cc:79] Trying to load deprecated plugin [ignition-gazebo-ackermann-steering-system]. Using [gz-sim-ackermann-steering-system] instead.
(2023-10-30T09:07:06.240103816) (2023-10-30T09:07:06.240111866) [Msg] AckermannSteering subscribing to twist messages on [/cmd_vel]
(2023-10-30T09:07:06.240262330) (2023-10-30T09:07:06.240272337) [Dbg] [SystemManager.cc:74] Loaded system [ignition::gazebo::systems::AckermannSteering] for entity [8]
(2023-10-30T09:07:06.240375282) (2023-10-30T09:07:06.240384172) [Msg] Loaded level [3]
(2023-10-30T09:07:06.241618878) (2023-10-30T09:07:06.241626945) [Msg] Serving world controls on [/world/default/control], [/world/default/control/state] and [/world/default/playback/control]
(2023-10-30T09:07:06.241800315) (2023-10-30T09:07:06.241807835) [Msg] Serving GUI information on [/world/default/gui/info]
(2023-10-30T09:07:06.241826094) (2023-10-30T09:07:06.241830651) [Msg] World [default] initialized with [default_physics] physics profile.
(2023-10-30T09:07:06.241940099) (2023-10-30T09:07:06.241946493) [Msg] Serving world SDF generation service on [/world/default/generate_world_sdf]
(2023-10-30T09:07:06.242026432) (2023-10-30T09:07:06.242032981) [Msg] Serving world names on [/gazebo/worlds]
(2023-10-30T09:07:06.242081217) (2023-10-30T09:07:06.242087647) [Msg] Resource path add service on [/gazebo/resource_paths/add].
(2023-10-30T09:07:06.242133369) (2023-10-30T09:07:06.242139029) [Msg] Resource path get service on [/gazebo/resource_paths/get].
(2023-10-30T09:07:06.242185332) (2023-10-30T09:07:06.242192113) [Msg] Resource path resolve service on [/gazebo/resource_paths/resolve].
(2023-10-30T09:07:06.242238106) (2023-10-30T09:07:06.242243837) [Msg] Resource paths published on [/gazebo/resource_paths].
(2023-10-30T09:07:06.242326081) (2023-10-30T09:07:06.242332532) [Msg] Server control service on [/server_control].
(2023-10-30T09:07:07.831746688) (2023-10-30T09:07:07.831781399) [Msg] Found no publishers on /stats, adding root stats topic
(2023-10-30T09:07:07.831962070) (2023-10-30T09:07:07.831969090) [Msg] Found no publishers on /clock, adding root clock topic
(2023-10-30T09:07:07.832113372) (2023-10-30T09:07:07.832123394) [Dbg] [SimulationRunner.cc:503] Creating PostUpdate worker threads: 7
(2023-10-30T09:07:07.832145575) (2023-10-30T09:07:07.832150342) [Dbg] [SimulationRunner.cc:514] Creating postupdate worker thread (0)
(2023-10-30T09:07:07.832232170) (2023-10-30T09:07:07.832241219) [Dbg] [SimulationRunner.cc:514] Creating postupdate worker thread (1)
(2023-10-30T09:07:07.832306857) (2023-10-30T09:07:07.832313749) [Dbg] [SimulationRunner.cc:514] Creating postupdate worker thread (2)
(2023-10-30T09:07:07.832385356) (2023-10-30T09:07:07.832391408) [Dbg] [SimulationRunner.cc:514] Creating postupdate worker thread (3)
(2023-10-30T09:07:07.832443090) (2023-10-30T09:07:07.832461524) [Dbg] [SimulationRunner.cc:514] Creating postupdate worker thread (4)
(2023-10-30T09:07:07.832519956) (2023-10-30T09:07:07.832525908) [Dbg] [SimulationRunner.cc:514] Creating postupdate worker thread (5)
(2023-10-30T09:07:07.981183239) (2023-10-30T09:07:07.981194290) [Wrn] [MulticopterMotorModel.cc:257] No robotNamespace set using entity name.
(2023-10-30T09:07:07.981219467) (2023-10-30T09:07:07.981224737) [Wrn] [MulticopterMotorModel.cc:295] <motorNumber> is depricated, please use <actuator_number>.
(2023-10-30T09:07:07.981265212) (2023-10-30T09:07:07.981270715) [Dbg] [MulticopterMotorModel.cc:386] Listening to topic: x500_depth_0/command/motor_speed
(2023-10-30T09:07:07.981493392) (2023-10-30T09:07:07.981500482) [Dbg] [SystemManager.cc:74] Loaded system [gz::sim::systems::MulticopterMotorModel] for entity [56]
(2023-10-30T09:07:07.981718961) (2023-10-30T09:07:07.981725520) [Wrn] [MulticopterMotorModel.cc:257] No robotNamespace set using entity name.
(2023-10-30T09:07:07.981739155) (2023-10-30T09:07:07.981743767) [Wrn] [MulticopterMotorModel.cc:295] <motorNumber> is depricated, please use <actuator_number>.
(2023-10-30T09:07:07.981787909) (2023-10-30T09:07:07.981793816) [Dbg] [MulticopterMotorModel.cc:386] Listening to topic: x500_depth_0/command/motor_speed
(2023-10-30T09:07:07.981902250) (2023-10-30T09:07:07.981909435) [Dbg] [SystemManager.cc:74] Loaded system [gz::sim::systems::MulticopterMotorModel] for entity [56]
(2023-10-30T09:07:07.982097712) (2023-10-30T09:07:07.982104066) [Wrn] [MulticopterMotorModel.cc:257] No robotNamespace set using entity name.
(2023-10-30T09:07:07.982117114) (2023-10-30T09:07:07.982121662) [Wrn] [MulticopterMotorModel.cc:295] <motorNumber> is depricated, please use <actuator_number>.
(2023-10-30T09:07:07.982151315) (2023-10-30T09:07:07.982156020) [Dbg] [MulticopterMotorModel.cc:386] Listening to topic: x500_depth_0/command/motor_speed
(2023-10-30T09:07:07.982263188) (2023-10-30T09:07:07.982271516) [Dbg] [SystemManager.cc:74] Loaded system [gz::sim::systems::MulticopterMotorModel] for entity [56]
(2023-10-30T09:07:07.982454900) (2023-10-30T09:07:07.982461210) [Wrn] [MulticopterMotorModel.cc:257] No robotNamespace set using entity name.
(2023-10-30T09:07:07.982474700) (2023-10-30T09:07:07.982479302) [Wrn] [MulticopterMotorModel.cc:295] <motorNumber> is depricated, please use <actuator_number>.
(2023-10-30T09:07:07.982508337) (2023-10-30T09:07:07.982513245) [Dbg] [MulticopterMotorModel.cc:386] Listening to topic: x500_depth_0/command/motor_speed
(2023-10-30T09:07:07.982633816) (2023-10-30T09:07:07.982640198) [Dbg] [SystemManager.cc:74] Loaded system [gz::sim::systems::MulticopterMotorModel] for entity [56]
(2023-10-30T09:07:07.982846597) (2023-10-30T09:07:07.982852191) [Dbg] [UserCommands.cc:1263] Created entity [56] named [x500_depth_0]
(2023-10-30T09:07:07.999813999) (2023-10-30T09:07:07.999825102) [Dbg] [SimulationFeatures.cc:72] Simulation timestep set to: 0.004
(2023-10-30T09:07:08.1001360) (2023-10-30T09:07:08.1017250) [Dbg] [Sensors.cc:659] Initialization needed
(2023-10-30T09:07:08.1065080) (2023-10-30T09:07:08.1074089) [Dbg] [Sensors.cc:257] Initializing render context
(2023-10-30T09:07:08.1158229) (2023-10-30T09:07:08.1163929) [Msg] Loading plugin [gz-rendering-ogre2]
(2023-10-30T09:07:08.1356451) (2023-10-30T09:07:08.1365253) [Dbg] [ImuSensor.cc:149] IMU data for [x500_depth_0::base_link::imu_sensor] advertised on [world/default/model/x500_depth_0/link/base_link/sensor/imu_sensor/imu]
(2023-10-30T09:07:08.1403046) (2023-10-30T09:07:08.1413748) [Dbg] [AirPressureSensor.cc:126] Air pressure for [x500_depth_0::base_link::air_pressure_sensor] advertised on [world/default/model/x500_depth_0/link/base_link/sensor/air_pressure_sensor/air_pressure]
(2023-10-30T09:07:08.1879163) (2023-10-30T09:07:08.1887204) [Msg] Serving scene information on [/world/default/scene/info]
(2023-10-30T09:07:08.1941893) (2023-10-30T09:07:08.1947473) [Msg] Serving graph information on [/world/default/scene/graph]
(2023-10-30T09:07:08.2060694) (2023-10-30T09:07:08.2067043) [Msg] Serving full state on [/world/default/state]
(2023-10-30T09:07:08.2112863) (2023-10-30T09:07:08.2118447) [Msg] Serving full state (async) on [/world/default/state_async]
(2023-10-30T09:07:08.2161723) (2023-10-30T09:07:08.2167186) [Msg] Publishing scene information on [/world/default/scene/info]
(2023-10-30T09:07:08.2235225) (2023-10-30T09:07:08.2241295) [Msg] Publishing entity deletions on [/world/default/scene/deletion]
(2023-10-30T09:07:08.2285044) (2023-10-30T09:07:08.2290588) [Msg] Publishing state changes on [/world/default/state]
(2023-10-30T09:07:08.2332585) (2023-10-30T09:07:08.2337953) [Msg] Publishing pose messages on [/world/default/pose/info]
(2023-10-30T09:07:08.2385675) (2023-10-30T09:07:08.2391277) [Msg] Publishing dynamic pose messages on [/world/default/dynamic_pose/info]
(2023-10-30T09:07:08.2892708) ((2023-10-30T09:07:08.2914722) (2023-10-30T09:07:08.29264922023-10-30T09:07:08.2926492) (2023-10-30T09:07:08.2940797) [Dbg] [SimulationRunner.cc:530] Exiting postupdate worker thread () 2023-10-30T09:07:08.2949163) (2023-10-30T09:07:08.29753702023-10-30T09:07:08.29753702023-10-30T09:07:08.29275581) ) ) 
) 2023-10-30T09:07:08.3013845[Dbg] [SimulationRunner.cc:530] Exiting postupdate worker thread () (2()2023-10-30T09:07:08.3058497) 2023-10-30T09:07:08.3050231) 

[Dbg] [SimulationRunner.cc:530] Exiting postupdate worker thread (0)[Dbg] [SimulationRunner.cc:530] Exiting postupdate worker thread (4)
[Dbg] [SimulationRunner.cc:530] Exiting postupdate worker thread (5)

Exiting postupdate worker thread (3)
(2023-10-30T09:07:08.3216178) (2023-10-30T09:07:08.3223675) [Dbg] [SimulationRunner.cc:503] Creating PostUpdate worker threads: 7
(2023-10-30T09:07:08.3242388) (2023-10-30T09:07:08.3246923) [Dbg] [SimulationRunner.cc:514] Creating postupdate worker thread (0)
(2023-10-30T09:07:08.24677624) (2023-10-30T09:07:08.24688197) [Dbg] [SimulationRunner.cc:514] Creating postupdate worker thread (1)
(2023-10-30T09:07:08.24718897) (2023-10-30T09:07:08.24723982) [Dbg] [SimulationRunner.cc:514] Creating postupdate worker thread (2)
(2023-10-30T09:07:08.24747827) (2023-10-30T09:07:08.24752681) [Dbg] [SimulationRunner.cc:514] Creating postupdate worker thread (3)
(2023-10-30T09:07:08.24775461) (2023-10-30T09:07:08.24780174) [Dbg] [SimulationRunner.cc:514] Creating postupdate worker thread (4)
(2023-10-30T09:07:08.24820901) (2023-10-30T09:07:08.24826281) [Dbg] [SimulationRunner.cc:514] Creating postupdate worker thread (5)
(2023-10-30T09:07:08.321737463) (2023-10-30T09:07:08.321744055) [Dbg] [RenderUtil.cc:2720] Create scene [scene]
(2023-10-30T09:07:08.359730179) (2023-10-30T09:07:08.359741129) [Dbg] [Sensors.cc:277] Rendering Thread initialized
(2023-10-30T09:07:08.359769741) (2023-10-30T09:07:08.359782003) [Dbg] [Sensors.cc:659] Initialization needed
(2023-10-30T09:07:08.362803447) (2023-10-30T09:07:08.362810788) [Wrn] [FuelClient.cc:1952] The fuel.ignitionrobotics.org URL is deprecrated. Pleasse change https://fuel.ignitionrobotics.org/1.0/openrobotics/models/prius hybrid/2/files/meshes/Hybrid.obj to https://fuel.gazebosim.org/1.0/openrobotics/models/prius hybrid/2/files/meshes/Hybrid.obj
(2023-10-30T09:07:08.362876223) (2023-10-30T09:07:08.362881353) [Wrn] [FuelClient.cc:1952] The fuel.ignitionrobotics.org URL is deprecrated. Pleasse change https://fuel.ignitionrobotics.org/1.0/openrobotics/models/prius hybrid/2/files/meshes/Hybrid.obj to https://fuel.gazebosim.org/1.0/openrobotics/models/prius hybrid/2/files/meshes/Hybrid.obj
(2023-10-30T09:07:08.366164223) (2023-10-30T09:07:08.366172023) [Wrn] [OBJLoader.cc:91] Both `d` and `Tr` parameters defined for "Hybrid". Use the value of `d` for dissolve (line 8 in .mtl.)
Both `d` and `Tr` parameters defined for "Wheels3". Use the value of `d` for dissolve (line 22 in .mtl.)
Both `d` and `Tr` parameters defined for "Hybrid_Interior". Use the value of `d` for dissolve (line 36 in .mtl.)
Both `d` and `Tr` parameters defined for "Windows". Use the value of `d` for dissolve (line 50 in .mtl.)

(2023-10-30T09:07:08.428659852) (2023-10-30T09:07:08.428667213) [Err] [SceneManager.cc:887] PBR material: currently only metal workflow is supported. Gazebo will try to render the material using metal workflow but without Roughness / Metalness settings.
(2023-10-30T09:07:09.812716492) (2023-10-30T09:07:09.812725410) [Dbg] [CameraSensor.cc:458] Camera images for [prius_hybrid::chassis::back_camera_sensor] advertised on [back_camera]
(2023-10-30T09:07:09.812844256) (2023-10-30T09:07:09.812853721) [Dbg] [CameraSensor.cc:786] Camera info for [prius_hybrid::chassis::back_camera_sensor] advertised on [/camera_info]
(2023-10-30T09:07:09.812979785) (2023-10-30T09:07:09.812985525) [Wrn] [Ogre2Camera.cc:412] Ogre2Camera::SetVisibilityMask: Mask bits c0000000 are set but will be ignored as they conflict with the reserved bits used internally by the ogre2 backend.
(2023-10-30T09:07:09.813208135) (2023-10-30T09:07:09.813217527) [Dbg] [CameraSensor.cc:458] Camera images for [prius_hybrid::chassis::front_camera_sensor] advertised on [front_camera]
(2023-10-30T09:07:09.813266310) (2023-10-30T09:07:09.813275352) [Dbg] [CameraSensor.cc:786] Camera info for [prius_hybrid::chassis::front_camera_sensor] advertised on [/camera_info]
(2023-10-30T09:07:09.813312220) (2023-10-30T09:07:09.813317685) [Wrn] [Ogre2Camera.cc:412] Ogre2Camera::SetVisibilityMask: Mask bits c0000000 are set but will be ignored as they conflict with the reserved bits used internally by the ogre2 backend.
(2023-10-30T09:07:09.813459247) (2023-10-30T09:07:09.813468231) [Dbg] [CameraSensor.cc:458] Camera images for [prius_hybrid::chassis::left_camera_sensor] advertised on [left_camera]
(2023-10-30T09:07:09.813517199) (2023-10-30T09:07:09.813526358) [Dbg] [CameraSensor.cc:786] Camera info for [prius_hybrid::chassis::left_camera_sensor] advertised on [/camera_info]
(2023-10-30T09:07:09.813560662) (2023-10-30T09:07:09.813565883) [Wrn] [Ogre2Camera.cc:412] Ogre2Camera::SetVisibilityMask: Mask bits c0000000 are set but will be ignored as they conflict with the reserved bits used internally by the ogre2 backend.
(2023-10-30T09:07:09.813681562) (2023-10-30T09:07:09.813691014) [Dbg] [CameraSensor.cc:458] Camera images for [prius_hybrid::chassis::right_camera_sensor] advertised on [right_camera]
(2023-10-30T09:07:09.813737767) (2023-10-30T09:07:09.813745174) [Dbg] [CameraSensor.cc:786] Camera info for [prius_hybrid::chassis::right_camera_sensor] advertised on [/camera_info]
(2023-10-30T09:07:09.813788254) (2023-10-30T09:07:09.813793892) [Wrn] [Ogre2Camera.cc:412] Ogre2Camera::SetVisibilityMask: Mask bits c0000000 are set but will be ignored as they conflict with the reserved bits used internally by the ogre2 backend.
(2023-10-30T09:07:09.813921666) (2023-10-30T09:07:09.813930876) [Dbg] [CameraSensor.cc:458] Camera images for [x500_depth_0::OakD-Lite/base_link::IMX214] advertised on [camera]
(2023-10-30T09:07:09.813980496) (2023-10-30T09:07:09.813988045) [Dbg] [CameraSensor.cc:786] Camera info for [x500_depth_0::OakD-Lite/base_link::IMX214] advertised on [/camera_info]
(2023-10-30T09:07:09.814024011) (2023-10-30T09:07:09.814029029) [Wrn] [Ogre2Camera.cc:412] Ogre2Camera::SetVisibilityMask: Mask bits c0000000 are set but will be ignored as they conflict with the reserved bits used internally by the ogre2 backend.
(2023-10-30T09:07:09.814195214) (2023-10-30T09:07:09.814202324) [Dbg] [DepthCameraSensor.cc:282] Depth images for [x500_depth_0::OakD-Lite/base_link::StereoOV7251] advertised on [depth_camera]
(2023-10-30T09:07:09.814259372) (2023-10-30T09:07:09.814267271) [Dbg] [CameraSensor.cc:786] Camera info for [x500_depth_0::OakD-Lite/base_link::StereoOV7251] advertised on [/camera_info]
(2023-10-30T09:07:09.814369693) (2023-10-30T09:07:09.814376874) [Dbg] [DepthCameraSensor.cc:299] Points for [x500_depth_0::OakD-Lite/base_link::StereoOV7251] advertised on [depth_camera/points]
(2023-10-30T09:07:49.625839344) (2023-10-30T09:07:49.625852080) [Dbg] [EntityComponentManager.cc:1655] Updated state thread iterators: 8 threads processing around 13 entities each.
(2023-10-30T09:07:49.626223106) (2023-10-30T09:07:49.626238196) [Wrn] [Component.hh:144] Trying to serialize component with data type [N3sdf3v135WorldE], which doesn't have `operator<<`. Component will not be serialized.
(2023-10-30T09:07:49.626395757) (2023-10-30T09:07:49.626406322) [Wrn] [Model.hh:69] Skipping serialization / deserialization for models with //pose/@relative_to attribute.
(2023-10-30T09:32:30.27811298) (2023-10-30T09:32:30.27866851) [Dbg] [SignalHandler.cc:142] Received signal[2].
(2023-10-30T09:32:30.27963541) (2023-10-30T09:32:30.27983296) [Dbg] [ServerPrivate.cc:115] Server received signal[2]
(2023-10-30T09:32:30.28037216) (2023-10-30T09:32:30.28053655) [Dbg] [Sensors.cc:433] SensorsPrivate::Stop
(2023-10-30T09:32:30.78575185) (2023-10-30T09:32:30.78594994) [Dbg] [Sensors.cc:419] SensorsPrivate::RenderThread stopped
(2023-10-30T09:32:30.83660435) (2023-10-30T09:32:30.83677078) [Dbg] [gz.cc:417] Shutting down gz-sim-server
((((2023-10-30T09:32:30.88339910) (2023-10-30T09:32:30.88358746) [Dbg] [SimulationRunner.cc:530] ) Exiting postupdate worker thread (0)() (2023-10-30T09:32:30.88447991) ) ((2023-10-30T09:32:30.88490738(2023-10-30T09:32:30.88490738(2023-10-30T09:32:30.884907382023-10-30T09:32:30.88348439) ) (2023-10-30T09:32:30.88529656) 
2023-10-30T09:32:30.88535634) ([Dbg] [SimulationRunner.cc:530] 2023-10-30T09:32:30.88422674Exiting postupdate worker thread () 2)
2023-10-30T09:32:30.88645490) [Dbg] [SimulationRunner.cc:530] Exiting postupdate worker thread (4)
[Dbg] [SimulationRunner.cc:530] Exiting postupdate worker thread ()
Exiting postupdate worker thread (1))Exiting postupdate worker thread (5
(2023-10-30T09:32:30.128833884) (2023-10-30T09:32:30.128855789) [Dbg] [Sensors.cc:433] SensorsPrivate::Stop
