(2023-11-02T08:32:41.488219029) (2023-11-02T08:32:41.488247206) [Msg] Gazebo Sim Server v7.6.0
(2023-11-02T08:32:41.493741402) (2023-11-02T08:32:41.493756890) [Msg] Loading SDF world file[/home/bassam/PX4-Autopilot/Tools/simulation/gz/worlds/default.sdf].
(2023-11-02T08:32:41.671731687) (2023-11-02T08:32:41.671759175) [Msg] Serving entity system service on [/entity/system/add]
(2023-11-02T08:32:41.866967663) (2023-11-02T08:32:41.866996729) [Dbg] [Physics.cc:880] Loaded [gz::physics::dartsim::Plugin] from library [/usr/lib/x86_64-linux-gnu/gz-physics-6/engine-plugins/libgz-physics-dartsim-plugin.so]
(2023-11-02T08:32:41.867123816) (2023-11-02T08:32:41.867139053) [Dbg] [SystemManager.cc:74] Loaded system [gz::sim::systems::Physics] for entity [1]
(2023-11-02T08:32:41.972073573) (2023-11-02T08:32:41.972100013) [Msg] Create service on [/world/default/create]
(2023-11-02T08:32:41.972390873) (2023-11-02T08:32:41.972411450) [Msg] Remove service on [/world/default/remove]
(2023-11-02T08:32:41.972610487) (2023-11-02T08:32:41.972629365) [Msg] Pose service on [/world/default/set_pose]
(2023-11-02T08:32:41.972853934) (2023-11-02T08:32:41.972873327) [Msg] Pose service on [/world/default/set_pose_vector]
(2023-11-02T08:32:41.973194426) (2023-11-02T08:32:41.973213921) [Msg] Light configuration service on [/world/default/light_config]
(2023-11-02T08:32:41.973564273) (2023-11-02T08:32:41.973583679) [Msg] Physics service on [/world/default/set_physics]
(2023-11-02T08:32:41.973809105) (2023-11-02T08:32:41.973828350) [Msg] SphericalCoordinates service on [/world/default/set_spherical_coordinates]
(2023-11-02T08:32:41.973946600) (2023-11-02T08:32:41.973964463) [Msg] Enable collision service on [/world/default/enable_collision]
(2023-11-02T08:32:41.974117338) (2023-11-02T08:32:41.974135461) [Msg] Disable collision service on [/world/default/disable_collision]
(2023-11-02T08:32:41.974404078) (2023-11-02T08:32:41.974422275) [Msg] Material service on [/world/default/visual_config]
(2023-11-02T08:32:41.974600040) (2023-11-02T08:32:41.974618195) [Msg] Material service on [/world/default/wheel_slip]
(2023-11-02T08:32:41.974672945) (2023-11-02T08:32:41.974682748) [Dbg] [SystemManager.cc:74] Loaded system [gz::sim::systems::UserCommands] for entity [1]
(2023-11-02T08:32:41.976721130) (2023-11-02T08:32:41.976753757) [Dbg] [SystemManager.cc:74] Loaded system [gz::sim::systems::SceneBroadcaster] for entity [1]
(2023-11-02T08:32:41.978080874) (2023-11-02T08:32:41.978094782) [Dbg] [SystemManager.cc:74] Loaded system [gz::sim::systems::Contact] for entity [1]
(2023-11-02T08:32:41.980064764) (2023-11-02T08:32:41.980079246) [Dbg] [SystemManager.cc:74] Loaded system [gz::sim::systems::Imu] for entity [1]
(2023-11-02T08:32:41.981702613) (2023-11-02T08:32:41.981716484) [Dbg] [SystemManager.cc:74] Loaded system [gz::sim::systems::AirPressure] for entity [1]
(2023-11-02T08:32:41.983213008) (2023-11-02T08:32:41.983227957) [Msg] Listening to instantaneous wrench commands in [/world/default/wrench]
(2023-11-02T08:32:41.983321120) (2023-11-02T08:32:41.983332911) [Msg] Listening to persistent wrench commands in [/world/default/wrench/persistent]
(2023-11-02T08:32:41.983421370) (2023-11-02T08:32:41.983431616) [Msg] Listening to wrench clear commands in [/world/default/wrench/clear]
(2023-11-02T08:32:41.983466854) (2023-11-02T08:32:41.983475785) [Dbg] [SystemManager.cc:74] Loaded system [gz::sim::systems::ApplyLinkWrench] for entity [1]
(2023-11-02T08:32:41.992302347) (2023-11-02T08:32:41.992319003) [Dbg] [Sensors.cc:506] Configuring Sensors system
(2023-11-02T08:32:41.992441170) (2023-11-02T08:32:41.992451617) [Dbg] [Sensors.cc:425] SensorsPrivate::Run
(2023-11-02T08:32:41.992556047) (2023-11-02T08:32:41.992567063) [Dbg] [SystemManager.cc:74] Loaded system [gz::sim::systems::Sensors] for entity [1]
(2023-11-02T08:32:41.992625848) (2023-11-02T08:32:41.992646258) [Dbg] [Sensors.cc:402] SensorsPrivate::RenderThread started
(2023-11-02T08:32:41.992673700) (2023-11-02T08:32:41.992682579) [Dbg] [Sensors.cc:245] Waiting for init
(2023-11-02T08:32:41.996301900) (2023-11-02T08:32:41.996317752) [Wrn] [SystemLoader.cc:79] Trying to load deprecated plugin [ignition-gazebo-ackermann-steering-system]. Using [gz-sim-ackermann-steering-system] instead.
(2023-11-02T08:32:41.998174282) (2023-11-02T08:32:41.998189870) [Msg] AckermannSteering subscribing to twist messages on [/cmd_vel]
(2023-11-02T08:32:41.998528719) (2023-11-02T08:32:41.998541428) [Dbg] [SystemManager.cc:74] Loaded system [ignition::gazebo::systems::AckermannSteering] for entity [8]
(2023-11-02T08:32:41.998734638) (2023-11-02T08:32:41.998746279) [Msg] Loaded level [3]
(2023-11-02T08:32:42.969677) (2023-11-02T08:32:42.983823) [Msg] Serving world controls on [/world/default/control], [/world/default/control/state] and [/world/default/playback/control]
(2023-11-02T08:32:42.1268860) (2023-11-02T08:32:42.1281471) [Msg] Serving GUI information on [/world/default/gui/info]
(2023-11-02T08:32:42.1314043) (2023-11-02T08:32:42.1322138) [Msg] World [default] initialized with [default_physics] physics profile.
(2023-11-02T08:32:42.1520347) (2023-11-02T08:32:42.1532106) [Msg] Serving world SDF generation service on [/world/default/generate_world_sdf]
(2023-11-02T08:32:42.1680053) (2023-11-02T08:32:42.1691913) [Msg] Serving world names on [/gazebo/worlds]
(2023-11-02T08:32:42.1783689) (2023-11-02T08:32:42.1794785) [Msg] Resource path add service on [/gazebo/resource_paths/add].
(2023-11-02T08:32:42.1883998) (2023-11-02T08:32:42.1894587) [Msg] Resource path get service on [/gazebo/resource_paths/get].
(2023-11-02T08:32:42.1982813) (2023-11-02T08:32:42.1993237) [Msg] Resource path resolve service on [/gazebo/resource_paths/resolve].
(2023-11-02T08:32:42.2082362) (2023-11-02T08:32:42.2092871) [Msg] Resource paths published on [/gazebo/resource_paths].
(2023-11-02T08:32:42.2243304) (2023-11-02T08:32:42.2254334) [Msg] Server control service on [/server_control].
(2023-11-02T08:32:43.491888282) (2023-11-02T08:32:43.491904451) [Msg] Found no publishers on /stats, adding root stats topic
(2023-11-02T08:32:43.492165875) (2023-11-02T08:32:43.492178008) [Msg] Found no publishers on /clock, adding root clock topic
(2023-11-02T08:32:43.492478926) (2023-11-02T08:32:43.492492183) [Dbg] [SimulationRunner.cc:503] Creating PostUpdate worker threads: 7
(2023-11-02T08:32:43.492527175) (2023-11-02T08:32:43.492536056) [Dbg] [SimulationRunner.cc:514] Creating postupdate worker thread (0)
(2023-11-02T08:32:43.492651073) (2023-11-02T08:32:43.492662045) [Dbg] [SimulationRunner.cc:514] Creating postupdate worker thread (1)
(2023-11-02T08:32:43.492748466) (2023-11-02T08:32:43.492758575) [Dbg] [SimulationRunner.cc:514] Creating postupdate worker thread (2)
(2023-11-02T08:32:43.492859232) (2023-11-02T08:32:43.492876906) [Dbg] [SimulationRunner.cc:514] Creating postupdate worker thread (3)
(2023-11-02T08:32:43.492963266) (2023-11-02T08:32:43.492979666) [Dbg] [SimulationRunner.cc:514] Creating postupdate worker thread (4)
(2023-11-02T08:32:43.493123375) (2023-11-02T08:32:43.493142234) [Dbg] [SimulationRunner.cc:514] Creating postupdate worker thread (5)
(2023-11-02T08:32:43.804936958) (2023-11-02T08:32:43.804955343) [Wrn] [MulticopterMotorModel.cc:257] No robotNamespace set using entity name.
(2023-11-02T08:32:43.804999844) (2023-11-02T08:32:43.805014474) [Wrn] [MulticopterMotorModel.cc:295] <motorNumber> is depricated, please use <actuator_number>.
(2023-11-02T08:32:43.805085511) (2023-11-02T08:32:43.805094925) [Dbg] [MulticopterMotorModel.cc:386] Listening to topic: x500_depth_0/command/motor_speed
(2023-11-02T08:32:43.805525473) (2023-11-02T08:32:43.805544750) [Dbg] [SystemManager.cc:74] Loaded system [gz::sim::systems::MulticopterMotorModel] for entity [56]
(2023-11-02T08:32:43.806024568) (2023-11-02T08:32:43.806038097) [Wrn] [MulticopterMotorModel.cc:257] No robotNamespace set using entity name.
(2023-11-02T08:32:43.806063894) (2023-11-02T08:32:43.806072565) [Wrn] [MulticopterMotorModel.cc:295] <motorNumber> is depricated, please use <actuator_number>.
(2023-11-02T08:32:43.806163630) (2023-11-02T08:32:43.806178672) [Dbg] [MulticopterMotorModel.cc:386] Listening to topic: x500_depth_0/command/motor_speed
(2023-11-02T08:32:43.807120856) (2023-11-02T08:32:43.807135126) [Dbg] [SystemManager.cc:74] Loaded system [gz::sim::systems::MulticopterMotorModel] for entity [56]
(2023-11-02T08:32:43.807596121) (2023-11-02T08:32:43.807609935) [Wrn] [MulticopterMotorModel.cc:257] No robotNamespace set using entity name.
(2023-11-02T08:32:43.807635522) (2023-11-02T08:32:43.807644357) [Wrn] [MulticopterMotorModel.cc:295] <motorNumber> is depricated, please use <actuator_number>.
(2023-11-02T08:32:43.807703701) (2023-11-02T08:32:43.807719604) [Dbg] [MulticopterMotorModel.cc:386] Listening to topic: x500_depth_0/command/motor_speed
(2023-11-02T08:32:43.808091908) (2023-11-02T08:32:43.808104460) [Dbg] [SystemManager.cc:74] Loaded system [gz::sim::systems::MulticopterMotorModel] for entity [56]
(2023-11-02T08:32:43.808503888) (2023-11-02T08:32:43.808516134) [Wrn] [MulticopterMotorModel.cc:257] No robotNamespace set using entity name.
(2023-11-02T08:32:43.808541157) (2023-11-02T08:32:43.808549739) [Wrn] [MulticopterMotorModel.cc:295] <motorNumber> is depricated, please use <actuator_number>.
(2023-11-02T08:32:43.808605799) (2023-11-02T08:32:43.808614850) [Dbg] [MulticopterMotorModel.cc:386] Listening to topic: x500_depth_0/command/motor_speed
(2023-11-02T08:32:43.809015861) (2023-11-02T08:32:43.809035187) [Dbg] [SystemManager.cc:74] Loaded system [gz::sim::systems::MulticopterMotorModel] for entity [56]
(2023-11-02T08:32:43.809549292) (2023-11-02T08:32:43.809561878) [Dbg] [UserCommands.cc:1263] Created entity [56] named [x500_depth_0]
(2023-11-02T08:32:43.829460920) (2023-11-02T08:32:43.829489656) [Dbg] [SimulationFeatures.cc:72] Simulation timestep set to: 0.004
(2023-11-02T08:32:43.831990828) (2023-11-02T08:32:43.832024940) [Dbg] [Sensors.cc:659] Initialization needed
(2023-11-02T08:32:43.832182972) (2023-11-02T08:32:43.832204526) [Dbg] [Sensors.cc:257] Initializing render context
(2023-11-02T08:32:43.832379530) (2023-11-02T08:32:43.832399466) [Msg] Loading plugin [gz-rendering-ogre2]
(2023-11-02T08:32:43.832840922) (2023-11-02T08:32:43.832861366) [Dbg] [AirPressureSensor.cc:126] Air pressure for [x500_depth_0::base_link::air_pressure_sensor] advertised on [world/default/model/x500_depth_0/link/base_link/sensor/air_pressure_sensor/air_pressure]
(2023-11-02T08:32:43.833058821) (2023-11-02T08:32:43.833083433) [Dbg] [ImuSensor.cc:149] IMU data for [x500_depth_0::base_link::imu_sensor] advertised on [world/default/model/x500_depth_0/link/base_link/sensor/imu_sensor/imu]
(2023-11-02T08:32:43.834118789) (2023-11-02T08:32:43.834135061) [Msg] Serving scene information on [/world/default/scene/info]
(2023-11-02T08:32:43.834268161) (2023-11-02T08:32:43.834284736) [Msg] Serving graph information on [/world/default/scene/graph]
(2023-11-02T08:32:43.834593920) (2023-11-02T08:32:43.834610683) [Msg] Serving full state on [/world/default/state]
(2023-11-02T08:32:43.834729272) (2023-11-02T08:32:43.834745671) [Msg] Serving full state (async) on [/world/default/state_async]
(2023-11-02T08:32:43.834867660) (2023-11-02T08:32:43.834885612) [Msg] Publishing scene information on [/world/default/scene/info]
(2023-11-02T08:32:43.835052830) (2023-11-02T08:32:43.835071450) [Msg] Publishing entity deletions on [/world/default/scene/deletion]
(2023-11-02T08:32:43.835233489) (2023-11-02T08:32:43.835251825) [Msg] Publishing state changes on [/world/default/state]
(2023-11-02T08:32:43.835434179) (2023-11-02T08:32:43.835449262) [Msg] Publishing pose messages on [/world/default/pose/info]
(2023-11-02T08:32:43.835639420) (2023-11-02T08:32:43.835657451) [Msg] Publishing dynamic pose messages on [/world/default/dynamic_pose/info]
(2023-11-02T08:32:43.836578469) (2023-11-02T08:32:43.836594252) [Dbg] [EntityComponentManager.cc:1655] Updated state thread iterators: 8 threads processing around 13 entities each.
(2023-11-02T08:32:43.854330381) (2023-11-02T08:32:43.854367055) [Wrn] [Component.hh:144] Trying to serialize component with data type [N3sdf3v135WorldE], which doesn't have `operator<<`. Component will not be serialized.
(2023-11-02T08:32:43.854605960) (2023-11-02T08:32:43.854638875) [Wrn] [Model.hh:69] Skipping serialization / deserialization for models with //pose/@relative_to attribute.
(((((2023-11-02T08:32:43.859292518((2023-11-02T08:32:43.859292518() ((2023-11-02T08:32:43.859335442(2023-11-02T08:32:43.859335442) [Dbg] [SimulationRunner.cc:530] Exiting postupdate worker thread (2023-11-02T08:32:43.8593779552023-11-02T08:32:43.859377955() (2023-11-02T08:32:43.859513075) 2023-11-02T08:32:43.859546448) (2023-11-02T08:32:43.859571733) 2023-11-02T08:32:43.859602610) (2)
[Dbg] [SimulationRunner.cc:530] Exiting postupdate worker thread (5)
) ) (2023-11-02T08:32:43.859753825) [Dbg] [SimulationRunner.cc:530] Exiting postupdate worker thread (4)
[Dbg] [SimulationRunner.cc:530] 2023-11-02T08:32:43.8596353842023-11-02T08:32:43.859635384) Exiting postupdate worker thread (3)
[Dbg] [SimulationRunner.cc:530] Exiting postupdate worker thread (1)
2023-11-02T08:32:43.859632966) (2023-11-02T08:32:43.860646039) [Dbg] [SimulationRunner.cc:530] Exiting postupdate worker thread (0)
(2023-11-02T08:32:43.860961898) (2023-11-02T08:32:43.860984411) [Dbg] [SimulationRunner.cc:503] Creating PostUpdate worker threads: 7
(2023-11-02T08:32:43.861038755) (2023-11-02T08:32:43.861054181) [Dbg] [SimulationRunner.cc:514] Creating postupdate worker thread (0)
(2023-11-02T08:32:43.861145732) (2023-11-02T08:32:43.861163087) [Dbg] [SimulationRunner.cc:514] Creating postupdate worker thread (1)
(2023-11-02T08:32:43.861237015) (2023-11-02T08:32:43.861254112) [Dbg] [SimulationRunner.cc:514] Creating postupdate worker thread (2)
(2023-11-02T08:32:43.861342308) (2023-11-02T08:32:43.861358996) [Dbg] [SimulationRunner.cc:514] Creating postupdate worker thread (3)
(2023-11-02T08:32:43.861456445) (2023-11-02T08:32:43.861474184) [Dbg] [SimulationRunner.cc:514] Creating postupdate worker thread (4)
(2023-11-02T08:32:43.861598861) (2023-11-02T08:32:43.861616741) [Dbg] [SimulationRunner.cc:514] Creating postupdate worker thread (5)
(2023-11-02T08:32:44.268152549) (2023-11-02T08:32:44.268164857) [Dbg] [RenderUtil.cc:2720] Create scene [scene]
((2023-11-02T08:32:44.338840863(2023-11-02T08:32:44.338840863) (2023-11-02T08:32:44.338888351) 2023-11-02T08:32:44.338876774) ([Dbg] [Sensors.cc:277] 2023-11-02T08:32:44.338917862[Dbg] [Sensors.cc:277] 2023-11-02T08:32:44.338917862) Rendering Thread initialized
[Dbg] [Sensors.cc:659] Initialization needed
(2023-11-02T08:32:44.344882219) (2023-11-02T08:32:44.344897564) [Wrn] [FuelClient.cc:1952] The fuel.ignitionrobotics.org URL is deprecrated. Pleasse change https://fuel.ignitionrobotics.org/1.0/openrobotics/models/prius hybrid/2/files/meshes/Hybrid.obj to https://fuel.gazebosim.org/1.0/openrobotics/models/prius hybrid/2/files/meshes/Hybrid.obj
(2023-11-02T08:32:44.345015179) (2023-11-02T08:32:44.345025920) [Wrn] [FuelClient.cc:1952] The fuel.ignitionrobotics.org URL is deprecrated. Pleasse change https://fuel.ignitionrobotics.org/1.0/openrobotics/models/prius hybrid/2/files/meshes/Hybrid.obj to https://fuel.gazebosim.org/1.0/openrobotics/models/prius hybrid/2/files/meshes/Hybrid.obj
(2023-11-02T08:32:44.349521581) (2023-11-02T08:32:44.349536741) [Wrn] [OBJLoader.cc:91] Both `d` and `Tr` parameters defined for "Hybrid". Use the value of `d` for dissolve (line 8 in .mtl.)
Both `d` and `Tr` parameters defined for "Wheels3". Use the value of `d` for dissolve (line 22 in .mtl.)
Both `d` and `Tr` parameters defined for "Hybrid_Interior". Use the value of `d` for dissolve (line 36 in .mtl.)
Both `d` and `Tr` parameters defined for "Windows". Use the value of `d` for dissolve (line 50 in .mtl.)

(2023-11-02T08:32:44.463458269) (2023-11-02T08:32:44.463471928) [Err] [SceneManager.cc:887] PBR material: currently only metal workflow is supported. Gazebo will try to render the material using metal workflow but without Roughness / Metalness settings.
(2023-11-02T08:32:47.135677491) (2023-11-02T08:32:47.135693054) [Dbg] [CameraSensor.cc:458] Camera images for [prius_hybrid::chassis::back_camera_sensor] advertised on [back_camera]
(2023-11-02T08:32:47.135915614) (2023-11-02T08:32:47.135928271) [Dbg] [CameraSensor.cc:786] Camera info for [prius_hybrid::chassis::back_camera_sensor] advertised on [/camera_info]
(2023-11-02T08:32:47.136116788) (2023-11-02T08:32:47.136127841) [Wrn] [Ogre2Camera.cc:412] Ogre2Camera::SetVisibilityMask: Mask bits c0000000 are set but will be ignored as they conflict with the reserved bits used internally by the ogre2 backend.
(2023-11-02T08:32:47.136572605) (2023-11-02T08:32:47.136593400) [Dbg] [CameraSensor.cc:458] Camera images for [prius_hybrid::chassis::front_camera_sensor] advertised on [front_camera]
(2023-11-02T08:32:47.136716181) (2023-11-02T08:32:47.136735039) [Dbg] [CameraSensor.cc:786] Camera info for [prius_hybrid::chassis::front_camera_sensor] advertised on [/camera_info]
(2023-11-02T08:32:47.136814500) (2023-11-02T08:32:47.136824881) [Wrn] [Ogre2Camera.cc:412] Ogre2Camera::SetVisibilityMask: Mask bits c0000000 are set but will be ignored as they conflict with the reserved bits used internally by the ogre2 backend.
(2023-11-02T08:32:47.137125353) (2023-11-02T08:32:47.137144933) [Dbg] [CameraSensor.cc:458] Camera images for [prius_hybrid::chassis::left_camera_sensor] advertised on [left_camera]
(2023-11-02T08:32:47.137260329) (2023-11-02T08:32:47.137278677) [Dbg] [CameraSensor.cc:786] Camera info for [prius_hybrid::chassis::left_camera_sensor] advertised on [/camera_info]
(2023-11-02T08:32:47.137353274) (2023-11-02T08:32:47.137363338) [Wrn] [Ogre2Camera.cc:412] Ogre2Camera::SetVisibilityMask: Mask bits c0000000 are set but will be ignored as they conflict with the reserved bits used internally by the ogre2 backend.
(2023-11-02T08:32:47.137685353) (2023-11-02T08:32:47.137703153) [Dbg] [CameraSensor.cc:458] Camera images for [prius_hybrid::chassis::right_camera_sensor] advertised on [right_camera]
(2023-11-02T08:32:47.137817700) (2023-11-02T08:32:47.137835815) [Dbg] [CameraSensor.cc:786] Camera info for [prius_hybrid::chassis::right_camera_sensor] advertised on [/camera_info]
(2023-11-02T08:32:47.137958589) (2023-11-02T08:32:47.137970199) [Wrn] [Ogre2Camera.cc:412] Ogre2Camera::SetVisibilityMask: Mask bits c0000000 are set but will be ignored as they conflict with the reserved bits used internally by the ogre2 backend.
(2023-11-02T08:32:47.138244631) (2023-11-02T08:32:47.138263504) [Dbg] [CameraSensor.cc:458] Camera images for [x500_depth_0::OakD-Lite/base_link::IMX214] advertised on [camera]
(2023-11-02T08:32:47.138408913) (2023-11-02T08:32:47.138427153) [Dbg] [CameraSensor.cc:786] Camera info for [x500_depth_0::OakD-Lite/base_link::IMX214] advertised on [/camera_info]
(2023-11-02T08:32:47.138514584) (2023-11-02T08:32:47.138525233) [Wrn] [Ogre2Camera.cc:412] Ogre2Camera::SetVisibilityMask: Mask bits c0000000 are set but will be ignored as they conflict with the reserved bits used internally by the ogre2 backend.
(2023-11-02T08:32:47.138930955) (2023-11-02T08:32:47.138944236) [Dbg] [DepthCameraSensor.cc:282] Depth images for [x500_depth_0::OakD-Lite/base_link::StereoOV7251] advertised on [depth_camera]
(2023-11-02T08:32:47.139066048) (2023-11-02T08:32:47.139076857) [Dbg] [CameraSensor.cc:786] Camera info for [x500_depth_0::OakD-Lite/base_link::StereoOV7251] advertised on [/camera_info]
(2023-11-02T08:32:47.139274702) (2023-11-02T08:32:47.139285948) [Dbg] [DepthCameraSensor.cc:299] Points for [x500_depth_0::OakD-Lite/base_link::StereoOV7251] advertised on [depth_camera/points]
(2023-11-02T08:32:47.163788462) (2023-11-02T08:32:47.163805266) [Dbg] [CameraSensor.cc:583] Enabling camera sensor: 'x500_depth_0::OakD-Lite/base_link::IMX214' data generation.
(2023-11-02T08:32:55.19365417) (2023-11-02T08:32:55.19414469) [Dbg] [SignalHandler.cc:142] Received signal[2].
(2023-11-02T08:32:55.19460412) (2023-11-02T08:32:55.19475416) [Dbg] [ServerPrivate.cc:115] Server received signal[2]
(2023-11-02T08:32:55.19518402) (2023-11-02T08:32:55.19528145) [Dbg] [Sensors.cc:433] SensorsPrivate::Stop
(2023-11-02T08:32:55.69038585) (2023-11-02T08:32:55.69056452) [Dbg] [Sensors.cc:419] SensorsPrivate::RenderThread stopped
(2023-11-02T08:32:55.76219320) (2023-11-02T08:32:55.76236861) [Dbg] [gz.cc:417] Shutting down gz-sim-server
((2023-11-02T08:32:55.81159886) ) (2023-11-02T08:32:55.81168450) (2023-11-02T08:32:55.81211403) [Dbg] [SimulationRunner.cc:530] Exiting postupdate worker thread (2)(
2023-11-02T08:32:55.81277815) ((2023-11-02T08:32:55.81286973) ((2023-11-02T08:32:55.81365682) [Dbg] [SimulationRunner.cc:530] Exiting postupdate worker thread (3)
2023-11-02T08:32:55.81428440) [Dbg] [SimulationRunner.cc:530] Exiting postupdate worker thread (02023-11-02T08:32:55.81345693) 2023-11-02T08:32:55.81323711) )
([Dbg] [SimulationRunner.cc:530] Exiting postupdate worker thread (4)
2023-11-02T08:32:55.81641175) ) ([Dbg] [SimulationRunner.cc:530] Exiting postupdate worker thread (2023-11-02T08:32:55.817351251)
) [Dbg] [SimulationRunner.cc:530] Exiting postupdate worker thread (5)
(2023-11-02T08:32:55.122182839) (2023-11-02T08:32:55.122201650) [Dbg] [Sensors.cc:433] SensorsPrivate::Stop
